Changed value of parameter MIPGap to 0.01
   Prev: 0.0001  Min: 0.0  Max: 1e+100  Default: 0.0001
Changed value of parameter TimeLimit to 1800.0
   Prev: 1e+100  Min: 0.0  Max: 1e+100  Default: 1e+100
Changed value of parameter Method to 2
   Prev: -1  Min: -1  Max: 4  Default: -1
Changed value of parameter MIPFocus to 1
   Prev: 0  Min: 0  Max: 3  Default: 0
Optimize a model with 2410 rows, 3465 columns and 6930 nonzeros
Coefficient statistics:
  Matrix range    [1e+00, 2e+01]
  Objective range [1e+00, 1e+00]
  Bounds range    [1e+00, 1e+00]
  RHS range       [8e+01, 8e+01]
Found heuristic solution: objective 0
Presolve removed 2319 rows and 2378 columns
Presolve time: 0.02s
Presolved: 91 rows, 1087 columns, 2087 nonzeros
Found heuristic solution: objective -702.0000000
Variable types: 0 continuous, 1087 integer (1028 binary)
Optimize a model with 91 rows, 1087 columns and 2087 nonzeros
Coefficient statistics:
  Matrix range    [1e+00, 2e+01]
  Objective range [1e+00, 1e+00]
  Bounds range    [1e+00, 4e+00]
  RHS range       [1e+01, 8e+01]
Presolved: 91 rows, 1087 columns, 2087 nonzeros

Root barrier log...

Ordering time: 0.00s

Barrier statistics:
 AA' NZ     : 9.700e+02
 Factor NZ  : 3.220e+03
 Factor Ops : 1.469e+05 (less than 1 second per iteration)
 Threads    : 1

                  Objective                Residual
Iter       Primal          Dual         Primal    Dual     Compl     Time
   0  -5.06187996e+03 -4.80693178e+03  2.53e+01 1.44e-01  8.21e+00     0s
   1  -1.20285291e+03 -3.07099154e+03  2.33e+00 1.31e+00  1.54e+00     0s
   2  -8.32279964e+02 -1.28880663e+03  0.00e+00 1.30e-01  2.05e-01     0s
   3  -9.18315778e+02 -9.74940133e+02  0.00e+00 3.39e-03  2.51e-02     0s
   4  -9.23902031e+02 -9.45241549e+02  0.00e+00 3.55e-15  9.43e-03     0s
   5  -9.31520957e+02 -9.37298645e+02  0.00e+00 3.55e-15  2.55e-03     0s
   6  -9.33996772e+02 -9.34203538e+02  0.00e+00 3.55e-15  9.13e-05     0s
   7  -9.34033330e+02 -9.34033352e+02  0.00e+00 3.55e-15  9.80e-09     0s
   8  -9.34033333e+02 -9.34033333e+02  0.00e+00 3.55e-15  9.80e-12     0s

Barrier solved model in 8 iterations and 0.03 seconds
Optimal objective -9.34033333e+02


Root relaxation: objective -9.340333e+02, 268 iterations, 0.01 seconds

    Nodes    |    Current Node    |     Objective Bounds      |     Work
 Expl Unexpl |  Obj  Depth IntInf | Incumbent    BestBd   Gap | It/Node Time

     0     0 -934.03333    0   75 -702.00000 -934.03333  33.1%     -    0s
H    0     0                    -909.0000000 -934.03333  2.75%     -    0s
H    0     0                    -910.0000000 -934.03333  2.64%     -    0s
H    0     0                    -912.0000000 -934.03333  2.42%     -    0s
     0     0     cutoff    0      -912.00000 -912.99909  0.11%     -    0s

Cutting planes:
  Cover: 3
  MIR: 78

Explored 0 nodes (508 simplex iterations) in 0.09 seconds
Thread count was 16 (of 16 available processors)

Optimal solution found (tolerance 1.00e-02)
Best objective -9.120000000000e+02, best bound -9.120000000000e+02, gap 0.0%
Changed value of parameter MIPGap to 0.01
   Prev: 0.0001  Min: 0.0  Max: 1e+100  Default: 0.0001
Changed value of parameter TimeLimit to 1800.0
   Prev: 1e+100  Min: 0.0  Max: 1e+100  Default: 1e+100
Changed value of parameter Method to 2
   Prev: -1  Min: -1  Max: 4  Default: -1
Changed value of parameter MIPFocus to 1
   Prev: 0  Min: 0  Max: 3  Default: 0
Optimize a model with 2410 rows, 3465 columns and 6930 nonzeros
Coefficient statistics:
  Matrix range    [1e+00, 2e+01]
  Objective range [1e+00, 1e+00]
  Bounds range    [1e+00, 1e+00]
  RHS range       [8e+01, 8e+01]
Found heuristic solution: objective 0
Presolve removed 2319 rows and 2378 columns
Presolve time: 0.02s
Presolved: 91 rows, 1087 columns, 2087 nonzeros
Found heuristic solution: objective -704.9125000
Variable types: 0 continuous, 1087 integer (1028 binary)
Optimize a model with 91 rows, 1087 columns and 2087 nonzeros
Coefficient statistics:
  Matrix range    [1e+00, 2e+01]
  Objective range [1e+00, 1e+00]
  Bounds range    [1e+00, 4e+00]
  RHS range       [1e+01, 8e+01]
Presolved: 91 rows, 1087 columns, 2087 nonzeros

Root barrier log...

Ordering time: 0.00s

Barrier statistics:
 AA' NZ     : 9.700e+02
 Factor NZ  : 3.220e+03
 Factor Ops : 1.469e+05 (less than 1 second per iteration)
 Threads    : 1

                  Objective                Residual
Iter       Primal          Dual         Primal    Dual     Compl     Time
   0  -5.06887874e+03 -4.80845044e+03  2.53e+01 1.42e-01  8.21e+00     0s
   1  -1.20507836e+03 -3.07239200e+03  2.33e+00 1.31e+00  1.54e+00     0s
   2  -8.33986427e+02 -1.29058302e+03  0.00e+00 1.30e-01  2.05e-01     0s
   3  -9.20293375e+02 -9.77274590e+02  0.00e+00 3.50e-03  2.52e-02     0s
   4  -9.25825214e+02 -9.47285211e+02  0.00e+00 1.78e-15  9.49e-03     0s
   5  -9.33499255e+02 -9.39216410e+02  0.00e+00 1.78e-15  2.53e-03     0s
   6  -9.35948641e+02 -9.36154502e+02  0.00e+00 3.55e-15  9.09e-05     0s
   7  -9.35983663e+02 -9.35983685e+02  0.00e+00 3.55e-15  9.49e-09     0s
   8  -9.35983667e+02 -9.35983667e+02  0.00e+00 3.55e-15  9.49e-12     0s

Barrier solved model in 8 iterations and 0.02 seconds
Optimal objective -9.35983667e+02


Root relaxation: objective -9.359837e+02, 268 iterations, 0.01 seconds

    Nodes    |    Current Node    |     Objective Bounds      |     Work
 Expl Unexpl |  Obj  Depth IntInf | Incumbent    BestBd   Gap | It/Node Time

     0     0 -935.98367    0   73 -704.91250 -935.98367  32.8%     -    0s
H    0     0                    -911.7370000 -935.98367  2.66%     -    0s
H    0     0                    -913.7300000 -935.98367  2.44%     -    0s
     0     0 -914.28173    0   14 -913.73000 -914.28173  0.06%     -    0s

Cutting planes:
  Cover: 3
  MIR: 78

Explored 0 nodes (536 simplex iterations) in 0.07 seconds
Thread count was 16 (of 16 available processors)

Optimal solution found (tolerance 1.00e-02)
Best objective -9.137300000000e+02, best bound -9.142817307692e+02, gap 0.0604%
Changed value of parameter MIPGap to 0.01
   Prev: 0.0001  Min: 0.0  Max: 1e+100  Default: 0.0001
Changed value of parameter TimeLimit to 1800.0
   Prev: 1e+100  Min: 0.0  Max: 1e+100  Default: 1e+100
Changed value of parameter Method to 2
   Prev: -1  Min: -1  Max: 4  Default: -1
Changed value of parameter MIPFocus to 1
   Prev: 0  Min: 0  Max: 3  Default: 0
Optimize a model with 2410 rows, 3465 columns and 6930 nonzeros
Coefficient statistics:
  Matrix range    [1e+00, 2e+01]
  Objective range [1e+00, 1e+00]
  Bounds range    [1e+00, 1e+00]
  RHS range       [8e+01, 8e+01]
Found heuristic solution: objective 0
Presolve removed 2319 rows and 2378 columns
Presolve time: 0.02s
Presolved: 91 rows, 1087 columns, 2087 nonzeros
Found heuristic solution: objective -706.8250000
Variable types: 0 continuous, 1087 integer (1028 binary)
Optimize a model with 91 rows, 1087 columns and 2087 nonzeros
Coefficient statistics:
  Matrix range    [1e+00, 2e+01]
  Objective range [1e+00, 1e+00]
  Bounds range    [1e+00, 4e+00]
  RHS range       [1e+01, 8e+01]
Presolved: 91 rows, 1087 columns, 2087 nonzeros

Root barrier log...

Ordering time: 0.00s

Barrier statistics:
 AA' NZ     : 9.700e+02
 Factor NZ  : 3.220e+03
 Factor Ops : 1.469e+05 (less than 1 second per iteration)
 Threads    : 1

                  Objective                Residual
Iter       Primal          Dual         Primal    Dual     Compl     Time
   0  -5.07587749e+03 -4.80996910e+03  2.53e+01 1.40e-01  8.21e+00     0s
   1  -1.20730433e+03 -3.07379254e+03  2.33e+00 1.31e+00  1.54e+00     0s
   2  -8.35694224e+02 -1.29235562e+03  0.00e+00 1.30e-01  2.05e-01     0s
   3  -9.22272954e+02 -9.79607876e+02  0.00e+00 3.60e-03  2.54e-02     0s
   4  -9.27750136e+02 -9.49328677e+02  0.00e+00 3.55e-15  9.54e-03     0s
   5  -9.35478706e+02 -9.41130936e+02  0.00e+00 1.78e-15  2.50e-03     0s
   6  -9.37900500e+02 -9.38104955e+02  0.00e+00 3.55e-15  9.03e-05     0s
   7  -9.37933997e+02 -9.37934018e+02  0.00e+00 3.55e-15  9.12e-09     0s
   8  -9.37934000e+02 -9.37934000e+02  0.00e+00 3.55e-15  9.12e-12     0s

Barrier solved model in 8 iterations and 0.02 seconds
Optimal objective -9.37934000e+02


Root relaxation: objective -9.379340e+02, 268 iterations, 0.01 seconds

    Nodes    |    Current Node    |     Objective Bounds      |     Work
 Expl Unexpl |  Obj  Depth IntInf | Incumbent    BestBd   Gap | It/Node Time

     0     0 -937.93400    0   71 -706.82500 -937.93400  32.7%     -    0s
H    0     0                    -912.4880000 -937.93400  2.79%     -    0s
H    0     0                    -915.4970000 -937.93400  2.45%     -    0s
     0     0 -916.06346    0   24 -915.49700 -916.06346  0.06%     -    0s

Cutting planes:
  Cover: 3
  MIR: 78

Explored 0 nodes (706 simplex iterations) in 0.09 seconds
Thread count was 16 (of 16 available processors)

Optimal solution found (tolerance 1.00e-02)
Best objective -9.154970000000e+02, best bound -9.160634615384e+02, gap 0.0619%
Changed value of parameter MIPGap to 0.01
   Prev: 0.0001  Min: 0.0  Max: 1e+100  Default: 0.0001
Changed value of parameter TimeLimit to 1800.0
   Prev: 1e+100  Min: 0.0  Max: 1e+100  Default: 1e+100
Changed value of parameter Method to 2
   Prev: -1  Min: -1  Max: 4  Default: -1
Changed value of parameter MIPFocus to 1
   Prev: 0  Min: 0  Max: 3  Default: 0
Optimize a model with 2410 rows, 3465 columns and 6930 nonzeros
Coefficient statistics:
  Matrix range    [1e+00, 2e+01]
  Objective range [1e+00, 1e+00]
  Bounds range    [1e+00, 1e+00]
  RHS range       [8e+01, 8e+01]
Found heuristic solution: objective 0
Presolve removed 2319 rows and 2378 columns
Presolve time: 0.02s
Presolved: 91 rows, 1087 columns, 2087 nonzeros
Found heuristic solution: objective -710.6500000
Variable types: 0 continuous, 1087 integer (1028 binary)
Optimize a model with 91 rows, 1087 columns and 2087 nonzeros
Coefficient statistics:
  Matrix range    [1e+00, 2e+01]
  Objective range [1e+00, 1e+00]
  Bounds range    [1e+00, 4e+00]
  RHS range       [1e+01, 8e+01]
Presolved: 91 rows, 1087 columns, 2087 nonzeros

Root barrier log...

Ordering time: 0.00s

Barrier statistics:
 AA' NZ     : 9.700e+02
 Factor NZ  : 3.220e+03
 Factor Ops : 1.469e+05 (less than 1 second per iteration)
 Threads    : 1

                  Objective                Residual
Iter       Primal          Dual         Primal    Dual     Compl     Time
   0  -5.08987487e+03 -4.81300642e+03  2.53e+01 1.36e-01  8.20e+00     0s
   1  -1.21175779e+03 -3.07659381e+03  2.33e+00 1.31e+00  1.54e+00     0s
   2  -8.39113765e+02 -1.29590091e+03  0.00e+00 1.30e-01  2.05e-01     0s
   3  -9.24337603e+02 -9.82951846e+02  0.00e+00 3.48e-03  2.60e-02     0s
   4  -9.32348342e+02 -9.55052357e+02  0.00e+00 1.78e-15  1.00e-02     0s
   5  -9.38598341e+02 -9.46732392e+02  0.00e+00 1.78e-15  3.59e-03     0s
   6  -9.41750277e+02 -9.42040417e+02  0.00e+00 3.55e-15  1.28e-04     0s
   7  -9.41834661e+02 -9.41834723e+02  0.00e+00 3.55e-15  2.75e-08     0s
   8  -9.41834667e+02 -9.41834667e+02  0.00e+00 3.55e-15  2.75e-11     0s

Barrier solved model in 8 iterations and 0.02 seconds
Optimal objective -9.41834667e+02


Root relaxation: objective -9.418347e+02, 266 iterations, 0.01 seconds

    Nodes    |    Current Node    |     Objective Bounds      |     Work
 Expl Unexpl |  Obj  Depth IntInf | Incumbent    BestBd   Gap | It/Node Time

     0     0 -941.83467    0   71 -710.65000 -941.83467  32.5%     -    0s
H    0     0                    -916.9860000 -941.83467  2.71%     -    0s
H    0     0                    -917.9860000 -941.83467  2.60%     -    0s
H    0     0                    -918.9940000 -941.83467  2.49%     -    0s
     0     0 -919.62692    0   15 -918.99400 -919.62692  0.07%     -    0s

Cutting planes:
  Cover: 3
  MIR: 78

Explored 0 nodes (565 simplex iterations) in 0.10 seconds
Thread count was 16 (of 16 available processors)

Optimal solution found (tolerance 1.00e-02)
Best objective -9.189940000000e+02, best bound -9.196269230769e+02, gap 0.0689%
Changed value of parameter MIPGap to 0.01
   Prev: 0.0001  Min: 0.0  Max: 1e+100  Default: 0.0001
Changed value of parameter TimeLimit to 1800.0
   Prev: 1e+100  Min: 0.0  Max: 1e+100  Default: 1e+100
Changed value of parameter Method to 2
   Prev: -1  Min: -1  Max: 4  Default: -1
Changed value of parameter MIPFocus to 1
   Prev: 0  Min: 0  Max: 3  Default: 0
Optimize a model with 2410 rows, 3465 columns and 6930 nonzeros
Coefficient statistics:
  Matrix range    [1e+00, 2e+01]
  Objective range [1e+00, 1e+00]
  Bounds range    [1e+00, 1e+00]
  RHS range       [8e+01, 8e+01]
Found heuristic solution: objective 0
Presolve removed 2319 rows and 2378 columns
Presolve time: 0.02s
Presolved: 91 rows, 1087 columns, 2087 nonzeros
Found heuristic solution: objective -718.3000000
Variable types: 0 continuous, 1087 integer (1028 binary)
Optimize a model with 91 rows, 1087 columns and 2087 nonzeros
Coefficient statistics:
  Matrix range    [1e+00, 2e+01]
  Objective range [1e+00, 1e+00]
  Bounds range    [1e+00, 4e+00]
  RHS range       [1e+01, 8e+01]
Presolved: 91 rows, 1087 columns, 2087 nonzeros

Root barrier log...

Ordering time: 0.00s

Barrier statistics:
 AA' NZ     : 9.700e+02
 Factor NZ  : 3.220e+03
 Factor Ops : 1.469e+05 (less than 1 second per iteration)
 Threads    : 1

                  Objective                Residual
Iter       Primal          Dual         Primal    Dual     Compl     Time
   0  -5.11786919e+03 -4.81908106e+03  2.53e+01 1.28e-01  8.20e+00     0s
   1  -1.22067087e+03 -3.08219719e+03  2.33e+00 1.30e+00  1.54e+00     0s
   2  -8.45970895e+02 -1.30298106e+03  0.00e+00 1.30e-01  2.05e-01     0s
   3  -9.32027625e+02 -9.90195497e+02  0.00e+00 5.11e-03  2.58e-02     0s
   4  -9.40130431e+02 -9.66430118e+02  0.00e+00 3.55e-15  1.16e-02     0s
   5  -9.44513565e+02 -9.55851597e+02  0.00e+00 1.78e-15  5.01e-03     0s
   6  -9.49493684e+02 -9.50233891e+02  0.00e+00 3.55e-15  3.27e-04     0s
   7  -9.49635900e+02 -9.49636542e+02  0.00e+00 3.55e-15  2.83e-07     0s
   8  -9.49636000e+02 -9.49636001e+02  0.00e+00 3.55e-15  2.83e-10     0s

Barrier solved model in 8 iterations and 0.02 seconds
Optimal objective -9.49636000e+02


Root relaxation: objective -9.496360e+02, 267 iterations, 0.01 seconds

    Nodes    |    Current Node    |     Objective Bounds      |     Work
 Expl Unexpl |  Obj  Depth IntInf | Incumbent    BestBd   Gap | It/Node Time

     0     0 -949.63600    0   73 -718.30000 -949.63600  32.2%     -    0s
H    0     0                    -921.9440000 -949.63600  3.00%     -    0s
H    0     0                    -924.0280000 -949.63600  2.77%     -    0s
H    0     0                    -926.0600000 -949.63600  2.55%     -    0s
     0     0 -926.75385    0   24 -926.06000 -926.75385  0.07%     -    0s

Cutting planes:
  Cover: 3
  MIR: 78

Explored 0 nodes (572 simplex iterations) in 0.08 seconds
Thread count was 16 (of 16 available processors)

Optimal solution found (tolerance 1.00e-02)
Best objective -9.260600000000e+02, best bound -9.267538461539e+02, gap 0.0749%
Changed value of parameter MIPGap to 0.01
   Prev: 0.0001  Min: 0.0  Max: 1e+100  Default: 0.0001
Changed value of parameter TimeLimit to 1800.0
   Prev: 1e+100  Min: 0.0  Max: 1e+100  Default: 1e+100
Changed value of parameter Method to 2
   Prev: -1  Min: -1  Max: 4  Default: -1
Changed value of parameter MIPFocus to 1
   Prev: 0  Min: 0  Max: 3  Default: 0
Optimize a model with 2410 rows, 3465 columns and 6930 nonzeros
Coefficient statistics:
  Matrix range    [1e+00, 2e+01]
  Objective range [1e+00, 1e+00]
  Bounds range    [1e+00, 1e+00]
  RHS range       [8e+01, 8e+01]
Found heuristic solution: objective 0
Presolve removed 2319 rows and 2378 columns
Presolve time: 0.01s
Presolved: 91 rows, 1087 columns, 2087 nonzeros
Found heuristic solution: objective -722.1250000
Variable types: 0 continuous, 1087 integer (1028 binary)
Optimize a model with 91 rows, 1087 columns and 2087 nonzeros
Coefficient statistics:
  Matrix range    [1e+00, 2e+01]
  Objective range [1e+00, 1e+00]
  Bounds range    [1e+00, 4e+00]
  RHS range       [1e+01, 8e+01]
Presolved: 91 rows, 1087 columns, 2087 nonzeros

Root barrier log...

Ordering time: 0.00s

Barrier statistics:
 AA' NZ     : 9.700e+02
 Factor NZ  : 3.220e+03
 Factor Ops : 1.469e+05 (less than 1 second per iteration)
 Threads    : 1

                  Objective                Residual
Iter       Primal          Dual         Primal    Dual     Compl     Time
   0  -5.13186612e+03 -4.82211838e+03  2.53e+01 1.24e-01  8.20e+00     0s
   1  -1.22513048e+03 -3.08499930e+03  2.33e+00 1.30e+00  1.54e+00     0s
   2  -8.49409538e+02 -1.30652688e+03  0.00e+00 1.30e-01  2.05e-01     0s
   3  -9.36106267e+02 -9.91475004e+02  0.00e+00 3.87e-03  2.45e-02     0s
   4  -9.43647964e+02 -9.67333543e+02  0.00e+00 1.78e-15  1.05e-02     0s
   5  -9.48421218e+02 -9.61067273e+02  0.00e+00 1.78e-15  5.59e-03     0s
   6  -9.53194667e+02 -9.53892144e+02  0.00e+00 3.55e-15  3.08e-04     0s
   7  -9.53536464e+02 -9.53537250e+02  0.00e+00 3.55e-15  3.47e-07     0s
   8  -9.53536666e+02 -9.53536667e+02  0.00e+00 3.55e-15  3.47e-10     0s

Barrier solved model in 8 iterations and 0.02 seconds
Optimal objective -9.53536666e+02


Root relaxation: objective -9.535367e+02, 267 iterations, 0.01 seconds

    Nodes    |    Current Node    |     Objective Bounds      |     Work
 Expl Unexpl |  Obj  Depth IntInf | Incumbent    BestBd   Gap | It/Node Time

     0     0 -953.53667    0   75 -722.12500 -953.53667  32.0%     -    0s
H    0     0                    -925.3400000 -953.53667  3.05%     -    0s
H    0     0                    -927.5400000 -953.53667  2.80%     -    0s
H    0     0                    -929.4850000 -953.53667  2.59%     -    0s
     0     0 -930.31731    0   33 -929.48500 -930.31731  0.09%     -    0s

Cutting planes:
  Cover: 3
  MIR: 78

Explored 0 nodes (579 simplex iterations) in 0.08 seconds
Thread count was 16 (of 16 available processors)

Optimal solution found (tolerance 1.00e-02)
Best objective -9.294850000000e+02, best bound -9.303150000000e+02, gap 0.0893%
Changed value of parameter MIPGap to 0.01
   Prev: 0.0001  Min: 0.0  Max: 1e+100  Default: 0.0001
Changed value of parameter TimeLimit to 1800.0
   Prev: 1e+100  Min: 0.0  Max: 1e+100  Default: 1e+100
Changed value of parameter Method to 2
   Prev: -1  Min: -1  Max: 4  Default: -1
Changed value of parameter MIPFocus to 1
   Prev: 0  Min: 0  Max: 3  Default: 0
Optimize a model with 2410 rows, 3465 columns and 6930 nonzeros
Coefficient statistics:
  Matrix range    [1e+00, 2e+01]
  Objective range [1e+00, 1e+00]
  Bounds range    [1e+00, 1e+00]
  RHS range       [8e+01, 8e+01]
Found heuristic solution: objective 0
Presolve removed 2319 rows and 2378 columns
Presolve time: 0.01s
Presolved: 91 rows, 1087 columns, 2087 nonzeros
Found heuristic solution: objective -741.2500000
Variable types: 0 continuous, 1087 integer (1028 binary)
Optimize a model with 91 rows, 1087 columns and 2087 nonzeros
Coefficient statistics:
  Matrix range    [1e+00, 2e+01]
  Objective range [1e+00, 1e+00]
  Bounds range    [1e+00, 4e+00]
  RHS range       [1e+01, 8e+01]
Presolved: 91 rows, 1087 columns, 2087 nonzeros

Root barrier log...

Ordering time: 0.00s

Barrier statistics:
 AA' NZ     : 9.700e+02
 Factor NZ  : 3.220e+03
 Factor Ops : 1.469e+05 (less than 1 second per iteration)
 Threads    : 1

                  Objective                Residual
Iter       Primal          Dual         Primal    Dual     Compl     Time
   0  -5.20184851e+03 -4.83730498e+03  2.53e+01 1.03e-01  8.19e+00     0s
   1  -1.24746034e+03 -3.09901388e+03  2.33e+00 1.28e+00  1.54e+00     0s
   2  -8.66690740e+02 -1.32436731e+03  0.00e+00 1.30e-01  2.06e-01     0s
   3  -9.55971740e+02 -1.01816536e+03  0.00e+00 4.37e-03  2.75e-02     0s
   4  -9.63220533e+02 -9.86743034e+02  0.00e+00 3.55e-15  1.04e-02     0s
   5  -9.69506402e+02 -9.77845044e+02  0.00e+00 1.78e-15  3.68e-03     0s
   6  -9.72969096e+02 -9.73358568e+02  0.00e+00 3.55e-15  1.72e-04     0s
   7  -9.73039974e+02 -9.73040170e+02  0.00e+00 3.55e-15  8.66e-08     0s
   8  -9.73040000e+02 -9.73040000e+02  0.00e+00 3.55e-15  8.66e-11     0s

Barrier solved model in 8 iterations and 0.02 seconds
Optimal objective -9.73040000e+02


Root relaxation: objective -9.730400e+02, 267 iterations, 0.01 seconds

    Nodes    |    Current Node    |     Objective Bounds      |     Work
 Expl Unexpl |  Obj  Depth IntInf | Incumbent    BestBd   Gap | It/Node Time

     0     0 -973.04000    0   78 -741.25000 -973.04000  31.3%     -    0s
H    0     0                    -943.9300000 -973.04000  3.08%     -    0s
H    0     0                    -945.1400000 -973.04000  2.95%     -    0s
H    0     0                    -946.9700000 -973.04000  2.75%     -    0s
     0     0 -948.13462    0   15 -946.97000 -948.13462  0.12%     -    0s

Cutting planes:
  Cover: 3
  MIR: 78

Explored 0 nodes (527 simplex iterations) in 0.09 seconds
Thread count was 16 (of 16 available processors)

Optimal solution found (tolerance 1.00e-02)
Best objective -9.469700000000e+02, best bound -9.481300000000e+02, gap 0.1225%
Changed value of parameter MIPGap to 0.01
   Prev: 0.0001  Min: 0.0  Max: 1e+100  Default: 0.0001
Changed value of parameter TimeLimit to 1800.0
   Prev: 1e+100  Min: 0.0  Max: 1e+100  Default: 1e+100
Changed value of parameter Method to 2
   Prev: -1  Min: -1  Max: 4  Default: -1
Changed value of parameter MIPFocus to 1
   Prev: 0  Min: 0  Max: 3  Default: 0
Optimize a model with 2410 rows, 3465 columns and 6930 nonzeros
Coefficient statistics:
  Matrix range    [1e+00, 2e+01]
  Objective range [1e+00, 1e+00]
  Bounds range    [1e+00, 1e+00]
  RHS range       [8e+01, 8e+01]
Found heuristic solution: objective 0
Presolve removed 2319 rows and 2378 columns
Presolve time: 0.01s
Presolved: 91 rows, 1087 columns, 2087 nonzeros
Found heuristic solution: objective -779.5000000
Variable types: 0 continuous, 1087 integer (1028 binary)
Optimize a model with 91 rows, 1087 columns and 2087 nonzeros
Coefficient statistics:
  Matrix range    [1e+00, 2e+01]
  Objective range [1e+00, 1e+00]
  Bounds range    [1e+00, 4e+00]
  RHS range       [1e+01, 8e+01]
Presolved: 91 rows, 1087 columns, 2087 nonzeros

Root barrier log...

Ordering time: 0.00s

Barrier statistics:
 AA' NZ     : 9.700e+02
 Factor NZ  : 3.220e+03
 Factor Ops : 1.469e+05 (less than 1 second per iteration)
 Threads    : 1

                  Objective                Residual
Iter       Primal          Dual         Primal    Dual     Compl     Time
   0  -5.34180189e+03 -4.86767818e+03  2.53e+01 6.29e-02  8.16e+00     0s
   1  -1.29227893e+03 -3.12706331e+03  2.34e+00 1.26e+00  1.53e+00     0s
   2  -9.01692163e+02 -1.36512871e+03  0.00e+00 1.32e-01  2.08e-01     0s
   3  -9.95560996e+02 -1.06013663e+03  0.00e+00 4.83e-03  2.86e-02     0s
   4  -1.00116646e+03 -1.02433593e+03  0.00e+00 3.55e-15  1.02e-02     0s
   5  -1.00885359e+03 -1.01524037e+03  0.00e+00 3.55e-15  2.82e-03     0s
   6  -1.01200843e+03 -1.01229022e+03  0.00e+00 3.55e-15  1.24e-04     0s
   7  -1.01204665e+03 -1.01204674e+03  0.00e+00 3.55e-15  3.98e-08     0s
   8  -1.01204667e+03 -1.01204667e+03  0.00e+00 3.55e-15  3.98e-11     0s

Barrier solved model in 8 iterations and 0.02 seconds
Optimal objective -1.01204667e+03


Root relaxation: objective -1.012047e+03, 268 iterations, 0.01 seconds

    Nodes    |    Current Node    |     Objective Bounds      |     Work
 Expl Unexpl |  Obj  Depth IntInf | Incumbent    BestBd   Gap | It/Node Time

     0     0 -1012.0467    0   73 -779.50000 -1012.0467  29.8%     -    0s
H    0     0                    -979.8800000 -1012.0467  3.28%     -    0s
H    0     0                    -982.3000000 -1012.0467  3.03%     -    0s
     0     0 -983.96718    0   31 -982.30000 -983.96718  0.17%     -    0s

Cutting planes:
  Cover: 3
  MIR: 78

Explored 0 nodes (664 simplex iterations) in 0.08 seconds
Thread count was 16 (of 16 available processors)

Optimal solution found (tolerance 1.00e-02)
Best objective -9.823000000000e+02, best bound -9.839600000000e+02, gap 0.1690%
Changed value of parameter MIPGap to 0.01
   Prev: 0.0001  Min: 0.0  Max: 1e+100  Default: 0.0001
Changed value of parameter TimeLimit to 1800.0
   Prev: 1e+100  Min: 0.0  Max: 1e+100  Default: 1e+100
Changed value of parameter Method to 2
   Prev: -1  Min: -1  Max: 4  Default: -1
Changed value of parameter MIPFocus to 1
   Prev: 0  Min: 0  Max: 3  Default: 0
Optimize a model with 2410 rows, 3465 columns and 6930 nonzeros
Coefficient statistics:
  Matrix range    [1e+00, 2e+01]
  Objective range [1e+00, 2e+00]
  Bounds range    [1e+00, 1e+00]
  RHS range       [8e+01, 8e+01]
Found heuristic solution: objective 0
Presolve removed 2319 rows and 2378 columns
Presolve time: 0.01s
Presolved: 91 rows, 1087 columns, 2087 nonzeros
Found heuristic solution: objective -856.0000000
Variable types: 0 continuous, 1087 integer (1028 binary)
Optimize a model with 91 rows, 1087 columns and 2087 nonzeros
Coefficient statistics:
  Matrix range    [1e+00, 2e+01]
  Objective range [1e+00, 2e+00]
  Bounds range    [1e+00, 4e+00]
  RHS range       [1e+01, 8e+01]
Presolved: 91 rows, 1087 columns, 2087 nonzeros

Root barrier log...

Ordering time: 0.00s

Barrier statistics:
 AA' NZ     : 9.700e+02
 Factor NZ  : 3.220e+03
 Factor Ops : 1.469e+05 (less than 1 second per iteration)
 Threads    : 1

                  Objective                Residual
Iter       Primal          Dual         Primal    Dual     Compl     Time
   0  -5.62166269e+03 -4.92842457e+03  2.52e+01 2.00e-15  8.12e+00     0s
   1  -1.38251286e+03 -3.18324730e+03  2.35e+00 1.20e+00  1.52e+00     0s
   2  -9.73353259e+02 -1.44616907e+03  0.00e+00 1.36e-01  2.12e-01     0s
   3  -1.07177841e+03 -1.14996634e+03  0.00e+00 8.60e-03  3.46e-02     0s
   4  -1.07773131e+03 -1.10469311e+03  0.00e+00 3.55e-15  1.19e-02     0s
   5  -1.08889768e+03 -1.09197763e+03  0.00e+00 3.55e-15  1.36e-03     0s
   6  -1.09004384e+03 -1.09032613e+03  0.00e+00 3.55e-15  1.25e-04     0s
   7  -1.09005804e+03 -1.09007025e+03  0.00e+00 3.55e-15  5.39e-06     0s
   8  -1.09006000e+03 -1.09006001e+03  0.00e+00 3.55e-15  5.40e-09     0s
   9  -1.09006000e+03 -1.09006000e+03  6.43e-15 3.55e-15  5.45e-15     0s

Barrier solved model in 9 iterations and 0.02 seconds
Optimal objective -1.09006000e+03


Root relaxation: objective -1.090060e+03, 267 iterations, 0.01 seconds

    Nodes    |    Current Node    |     Objective Bounds      |     Work
 Expl Unexpl |  Obj  Depth IntInf | Incumbent    BestBd   Gap | It/Node Time

     0     0 -1090.0600    0   72 -856.00000 -1090.0600  27.3%     -    0s
H    0     0                    -1046.840000 -1090.0600  4.13%     -    0s
H    0     0                    -1051.880000 -1090.0600  3.63%     -    0s
     0     0 -1056.6774    0   66 -1051.8800 -1056.6774  0.46%     -    0s

Cutting planes:
  Cover: 3
  MIR: 78

Explored 0 nodes (681 simplex iterations) in 0.09 seconds
Thread count was 16 (of 16 available processors)

Optimal solution found (tolerance 1.00e-02)
Best objective -1.051880000000e+03, best bound -1.056640000000e+03, gap 0.4525%
Changed value of parameter MIPGap to 0.01
   Prev: 0.0001  Min: 0.0  Max: 1e+100  Default: 0.0001
Changed value of parameter TimeLimit to 1800.0
   Prev: 1e+100  Min: 0.0  Max: 1e+100  Default: 1e+100
Changed value of parameter Method to 2
   Prev: -1  Min: -1  Max: 4  Default: -1
Changed value of parameter MIPFocus to 1
   Prev: 0  Min: 0  Max: 3  Default: 0
Optimize a model with 2410 rows, 3465 columns and 6930 nonzeros
Coefficient statistics:
  Matrix range    [1e+00, 2e+01]
  Objective range [1e+00, 2e+00]
  Bounds range    [1e+00, 1e+00]
  RHS range       [8e+01, 8e+01]
Found heuristic solution: objective 0
Presolve removed 2319 rows and 2378 columns
Presolve time: 0.01s
Presolved: 91 rows, 1087 columns, 2087 nonzeros
Found heuristic solution: objective -894.2500000
Variable types: 0 continuous, 1087 integer (1028 binary)
Optimize a model with 91 rows, 1087 columns and 2087 nonzeros
Coefficient statistics:
  Matrix range    [1e+00, 2e+01]
  Objective range [1e+00, 2e+00]
  Bounds range    [1e+00, 4e+00]
  RHS range       [1e+01, 8e+01]
Presolved: 91 rows, 1087 columns, 2087 nonzeros

Root barrier log...

Ordering time: 0.00s

Barrier statistics:
 AA' NZ     : 9.700e+02
 Factor NZ  : 3.220e+03
 Factor Ops : 1.469e+05 (less than 1 second per iteration)
 Threads    : 1

                  Objective                Residual
Iter       Primal          Dual         Primal    Dual     Compl     Time
   0  -5.76156988e+03 -4.95879777e+03  2.52e+01 1.78e-15  8.09e+00     0s
   1  -1.42792516e+03 -3.21138278e+03  2.35e+00 1.17e+00  1.52e+00     0s
   2  -1.00988945e+03 -1.48593683e+03  0.00e+00 1.37e-01  2.13e-01     0s
   3  -1.10964117e+03 -1.19307236e+03  0.00e+00 9.69e-03  3.69e-02     0s
   4  -1.11590107e+03 -1.14387077e+03  0.00e+00 5.33e-15  1.24e-02     0s
   5  -1.12823443e+03 -1.13241639e+03  0.00e+00 1.78e-15  1.85e-03     0s
   6  -1.12876922e+03 -1.13028217e+03  0.00e+00 1.78e-15  6.68e-04     0s
   7  -1.12930060e+03 -1.12938074e+03  0.00e+00 3.55e-15  3.54e-05     0s
   8  -1.12933330e+03 -1.12933338e+03  0.00e+00 3.55e-15  3.54e-08     0s
   9  -1.12933333e+03 -1.12933333e+03  0.00e+00 1.78e-15  3.55e-14     0s

Barrier solved model in 9 iterations and 0.02 seconds
Optimal objective -1.12933333e+03


Root relaxation: objective -1.129333e+03, 277 iterations, 0.01 seconds

    Nodes    |    Current Node    |     Objective Bounds      |     Work
 Expl Unexpl |  Obj  Depth IntInf | Incumbent    BestBd   Gap | It/Node Time

     0     0 -1129.3333    0   74 -894.25000 -1129.3333  26.3%     -    0s
H    0     0                    -1084.200000 -1129.3333  4.16%     -    0s
H    0     0                    -1087.650000 -1129.3333  3.83%     -    0s
     0     0 -1093.4015    0   49 -1087.6500 -1093.4015  0.53%     -    0s

Cutting planes:
  Cover: 3
  MIR: 78

Explored 0 nodes (592 simplex iterations) in 0.08 seconds
Thread count was 16 (of 16 available processors)

Optimal solution found (tolerance 1.00e-02)
Best objective -1.087650000000e+03, best bound -1.093400000000e+03, gap 0.5287%
Changed value of parameter MIPGap to 0.01
   Prev: 0.0001  Min: 0.0  Max: 1e+100  Default: 0.0001
Changed value of parameter TimeLimit to 1800.0
   Prev: 1e+100  Min: 0.0  Max: 1e+100  Default: 1e+100
Changed value of parameter Method to 2
   Prev: -1  Min: -1  Max: 4  Default: -1
Changed value of parameter MIPFocus to 1
   Prev: 0  Min: 0  Max: 3  Default: 0
Optimize a model with 2410 rows, 3465 columns and 6930 nonzeros
Coefficient statistics:
  Matrix range    [1e+00, 2e+01]
  Objective range [1e+00, 3e+00]
  Bounds range    [1e+00, 1e+00]
  RHS range       [8e+01, 8e+01]
Found heuristic solution: objective 0
Presolve removed 2319 rows and 2378 columns
Presolve time: 0.01s
Presolved: 91 rows, 1087 columns, 2087 nonzeros
Found heuristic solution: objective -1086.300000
Variable types: 0 continuous, 1087 integer (1028 binary)
Optimize a model with 91 rows, 1087 columns and 2087 nonzeros
Coefficient statistics:
  Matrix range    [1e+00, 2e+01]
  Objective range [1e+00, 3e+00]
  Bounds range    [1e+00, 4e+00]
  RHS range       [1e+01, 8e+01]
Presolved: 91 rows, 1087 columns, 2087 nonzeros

Root barrier log...

Ordering time: 0.00s

Barrier statistics:
 AA' NZ     : 9.700e+02
 Factor NZ  : 3.220e+03
 Factor Ops : 1.469e+05 (less than 1 second per iteration)
 Threads    : 1

                  Objective                Residual
Iter       Primal          Dual         Primal    Dual     Compl     Time
   0  -6.46086898e+03 -5.11066375e+03  2.52e+01 1.33e-15  7.98e+00     0s
   1  -1.65790312e+03 -3.35251249e+03  2.38e+00 1.05e+00  1.49e+00     0s
   2  -1.19687283e+03 -1.64026968e+03  0.00e+00 9.28e-02  1.97e-01     0s
   3  -1.28517795e+03 -1.40957001e+03  0.00e+00 1.23e-02  5.50e-02     0s
   4  -1.29439410e+03 -1.34058656e+03  0.00e+00 3.55e-15  2.04e-02     0s
   5  -1.30902098e+03 -1.33088872e+03  0.00e+00 3.55e-15  9.66e-03     0s
   6  -1.32340181e+03 -1.32615940e+03  0.00e+00 3.55e-15  1.22e-03     0s
   7  -1.32589902e+03 -1.32590055e+03  0.00e+00 3.55e-15  6.76e-07     0s
   8  -1.32590000e+03 -1.32590000e+03  0.00e+00 3.55e-15  6.76e-10     0s

Barrier solved model in 8 iterations and 0.02 seconds
Optimal objective -1.32590000e+03


Root relaxation: objective -1.325900e+03, 276 iterations, 0.01 seconds

    Nodes    |    Current Node    |     Objective Bounds      |     Work
 Expl Unexpl |  Obj  Depth IntInf | Incumbent    BestBd   Gap | It/Node Time

     0     0 -1325.9000    0   78 -1086.3000 -1325.9000  22.1%     -    0s
H    0     0                    -1257.000000 -1325.9000  5.48%     -    0s
H    0     0                    -1267.100000 -1325.9000  4.64%     -    0s
     0     0 -1282.9284    0   65 -1267.1000 -1282.9284  1.25%     -    0s
H    0     0                    -1271.800000 -1282.9284  0.88%     -    0s

Cutting planes:
  Cover: 3
  MIR: 78

Explored 0 nodes (634 simplex iterations) in 0.09 seconds
Thread count was 16 (of 16 available processors)

Optimal solution found (tolerance 1.00e-02)
Best objective -1.271800000000e+03, best bound -1.282900000000e+03, gap 0.8728%
Changed value of parameter MIPGap to 0.01
   Prev: 0.0001  Min: 0.0  Max: 1e+100  Default: 0.0001
Changed value of parameter TimeLimit to 1800.0
   Prev: 1e+100  Min: 0.0  Max: 1e+100  Default: 1e+100
Changed value of parameter Method to 2
   Prev: -1  Min: -1  Max: 4  Default: -1
Changed value of parameter MIPFocus to 1
   Prev: 0  Min: 0  Max: 3  Default: 0
Optimize a model with 2410 rows, 3465 columns and 6930 nonzeros
Coefficient statistics:
  Matrix range    [1e+00, 2e+01]
  Objective range [1e+00, 5e+00]
  Bounds range    [1e+00, 1e+00]
  RHS range       [8e+01, 8e+01]
Found heuristic solution: objective 0
Presolve removed 2319 rows and 2378 columns
Presolve time: 0.01s
Presolved: 91 rows, 1087 columns, 2087 nonzeros
Found heuristic solution: objective -1470.600000
Variable types: 0 continuous, 1087 integer (1028 binary)
Optimize a model with 91 rows, 1087 columns and 2087 nonzeros
Coefficient statistics:
  Matrix range    [1e+00, 2e+01]
  Objective range [1e+00, 5e+00]
  Bounds range    [1e+00, 4e+00]
  RHS range       [1e+01, 8e+01]
Presolved: 91 rows, 1087 columns, 2087 nonzeros

Root barrier log...

Ordering time: 0.00s

Barrier statistics:
 AA' NZ     : 9.700e+02
 Factor NZ  : 3.220e+03
 Factor Ops : 1.469e+05 (less than 1 second per iteration)
 Threads    : 1

                  Objective                Residual
Iter       Primal          Dual         Primal    Dual     Compl     Time
   0  -7.85823360e+03 -5.41439572e+03  2.52e+01 1.78e-15  7.74e+00     0s
   1  -2.13195825e+03 -3.64433820e+03  2.40e+00 8.36e-01  1.42e+00     0s
   2  -1.59721352e+03 -1.99538811e+03  0.00e+00 6.07e-02  1.76e-01     0s
   3  -1.67321695e+03 -1.76475744e+03  0.00e+00 5.33e-15  4.04e-02     0s
   4  -1.70278519e+03 -1.72951134e+03  0.00e+00 2.66e-15  1.18e-02     0s
   5  -1.71709340e+03 -1.72095091e+03  0.00e+00 3.55e-15  1.70e-03     0s
   6  -1.71899669e+03 -1.71908139e+03  0.00e+00 3.55e-15  3.74e-05     0s
   7  -1.71903333e+03 -1.71903333e+03  0.00e+00 3.55e-15  4.54e-10     0s

Barrier solved model in 7 iterations and 0.02 seconds
Optimal objective -1.71903333e+03


Root relaxation: objective -1.719033e+03, 275 iterations, 0.01 seconds

    Nodes    |    Current Node    |     Objective Bounds      |     Work
 Expl Unexpl |  Obj  Depth IntInf | Incumbent    BestBd   Gap | It/Node Time

     0     0 -1719.0333    0   78 -1470.6000 -1719.0333  16.9%     -    0s
H    0     0                    -1609.200000 -1719.0333  6.83%     -    0s
H    0     0                    -1621.800000 -1719.0333  6.00%     -    0s
H    0     0                    -1634.400000 -1719.0333  5.18%     -    0s
     0     0 -1673.1096    0   98 -1634.4000 -1673.1096  2.37%     -    0s
H    0     0                    -1646.600000 -1673.1096  1.61%     -    0s
H    0     0                    -1655.600000 -1673.1096  1.06%     -    0s
     0     0 -1672.9834    0  108 -1655.6000 -1672.9834  1.05%     -    0s
     0     0 -1671.1538    0  131 -1655.6000 -1671.1538  0.94%     -    0s

Cutting planes:
  Cover: 13
  MIR: 114
  Zero half: 2

Explored 0 nodes (823 simplex iterations) in 0.15 seconds
Thread count was 16 (of 16 available processors)

Optimal solution found (tolerance 1.00e-02)
Best objective -1.655600000000e+03, best bound -1.671000000000e+03, gap 0.9302%
Changed value of parameter MIPGap to 0.01
   Prev: 0.0001  Min: 0.0  Max: 1e+100  Default: 0.0001
Changed value of parameter TimeLimit to 1800.0
   Prev: 1e+100  Min: 0.0  Max: 1e+100  Default: 1e+100
Changed value of parameter Method to 2
   Prev: -1  Min: -1  Max: 4  Default: -1
Changed value of parameter MIPFocus to 1
   Prev: 0  Min: 0  Max: 3  Default: 0
Optimize a model with 2410 rows, 3465 columns and 6930 nonzeros
Coefficient statistics:
  Matrix range    [1e+00, 2e+01]
  Objective range [1e+00, 9e+00]
  Bounds range    [1e+00, 1e+00]
  RHS range       [8e+01, 8e+01]
Found heuristic solution: objective 0
Presolve removed 2319 rows and 2378 columns
Presolve time: 0.01s
Presolved: 91 rows, 1087 columns, 2087 nonzeros
Found heuristic solution: objective -2239.200000
Variable types: 0 continuous, 1087 integer (1028 binary)
Optimize a model with 91 rows, 1087 columns and 2087 nonzeros
Coefficient statistics:
  Matrix range    [1e+00, 2e+01]
  Objective range [1e+00, 9e+00]
  Bounds range    [1e+00, 4e+00]
  RHS range       [1e+01, 8e+01]
Presolve removed 0 rows and 1 columns
Presolved: 91 rows, 1086 columns, 2086 nonzeros

Root barrier log...

Ordering time: 0.00s

Barrier statistics:
 AA' NZ     : 9.700e+02
 Factor NZ  : 3.220e+03
 Factor Ops : 1.469e+05 (less than 1 second per iteration)
 Threads    : 1

                  Objective                Residual
Iter       Primal          Dual         Primal    Dual     Compl     Time
   0  -1.06428712e+04 -6.02182810e+03  2.52e+01 1.33e-15  7.27e+00     0s
   1  -3.12582616e+03 -4.39457810e+03  2.40e+00 4.65e-01  1.35e+00     0s
   2  -2.42454562e+03 -2.82869845e+03  4.18e-03 3.53e-02  1.81e-01     0s
   3  -2.46438040e+03 -2.57047119e+03  1.10e-03 7.11e-15  4.75e-02     0s
   4  -2.49124331e+03 -2.52848196e+03  2.17e-05 3.55e-15  1.66e-02     0s
   5  -2.49924116e+03 -2.51462668e+03  0.00e+00 3.55e-15  6.87e-03     0s
   6  -2.50041788e+03 -2.51294892e+03  0.00e+00 3.55e-15  5.59e-03     0s
   7  -2.50243192e+03 -2.51119521e+03  0.00e+00 3.55e-15  3.91e-03     0s
   8  -2.50536689e+03 -2.50544854e+03  0.00e+00 3.55e-15  3.61e-05     0s
   9  -2.50540000e+03 -2.50540000e+03  0.00e+00 3.55e-15  5.45e-10     0s

Barrier solved model in 9 iterations and 0.02 seconds
Optimal objective -2.50540000e+03


Root relaxation: objective -2.505400e+03, 288 iterations, 0.01 seconds

    Nodes    |    Current Node    |     Objective Bounds      |     Work
 Expl Unexpl |  Obj  Depth IntInf | Incumbent    BestBd   Gap | It/Node Time

     0     0 -2505.4000    0   74 -2239.2000 -2505.4000  11.9%     -    0s
H    0     0                    -2375.400000 -2505.4000  5.47%     -    0s
H    0     0                    -2381.400000 -2505.4000  5.21%     -    0s
     0     0 -2486.6949    0  117 -2381.4000 -2486.6949  4.42%     -    0s
H    0     0                    -2421.400000 -2486.6949  2.70%     -    0s
H    0     0                    -2433.000000 -2486.6949  2.21%     -    0s
H    0     0                    -2445.400000 -2486.6949  1.69%     -    0s
     0     0 -2486.6323    0  124 -2445.4000 -2486.6323  1.69%     -    0s
     0     0 -2484.6549    0  145 -2445.4000 -2484.6549  1.61%     -    0s
H    0     0                    -2450.600000 -2484.6549  1.39%     -    0s
     0     0 -2483.9677    0  146 -2450.6000 -2483.9677  1.36%     -    0s
     0     0 -2483.3068    0  177 -2450.6000 -2483.3068  1.33%     -    0s
H    0     0                    -2454.200000 -2483.3068  1.19%     -    0s
     0     0 -2481.2749    0  164 -2454.2000 -2481.2749  1.10%     -    0s
     0     0 -2480.9117    0  175 -2454.2000 -2480.9117  1.09%     -    0s
H    0     0                    -2457.400000 -2480.9117  0.96%     -    0s

Cutting planes:
  Cover: 16
  MIR: 146
  Zero half: 1

Explored 0 nodes (1624 simplex iterations) in 0.30 seconds
Thread count was 16 (of 16 available processors)

Optimal solution found (tolerance 1.00e-02)
Best objective -2.457400000000e+03, best bound -2.480800000000e+03, gap 0.9522%
Changed value of parameter MIPGap to 0.01
   Prev: 0.0001  Min: 0.0  Max: 1e+100  Default: 0.0001
Changed value of parameter TimeLimit to 1800.0
   Prev: 1e+100  Min: 0.0  Max: 1e+100  Default: 1e+100
Changed value of parameter Method to 2
   Prev: -1  Min: -1  Max: 4  Default: -1
Changed value of parameter MIPFocus to 1
   Prev: 0  Min: 0  Max: 3  Default: 0
Optimize a model with 2410 rows, 3465 columns and 6930 nonzeros
Coefficient statistics:
  Matrix range    [1e+00, 2e+01]
  Objective range [2e+00, 1e+01]
  Bounds range    [1e+00, 1e+00]
  RHS range       [8e+01, 8e+01]
Found heuristic solution: objective 0
Presolve removed 2319 rows and 2380 columns
Presolve time: 0.01s
Presolved: 91 rows, 1085 columns, 2085 nonzeros
Found heuristic solution: objective -2653.500000
Variable types: 0 continuous, 1085 integer (1024 binary)
Optimize a model with 91 rows, 1085 columns and 2085 nonzeros
Coefficient statistics:
  Matrix range    [1e+00, 2e+01]
  Objective range [2e+00, 1e+01]
  Bounds range    [1e+00, 4e+00]
  RHS range       [1e+01, 8e+01]
Presolved: 91 rows, 1085 columns, 2085 nonzeros

Root barrier log...

Ordering time: 0.00s

Barrier statistics:
 AA' NZ     : 9.700e+02
 Factor NZ  : 3.220e+03
 Factor Ops : 1.469e+05 (less than 1 second per iteration)
 Threads    : 1

                  Objective                Residual
Iter       Primal          Dual         Primal    Dual     Compl     Time
   0  -1.20260418e+04 -6.38063369e+03  2.52e+01 8.88e-16  7.15e+00     0s
   1  -3.63118011e+03 -4.70980070e+03  2.35e+00 3.23e-01  1.27e+00     0s
   2  -2.96360547e+03 -3.23131308e+03  2.83e-01 2.12e-02  1.85e-01     0s
   3  -2.91676817e+03 -2.96639916e+03  9.58e-02 1.07e-14  4.12e-02     0s
   4  -2.89512483e+03 -2.92253236e+03  1.52e-02 3.55e-15  1.52e-02     0s
   5  -2.89917209e+03 -2.91183809e+03  4.87e-03 3.55e-15  6.57e-03     0s
   6  -2.90138772e+03 -2.90585160e+03  2.13e-03 1.07e-14  2.40e-03     0s
   7  -2.90284266e+03 -2.90351529e+03  4.79e-04 7.11e-15  3.93e-04     0s
   8  -2.90316603e+03 -2.90316747e+03  0.00e+00 3.55e-15  6.38e-07     0s
   9  -2.90316667e+03 -2.90316667e+03  0.00e+00 3.55e-15  6.42e-13     0s

Barrier solved model in 9 iterations and 0.02 seconds
Optimal objective -2.90316667e+03


Root relaxation: objective -2.903167e+03, 301 iterations, 0.01 seconds

    Nodes    |    Current Node    |     Objective Bounds      |     Work
 Expl Unexpl |  Obj  Depth IntInf | Incumbent    BestBd   Gap | It/Node Time

     0     0 -2903.1667    0   71 -2653.5000 -2903.1667  9.41%     -    0s
H    0     0                    -2819.000000 -2903.1667  2.99%     -    0s
H    0     0                    -2820.500000 -2903.1667  2.93%     -    0s
     0     0 -2900.1261    0  109 -2820.5000 -2900.1261  2.82%     -    0s
H    0     0                    -2841.500000 -2900.1261  2.06%     -    0s
     0     0 -2900.0803    0  136 -2841.5000 -2900.0803  2.06%     -    0s
     0     0 -2899.2773    0  151 -2841.5000 -2899.2773  2.03%     -    0s
     0     0 -2899.0244    0  156 -2841.5000 -2899.0244  2.02%     -    0s
     0     0 -2898.8760    0  172 -2841.5000 -2898.8760  2.02%     -    0s
     0     0 -2898.6167    0  161 -2841.5000 -2898.6167  2.01%     -    0s
     0     0 -2898.3097    0  178 -2841.5000 -2898.3097  2.00%     -    0s
     0     0 -2897.8556    0  164 -2841.5000 -2897.8556  1.98%     -    0s
     0     0 -2897.8421    0  131 -2841.5000 -2897.8421  1.98%     -    0s
H    0     0                    -2870.500000 -2897.8421  0.95%     -    0s

Cutting planes:
  Cover: 8
  MIR: 118

Explored 0 nodes (2934 simplex iterations) in 0.82 seconds
Thread count was 16 (of 16 available processors)

Optimal solution found (tolerance 1.00e-02)
Best objective -2.870500000000e+03, best bound -2.897500000000e+03, gap 0.9406%
Changed value of parameter MIPGap to 0.01
   Prev: 0.0001  Min: 0.0  Max: 1e+100  Default: 0.0001
Changed value of parameter TimeLimit to 1800.0
   Prev: 1e+100  Min: 0.0  Max: 1e+100  Default: 1e+100
Changed value of parameter Method to 2
   Prev: -1  Min: -1  Max: 4  Default: -1
Changed value of parameter MIPFocus to 1
   Prev: 0  Min: 0  Max: 3  Default: 0
Optimize a model with 2410 rows, 3465 columns and 6930 nonzeros
Coefficient statistics:
  Matrix range    [1e+00, 2e+01]
  Objective range [2e+00, 2e+01]
  Bounds range    [1e+00, 1e+00]
  RHS range       [8e+01, 8e+01]
Found heuristic solution: objective 0
Presolve removed 2319 rows and 2378 columns
Presolve time: 0.01s
Presolved: 91 rows, 1087 columns, 2087 nonzeros
Found heuristic solution: objective -4546.000000
Variable types: 0 continuous, 1087 integer (1028 binary)
Optimize a model with 91 rows, 1087 columns and 2087 nonzeros
Coefficient statistics:
  Matrix range    [1e+00, 2e+01]
  Objective range [2e+00, 2e+01]
  Bounds range    [1e+00, 4e+00]
  RHS range       [1e+01, 8e+01]
Presolve removed 0 rows and 2 columns
Presolved: 91 rows, 1085 columns, 2084 nonzeros

Root barrier log...

Ordering time: 0.00s

Barrier statistics:
 AA' NZ     : 9.700e+02
 Factor NZ  : 3.220e+03
 Factor Ops : 1.469e+05 (less than 1 second per iteration)
 Threads    : 1

                  Objective                Residual
Iter       Primal          Dual         Primal    Dual     Compl     Time
   0  -1.90396698e+04 -1.24035769e+04  2.52e+01 1.78e-15  1.49e+01     0s
   1  -6.17010578e+03 -9.07166639e+03  2.24e+00 7.66e-01  2.69e+00     0s
   2  -5.24333957e+03 -5.90688284e+03  1.46e-01 5.36e-02  3.56e-01     0s
   3  -5.32062644e+03 -5.49420507e+03  9.08e-03 7.11e-15  8.05e-02     0s
   4  -5.33992024e+03 -5.38541526e+03  4.68e-03 7.11e-15  2.20e-02     0s
   5  -5.35496222e+03 -5.36719294e+03  1.67e-03 7.11e-15  6.09e-03     0s
   6  -5.36115416e+03 -5.36207156e+03  1.51e-04 7.11e-15  4.70e-04     0s
   7  -5.36179984e+03 -5.36180025e+03  2.10e-08 7.11e-15  1.92e-07     0s
   8  -5.36180000e+03 -5.36180000e+03  0.00e+00 7.11e-15  1.92e-10     0s

Barrier solved model in 8 iterations and 0.02 seconds
Optimal objective -5.36180000e+03


Root relaxation: objective -5.361800e+03, 376 iterations, 0.01 seconds

    Nodes    |    Current Node    |     Objective Bounds      |     Work
 Expl Unexpl |  Obj  Depth IntInf | Incumbent    BestBd   Gap | It/Node Time

     0     0 -5361.8000    0   68 -4546.0000 -5361.8000  17.9%     -    0s
H    0     0                    -5106.000000 -5361.8000  5.01%     -    0s
H    0     0                    -5213.000000 -5361.8000  2.85%     -    0s
     0     0 -5333.3936    0  125 -5213.0000 -5333.3936  2.31%     -    0s
H    0     0                    -5242.000000 -5333.3936  1.74%     -    0s
H    0     0                    -5245.000000 -5333.3936  1.69%     -    0s
     0     0 -5327.5167    0  127 -5245.0000 -5327.5167  1.57%     -    0s
     0     0 -5320.4689    0  138 -5245.0000 -5320.4689  1.44%     -    0s
H    0     0                    -5271.000000 -5320.4689  0.94%     -    0s

Cutting planes:
  Cover: 76
  MIR: 58

Explored 0 nodes (1181 simplex iterations) in 0.16 seconds
Thread count was 16 (of 16 available processors)

Optimal solution found (tolerance 1.00e-02)
Best objective -5.271000000000e+03, best bound -5.320000000000e+03, gap 0.9296%
Changed value of parameter MIPGap to 0.01
   Prev: 0.0001  Min: 0.0  Max: 1e+100  Default: 0.0001
Changed value of parameter TimeLimit to 1800.0
   Prev: 1e+100  Min: 0.0  Max: 1e+100  Default: 1e+100
Changed value of parameter Method to 2
   Prev: -1  Min: -1  Max: 4  Default: -1
Changed value of parameter MIPFocus to 1
   Prev: 0  Min: 0  Max: 3  Default: 0
Optimize a model with 2410 rows, 3465 columns and 6930 nonzeros
Coefficient statistics:
  Matrix range    [1e+00, 2e+01]
  Objective range [3e+00, 4e+01]
  Bounds range    [1e+00, 1e+00]
  RHS range       [8e+01, 8e+01]
Found heuristic solution: objective 0
Presolve removed 2319 rows and 2378 columns
Presolve time: 0.01s
Presolved: 91 rows, 1087 columns, 2087 nonzeros
Found heuristic solution: objective -8391.000000
Variable types: 0 continuous, 1087 integer (1028 binary)
Optimize a model with 91 rows, 1087 columns and 2087 nonzeros
Coefficient statistics:
  Matrix range    [1e+00, 2e+01]
  Objective range [3e+00, 4e+01]
  Bounds range    [1e+00, 4e+00]
  RHS range       [1e+01, 8e+01]
Presolved: 91 rows, 1087 columns, 2087 nonzeros

Root barrier log...

Ordering time: 0.00s

Barrier statistics:
 AA' NZ     : 9.700e+02
 Factor NZ  : 3.220e+03
 Factor Ops : 1.469e+05 (less than 1 second per iteration)
 Threads    : 1

                  Objective                Residual
Iter       Primal          Dual         Primal    Dual     Compl     Time
   0  -3.30936972e+04 -2.56328437e+04  2.52e+01 7.11e-15  3.27e+01     0s
   1  -1.14871610e+04 -1.85758468e+04  2.35e+00 1.96e+00  6.11e+00     0s
   2  -9.94431198e+03 -1.13105929e+04  1.27e-01 8.91e-02  7.06e-01     0s
   3  -1.02508378e+04 -1.06138242e+04  6.37e-03 1.19e-02  1.65e-01     0s
   4  -1.03030831e+04 -1.04244847e+04  1.16e-03 1.42e-14  5.45e-02     0s
   5  -1.03085595e+04 -1.03417672e+04  5.94e-04 1.42e-14  1.52e-02     0s
   6  -1.03166042e+04 -1.03194202e+04  6.70e-05 1.42e-14  1.31e-03     0s
   7  -1.03181663e+04 -1.03181685e+04  1.50e-08 1.42e-14  9.89e-07     0s
   8  -1.03181667e+04 -1.03181667e+04  0.00e+00 1.42e-14  9.89e-10     0s

Barrier solved model in 8 iterations and 0.02 seconds
Optimal objective -1.03181667e+04


Root relaxation: objective -1.031817e+04, 384 iterations, 0.01 seconds

    Nodes    |    Current Node    |     Objective Bounds      |     Work
 Expl Unexpl |  Obj  Depth IntInf | Incumbent    BestBd   Gap | It/Node Time

     0     0 -10318.167    0   65 -8391.0000 -10318.167  23.0%     -    0s
H    0     0                    -9745.000000 -10318.167  5.88%     -    0s
H    0     0                    -9990.000000 -10318.167  3.28%     -    0s
H    0     0                    -10025.00000 -10318.167  2.92%     -    0s
     0     0 -10256.315    0  106 -10025.000 -10256.315  2.31%     -    0s
H    0     0                    -10118.00000 -10256.315  1.37%     -    0s
H    0     0                    -10155.00000 -10256.315  1.00%     -    0s

Cutting planes:
  Cover: 48
  MIR: 25

Explored 0 nodes (878 simplex iterations) in 0.11 seconds
Thread count was 16 (of 16 available processors)

Optimal solution found (tolerance 1.00e-02)
Best objective -1.015500000000e+04, best bound -1.025600000000e+04, gap 0.9946%
Changed value of parameter MIPGap to 0.01
   Prev: 0.0001  Min: 0.0  Max: 1e+100  Default: 0.0001
Changed value of parameter TimeLimit to 1800.0
   Prev: 1e+100  Min: 0.0  Max: 1e+100  Default: 1e+100
Changed value of parameter Method to 2
   Prev: -1  Min: -1  Max: 4  Default: -1
Changed value of parameter MIPFocus to 1
   Prev: 0  Min: 0  Max: 3  Default: 0
Optimize a model with 2410 rows, 3465 columns and 6930 nonzeros
Coefficient statistics:
  Matrix range    [1e+00, 2e+01]
  Objective range [5e+00, 8e+01]
  Bounds range    [1e+00, 1e+00]
  RHS range       [8e+01, 8e+01]
Found heuristic solution: objective 0
Presolve removed 2319 rows and 2378 columns
Presolve time: 0.01s
Presolved: 91 rows, 1087 columns, 2087 nonzeros
Found heuristic solution: objective -16081.00000
Variable types: 0 continuous, 1087 integer (1028 binary)
Optimize a model with 91 rows, 1087 columns and 2087 nonzeros
Coefficient statistics:
  Matrix range    [1e+00, 2e+01]
  Objective range [5e+00, 8e+01]
  Bounds range    [1e+00, 4e+00]
  RHS range       [1e+01, 8e+01]
Presolved: 91 rows, 1087 columns, 2087 nonzeros

Root barrier log...

Ordering time: 0.00s

Barrier statistics:
 AA' NZ     : 9.700e+02
 Factor NZ  : 3.220e+03
 Factor Ops : 1.469e+05 (less than 1 second per iteration)
 Threads    : 1

                  Objective                Residual
Iter       Primal          Dual         Primal    Dual     Compl     Time
   0  -6.11512671e+04 -5.20906686e+04  2.52e+01 1.42e-14  6.83e+01     0s
   1  -2.21340126e+04 -3.75844014e+04  2.39e+00 4.34e+00  1.29e+01     0s
   2  -1.94266564e+04 -2.23729607e+04  1.36e-01 2.09e-01  1.51e+00     0s
   3  -2.01314636e+04 -2.09506340e+04  8.51e-03 5.20e-02  3.74e-01     0s
   4  -2.02316618e+04 -2.04620293e+04  1.55e-03 1.56e-02  1.04e-01     0s
   5  -2.02572666e+04 -2.03716146e+04  7.36e-04 6.90e-03  5.16e-02     0s
   6  -2.02731641e+04 -2.03073401e+04  2.83e-04 1.42e-03  1.55e-02     0s
   7  -2.02818549e+04 -2.02950809e+04  6.77e-05 6.10e-04  5.95e-03     0s
   8  -2.02847829e+04 -2.02853560e+04  0.00e+00 2.84e-14  2.53e-04     0s
   9  -2.02848986e+04 -2.02849030e+04  0.00e+00 2.84e-14  1.96e-06     0s
  10  -2.02849000e+04 -2.02849000e+04  0.00e+00 3.55e-14  1.96e-09     0s

Barrier solved model in 10 iterations and 0.03 seconds
Optimal objective -2.02849000e+04


Root relaxation: objective -2.028490e+04, 224 iterations, 0.01 seconds

    Nodes    |    Current Node    |     Objective Bounds      |     Work
 Expl Unexpl |  Obj  Depth IntInf | Incumbent    BestBd   Gap | It/Node Time

     0     0 -20284.900    0   57 -16081.000 -20284.900  26.1%     -    0s
H    0     0                    -19693.00000 -20284.900  3.01%     -    0s
H    0     0                    -19867.00000 -20284.900  2.10%     -    0s
     0     0 -20095.167    0   70 -19867.000 -20095.167  1.15%     -    0s
H    0     0                    -19922.00000 -20095.167  0.87%     -    0s

Cutting planes:
  Cover: 66
  MIR: 12

Explored 0 nodes (592 simplex iterations) in 0.09 seconds
Thread count was 16 (of 16 available processors)

Optimal solution found (tolerance 1.00e-02)
Best objective -1.992200000000e+04, best bound -2.009500000000e+04, gap 0.8684%
Changed value of parameter MIPGap to 0.01
   Prev: 0.0001  Min: 0.0  Max: 1e+100  Default: 0.0001
Changed value of parameter TimeLimit to 1800.0
   Prev: 1e+100  Min: 0.0  Max: 1e+100  Default: 1e+100
Changed value of parameter Method to 2
   Prev: -1  Min: -1  Max: 4  Default: -1
Changed value of parameter MIPFocus to 1
   Prev: 0  Min: 0  Max: 3  Default: 0
Optimize a model with 2410 rows, 3465 columns and 6930 nonzeros
Coefficient statistics:
  Matrix range    [1e+00, 2e+01]
  Objective range [6e+00, 1e+02]
  Bounds range    [1e+00, 1e+00]
  RHS range       [8e+01, 8e+01]
Found heuristic solution: objective 0
Presolve removed 2319 rows and 2378 columns
Presolve time: 0.01s
Presolved: 91 rows, 1087 columns, 2087 nonzeros
Found heuristic solution: objective -19926.00000
Variable types: 0 continuous, 1087 integer (1028 binary)
Optimize a model with 91 rows, 1087 columns and 2087 nonzeros
Coefficient statistics:
  Matrix range    [1e+00, 2e+01]
  Objective range [6e+00, 1e+02]
  Bounds range    [1e+00, 4e+00]
  RHS range       [1e+01, 8e+01]
Presolved: 91 rows, 1087 columns, 2087 nonzeros

Root barrier log...

Ordering time: 0.00s

Barrier statistics:
 AA' NZ     : 9.700e+02
 Factor NZ  : 3.220e+03
 Factor Ops : 1.469e+05 (less than 1 second per iteration)
 Threads    : 1

                  Objective                Residual
Iter       Primal          Dual         Primal    Dual     Compl     Time
   0  -7.51791574e+04 -6.53195810e+04  2.52e+01 1.42e-14  8.61e+01     0s
   1  -2.74593622e+04 -4.70889817e+04  2.40e+00 5.54e+00  1.63e+01     0s
   2  -2.42274518e+04 -2.79086320e+04  1.30e-01 2.69e-01  1.88e+00     0s
   3  -2.50849727e+04 -2.60726094e+04  8.69e-03 6.68e-02  4.52e-01     0s
   4  -2.52170325e+04 -2.55239521e+04  1.54e-03 3.60e-02  1.38e-01     0s
   5  -2.52498918e+04 -2.54182719e+04  7.77e-04 8.98e-03  7.58e-02     0s
   6  -2.52755130e+04 -2.53396472e+04  1.84e-04 3.49e-03  2.87e-02     0s
   7  -2.52829866e+04 -2.53084127e+04  4.20e-05 1.21e-03  1.13e-02     0s
   8  -2.52858549e+04 -2.52888027e+04  0.00e+00 9.69e-05  1.30e-03     0s
   9  -2.52860548e+04 -2.52860936e+04  0.00e+00 2.84e-14  1.71e-05     0s
  10  -2.52860667e+04 -2.52860667e+04  0.00e+00 3.55e-14  1.71e-08     0s
  11  -2.52860667e+04 -2.52860667e+04  3.30e-15 2.84e-14  1.93e-14     0s

Barrier solved model in 11 iterations and 0.03 seconds
Optimal objective -2.52860667e+04


Root relaxation: objective -2.528607e+04, 224 iterations, 0.01 seconds

    Nodes    |    Current Node    |     Objective Bounds      |     Work
 Expl Unexpl |  Obj  Depth IntInf | Incumbent    BestBd   Gap | It/Node Time

     0     0 -25286.067    0   56 -19926.000 -25286.067  26.9%     -    0s
H    0     0                    -24631.00000 -25286.067  2.66%     -    0s
H    0     0                    -24786.00000 -25286.067  2.02%     -    0s
     0     0 -25012.006    0   82 -24786.000 -25012.006  0.91%     -    0s

Cutting planes:
  Cover: 69
  MIR: 13

Explored 0 nodes (617 simplex iterations) in 0.09 seconds
Thread count was 16 (of 16 available processors)

Optimal solution found (tolerance 1.00e-02)
Best objective -2.478600000000e+04, best bound -2.501200000000e+04, gap 0.9118%
Changed value of parameter MIPGap to 0.01
   Prev: 0.0001  Min: 0.0  Max: 1e+100  Default: 0.0001
Changed value of parameter TimeLimit to 1800.0
   Prev: 1e+100  Min: 0.0  Max: 1e+100  Default: 1e+100
Changed value of parameter Method to 2
   Prev: -1  Min: -1  Max: 4  Default: -1
Changed value of parameter MIPFocus to 1
   Prev: 0  Min: 0  Max: 3  Default: 0
Optimize a model with 2410 rows, 3465 columns and 6930 nonzeros
Coefficient statistics:
  Matrix range    [1e+00, 2e+01]
  Objective range [1e+01, 2e+02]
  Bounds range    [1e+00, 1e+00]
  RHS range       [8e+01, 8e+01]
Found heuristic solution: objective 0
Presolve removed 2319 rows and 2378 columns
Presolve time: 0.01s
Presolved: 91 rows, 1087 columns, 2087 nonzeros
Found heuristic solution: objective -39151.00000
Variable types: 0 continuous, 1087 integer (1028 binary)
Optimize a model with 91 rows, 1087 columns and 2087 nonzeros
Coefficient statistics:
  Matrix range    [1e+00, 2e+01]
  Objective range [1e+01, 2e+02]
  Bounds range    [1e+00, 4e+00]
  RHS range       [1e+01, 8e+01]
Presolved: 91 rows, 1087 columns, 2087 nonzeros

Root barrier log...

Ordering time: 0.00s

Barrier statistics:
 AA' NZ     : 9.700e+02
 Factor NZ  : 3.220e+03
 Factor Ops : 1.469e+05 (less than 1 second per iteration)
 Threads    : 1

                  Objective                Residual
Iter       Primal          Dual         Primal    Dual     Compl     Time
   0  -1.45317052e+05 -1.31498891e+05  2.53e+01 2.84e-14  1.75e+02     0s
   1  -5.40859358e+04 -9.46343348e+04  2.41e+00 1.15e+01  3.34e+01     0s
   2  -4.79777779e+04 -5.55736106e+04  1.20e-01 5.64e-01  3.83e+00     0s
   3  -4.98564087e+04 -5.17695338e+04  9.90e-03 1.35e-01  8.81e-01     0s
   4  -5.00971235e+04 -5.07602202e+04  3.83e-03 4.27e-02  3.07e-01     0s
   5  -5.02028329e+04 -5.04953989e+04  1.71e-03 1.38e-02  1.35e-01     0s
   6  -5.02677324e+04 -5.03616068e+04  3.92e-04 4.37e-03  4.30e-02     0s
   7  -5.02883279e+04 -5.03054280e+04  1.47e-05 6.65e-04  7.68e-03     0s
   8  -5.02918958e+04 -5.02919137e+04  0.00e+00 8.53e-14  7.92e-06     0s
   9  -5.02919000e+04 -5.02919000e+04  0.00e+00 8.53e-14  7.94e-12     0s

Barrier solved model in 9 iterations and 0.02 seconds
Optimal objective -5.02919000e+04


Root relaxation: objective -5.029190e+04, 224 iterations, 0.01 seconds

    Nodes    |    Current Node    |     Objective Bounds      |     Work
 Expl Unexpl |  Obj  Depth IntInf | Incumbent    BestBd   Gap | It/Node Time

     0     0 -50291.900    0   58 -39151.000 -50291.900  28.5%     -    0s
H    0     0                    -48738.00000 -50291.900  3.19%     -    0s
H    0     0                    -49052.00000 -50291.900  2.53%     -    0s
H    0     0                    -49192.00000 -50291.900  2.24%     -    0s
H    0     0                    -49202.00000 -50291.900  2.22%     -    0s
     0     0 -49623.250    0   87 -49202.000 -49623.250  0.86%     -    0s

Cutting planes:
  Cover: 69
  MIR: 11

Explored 0 nodes (599 simplex iterations) in 0.08 seconds
Thread count was 16 (of 16 available processors)

Optimal solution found (tolerance 1.00e-02)
Best objective -4.920200000000e+04, best bound -4.962300000000e+04, gap 0.8557%
Changed value of parameter MIPGap to 0.01
   Prev: 0.0001  Min: 0.0  Max: 1e+100  Default: 0.0001
Changed value of parameter TimeLimit to 1800.0
   Prev: 1e+100  Min: 0.0  Max: 1e+100  Default: 1e+100
Changed value of parameter Method to 2
   Prev: -1  Min: -1  Max: 4  Default: -1
Changed value of parameter MIPFocus to 1
   Prev: 0  Min: 0  Max: 3  Default: 0
Optimize a model with 2410 rows, 3465 columns and 6930 nonzeros
Coefficient statistics:
  Matrix range    [1e+00, 2e+01]
  Objective range [2e+01, 4e+02]
  Bounds range    [1e+00, 1e+00]
  RHS range       [8e+01, 8e+01]
Found heuristic solution: objective 0
Presolve removed 2319 rows and 2378 columns
Presolve time: 0.01s
Presolved: 91 rows, 1087 columns, 2087 nonzeros
Found heuristic solution: objective -77601.00000
Variable types: 0 continuous, 1087 integer (1028 binary)
Optimize a model with 91 rows, 1087 columns and 2087 nonzeros
Coefficient statistics:
  Matrix range    [1e+00, 2e+01]
  Objective range [2e+01, 4e+02]
  Bounds range    [1e+00, 4e+00]
  RHS range       [1e+01, 8e+01]
Presolved: 91 rows, 1087 columns, 2087 nonzeros

Root barrier log...

Ordering time: 0.00s

Barrier statistics:
 AA' NZ     : 9.700e+02
 Factor NZ  : 3.220e+03
 Factor Ops : 1.469e+05 (less than 1 second per iteration)
 Threads    : 1

                  Objective                Residual
Iter       Primal          Dual         Primal    Dual     Compl     Time
   0  -2.85591297e+05 -2.63888636e+05  2.53e+01 5.68e-14  3.53e+02     0s
   1  -1.07340054e+05 -1.89745089e+05  2.41e+00 2.35e+01  6.75e+01     0s
   2  -9.55194626e+04 -1.10912007e+05  1.21e-01 1.16e+00  7.76e+00     0s
   3  -9.94051378e+04 -1.03225913e+05  9.94e-03 2.71e-01  1.76e+00     0s
   4  -1.00054486e+05 -1.01372618e+05  1.74e-03 9.93e-02  5.95e-01     0s
   5  -1.00204342e+05 -1.00801257e+05  5.93e-04 4.37e-02  2.68e-01     0s
   6  -1.00275424e+05 -1.00453754e+05  1.09e-04 1.07e-02  7.99e-02     0s
   7  -1.00301007e+05 -1.00311070e+05  0.00e+00 1.71e-13  4.45e-03     0s
   8  -1.00303564e+05 -1.00303574e+05  0.00e+00 1.71e-13  4.45e-06     0s
   9  -1.00303567e+05 -1.00303567e+05  0.00e+00 1.42e-13  4.49e-12     0s

Barrier solved model in 9 iterations and 0.02 seconds
Optimal objective -1.00303567e+05


Root relaxation: objective -1.003036e+05, 224 iterations, 0.01 seconds

    Nodes    |    Current Node    |     Objective Bounds      |     Work
 Expl Unexpl |  Obj  Depth IntInf | Incumbent    BestBd   Gap | It/Node Time

     0     0 -100303.57    0   59 -77601.000 -100303.57  29.3%     -    0s
H    0     0                    -96687.00000 -100303.57  3.74%     -    0s
H    0     0                    -97745.00000 -100303.57  2.62%     -    0s
H    0     0                    -98022.00000 -100303.57  2.33%     -    0s
     0     0 -98857.922    0   84 -98022.000 -98857.922  0.85%     -    0s

Cutting planes:
  Cover: 71
  MIR: 9

Explored 0 nodes (580 simplex iterations) in 0.08 seconds
Thread count was 16 (of 16 available processors)

Optimal solution found (tolerance 1.00e-02)
Best objective -9.802200000000e+04, best bound -9.885700000000e+04, gap 0.8518%
Changed value of parameter MIPGap to 0.01
   Prev: 0.0001  Min: 0.0  Max: 1e+100  Default: 0.0001
Changed value of parameter TimeLimit to 1800.0
   Prev: 1e+100  Min: 0.0  Max: 1e+100  Default: 1e+100
Changed value of parameter Method to 2
   Prev: -1  Min: -1  Max: 4  Default: -1
Changed value of parameter MIPFocus to 1
   Prev: 0  Min: 0  Max: 3  Default: 0
Optimize a model with 2410 rows, 3465 columns and 6930 nonzeros
Coefficient statistics:
  Matrix range    [1e+00, 2e+01]
  Objective range [5e+01, 1e+03]
  Bounds range    [1e+00, 1e+00]
  RHS range       [8e+01, 8e+01]
Found heuristic solution: objective 0
Presolve removed 2319 rows and 2378 columns
Presolve time: 0.01s
Presolved: 91 rows, 1087 columns, 2087 nonzeros
Found heuristic solution: objective -192951.0000
Variable types: 0 continuous, 1087 integer (1028 binary)
Optimize a model with 91 rows, 1087 columns and 2087 nonzeros
Coefficient statistics:
  Matrix range    [1e+00, 2e+01]
  Objective range [5e+01, 1e+03]
  Bounds range    [1e+00, 4e+00]
  RHS range       [1e+01, 8e+01]
Presolved: 91 rows, 1087 columns, 2087 nonzeros

Root barrier log...

Ordering time: 0.00s

Barrier statistics:
 AA' NZ     : 9.700e+02
 Factor NZ  : 3.220e+03
 Factor Ops : 1.469e+05 (less than 1 second per iteration)
 Threads    : 1

                  Objective                Residual
Iter       Primal          Dual         Primal    Dual     Compl     Time
   0  -7.06412738e+05 -6.61057871e+05  2.53e+01 1.14e-13  8.88e+02     0s
   1  -2.67105648e+05 -4.75076339e+05  2.42e+00 5.94e+01  1.70e+02     0s
   2  -2.38144732e+05 -2.76924619e+05  1.22e-01 2.93e+00  1.95e+01     0s
   3  -2.48073890e+05 -2.57586494e+05  9.77e-03 6.80e-01  4.38e+00     0s
   4  -2.49734713e+05 -2.52914357e+05  1.67e-03 2.41e-01  1.43e+00     0s
   5  -2.50113149e+05 -2.51634376e+05  4.45e-04 1.16e-01  6.82e-01     0s
   6  -2.50281764e+05 -2.50715915e+05  3.71e-05 2.95e-02  1.94e-01     0s
   7  -2.50335818e+05 -2.50352648e+05  0.00e+00 4.22e-04  7.44e-03     0s
   8  -2.50338564e+05 -2.50338581e+05  0.00e+00 5.12e-13  7.53e-06     0s
   9  -2.50338567e+05 -2.50338567e+05  0.00e+00 5.68e-13  7.54e-12     0s

Barrier solved model in 9 iterations and 0.02 seconds
Optimal objective -2.50338567e+05


Root relaxation: objective -2.503386e+05, 224 iterations, 0.01 seconds

    Nodes    |    Current Node    |     Objective Bounds      |     Work
 Expl Unexpl |  Obj  Depth IntInf | Incumbent    BestBd   Gap | It/Node Time

     0     0 -250338.57    0   54 -192951.00 -250338.57  29.7%     -    0s
H    0     0                    -242241.0000 -250338.57  3.34%     -    0s
H    0     0                    -243883.0000 -250338.57  2.65%     -    0s
     0     0 -246457.14    0   78 -243883.00 -246457.14  1.06%     -    0s
H    0     0                    -244544.0000 -246457.14  0.78%     -    0s

Cutting planes:
  Cover: 66
  MIR: 13

Explored 0 nodes (632 simplex iterations) in 0.09 seconds
Thread count was 16 (of 16 available processors)

Optimal solution found (tolerance 1.00e-02)
Best objective -2.445440000000e+05, best bound -2.464570000000e+05, gap 0.7823%
Changed value of parameter MIPGap to 0.01
   Prev: 0.0001  Min: 0.0  Max: 1e+100  Default: 0.0001
Changed value of parameter TimeLimit to 1800.0
   Prev: 1e+100  Min: 0.0  Max: 1e+100  Default: 1e+100
Changed value of parameter Method to 2
   Prev: -1  Min: -1  Max: 4  Default: -1
Changed value of parameter MIPFocus to 1
   Prev: 0  Min: 0  Max: 3  Default: 0
Optimize a model with 2410 rows, 3465 columns and 6930 nonzeros
Coefficient statistics:
  Matrix range    [1e+00, 2e+01]
  Objective range [5e+02, 1e+04]
  Bounds range    [1e+00, 1e+00]
  RHS range       [8e+01, 8e+01]
Found heuristic solution: objective 0
Presolve removed 2319 rows and 2378 columns
Presolve time: 0.01s
Presolved: 91 rows, 1087 columns, 2087 nonzeros
Found heuristic solution: objective -1923201.000
Variable types: 0 continuous, 1087 integer (1028 binary)
Optimize a model with 91 rows, 1087 columns and 2087 nonzeros
Coefficient statistics:
  Matrix range    [1e+00, 2e+01]
  Objective range [5e+02, 1e+04]
  Bounds range    [1e+00, 4e+00]
  RHS range       [1e+01, 8e+01]
Presolved: 91 rows, 1087 columns, 2087 nonzeros

Root barrier log...

Ordering time: 0.00s

Barrier statistics:
 AA' NZ     : 9.700e+02
 Factor NZ  : 3.220e+03
 Factor Ops : 1.469e+05 (less than 1 second per iteration)
 Threads    : 1

                  Objective                Residual
Iter       Primal          Dual         Primal    Dual     Compl     Time
   0  -7.01872978e+06 -6.61859640e+06  2.53e+01 1.82e-12  8.91e+03     0s
   1  -2.66360474e+06 -4.75504684e+06  2.42e+00 5.98e+02  1.70e+03     0s
   2  -2.37752961e+06 -2.76709861e+06  1.22e-01 2.95e+01  1.96e+02     0s
   3  -2.47831025e+06 -2.57296584e+06  9.48e-03 6.80e+00  4.35e+01     0s
   4  -2.49499090e+06 -2.52725244e+06  1.60e-03 2.47e+00  1.45e+01     0s
   5  -2.49886396e+06 -2.51457434e+06  4.27e-04 1.18e+00  7.03e+00     0s
   6  -2.50029378e+06 -2.50195622e+06  4.31e-05 3.24e-02  7.50e-01     0s
   7  -2.50085582e+06 -2.50096640e+06  0.00e+00 2.48e-03  4.90e-02     0s
   8  -2.50086349e+06 -2.50086371e+06  0.00e+00 4.09e-12  9.47e-05     0s
   9  -2.50086357e+06 -2.50086357e+06  0.00e+00 3.64e-12  1.46e-10     0s

Barrier solved model in 9 iterations and 0.02 seconds
Optimal objective -2.50086357e+06


Root relaxation: objective -2.500864e+06, 224 iterations, 0.01 seconds

    Nodes    |    Current Node    |     Objective Bounds      |     Work
 Expl Unexpl |  Obj  Depth IntInf | Incumbent    BestBd   Gap | It/Node Time

     0     0 -2500863.6    0   58 -1923201.0 -2500863.6  30.0%     -    0s
H    0     0                    -2424888.000 -2500863.6  3.13%     -    0s
H    0     0                    -2440380.000 -2500863.6  2.48%     -    0s
H    0     0                    -2441382.000 -2500863.6  2.44%     -    0s
H    0     0                    -2441383.000 -2500863.6  2.44%     -    0s
     0     0 -2460978.6    0   85 -2441383.0 -2460978.6  0.80%     -    0s

Cutting planes:
  Cover: 69
  MIR: 12

Explored 0 nodes (607 simplex iterations) in 0.08 seconds
Thread count was 16 (of 16 available processors)

Optimal solution found (tolerance 1.00e-02)
Best objective -2.441383000000e+06, best bound -2.460978000000e+06, gap 0.8026%
