Changed value of parameter MIPGap to 0.01
   Prev: 0.0001  Min: 0.0  Max: 1e+100  Default: 0.0001
Changed value of parameter TimeLimit to 1800.0
   Prev: 1e+100  Min: 0.0  Max: 1e+100  Default: 1e+100
Changed value of parameter Method to 2
   Prev: -1  Min: -1  Max: 4  Default: -1
Changed value of parameter MIPFocus to 1
   Prev: 0  Min: 0  Max: 3  Default: 0
Optimize a model with 2210 rows, 3165 columns and 6330 nonzeros
Coefficient statistics:
  Matrix range    [1e+00, 2e+01]
  Objective range [1e+00, 1e+00]
  Bounds range    [1e+00, 1e+00]
  RHS range       [8e+01, 8e+01]
Found heuristic solution: objective 0
Presolve removed 2148 rows and 2535 columns
Presolve time: 0.07s
Presolved: 62 rows, 630 columns, 1139 nonzeros
Found heuristic solution: objective -832.0000000
Variable types: 0 continuous, 630 integer (535 binary)
Optimize a model with 62 rows, 630 columns and 1139 nonzeros
Coefficient statistics:
  Matrix range    [1e+00, 2e+01]
  Objective range [1e+00, 1e+00]
  Bounds range    [1e+00, 9e+00]
  RHS range       [2e+01, 8e+01]
Presolved: 62 rows, 630 columns, 1139 nonzeros

Root barrier log...

Ordering time: 0.00s

Barrier statistics:
 AA' NZ     : 4.920e+02
 Factor NZ  : 1.635e+03
 Factor Ops : 5.402e+04 (less than 1 second per iteration)
 Threads    : 1

                  Objective                Residual
Iter       Primal          Dual         Primal    Dual     Compl     Time
   0  -2.71457883e+03 -3.06013933e+03  1.71e+01 8.88e-16  6.30e+00     0s
   1  -9.84410135e+02 -2.02656516e+03  1.39e+00 1.04e+00  1.24e+00     0s
   2  -8.77908557e+02 -1.14439256e+03  3.82e-03 1.54e-01  2.17e-01     0s
   3  -9.28470303e+02 -9.66446254e+02  0.00e+00 9.94e-03  2.95e-02     0s
   4  -9.40369867e+02 -9.49911210e+02  0.00e+00 3.55e-15  7.37e-03     0s
   5  -9.43240356e+02 -9.45523178e+02  0.00e+00 7.91e-04  1.76e-03     0s
   6  -9.43875661e+02 -9.44349972e+02  0.00e+00 6.48e-05  3.69e-04     0s
   7  -9.44168912e+02 -9.44185087e+02  0.00e+00 1.78e-15  1.26e-05     0s
   8  -9.44180952e+02 -9.44180953e+02  0.00e+00 3.55e-15  8.05e-10     0s

Barrier solved model in 8 iterations and 0.17 seconds
Optimal objective -9.44180952e+02


Root relaxation: objective -9.441810e+02, 76 iterations, 0.08 seconds

    Nodes    |    Current Node    |     Objective Bounds      |     Work
 Expl Unexpl |  Obj  Depth IntInf | Incumbent    BestBd   Gap | It/Node Time

     0     0 -944.18095    0   33 -832.00000 -944.18095  13.5%     -    0s
H    0     0                    -933.0000000 -944.18095  1.20%     -    0s
H    0     0                    -934.0000000 -944.18095  1.09%     -    0s
H    0     0                    -935.0000000 -944.18095  0.98%     -    0s

Cutting planes:
  Gomory: 6
  MIR: 30

Explored 0 nodes (101 simplex iterations) in 0.25 seconds
Thread count was 16 (of 16 available processors)

Optimal solution found (tolerance 1.00e-02)
Best objective -9.350000000000e+02, best bound -9.440000000000e+02, gap 0.9626%
Changed value of parameter MIPGap to 0.01
   Prev: 0.0001  Min: 0.0  Max: 1e+100  Default: 0.0001
Changed value of parameter TimeLimit to 1800.0
   Prev: 1e+100  Min: 0.0  Max: 1e+100  Default: 1e+100
Changed value of parameter Method to 2
   Prev: -1  Min: -1  Max: 4  Default: -1
Changed value of parameter MIPFocus to 1
   Prev: 0  Min: 0  Max: 3  Default: 0
Optimize a model with 2210 rows, 3165 columns and 6330 nonzeros
Coefficient statistics:
  Matrix range    [1e+00, 2e+01]
  Objective range [1e+00, 1e+00]
  Bounds range    [1e+00, 1e+00]
  RHS range       [8e+01, 8e+01]
Found heuristic solution: objective 0
Presolve removed 2148 rows and 2516 columns
Presolve time: 0.01s
Presolved: 62 rows, 649 columns, 1158 nonzeros
Found heuristic solution: objective -830.7335000
Variable types: 0 continuous, 649 integer (542 binary)
Optimize a model with 62 rows, 649 columns and 1158 nonzeros
Coefficient statistics:
  Matrix range    [1e+00, 2e+01]
  Objective range [1e+00, 1e+00]
  Bounds range    [1e+00, 9e+00]
  RHS range       [2e+01, 8e+01]
Presolved: 62 rows, 649 columns, 1158 nonzeros

Root barrier log...

Ordering time: 0.00s

Barrier statistics:
 AA' NZ     : 4.920e+02
 Factor NZ  : 1.700e+03
 Factor Ops : 5.985e+04 (less than 1 second per iteration)
 Threads    : 1

                  Objective                Residual
Iter       Primal          Dual         Primal    Dual     Compl     Time
   0  -2.86770300e+03 -3.12925338e+03  1.78e+01 1.78e-15  6.51e+00     0s
   1  -1.01014221e+03 -2.09594192e+03  1.57e+00 1.09e+00  1.31e+00     0s
   2  -8.75275126e+02 -1.15080580e+03  3.45e-03 1.46e-01  2.17e-01     0s
   3  -9.29036429e+02 -9.69722141e+02  0.00e+00 1.02e-02  3.07e-02     0s
   4  -9.41583406e+02 -9.51348329e+02  0.00e+00 1.78e-15  7.33e-03     0s
   5  -9.44728868e+02 -9.47389616e+02  0.00e+00 1.78e-15  1.99e-03     0s
   6  -9.45406835e+02 -9.45956008e+02  0.00e+00 5.03e-05  4.14e-04     0s
   7  -9.45730579e+02 -9.45749956e+02  0.00e+00 3.55e-15  1.44e-05     0s
   8  -9.45737476e+02 -9.45737476e+02  0.00e+00 1.78e-15  2.49e-10     0s

Barrier solved model in 8 iterations and 0.02 seconds
Optimal objective -9.45737476e+02


Root relaxation: objective -9.457375e+02, 75 iterations, 0.00 seconds

    Nodes    |    Current Node    |     Objective Bounds      |     Work
 Expl Unexpl |  Obj  Depth IntInf | Incumbent    BestBd   Gap | It/Node Time

     0     0 -945.73748    0   33 -830.73350 -945.73748  13.8%     -    0s
H    0     0                    -934.5280000 -945.73748  1.20%     -    0s
H    0     0                    -936.5360000 -945.73748  0.98%     -    0s

Explored 0 nodes (112 simplex iterations) in 0.04 seconds
Thread count was 16 (of 16 available processors)

Optimal solution found (tolerance 1.00e-02)
Best objective -9.365360000000e+02, best bound -9.457374761905e+02, gap 0.9825%
Changed value of parameter MIPGap to 0.01
   Prev: 0.0001  Min: 0.0  Max: 1e+100  Default: 0.0001
Changed value of parameter TimeLimit to 1800.0
   Prev: 1e+100  Min: 0.0  Max: 1e+100  Default: 1e+100
Changed value of parameter Method to 2
   Prev: -1  Min: -1  Max: 4  Default: -1
Changed value of parameter MIPFocus to 1
   Prev: 0  Min: 0  Max: 3  Default: 0
Optimize a model with 2210 rows, 3165 columns and 6330 nonzeros
Coefficient statistics:
  Matrix range    [1e+00, 2e+01]
  Objective range [1e+00, 1e+00]
  Bounds range    [1e+00, 1e+00]
  RHS range       [8e+01, 8e+01]
Found heuristic solution: objective 0
Presolve removed 2148 rows and 2516 columns
Presolve time: 0.01s
Presolved: 62 rows, 649 columns, 1158 nonzeros
Found heuristic solution: objective -832.4670000
Variable types: 0 continuous, 649 integer (542 binary)
Optimize a model with 62 rows, 649 columns and 1158 nonzeros
Coefficient statistics:
  Matrix range    [1e+00, 2e+01]
  Objective range [1e+00, 1e+00]
  Bounds range    [1e+00, 9e+00]
  RHS range       [2e+01, 8e+01]
Presolved: 62 rows, 649 columns, 1158 nonzeros

Root barrier log...

Ordering time: 0.00s

Barrier statistics:
 AA' NZ     : 4.920e+02
 Factor NZ  : 1.700e+03
 Factor Ops : 5.985e+04 (less than 1 second per iteration)
 Threads    : 1

                  Objective                Residual
Iter       Primal          Dual         Primal    Dual     Compl     Time
   0  -2.87179432e+03 -3.13087734e+03  1.78e+01 1.33e-15  6.51e+00     0s
   1  -1.01169000e+03 -2.09739641e+03  1.57e+00 1.09e+00  1.31e+00     0s
   2  -8.76713923e+02 -1.15213300e+03  3.41e-03 1.46e-01  2.17e-01     0s
   3  -9.30640148e+02 -9.71259800e+02  0.00e+00 1.02e-02  3.07e-02     0s
   4  -9.43020477e+02 -9.52817085e+02  0.00e+00 3.55e-15  7.36e-03     0s
   5  -9.46206703e+02 -9.48952065e+02  0.00e+00 1.78e-15  2.06e-03     0s
   6  -9.46917824e+02 -9.47522871e+02  0.00e+00 1.07e-04  4.57e-04     0s
   7  -9.47284858e+02 -9.47326023e+02  0.00e+00 1.78e-15  3.05e-05     0s
   8  -9.47293969e+02 -9.47294054e+02  0.00e+00 3.55e-15  6.21e-08     0s
   9  -9.47294000e+02 -9.47294000e+02  0.00e+00 3.55e-15  6.21e-11     0s

Barrier solved model in 9 iterations and 0.02 seconds
Optimal objective -9.47294000e+02


Root relaxation: objective -9.472940e+02, 75 iterations, 0.01 seconds

    Nodes    |    Current Node    |     Objective Bounds      |     Work
 Expl Unexpl |  Obj  Depth IntInf | Incumbent    BestBd   Gap | It/Node Time

     0     0 -947.29400    0   32 -832.46700 -947.29400  13.8%     -    0s
H    0     0                    -937.0520000 -947.29400  1.09%     -    0s
H    0     0                    -938.0840000 -947.29400  0.98%     -    0s

Explored 0 nodes (112 simplex iterations) in 0.03 seconds
Thread count was 16 (of 16 available processors)

Optimal solution found (tolerance 1.00e-02)
Best objective -9.380840000000e+02, best bound -9.472940000000e+02, gap 0.9818%
Changed value of parameter MIPGap to 0.01
   Prev: 0.0001  Min: 0.0  Max: 1e+100  Default: 0.0001
Changed value of parameter TimeLimit to 1800.0
   Prev: 1e+100  Min: 0.0  Max: 1e+100  Default: 1e+100
Changed value of parameter Method to 2
   Prev: -1  Min: -1  Max: 4  Default: -1
Changed value of parameter MIPFocus to 1
   Prev: 0  Min: 0  Max: 3  Default: 0
Optimize a model with 2210 rows, 3165 columns and 6330 nonzeros
Coefficient statistics:
  Matrix range    [1e+00, 2e+01]
  Objective range [1e+00, 1e+00]
  Bounds range    [1e+00, 1e+00]
  RHS range       [8e+01, 8e+01]
Found heuristic solution: objective 0
Presolve removed 2148 rows and 2516 columns
Presolve time: 0.01s
Presolved: 62 rows, 649 columns, 1158 nonzeros
Found heuristic solution: objective -835.9340000
Variable types: 0 continuous, 649 integer (542 binary)
Optimize a model with 62 rows, 649 columns and 1158 nonzeros
Coefficient statistics:
  Matrix range    [1e+00, 2e+01]
  Objective range [1e+00, 1e+00]
  Bounds range    [1e+00, 9e+00]
  RHS range       [2e+01, 8e+01]
Presolved: 62 rows, 649 columns, 1158 nonzeros

Root barrier log...

Ordering time: 0.00s

Barrier statistics:
 AA' NZ     : 4.920e+02
 Factor NZ  : 1.700e+03
 Factor Ops : 5.985e+04 (less than 1 second per iteration)
 Threads    : 1

                  Objective                Residual
Iter       Primal          Dual         Primal    Dual     Compl     Time
   0  -2.87997690e+03 -3.13412526e+03  1.78e+01 1.78e-15  6.51e+00     0s
   1  -1.01478638e+03 -2.10030604e+03  1.57e+00 1.09e+00  1.31e+00     0s
   2  -8.79594349e+02 -1.15478802e+03  3.34e-03 1.46e-01  2.16e-01     0s
   3  -9.33853491e+02 -9.74324961e+02  0.00e+00 1.00e-02  3.05e-02     0s
   4  -9.45912749e+02 -9.55739086e+02  0.00e+00 1.78e-15  7.39e-03     0s
   5  -9.49119170e+02 -9.52008941e+02  0.00e+00 1.78e-15  2.17e-03     0s
   6  -9.49941301e+02 -9.50605913e+02  0.00e+00 1.78e-15  5.04e-04     0s
   7  -9.50380212e+02 -9.50416692e+02  0.00e+00 3.55e-15  2.76e-05     0s
   8  -9.50407045e+02 -9.50407050e+02  0.00e+00 3.55e-15  3.14e-09     0s

Barrier solved model in 8 iterations and 0.02 seconds
Optimal objective -9.50407045e+02


Root relaxation: objective -9.504070e+02, 75 iterations, 0.00 seconds

    Nodes    |    Current Node    |     Objective Bounds      |     Work
 Expl Unexpl |  Obj  Depth IntInf | Incumbent    BestBd   Gap | It/Node Time

     0     0 -950.40705    0   33 -835.93400 -950.40705  13.7%     -    0s
H    0     0                    -939.1120000 -950.40705  1.20%     -    0s
H    0     0                    -942.1600000 -950.40705  0.88%     -    0s

Explored 0 nodes (112 simplex iterations) in 0.03 seconds
Thread count was 16 (of 16 available processors)

Optimal solution found (tolerance 1.00e-02)
Best objective -9.421600000000e+02, best bound -9.504070476190e+02, gap 0.8753%
Changed value of parameter MIPGap to 0.01
   Prev: 0.0001  Min: 0.0  Max: 1e+100  Default: 0.0001
Changed value of parameter TimeLimit to 1800.0
   Prev: 1e+100  Min: 0.0  Max: 1e+100  Default: 1e+100
Changed value of parameter Method to 2
   Prev: -1  Min: -1  Max: 4  Default: -1
Changed value of parameter MIPFocus to 1
   Prev: 0  Min: 0  Max: 3  Default: 0
Optimize a model with 2210 rows, 3165 columns and 6330 nonzeros
Coefficient statistics:
  Matrix range    [1e+00, 2e+01]
  Objective range [1e+00, 1e+00]
  Bounds range    [1e+00, 1e+00]
  RHS range       [8e+01, 8e+01]
Found heuristic solution: objective 0
Presolve removed 2148 rows and 2516 columns
Presolve time: 0.01s
Presolved: 62 rows, 649 columns, 1158 nonzeros
Found heuristic solution: objective -842.8680000
Variable types: 0 continuous, 649 integer (542 binary)
Optimize a model with 62 rows, 649 columns and 1158 nonzeros
Coefficient statistics:
  Matrix range    [1e+00, 2e+01]
  Objective range [1e+00, 1e+00]
  Bounds range    [1e+00, 9e+00]
  RHS range       [2e+01, 8e+01]
Presolved: 62 rows, 649 columns, 1158 nonzeros

Root barrier log...

Ordering time: 0.00s

Barrier statistics:
 AA' NZ     : 4.920e+02
 Factor NZ  : 1.700e+03
 Factor Ops : 5.985e+04 (less than 1 second per iteration)
 Threads    : 1

                  Objective                Residual
Iter       Primal          Dual         Primal    Dual     Compl     Time
   0  -2.89634173e+03 -3.14062109e+03  1.78e+01 8.88e-16  6.51e+00     0s
   1  -1.02098235e+03 -2.10612792e+03  1.57e+00 1.09e+00  1.31e+00     0s
   2  -8.85366500e+02 -1.16009813e+03  3.18e-03 1.45e-01  2.16e-01     0s
   3  -9.40307894e+02 -9.81255743e+02  0.00e+00 1.03e-02  3.09e-02     0s
   4  -9.52030626e+02 -9.61963440e+02  0.00e+00 1.78e-15  7.48e-03     0s
   5  -9.55606240e+02 -9.58597432e+02  0.00e+00 1.78e-15  2.24e-03     0s
   6  -9.56167856e+02 -9.56969462e+02  0.00e+00 1.78e-15  6.06e-04     0s
   7  -9.56515184e+02 -9.56701193e+02  0.00e+00 3.55e-15  1.41e-04     0s
   8  -9.56632155e+02 -9.56633720e+02  0.00e+00 3.55e-15  1.18e-06     0s
   9  -9.56633142e+02 -9.56633143e+02  0.00e+00 3.55e-15  1.18e-09     0s

Barrier solved model in 9 iterations and 0.02 seconds
Optimal objective -9.56633142e+02


Root relaxation: objective -9.566331e+02, 75 iterations, 0.01 seconds

    Nodes    |    Current Node    |     Objective Bounds      |     Work
 Expl Unexpl |  Obj  Depth IntInf | Incumbent    BestBd   Gap | It/Node Time

     0     0 -956.63314    0   34 -842.86800 -956.63314  13.5%     -    0s
H    0     0                    -946.2080000 -956.63314  1.10%     -    0s
H    0     0                    -946.3040000 -956.63314  1.09%     -    0s
H    0     0                    -948.3200000 -956.63314  0.88%     -    0s
H    0     0                    -949.2920000 -956.63314  0.77%     -    0s

Cutting planes:
  Gomory: 5
  MIR: 32

Explored 0 nodes (121 simplex iterations) in 0.05 seconds
Thread count was 16 (of 16 available processors)

Optimal solution found (tolerance 1.00e-02)
Best objective -9.492920000000e+02, best bound -9.566331428572e+02, gap 0.7733%
Changed value of parameter MIPGap to 0.01
   Prev: 0.0001  Min: 0.0  Max: 1e+100  Default: 0.0001
Changed value of parameter TimeLimit to 1800.0
   Prev: 1e+100  Min: 0.0  Max: 1e+100  Default: 1e+100
Changed value of parameter Method to 2
   Prev: -1  Min: -1  Max: 4  Default: -1
Changed value of parameter MIPFocus to 1
   Prev: 0  Min: 0  Max: 3  Default: 0
Optimize a model with 2210 rows, 3165 columns and 6330 nonzeros
Coefficient statistics:
  Matrix range    [1e+00, 2e+01]
  Objective range [1e+00, 1e+00]
  Bounds range    [1e+00, 1e+00]
  RHS range       [8e+01, 8e+01]
Found heuristic solution: objective 0
Presolve removed 2148 rows and 2516 columns
Presolve time: 0.01s
Presolved: 62 rows, 649 columns, 1158 nonzeros
Found heuristic solution: objective -846.3350000
Variable types: 0 continuous, 649 integer (542 binary)
Optimize a model with 62 rows, 649 columns and 1158 nonzeros
Coefficient statistics:
  Matrix range    [1e+00, 2e+01]
  Objective range [1e+00, 1e+00]
  Bounds range    [1e+00, 9e+00]
  RHS range       [2e+01, 8e+01]
Presolved: 62 rows, 649 columns, 1158 nonzeros

Root barrier log...

Ordering time: 0.00s

Barrier statistics:
 AA' NZ     : 4.920e+02
 Factor NZ  : 1.700e+03
 Factor Ops : 5.985e+04 (less than 1 second per iteration)
 Threads    : 1

                  Objective                Residual
Iter       Primal          Dual         Primal    Dual     Compl     Time
   0  -2.90452400e+03 -3.14386901e+03  1.78e+01 1.33e-15  6.51e+00     0s
   1  -1.02408192e+03 -2.10904018e+03  1.57e+00 1.09e+00  1.31e+00     0s
   2  -8.88258207e+02 -1.16275310e+03  3.10e-03 1.44e-01  2.15e-01     0s
   3  -9.43547218e+02 -9.84881948e+02  0.00e+00 1.06e-02  3.11e-02     0s
   4  -9.55032117e+02 -9.65500361e+02  0.00e+00 1.78e-15  7.88e-03     0s
   5  -9.58733697e+02 -9.61720832e+02  0.00e+00 1.78e-15  2.24e-03     0s
   6  -9.59501329e+02 -9.60042179e+02  0.00e+00 1.68e-04  4.06e-04     0s
   7  -9.59669923e+02 -9.59828574e+02  0.00e+00 1.69e-05  1.19e-04     0s
   8  -9.59742617e+02 -9.59749072e+02  0.00e+00 3.55e-15  4.82e-06     0s
   9  -9.59746187e+02 -9.59746193e+02  0.00e+00 3.55e-15  4.82e-09     0s

Barrier solved model in 9 iterations and 0.02 seconds
Optimal objective -9.59746187e+02


Root relaxation: objective -9.597462e+02, 77 iterations, 0.01 seconds

    Nodes    |    Current Node    |     Objective Bounds      |     Work
 Expl Unexpl |  Obj  Depth IntInf | Incumbent    BestBd   Gap | It/Node Time

     0     0 -959.74619    0   35 -846.33500 -959.74619  13.4%     -    0s
H    0     0                    -948.2200000 -959.74619  1.22%     -    0s
H    0     0                    -949.4400000 -959.74619  1.09%     -    0s
H    0     0                    -951.4000000 -959.74619  0.88%     -    0s

Cutting planes:
  Gomory: 5
  MIR: 33

Explored 0 nodes (109 simplex iterations) in 0.04 seconds
Thread count was 16 (of 16 available processors)

Optimal solution found (tolerance 1.00e-02)
Best objective -9.514000000000e+02, best bound -9.597450000000e+02, gap 0.8771%
Changed value of parameter MIPGap to 0.01
   Prev: 0.0001  Min: 0.0  Max: 1e+100  Default: 0.0001
Changed value of parameter TimeLimit to 1800.0
   Prev: 1e+100  Min: 0.0  Max: 1e+100  Default: 1e+100
Changed value of parameter Method to 2
   Prev: -1  Min: -1  Max: 4  Default: -1
Changed value of parameter MIPFocus to 1
   Prev: 0  Min: 0  Max: 3  Default: 0
Optimize a model with 2210 rows, 3165 columns and 6330 nonzeros
Coefficient statistics:
  Matrix range    [1e+00, 2e+01]
  Objective range [1e+00, 1e+00]
  Bounds range    [1e+00, 1e+00]
  RHS range       [8e+01, 8e+01]
Found heuristic solution: objective 0
Presolve removed 2148 rows and 2516 columns
Presolve time: 0.01s
Presolved: 62 rows, 649 columns, 1158 nonzeros
Found heuristic solution: objective -863.6700000
Variable types: 0 continuous, 649 integer (542 binary)
Optimize a model with 62 rows, 649 columns and 1158 nonzeros
Coefficient statistics:
  Matrix range    [1e+00, 2e+01]
  Objective range [1e+00, 1e+00]
  Bounds range    [1e+00, 9e+00]
  RHS range       [2e+01, 8e+01]
Presolved: 62 rows, 649 columns, 1158 nonzeros

Root barrier log...

Ordering time: 0.00s

Barrier statistics:
 AA' NZ     : 4.920e+02
 Factor NZ  : 1.700e+03
 Factor Ops : 5.985e+04 (less than 1 second per iteration)
 Threads    : 1

                  Objective                Residual
Iter       Primal          Dual         Primal    Dual     Compl     Time
   0  -2.94543379e+03 -3.16010858e+03  1.78e+01 1.78e-15  6.51e+00     0s
   1  -1.03959572e+03 -2.12361459e+03  1.56e+00 1.08e+00  1.31e+00     0s
   2  -9.02772579e+02 -1.17594100e+03  2.72e-03 1.42e-01  2.13e-01     0s
   3  -9.59324106e+02 -9.98910639e+02  0.00e+00 8.75e-03  2.97e-02     0s
   4  -9.70114058e+02 -9.81642834e+02  0.00e+00 1.78e-15  8.65e-03     0s
   5  -9.74781399e+02 -9.77915393e+02  0.00e+00 1.78e-15  2.34e-03     0s
   6  -9.75576237e+02 -9.76738388e+02  0.00e+00 1.78e-15  8.69e-04     0s
   7  -9.75889541e+02 -9.76378765e+02  0.00e+00 3.55e-15  3.68e-04     0s
   8  -9.76076698e+02 -9.76298805e+02  0.00e+00 1.78e-15  1.67e-04     0s
   9  -9.76226014e+02 -9.76242992e+02  0.00e+00 3.55e-15  1.27e-05     0s
  10  -9.76237123e+02 -9.76237182e+02  0.00e+00 3.55e-15  4.38e-08     0s
  11  -9.76237143e+02 -9.76237143e+02  0.00e+00 3.55e-15  4.38e-11     0s

Barrier solved model in 11 iterations and 0.02 seconds
Optimal objective -9.76237143e+02


Root relaxation: objective -9.762371e+02, 63 iterations, 0.01 seconds

    Nodes    |    Current Node    |     Objective Bounds      |     Work
 Expl Unexpl |  Obj  Depth IntInf | Incumbent    BestBd   Gap | It/Node Time

     0     0 -976.23714    0   35 -863.67000 -976.23714  13.0%     -    0s
H    0     0                    -965.9500000 -976.23714  1.06%     -    0s
H    0     0                    -967.0800000 -976.23714  0.95%     -    0s

Explored 0 nodes (96 simplex iterations) in 0.03 seconds
Thread count was 16 (of 16 available processors)

Optimal solution found (tolerance 1.00e-02)
Best objective -9.670800000000e+02, best bound -9.762300000000e+02, gap 0.9461%
Changed value of parameter MIPGap to 0.01
   Prev: 0.0001  Min: 0.0  Max: 1e+100  Default: 0.0001
Changed value of parameter TimeLimit to 1800.0
   Prev: 1e+100  Min: 0.0  Max: 1e+100  Default: 1e+100
Changed value of parameter Method to 2
   Prev: -1  Min: -1  Max: 4  Default: -1
Changed value of parameter MIPFocus to 1
   Prev: 0  Min: 0  Max: 3  Default: 0
Optimize a model with 2210 rows, 3165 columns and 6330 nonzeros
Coefficient statistics:
  Matrix range    [1e+00, 2e+01]
  Objective range [1e+00, 1e+00]
  Bounds range    [1e+00, 1e+00]
  RHS range       [8e+01, 8e+01]
Found heuristic solution: objective 0
Presolve removed 2148 rows and 2516 columns
Presolve time: 0.01s
Presolved: 62 rows, 649 columns, 1158 nonzeros
Found heuristic solution: objective -898.3400000
Variable types: 0 continuous, 649 integer (542 binary)
Optimize a model with 62 rows, 649 columns and 1158 nonzeros
Coefficient statistics:
  Matrix range    [1e+00, 2e+01]
  Objective range [1e+00, 1e+00]
  Bounds range    [1e+00, 9e+00]
  RHS range       [2e+01, 8e+01]
Presolved: 62 rows, 649 columns, 1158 nonzeros

Root barrier log...

Ordering time: 0.00s

Barrier statistics:
 AA' NZ     : 4.920e+02
 Factor NZ  : 1.700e+03
 Factor Ops : 5.985e+04 (less than 1 second per iteration)
 Threads    : 1

                  Objective                Residual
Iter       Primal          Dual         Primal    Dual     Compl     Time
   0  -3.02724569e+03 -3.19258774e+03  1.78e+01 1.33e-15  6.51e+00     0s
   1  -1.07070245e+03 -2.15282915e+03  1.55e+00 1.07e+00  1.30e+00     0s
   2  -9.32100374e+02 -1.21825273e+03  2.21e-03 1.65e-01  2.21e-01     0s
   3  -9.92418001e+02 -1.03429071e+03  5.68e-04 1.07e-02  3.13e-02     0s
   4  -1.00241304e+03 -1.01723624e+03  6.02e-05 3.55e-15  1.11e-02     0s
   5  -1.00670565e+03 -1.01243020e+03  0.00e+00 1.78e-15  4.27e-03     0s
   6  -1.00833837e+03 -1.01065421e+03  0.00e+00 1.78e-15  1.73e-03     0s
   7  -1.00930205e+03 -1.01009839e+03  0.00e+00 1.78e-15  5.96e-04     0s
   8  -1.00974589e+03 -1.00985648e+03  0.00e+00 3.55e-15  8.30e-05     0s
   9  -1.00983504e+03 -1.00983713e+03  0.00e+00 3.55e-15  1.54e-06     0s
  10  -1.00983619e+03 -1.00983619e+03  0.00e+00 5.33e-15  1.54e-09     0s

Barrier solved model in 10 iterations and 0.02 seconds
Optimal objective -1.00983619e+03


Root relaxation: objective -1.009836e+03, 63 iterations, 0.01 seconds

    Nodes    |    Current Node    |     Objective Bounds      |     Work
 Expl Unexpl |  Obj  Depth IntInf | Incumbent    BestBd   Gap | It/Node Time

     0     0 -1009.8362    0   35 -898.34000 -1009.8362  12.4%     -    0s
H    0     0                    -997.9000000 -1009.8362  1.20%     -    0s
H    0     0                    -998.6200000 -1009.8362  1.12%     -    0s
     0     0 -1004.2700    0   41 -998.62000 -1004.2700  0.57%     -    0s

Cutting planes:
  Gomory: 3
  MIR: 38

Explored 0 nodes (155 simplex iterations) in 0.04 seconds
Thread count was 16 (of 16 available processors)

Optimal solution found (tolerance 1.00e-02)
Best objective -9.986200000000e+02, best bound -1.004260000000e+03, gap 0.5648%
Changed value of parameter MIPGap to 0.01
   Prev: 0.0001  Min: 0.0  Max: 1e+100  Default: 0.0001
Changed value of parameter TimeLimit to 1800.0
   Prev: 1e+100  Min: 0.0  Max: 1e+100  Default: 1e+100
Changed value of parameter Method to 2
   Prev: -1  Min: -1  Max: 4  Default: -1
Changed value of parameter MIPFocus to 1
   Prev: 0  Min: 0  Max: 3  Default: 0
Optimize a model with 2210 rows, 3165 columns and 6330 nonzeros
Coefficient statistics:
  Matrix range    [1e+00, 2e+01]
  Objective range [1e+00, 2e+00]
  Bounds range    [1e+00, 1e+00]
  RHS range       [8e+01, 8e+01]
Found heuristic solution: objective 0
Presolve removed 2148 rows and 2516 columns
Presolve time: 0.01s
Presolved: 62 rows, 649 columns, 1158 nonzeros
Found heuristic solution: objective -967.6800000
Variable types: 0 continuous, 649 integer (542 binary)
Optimize a model with 62 rows, 649 columns and 1158 nonzeros
Coefficient statistics:
  Matrix range    [1e+00, 2e+01]
  Objective range [1e+00, 2e+00]
  Bounds range    [1e+00, 9e+00]
  RHS range       [2e+01, 8e+01]
Presolved: 62 rows, 649 columns, 1158 nonzeros

Root barrier log...

Ordering time: 0.00s

Barrier statistics:
 AA' NZ     : 4.920e+02
 Factor NZ  : 1.700e+03
 Factor Ops : 5.985e+04 (less than 1 second per iteration)
 Threads    : 1

                  Objective                Residual
Iter       Primal          Dual         Primal    Dual     Compl     Time
   0  -3.19083890e+03 -3.25754606e+03  1.78e+01 1.33e-15  6.52e+00     0s
   1  -1.13322903e+03 -2.21152182e+03  1.52e+00 1.05e+00  1.30e+00     0s
   2  -9.92583057e+02 -1.27181110e+03  1.45e-03 1.56e-01  2.13e-01     0s
   3  -1.05649454e+03 -1.10057310e+03  4.24e-04 1.06e-02  3.28e-02     0s
   4  -1.06723698e+03 -1.08380587e+03  9.57e-05 1.78e-15  1.23e-02     0s
   5  -1.07306113e+03 -1.07880168e+03  0.00e+00 1.78e-15  4.27e-03     0s
   6  -1.07504947e+03 -1.07758377e+03  0.00e+00 1.78e-15  1.89e-03     0s
   7  -1.07658302e+03 -1.07716259e+03  0.00e+00 1.78e-15  4.32e-04     0s
   8  -1.07701619e+03 -1.07707176e+03  0.00e+00 3.55e-15  4.13e-05     0s
   9  -1.07705364e+03 -1.07705392e+03  0.00e+00 1.78e-15  2.11e-07     0s
  10  -1.07705371e+03 -1.07705371e+03  0.00e+00 3.55e-15  2.11e-10     0s

Barrier solved model in 10 iterations and 0.02 seconds
Optimal objective -1.07705371e+03


Root relaxation: objective -1.077054e+03, 55 iterations, 0.01 seconds

    Nodes    |    Current Node    |     Objective Bounds      |     Work
 Expl Unexpl |  Obj  Depth IntInf | Incumbent    BestBd   Gap | It/Node Time

     0     0 -1077.0537    0   36 -967.68000 -1077.0537  11.3%     -    0s
H    0     0                    -1061.800000 -1077.0537  1.44%     -    0s
H    0     0                    -1062.280000 -1077.0537  1.39%     -    0s
H    0     0                    -1064.120000 -1077.0537  1.22%     -    0s
     0     0 -1070.6593    0   51 -1064.1200 -1070.6593  0.61%     -    0s

Cutting planes:
  Gomory: 5
  MIR: 36

Explored 0 nodes (167 simplex iterations) in 0.05 seconds
Thread count was 16 (of 16 available processors)

Optimal solution found (tolerance 1.00e-02)
Best objective -1.064120000000e+03, best bound -1.070640000000e+03, gap 0.6127%
Changed value of parameter MIPGap to 0.01
   Prev: 0.0001  Min: 0.0  Max: 1e+100  Default: 0.0001
Changed value of parameter TimeLimit to 1800.0
   Prev: 1e+100  Min: 0.0  Max: 1e+100  Default: 1e+100
Changed value of parameter Method to 2
   Prev: -1  Min: -1  Max: 4  Default: -1
Changed value of parameter MIPFocus to 1
   Prev: 0  Min: 0  Max: 3  Default: 0
Optimize a model with 2210 rows, 3165 columns and 6330 nonzeros
Coefficient statistics:
  Matrix range    [1e+00, 2e+01]
  Objective range [1e+00, 2e+00]
  Bounds range    [1e+00, 1e+00]
  RHS range       [8e+01, 8e+01]
Found heuristic solution: objective 0
Presolve removed 2148 rows and 2516 columns
Presolve time: 0.01s
Presolved: 62 rows, 649 columns, 1158 nonzeros
Found heuristic solution: objective -1002.350000
Variable types: 0 continuous, 649 integer (542 binary)
Optimize a model with 62 rows, 649 columns and 1158 nonzeros
Coefficient statistics:
  Matrix range    [1e+00, 2e+01]
  Objective range [1e+00, 2e+00]
  Bounds range    [1e+00, 9e+00]
  RHS range       [2e+01, 8e+01]
Presolved: 62 rows, 649 columns, 1158 nonzeros

Root barrier log...

Ordering time: 0.00s

Barrier statistics:
 AA' NZ     : 4.920e+02
 Factor NZ  : 1.700e+03
 Factor Ops : 5.985e+04 (less than 1 second per iteration)
 Threads    : 1

                  Objective                Residual
Iter       Primal          Dual         Primal    Dual     Compl     Time
   0  -3.27262027e+03 -3.29002521e+03  1.78e+01 1.78e-15  6.52e+00     0s
   1  -1.16464926e+03 -2.24099887e+03  1.51e+00 1.04e+00  1.29e+00     0s
   2  -1.02350716e+03 -1.29754270e+03  1.06e-03 1.49e-01  2.08e-01     0s
   3  -1.09135687e+03 -1.12851880e+03  5.66e-05 5.06e-03  2.76e-02     0s
   4  -1.10079560e+03 -1.11545673e+03  0.00e+00 3.55e-15  1.09e-02     0s
   5  -1.10755330e+03 -1.11254850e+03  0.00e+00 1.78e-15  3.71e-03     0s
   6  -1.10940572e+03 -1.11126176e+03  0.00e+00 1.78e-15  1.38e-03     0s
   7  -1.11052437e+03 -1.11079038e+03  0.00e+00 1.78e-15  1.98e-04     0s
   8  -1.11073207e+03 -1.11073980e+03  0.00e+00 1.78e-15  5.71e-06     0s
   9  -1.11073555e+03 -1.11073556e+03  0.00e+00 3.55e-15  5.77e-09     0s

Barrier solved model in 9 iterations and 0.02 seconds
Optimal objective -1.11073555e+03


Root relaxation: objective -1.110736e+03, 69 iterations, 0.01 seconds

    Nodes    |    Current Node    |     Objective Bounds      |     Work
 Expl Unexpl |  Obj  Depth IntInf | Incumbent    BestBd   Gap | It/Node Time

     0     0 -1110.7356    0   37 -1002.3500 -1110.7356  10.8%     -    0s
H    0     0                    -1094.350000 -1110.7356  1.50%     -    0s
H    0     0                    -1095.400000 -1110.7356  1.40%     -    0s
H    0     0                    -1095.800000 -1110.7356  1.36%     -    0s
     0     0 -1103.7525    0   47 -1095.8000 -1103.7525  0.73%     -    0s

Cutting planes:
  Gomory: 3
  MIR: 40

Explored 0 nodes (193 simplex iterations) in 0.04 seconds
Thread count was 16 (of 16 available processors)

Optimal solution found (tolerance 1.00e-02)
Best objective -1.095800000000e+03, best bound -1.103750000000e+03, gap 0.7255%
Changed value of parameter MIPGap to 0.01
   Prev: 0.0001  Min: 0.0  Max: 1e+100  Default: 0.0001
Changed value of parameter TimeLimit to 1800.0
   Prev: 1e+100  Min: 0.0  Max: 1e+100  Default: 1e+100
Changed value of parameter Method to 2
   Prev: -1  Min: -1  Max: 4  Default: -1
Changed value of parameter MIPFocus to 1
   Prev: 0  Min: 0  Max: 3  Default: 0
Optimize a model with 2210 rows, 3165 columns and 6330 nonzeros
Coefficient statistics:
  Matrix range    [1e+00, 2e+01]
  Objective range [1e+00, 3e+00]
  Bounds range    [1e+00, 1e+00]
  RHS range       [8e+01, 8e+01]
Found heuristic solution: objective 0
Presolve removed 2148 rows and 2516 columns
Presolve time: 0.01s
Presolved: 62 rows, 649 columns, 1158 nonzeros
Found heuristic solution: objective -1175.700000
Variable types: 0 continuous, 649 integer (542 binary)
Optimize a model with 62 rows, 649 columns and 1158 nonzeros
Coefficient statistics:
  Matrix range    [1e+00, 2e+01]
  Objective range [1e+00, 3e+00]
  Bounds range    [1e+00, 9e+00]
  RHS range       [2e+01, 8e+01]
Presolved: 62 rows, 649 columns, 1158 nonzeros

Root barrier log...

Ordering time: 0.00s

Barrier statistics:
 AA' NZ     : 4.920e+02
 Factor NZ  : 1.700e+03
 Factor Ops : 5.985e+04 (less than 1 second per iteration)
 Threads    : 1

                  Objective                Residual
Iter       Primal          Dual         Primal    Dual     Compl     Time
   0  -3.68137586e+03 -3.45242100e+03  1.78e+01 8.88e-16  6.53e+00     0s
   1  -1.32398681e+03 -2.51813771e+03  1.44e+00 9.80e-01  1.38e+00     0s
   2  -1.17944051e+03 -1.42385284e+03  0.00e+00 8.16e-02  1.82e-01     0s
   3  -1.26299453e+03 -1.29896621e+03  0.00e+00 2.41e-03  2.65e-02     0s
   4  -1.27487158e+03 -1.28727187e+03  0.00e+00 3.55e-15  9.13e-03     0s
   5  -1.28002385e+03 -1.28392264e+03  0.00e+00 3.55e-15  2.87e-03     0s
   6  -1.28100776e+03 -1.28263562e+03  0.00e+00 3.55e-15  1.20e-03     0s
   7  -1.28153036e+03 -1.28211652e+03  0.00e+00 1.78e-15  4.32e-04     0s
   8  -1.28177966e+03 -1.28196111e+03  0.00e+00 3.55e-15  1.34e-04     0s
   9  -1.28191829e+03 -1.28192188e+03  0.00e+00 3.55e-15  2.64e-06     0s
  10  -1.28192052e+03 -1.28192052e+03  0.00e+00 3.55e-15  2.65e-09     0s

Barrier solved model in 10 iterations and 0.02 seconds
Optimal objective -1.28192052e+03


Root relaxation: objective -1.281921e+03, 36 iterations, 0.01 seconds

    Nodes    |    Current Node    |     Objective Bounds      |     Work
 Expl Unexpl |  Obj  Depth IntInf | Incumbent    BestBd   Gap | It/Node Time

     0     0 -1281.9205    0   47 -1175.7000 -1281.9205  9.03%     -    0s
H    0     0                    -1256.000000 -1281.9205  2.06%     -    0s
H    0     0                    -1260.000000 -1281.9205  1.74%     -    0s
H    0     0                    -1260.100000 -1281.9205  1.73%     -    0s
H    0     0                    -1261.200000 -1281.9205  1.64%     -    0s
     0     0 -1271.7302    0   54 -1261.2000 -1271.7302  0.83%     -    0s

Cutting planes:
  Gomory: 4
  MIR: 41

Explored 0 nodes (167 simplex iterations) in 0.06 seconds
Thread count was 16 (of 16 available processors)

Optimal solution found (tolerance 1.00e-02)
Best objective -1.261200000000e+03, best bound -1.271700000000e+03, gap 0.8325%
Changed value of parameter MIPGap to 0.01
   Prev: 0.0001  Min: 0.0  Max: 1e+100  Default: 0.0001
Changed value of parameter TimeLimit to 1800.0
   Prev: 1e+100  Min: 0.0  Max: 1e+100  Default: 1e+100
Changed value of parameter Method to 2
   Prev: -1  Min: -1  Max: 4  Default: -1
Changed value of parameter MIPFocus to 1
   Prev: 0  Min: 0  Max: 3  Default: 0
Optimize a model with 2210 rows, 3165 columns and 6330 nonzeros
Coefficient statistics:
  Matrix range    [1e+00, 2e+01]
  Objective range [1e+00, 5e+00]
  Bounds range    [1e+00, 1e+00]
  RHS range       [8e+01, 8e+01]
Found heuristic solution: objective 0
Presolve removed 2148 rows and 2516 columns
Presolve time: 0.01s
Presolved: 62 rows, 649 columns, 1158 nonzeros
Found heuristic solution: objective -1519.000000
Variable types: 0 continuous, 649 integer (542 binary)
Optimize a model with 62 rows, 649 columns and 1158 nonzeros
Coefficient statistics:
  Matrix range    [1e+00, 2e+01]
  Objective range [1e+00, 5e+00]
  Bounds range    [1e+00, 9e+00]
  RHS range       [2e+01, 8e+01]
Presolved: 62 rows, 649 columns, 1158 nonzeros

Root barrier log...

Ordering time: 0.00s

Barrier statistics:
 AA' NZ     : 4.920e+02
 Factor NZ  : 1.700e+03
 Factor Ops : 5.985e+04 (less than 1 second per iteration)
 Threads    : 1

                  Objective                Residual
Iter       Primal          Dual         Primal    Dual     Compl     Time
   0  -4.49814185e+03 -3.77721258e+03  1.78e+01 1.78e-15  6.56e+00     0s
   1  -1.66466015e+03 -2.81148544e+03  1.38e+00 8.69e-01  1.34e+00     0s
   2  -1.52306216e+03 -1.74119002e+03  0.00e+00 5.43e-02  1.61e-01     0s
   3  -1.60187004e+03 -1.65871407e+03  0.00e+00 1.63e-03  4.19e-02     0s
   4  -1.62117613e+03 -1.63499744e+03  0.00e+00 1.78e-15  1.02e-02     0s
   5  -1.62484897e+03 -1.63088310e+03  0.00e+00 1.78e-15  4.44e-03     0s
   6  -1.62692929e+03 -1.62966658e+03  0.00e+00 1.78e-15  2.02e-03     0s
   7  -1.62802184e+03 -1.62877472e+03  0.00e+00 1.78e-15  5.54e-04     0s
   8  -1.62838515e+03 -1.62856638e+03  0.00e+00 2.66e-15  1.33e-04     0s
   9  -1.62848258e+03 -1.62848837e+03  0.00e+00 3.55e-15  4.26e-06     0s
  10  -1.62848546e+03 -1.62848547e+03  0.00e+00 3.55e-15  4.77e-09     0s

Barrier solved model in 10 iterations and 0.02 seconds
Optimal objective -1.62848546e+03


Root relaxation: objective -1.628485e+03, 21 iterations, 0.01 seconds

    Nodes    |    Current Node    |     Objective Bounds      |     Work
 Expl Unexpl |  Obj  Depth IntInf | Incumbent    BestBd   Gap | It/Node Time

     0     0 -1628.4855    0   52 -1519.0000 -1628.4855  7.21%     -    0s
H    0     0                    -1594.000000 -1628.4855  2.16%     -    0s
H    0     0                    -1600.200000 -1628.4855  1.77%     -    0s
     0     0 -1618.2508    0   64 -1600.2000 -1618.2508  1.13%     -    0s
H    0     0                    -1605.000000 -1618.2508  0.83%     -    0s

Cutting planes:
  Gomory: 1
  MIR: 38

Explored 0 nodes (154 simplex iterations) in 0.06 seconds
Thread count was 16 (of 16 available processors)

Optimal solution found (tolerance 1.00e-02)
Best objective -1.605000000000e+03, best bound -1.618200000000e+03, gap 0.8224%
Changed value of parameter MIPGap to 0.01
   Prev: 0.0001  Min: 0.0  Max: 1e+100  Default: 0.0001
Changed value of parameter TimeLimit to 1800.0
   Prev: 1e+100  Min: 0.0  Max: 1e+100  Default: 1e+100
Changed value of parameter Method to 2
   Prev: -1  Min: -1  Max: 4  Default: -1
Changed value of parameter MIPFocus to 1
   Prev: 0  Min: 0  Max: 3  Default: 0
Optimize a model with 2210 rows, 3165 columns and 6330 nonzeros
Coefficient statistics:
  Matrix range    [1e+00, 2e+01]
  Objective range [1e+00, 9e+00]
  Bounds range    [1e+00, 1e+00]
  RHS range       [8e+01, 8e+01]
Found heuristic solution: objective 0
Presolve removed 2148 rows and 2520 columns
Presolve time: 0.01s
Presolved: 62 rows, 645 columns, 1154 nonzeros
Found heuristic solution: objective -2218.200000
Variable types: 0 continuous, 645 integer (539 binary)
Optimize a model with 62 rows, 645 columns and 1154 nonzeros
Coefficient statistics:
  Matrix range    [1e+00, 2e+01]
  Objective range [1e+00, 9e+00]
  Bounds range    [1e+00, 1e+01]
  RHS range       [2e+01, 8e+01]
Presolve removed 0 rows and 29 columns
Presolved: 62 rows, 616 columns, 1119 nonzeros

Root barrier log...

Ordering time: 0.00s

Barrier statistics:
 AA' NZ     : 4.920e+02
 Factor NZ  : 1.743e+03
 Factor Ops : 6.315e+04 (less than 1 second per iteration)
 Threads    : 1

                  Objective                Residual
Iter       Primal          Dual         Primal    Dual     Compl     Time
   0  -6.07122760e+03 -4.45865048e+03  1.67e+01 1.78e-15  6.98e+00     0s
   1  -2.39374802e+03 -3.40470113e+03  1.19e+00 7.01e-01  1.31e+00     0s
   2  -2.28057387e+03 -2.46238744e+03  3.17e-02 5.03e-02  1.51e-01     0s
   3  -2.31144714e+03 -2.36087878e+03  9.20e-03 5.33e-15  4.10e-02     0s
   4  -2.32638091e+03 -2.34408907e+03  2.14e-03 3.55e-15  1.44e-02     0s
   5  -2.33245784e+03 -2.33990341e+03  7.10e-04 3.55e-15  6.00e-03     0s
   6  -2.33396741e+03 -2.33735797e+03  3.16e-04 3.55e-15  2.73e-03     0s
   7  -2.33513806e+03 -2.33625593e+03  6.79e-05 3.55e-15  8.89e-04     0s
   8  -2.33548632e+03 -2.33578031e+03  9.66e-06 3.55e-15  2.32e-04     0s
   9  -2.33556760e+03 -2.33559109e+03  0.00e+00 3.55e-15  1.84e-05     0s
  10  -2.33557656e+03 -2.33557660e+03  0.00e+00 5.33e-15  2.90e-08     0s
  11  -2.33557658e+03 -2.33557658e+03  0.00e+00 5.33e-15  2.90e-11     0s

Barrier solved model in 11 iterations and 0.02 seconds
Optimal objective -2.33557658e+03


Root relaxation: objective -2.335577e+03, 58 iterations, 0.01 seconds

    Nodes    |    Current Node    |     Objective Bounds      |     Work
 Expl Unexpl |  Obj  Depth IntInf | Incumbent    BestBd   Gap | It/Node Time

     0     0 -2335.5766    0   48 -2218.2000 -2335.5766  5.29%     -    0s
H    0     0                    -2270.400000 -2335.5766  2.87%     -    0s
H    0     0                    -2284.400000 -2335.5766  2.24%     -    0s
H    0     0                    -2296.400000 -2335.5766  1.71%     -    0s
     0     0 -2330.0277    0   77 -2296.4000 -2330.0277  1.46%     -    0s
     0     0 -2330.0097    0   79 -2296.4000 -2330.0097  1.46%     -    0s
H    0     0                    -2298.800000 -2330.0097  1.36%     -    0s
H    0     0                    -2299.200000 -2330.0097  1.34%     -    0s
H    0     0                    -2307.800000 -2330.0097  0.96%     -    0s
H    0     0                    -2309.400000 -2330.0097  0.89%     -    0s

Cutting planes:
  Gomory: 3
  MIR: 76
  Zero half: 1

Explored 0 nodes (352 simplex iterations) in 0.10 seconds
Thread count was 16 (of 16 available processors)

Optimal solution found (tolerance 1.00e-02)
Best objective -2.309400000000e+03, best bound -2.330000000000e+03, gap 0.8920%
Changed value of parameter MIPGap to 0.01
   Prev: 0.0001  Min: 0.0  Max: 1e+100  Default: 0.0001
Changed value of parameter TimeLimit to 1800.0
   Prev: 1e+100  Min: 0.0  Max: 1e+100  Default: 1e+100
Changed value of parameter Method to 2
   Prev: -1  Min: -1  Max: 4  Default: -1
Changed value of parameter MIPFocus to 1
   Prev: 0  Min: 0  Max: 3  Default: 0
Optimize a model with 2210 rows, 3165 columns and 6330 nonzeros
Coefficient statistics:
  Matrix range    [1e+00, 2e+01]
  Objective range [2e+00, 1e+01]
  Bounds range    [1e+00, 1e+00]
  RHS range       [8e+01, 8e+01]
Found heuristic solution: objective 0
Presolve removed 2148 rows and 2518 columns
Presolve time: 0.01s
Presolved: 62 rows, 647 columns, 1156 nonzeros
Found heuristic solution: objective -2570.000000
Variable types: 0 continuous, 647 integer (540 binary)
Optimize a model with 62 rows, 647 columns and 1156 nonzeros
Coefficient statistics:
  Matrix range    [1e+00, 2e+01]
  Objective range [2e+00, 1e+01]
  Bounds range    [1e+00, 9e+00]
  RHS range       [2e+01, 8e+01]
Presolve removed 0 rows and 1 columns
Presolved: 62 rows, 646 columns, 1155 nonzeros

Root barrier log...

Ordering time: 0.00s

Barrier statistics:
 AA' NZ     : 4.920e+02
 Factor NZ  : 1.700e+03
 Factor Ops : 5.985e+04 (less than 1 second per iteration)
 Threads    : 1

                  Objective                Residual
Iter       Primal          Dual         Primal    Dual     Compl     Time
   0  -6.91943712e+03 -4.86783628e+03  1.78e+01 8.88e-16  6.97e+00     0s
   1  -2.78324299e+03 -3.80647981e+03  1.27e+00 6.45e-01  1.29e+00     0s
   2  -2.65000112e+03 -2.83809033e+03  4.68e-02 4.77e-02  1.53e-01     0s
   3  -2.67694927e+03 -2.73492918e+03  1.36e-02 3.55e-15  4.66e-02     0s
   4  -2.68547680e+03 -2.70928702e+03  4.03e-03 3.55e-15  1.88e-02     0s
   5  -2.69188071e+03 -2.70128001e+03  1.31e-03 3.55e-15  7.34e-03     0s
   6  -2.69321607e+03 -2.69867332e+03  8.60e-04 3.55e-15  4.29e-03     0s
   7  -2.69405860e+03 -2.69706001e+03  5.66e-04 3.55e-15  2.39e-03     0s
   8  -2.69546610e+03 -2.69637477e+03  1.17e-04 3.55e-15  7.09e-04     0s
   9  -2.69580628e+03 -2.69604986e+03  1.48e-05 3.55e-15  1.86e-04     0s
  10  -2.69589245e+03 -2.69590832e+03  0.00e+00 3.55e-15  1.19e-05     0s
  11  -2.69589948e+03 -2.69590020e+03  0.00e+00 3.55e-15  5.46e-07     0s
  12  -2.69590000e+03 -2.69590000e+03  0.00e+00 3.55e-15  1.42e-10     0s

Barrier solved model in 12 iterations and 0.02 seconds
Optimal objective -2.69590000e+03


Root relaxation: objective -2.695900e+03, 76 iterations, 0.01 seconds

    Nodes    |    Current Node    |     Objective Bounds      |     Work
 Expl Unexpl |  Obj  Depth IntInf | Incumbent    BestBd   Gap | It/Node Time

     0     0 -2695.9000    0   38 -2570.0000 -2695.9000  4.90%     -    0s
H    0     0                    -2647.500000 -2695.9000  1.83%     -    0s
     0     0 -2693.0694    0   70 -2647.5000 -2693.0694  1.72%     -    0s
     0     0 -2692.9505    0   73 -2647.5000 -2692.9505  1.72%     -    0s
H    0     0                    -2656.000000 -2692.9505  1.39%     -    0s
H    0     0                    -2663.500000 -2692.9505  1.11%     -    0s
H    0     0                    -2665.500000 -2692.9505  1.03%     -    0s
H    0     0                    -2671.000000 -2692.9505  0.82%     -    0s
H    0     0                    -2673.000000 -2692.9505  0.75%     -    0s
H    0     0                    -2677.500000 -2692.9505  0.58%     -    0s

Cutting planes:
  Gomory: 4
  Cover: 1
  MIR: 66
  Zero half: 2

Explored 0 nodes (492 simplex iterations) in 0.08 seconds
Thread count was 16 (of 16 available processors)

Optimal solution found (tolerance 1.00e-02)
Best objective -2.677500000000e+03, best bound -2.692500000000e+03, gap 0.5602%
Changed value of parameter MIPGap to 0.01
   Prev: 0.0001  Min: 0.0  Max: 1e+100  Default: 0.0001
Changed value of parameter TimeLimit to 1800.0
   Prev: 1e+100  Min: 0.0  Max: 1e+100  Default: 1e+100
Changed value of parameter Method to 2
   Prev: -1  Min: -1  Max: 4  Default: -1
Changed value of parameter MIPFocus to 1
   Prev: 0  Min: 0  Max: 3  Default: 0
Optimize a model with 2210 rows, 3165 columns and 6330 nonzeros
Coefficient statistics:
  Matrix range    [1e+00, 2e+01]
  Objective range [2e+00, 2e+01]
  Bounds range    [1e+00, 1e+00]
  RHS range       [8e+01, 8e+01]
Found heuristic solution: objective 0
Presolve removed 2148 rows and 2516 columns
Presolve time: 0.01s
Presolved: 62 rows, 649 columns, 1158 nonzeros
Found heuristic solution: objective -4348.000000
Variable types: 0 continuous, 649 integer (542 binary)
Optimize a model with 62 rows, 649 columns and 1158 nonzeros
Coefficient statistics:
  Matrix range    [1e+00, 2e+01]
  Objective range [2e+00, 2e+01]
  Bounds range    [1e+00, 9e+00]
  RHS range       [2e+01, 8e+01]
Presolve removed 0 rows and 4 columns
Presolved: 62 rows, 645 columns, 1153 nonzeros

Root barrier log...

Ordering time: 0.00s

Barrier statistics:
 AA' NZ     : 4.920e+02
 Factor NZ  : 1.635e+03
 Factor Ops : 5.402e+04 (less than 1 second per iteration)
 Threads    : 1

                  Objective                Residual
Iter       Primal          Dual         Primal    Dual     Compl     Time
   0  -1.10218837e+04 -9.20826915e+03  1.78e+01 1.78e-15  1.46e+01     0s
   1  -4.69404115e+03 -7.09818534e+03  1.49e+00 1.61e+00  2.95e+00     0s
   2  -4.47606536e+03 -4.90467648e+03  6.95e-02 1.14e-01  3.52e-01     0s
   3  -4.61175446e+03 -4.68200815e+03  4.26e-03 3.52e-03  5.41e-02     0s
   4  -4.63131857e+03 -4.65648947e+03  1.38e-03 3.55e-15  1.93e-02     0s
   5  -4.63828678e+03 -4.64724218e+03  5.50e-04 7.11e-15  6.92e-03     0s
   6  -4.64106477e+03 -4.64426016e+03  2.37e-04 7.11e-15  2.49e-03     0s
   7  -4.64268079e+03 -4.64378555e+03  5.90e-05 7.11e-15  8.50e-04     0s
   8  -4.64294506e+03 -4.64343229e+03  3.08e-05 7.11e-15  3.78e-04     0s
   9  -4.64316736e+03 -4.64330399e+03  1.05e-05 7.11e-15  1.07e-04     0s
  10  -4.64326964e+03 -4.64327232e+03  0.00e+00 7.11e-15  2.02e-06     0s
  11  -4.64327106e+03 -4.64327106e+03  0.00e+00 7.11e-15  2.02e-09     0s

Barrier solved model in 11 iterations and 0.02 seconds
Optimal objective -4.64327106e+03


Root relaxation: objective -4.643271e+03, 42 iterations, 0.01 seconds

    Nodes    |    Current Node    |     Objective Bounds      |     Work
 Expl Unexpl |  Obj  Depth IntInf | Incumbent    BestBd   Gap | It/Node Time

     0     0 -4643.2711    0   44 -4348.0000 -4643.2711  6.79%     -    0s
H    0     0                    -4540.000000 -4643.2711  2.27%     -    0s
H    0     0                    -4581.000000 -4643.2711  1.36%     -    0s
H    0     0                    -4587.000000 -4643.2711  1.23%     -    0s
     0     0 -4631.0972    0   80 -4587.0000 -4631.0972  0.96%     -    0s

Cutting planes:
  Gomory: 1
  MIR: 44

Explored 0 nodes (226 simplex iterations) in 0.06 seconds
Thread count was 16 (of 16 available processors)

Optimal solution found (tolerance 1.00e-02)
Best objective -4.587000000000e+03, best bound -4.631000000000e+03, gap 0.9592%
Changed value of parameter MIPGap to 0.01
   Prev: 0.0001  Min: 0.0  Max: 1e+100  Default: 0.0001
Changed value of parameter TimeLimit to 1800.0
   Prev: 1e+100  Min: 0.0  Max: 1e+100  Default: 1e+100
Changed value of parameter Method to 2
   Prev: -1  Min: -1  Max: 4  Default: -1
Changed value of parameter MIPFocus to 1
   Prev: 0  Min: 0  Max: 3  Default: 0
Optimize a model with 2210 rows, 3165 columns and 6330 nonzeros
Coefficient statistics:
  Matrix range    [1e+00, 2e+01]
  Objective range [3e+00, 4e+01]
  Bounds range    [1e+00, 1e+00]
  RHS range       [8e+01, 8e+01]
Found heuristic solution: objective 0
Presolve removed 2148 rows and 2516 columns
Presolve time: 0.01s
Presolved: 62 rows, 649 columns, 1158 nonzeros
Found heuristic solution: objective -7913.000000
Variable types: 0 continuous, 649 integer (542 binary)
Optimize a model with 62 rows, 649 columns and 1158 nonzeros
Coefficient statistics:
  Matrix range    [1e+00, 2e+01]
  Objective range [3e+00, 4e+01]
  Bounds range    [1e+00, 9e+00]
  RHS range       [2e+01, 8e+01]
Presolved: 62 rows, 649 columns, 1158 nonzeros

Root barrier log...

Ordering time: 0.00s

Barrier statistics:
 AA' NZ     : 4.920e+02
 Factor NZ  : 1.700e+03
 Factor Ops : 5.985e+04 (less than 1 second per iteration)
 Threads    : 1

                  Objective                Residual
Iter       Primal          Dual         Primal    Dual     Compl     Time
   0  -1.92642706e+04 -1.83787137e+04  1.78e+01 3.55e-15  3.12e+01     0s
   1  -8.48174534e+03 -1.40194015e+04  1.51e+00 3.81e+00  6.45e+00     0s
   2  -8.18591666e+03 -9.13628236e+03  3.95e-02 2.65e-01  7.41e-01     0s
   3  -8.51008813e+03 -8.68070595e+03  1.79e-03 3.13e-02  1.27e-01     0s
   4  -8.56666843e+03 -8.60839367e+03  2.59e-04 1.42e-14  3.09e-02     0s
   5  -8.57383128e+03 -8.59099875e+03  1.20e-04 1.78e-14  1.28e-02     0s
   6  -8.57836351e+03 -8.58537381e+03  4.38e-05 1.42e-14  5.21e-03     0s
   7  -8.58117572e+03 -8.58244090e+03  5.60e-06 1.42e-14  9.42e-04     0s
   8  -8.58177118e+03 -8.58197016e+03  1.14e-06 1.42e-14  1.49e-04     0s
   9  -8.58186161e+03 -8.58194232e+03  4.55e-07 2.13e-14  6.05e-05     0s
  10  -8.58193243e+03 -8.58193669e+03  0.00e+00 1.46e-14  3.13e-06     0s
  11  -8.58193626e+03 -8.58193648e+03  0.00e+00 1.42e-14  1.65e-07     0s
  12  -8.58193626e+03 -8.58193626e+03  1.09e-10 1.42e-14  2.76e-11     0s

Barrier solved model in 12 iterations and 0.02 seconds
Optimal objective -8.58193626e+03


Root relaxation: objective -8.581936e+03, 41 iterations, 0.01 seconds

    Nodes    |    Current Node    |     Objective Bounds      |     Work
 Expl Unexpl |  Obj  Depth IntInf | Incumbent    BestBd   Gap | It/Node Time

     0     0 -8581.9363    0   39 -7913.0000 -8581.9363  8.45%     -    0s
H    0     0                    -8379.000000 -8581.9363  2.42%     -    0s
H    0     0                    -8473.000000 -8581.9363  1.29%     -    0s
H    0     0                    -8480.000000 -8581.9363  1.20%     -    0s
     0     0 -8552.1491    0   74 -8480.0000 -8552.1491  0.85%     -    0s

Cutting planes:
  Gomory: 2
  Cover: 1
  MIR: 44

Explored 0 nodes (268 simplex iterations) in 0.07 seconds
Thread count was 16 (of 16 available processors)

Optimal solution found (tolerance 1.00e-02)
Best objective -8.480000000000e+03, best bound -8.552000000000e+03, gap 0.8491%
Changed value of parameter MIPGap to 0.01
   Prev: 0.0001  Min: 0.0  Max: 1e+100  Default: 0.0001
Changed value of parameter TimeLimit to 1800.0
   Prev: 1e+100  Min: 0.0  Max: 1e+100  Default: 1e+100
Changed value of parameter Method to 2
   Prev: -1  Min: -1  Max: 4  Default: -1
Changed value of parameter MIPFocus to 1
   Prev: 0  Min: 0  Max: 3  Default: 0
Optimize a model with 2210 rows, 3165 columns and 6330 nonzeros
Coefficient statistics:
  Matrix range    [1e+00, 2e+01]
  Objective range [5e+00, 8e+01]
  Bounds range    [1e+00, 1e+00]
  RHS range       [8e+01, 8e+01]
Found heuristic solution: objective 0
Presolve removed 2148 rows and 2516 columns
Presolve time: 0.01s
Presolved: 62 rows, 649 columns, 1158 nonzeros
Found heuristic solution: objective -15094.00000
Variable types: 0 continuous, 649 integer (542 binary)
Optimize a model with 62 rows, 649 columns and 1158 nonzeros
Coefficient statistics:
  Matrix range    [1e+00, 2e+01]
  Objective range [5e+00, 8e+01]
  Bounds range    [1e+00, 9e+00]
  RHS range       [2e+01, 8e+01]
Presolved: 62 rows, 649 columns, 1158 nonzeros

Root barrier log...

Ordering time: 0.00s

Barrier statistics:
 AA' NZ     : 4.920e+02
 Factor NZ  : 1.700e+03
 Factor Ops : 5.985e+04 (less than 1 second per iteration)
 Threads    : 1

                  Objective                Residual
Iter       Primal          Dual         Primal    Dual     Compl     Time
   0  -3.56811321e+04 -3.67642800e+04  1.78e+01 1.42e-14  6.45e+01     0s
   1  -1.60856343e+04 -2.78825358e+04  1.51e+00 8.26e+00  1.35e+01     0s
   2  -1.56731813e+04 -1.76215281e+04  3.12e-02 5.43e-01  1.50e+00     0s
   3  -1.63524854e+04 -1.67298847e+04  2.33e-03 8.53e-02  2.82e-01     0s
   4  -1.64746714e+04 -1.65675396e+04  3.44e-04 2.31e-02  6.90e-02     0s
   5  -1.64957700e+04 -1.65253524e+04  9.69e-05 6.70e-03  2.20e-02     0s
   6  -1.65031493e+04 -1.65147200e+04  2.85e-05 2.80e-03  8.59e-03     0s
   7  -1.65064293e+04 -1.65080535e+04  2.86e-06 2.08e-04  1.21e-03     0s
   8  -1.65071063e+04 -1.65071157e+04  2.37e-08 2.84e-14  7.01e-06     0s
   9  -1.65071143e+04 -1.65071143e+04  0.00e+00 4.97e-14  7.01e-09     0s

Barrier solved model in 9 iterations and 0.02 seconds
Optimal objective -1.65071143e+04


Root relaxation: objective -1.650711e+04, 87 iterations, 0.01 seconds

    Nodes    |    Current Node    |     Objective Bounds      |     Work
 Expl Unexpl |  Obj  Depth IntInf | Incumbent    BestBd   Gap | It/Node Time

     0     0 -16507.114    0   34 -15094.000 -16507.114  9.36%     -    0s
H    0     0                    -16152.00000 -16507.114  2.20%     -    0s
H    0     0                    -16274.00000 -16507.114  1.43%     -    0s
     0     0 -16414.884    0   58 -16274.000 -16414.884  0.87%     -    0s

Cutting planes:
  Gomory: 1
  Cover: 5
  MIR: 37

Explored 0 nodes (250 simplex iterations) in 0.04 seconds
Thread count was 16 (of 16 available processors)

Optimal solution found (tolerance 1.00e-02)
Best objective -1.627400000000e+04, best bound -1.641400000000e+04, gap 0.8603%
Changed value of parameter MIPGap to 0.01
   Prev: 0.0001  Min: 0.0  Max: 1e+100  Default: 0.0001
Changed value of parameter TimeLimit to 1800.0
   Prev: 1e+100  Min: 0.0  Max: 1e+100  Default: 1e+100
Changed value of parameter Method to 2
   Prev: -1  Min: -1  Max: 4  Default: -1
Changed value of parameter MIPFocus to 1
   Prev: 0  Min: 0  Max: 3  Default: 0
Optimize a model with 2210 rows, 3165 columns and 6330 nonzeros
Coefficient statistics:
  Matrix range    [1e+00, 2e+01]
  Objective range [6e+00, 1e+02]
  Bounds range    [1e+00, 1e+00]
  RHS range       [8e+01, 8e+01]
Found heuristic solution: objective 0
Presolve removed 2148 rows and 2516 columns
Presolve time: 0.01s
Presolved: 62 rows, 649 columns, 1158 nonzeros
Found heuristic solution: objective -18686.00000
Variable types: 0 continuous, 649 integer (542 binary)
Optimize a model with 62 rows, 649 columns and 1158 nonzeros
Coefficient statistics:
  Matrix range    [1e+00, 2e+01]
  Objective range [6e+00, 1e+02]
  Bounds range    [1e+00, 9e+00]
  RHS range       [2e+01, 8e+01]
Presolved: 62 rows, 649 columns, 1158 nonzeros

Root barrier log...

Ordering time: 0.00s

Barrier statistics:
 AA' NZ     : 4.920e+02
 Factor NZ  : 1.700e+03
 Factor Ops : 5.985e+04 (less than 1 second per iteration)
 Threads    : 1

                  Objective                Residual
Iter       Primal          Dual         Primal    Dual     Compl     Time
   0  -4.38892867e+04 -4.60177782e+04  1.78e+01 1.42e-14  8.13e+01     0s
   1  -1.98838177e+04 -3.48520250e+04  1.51e+00 1.05e+01  1.70e+01     0s
   2  -1.94208342e+04 -2.18740873e+04  2.81e-02 6.84e-01  1.88e+00     0s
   3  -2.02927352e+04 -2.07622922e+04  2.17e-03 1.10e-01  3.51e-01     0s
   4  -2.04498086e+04 -2.05475230e+04  2.87e-04 2.15e-02  7.26e-02     0s
   5  -2.04727154e+04 -2.04993195e+04  7.17e-05 4.15e-03  1.98e-02     0s
   6  -2.04789449e+04 -2.04892217e+04  2.88e-05 1.22e-03  7.66e-03     0s
   7  -2.04834797e+04 -2.04852075e+04  3.70e-06 8.65e-05  1.29e-03     0s
   8  -2.04844289e+04 -2.04844595e+04  8.05e-08 3.55e-14  2.29e-05     0s
   9  -2.04844571e+04 -2.04844571e+04  0.00e+00 2.84e-14  2.29e-08     0s
  10  -2.04844571e+04 -2.04844571e+04  0.00e+00 4.97e-14  2.29e-11     0s

Barrier solved model in 10 iterations and 0.02 seconds
Optimal objective -2.04844571e+04


Root relaxation: objective -2.048446e+04, 87 iterations, 0.01 seconds

    Nodes    |    Current Node    |     Objective Bounds      |     Work
 Expl Unexpl |  Obj  Depth IntInf | Incumbent    BestBd   Gap | It/Node Time

     0     0 -20484.457    0   31 -18686.000 -20484.457  9.62%     -    0s
H    0     0                    -20111.00000 -20484.457  1.86%     -    0s
H    0     0                    -20178.00000 -20484.457  1.52%     -    0s
     0     0 -20364.556    0   57 -20178.000 -20364.556  0.92%     -    0s

Cutting planes:
  Cover: 6
  MIR: 31

Explored 0 nodes (243 simplex iterations) in 0.05 seconds
Thread count was 16 (of 16 available processors)

Optimal solution found (tolerance 1.00e-02)
Best objective -2.017800000000e+04, best bound -2.036400000000e+04, gap 0.9218%
Changed value of parameter MIPGap to 0.01
   Prev: 0.0001  Min: 0.0  Max: 1e+100  Default: 0.0001
Changed value of parameter TimeLimit to 1800.0
   Prev: 1e+100  Min: 0.0  Max: 1e+100  Default: 1e+100
Changed value of parameter Method to 2
   Prev: -1  Min: -1  Max: 4  Default: -1
Changed value of parameter MIPFocus to 1
   Prev: 0  Min: 0  Max: 3  Default: 0
Optimize a model with 2210 rows, 3165 columns and 6330 nonzeros
Coefficient statistics:
  Matrix range    [1e+00, 2e+01]
  Objective range [1e+01, 2e+02]
  Bounds range    [1e+00, 1e+00]
  RHS range       [8e+01, 8e+01]
Found heuristic solution: objective 0
Presolve removed 2148 rows and 2516 columns
Presolve time: 0.01s
Presolved: 62 rows, 649 columns, 1158 nonzeros
Found heuristic solution: objective -36455.00000
Variable types: 0 continuous, 649 integer (542 binary)
Optimize a model with 62 rows, 649 columns and 1158 nonzeros
Coefficient statistics:
  Matrix range    [1e+00, 2e+01]
  Objective range [1e+01, 2e+02]
  Bounds range    [1e+00, 9e+00]
  RHS range       [2e+01, 8e+01]
Presolved: 62 rows, 649 columns, 1158 nonzeros

Root barrier log...

Ordering time: 0.00s

Barrier statistics:
 AA' NZ     : 4.920e+02
 Factor NZ  : 1.700e+03
 Factor Ops : 5.985e+04 (less than 1 second per iteration)
 Threads    : 1

                  Objective                Residual
Iter       Primal          Dual         Primal    Dual     Compl     Time
   0  -8.49288669e+04 -9.22852693e+04  1.78e+01 2.84e-14  1.65e+02     0s
   1  -3.88846045e+04 -6.97005611e+04  1.51e+00 2.18e+01  3.47e+01     0s
   2  -3.81761500e+04 -4.32644163e+04  2.75e-02 1.48e+00  3.90e+00     0s
   3  -4.00056270e+04 -4.09495353e+04  2.13e-03 2.44e-01  7.05e-01     0s
   4  -4.03165152e+04 -4.05346847e+04  3.58e-04 4.72e-02  1.62e-01     0s
   5  -4.03712889e+04 -4.04440367e+04  1.26e-04 1.17e-02  5.42e-02     0s
   6  -4.04010815e+04 -4.04142558e+04  2.20e-05 1.78e-03  9.82e-03     0s
   7  -4.04076929e+04 -4.04085337e+04  0.00e+00 5.44e-05  6.24e-04     0s
   8  -4.04080999e+04 -4.04081000e+04  0.00e+00 3.76e-09  7.26e-08     0s
   9  -4.04081000e+04 -4.04081000e+04  0.00e+00 8.53e-14  7.26e-11     0s

Barrier solved model in 9 iterations and 0.02 seconds
Optimal objective -4.04081000e+04


Root relaxation: objective -4.040810e+04, 79 iterations, 0.01 seconds

    Nodes    |    Current Node    |     Objective Bounds      |     Work
 Expl Unexpl |  Obj  Depth IntInf | Incumbent    BestBd   Gap | It/Node Time

     0     0 -40408.100    0   34 -36455.000 -40408.100  10.8%     -    0s
H    0     0                    -39710.00000 -40408.100  1.76%     -    0s
H    0     0                    -39780.00000 -40408.100  1.58%     -    0s
H    0     0                    -39799.00000 -40408.100  1.53%     -    0s
     0     0 -40123.627    0   55 -39799.000 -40123.627  0.82%     -    0s

Cutting planes:
  Cover: 8
  MIR: 32

Explored 0 nodes (229 simplex iterations) in 0.05 seconds
Thread count was 16 (of 16 available processors)

Optimal solution found (tolerance 1.00e-02)
Best objective -3.979900000000e+04, best bound -4.012300000000e+04, gap 0.8141%
Changed value of parameter MIPGap to 0.01
   Prev: 0.0001  Min: 0.0  Max: 1e+100  Default: 0.0001
Changed value of parameter TimeLimit to 1800.0
   Prev: 1e+100  Min: 0.0  Max: 1e+100  Default: 1e+100
Changed value of parameter Method to 2
   Prev: -1  Min: -1  Max: 4  Default: -1
Changed value of parameter MIPFocus to 1
   Prev: 0  Min: 0  Max: 3  Default: 0
Optimize a model with 2210 rows, 3165 columns and 6330 nonzeros
Coefficient statistics:
  Matrix range    [1e+00, 2e+01]
  Objective range [2e+01, 4e+02]
  Bounds range    [1e+00, 1e+00]
  RHS range       [8e+01, 8e+01]
Found heuristic solution: objective 0
Presolve removed 2148 rows and 2516 columns
Presolve time: 0.01s
Presolved: 62 rows, 649 columns, 1158 nonzeros
Found heuristic solution: objective -72195.00000
Variable types: 0 continuous, 649 integer (542 binary)
Optimize a model with 62 rows, 649 columns and 1158 nonzeros
Coefficient statistics:
  Matrix range    [1e+00, 2e+01]
  Objective range [2e+01, 4e+02]
  Bounds range    [1e+00, 9e+00]
  RHS range       [2e+01, 8e+01]
Presolved: 62 rows, 649 columns, 1158 nonzeros

Root barrier log...

Ordering time: 0.00s

Barrier statistics:
 AA' NZ     : 4.920e+02
 Factor NZ  : 1.700e+03
 Factor Ops : 5.985e+04 (less than 1 second per iteration)
 Threads    : 1

                  Objective                Residual
Iter       Primal          Dual         Primal    Dual     Compl     Time
   0  -1.67006871e+05 -1.84820252e+05  1.78e+01 5.68e-14  3.34e+02     0s
   1  -7.69026519e+04 -1.39397500e+05  1.51e+00 4.44e+01  7.01e+01     0s
   2  -7.57008648e+04 -8.60421465e+04  2.92e-02 3.06e+00  7.93e+00     0s
   3  -7.94358034e+04 -8.13271016e+04  2.39e-03 5.04e-01  1.41e+00     0s
   4  -8.00773951e+04 -8.05288678e+04  4.31e-04 1.03e-01  3.36e-01     0s
   5  -8.02011670e+04 -8.03193388e+04  1.44e-04 1.40e-02  8.84e-02     0s
   6  -8.02567084e+04 -8.02807532e+04  3.00e-05 1.92e-03  1.80e-02     0s
   7  -8.02728921e+04 -8.02736389e+04  0.00e+00 1.98e-05  5.52e-04     0s
   8  -8.02732333e+04 -8.02732334e+04  0.00e+00 1.15e-09  4.66e-08     0s
   9  -8.02732333e+04 -8.02732333e+04  0.00e+00 1.99e-13  4.66e-11     0s

Barrier solved model in 9 iterations and 0.02 seconds
Optimal objective -8.02732333e+04


Root relaxation: objective -8.027323e+04, 78 iterations, 0.01 seconds

    Nodes    |    Current Node    |     Objective Bounds      |     Work
 Expl Unexpl |  Obj  Depth IntInf | Incumbent    BestBd   Gap | It/Node Time

     0     0 -80273.233    0   32 -72195.000 -80273.233  11.2%     -    0s
H    0     0                    -78779.00000 -80273.233  1.90%     -    0s
H    0     0                    -78919.00000 -80273.233  1.72%     -    0s
H    0     0                    -78968.00000 -80273.233  1.65%     -    0s
H    0     0                    -78982.00000 -80273.233  1.63%     -    0s
     0     0 -79660.234    0   42 -78982.000 -79660.234  0.86%     -    0s

Cutting planes:
  Cover: 8
  MIR: 33

Explored 0 nodes (228 simplex iterations) in 0.05 seconds
Thread count was 16 (of 16 available processors)

Optimal solution found (tolerance 1.00e-02)
Best objective -7.898200000000e+04, best bound -7.966000000000e+04, gap 0.8584%
Changed value of parameter MIPGap to 0.01
   Prev: 0.0001  Min: 0.0  Max: 1e+100  Default: 0.0001
Changed value of parameter TimeLimit to 1800.0
   Prev: 1e+100  Min: 0.0  Max: 1e+100  Default: 1e+100
Changed value of parameter Method to 2
   Prev: -1  Min: -1  Max: 4  Default: -1
Changed value of parameter MIPFocus to 1
   Prev: 0  Min: 0  Max: 3  Default: 0
Optimize a model with 2210 rows, 3165 columns and 6330 nonzeros
Coefficient statistics:
  Matrix range    [1e+00, 2e+01]
  Objective range [5e+01, 1e+03]
  Bounds range    [1e+00, 1e+00]
  RHS range       [8e+01, 8e+01]
Found heuristic solution: objective 0
Presolve removed 2148 rows and 2516 columns
Presolve time: 0.01s
Presolved: 62 rows, 649 columns, 1158 nonzeros
Found heuristic solution: objective -179415.0000
Variable types: 0 continuous, 649 integer (542 binary)
Optimize a model with 62 rows, 649 columns and 1158 nonzeros
Coefficient statistics:
  Matrix range    [1e+00, 2e+01]
  Objective range [5e+01, 1e+03]
  Bounds range    [1e+00, 9e+00]
  RHS range       [2e+01, 8e+01]
Presolved: 62 rows, 649 columns, 1158 nonzeros

Root barrier log...

Ordering time: 0.00s

Barrier statistics:
 AA' NZ     : 4.920e+02
 Factor NZ  : 1.700e+03
 Factor Ops : 5.985e+04 (less than 1 second per iteration)
 Threads    : 1

                  Objective                Residual
Iter       Primal          Dual         Primal    Dual     Compl     Time
   0  -4.13239985e+05 -4.62425198e+05  1.79e+01 1.14e-13  8.38e+02     0s
   1  -1.90968194e+05 -3.48491286e+05  1.51e+00 1.12e+02  1.76e+02     0s
   2  -1.88284338e+05 -2.14362189e+05  3.02e-02 7.78e+00  2.00e+01     0s
   3  -1.97754380e+05 -2.02459653e+05  2.50e-03 1.28e+00  3.52e+00     0s
   4  -1.99383955e+05 -2.00476975e+05  4.53e-04 2.48e-01  8.15e-01     0s
   5  -1.99709455e+05 -1.99976958e+05  1.35e-04 3.72e-02  2.00e-01     0s
   6  -1.99834551e+05 -1.99881457e+05  2.70e-05 3.02e-03  3.52e-02     0s
   7  -1.99869444e+05 -1.99869987e+05  0.00e+00 3.10e-05  4.02e-04     0s
   8  -1.99869662e+05 -1.99869662e+05  0.00e+00 8.77e-11  9.49e-10     0s

Barrier solved model in 8 iterations and 0.02 seconds
Optimal objective -1.99869662e+05


Root relaxation: objective -1.998697e+05, 77 iterations, 0.00 seconds

    Nodes    |    Current Node    |     Objective Bounds      |     Work
 Expl Unexpl |  Obj  Depth IntInf | Incumbent    BestBd   Gap | It/Node Time

     0     0 -199869.66    0   33 -179415.00 -199869.66  11.4%     -    0s
H    0     0                    -195622.0000 -199869.66  2.17%     -    0s
H    0     0                    -196381.0000 -199869.66  1.78%     -    0s
     0     0 -198308.57    0   47 -196381.00 -198308.57  0.98%     -    0s

Cutting planes:
  Cover: 8
  MIR: 32

Explored 0 nodes (222 simplex iterations) in 0.05 seconds
Thread count was 16 (of 16 available processors)

Optimal solution found (tolerance 1.00e-02)
Best objective -1.963810000000e+05, best bound -1.983080000000e+05, gap 0.9813%
Changed value of parameter MIPGap to 0.01
   Prev: 0.0001  Min: 0.0  Max: 1e+100  Default: 0.0001
Changed value of parameter TimeLimit to 1800.0
   Prev: 1e+100  Min: 0.0  Max: 1e+100  Default: 1e+100
Changed value of parameter Method to 2
   Prev: -1  Min: -1  Max: 4  Default: -1
Changed value of parameter MIPFocus to 1
   Prev: 0  Min: 0  Max: 3  Default: 0
Optimize a model with 2210 rows, 3165 columns and 6330 nonzeros
Coefficient statistics:
  Matrix range    [1e+00, 2e+01]
  Objective range [5e+02, 1e+04]
  Bounds range    [1e+00, 1e+00]
  RHS range       [8e+01, 8e+01]
Found heuristic solution: objective 0
Presolve removed 2148 rows and 2516 columns
Presolve time: 0.01s
Presolved: 62 rows, 649 columns, 1158 nonzeros
Found heuristic solution: objective -1787715.000
Variable types: 0 continuous, 649 integer (542 binary)
Optimize a model with 62 rows, 649 columns and 1158 nonzeros
Coefficient statistics:
  Matrix range    [1e+00, 2e+01]
  Objective range [5e+02, 1e+04]
  Bounds range    [1e+00, 9e+00]
  RHS range       [2e+01, 8e+01]
Presolved: 62 rows, 649 columns, 1158 nonzeros

Root barrier log...

Ordering time: 0.00s

Barrier statistics:
 AA' NZ     : 4.920e+02
 Factor NZ  : 1.700e+03
 Factor Ops : 5.985e+04 (less than 1 second per iteration)
 Threads    : 1

                  Objective                Residual
Iter       Primal          Dual         Primal    Dual     Compl     Time
   0  -4.10673351e+06 -4.62649940e+06  1.79e+01 1.82e-12  8.41e+03     0s
   1  -1.90197645e+06 -3.48490098e+06  1.51e+00 1.13e+03  1.77e+03     0s
   2  -1.87706878e+06 -2.13909140e+06  3.06e-02 7.86e+01  2.01e+02     0s
   3  -1.97264796e+06 -2.01945649e+06  2.53e-03 1.28e+01  3.51e+01     0s
   4  -1.98904507e+06 -1.99969343e+06  4.57e-04 2.42e+00  7.94e+00     0s
   5  -1.99241246e+06 -1.99473397e+06  1.19e-04 3.02e-01  1.74e+00     0s
   6  -1.99363380e+06 -1.99389562e+06  1.16e-05 1.67e-02  1.96e-01     0s
   7  -1.99381494e+06 -1.99381713e+06  0.00e+00 5.67e-05  1.62e-03     0s
   8  -1.99381609e+06 -1.99381609e+06  0.00e+00 7.62e-11  2.10e-09     0s

Barrier solved model in 8 iterations and 0.02 seconds
Optimal objective -1.99381609e+06


Root relaxation: objective -1.993816e+06, 77 iterations, 0.00 seconds

    Nodes    |    Current Node    |     Objective Bounds      |     Work
 Expl Unexpl |  Obj  Depth IntInf | Incumbent    BestBd   Gap | It/Node Time

     0     0 -1993816.1    0   32 -1787715.0 -1993816.1  11.5%     -    0s
H    0     0                    -1955120.000 -1993816.1  1.98%     -    0s
H    0     0                    -1958620.000 -1993816.1  1.80%     -    0s
H    0     0                    -1960109.000 -1993816.1  1.72%     -    0s
     0     0 -1978013.9    0   39 -1960109.0 -1978013.9  0.91%     -    0s

Cutting planes:
  Cover: 8
  MIR: 32

Explored 0 nodes (231 simplex iterations) in 0.05 seconds
Thread count was 16 (of 16 available processors)

Optimal solution found (tolerance 1.00e-02)
Best objective -1.960109000000e+06, best bound -1.978013860119e+06, gap 0.9135%
