Changed value of parameter MIPGap to 0.01
   Prev: 0.0001  Min: 0.0  Max: 1e+100  Default: 0.0001
Changed value of parameter TimeLimit to 1800.0
   Prev: 1e+100  Min: 0.0  Max: 1e+100  Default: 1e+100
Changed value of parameter Method to 2
   Prev: -1  Min: -1  Max: 4  Default: -1
Changed value of parameter MIPFocus to 1
   Prev: 0  Min: 0  Max: 3  Default: 0
Optimize a model with 1924 rows, 2736 columns and 5472 nonzeros
Coefficient statistics:
  Matrix range    [1e+00, 2e+01]
  Objective range [1e+00, 1e+00]
  Bounds range    [1e+00, 1e+00]
  RHS range       [8e+01, 8e+01]
Found heuristic solution: objective 0
Presolve removed 1852 rows and 2045 columns
Presolve time: 0.01s
Presolved: 72 rows, 691 columns, 1273 nonzeros
Found heuristic solution: objective -629.0000000
Variable types: 0 continuous, 691 integer (603 binary)
Optimize a model with 72 rows, 691 columns and 1273 nonzeros
Coefficient statistics:
  Matrix range    [1e+00, 2e+01]
  Objective range [1e+00, 1e+00]
  Bounds range    [1e+00, 8e+00]
  RHS range       [4e+00, 8e+01]
Presolved: 72 rows, 691 columns, 1273 nonzeros

Root barrier log...

Ordering time: 0.00s

Barrier statistics:
 AA' NZ     : 5.720e+02
 Factor NZ  : 1.968e+03
 Factor Ops : 6.919e+04 (less than 1 second per iteration)
 Threads    : 1

                  Objective                Residual
Iter       Primal          Dual         Primal    Dual     Compl     Time
   0  -3.01014948e+03 -3.61634308e+03  2.16e+01 6.90e-01  7.78e+00     0s
   1  -8.22364215e+02 -2.24214296e+03  1.40e+00 1.29e+00  1.47e+00     0s
   2  -6.95633465e+02 -9.86732720e+02  0.00e+00 1.58e-01  2.06e-01     0s
   3  -7.52409654e+02 -7.90973945e+02  0.00e+00 5.80e-03  2.67e-02     0s
   4  -7.63072738e+02 -7.77079264e+02  0.00e+00 3.55e-15  9.65e-03     0s
   5  -7.68538378e+02 -7.73120670e+02  0.00e+00 1.78e-15  3.15e-03     0s
   6  -7.71019286e+02 -7.72183664e+02  0.00e+00 1.78e-15  8.01e-04     0s
   7  -7.71527442e+02 -7.71765586e+02  0.00e+00 1.78e-15  1.64e-04     0s
   8  -7.71669574e+02 -7.71673160e+02  0.00e+00 3.55e-15  2.47e-06     0s
   9  -7.71671427e+02 -7.71671430e+02  0.00e+00 3.55e-15  2.47e-09     0s

Barrier solved model in 9 iterations and 0.02 seconds
Optimal objective -7.71671427e+02


Root relaxation: objective -7.716714e+02, 123 iterations, 0.01 seconds

    Nodes    |    Current Node    |     Objective Bounds      |     Work
 Expl Unexpl |  Obj  Depth IntInf | Incumbent    BestBd   Gap | It/Node Time

     0     0 -771.67143    0   58 -629.00000 -771.67143  22.7%     -    0s
H    0     0                    -753.0000000 -771.67143  2.48%     -    0s
H    0     0                    -756.0000000 -771.67143  2.07%     -    0s
     0     0     cutoff    0      -756.00000 -756.99924  0.13%     -    0s

Cutting planes:
  Cover: 2
  MIR: 55

Explored 0 nodes (294 simplex iterations) in 0.09 seconds
Thread count was 16 (of 16 available processors)

Optimal solution found (tolerance 1.00e-02)
Best objective -7.560000000000e+02, best bound -7.560000000000e+02, gap 0.0%
Changed value of parameter MIPGap to 0.01
   Prev: 0.0001  Min: 0.0  Max: 1e+100  Default: 0.0001
Changed value of parameter TimeLimit to 1800.0
   Prev: 1e+100  Min: 0.0  Max: 1e+100  Default: 1e+100
Changed value of parameter Method to 2
   Prev: -1  Min: -1  Max: 4  Default: -1
Changed value of parameter MIPFocus to 1
   Prev: 0  Min: 0  Max: 3  Default: 0
Optimize a model with 1924 rows, 2736 columns and 5472 nonzeros
Coefficient statistics:
  Matrix range    [1e+00, 2e+01]
  Objective range [1e+00, 1e+00]
  Bounds range    [1e+00, 1e+00]
  RHS range       [8e+01, 8e+01]
Found heuristic solution: objective 0
Presolve removed 1852 rows and 2033 columns
Presolve time: 0.01s
Presolved: 72 rows, 703 columns, 1290 nonzeros
Found heuristic solution: objective -630.8805000
Variable types: 0 continuous, 703 integer (609 binary)
Optimize a model with 72 rows, 703 columns and 1290 nonzeros
Coefficient statistics:
  Matrix range    [1e+00, 2e+01]
  Objective range [1e+00, 1e+00]
  Bounds range    [1e+00, 8e+00]
  RHS range       [1e+01, 8e+01]
Presolved: 72 rows, 703 columns, 1290 nonzeros

Root barrier log...

Ordering time: 0.00s

Barrier statistics:
 AA' NZ     : 5.770e+02
 Factor NZ  : 2.004e+03
 Factor Ops : 7.211e+04 (less than 1 second per iteration)
 Threads    : 1

                  Objective                Residual
Iter       Primal          Dual         Primal    Dual     Compl     Time
   0  -3.08522702e+03 -3.65221098e+03  2.17e+01 1.78e-15  7.79e+00     0s
   1  -8.30908110e+02 -2.26393832e+03  1.43e+00 1.29e+00  1.46e+00     0s
   2  -6.95967171e+02 -9.90871168e+02  0.00e+00 1.57e-01  2.05e-01     0s
   3  -7.53473588e+02 -7.93093117e+02  0.00e+00 5.69e-03  2.69e-02     0s
   4  -7.64600653e+02 -7.78987327e+02  0.00e+00 1.78e-15  9.75e-03     0s
   5  -7.70475084e+02 -7.75044629e+02  0.00e+00 3.55e-15  3.09e-03     0s
   6  -7.72911516e+02 -7.74128958e+02  0.00e+00 1.78e-15  8.24e-04     0s
   7  -7.73445749e+02 -7.73669967e+02  0.00e+00 3.55e-15  1.52e-04     0s
   8  -7.73594151e+02 -7.73596012e+02  0.00e+00 3.55e-15  1.26e-06     0s
   9  -7.73595142e+02 -7.73595144e+02  0.00e+00 1.78e-15  1.26e-09     0s

Barrier solved model in 9 iterations and 0.02 seconds
Optimal objective -7.73595142e+02


Root relaxation: objective -7.735951e+02, 123 iterations, 0.01 seconds

    Nodes    |    Current Node    |     Objective Bounds      |     Work
 Expl Unexpl |  Obj  Depth IntInf | Incumbent    BestBd   Gap | It/Node Time

     0     0 -773.59514    0   58 -630.88050 -773.59514  22.6%     -    0s
H    0     0                    -755.7660000 -773.59514  2.36%     -    0s
H    0     0                    -756.7755000 -773.59514  2.22%     -    0s
H    0     0                    -757.7765000 -773.59514  2.09%     -    0s
     0     0 -758.51206    0   21 -757.77650 -758.51206  0.10%     -    0s

Cutting planes:
  Gomory: 1
  Cover: 2
  MIR: 54

Explored 0 nodes (310 simplex iterations) in 0.07 seconds
Thread count was 16 (of 16 available processors)

Optimal solution found (tolerance 1.00e-02)
Best objective -7.577765000000e+02, best bound -7.585120641026e+02, gap 0.0971%
Changed value of parameter MIPGap to 0.01
   Prev: 0.0001  Min: 0.0  Max: 1e+100  Default: 0.0001
Changed value of parameter TimeLimit to 1800.0
   Prev: 1e+100  Min: 0.0  Max: 1e+100  Default: 1e+100
Changed value of parameter Method to 2
   Prev: -1  Min: -1  Max: 4  Default: -1
Changed value of parameter MIPFocus to 1
   Prev: 0  Min: 0  Max: 3  Default: 0
Optimize a model with 1924 rows, 2736 columns and 5472 nonzeros
Coefficient statistics:
  Matrix range    [1e+00, 2e+01]
  Objective range [1e+00, 1e+00]
  Bounds range    [1e+00, 1e+00]
  RHS range       [8e+01, 8e+01]
Found heuristic solution: objective 0
Presolve removed 1852 rows and 2033 columns
Presolve time: 0.01s
Presolved: 72 rows, 703 columns, 1290 nonzeros
Found heuristic solution: objective -632.7610000
Variable types: 0 continuous, 703 integer (609 binary)
Optimize a model with 72 rows, 703 columns and 1290 nonzeros
Coefficient statistics:
  Matrix range    [1e+00, 2e+01]
  Objective range [1e+00, 1e+00]
  Bounds range    [1e+00, 8e+00]
  RHS range       [1e+01, 8e+01]
Presolved: 72 rows, 703 columns, 1290 nonzeros

Root barrier log...

Ordering time: 0.00s

Barrier statistics:
 AA' NZ     : 5.770e+02
 Factor NZ  : 2.004e+03
 Factor Ops : 7.211e+04 (less than 1 second per iteration)
 Threads    : 1

                  Objective                Residual
Iter       Primal          Dual         Primal    Dual     Compl     Time
   0  -3.09012816e+03 -3.65393150e+03  2.17e+01 1.33e-15  7.79e+00     0s
   1  -8.32672793e+02 -2.26545304e+03  1.43e+00 1.29e+00  1.46e+00     0s
   2  -6.97559121e+02 -9.92549285e+02  0.00e+00 1.57e-01  2.05e-01     0s
   3  -7.55352841e+02 -7.95054075e+02  0.00e+00 5.68e-03  2.70e-02     0s
   4  -7.66494713e+02 -7.80851895e+02  0.00e+00 1.78e-15  9.73e-03     0s
   5  -7.72451252e+02 -7.76950370e+02  0.00e+00 3.55e-15  3.05e-03     0s
   6  -7.74832208e+02 -7.76018331e+02  0.00e+00 1.78e-15  8.03e-04     0s
   7  -7.75389403e+02 -7.75580165e+02  0.00e+00 3.55e-15  1.29e-04     0s
   8  -7.75518123e+02 -7.75519389e+02  0.00e+00 1.78e-15  8.57e-07     0s
   9  -7.75518856e+02 -7.75518858e+02  0.00e+00 3.55e-15  8.57e-10     0s

Barrier solved model in 9 iterations and 0.02 seconds
Optimal objective -7.75518856e+02


Root relaxation: objective -7.755189e+02, 123 iterations, 0.01 seconds

    Nodes    |    Current Node    |     Objective Bounds      |     Work
 Expl Unexpl |  Obj  Depth IntInf | Incumbent    BestBd   Gap | It/Node Time

     0     0 -775.51886    0   58 -632.76100 -775.51886  22.6%     -    0s
H    0     0                    -758.5510000 -775.51886  2.24%     -    0s
H    0     0                    -759.5530000 -775.51886  2.10%     -    0s
     0     0 -760.31900    0   23 -759.55300 -760.31900  0.10%     -    0s

Cutting planes:
  Gomory: 1
  Cover: 2
  MIR: 54

Explored 0 nodes (328 simplex iterations) in 0.08 seconds
Thread count was 16 (of 16 available processors)

Optimal solution found (tolerance 1.00e-02)
Best objective -7.595530000000e+02, best bound -7.603190000000e+02, gap 0.1008%
Changed value of parameter MIPGap to 0.01
   Prev: 0.0001  Min: 0.0  Max: 1e+100  Default: 0.0001
Changed value of parameter TimeLimit to 1800.0
   Prev: 1e+100  Min: 0.0  Max: 1e+100  Default: 1e+100
Changed value of parameter Method to 2
   Prev: -1  Min: -1  Max: 4  Default: -1
Changed value of parameter MIPFocus to 1
   Prev: 0  Min: 0  Max: 3  Default: 0
Optimize a model with 1924 rows, 2736 columns and 5472 nonzeros
Coefficient statistics:
  Matrix range    [1e+00, 2e+01]
  Objective range [1e+00, 1e+00]
  Bounds range    [1e+00, 1e+00]
  RHS range       [8e+01, 8e+01]
Found heuristic solution: objective 0
Presolve removed 1852 rows and 2033 columns
Presolve time: 0.01s
Presolved: 72 rows, 703 columns, 1290 nonzeros
Found heuristic solution: objective -636.5220000
Variable types: 0 continuous, 703 integer (609 binary)
Optimize a model with 72 rows, 703 columns and 1290 nonzeros
Coefficient statistics:
  Matrix range    [1e+00, 2e+01]
  Objective range [1e+00, 1e+00]
  Bounds range    [1e+00, 8e+00]
  RHS range       [1e+01, 8e+01]
Presolved: 72 rows, 703 columns, 1290 nonzeros

Root barrier log...

Ordering time: 0.00s

Barrier statistics:
 AA' NZ     : 5.770e+02
 Factor NZ  : 2.004e+03
 Factor Ops : 7.211e+04 (less than 1 second per iteration)
 Threads    : 1

                  Objective                Residual
Iter       Primal          Dual         Primal    Dual     Compl     Time
   0  -3.09993033e+03 -3.65737255e+03  2.17e+01 1.78e-15  7.79e+00     0s
   1  -8.36203939e+02 -2.26848310e+03  1.43e+00 1.29e+00  1.46e+00     0s
   2  -7.00747168e+02 -9.95900783e+02  0.00e+00 1.56e-01  2.05e-01     0s
   3  -7.59119777e+02 -7.98959534e+02  0.00e+00 5.66e-03  2.71e-02     0s
   4  -7.70293831e+02 -7.84566455e+02  0.00e+00 1.78e-15  9.67e-03     0s
   5  -7.76412631e+02 -7.80767853e+02  0.00e+00 1.78e-15  2.95e-03     0s
   6  -7.78676557e+02 -7.79816184e+02  0.00e+00 1.78e-15  7.72e-04     0s
   7  -7.79247127e+02 -7.79420220e+02  0.00e+00 3.55e-15  1.17e-04     0s
   8  -7.79365651e+02 -7.79366688e+02  0.00e+00 3.55e-15  7.02e-07     0s
   9  -7.79366285e+02 -7.79366286e+02  0.00e+00 3.55e-15  7.02e-10     0s

Barrier solved model in 9 iterations and 0.02 seconds
Optimal objective -7.79366285e+02


Root relaxation: objective -7.793663e+02, 123 iterations, 0.01 seconds

    Nodes    |    Current Node    |     Objective Bounds      |     Work
 Expl Unexpl |  Obj  Depth IntInf | Incumbent    BestBd   Gap | It/Node Time

     0     0 -779.36629    0   56 -636.52200 -779.36629  22.4%     -    0s
H    0     0                    -761.1320000 -779.36629  2.40%     -    0s
H    0     0                    -762.1400000 -779.36629  2.26%     -    0s
H    0     0                    -763.1060000 -779.36629  2.13%     -    0s
     0     0 -763.93287    0   21 -763.10600 -763.93287  0.11%     -    0s

Cutting planes:
  Gomory: 4
  Cover: 2
  MIR: 50

Explored 0 nodes (291 simplex iterations) in 0.06 seconds
Thread count was 16 (of 16 available processors)

Optimal solution found (tolerance 1.00e-02)
Best objective -7.631060000000e+02, best bound -7.639328717949e+02, gap 0.1084%
Changed value of parameter MIPGap to 0.01
   Prev: 0.0001  Min: 0.0  Max: 1e+100  Default: 0.0001
Changed value of parameter TimeLimit to 1800.0
   Prev: 1e+100  Min: 0.0  Max: 1e+100  Default: 1e+100
Changed value of parameter Method to 2
   Prev: -1  Min: -1  Max: 4  Default: -1
Changed value of parameter MIPFocus to 1
   Prev: 0  Min: 0  Max: 3  Default: 0
Optimize a model with 1924 rows, 2736 columns and 5472 nonzeros
Coefficient statistics:
  Matrix range    [1e+00, 2e+01]
  Objective range [1e+00, 1e+00]
  Bounds range    [1e+00, 1e+00]
  RHS range       [8e+01, 8e+01]
Found heuristic solution: objective 0
Presolve removed 1852 rows and 2033 columns
Presolve time: 0.01s
Presolved: 72 rows, 703 columns, 1290 nonzeros
Found heuristic solution: objective -644.0440000
Variable types: 0 continuous, 703 integer (609 binary)
Optimize a model with 72 rows, 703 columns and 1290 nonzeros
Coefficient statistics:
  Matrix range    [1e+00, 2e+01]
  Objective range [1e+00, 1e+00]
  Bounds range    [1e+00, 8e+00]
  RHS range       [1e+01, 8e+01]
Presolved: 72 rows, 703 columns, 1290 nonzeros

Root barrier log...

Ordering time: 0.00s

Barrier statistics:
 AA' NZ     : 5.770e+02
 Factor NZ  : 2.004e+03
 Factor Ops : 7.211e+04 (less than 1 second per iteration)
 Threads    : 1

                  Objective                Residual
Iter       Primal          Dual         Primal    Dual     Compl     Time
   0  -3.11953427e+03 -3.66425463e+03  2.17e+01 8.88e-16  7.78e+00     0s
   1  -8.43273343e+02 -2.27454565e+03  1.43e+00 1.29e+00  1.46e+00     0s
   2  -7.07139779e+02 -1.00257449e+03  0.00e+00 1.56e-01  2.05e-01     0s
   3  -7.66460466e+02 -8.07964721e+02  0.00e+00 6.90e-03  2.82e-02     0s
   4  -7.77285846e+02 -7.94043754e+02  0.00e+00 3.55e-15  1.14e-02     0s
   5  -7.83521763e+02 -7.89107660e+02  0.00e+00 3.55e-15  3.78e-03     0s
   6  -7.86347753e+02 -7.87660384e+02  0.00e+00 1.78e-15  8.89e-04     0s
   7  -7.86896411e+02 -7.87149722e+02  0.00e+00 3.55e-15  1.71e-04     0s
   8  -7.87059212e+02 -7.87062290e+02  0.00e+00 3.55e-15  2.08e-06     0s
   9  -7.87061141e+02 -7.87061144e+02  0.00e+00 3.55e-15  2.08e-09     0s

Barrier solved model in 9 iterations and 0.02 seconds
Optimal objective -7.87061141e+02


Root relaxation: objective -7.870611e+02, 122 iterations, 0.01 seconds

    Nodes    |    Current Node    |     Objective Bounds      |     Work
 Expl Unexpl |  Obj  Depth IntInf | Incumbent    BestBd   Gap | It/Node Time

     0     0 -787.06114    0   57 -644.04400 -787.06114  22.2%     -    0s
H    0     0                    -766.1960000 -787.06114  2.72%     -    0s
H    0     0                    -768.1280000 -787.06114  2.46%     -    0s
H    0     0                    -769.2840000 -787.06114  2.31%     -    0s
H    0     0                    -770.2120000 -787.06114  2.19%     -    0s
     0     0 -771.16062    0   23 -770.21200 -771.16062  0.12%     -    0s

Cutting planes:
  Gomory: 3
  Cover: 2
  MIR: 51

Explored 0 nodes (333 simplex iterations) in 0.07 seconds
Thread count was 16 (of 16 available processors)

Optimal solution found (tolerance 1.00e-02)
Best objective -7.702120000000e+02, best bound -7.711606153846e+02, gap 0.1232%
Changed value of parameter MIPGap to 0.01
   Prev: 0.0001  Min: 0.0  Max: 1e+100  Default: 0.0001
Changed value of parameter TimeLimit to 1800.0
   Prev: 1e+100  Min: 0.0  Max: 1e+100  Default: 1e+100
Changed value of parameter Method to 2
   Prev: -1  Min: -1  Max: 4  Default: -1
Changed value of parameter MIPFocus to 1
   Prev: 0  Min: 0  Max: 3  Default: 0
Optimize a model with 1924 rows, 2736 columns and 5472 nonzeros
Coefficient statistics:
  Matrix range    [1e+00, 2e+01]
  Objective range [1e+00, 1e+00]
  Bounds range    [1e+00, 1e+00]
  RHS range       [8e+01, 8e+01]
Found heuristic solution: objective 0
Presolve removed 1852 rows and 2033 columns
Presolve time: 0.01s
Presolved: 72 rows, 703 columns, 1290 nonzeros
Found heuristic solution: objective -647.8050000
Variable types: 0 continuous, 703 integer (609 binary)
Optimize a model with 72 rows, 703 columns and 1290 nonzeros
Coefficient statistics:
  Matrix range    [1e+00, 2e+01]
  Objective range [1e+00, 1e+00]
  Bounds range    [1e+00, 8e+00]
  RHS range       [1e+01, 8e+01]
Presolved: 72 rows, 703 columns, 1290 nonzeros

Root barrier log...

Ordering time: 0.00s

Barrier statistics:
 AA' NZ     : 5.770e+02
 Factor NZ  : 2.004e+03
 Factor Ops : 7.211e+04 (less than 1 second per iteration)
 Threads    : 1

                  Objective                Residual
Iter       Primal          Dual         Primal    Dual     Compl     Time
   0  -3.12933603e+03 -3.66769567e+03  2.17e+01 1.33e-15  7.78e+00     0s
   1  -8.46811630e+02 -2.27757814e+03  1.43e+00 1.28e+00  1.46e+00     0s
   2  -7.10344330e+02 -1.00591161e+03  0.00e+00 1.56e-01  2.05e-01     0s
   3  -7.70227699e+02 -8.11895565e+02  0.00e+00 6.90e-03  2.83e-02     0s
   4  -7.81047324e+02 -7.97885791e+02  0.00e+00 3.55e-15  1.14e-02     0s
   5  -7.87302793e+02 -7.92932792e+02  0.00e+00 1.78e-15  3.81e-03     0s
   6  -7.90187525e+02 -7.91498064e+02  0.00e+00 3.55e-15  8.87e-04     0s
   7  -7.90745757e+02 -7.90995913e+02  0.00e+00 3.55e-15  1.69e-04     0s
   8  -7.90906614e+02 -7.90909654e+02  0.00e+00 3.55e-15  2.06e-06     0s
   9  -7.90908569e+02 -7.90908573e+02  0.00e+00 3.55e-15  2.06e-09     0s

Barrier solved model in 9 iterations and 0.02 seconds
Optimal objective -7.90908569e+02


Root relaxation: objective -7.909086e+02, 122 iterations, 0.01 seconds

    Nodes    |    Current Node    |     Objective Bounds      |     Work
 Expl Unexpl |  Obj  Depth IntInf | Incumbent    BestBd   Gap | It/Node Time

     0     0 -790.90857    0   56 -647.80500 -790.90857  22.1%     -    0s
H    0     0                    -772.7600000 -790.90857  2.35%     -    0s
H    0     0                    -773.7650000 -790.90857  2.22%     -    0s
     0     0 -774.77449    0   32 -773.76500 -774.77449  0.13%     -    0s

Cutting planes:
  Gomory: 1
  Cover: 2
  MIR: 54

Explored 0 nodes (338 simplex iterations) in 0.08 seconds
Thread count was 16 (of 16 available processors)

Optimal solution found (tolerance 1.00e-02)
Best objective -7.737650000000e+02, best bound -7.747700000000e+02, gap 0.1299%
Changed value of parameter MIPGap to 0.01
   Prev: 0.0001  Min: 0.0  Max: 1e+100  Default: 0.0001
Changed value of parameter TimeLimit to 1800.0
   Prev: 1e+100  Min: 0.0  Max: 1e+100  Default: 1e+100
Changed value of parameter Method to 2
   Prev: -1  Min: -1  Max: 4  Default: -1
Changed value of parameter MIPFocus to 1
   Prev: 0  Min: 0  Max: 3  Default: 0
Optimize a model with 1924 rows, 2736 columns and 5472 nonzeros
Coefficient statistics:
  Matrix range    [1e+00, 2e+01]
  Objective range [1e+00, 1e+00]
  Bounds range    [1e+00, 1e+00]
  RHS range       [8e+01, 8e+01]
Found heuristic solution: objective 0
Presolve removed 1852 rows and 2033 columns
Presolve time: 0.01s
Presolved: 72 rows, 703 columns, 1290 nonzeros
Found heuristic solution: objective -666.6100000
Variable types: 0 continuous, 703 integer (609 binary)
Optimize a model with 72 rows, 703 columns and 1290 nonzeros
Coefficient statistics:
  Matrix range    [1e+00, 2e+01]
  Objective range [1e+00, 1e+00]
  Bounds range    [1e+00, 8e+00]
  RHS range       [1e+01, 8e+01]
Presolved: 72 rows, 703 columns, 1290 nonzeros

Root barrier log...

Ordering time: 0.00s

Barrier statistics:
 AA' NZ     : 5.770e+02
 Factor NZ  : 2.004e+03
 Factor Ops : 7.211e+04 (less than 1 second per iteration)
 Threads    : 1

                  Objective                Residual
Iter       Primal          Dual         Primal    Dual     Compl     Time
   0  -3.17834280e+03 -3.68490089e+03  2.17e+01 1.78e-15  7.78e+00     0s
   1  -8.64540011e+02 -2.29275325e+03  1.43e+00 1.28e+00  1.46e+00     0s
   2  -7.26449322e+02 -1.02269556e+03  0.00e+00 1.55e-01  2.06e-01     0s
   3  -7.89201917e+02 -8.31217335e+02  0.00e+00 6.66e-03  2.86e-02     0s
   4  -7.99736247e+02 -8.16534314e+02  0.00e+00 3.55e-15  1.14e-02     0s
   5  -8.06232153e+02 -8.12221202e+02  0.00e+00 1.78e-15  4.06e-03     0s
   6  -8.09368405e+02 -8.10748279e+02  0.00e+00 1.78e-15  9.34e-04     0s
   7  -8.09952903e+02 -8.10237639e+02  0.00e+00 1.78e-15  1.93e-04     0s
   8  -8.10142399e+02 -8.10147646e+02  0.00e+00 1.78e-15  3.55e-06     0s
   9  -8.10145711e+02 -8.10145716e+02  0.00e+00 3.55e-15  3.55e-09     0s

Barrier solved model in 9 iterations and 0.02 seconds
Optimal objective -8.10145711e+02


Root relaxation: objective -8.101457e+02, 123 iterations, 0.01 seconds

    Nodes    |    Current Node    |     Objective Bounds      |     Work
 Expl Unexpl |  Obj  Depth IntInf | Incumbent    BestBd   Gap | It/Node Time

     0     0 -810.14571    0   58 -666.61000 -810.14571  21.5%     -    0s
H    0     0                    -788.2800000 -810.14571  2.77%     -    0s
H    0     0                    -790.5200000 -810.14571  2.48%     -    0s
H    0     0                    -790.6800000 -810.14571  2.46%     -    0s
H    0     0                    -791.5300000 -810.14571  2.35%     -    0s
     0     0 -792.84385    0   19 -791.53000 -792.84385  0.17%     -    0s

Cutting planes:
  Gomory: 2
  Cover: 2
  MIR: 53

Explored 0 nodes (278 simplex iterations) in 0.07 seconds
Thread count was 16 (of 16 available processors)

Optimal solution found (tolerance 1.00e-02)
Best objective -7.915300000000e+02, best bound -7.928400000000e+02, gap 0.1655%
Changed value of parameter MIPGap to 0.01
   Prev: 0.0001  Min: 0.0  Max: 1e+100  Default: 0.0001
Changed value of parameter TimeLimit to 1800.0
   Prev: 1e+100  Min: 0.0  Max: 1e+100  Default: 1e+100
Changed value of parameter Method to 2
   Prev: -1  Min: -1  Max: 4  Default: -1
Changed value of parameter MIPFocus to 1
   Prev: 0  Min: 0  Max: 3  Default: 0
Optimize a model with 1924 rows, 2736 columns and 5472 nonzeros
Coefficient statistics:
  Matrix range    [1e+00, 2e+01]
  Objective range [1e+00, 1e+00]
  Bounds range    [1e+00, 1e+00]
  RHS range       [8e+01, 8e+01]
Found heuristic solution: objective 0
Presolve removed 1852 rows and 2033 columns
Presolve time: 0.01s
Presolved: 72 rows, 703 columns, 1290 nonzeros
Found heuristic solution: objective -704.2200000
Variable types: 0 continuous, 703 integer (609 binary)
Optimize a model with 72 rows, 703 columns and 1290 nonzeros
Coefficient statistics:
  Matrix range    [1e+00, 2e+01]
  Objective range [1e+00, 1e+00]
  Bounds range    [1e+00, 8e+00]
  RHS range       [1e+01, 8e+01]
Presolved: 72 rows, 703 columns, 1290 nonzeros

Root barrier log...

Ordering time: 0.00s

Barrier statistics:
 AA' NZ     : 5.770e+02
 Factor NZ  : 2.004e+03
 Factor Ops : 7.211e+04 (less than 1 second per iteration)
 Threads    : 1

                  Objective                Residual
Iter       Primal          Dual         Primal    Dual     Compl     Time
   0  -3.27634608e+03 -3.71931132e+03  2.17e+01 1.33e-15  7.78e+00     0s
   1  -9.00174357e+02 -2.32316472e+03  1.43e+00 1.26e+00  1.46e+00     0s
   2  -7.59061483e+02 -1.05665366e+03  0.00e+00 1.53e-01  2.06e-01     0s
   3  -8.27736500e+02 -8.68281522e+02  0.00e+00 4.90e-03  2.75e-02     0s
   4  -8.39194695e+02 -8.53949478e+02  0.00e+00 1.78e-15  1.00e-02     0s
   5  -8.46364838e+02 -8.50202437e+02  0.00e+00 3.55e-15  2.60e-03     0s
   6  -8.47959887e+02 -8.48968363e+02  0.00e+00 3.55e-15  6.83e-04     0s
   7  -8.48587939e+02 -8.48651322e+02  0.00e+00 3.55e-15  4.29e-05     0s
   8  -8.48619947e+02 -8.48620097e+02  0.00e+00 3.55e-15  1.01e-07     0s
   9  -8.48620000e+02 -8.48620000e+02  0.00e+00 3.55e-15  1.01e-10     0s

Barrier solved model in 9 iterations and 0.02 seconds
Optimal objective -8.48620000e+02


Root relaxation: objective -8.486200e+02, 123 iterations, 0.01 seconds

    Nodes    |    Current Node    |     Objective Bounds      |     Work
 Expl Unexpl |  Obj  Depth IntInf | Incumbent    BestBd   Gap | It/Node Time

     0     0 -848.62000    0   56 -704.22000 -848.62000  20.5%     -    0s
H    0     0                    -826.3600000 -848.62000  2.69%     -    0s
H    0     0                    -827.0600000 -848.62000  2.61%     -    0s
     0     0 -829.31848    0   28 -827.06000 -829.31848  0.27%     -    0s

Cutting planes:
  Gomory: 2
  Cover: 2
  MIR: 52

Explored 0 nodes (329 simplex iterations) in 0.07 seconds
Thread count was 16 (of 16 available processors)

Optimal solution found (tolerance 1.00e-02)
Best objective -8.270600000000e+02, best bound -8.293000000000e+02, gap 0.2708%
Changed value of parameter MIPGap to 0.01
   Prev: 0.0001  Min: 0.0  Max: 1e+100  Default: 0.0001
Changed value of parameter TimeLimit to 1800.0
   Prev: 1e+100  Min: 0.0  Max: 1e+100  Default: 1e+100
Changed value of parameter Method to 2
   Prev: -1  Min: -1  Max: 4  Default: -1
Changed value of parameter MIPFocus to 1
   Prev: 0  Min: 0  Max: 3  Default: 0
Optimize a model with 1924 rows, 2736 columns and 5472 nonzeros
Coefficient statistics:
  Matrix range    [1e+00, 2e+01]
  Objective range [1e+00, 2e+00]
  Bounds range    [1e+00, 1e+00]
  RHS range       [8e+01, 8e+01]
Found heuristic solution: objective 0
Presolve removed 1852 rows and 2033 columns
Presolve time: 0.01s
Presolved: 72 rows, 703 columns, 1290 nonzeros
Found heuristic solution: objective -779.4400000
Variable types: 0 continuous, 703 integer (609 binary)
Optimize a model with 72 rows, 703 columns and 1290 nonzeros
Coefficient statistics:
  Matrix range    [1e+00, 2e+01]
  Objective range [1e+00, 2e+00]
  Bounds range    [1e+00, 8e+00]
  RHS range       [1e+01, 8e+01]
Presolved: 72 rows, 703 columns, 1290 nonzeros

Root barrier log...

Ordering time: 0.00s

Barrier statistics:
 AA' NZ     : 5.770e+02
 Factor NZ  : 2.004e+03
 Factor Ops : 7.211e+04 (less than 1 second per iteration)
 Threads    : 1

                  Objective                Residual
Iter       Primal          Dual         Primal    Dual     Compl     Time
   0  -3.47231156e+03 -3.78813219e+03  2.17e+01 8.88e-16  7.76e+00     0s
   1  -9.72933143e+02 -2.38456970e+03  1.44e+00 1.23e+00  1.45e+00     0s
   2  -8.26179827e+02 -1.12723514e+03  0.00e+00 1.47e-01  2.09e-01     0s
   3  -9.05091593e+02 -9.41891004e+02  0.00e+00 5.97e-05  2.50e-02     0s
   4  -9.16175824e+02 -9.30087585e+02  0.00e+00 3.55e-15  9.44e-03     0s
   5  -9.23239698e+02 -9.27180792e+02  0.00e+00 1.78e-15  2.67e-03     0s
   6  -9.24997897e+02 -9.26100654e+02  0.00e+00 3.55e-15  7.48e-04     0s
   7  -9.25706053e+02 -9.25771050e+02  0.00e+00 3.55e-15  4.40e-05     0s
   8  -9.25748132e+02 -9.25748788e+02  0.00e+00 3.55e-15  4.44e-07     0s
   9  -9.25748571e+02 -9.25748572e+02  0.00e+00 3.55e-15  4.44e-10     0s

Barrier solved model in 9 iterations and 0.02 seconds
Optimal objective -9.25748571e+02


Root relaxation: objective -9.257486e+02, 119 iterations, 0.01 seconds

    Nodes    |    Current Node    |     Objective Bounds      |     Work
 Expl Unexpl |  Obj  Depth IntInf | Incumbent    BestBd   Gap | It/Node Time

     0     0 -925.74857    0   52 -779.44000 -925.74857  18.8%     -    0s
H    0     0                    -895.8800000 -925.74857  3.33%     -    0s
H    0     0                    -897.8000000 -925.74857  3.11%     -    0s
H    0     0                    -898.1200000 -925.74857  3.08%     -    0s
     0     0 -902.84319    0   25 -898.12000 -902.84319  0.53%     -    0s

Cutting planes:
  Gomory: 2
  Cover: 2
  MIR: 52

Explored 0 nodes (343 simplex iterations) in 0.08 seconds
Thread count was 16 (of 16 available processors)

Optimal solution found (tolerance 1.00e-02)
Best objective -8.981200000000e+02, best bound -9.028400000000e+02, gap 0.5255%
Changed value of parameter MIPGap to 0.01
   Prev: 0.0001  Min: 0.0  Max: 1e+100  Default: 0.0001
Changed value of parameter TimeLimit to 1800.0
   Prev: 1e+100  Min: 0.0  Max: 1e+100  Default: 1e+100
Changed value of parameter Method to 2
   Prev: -1  Min: -1  Max: 4  Default: -1
Changed value of parameter MIPFocus to 1
   Prev: 0  Min: 0  Max: 3  Default: 0
Optimize a model with 1924 rows, 2736 columns and 5472 nonzeros
Coefficient statistics:
  Matrix range    [1e+00, 2e+01]
  Objective range [1e+00, 2e+00]
  Bounds range    [1e+00, 1e+00]
  RHS range       [8e+01, 8e+01]
Found heuristic solution: objective 0
Presolve removed 1852 rows and 2033 columns
Presolve time: 0.01s
Presolved: 72 rows, 703 columns, 1290 nonzeros
Found heuristic solution: objective -817.0500000
Variable types: 0 continuous, 703 integer (609 binary)
Optimize a model with 72 rows, 703 columns and 1290 nonzeros
Coefficient statistics:
  Matrix range    [1e+00, 2e+01]
  Objective range [1e+00, 2e+00]
  Bounds range    [1e+00, 8e+00]
  RHS range       [1e+01, 8e+01]
Presolved: 72 rows, 703 columns, 1290 nonzeros

Root barrier log...

Ordering time: 0.00s

Barrier statistics:
 AA' NZ     : 5.770e+02
 Factor NZ  : 2.004e+03
 Factor Ops : 7.211e+04 (less than 1 second per iteration)
 Threads    : 1

                  Objective                Residual
Iter       Primal          Dual         Primal    Dual     Compl     Time
   0  -3.57027375e+03 -3.82254262e+03  2.17e+01 1.78e-15  7.76e+00     0s
   1  -1.01039125e+03 -2.41523401e+03  1.45e+00 1.21e+00  1.45e+00     0s
   2  -8.65396578e+02 -1.17104605e+03  0.00e+00 1.60e-01  2.12e-01     0s
   3  -9.44027606e+02 -9.81139393e+02  0.00e+00 5.37e-04  2.52e-02     0s
   4  -9.55384132e+02 -9.68994199e+02  0.00e+00 3.55e-15  9.23e-03     0s
   5  -9.62241272e+02 -9.65713142e+02  0.00e+00 1.78e-15  2.35e-03     0s
   6  -9.63861450e+02 -9.64611699e+02  0.00e+00 1.78e-15  5.09e-04     0s
   7  -9.64328354e+02 -9.64352079e+02  0.00e+00 1.78e-15  1.61e-05     0s
   8  -9.64342820e+02 -9.64342884e+02  0.00e+00 3.55e-15  4.32e-08     0s
   9  -9.64342857e+02 -9.64342857e+02  0.00e+00 3.55e-15  4.32e-11     0s

Barrier solved model in 9 iterations and 0.02 seconds
Optimal objective -9.64342857e+02


Root relaxation: objective -9.643429e+02, 119 iterations, 0.01 seconds

    Nodes    |    Current Node    |     Objective Bounds      |     Work
 Expl Unexpl |  Obj  Depth IntInf | Incumbent    BestBd   Gap | It/Node Time

     0     0 -964.34286    0   55 -817.05000 -964.34286  18.0%     -    0s
H    0     0                    -932.3500000 -964.34286  3.43%     -    0s
H    0     0                    -933.4000000 -964.34286  3.32%     -    0s
     0     0 -939.83365    0   31 -933.40000 -939.83365  0.69%     -    0s

Cutting planes:
  Gomory: 2
  Cover: 2
  MIR: 53

Explored 0 nodes (358 simplex iterations) in 0.07 seconds
Thread count was 16 (of 16 available processors)

Optimal solution found (tolerance 1.00e-02)
Best objective -9.334000000000e+02, best bound -9.398000000000e+02, gap 0.6857%
Changed value of parameter MIPGap to 0.01
   Prev: 0.0001  Min: 0.0  Max: 1e+100  Default: 0.0001
Changed value of parameter TimeLimit to 1800.0
   Prev: 1e+100  Min: 0.0  Max: 1e+100  Default: 1e+100
Changed value of parameter Method to 2
   Prev: -1  Min: -1  Max: 4  Default: -1
Changed value of parameter MIPFocus to 1
   Prev: 0  Min: 0  Max: 3  Default: 0
Optimize a model with 1924 rows, 2736 columns and 5472 nonzeros
Coefficient statistics:
  Matrix range    [1e+00, 2e+01]
  Objective range [1e+00, 3e+00]
  Bounds range    [1e+00, 1e+00]
  RHS range       [8e+01, 8e+01]
Found heuristic solution: objective 0
Presolve removed 1852 rows and 2033 columns
Presolve time: 0.01s
Presolved: 72 rows, 703 columns, 1290 nonzeros
Found heuristic solution: objective -1005.100000
Variable types: 0 continuous, 703 integer (609 binary)
Optimize a model with 72 rows, 703 columns and 1290 nonzeros
Coefficient statistics:
  Matrix range    [1e+00, 2e+01]
  Objective range [1e+00, 3e+00]
  Bounds range    [1e+00, 8e+00]
  RHS range       [1e+01, 8e+01]
Presolved: 72 rows, 703 columns, 1290 nonzeros

Root barrier log...

Ordering time: 0.00s

Barrier statistics:
 AA' NZ     : 5.770e+02
 Factor NZ  : 2.004e+03
 Factor Ops : 7.211e+04 (less than 1 second per iteration)
 Threads    : 1

                  Objective                Residual
Iter       Primal          Dual         Primal    Dual     Compl     Time
   0  -4.05987856e+03 -3.99459478e+03  2.17e+01 8.88e-16  7.73e+00     0s
   1  -1.20141449e+03 -2.56982921e+03  1.49e+00 1.13e+00  1.44e+00     0s
   2  -1.04372140e+03 -1.33305175e+03  0.00e+00 1.32e-01  1.98e-01     0s
   3  -1.13360291e+03 -1.18566990e+03  0.00e+00 8.05e-03  3.53e-02     0s
   4  -1.15081746e+03 -1.16541534e+03  0.00e+00 3.55e-15  9.89e-03     0s
   5  -1.15566495e+03 -1.16019977e+03  0.00e+00 3.55e-15  3.07e-03     0s
   6  -1.15700595e+03 -1.15755335e+03  0.00e+00 1.78e-15  3.71e-04     0s
   7  -1.15730473e+03 -1.15745806e+03  0.00e+00 1.78e-15  1.04e-04     0s
   8  -1.15733189e+03 -1.15738950e+03  0.00e+00 3.55e-15  3.90e-05     0s
   9  -1.15732029e+03 -1.15738058e+03  0.00e+00 1.78e-15  4.08e-05     0s
  10  -1.15734607e+03 -1.15736026e+03  0.00e+00 3.55e-15  9.60e-06     0s
  11  -1.15734762e+03 -1.15734763e+03  0.00e+00 3.55e-15  1.09e-08     0s
  12  -1.15734762e+03 -1.15734762e+03  6.21e-13 3.55e-15  1.13e-14     0s

Barrier solved model in 12 iterations and 0.02 seconds
Optimal objective -1.15734762e+03


Root relaxation: objective -1.157348e+03, 115 iterations, 0.01 seconds

    Nodes    |    Current Node    |     Objective Bounds      |     Work
 Expl Unexpl |  Obj  Depth IntInf | Incumbent    BestBd   Gap | It/Node Time

     0     0 -1157.3476    0   57 -1005.1000 -1157.3476  15.1%     -    0s
H    0     0                    -1111.400000 -1157.3476  4.13%     -    0s
H    0     0                    -1114.400000 -1157.3476  3.85%     -    0s
     0     0 -1127.3469    0   33 -1114.4000 -1127.3469  1.16%     -    0s
H    0     0                    -1121.600000 -1127.3469  0.51%     -    0s

Cutting planes:
  Gomory: 2
  Cover: 2
  MIR: 54

Explored 0 nodes (303 simplex iterations) in 0.08 seconds
Thread count was 16 (of 16 available processors)

Optimal solution found (tolerance 1.00e-02)
Best objective -1.121600000000e+03, best bound -1.127300000000e+03, gap 0.5082%
Changed value of parameter MIPGap to 0.01
   Prev: 0.0001  Min: 0.0  Max: 1e+100  Default: 0.0001
Changed value of parameter TimeLimit to 1800.0
   Prev: 1e+100  Min: 0.0  Max: 1e+100  Default: 1e+100
Changed value of parameter Method to 2
   Prev: -1  Min: -1  Max: 4  Default: -1
Changed value of parameter MIPFocus to 1
   Prev: 0  Min: 0  Max: 3  Default: 0
Optimize a model with 1924 rows, 2736 columns and 5472 nonzeros
Coefficient statistics:
  Matrix range    [1e+00, 2e+01]
  Objective range [1e+00, 5e+00]
  Bounds range    [1e+00, 1e+00]
  RHS range       [8e+01, 8e+01]
Found heuristic solution: objective 0
Presolve removed 1852 rows and 2033 columns
Presolve time: 0.01s
Presolved: 72 rows, 703 columns, 1290 nonzeros
Found heuristic solution: objective -1382.600000
Variable types: 0 continuous, 703 integer (609 binary)
Optimize a model with 72 rows, 703 columns and 1290 nonzeros
Coefficient statistics:
  Matrix range    [1e+00, 2e+01]
  Objective range [1e+00, 5e+00]
  Bounds range    [1e+00, 8e+00]
  RHS range       [1e+01, 8e+01]
Presolved: 72 rows, 703 columns, 1290 nonzeros

Root barrier log...

Ordering time: 0.00s

Barrier statistics:
 AA' NZ     : 5.770e+02
 Factor NZ  : 2.004e+03
 Factor Ops : 7.211e+04 (less than 1 second per iteration)
 Threads    : 1

                  Objective                Residual
Iter       Primal          Dual         Primal    Dual     Compl     Time
   0  -5.03805255e+03 -4.33869909e+03  2.17e+01 1.78e-15  7.66e+00     0s
   1  -1.60205149e+03 -3.04561997e+03  1.55e+00 9.52e-01  1.54e+00     0s
   2  -1.42827736e+03 -1.72522387e+03  0.00e+00 9.93e-02  2.02e-01     0s
   3  -1.51785286e+03 -1.57511616e+03  0.00e+00 1.13e-03  3.88e-02     0s
   4  -1.53586021e+03 -1.55341027e+03  0.00e+00 1.78e-15  1.19e-02     0s
   5  -1.53903202e+03 -1.54913352e+03  0.00e+00 1.78e-15  6.84e-03     0s
   6  -1.54290482e+03 -1.54553059e+03  0.00e+00 3.55e-15  1.78e-03     0s
   7  -1.54412893e+03 -1.54447812e+03  0.00e+00 4.44e-15  2.37e-04     0s
   8  -1.54440960e+03 -1.54442269e+03  0.00e+00 1.78e-15  8.86e-06     0s
   9  -1.54441991e+03 -1.54441992e+03  0.00e+00 1.78e-15  8.86e-09     0s

Barrier solved model in 9 iterations and 0.02 seconds
Optimal objective -1.54441991e+03


Root relaxation: objective -1.544420e+03, 107 iterations, 0.01 seconds

    Nodes    |    Current Node    |     Objective Bounds      |     Work
 Expl Unexpl |  Obj  Depth IntInf | Incumbent    BestBd   Gap | It/Node Time

     0     0 -1544.4199    0   60 -1382.6000 -1544.4199  11.7%     -    0s
H    0     0                    -1471.600000 -1544.4199  4.95%     -    0s
H    0     0                    -1477.400000 -1544.4199  4.54%     -    0s
     0     0 -1514.5558    0   57 -1477.4000 -1514.5558  2.51%     -    0s
H    0     0                    -1495.200000 -1514.5558  1.29%     -    0s
H    0     0                    -1498.800000 -1514.5558  1.05%     -    0s
     0     0 -1514.5436    0   51 -1498.8000 -1514.5436  1.05%     -    0s
     0     0 -1513.2381    0   78 -1498.8000 -1513.2381  0.96%     -    0s

Cutting planes:
  Gomory: 5
  Cover: 7
  MIR: 68

Explored 0 nodes (452 simplex iterations) in 0.11 seconds
Thread count was 16 (of 16 available processors)

Optimal solution found (tolerance 1.00e-02)
Best objective -1.498800000000e+03, best bound -1.513200000000e+03, gap 0.9608%
Changed value of parameter MIPGap to 0.01
   Prev: 0.0001  Min: 0.0  Max: 1e+100  Default: 0.0001
Changed value of parameter TimeLimit to 1800.0
   Prev: 1e+100  Min: 0.0  Max: 1e+100  Default: 1e+100
Changed value of parameter Method to 2
   Prev: -1  Min: -1  Max: 4  Default: -1
Changed value of parameter MIPFocus to 1
   Prev: 0  Min: 0  Max: 3  Default: 0
Optimize a model with 1924 rows, 2736 columns and 5472 nonzeros
Coefficient statistics:
  Matrix range    [1e+00, 2e+01]
  Objective range [1e+00, 9e+00]
  Bounds range    [1e+00, 1e+00]
  RHS range       [8e+01, 8e+01]
Found heuristic solution: objective 0
Presolve removed 1852 rows and 2033 columns
Presolve time: 0.01s
Presolved: 72 rows, 703 columns, 1290 nonzeros
Found heuristic solution: objective -2140.200000
Variable types: 0 continuous, 703 integer (609 binary)
Optimize a model with 72 rows, 703 columns and 1290 nonzeros
Coefficient statistics:
  Matrix range    [1e+00, 2e+01]
  Objective range [1e+00, 9e+00]
  Bounds range    [1e+00, 8e+00]
  RHS range       [1e+01, 8e+01]
Presolve removed 0 rows and 1 columns
Presolved: 72 rows, 702 columns, 1289 nonzeros

Root barrier log...

Ordering time: 0.00s

Barrier statistics:
 AA' NZ     : 5.770e+02
 Factor NZ  : 2.004e+03
 Factor Ops : 7.211e+04 (less than 1 second per iteration)
 Threads    : 1

                  Objective                Residual
Iter       Primal          Dual         Primal    Dual     Compl     Time
   0  -6.99431158e+03 -5.69054945e+03  2.16e+01 1.78e-15  9.22e+00     0s
   1  -2.38480956e+03 -4.06693476e+03  1.40e+00 9.35e-01  1.76e+00     0s
   2  -2.21417477e+03 -2.52834726e+03  1.46e-03 6.44e-02  2.14e-01     0s
   3  -2.29679034e+03 -2.36750041e+03  6.90e-05 3.55e-15  4.81e-02     0s
   4  -2.31757139e+03 -2.34874942e+03  0.00e+00 3.55e-15  2.12e-02     0s
   5  -2.32803001e+03 -2.34061966e+03  0.00e+00 3.55e-15  8.55e-03     0s
   6  -2.33120349e+03 -2.33774324e+03  0.00e+00 3.55e-15  4.44e-03     0s
   7  -2.33317650e+03 -2.33572137e+03  0.00e+00 3.55e-15  1.73e-03     0s
   8  -2.33413934e+03 -2.33526154e+03  0.00e+00 3.55e-15  7.61e-04     0s
   9  -2.33426041e+03 -2.33449478e+03  0.00e+00 3.55e-15  1.59e-04     0s
  10  -2.33432379e+03 -2.33433564e+03  0.00e+00 3.55e-15  8.03e-06     0s
  11  -2.33432857e+03 -2.33432858e+03  0.00e+00 3.55e-15  8.03e-09     0s

Barrier solved model in 11 iterations and 0.02 seconds
Optimal objective -2.33432857e+03


Root relaxation: objective -2.334329e+03, 162 iterations, 0.01 seconds

    Nodes    |    Current Node    |     Objective Bounds      |     Work
 Expl Unexpl |  Obj  Depth IntInf | Incumbent    BestBd   Gap | It/Node Time

     0     0 -2334.3286    0   55 -2140.2000 -2334.3286  9.07%     -    0s
H    0     0                    -2251.600000 -2334.3286  3.67%     -    0s
H    0     0                    -2259.600000 -2334.3286  3.31%     -    0s
     0     0 -2323.0612    0   75 -2259.6000 -2323.0612  2.81%     -    0s
H    0     0                    -2278.000000 -2323.0612  1.98%     -    0s
H    0     0                    -2280.800000 -2323.0612  1.85%     -    0s
     0     0 -2323.0553    0   74 -2280.8000 -2323.0553  1.85%     -    0s
     0     0 -2321.2750    0  106 -2280.8000 -2321.2750  1.77%     -    0s
H    0     0                    -2287.800000 -2321.2750  1.46%     -    0s
     0     0 -2319.3774    0   93 -2287.8000 -2319.3774  1.38%     -    0s
H    0     0                    -2291.200000 -2319.3774  1.23%     -    0s
H    0     0                    -2300.200000 -2319.3774  0.83%     -    0s

Cutting planes:
  Gomory: 9
  Cover: 8
  MIR: 92
  Zero half: 2

Explored 0 nodes (925 simplex iterations) in 0.15 seconds
Thread count was 16 (of 16 available processors)

Optimal solution found (tolerance 1.00e-02)
Best objective -2.300200000000e+03, best bound -2.319200000000e+03, gap 0.8260%
Changed value of parameter MIPGap to 0.01
   Prev: 0.0001  Min: 0.0  Max: 1e+100  Default: 0.0001
Changed value of parameter TimeLimit to 1800.0
   Prev: 1e+100  Min: 0.0  Max: 1e+100  Default: 1e+100
Changed value of parameter Method to 2
   Prev: -1  Min: -1  Max: 4  Default: -1
Changed value of parameter MIPFocus to 1
   Prev: 0  Min: 0  Max: 3  Default: 0
Optimize a model with 1924 rows, 2736 columns and 5472 nonzeros
Coefficient statistics:
  Matrix range    [1e+00, 2e+01]
  Objective range [2e+00, 1e+01]
  Bounds range    [1e+00, 1e+00]
  RHS range       [8e+01, 8e+01]
Found heuristic solution: objective 0
Presolve removed 1852 rows and 2036 columns
Presolve time: 0.01s
Presolved: 72 rows, 700 columns, 1287 nonzeros
Found heuristic solution: objective -2519.500000
Variable types: 0 continuous, 700 integer (605 binary)
Optimize a model with 72 rows, 700 columns and 1287 nonzeros
Coefficient statistics:
  Matrix range    [1e+00, 2e+01]
  Objective range [2e+00, 1e+01]
  Bounds range    [1e+00, 1e+01]
  RHS range       [1e+01, 8e+01]
Presolved: 72 rows, 700 columns, 1287 nonzeros

Root barrier log...

Ordering time: 0.00s

Barrier statistics:
 AA' NZ     : 5.770e+02
 Factor NZ  : 1.864e+03
 Factor Ops : 6.202e+04 (less than 1 second per iteration)
 Threads    : 1

                  Objective                Residual
Iter       Primal          Dual         Primal    Dual     Compl     Time
   0  -7.95807020e+03 -6.44444331e+03  2.17e+01 1.78e-15  1.02e+01     0s
   1  -2.80055532e+03 -4.63802120e+03  1.38e+00 9.73e-01  1.92e+00     0s
   2  -2.64237053e+03 -2.97685411e+03  1.44e-02 6.99e-02  2.34e-01     0s
   3  -2.71072347e+03 -2.79308097e+03  2.74e-03 5.33e-15  5.72e-02     0s
   4  -2.72714841e+03 -2.77405349e+03  2.37e-04 3.55e-15  3.21e-02     0s
   5  -2.73087239e+03 -2.74542847e+03  3.98e-05 3.55e-15  9.98e-03     0s
   6  -2.73319811e+03 -2.74006259e+03  9.12e-06 3.55e-15  4.70e-03     0s
   7  -2.73514143e+03 -2.73825219e+03  0.00e+00 3.55e-15  2.12e-03     0s
   8  -2.73576816e+03 -2.73709437e+03  0.00e+00 3.55e-15  9.05e-04     0s
   9  -2.73613097e+03 -2.73661579e+03  0.00e+00 3.55e-15  3.30e-04     0s
  10  -2.73623149e+03 -2.73642551e+03  0.00e+00 3.55e-15  1.32e-04     0s
  11  -2.73627000e+03 -2.73631777e+03  0.00e+00 3.55e-15  3.25e-05     0s
  12  -2.73627313e+03 -2.73630369e+03  0.00e+00 3.55e-15  2.08e-05     0s
  13  -2.73627501e+03 -2.73627702e+03  0.00e+00 3.55e-15  1.36e-06     0s
  14  -2.73627571e+03 -2.73627572e+03  0.00e+00 3.55e-15  7.19e-09     0s

Barrier solved model in 14 iterations and 0.02 seconds
Optimal objective -2.73627571e+03


Root relaxation: objective -2.736276e+03, 135 iterations, 0.01 seconds

    Nodes    |    Current Node    |     Objective Bounds      |     Work
 Expl Unexpl |  Obj  Depth IntInf | Incumbent    BestBd   Gap | It/Node Time

     0     0 -2736.2757    0   58 -2519.5000 -2736.2757  8.60%     -    0s
H    0     0                    -2647.000000 -2736.2757  3.37%     -    0s
H    0     0                    -2659.000000 -2736.2757  2.91%     -    0s
     0     0 -2733.4247    0   76 -2659.0000 -2733.4247  2.80%     -    0s
     0     0 -2733.3354    0   85 -2659.0000 -2733.3354  2.80%     -    0s
     0     0 -2731.9180    0  110 -2659.0000 -2731.9180  2.74%     -    0s
     0     0 -2730.6803    0  109 -2659.0000 -2730.6803  2.70%     -    0s
H    0     0                    -2681.000000 -2730.6803  1.85%     -    0s
H    0     0                    -2695.500000 -2730.6803  1.31%     -    0s
     0     0 -2730.1813    0  122 -2695.5000 -2730.1813  1.29%     -    0s
     0     0 -2729.9759    0  128 -2695.5000 -2729.9759  1.28%     -    0s
H    0     0                    -2709.000000 -2729.9759  0.77%     -    0s
H    0     0                    -2711.000000 -2729.9759  0.70%     -    0s

Cutting planes:
  Gomory: 12
  Cover: 20
  MIR: 108
  Zero half: 3

Explored 0 nodes (1264 simplex iterations) in 0.19 seconds
Thread count was 16 (of 16 available processors)

Optimal solution found (tolerance 1.00e-02)
Best objective -2.711000000000e+03, best bound -2.729500000000e+03, gap 0.6824%
Changed value of parameter MIPGap to 0.01
   Prev: 0.0001  Min: 0.0  Max: 1e+100  Default: 0.0001
Changed value of parameter TimeLimit to 1800.0
   Prev: 1e+100  Min: 0.0  Max: 1e+100  Default: 1e+100
Changed value of parameter Method to 2
   Prev: -1  Min: -1  Max: 4  Default: -1
Changed value of parameter MIPFocus to 1
   Prev: 0  Min: 0  Max: 3  Default: 0
Optimize a model with 1924 rows, 2736 columns and 5472 nonzeros
Coefficient statistics:
  Matrix range    [1e+00, 2e+01]
  Objective range [2e+00, 2e+01]
  Bounds range    [1e+00, 1e+00]
  RHS range       [8e+01, 8e+01]
Found heuristic solution: objective 0
Presolve removed 1852 rows and 2033 columns
Presolve time: 0.01s
Presolved: 72 rows, 703 columns, 1290 nonzeros
Found heuristic solution: objective -4432.000000
Variable types: 0 continuous, 703 integer (609 binary)
Optimize a model with 72 rows, 703 columns and 1290 nonzeros
Coefficient statistics:
  Matrix range    [1e+00, 2e+01]
  Objective range [2e+00, 2e+01]
  Bounds range    [1e+00, 8e+00]
  RHS range       [1e+01, 8e+01]
Presolve removed 0 rows and 1 columns
Presolved: 72 rows, 702 columns, 1289 nonzeros

Root barrier log...

Ordering time: 0.00s

Barrier statistics:
 AA' NZ     : 5.770e+02
 Factor NZ  : 2.004e+03
 Factor Ops : 7.211e+04 (less than 1 second per iteration)
 Threads    : 1

                  Objective                Residual
Iter       Primal          Dual         Primal    Dual     Compl     Time
   0  -1.28730302e+04 -1.03379766e+04  2.16e+01 1.78e-15  1.54e+01     0s
   1  -5.21092664e+03 -7.61826811e+03  1.91e+00 1.23e+00  2.98e+00     0s
   2  -4.79046255e+03 -5.28336554e+03  4.04e-02 7.85e-02  3.55e-01     0s
   3  -4.92701867e+03 -5.05552729e+03  7.88e-04 8.82e-03  8.78e-02     0s
   4  -4.94549472e+03 -5.00640511e+03  3.16e-04 7.11e-15  4.16e-02     0s
   5  -4.95798215e+03 -4.98496046e+03  5.69e-05 7.11e-15  1.84e-02     0s
   6  -4.96330222e+03 -4.97465798e+03  0.00e+00 7.11e-15  7.73e-03     0s
   7  -4.96526779e+03 -4.96866767e+03  0.00e+00 7.11e-15  2.31e-03     0s
   8  -4.96580669e+03 -4.96660603e+03  0.00e+00 7.11e-15  5.42e-04     0s
   9  -4.96585623e+03 -4.96586879e+03  0.00e+00 7.11e-15  8.51e-06     0s
  10  -4.96586000e+03 -4.96586001e+03  0.00e+00 7.11e-15  8.51e-09     0s

Barrier solved model in 10 iterations and 0.02 seconds
Optimal objective -4.96586000e+03


Root relaxation: objective -4.965860e+03, 107 iterations, 0.01 seconds

    Nodes    |    Current Node    |     Objective Bounds      |     Work
 Expl Unexpl |  Obj  Depth IntInf | Incumbent    BestBd   Gap | It/Node Time

     0     0 -4965.8600    0   58 -4432.0000 -4965.8600  12.0%     -    0s
H    0     0                    -4781.000000 -4965.8600  3.87%     -    0s
H    0     0                    -4828.000000 -4965.8600  2.86%     -    0s
     0     0 -4928.2886    0   96 -4828.0000 -4928.2886  2.08%     -    0s
H    0     0                    -4861.000000 -4928.2886  1.38%     -    0s
H    0     0                    -4876.000000 -4928.2886  1.07%     -    0s
     0     0 -4927.0336    0  100 -4876.0000 -4927.0336  1.05%     -    0s
     0     0 -4917.9622    0  116 -4876.0000 -4917.9622  0.86%     -    0s

Cutting planes:
  Gomory: 4
  Cover: 20
  MIR: 88
  Zero half: 5

Explored 0 nodes (575 simplex iterations) in 0.11 seconds
Thread count was 16 (of 16 available processors)

Optimal solution found (tolerance 1.00e-02)
Best objective -4.876000000000e+03, best bound -4.917000000000e+03, gap 0.8409%
Changed value of parameter MIPGap to 0.01
   Prev: 0.0001  Min: 0.0  Max: 1e+100  Default: 0.0001
Changed value of parameter TimeLimit to 1800.0
   Prev: 1e+100  Min: 0.0  Max: 1e+100  Default: 1e+100
Changed value of parameter Method to 2
   Prev: -1  Min: -1  Max: 4  Default: -1
Changed value of parameter MIPFocus to 1
   Prev: 0  Min: 0  Max: 3  Default: 0
Optimize a model with 1924 rows, 2736 columns and 5472 nonzeros
Coefficient statistics:
  Matrix range    [1e+00, 2e+01]
  Objective range [3e+00, 4e+01]
  Bounds range    [1e+00, 1e+00]
  RHS range       [8e+01, 8e+01]
Found heuristic solution: objective 0
Presolve removed 1852 rows and 2033 columns
Presolve time: 0.01s
Presolved: 72 rows, 703 columns, 1290 nonzeros
Found heuristic solution: objective -8220.000000
Variable types: 0 continuous, 703 integer (609 binary)
Optimize a model with 72 rows, 703 columns and 1290 nonzeros
Coefficient statistics:
  Matrix range    [1e+00, 2e+01]
  Objective range [3e+00, 4e+01]
  Bounds range    [1e+00, 8e+00]
  RHS range       [1e+01, 8e+01]
Presolved: 72 rows, 703 columns, 1290 nonzeros

Root barrier log...

Ordering time: 0.00s

Barrier statistics:
 AA' NZ     : 5.770e+02
 Factor NZ  : 2.004e+03
 Factor Ops : 7.211e+04 (less than 1 second per iteration)
 Threads    : 1

                  Objective                Residual
Iter       Primal          Dual         Primal    Dual     Compl     Time
   0  -2.27141955e+04 -2.10449885e+04  2.17e+01 7.11e-15  3.32e+01     0s
   1  -9.77478238e+03 -1.53712152e+04  2.05e+00 2.99e+00  6.71e+00     0s
   2  -9.07284929e+03 -1.01225134e+04  7.94e-02 1.59e-01  7.83e-01     0s
   3  -9.38689415e+03 -9.68624508e+03  4.69e-03 4.12e-02  2.07e-01     0s
   4  -9.43656835e+03 -9.55007216e+03  6.79e-04 7.61e-03  7.76e-02     0s
   5  -9.44775585e+03 -9.49170709e+03  2.52e-04 1.42e-14  3.01e-02     0s
   6  -9.45439998e+03 -9.47069493e+03  8.45e-05 1.42e-14  1.12e-02     0s
   7  -9.45771559e+03 -9.46185187e+03  2.32e-05 1.42e-14  2.84e-03     0s
   8  -9.45930758e+03 -9.45972711e+03  7.56e-07 1.42e-14  2.87e-04     0s
   9  -9.45941179e+03 -9.45941223e+03  0.00e+00 1.42e-14  3.01e-07     0s
  10  -9.45941190e+03 -9.45941191e+03  0.00e+00 1.42e-14  3.01e-10     0s

Barrier solved model in 10 iterations and 0.02 seconds
Optimal objective -9.45941190e+03


Root relaxation: objective -9.459412e+03, 112 iterations, 0.01 seconds

    Nodes    |    Current Node    |     Objective Bounds      |     Work
 Expl Unexpl |  Obj  Depth IntInf | Incumbent    BestBd   Gap | It/Node Time

     0     0 -9459.4119    0   56 -8220.0000 -9459.4119  15.1%     -    0s
H    0     0                    -8970.000000 -9459.4119  5.46%     -    0s
H    0     0                    -8993.000000 -9459.4119  5.19%     -    0s
H    0     0                    -9061.000000 -9459.4119  4.40%     -    0s
H    0     0                    -9161.000000 -9459.4119  3.26%     -    0s
     0     0 -9404.8927    0   89 -9161.0000 -9404.8927  2.66%     -    0s
H    0     0                    -9294.000000 -9404.8927  1.19%     -    0s
H    0     0                    -9325.000000 -9404.8927  0.86%     -    0s

Cutting planes:
  Gomory: 2
  Cover: 9
  MIR: 47

Explored 0 nodes (304 simplex iterations) in 0.08 seconds
Thread count was 16 (of 16 available processors)

Optimal solution found (tolerance 1.00e-02)
Best objective -9.325000000000e+03, best bound -9.404000000000e+03, gap 0.8472%
Changed value of parameter MIPGap to 0.01
   Prev: 0.0001  Min: 0.0  Max: 1e+100  Default: 0.0001
Changed value of parameter TimeLimit to 1800.0
   Prev: 1e+100  Min: 0.0  Max: 1e+100  Default: 1e+100
Changed value of parameter Method to 2
   Prev: -1  Min: -1  Max: 4  Default: -1
Changed value of parameter MIPFocus to 1
   Prev: 0  Min: 0  Max: 3  Default: 0
Optimize a model with 1924 rows, 2736 columns and 5472 nonzeros
Coefficient statistics:
  Matrix range    [1e+00, 2e+01]
  Objective range [5e+00, 8e+01]
  Bounds range    [1e+00, 1e+00]
  RHS range       [8e+01, 8e+01]
Found heuristic solution: objective 0
Presolve removed 1852 rows and 2033 columns
Presolve time: 0.01s
Presolved: 72 rows, 703 columns, 1290 nonzeros
Found heuristic solution: objective -15838.00000
Variable types: 0 continuous, 703 integer (609 binary)
Optimize a model with 72 rows, 703 columns and 1290 nonzeros
Coefficient statistics:
  Matrix range    [1e+00, 2e+01]
  Objective range [5e+00, 8e+01]
  Bounds range    [1e+00, 8e+00]
  RHS range       [1e+01, 8e+01]
Presolved: 72 rows, 703 columns, 1290 nonzeros

Root barrier log...

Ordering time: 0.00s

Barrier statistics:
 AA' NZ     : 5.770e+02
 Factor NZ  : 2.004e+03
 Factor Ops : 7.211e+04 (less than 1 second per iteration)
 Threads    : 1

                  Objective                Residual
Iter       Primal          Dual         Primal    Dual     Compl     Time
   0  -4.23708036e+04 -4.24619989e+04  2.17e+01 1.42e-14  6.89e+01     0s
   1  -1.89071104e+04 -3.08848390e+04  2.11e+00 6.52e+00  1.41e+01     0s
   2  -1.76776296e+04 -1.99763887e+04  8.09e-02 3.94e-01  1.70e+00     0s
   3  -1.83648682e+04 -1.89898505e+04  6.69e-03 1.06e-01  4.36e-01     0s
   4  -1.84599884e+04 -1.87123884e+04  1.29e-03 4.30e-02  1.74e-01     0s
   5  -1.84907604e+04 -1.86058326e+04  4.02e-04 1.95e-02  7.90e-02     0s
   6  -1.85069391e+04 -1.85674928e+04  1.32e-04 1.06e-02  4.14e-02     0s
   7  -1.85140596e+04 -1.85385903e+04  4.13e-05 3.85e-03  1.68e-02     0s
   8  -1.85181609e+04 -1.85248482e+04  9.83e-06 7.85e-04  4.58e-03     0s
   9  -1.85203648e+04 -1.85205968e+04  1.84e-07 1.57e-06  1.59e-04     0s
  10  -1.85204853e+04 -1.85205089e+04  0.00e+00 8.13e-08  1.60e-05     0s
  11  -1.85204999e+04 -1.85205001e+04  0.00e+00 2.84e-14  1.04e-07     0s
  12  -1.85205000e+04 -1.85205000e+04  9.67e-14 4.26e-14  3.78e-13     0s

Barrier solved model in 12 iterations and 0.02 seconds
Optimal objective -1.85205000e+04


Root relaxation: objective -1.852050e+04, 80 iterations, 0.01 seconds

    Nodes    |    Current Node    |     Objective Bounds      |     Work
 Expl Unexpl |  Obj  Depth IntInf | Incumbent    BestBd   Gap | It/Node Time

     0     0 -18520.500    0   46 -15838.000 -18520.500  16.9%     -    0s
H    0     0                    -18090.00000 -18520.500  2.38%     -    0s
H    0     0                    -18152.00000 -18520.500  2.03%     -    0s
H    0     0                    -18202.00000 -18520.500  1.75%     -    0s
H    0     0                    -18203.00000 -18520.500  1.74%     -    0s
H    0     0                    -18227.00000 -18520.500  1.61%     -    0s
H    0     0                    -18293.00000 -18520.500  1.24%     -    0s
     0     0 -18403.874    0   66 -18293.000 -18403.874  0.61%     -    0s

Cutting planes:
  Gomory: 1
  Cover: 27
  MIR: 34

Explored 0 nodes (250 simplex iterations) in 0.06 seconds
Thread count was 16 (of 16 available processors)

Optimal solution found (tolerance 1.00e-02)
Best objective -1.829300000000e+04, best bound -1.840300000000e+04, gap 0.6013%
Changed value of parameter MIPGap to 0.01
   Prev: 0.0001  Min: 0.0  Max: 1e+100  Default: 0.0001
Changed value of parameter TimeLimit to 1800.0
   Prev: 1e+100  Min: 0.0  Max: 1e+100  Default: 1e+100
Changed value of parameter Method to 2
   Prev: -1  Min: -1  Max: 4  Default: -1
Changed value of parameter MIPFocus to 1
   Prev: 0  Min: 0  Max: 3  Default: 0
Optimize a model with 1924 rows, 2736 columns and 5472 nonzeros
Coefficient statistics:
  Matrix range    [1e+00, 2e+01]
  Objective range [6e+00, 1e+02]
  Bounds range    [1e+00, 1e+00]
  RHS range       [8e+01, 8e+01]
Found heuristic solution: objective 0
Presolve removed 1852 rows and 2033 columns
Presolve time: 0.01s
Presolved: 72 rows, 703 columns, 1290 nonzeros
Found heuristic solution: objective -19647.00000
Variable types: 0 continuous, 703 integer (609 binary)
Optimize a model with 72 rows, 703 columns and 1290 nonzeros
Coefficient statistics:
  Matrix range    [1e+00, 2e+01]
  Objective range [6e+00, 1e+02]
  Bounds range    [1e+00, 8e+00]
  RHS range       [1e+01, 8e+01]
Presolved: 72 rows, 703 columns, 1290 nonzeros

Root barrier log...

Ordering time: 0.00s

Barrier statistics:
 AA' NZ     : 5.770e+02
 Factor NZ  : 2.004e+03
 Factor Ops : 7.211e+04 (less than 1 second per iteration)
 Threads    : 1

                  Objective                Residual
Iter       Primal          Dual         Primal    Dual     Compl     Time
   0  -5.21984252e+04 -5.31705041e+04  2.17e+01 1.42e-14  8.67e+01     0s
   1  -2.34744623e+04 -3.86421864e+04  2.12e+00 8.29e+00  1.78e+01     0s
   2  -2.19832463e+04 -2.49068985e+04  7.90e-02 5.12e-01  2.16e+00     0s
   3  -2.28570828e+04 -2.36213730e+04  6.82e-03 1.30e-01  5.33e-01     0s
   4  -2.29970130e+04 -2.33012590e+04  1.56e-03 5.38e-02  2.10e-01     0s
   5  -2.30278841e+04 -2.31649080e+04  8.51e-04 2.16e-02  9.50e-02     0s
   6  -2.30473796e+04 -2.31102895e+04  4.44e-04 6.70e-03  4.38e-02     0s
   7  -2.30638533e+04 -2.30872954e+04  1.61e-04 2.32e-03  1.63e-02     0s
   8  -2.30702833e+04 -2.30778511e+04  6.42e-05 4.11e-04  5.30e-03     0s
   9  -2.30742746e+04 -2.30749788e+04  8.49e-06 3.55e-14  5.01e-04     0s
  10  -2.30747788e+04 -2.30749296e+04  1.06e-06 4.26e-14  1.06e-04     0s
  11  -2.30749087e+04 -2.30749168e+04  3.19e-09 2.84e-14  5.49e-06     0s
  12  -2.30749095e+04 -2.30749095e+04  1.21e-10 4.26e-14  5.60e-09     0s

Barrier solved model in 12 iterations and 0.02 seconds
Optimal objective -2.30749095e+04


Root relaxation: objective -2.307491e+04, 80 iterations, 0.01 seconds

    Nodes    |    Current Node    |     Objective Bounds      |     Work
 Expl Unexpl |  Obj  Depth IntInf | Incumbent    BestBd   Gap | It/Node Time

     0     0 -23074.910    0   47 -19647.000 -23074.910  17.4%     -    0s
H    0     0                    -22557.00000 -23074.910  2.30%     -    0s
H    0     0                    -22657.00000 -23074.910  1.84%     -    0s
H    0     0                    -22683.00000 -23074.910  1.73%     -    0s
H    0     0                    -22772.00000 -23074.910  1.33%     -    0s
     0     0 -22901.450    0   53 -22772.000 -22901.450  0.57%     -    0s

Cutting planes:
  Cover: 27
  MIR: 35

Explored 0 nodes (245 simplex iterations) in 0.06 seconds
Thread count was 16 (of 16 available processors)

Optimal solution found (tolerance 1.00e-02)
Best objective -2.277200000000e+04, best bound -2.290100000000e+04, gap 0.5665%
Changed value of parameter MIPGap to 0.01
   Prev: 0.0001  Min: 0.0  Max: 1e+100  Default: 0.0001
Changed value of parameter TimeLimit to 1800.0
   Prev: 1e+100  Min: 0.0  Max: 1e+100  Default: 1e+100
Changed value of parameter Method to 2
   Prev: -1  Min: -1  Max: 4  Default: -1
Changed value of parameter MIPFocus to 1
   Prev: 0  Min: 0  Max: 3  Default: 0
Optimize a model with 1924 rows, 2736 columns and 5472 nonzeros
Coefficient statistics:
  Matrix range    [1e+00, 2e+01]
  Objective range [1e+01, 2e+02]
  Bounds range    [1e+00, 1e+00]
  RHS range       [8e+01, 8e+01]
Found heuristic solution: objective 0
Presolve removed 1852 rows and 2033 columns
Presolve time: 0.01s
Presolved: 72 rows, 703 columns, 1290 nonzeros
Found heuristic solution: objective -38692.00000
Variable types: 0 continuous, 703 integer (609 binary)
Optimize a model with 72 rows, 703 columns and 1290 nonzeros
Coefficient statistics:
  Matrix range    [1e+00, 2e+01]
  Objective range [1e+01, 2e+02]
  Bounds range    [1e+00, 8e+00]
  RHS range       [1e+01, 8e+01]
Presolved: 72 rows, 703 columns, 1290 nonzeros

Root barrier log...

Ordering time: 0.00s

Barrier statistics:
 AA' NZ     : 5.770e+02
 Factor NZ  : 2.004e+03
 Factor Ops : 7.211e+04 (less than 1 second per iteration)
 Threads    : 1

                  Objective                Residual
Iter       Primal          Dual         Primal    Dual     Compl     Time
   0  -1.01335238e+05 -1.06713030e+05  2.17e+01 2.84e-14  1.76e+02     0s
   1  -4.63135433e+04 -7.74300136e+04  2.15e+00 1.71e+01  3.64e+01     0s
   2  -4.35186741e+04 -4.95713955e+04  7.38e-02 1.11e+00  4.43e+00     0s
   3  -4.53863054e+04 -4.68701636e+04  6.11e-03 2.75e-01  1.03e+00     0s
   4  -4.56196659e+04 -4.62455393e+04  2.45e-03 1.04e-01  4.36e-01     0s
   5  -4.57409771e+04 -4.60317217e+04  1.02e-03 4.21e-02  2.02e-01     0s
   6  -4.58116502e+04 -4.59192687e+04  2.95e-04 1.42e-02  7.46e-02     0s
   7  -4.58357502e+04 -4.58743291e+04  8.16e-05 5.05e-03  2.67e-02     0s
   8  -4.58479424e+04 -4.58498499e+04  0.00e+00 4.06e-05  1.30e-03     0s
   9  -4.58485565e+04 -4.58485584e+04  0.00e+00 7.11e-14  1.30e-06     0s
  10  -4.58485571e+04 -4.58485571e+04  0.00e+00 8.53e-14  1.30e-09     0s

Barrier solved model in 10 iterations and 0.02 seconds
Optimal objective -4.58485571e+04


Root relaxation: objective -4.584856e+04, 79 iterations, 0.01 seconds

    Nodes    |    Current Node    |     Objective Bounds      |     Work
 Expl Unexpl |  Obj  Depth IntInf | Incumbent    BestBd   Gap | It/Node Time

     0     0 -45848.557    0   47 -38692.000 -45848.557  18.5%     -    0s
H    0     0                    -44682.00000 -45848.557  2.61%     -    0s
H    0     0                    -45112.00000 -45848.557  1.63%     -    0s
H    0     0                    -45167.00000 -45848.557  1.51%     -    0s
     0     0 -45418.012    0   58 -45167.000 -45418.012  0.56%     -    0s

Cutting planes:
  Gomory: 2
  Cover: 28
  MIR: 30

Explored 0 nodes (246 simplex iterations) in 0.06 seconds
Thread count was 16 (of 16 available processors)

Optimal solution found (tolerance 1.00e-02)
Best objective -4.516700000000e+04, best bound -4.541800000000e+04, gap 0.5557%
Changed value of parameter MIPGap to 0.01
   Prev: 0.0001  Min: 0.0  Max: 1e+100  Default: 0.0001
Changed value of parameter TimeLimit to 1800.0
   Prev: 1e+100  Min: 0.0  Max: 1e+100  Default: 1e+100
Changed value of parameter Method to 2
   Prev: -1  Min: -1  Max: 4  Default: -1
Changed value of parameter MIPFocus to 1
   Prev: 0  Min: 0  Max: 3  Default: 0
Optimize a model with 1924 rows, 2736 columns and 5472 nonzeros
Coefficient statistics:
  Matrix range    [1e+00, 2e+01]
  Objective range [2e+01, 4e+02]
  Bounds range    [1e+00, 1e+00]
  RHS range       [8e+01, 8e+01]
Found heuristic solution: objective 0
Presolve removed 1852 rows and 2033 columns
Presolve time: 0.01s
Presolved: 72 rows, 703 columns, 1290 nonzeros
Found heuristic solution: objective -76782.00000
Variable types: 0 continuous, 703 integer (609 binary)
Optimize a model with 72 rows, 703 columns and 1290 nonzeros
Coefficient statistics:
  Matrix range    [1e+00, 2e+01]
  Objective range [2e+01, 4e+02]
  Bounds range    [1e+00, 8e+00]
  RHS range       [1e+01, 8e+01]
Presolved: 72 rows, 703 columns, 1290 nonzeros

Root barrier log...

Ordering time: 0.00s

Barrier statistics:
 AA' NZ     : 5.770e+02
 Factor NZ  : 2.004e+03
 Factor Ops : 7.211e+04 (less than 1 second per iteration)
 Threads    : 1

                  Objective                Residual
Iter       Primal          Dual         Primal    Dual     Compl     Time
   0  -1.99607599e+05 -2.13798082e+05  2.17e+01 5.68e-14  3.54e+02     0s
   1  -9.19938969e+04 -1.55006645e+05  2.16e+00 3.48e+01  7.35e+01     0s
   2  -8.66042942e+04 -9.89001985e+04  7.33e-02 2.29e+00  8.99e+00     0s
   3  -9.04121609e+04 -9.33909034e+04  7.69e-03 5.49e-01  2.09e+00     0s
   4  -9.10933411e+04 -9.20845519e+04  1.67e-03 1.82e-01  6.88e-01     0s
   5  -9.12727330e+04 -9.16341151e+04  5.67e-04 5.58e-02  2.51e-01     0s
   6  -9.13602901e+04 -9.14716644e+04  1.22e-04 1.54e-02  7.71e-02     0s
   7  -9.13948757e+04 -9.14007798e+04  1.49e-06 5.57e-04  4.05e-03     0s
   8  -9.13966517e+04 -9.13966532e+04  5.34e-10 1.15e-07  1.09e-06     0s
   9  -9.13966524e+04 -9.13966524e+04  0.00e+00 1.14e-13  1.09e-09     0s

Barrier solved model in 9 iterations and 0.02 seconds
Optimal objective -9.13966524e+04


Root relaxation: objective -9.139665e+04, 79 iterations, 0.01 seconds

    Nodes    |    Current Node    |     Objective Bounds      |     Work
 Expl Unexpl |  Obj  Depth IntInf | Incumbent    BestBd   Gap | It/Node Time

     0     0 -91396.652    0   50 -76782.000 -91396.652  19.0%     -    0s
H    0     0                    -88918.00000 -91396.652  2.79%     -    0s
H    0     0                    -89703.00000 -91396.652  1.89%     -    0s
H    0     0                    -89957.00000 -91396.652  1.60%     -    0s
     0     0 -90431.926    0   71 -89957.000 -90431.926  0.53%     -    0s

Cutting planes:
  Gomory: 1
  Cover: 28
  MIR: 32

Explored 0 nodes (244 simplex iterations) in 0.07 seconds
Thread count was 16 (of 16 available processors)

Optimal solution found (tolerance 1.00e-02)
Best objective -8.995700000000e+04, best bound -9.043100000000e+04, gap 0.5269%
Changed value of parameter MIPGap to 0.01
   Prev: 0.0001  Min: 0.0  Max: 1e+100  Default: 0.0001
Changed value of parameter TimeLimit to 1800.0
   Prev: 1e+100  Min: 0.0  Max: 1e+100  Default: 1e+100
Changed value of parameter Method to 2
   Prev: -1  Min: -1  Max: 4  Default: -1
Changed value of parameter MIPFocus to 1
   Prev: 0  Min: 0  Max: 3  Default: 0
Optimize a model with 1924 rows, 2736 columns and 5472 nonzeros
Coefficient statistics:
  Matrix range    [1e+00, 2e+01]
  Objective range [5e+01, 1e+03]
  Bounds range    [1e+00, 1e+00]
  RHS range       [8e+01, 8e+01]
Found heuristic solution: objective 0
Presolve removed 1852 rows and 2033 columns
Presolve time: 0.01s
Presolved: 72 rows, 703 columns, 1290 nonzeros
Found heuristic solution: objective -191052.0000
Variable types: 0 continuous, 703 integer (609 binary)
Optimize a model with 72 rows, 703 columns and 1290 nonzeros
Coefficient statistics:
  Matrix range    [1e+00, 2e+01]
  Objective range [5e+01, 1e+03]
  Bounds range    [1e+00, 8e+00]
  RHS range       [1e+01, 8e+01]
Presolved: 72 rows, 703 columns, 1290 nonzeros

Root barrier log...

Ordering time: 0.00s

Barrier statistics:
 AA' NZ     : 5.770e+02
 Factor NZ  : 2.004e+03
 Factor Ops : 7.211e+04 (less than 1 second per iteration)
 Threads    : 1

                  Objective                Residual
Iter       Primal          Dual         Primal    Dual     Compl     Time
   0  -4.94423696e+05 -5.35053238e+05  2.17e+01 1.14e-13  8.89e+02     0s
   1  -2.29036451e+05 -3.87737254e+05  2.16e+00 8.78e+01  1.85e+02     0s
   2  -2.15882686e+05 -2.46903464e+05  7.53e-02 5.86e+00  2.27e+01     0s
   3  -2.25468115e+05 -2.32973225e+05  8.56e-03 1.37e+00  5.27e+00     0s
   4  -2.27356171e+05 -2.29719094e+05  1.53e-03 4.43e-01  1.64e+00     0s
   5  -2.27751585e+05 -2.28642405e+05  5.32e-04 1.42e-01  6.18e-01     0s
   6  -2.27972246e+05 -2.28209384e+05  8.34e-05 3.48e-02  1.64e-01     0s
   7  -2.28033031e+05 -2.28052423e+05  7.94e-06 1.75e-03  1.34e-02     0s
   8  -2.28040916e+05 -2.28040988e+05  0.00e+00 3.20e-06  4.88e-05     0s
   9  -2.28040938e+05 -2.28040938e+05  0.00e+00 3.98e-13  4.88e-08     0s
  10  -2.28040938e+05 -2.28040938e+05  0.00e+00 3.41e-13  4.88e-11     0s

Barrier solved model in 10 iterations and 0.02 seconds
Optimal objective -2.28040938e+05


Root relaxation: objective -2.280409e+05, 79 iterations, 0.01 seconds

    Nodes    |    Current Node    |     Objective Bounds      |     Work
 Expl Unexpl |  Obj  Depth IntInf | Incumbent    BestBd   Gap | It/Node Time

     0     0 -228040.94    0   51 -191052.00 -228040.94  19.4%     -    0s
H    0     0                    -221955.0000 -228040.94  2.74%     -    0s
H    0     0                    -223581.0000 -228040.94  1.99%     -    0s
H    0     0                    -224327.0000 -228040.94  1.66%     -    0s
     0     0 -225485.44    0   66 -224327.00 -225485.44  0.52%     -    0s

Cutting planes:
  Gomory: 1
  Cover: 28
  MIR: 32

Explored 0 nodes (264 simplex iterations) in 0.07 seconds
Thread count was 16 (of 16 available processors)

Optimal solution found (tolerance 1.00e-02)
Best objective -2.243270000000e+05, best bound -2.254850000000e+05, gap 0.5162%
Changed value of parameter MIPGap to 0.01
   Prev: 0.0001  Min: 0.0  Max: 1e+100  Default: 0.0001
Changed value of parameter TimeLimit to 1800.0
   Prev: 1e+100  Min: 0.0  Max: 1e+100  Default: 1e+100
Changed value of parameter Method to 2
   Prev: -1  Min: -1  Max: 4  Default: -1
Changed value of parameter MIPFocus to 1
   Prev: 0  Min: 0  Max: 3  Default: 0
Optimize a model with 1924 rows, 2736 columns and 5472 nonzeros
Coefficient statistics:
  Matrix range    [1e+00, 2e+01]
  Objective range [5e+02, 1e+04]
  Bounds range    [1e+00, 1e+00]
  RHS range       [8e+01, 8e+01]
Found heuristic solution: objective 0
Presolve removed 1852 rows and 2033 columns
Presolve time: 0.01s
Presolved: 72 rows, 703 columns, 1290 nonzeros
Found heuristic solution: objective -1905102.000
Variable types: 0 continuous, 703 integer (609 binary)
Optimize a model with 72 rows, 703 columns and 1290 nonzeros
Coefficient statistics:
  Matrix range    [1e+00, 2e+01]
  Objective range [5e+02, 1e+04]
  Bounds range    [1e+00, 8e+00]
  RHS range       [1e+01, 8e+01]
Presolved: 72 rows, 703 columns, 1290 nonzeros

Root barrier log...

Ordering time: 0.00s

Barrier statistics:
 AA' NZ     : 5.770e+02
 Factor NZ  : 2.004e+03
 Factor Ops : 7.211e+04 (less than 1 second per iteration)
 Threads    : 1

                  Objective                Residual
Iter       Primal          Dual         Primal    Dual     Compl     Time
   0  -4.91666163e+06 -5.35388058e+06  2.17e+01 1.82e-12  8.91e+03     0s
   1  -2.28468136e+06 -3.87869938e+06  2.17e+00 8.83e+02  1.85e+03     0s
   2  -2.15507929e+06 -2.46696164e+06  7.65e-02 5.94e+01  2.29e+02     0s
   3  -2.25214465e+06 -2.32669594e+06  8.43e-03 1.37e+01  5.23e+01     0s
   4  -2.27103315e+06 -2.29398546e+06  1.49e-03 4.29e+00  1.59e+01     0s
   5  -2.27506679e+06 -2.28330066e+06  4.78e-04 1.43e+00  5.71e+00     0s
   6  -2.27713973e+06 -2.27909917e+06  6.16e-05 3.09e-01  1.35e+00     0s
   7  -2.27768813e+06 -2.27785263e+06  0.00e+00 2.64e-02  1.12e-01     0s
   8  -2.27770177e+06 -2.27770843e+06  0.00e+00 4.09e-12  4.51e-03     0s
   9  -2.27770522e+06 -2.27770523e+06  0.00e+00 4.09e-12  5.83e-06     0s
  10  -2.27770522e+06 -2.27770522e+06  0.00e+00 3.64e-12  5.83e-09     0s

Barrier solved model in 10 iterations and 0.02 seconds
Optimal objective -2.27770522e+06


Root relaxation: objective -2.277705e+06, 79 iterations, 0.01 seconds

    Nodes    |    Current Node    |     Objective Bounds      |     Work
 Expl Unexpl |  Obj  Depth IntInf | Incumbent    BestBd   Gap | It/Node Time

     0     0 -2277705.2    0   50 -1905102.0 -2277705.2  19.6%     -    0s
H    0     0                    -2218410.000 -2277705.2  2.67%     -    0s
H    0     0                    -2233383.000 -2277705.2  1.98%     -    0s
H    0     0                    -2239877.000 -2277705.2  1.69%     -    0s
     0     0 -2251160.9    0   66 -2239877.0 -2251160.9  0.50%     -    0s

Cutting planes:
  Gomory: 1
  Cover: 28
  MIR: 33

Explored 0 nodes (242 simplex iterations) in 0.07 seconds
Thread count was 16 (of 16 available processors)

Optimal solution found (tolerance 1.00e-02)
Best objective -2.239877000000e+06, best bound -2.251160919338e+06, gap 0.5038%
