Changed value of parameter MIPGap to 0.01
   Prev: 0.0001  Min: 0.0  Max: 1e+100  Default: 0.0001
Changed value of parameter TimeLimit to 1800.0
   Prev: 1e+100  Min: 0.0  Max: 1e+100  Default: 1e+100
Changed value of parameter Method to 2
   Prev: -1  Min: -1  Max: 4  Default: -1
Changed value of parameter MIPFocus to 1
   Prev: 0  Min: 0  Max: 3  Default: 0
Optimize a model with 2050 rows, 2925 columns and 5850 nonzeros
Coefficient statistics:
  Matrix range    [1e+00, 2e+01]
  Objective range [1e+00, 1e+00]
  Bounds range    [1e+00, 1e+00]
  RHS range       [8e+01, 8e+01]
Found heuristic solution: objective 0
Presolve removed 1977 rows and 2192 columns
Presolve time: 0.01s
Presolved: 73 rows, 733 columns, 1359 nonzeros
Found heuristic solution: objective -716.0000000
Variable types: 0 continuous, 733 integer (640 binary)
Optimize a model with 73 rows, 733 columns and 1359 nonzeros
Coefficient statistics:
  Matrix range    [1e+00, 2e+01]
  Objective range [1e+00, 1e+00]
  Bounds range    [1e+00, 8e+00]
  RHS range       [4e+00, 8e+01]
Presolved: 73 rows, 733 columns, 1359 nonzeros

Root barrier log...

Ordering time: 0.00s

Barrier statistics:
 AA' NZ     : 5.990e+02
 Factor NZ  : 2.052e+03
 Factor Ops : 7.283e+04 (less than 1 second per iteration)
 Threads    : 1

                  Objective                Residual
Iter       Primal          Dual         Primal    Dual     Compl     Time
   0  -3.51582333e+03 -3.71664404e+03  2.38e+01 4.68e-01  8.36e+00     0s
   1  -9.38328539e+02 -2.40111927e+03  1.73e+00 1.08e+00  1.54e+00     0s
   2  -7.53349770e+02 -1.06615849e+03  0.00e+00 1.08e-01  2.06e-01     0s
   3  -8.17765680e+02 -8.66185629e+02  0.00e+00 5.30e-03  3.16e-02     0s
   4  -8.30540995e+02 -8.42798628e+02  0.00e+00 3.55e-15  7.97e-03     0s
   5  -8.34537603e+02 -8.38707075e+02  0.00e+00 1.78e-15  2.71e-03     0s
   6  -8.35621064e+02 -8.36112887e+02  0.00e+00 3.55e-15  3.20e-04     0s
   7  -8.35865977e+02 -8.35868498e+02  0.00e+00 3.55e-15  1.64e-06     0s
   8  -8.35866667e+02 -8.35866667e+02  0.00e+00 3.55e-15  1.77e-12     0s

Barrier solved model in 8 iterations and 0.02 seconds
Optimal objective -8.35866667e+02


Root relaxation: objective -8.358667e+02, 130 iterations, 0.01 seconds

    Nodes    |    Current Node    |     Objective Bounds      |     Work
 Expl Unexpl |  Obj  Depth IntInf | Incumbent    BestBd   Gap | It/Node Time

     0     0 -835.86667    0   60 -716.00000 -835.86667  16.7%     -    0s
H    0     0                    -817.0000000 -835.86667  2.31%     -    0s
H    0     0                    -818.0000000 -835.86667  2.18%     -    0s
H    0     0                    -819.0000000 -835.86667  2.06%     -    0s
     0     0 -820.41667    0   12 -819.00000 -820.41667  0.17%     -    0s

Cutting planes:
  Gomory: 5
  Cover: 1
  MIR: 52

Explored 0 nodes (327 simplex iterations) in 0.08 seconds
Thread count was 16 (of 16 available processors)

Optimal solution found (tolerance 1.00e-02)
Best objective -8.190000000000e+02, best bound -8.200000000000e+02, gap 0.1221%
Changed value of parameter MIPGap to 0.01
   Prev: 0.0001  Min: 0.0  Max: 1e+100  Default: 0.0001
Changed value of parameter TimeLimit to 1800.0
   Prev: 1e+100  Min: 0.0  Max: 1e+100  Default: 1e+100
Changed value of parameter Method to 2
   Prev: -1  Min: -1  Max: 4  Default: -1
Changed value of parameter MIPFocus to 1
   Prev: 0  Min: 0  Max: 3  Default: 0
Optimize a model with 2050 rows, 2925 columns and 5850 nonzeros
Coefficient statistics:
  Matrix range    [1e+00, 2e+01]
  Objective range [1e+00, 1e+00]
  Bounds range    [1e+00, 1e+00]
  RHS range       [8e+01, 8e+01]
Found heuristic solution: objective 0
Presolve removed 1977 rows and 2175 columns
Presolve time: 0.01s
Presolved: 73 rows, 750 columns, 1386 nonzeros
Found heuristic solution: objective -707.8895000
Variable types: 0 continuous, 750 integer (653 binary)
Optimize a model with 73 rows, 750 columns and 1386 nonzeros
Coefficient statistics:
  Matrix range    [1e+00, 2e+01]
  Objective range [1e+00, 1e+00]
  Bounds range    [1e+00, 8e+00]
  RHS range       [2e+01, 8e+01]
Presolved: 73 rows, 750 columns, 1386 nonzeros

Root barrier log...

Ordering time: 0.00s

Barrier statistics:
 AA' NZ     : 6.090e+02
 Factor NZ  : 2.054e+03
 Factor Ops : 7.469e+04 (less than 1 second per iteration)
 Threads    : 1

                  Objective                Residual
Iter       Primal          Dual         Primal    Dual     Compl     Time
   0  -3.60884104e+03 -3.86499120e+03  2.38e+01 1.78e-15  8.62e+00     0s
   1  -9.37200786e+02 -2.49178618e+03  1.66e+00 1.14e+00  1.58e+00     0s
   2  -7.49708221e+02 -1.07790469e+03  0.00e+00 1.15e-01  2.12e-01     0s
   3  -8.19109542e+02 -8.69084447e+02  0.00e+00 5.76e-03  3.19e-02     0s
   4  -8.32316519e+02 -8.44780102e+02  0.00e+00 1.78e-15  7.93e-03     0s
   5  -8.36451632e+02 -8.40697806e+02  0.00e+00 1.78e-15  2.70e-03     0s
   6  -8.37570963e+02 -8.38057406e+02  0.00e+00 3.55e-15  3.09e-04     0s
   7  -8.37816365e+02 -8.37818687e+02  0.00e+00 3.55e-15  1.48e-06     0s
   8  -8.37817000e+02 -8.37817000e+02  0.00e+00 3.55e-15  1.57e-12     0s

Barrier solved model in 8 iterations and 0.02 seconds
Optimal objective -8.37817000e+02


Root relaxation: objective -8.378170e+02, 130 iterations, 0.01 seconds

    Nodes    |    Current Node    |     Objective Bounds      |     Work
 Expl Unexpl |  Obj  Depth IntInf | Incumbent    BestBd   Gap | It/Node Time

     0     0 -837.81700    0   57 -707.88950 -837.81700  18.4%     -    0s
H    0     0                    -819.7760000 -837.81700  2.20%     -    0s
H    0     0                    -820.7575000 -837.81700  2.08%     -    0s
     0     0 -822.23379    0   25 -820.75750 -822.23379  0.18%     -    0s

Cutting planes:
  Gomory: 4
  Cover: 1
  MIR: 54

Explored 0 nodes (365 simplex iterations) in 0.06 seconds
Thread count was 16 (of 16 available processors)

Optimal solution found (tolerance 1.00e-02)
Best objective -8.207575000000e+02, best bound -8.222337941026e+02, gap 0.1799%
Changed value of parameter MIPGap to 0.01
   Prev: 0.0001  Min: 0.0  Max: 1e+100  Default: 0.0001
Changed value of parameter TimeLimit to 1800.0
   Prev: 1e+100  Min: 0.0  Max: 1e+100  Default: 1e+100
Changed value of parameter Method to 2
   Prev: -1  Min: -1  Max: 4  Default: -1
Changed value of parameter MIPFocus to 1
   Prev: 0  Min: 0  Max: 3  Default: 0
Optimize a model with 2050 rows, 2925 columns and 5850 nonzeros
Coefficient statistics:
  Matrix range    [1e+00, 2e+01]
  Objective range [1e+00, 1e+00]
  Bounds range    [1e+00, 1e+00]
  RHS range       [8e+01, 8e+01]
Found heuristic solution: objective 0
Presolve removed 1977 rows and 2175 columns
Presolve time: 0.01s
Presolved: 73 rows, 750 columns, 1386 nonzeros
Found heuristic solution: objective -709.7790000
Variable types: 0 continuous, 750 integer (653 binary)
Optimize a model with 73 rows, 750 columns and 1386 nonzeros
Coefficient statistics:
  Matrix range    [1e+00, 2e+01]
  Objective range [1e+00, 1e+00]
  Bounds range    [1e+00, 8e+00]
  RHS range       [2e+01, 8e+01]
Presolved: 73 rows, 750 columns, 1386 nonzeros

Root barrier log...

Ordering time: 0.00s

Barrier statistics:
 AA' NZ     : 6.090e+02
 Factor NZ  : 2.054e+03
 Factor Ops : 7.469e+04 (less than 1 second per iteration)
 Threads    : 1

                  Objective                Residual
Iter       Primal          Dual         Primal    Dual     Compl     Time
   0  -3.61413519e+03 -3.86640753e+03  2.38e+01 1.78e-15  8.61e+00     0s
   1  -9.39122261e+02 -2.49294765e+03  1.66e+00 1.14e+00  1.58e+00     0s
   2  -7.51316846e+02 -1.07955192e+03  0.00e+00 1.15e-01  2.12e-01     0s
   3  -8.20786208e+02 -8.71206160e+02  0.00e+00 5.82e-03  3.22e-02     0s
   4  -8.34152677e+02 -8.46824868e+02  0.00e+00 3.55e-15  8.06e-03     0s
   5  -8.38346218e+02 -8.42660251e+02  0.00e+00 3.55e-15  2.74e-03     0s
   6  -8.39483635e+02 -8.39978566e+02  0.00e+00 3.55e-15  3.15e-04     0s
   7  -8.39733353e+02 -8.39735699e+02  0.00e+00 5.33e-15  1.49e-06     0s
   8  -8.39734000e+02 -8.39734000e+02  0.00e+00 3.55e-15  1.58e-12     0s

Barrier solved model in 8 iterations and 0.02 seconds
Optimal objective -8.39734000e+02


Root relaxation: objective -8.397340e+02, 130 iterations, 0.01 seconds

    Nodes    |    Current Node    |     Objective Bounds      |     Work
 Expl Unexpl |  Obj  Depth IntInf | Incumbent    BestBd   Gap | It/Node Time

     0     0 -839.73400    0   66 -709.77900 -839.73400  18.3%     -    0s
H    0     0                    -819.5280000 -839.73400  2.47%     -    0s
H    0     0                    -820.5290000 -839.73400  2.34%     -    0s
H    0     0                    -822.5340000 -839.73400  2.09%     -    0s
     0     0 -824.05092    0   29 -822.53400 -824.05092  0.18%     -    0s

Cutting planes:
  Gomory: 3
  Cover: 1
  MIR: 55

Explored 0 nodes (314 simplex iterations) in 0.07 seconds
Thread count was 16 (of 16 available processors)

Optimal solution found (tolerance 1.00e-02)
Best objective -8.225340000000e+02, best bound -8.240509215385e+02, gap 0.1844%
Changed value of parameter MIPGap to 0.01
   Prev: 0.0001  Min: 0.0  Max: 1e+100  Default: 0.0001
Changed value of parameter TimeLimit to 1800.0
   Prev: 1e+100  Min: 0.0  Max: 1e+100  Default: 1e+100
Changed value of parameter Method to 2
   Prev: -1  Min: -1  Max: 4  Default: -1
Changed value of parameter MIPFocus to 1
   Prev: 0  Min: 0  Max: 3  Default: 0
Optimize a model with 2050 rows, 2925 columns and 5850 nonzeros
Coefficient statistics:
  Matrix range    [1e+00, 2e+01]
  Objective range [1e+00, 1e+00]
  Bounds range    [1e+00, 1e+00]
  RHS range       [8e+01, 8e+01]
Found heuristic solution: objective 0
Presolve removed 1977 rows and 2175 columns
Presolve time: 0.01s
Presolved: 73 rows, 750 columns, 1386 nonzeros
Found heuristic solution: objective -713.5580000
Variable types: 0 continuous, 750 integer (653 binary)
Optimize a model with 73 rows, 750 columns and 1386 nonzeros
Coefficient statistics:
  Matrix range    [1e+00, 2e+01]
  Objective range [1e+00, 1e+00]
  Bounds range    [1e+00, 8e+00]
  RHS range       [2e+01, 8e+01]
Presolved: 73 rows, 750 columns, 1386 nonzeros

Root barrier log...

Ordering time: 0.00s

Barrier statistics:
 AA' NZ     : 6.090e+02
 Factor NZ  : 2.054e+03
 Factor Ops : 7.469e+04 (less than 1 second per iteration)
 Threads    : 1

                  Objective                Residual
Iter       Primal          Dual         Primal    Dual     Compl     Time
   0  -3.62472339e+03 -3.86924020e+03  2.38e+01 1.78e-15  8.61e+00     0s
   1  -9.42967225e+02 -2.49527067e+03  1.66e+00 1.14e+00  1.58e+00     0s
   2  -7.54538291e+02 -1.08284120e+03  0.00e+00 1.15e-01  2.12e-01     0s
   3  -8.24143593e+02 -8.75432657e+02  0.00e+00 5.94e-03  3.27e-02     0s
   4  -8.37822224e+02 -8.50910784e+02  0.00e+00 3.55e-15  8.33e-03     0s
   5  -8.42132735e+02 -8.46584451e+02  0.00e+00 1.78e-15  2.83e-03     0s
   6  -8.43308617e+02 -8.43820823e+02  0.00e+00 1.78e-15  3.26e-04     0s
   7  -8.43567328e+02 -8.43569723e+02  0.00e+00 3.55e-15  1.52e-06     0s
   8  -8.43568000e+02 -8.43568000e+02  0.00e+00 3.55e-15  1.62e-12     0s

Barrier solved model in 8 iterations and 0.02 seconds
Optimal objective -8.43568000e+02


Root relaxation: objective -8.435680e+02, 130 iterations, 0.01 seconds

    Nodes    |    Current Node    |     Objective Bounds      |     Work
 Expl Unexpl |  Obj  Depth IntInf | Incumbent    BestBd   Gap | It/Node Time

     0     0 -843.56800    0   62 -713.55800 -843.56800  18.2%     -    0s
H    0     0                    -823.0620000 -843.56800  2.49%     -    0s
H    0     0                    -824.1400000 -843.56800  2.36%     -    0s
H    0     0                    -825.1040000 -843.56800  2.24%     -    0s
H    0     0                    -826.0300000 -843.56800  2.12%     -    0s
     0     0 -827.68518    0   24 -826.03000 -827.68518  0.20%     -    0s

Cutting planes:
  Gomory: 3
  Cover: 1
  MIR: 55

Explored 0 nodes (323 simplex iterations) in 0.07 seconds
Thread count was 16 (of 16 available processors)

Optimal solution found (tolerance 1.00e-02)
Best objective -8.260300000000e+02, best bound -8.276851764103e+02, gap 0.2004%
Changed value of parameter MIPGap to 0.01
   Prev: 0.0001  Min: 0.0  Max: 1e+100  Default: 0.0001
Changed value of parameter TimeLimit to 1800.0
   Prev: 1e+100  Min: 0.0  Max: 1e+100  Default: 1e+100
Changed value of parameter Method to 2
   Prev: -1  Min: -1  Max: 4  Default: -1
Changed value of parameter MIPFocus to 1
   Prev: 0  Min: 0  Max: 3  Default: 0
Optimize a model with 2050 rows, 2925 columns and 5850 nonzeros
Coefficient statistics:
  Matrix range    [1e+00, 2e+01]
  Objective range [1e+00, 1e+00]
  Bounds range    [1e+00, 1e+00]
  RHS range       [8e+01, 8e+01]
Found heuristic solution: objective 0
Presolve removed 1977 rows and 2175 columns
Presolve time: 0.01s
Presolved: 73 rows, 750 columns, 1386 nonzeros
Found heuristic solution: objective -721.1160000
Variable types: 0 continuous, 750 integer (653 binary)
Optimize a model with 73 rows, 750 columns and 1386 nonzeros
Coefficient statistics:
  Matrix range    [1e+00, 2e+01]
  Objective range [1e+00, 1e+00]
  Bounds range    [1e+00, 8e+00]
  RHS range       [2e+01, 8e+01]
Presolved: 73 rows, 750 columns, 1386 nonzeros

Root barrier log...

Ordering time: 0.00s

Barrier statistics:
 AA' NZ     : 6.090e+02
 Factor NZ  : 2.054e+03
 Factor Ops : 7.469e+04 (less than 1 second per iteration)
 Threads    : 1

                  Objective                Residual
Iter       Primal          Dual         Primal    Dual     Compl     Time
   0  -3.64589939e+03 -3.87490553e+03  2.38e+01 8.88e-16  8.61e+00     0s
   1  -9.50665178e+02 -2.49991691e+03  1.67e+00 1.13e+00  1.58e+00     0s
   2  -7.60997950e+02 -1.08941430e+03  0.00e+00 1.14e-01  2.12e-01     0s
   3  -8.31149010e+02 -8.83641046e+02  0.00e+00 6.03e-03  3.35e-02     0s
   4  -8.45328897e+02 -8.59238039e+02  0.00e+00 5.33e-15  8.85e-03     0s
   5  -8.49806346e+02 -8.54525524e+02  0.00e+00 3.55e-15  3.00e-03     0s
   6  -8.50966114e+02 -8.51517443e+02  0.00e+00 3.55e-15  3.51e-04     0s
   7  -8.51235278e+02 -8.51238138e+02  0.00e+00 3.55e-15  1.82e-06     0s
   8  -8.51236000e+02 -8.51236000e+02  0.00e+00 3.55e-15  1.94e-12     0s

Barrier solved model in 8 iterations and 0.02 seconds
Optimal objective -8.51236000e+02


Root relaxation: objective -8.512360e+02, 129 iterations, 0.01 seconds

    Nodes    |    Current Node    |     Objective Bounds      |     Work
 Expl Unexpl |  Obj  Depth IntInf | Incumbent    BestBd   Gap | It/Node Time

     0     0 -851.23600    0   58 -721.11600 -851.23600  18.0%     -    0s
H    0     0                    -833.0600000 -851.23600  2.18%     -    0s
     0     0 -834.95369    0   22 -833.06000 -834.95369  0.23%     -    0s

Cutting planes:
  Gomory: 4
  Cover: 1
  MIR: 54

Explored 0 nodes (360 simplex iterations) in 0.07 seconds
Thread count was 16 (of 16 available processors)

Optimal solution found (tolerance 1.00e-02)
Best objective -8.330600000000e+02, best bound -8.349536861539e+02, gap 0.2273%
Changed value of parameter MIPGap to 0.01
   Prev: 0.0001  Min: 0.0  Max: 1e+100  Default: 0.0001
Changed value of parameter TimeLimit to 1800.0
   Prev: 1e+100  Min: 0.0  Max: 1e+100  Default: 1e+100
Changed value of parameter Method to 2
   Prev: -1  Min: -1  Max: 4  Default: -1
Changed value of parameter MIPFocus to 1
   Prev: 0  Min: 0  Max: 3  Default: 0
Optimize a model with 2050 rows, 2925 columns and 5850 nonzeros
Coefficient statistics:
  Matrix range    [1e+00, 2e+01]
  Objective range [1e+00, 1e+00]
  Bounds range    [1e+00, 1e+00]
  RHS range       [8e+01, 8e+01]
Found heuristic solution: objective 0
Presolve removed 1977 rows and 2175 columns
Presolve time: 0.01s
Presolved: 73 rows, 750 columns, 1386 nonzeros
Found heuristic solution: objective -724.8950000
Variable types: 0 continuous, 750 integer (653 binary)
Optimize a model with 73 rows, 750 columns and 1386 nonzeros
Coefficient statistics:
  Matrix range    [1e+00, 2e+01]
  Objective range [1e+00, 1e+00]
  Bounds range    [1e+00, 8e+00]
  RHS range       [2e+01, 8e+01]
Presolved: 73 rows, 750 columns, 1386 nonzeros

Root barrier log...

Ordering time: 0.00s

Barrier statistics:
 AA' NZ     : 6.090e+02
 Factor NZ  : 2.054e+03
 Factor Ops : 7.469e+04 (less than 1 second per iteration)
 Threads    : 1

                  Objective                Residual
Iter       Primal          Dual         Primal    Dual     Compl     Time
   0  -3.65648719e+03 -3.87773819e+03  2.38e+01 1.78e-15  8.61e+00     0s
   1  -9.54517988e+02 -2.50223991e+03  1.67e+00 1.13e+00  1.58e+00     0s
   2  -7.64236312e+02 -1.09271254e+03  0.00e+00 1.14e-01  2.12e-01     0s
   3  -8.34521141e+02 -8.88001434e+02  0.00e+00 6.21e-03  3.41e-02     0s
   4  -8.48994614e+02 -8.63234143e+02  0.00e+00 7.11e-15  9.06e-03     0s
   5  -8.53582410e+02 -8.58417628e+02  0.00e+00 3.55e-15  3.08e-03     0s
   6  -8.54790580e+02 -8.55354859e+02  0.00e+00 3.55e-15  3.59e-04     0s
   7  -8.55069261e+02 -8.55072110e+02  0.00e+00 3.55e-15  1.81e-06     0s
   8  -8.55070000e+02 -8.55070000e+02  0.00e+00 3.55e-15  1.93e-12     0s

Barrier solved model in 8 iterations and 0.02 seconds
Optimal objective -8.55070000e+02


Root relaxation: objective -8.550700e+02, 129 iterations, 0.01 seconds

    Nodes    |    Current Node    |     Objective Bounds      |     Work
 Expl Unexpl |  Obj  Depth IntInf | Incumbent    BestBd   Gap | It/Node Time

     0     0 -855.07000    0   59 -724.89500 -855.07000  18.0%     -    0s
H    0     0                    -834.6450000 -855.07000  2.45%     -    0s
H    0     0                    -835.5700000 -855.07000  2.33%     -    0s
H    0     0                    -836.6700000 -855.07000  2.20%     -    0s
     0     0 -838.58794    0   28 -836.67000 -838.58794  0.23%     -    0s

Cutting planes:
  Gomory: 6
  Cover: 1
  MIR: 52

Explored 0 nodes (355 simplex iterations) in 0.07 seconds
Thread count was 16 (of 16 available processors)

Optimal solution found (tolerance 1.00e-02)
Best objective -8.366700000000e+02, best bound -8.385850000000e+02, gap 0.2289%
Changed value of parameter MIPGap to 0.01
   Prev: 0.0001  Min: 0.0  Max: 1e+100  Default: 0.0001
Changed value of parameter TimeLimit to 1800.0
   Prev: 1e+100  Min: 0.0  Max: 1e+100  Default: 1e+100
Changed value of parameter Method to 2
   Prev: -1  Min: -1  Max: 4  Default: -1
Changed value of parameter MIPFocus to 1
   Prev: 0  Min: 0  Max: 3  Default: 0
Optimize a model with 2050 rows, 2925 columns and 5850 nonzeros
Coefficient statistics:
  Matrix range    [1e+00, 2e+01]
  Objective range [1e+00, 1e+00]
  Bounds range    [1e+00, 1e+00]
  RHS range       [8e+01, 8e+01]
Found heuristic solution: objective 0
Presolve removed 1977 rows and 2175 columns
Presolve time: 0.01s
Presolved: 73 rows, 750 columns, 1386 nonzeros
Found heuristic solution: objective -743.7900000
Variable types: 0 continuous, 750 integer (653 binary)
Optimize a model with 73 rows, 750 columns and 1386 nonzeros
Coefficient statistics:
  Matrix range    [1e+00, 2e+01]
  Objective range [1e+00, 1e+00]
  Bounds range    [1e+00, 8e+00]
  RHS range       [2e+01, 8e+01]
Presolved: 73 rows, 750 columns, 1386 nonzeros

Root barrier log...

Ordering time: 0.00s

Barrier statistics:
 AA' NZ     : 6.090e+02
 Factor NZ  : 2.054e+03
 Factor Ops : 7.469e+04 (less than 1 second per iteration)
 Threads    : 1

                  Objective                Residual
Iter       Primal          Dual         Primal    Dual     Compl     Time
   0  -3.70942420e+03 -3.89190152e+03  2.38e+01 1.78e-15  8.59e+00     0s
   1  -9.73822089e+02 -2.51385624e+03  1.68e+00 1.11e+00  1.58e+00     0s
   2  -7.80511015e+02 -1.10930483e+03  0.00e+00 1.12e-01  2.12e-01     0s
   3  -8.51429739e+02 -9.08359052e+02  0.00e+00 6.36e-03  3.63e-02     0s
   4  -8.67245476e+02 -8.81563407e+02  0.00e+00 3.55e-15  9.11e-03     0s
   5  -8.72186061e+02 -8.77330057e+02  0.00e+00 1.78e-15  3.27e-03     0s
   6  -8.73874916e+02 -8.74474634e+02  0.00e+00 3.55e-15  3.81e-04     0s
   7  -8.74239079e+02 -8.74241179e+02  0.00e+00 3.55e-15  1.34e-06     0s
   8  -8.74240000e+02 -8.74240000e+02  0.00e+00 1.78e-15  1.43e-12     0s

Barrier solved model in 8 iterations and 0.02 seconds
Optimal objective -8.74240000e+02


Root relaxation: objective -8.742400e+02, 130 iterations, 0.01 seconds

    Nodes    |    Current Node    |     Objective Bounds      |     Work
 Expl Unexpl |  Obj  Depth IntInf | Incumbent    BestBd   Gap | It/Node Time

     0     0 -874.24000    0   58 -743.79000 -874.24000  17.5%     -    0s
H    0     0                    -851.6600000 -874.24000  2.65%     -    0s
H    0     0                    -852.6700000 -874.24000  2.53%     -    0s
H    0     0                    -854.3100000 -874.24000  2.33%     -    0s
     0     0 -856.75922    0   26 -854.31000 -856.75922  0.29%     -    0s

Cutting planes:
  Gomory: 4
  Cover: 1
  MIR: 54

Explored 0 nodes (363 simplex iterations) in 0.07 seconds
Thread count was 16 (of 16 available processors)

Optimal solution found (tolerance 1.00e-02)
Best objective -8.543100000000e+02, best bound -8.567500000000e+02, gap 0.2856%
Changed value of parameter MIPGap to 0.01
   Prev: 0.0001  Min: 0.0  Max: 1e+100  Default: 0.0001
Changed value of parameter TimeLimit to 1800.0
   Prev: 1e+100  Min: 0.0  Max: 1e+100  Default: 1e+100
Changed value of parameter Method to 2
   Prev: -1  Min: -1  Max: 4  Default: -1
Changed value of parameter MIPFocus to 1
   Prev: 0  Min: 0  Max: 3  Default: 0
Optimize a model with 2050 rows, 2925 columns and 5850 nonzeros
Coefficient statistics:
  Matrix range    [1e+00, 2e+01]
  Objective range [1e+00, 1e+00]
  Bounds range    [1e+00, 1e+00]
  RHS range       [8e+01, 8e+01]
Found heuristic solution: objective 0
Presolve removed 1977 rows and 2175 columns
Presolve time: 0.01s
Presolved: 73 rows, 750 columns, 1386 nonzeros
Found heuristic solution: objective -781.5800000
Variable types: 0 continuous, 750 integer (653 binary)
Optimize a model with 73 rows, 750 columns and 1386 nonzeros
Coefficient statistics:
  Matrix range    [1e+00, 2e+01]
  Objective range [1e+00, 1e+00]
  Bounds range    [1e+00, 8e+00]
  RHS range       [2e+01, 8e+01]
Presolved: 73 rows, 750 columns, 1386 nonzeros

Root barrier log...

Ordering time: 0.00s

Barrier statistics:
 AA' NZ     : 6.090e+02
 Factor NZ  : 2.054e+03
 Factor Ops : 7.469e+04 (less than 1 second per iteration)
 Threads    : 1

                  Objective                Residual
Iter       Primal          Dual         Primal    Dual     Compl     Time
   0  -3.81528819e+03 -3.92022817e+03  2.38e+01 1.78e-15  8.57e+00     0s
   1  -1.01262925e+03 -2.53709575e+03  1.69e+00 1.09e+00  1.57e+00     0s
   2  -8.13467903e+02 -1.14268197e+03  0.00e+00 1.08e-01  2.12e-01     0s
   3  -8.86799547e+02 -9.50041064e+02  0.00e+00 7.33e-03  4.03e-02     0s
   4  -9.04762093e+02 -9.22378686e+02  0.00e+00 1.78e-15  1.12e-02     0s
   5  -9.10250219e+02 -9.15895072e+02  0.00e+00 1.78e-15  3.59e-03     0s
   6  -9.12242135e+02 -9.12822294e+02  0.00e+00 3.55e-15  3.69e-04     0s
   7  -9.12579531e+02 -9.12580644e+02  0.00e+00 1.78e-15  7.08e-07     0s
   8  -9.12580000e+02 -9.12580000e+02  0.00e+00 3.55e-15  7.35e-13     0s

Barrier solved model in 8 iterations and 0.02 seconds
Optimal objective -9.12580000e+02


Root relaxation: objective -9.125800e+02, 130 iterations, 0.01 seconds

    Nodes    |    Current Node    |     Objective Bounds      |     Work
 Expl Unexpl |  Obj  Depth IntInf | Incumbent    BestBd   Gap | It/Node Time

     0     0 -912.58000    0   60 -781.58000 -912.58000  16.8%     -    0s
H    0     0                    -886.9400000 -912.58000  2.89%     -    0s
H    0     0                    -888.9800000 -912.58000  2.65%     -    0s
H    0     0                    -889.2400000 -912.58000  2.62%     -    0s
     0     0 -893.25351    0   34 -889.24000 -893.25351  0.45%     -    0s

Cutting planes:
  Gomory: 6
  Cover: 1
  MIR: 52

Explored 0 nodes (395 simplex iterations) in 0.07 seconds
Thread count was 16 (of 16 available processors)

Optimal solution found (tolerance 1.00e-02)
Best objective -8.892400000000e+02, best bound -8.932400000000e+02, gap 0.4498%
Changed value of parameter MIPGap to 0.01
   Prev: 0.0001  Min: 0.0  Max: 1e+100  Default: 0.0001
Changed value of parameter TimeLimit to 1800.0
   Prev: 1e+100  Min: 0.0  Max: 1e+100  Default: 1e+100
Changed value of parameter Method to 2
   Prev: -1  Min: -1  Max: 4  Default: -1
Changed value of parameter MIPFocus to 1
   Prev: 0  Min: 0  Max: 3  Default: 0
Optimize a model with 2050 rows, 2925 columns and 5850 nonzeros
Coefficient statistics:
  Matrix range    [1e+00, 2e+01]
  Objective range [1e+00, 2e+00]
  Bounds range    [1e+00, 1e+00]
  RHS range       [8e+01, 8e+01]
Found heuristic solution: objective 0
Presolve removed 1977 rows and 2175 columns
Presolve time: 0.01s
Presolved: 73 rows, 750 columns, 1386 nonzeros
Found heuristic solution: objective -857.1600000
Variable types: 0 continuous, 750 integer (653 binary)
Optimize a model with 73 rows, 750 columns and 1386 nonzeros
Coefficient statistics:
  Matrix range    [1e+00, 2e+01]
  Objective range [1e+00, 2e+00]
  Bounds range    [1e+00, 8e+00]
  RHS range       [2e+01, 8e+01]
Presolved: 73 rows, 750 columns, 1386 nonzeros

Root barrier log...

Ordering time: 0.00s

Barrier statistics:
 AA' NZ     : 6.090e+02
 Factor NZ  : 2.054e+03
 Factor Ops : 7.469e+04 (less than 1 second per iteration)
 Threads    : 1

                  Objective                Residual
Iter       Primal          Dual         Primal    Dual     Compl     Time
   0  -4.02697571e+03 -3.97688147e+03  2.38e+01 8.88e-16  8.53e+00     0s
   1  -1.09097115e+03 -2.58356392e+03  1.72e+00 1.03e+00  1.56e+00     0s
   2  -8.80967666e+02 -1.20980001e+03  0.00e+00 1.01e-01  2.12e-01     0s
   3  -9.57478777e+02 -1.02591322e+03  0.00e+00 4.94e-03  4.36e-02     0s
   4  -9.78660213e+02 -9.98142789e+02  0.00e+00 1.78e-15  1.24e-02     0s
   5  -9.85844933e+02 -9.92744185e+02  0.00e+00 1.78e-15  4.39e-03     0s
   6  -9.88971480e+02 -9.89706132e+02  0.00e+00 3.55e-15  4.67e-04     0s
   7  -9.89257427e+02 -9.89267327e+02  0.00e+00 3.55e-15  6.29e-06     0s
   8  -9.89260000e+02 -9.89260000e+02  0.00e+00 3.55e-15  1.67e-10     0s

Barrier solved model in 8 iterations and 0.02 seconds
Optimal objective -9.89260000e+02


Root relaxation: objective -9.892600e+02, 130 iterations, 0.01 seconds

    Nodes    |    Current Node    |     Objective Bounds      |     Work
 Expl Unexpl |  Obj  Depth IntInf | Incumbent    BestBd   Gap | It/Node Time

     0     0 -989.26000    0   64 -857.16000 -989.26000  15.4%     -    0s
H    0     0                    -958.6400000 -989.26000  3.19%     -    0s
H    0     0                    -959.6800000 -989.26000  3.08%     -    0s
H    0     0                    -959.9600000 -989.26000  3.05%     -    0s
     0     0 -966.76923    0   41 -959.96000 -966.76923  0.71%     -    0s

Cutting planes:
  Gomory: 3
  Cover: 1
  MIR: 55

Explored 0 nodes (305 simplex iterations) in 0.07 seconds
Thread count was 16 (of 16 available processors)

Optimal solution found (tolerance 1.00e-02)
Best objective -9.599600000000e+02, best bound -9.667600000000e+02, gap 0.7084%
Changed value of parameter MIPGap to 0.01
   Prev: 0.0001  Min: 0.0  Max: 1e+100  Default: 0.0001
Changed value of parameter TimeLimit to 1800.0
   Prev: 1e+100  Min: 0.0  Max: 1e+100  Default: 1e+100
Changed value of parameter Method to 2
   Prev: -1  Min: -1  Max: 4  Default: -1
Changed value of parameter MIPFocus to 1
   Prev: 0  Min: 0  Max: 3  Default: 0
Optimize a model with 2050 rows, 2925 columns and 5850 nonzeros
Coefficient statistics:
  Matrix range    [1e+00, 2e+01]
  Objective range [1e+00, 2e+00]
  Bounds range    [1e+00, 1e+00]
  RHS range       [8e+01, 8e+01]
Found heuristic solution: objective 0
Presolve removed 1977 rows and 2175 columns
Presolve time: 0.01s
Presolved: 73 rows, 750 columns, 1386 nonzeros
Found heuristic solution: objective -894.9500000
Variable types: 0 continuous, 750 integer (653 binary)
Optimize a model with 73 rows, 750 columns and 1386 nonzeros
Coefficient statistics:
  Matrix range    [1e+00, 2e+01]
  Objective range [1e+00, 2e+00]
  Bounds range    [1e+00, 8e+00]
  RHS range       [2e+01, 8e+01]
Presolved: 73 rows, 750 columns, 1386 nonzeros

Root barrier log...

Ordering time: 0.00s

Barrier statistics:
 AA' NZ     : 6.090e+02
 Factor NZ  : 2.054e+03
 Factor Ops : 7.469e+04 (less than 1 second per iteration)
 Threads    : 1

                  Objective                Residual
Iter       Primal          Dual         Primal    Dual     Compl     Time
   0  -4.13279907e+03 -4.00520812e+03  2.38e+01 1.78e-15  8.51e+00     0s
   1  -1.13051816e+03 -2.60681271e+03  1.73e+00 9.99e-01  1.55e+00     0s
   2  -9.15476088e+02 -1.24381621e+03  0.00e+00 9.68e-02  2.11e-01     0s
   3  -9.92748829e+02 -1.06393383e+03  0.00e+00 3.07e-03  4.54e-02     0s
   4  -1.01657278e+03 -1.03672416e+03  0.00e+00 5.33e-15  1.28e-02     0s
   5  -1.02383090e+03 -1.03160815e+03  0.00e+00 3.55e-15  4.95e-03     0s
   6  -1.02724129e+03 -1.02862992e+03  0.00e+00 1.78e-15  8.83e-04     0s
   7  -1.02748256e+03 -1.02838174e+03  0.00e+00 1.78e-15  5.72e-04     0s
   8  -1.02765185e+03 -1.02768749e+03  0.00e+00 3.55e-15  2.27e-05     0s
   9  -1.02766665e+03 -1.02766669e+03  0.00e+00 3.55e-15  2.31e-08     0s
  10  -1.02766667e+03 -1.02766667e+03  0.00e+00 1.78e-15  2.31e-11     0s

Barrier solved model in 10 iterations and 0.02 seconds
Optimal objective -1.02766667e+03


Root relaxation: objective -1.027667e+03, 128 iterations, 0.01 seconds

    Nodes    |    Current Node    |     Objective Bounds      |     Work
 Expl Unexpl |  Obj  Depth IntInf | Incumbent    BestBd   Gap | It/Node Time

     0     0 -1027.6667    0   56 -894.95000 -1027.6667  14.8%     -    0s
H    0     0                    -992.2500000 -1027.6667  3.57%     -    0s
H    0     0                    -994.3500000 -1027.6667  3.35%     -    0s
H    0     0                    -995.4500000 -1027.6667  3.24%     -    0s
     0     0 -1003.5744    0   30 -995.45000 -1003.5744  0.82%     -    0s

Cutting planes:
  Gomory: 7
  Cover: 1
  MIR: 51

Explored 0 nodes (387 simplex iterations) in 0.06 seconds
Thread count was 16 (of 16 available processors)

Optimal solution found (tolerance 1.00e-02)
Best objective -9.954500000000e+02, best bound -1.003550000000e+03, gap 0.8137%
Changed value of parameter MIPGap to 0.01
   Prev: 0.0001  Min: 0.0  Max: 1e+100  Default: 0.0001
Changed value of parameter TimeLimit to 1800.0
   Prev: 1e+100  Min: 0.0  Max: 1e+100  Default: 1e+100
Changed value of parameter Method to 2
   Prev: -1  Min: -1  Max: 4  Default: -1
Changed value of parameter MIPFocus to 1
   Prev: 0  Min: 0  Max: 3  Default: 0
Optimize a model with 2050 rows, 2925 columns and 5850 nonzeros
Coefficient statistics:
  Matrix range    [1e+00, 2e+01]
  Objective range [1e+00, 3e+00]
  Bounds range    [1e+00, 1e+00]
  RHS range       [8e+01, 8e+01]
Found heuristic solution: objective 0
Presolve removed 1977 rows and 2175 columns
Presolve time: 0.01s
Presolved: 73 rows, 750 columns, 1386 nonzeros
Found heuristic solution: objective -1082.800000
Variable types: 0 continuous, 750 integer (653 binary)
Optimize a model with 73 rows, 750 columns and 1386 nonzeros
Coefficient statistics:
  Matrix range    [1e+00, 2e+01]
  Objective range [1e+00, 3e+00]
  Bounds range    [1e+00, 8e+00]
  RHS range       [2e+01, 8e+01]
Presolved: 73 rows, 750 columns, 1386 nonzeros

Root barrier log...

Ordering time: 0.00s

Barrier statistics:
 AA' NZ     : 6.090e+02
 Factor NZ  : 2.054e+03
 Factor Ops : 7.469e+04 (less than 1 second per iteration)
 Threads    : 1

                  Objective                Residual
Iter       Primal          Dual         Primal    Dual     Compl     Time
   0  -4.66170853e+03 -4.14684138e+03  2.37e+01 8.88e-16  8.40e+00     0s
   1  -1.33197915e+03 -2.72322357e+03  1.80e+00 8.58e-01  1.51e+00     0s
   2  -1.09497270e+03 -1.41592600e+03  0.00e+00 7.68e-02  2.06e-01     0s
   3  -1.18078772e+03 -1.25145021e+03  0.00e+00 1.42e-14  4.50e-02     0s
   4  -1.20997682e+03 -1.22882249e+03  0.00e+00 3.55e-15  1.20e-02     0s
   5  -1.21739616e+03 -1.22341842e+03  0.00e+00 1.78e-15  3.83e-03     0s
   6  -1.21951496e+03 -1.22180736e+03  0.00e+00 1.78e-15  1.46e-03     0s
   7  -1.21978492e+03 -1.22108542e+03  0.00e+00 1.78e-15  8.27e-04     0s
   8  -1.21985576e+03 -1.22034523e+03  0.00e+00 1.78e-15  3.11e-04     0s
   9  -1.21994634e+03 -1.22025528e+03  0.00e+00 1.78e-15  1.96e-04     0s
  10  -1.21999728e+03 -1.22000397e+03  0.00e+00 3.55e-15  4.25e-06     0s
  11  -1.22000000e+03 -1.22000000e+03  0.00e+00 3.55e-15  4.27e-09     0s

Barrier solved model in 11 iterations and 0.02 seconds
Optimal objective -1.22000000e+03


Root relaxation: objective -1.220000e+03, 124 iterations, 0.01 seconds

    Nodes    |    Current Node    |     Objective Bounds      |     Work
 Expl Unexpl |  Obj  Depth IntInf | Incumbent    BestBd   Gap | It/Node Time

     0     0 -1220.0000    0   63 -1082.8000 -1220.0000  12.7%     -    0s
H    0     0                    -1170.100000 -1220.0000  4.26%     -    0s
H    0     0                    -1172.300000 -1220.0000  4.07%     -    0s
H    0     0                    -1175.300000 -1220.0000  3.80%     -    0s
     0     0 -1190.8208    0   54 -1175.3000 -1190.8208  1.32%     -    0s
H    0     0                    -1178.300000 -1190.8208  1.06%     -    0s
H    0     0                    -1181.800000 -1190.8208  0.76%     -    0s

Cutting planes:
  Gomory: 4
  Cover: 1
  MIR: 55

Explored 0 nodes (318 simplex iterations) in 0.07 seconds
Thread count was 16 (of 16 available processors)

Optimal solution found (tolerance 1.00e-02)
Best objective -1.181800000000e+03, best bound -1.190800000000e+03, gap 0.7616%
Changed value of parameter MIPGap to 0.01
   Prev: 0.0001  Min: 0.0  Max: 1e+100  Default: 0.0001
Changed value of parameter TimeLimit to 1800.0
   Prev: 1e+100  Min: 0.0  Max: 1e+100  Default: 1e+100
Changed value of parameter Method to 2
   Prev: -1  Min: -1  Max: 4  Default: -1
Changed value of parameter MIPFocus to 1
   Prev: 0  Min: 0  Max: 3  Default: 0
Optimize a model with 2050 rows, 2925 columns and 5850 nonzeros
Coefficient statistics:
  Matrix range    [1e+00, 2e+01]
  Objective range [1e+00, 5e+00]
  Bounds range    [1e+00, 1e+00]
  RHS range       [8e+01, 8e+01]
Found heuristic solution: objective 0
Presolve removed 1977 rows and 2175 columns
Presolve time: 0.01s
Presolved: 73 rows, 750 columns, 1386 nonzeros
Found heuristic solution: objective -1462.200000
Variable types: 0 continuous, 750 integer (653 binary)
Optimize a model with 73 rows, 750 columns and 1386 nonzeros
Coefficient statistics:
  Matrix range    [1e+00, 2e+01]
  Objective range [1e+00, 5e+00]
  Bounds range    [1e+00, 8e+00]
  RHS range       [2e+01, 8e+01]
Presolved: 73 rows, 750 columns, 1386 nonzeros

Root barrier log...

Ordering time: 0.00s

Barrier statistics:
 AA' NZ     : 6.090e+02
 Factor NZ  : 2.054e+03
 Factor Ops : 7.469e+04 (less than 1 second per iteration)
 Threads    : 1

                  Objective                Residual
Iter       Primal          Dual         Primal    Dual     Compl     Time
   0  -5.71845460e+03 -4.43010789e+03  2.37e+01 1.78e-15  8.18e+00     0s
   1  -1.75195128e+03 -2.95722622e+03  1.91e+00 5.88e-01  1.42e+00     0s
   2  -1.48095122e+03 -1.77863927e+03  0.00e+00 3.98e-02  1.90e-01     0s
   3  -1.55229116e+03 -1.63216119e+03  0.00e+00 3.55e-15  5.08e-02     0s
   4  -1.59575171e+03 -1.61349995e+03  0.00e+00 1.78e-15  1.13e-02     0s
   5  -1.59989349e+03 -1.60823235e+03  0.00e+00 3.55e-15  5.30e-03     0s
   6  -1.60113592e+03 -1.60738460e+03  0.00e+00 1.78e-15  3.97e-03     0s
   7  -1.60325030e+03 -1.60680521e+03  0.00e+00 1.78e-15  2.26e-03     0s
   8  -1.60443776e+03 -1.60640016e+03  0.00e+00 1.78e-15  1.25e-03     0s
   9  -1.60584143e+03 -1.60628625e+03  0.00e+00 1.78e-15  2.83e-04     0s
  10  -1.60594229e+03 -1.60606168e+03  0.00e+00 1.78e-15  7.59e-05     0s
  11  -1.60598885e+03 -1.60604759e+03  0.00e+00 1.78e-15  3.73e-05     0s
  12  -1.60603612e+03 -1.60604410e+03  0.00e+00 1.78e-15  5.07e-06     0s
  13  -1.60604190e+03 -1.60604194e+03  0.00e+00 3.55e-15  2.38e-08     0s
  14  -1.60604192e+03 -1.60604192e+03  5.61e-12 1.78e-15  4.81e-14     0s

Barrier solved model in 14 iterations and 0.02 seconds
Optimal objective -1.60604192e+03


Root relaxation: objective -1.606042e+03, 60 iterations, 0.01 seconds

    Nodes    |    Current Node    |     Objective Bounds      |     Work
 Expl Unexpl |  Obj  Depth IntInf | Incumbent    BestBd   Gap | It/Node Time

     0     0 -1606.0419    0   66 -1462.2000 -1606.0419  9.84%     -    0s
H    0     0                    -1532.600000 -1606.0419  4.79%     -    0s
H    0     0                    -1540.000000 -1606.0419  4.29%     -    0s
H    0     0                    -1552.600000 -1606.0419  3.44%     -    0s
     0     0 -1575.5613    0   70 -1552.6000 -1575.5613  1.48%     -    0s
H    0     0                    -1561.800000 -1575.5613  0.88%     -    0s

Cutting planes:
  Gomory: 3
  Cover: 1
  MIR: 55

Explored 0 nodes (253 simplex iterations) in 0.07 seconds
Thread count was 16 (of 16 available processors)

Optimal solution found (tolerance 1.00e-02)
Best objective -1.561800000000e+03, best bound -1.575400000000e+03, gap 0.8708%
Changed value of parameter MIPGap to 0.01
   Prev: 0.0001  Min: 0.0  Max: 1e+100  Default: 0.0001
Changed value of parameter TimeLimit to 1800.0
   Prev: 1e+100  Min: 0.0  Max: 1e+100  Default: 1e+100
Changed value of parameter Method to 2
   Prev: -1  Min: -1  Max: 4  Default: -1
Changed value of parameter MIPFocus to 1
   Prev: 0  Min: 0  Max: 3  Default: 0
Optimize a model with 2050 rows, 2925 columns and 5850 nonzeros
Coefficient statistics:
  Matrix range    [1e+00, 2e+01]
  Objective range [1e+00, 9e+00]
  Bounds range    [1e+00, 1e+00]
  RHS range       [8e+01, 8e+01]
Found heuristic solution: objective 0
Presolve removed 1977 rows and 2175 columns
Presolve time: 0.01s
Presolved: 73 rows, 750 columns, 1386 nonzeros
Found heuristic solution: objective -2223.600000
Variable types: 0 continuous, 750 integer (653 binary)
Optimize a model with 73 rows, 750 columns and 1386 nonzeros
Coefficient statistics:
  Matrix range    [1e+00, 2e+01]
  Objective range [1e+00, 9e+00]
  Bounds range    [1e+00, 8e+00]
  RHS range       [2e+01, 8e+01]
Presolve removed 0 rows and 4 columns
Presolved: 73 rows, 746 columns, 1382 nonzeros

Root barrier log...

Ordering time: 0.00s

Barrier statistics:
 AA' NZ     : 6.090e+02
 Factor NZ  : 2.054e+03
 Factor Ops : 7.469e+04 (less than 1 second per iteration)
 Threads    : 1

                  Objective                Residual
Iter       Primal          Dual         Primal    Dual     Compl     Time
   0  -7.80874448e+03 -5.17288763e+03  2.37e+01 1.78e-15  8.23e+00     0s
   1  -2.61583715e+03 -3.56106938e+03  1.91e+00 1.45e-01  1.30e+00     0s
   2  -2.33031992e+03 -2.59133355e+03  1.30e-01 1.08e-13  2.05e-01     0s
   3  -2.34825199e+03 -2.43667634e+03  5.84e-02 3.38e-14  7.10e-02     0s
   4  -2.37386763e+03 -2.40355199e+03  8.55e-03 1.42e-14  2.11e-02     0s
   5  -2.38078765e+03 -2.39142794e+03  2.78e-03 5.33e-15  7.50e-03     0s
   6  -2.38340883e+03 -2.38833904e+03  1.04e-03 3.55e-15  3.42e-03     0s
   7  -2.38458365e+03 -2.38569587e+03  2.88e-04 3.55e-15  7.91e-04     0s
   8  -2.38504936e+03 -2.38523442e+03  3.22e-05 3.55e-15  1.28e-04     0s
   9  -2.38511977e+03 -2.38512044e+03  0.00e+00 3.55e-15  4.25e-07     0s
  10  -2.38512000e+03 -2.38512000e+03  0.00e+00 3.55e-15  4.25e-10     0s

Barrier solved model in 10 iterations and 0.02 seconds
Optimal objective -2.38512000e+03


Root relaxation: objective -2.385120e+03, 117 iterations, 0.01 seconds

    Nodes    |    Current Node    |     Objective Bounds      |     Work
 Expl Unexpl |  Obj  Depth IntInf | Incumbent    BestBd   Gap | It/Node Time

     0     0 -2385.1200    0   61 -2223.6000 -2385.1200  7.26%     -    0s
H    0     0                    -2298.200000 -2385.1200  3.78%     -    0s
H    0     0                    -2304.800000 -2385.1200  3.48%     -    0s
H    0     0                    -2309.400000 -2385.1200  3.28%     -    0s
     0     0 -2371.3199    0   85 -2309.4000 -2371.3199  2.68%     -    0s
     0     0 -2371.1858    0   95 -2309.4000 -2371.1858  2.68%     -    0s
     0     0 -2370.2663    0  116 -2309.4000 -2370.2663  2.64%     -    0s
H    0     0                    -2326.400000 -2370.2663  1.89%     -    0s
H    0     0                    -2339.600000 -2370.2663  1.31%     -    0s
     0     0 -2368.4945    0   97 -2339.6000 -2368.4945  1.24%     -    0s
     0     0 -2367.9430    0  116 -2339.6000 -2367.9430  1.21%     -    0s
H    0     0                    -2347.200000 -2367.9430  0.88%     -    0s

Cutting planes:
  Gomory: 9
  Cover: 3
  MIR: 86
  Zero half: 2

Explored 0 nodes (880 simplex iterations) in 0.16 seconds
Thread count was 16 (of 16 available processors)

Optimal solution found (tolerance 1.00e-02)
Best objective -2.347200000000e+03, best bound -2.367800000000e+03, gap 0.8776%
Changed value of parameter MIPGap to 0.01
   Prev: 0.0001  Min: 0.0  Max: 1e+100  Default: 0.0001
Changed value of parameter TimeLimit to 1800.0
   Prev: 1e+100  Min: 0.0  Max: 1e+100  Default: 1e+100
Changed value of parameter Method to 2
   Prev: -1  Min: -1  Max: 4  Default: -1
Changed value of parameter MIPFocus to 1
   Prev: 0  Min: 0  Max: 3  Default: 0
Optimize a model with 2050 rows, 2925 columns and 5850 nonzeros
Coefficient statistics:
  Matrix range    [1e+00, 2e+01]
  Objective range [2e+00, 1e+01]
  Bounds range    [1e+00, 1e+00]
  RHS range       [8e+01, 8e+01]
Found heuristic solution: objective 0
Presolve removed 1977 rows and 2177 columns
Presolve time: 0.01s
Presolved: 73 rows, 748 columns, 1383 nonzeros
Found heuristic solution: objective -2606.500000
Variable types: 0 continuous, 748 integer (650 binary)
Optimize a model with 73 rows, 748 columns and 1383 nonzeros
Coefficient statistics:
  Matrix range    [1e+00, 2e+01]
  Objective range [2e+00, 1e+01]
  Bounds range    [1e+00, 8e+00]
  RHS range       [2e+01, 8e+01]
Presolved: 73 rows, 748 columns, 1383 nonzeros

Root barrier log...

Ordering time: 0.00s

Barrier statistics:
 AA' NZ     : 6.090e+02
 Factor NZ  : 2.054e+03
 Factor Ops : 7.469e+04 (less than 1 second per iteration)
 Threads    : 1

                  Objective                Residual
Iter       Primal          Dual         Primal    Dual     Compl     Time
   0  -8.86879183e+03 -6.27962560e+03  2.37e+01 1.78e-15  1.02e+01     0s
   1  -2.94984369e+03 -4.30428274e+03  1.57e+00 2.42e-01  1.57e+00     0s
   2  -2.73300266e+03 -3.06863715e+03  1.10e-01 7.11e-15  2.53e-01     0s
   3  -2.75329472e+03 -2.85252853e+03  5.08e-02 5.33e-15  7.83e-02     0s
   4  -2.77100129e+03 -2.80676986e+03  1.14e-02 3.55e-15  2.61e-02     0s
   5  -2.77385965e+03 -2.78879484e+03  6.56e-03 3.55e-15  1.14e-02     0s
   6  -2.77687934e+03 -2.78400651e+03  2.86e-03 3.55e-15  5.34e-03     0s
   7  -2.77881897e+03 -2.78223585e+03  1.17e-03 3.55e-15  2.50e-03     0s
   8  -2.77969812e+03 -2.78116003e+03  5.52e-04 3.55e-15  1.09e-03     0s
   9  -2.78048982e+03 -2.78064964e+03  4.38e-05 3.55e-15  1.15e-04     0s
  10  -2.78057790e+03 -2.78058959e+03  8.90e-08 3.55e-15  7.52e-06     0s
  11  -2.78057945e+03 -2.78058037e+03  0.00e+00 3.55e-15  5.91e-07     0s
  12  -2.78058000e+03 -2.78058001e+03  0.00e+00 3.55e-15  6.27e-09     0s

Barrier solved model in 12 iterations and 0.02 seconds
Optimal objective -2.78058000e+03


Root relaxation: objective -2.780580e+03, 123 iterations, 0.01 seconds

    Nodes    |    Current Node    |     Objective Bounds      |     Work
 Expl Unexpl |  Obj  Depth IntInf | Incumbent    BestBd   Gap | It/Node Time

     0     0 -2780.5800    0   57 -2606.5000 -2780.5800  6.68%     -    0s
H    0     0                    -2683.000000 -2780.5800  3.64%     -    0s
H    0     0                    -2697.000000 -2780.5800  3.10%     -    0s
H    0     0                    -2699.500000 -2780.5800  3.00%     -    0s
     0     0 -2777.2692    0   75 -2699.5000 -2777.2692  2.88%     -    0s
H    0     0                    -2723.000000 -2777.2692  1.99%     -    0s
H    0     0                    -2736.000000 -2777.2692  1.51%     -    0s
H    0     0                    -2753.500000 -2777.2692  0.86%     -    0s

Cutting planes:
  Gomory: 4
  Cover: 1
  MIR: 53

Explored 0 nodes (449 simplex iterations) in 0.08 seconds
Thread count was 16 (of 16 available processors)

Optimal solution found (tolerance 1.00e-02)
Best objective -2.753500000000e+03, best bound -2.777000000000e+03, gap 0.8535%
Changed value of parameter MIPGap to 0.01
   Prev: 0.0001  Min: 0.0  Max: 1e+100  Default: 0.0001
Changed value of parameter TimeLimit to 1800.0
   Prev: 1e+100  Min: 0.0  Max: 1e+100  Default: 1e+100
Changed value of parameter Method to 2
   Prev: -1  Min: -1  Max: 4  Default: -1
Changed value of parameter MIPFocus to 1
   Prev: 0  Min: 0  Max: 3  Default: 0
Optimize a model with 2050 rows, 2925 columns and 5850 nonzeros
Coefficient statistics:
  Matrix range    [1e+00, 2e+01]
  Objective range [2e+00, 2e+01]
  Bounds range    [1e+00, 1e+00]
  RHS range       [8e+01, 8e+01]
Found heuristic solution: objective 0
Presolve removed 1977 rows and 2175 columns
Presolve time: 0.01s
Presolved: 73 rows, 750 columns, 1386 nonzeros
Found heuristic solution: objective -4528.000000
Variable types: 0 continuous, 750 integer (653 binary)
Optimize a model with 73 rows, 750 columns and 1386 nonzeros
Coefficient statistics:
  Matrix range    [1e+00, 2e+01]
  Objective range [2e+00, 2e+01]
  Bounds range    [1e+00, 8e+00]
  RHS range       [2e+01, 8e+01]
Presolve removed 0 rows and 4 columns
Presolved: 73 rows, 746 columns, 1382 nonzeros

Root barrier log...

Ordering time: 0.00s

Barrier statistics:
 AA' NZ     : 6.090e+02
 Factor NZ  : 2.054e+03
 Factor Ops : 7.469e+04 (less than 1 second per iteration)
 Threads    : 1

                  Objective                Residual
Iter       Primal          Dual         Primal    Dual     Compl     Time
   0  -1.41606420e+04 -1.18183439e+04  2.37e+01 3.55e-15  2.02e+01     0s
   1  -4.92758106e+03 -8.04402865e+03  1.16e+00 7.38e-01  3.04e+00     0s
   2  -4.82798012e+03 -5.34600134e+03  1.08e-01 2.48e-02  3.92e-01     0s
   3  -4.92511216e+03 -5.08344981e+03  3.25e-02 7.11e-15  1.18e-01     0s
   4  -4.99067458e+03 -5.03412045e+03  7.34e-03 7.11e-15  3.15e-02     0s
   5  -5.00689310e+03 -5.02120993e+03  2.62e-03 7.11e-15  1.05e-02     0s
   6  -5.01461574e+03 -5.01625642e+03  1.78e-04 7.11e-15  1.14e-03     0s
   7  -5.01508671e+03 -5.01551578e+03  7.20e-05 7.11e-15  3.14e-04     0s
   8  -5.01529765e+03 -5.01539044e+03  1.54e-05 7.11e-15  6.80e-05     0s
   9  -5.01533534e+03 -5.01538779e+03  4.26e-06 7.11e-15  3.60e-05     0s
  10  -5.01534886e+03 -5.01537202e+03  6.81e-08 3.55e-15  1.49e-05     0s
  11  -5.01534994e+03 -5.01535002e+03  0.00e+00 7.11e-15  5.46e-08     0s
  12  -5.01535000e+03 -5.01535000e+03  7.16e-13 7.11e-15  1.09e-13     0s

Barrier solved model in 12 iterations and 0.02 seconds
Optimal objective -5.01535000e+03


Root relaxation: objective -5.015350e+03, 238 iterations, 0.01 seconds

    Nodes    |    Current Node    |     Objective Bounds      |     Work
 Expl Unexpl |  Obj  Depth IntInf | Incumbent    BestBd   Gap | It/Node Time

     0     0 -5015.3500    0   54 -4528.0000 -5015.3500  10.8%     -    0s
H    0     0                    -4910.000000 -5015.3500  2.15%     -    0s
     0     0 -4986.9235    0   98 -4910.0000 -4986.9235  1.57%     -    0s
     0     0 -4984.6664    0   99 -4910.0000 -4984.6664  1.52%     -    0s
     0     0 -4975.8018    0  124 -4910.0000 -4975.8018  1.34%     -    0s
     0     0 -4970.2581    0  122 -4910.0000 -4970.2581  1.23%     -    0s
     0     0 -4966.0874    0  134 -4910.0000 -4966.0874  1.14%     -    0s
     0     0 -4964.8441    0  138 -4910.0000 -4964.8441  1.12%     -    0s
H    0     0                    -4927.000000 -4964.8441  0.77%     -    0s
H    0     0                    -4929.000000 -4964.8441  0.73%     -    0s
H    0     0                    -4931.000000 -4964.8441  0.69%     -    0s

Cutting planes:
  Gomory: 9
  Cover: 18
  MIR: 141
  Zero half: 1

Explored 0 nodes (1410 simplex iterations) in 0.22 seconds
Thread count was 16 (of 16 available processors)

Optimal solution found (tolerance 1.00e-02)
Best objective -4.931000000000e+03, best bound -4.964000000000e+03, gap 0.6692%
Changed value of parameter MIPGap to 0.01
   Prev: 0.0001  Min: 0.0  Max: 1e+100  Default: 0.0001
Changed value of parameter TimeLimit to 1800.0
   Prev: 1e+100  Min: 0.0  Max: 1e+100  Default: 1e+100
Changed value of parameter Method to 2
   Prev: -1  Min: -1  Max: 4  Default: -1
Changed value of parameter MIPFocus to 1
   Prev: 0  Min: 0  Max: 3  Default: 0
Optimize a model with 2050 rows, 2925 columns and 5850 nonzeros
Coefficient statistics:
  Matrix range    [1e+00, 2e+01]
  Objective range [3e+00, 4e+01]
  Bounds range    [1e+00, 1e+00]
  RHS range       [8e+01, 8e+01]
Found heuristic solution: objective 0
Presolve removed 1977 rows and 2175 columns
Presolve time: 0.01s
Presolved: 73 rows, 750 columns, 1386 nonzeros
Found heuristic solution: objective -8376.000000
Variable types: 0 continuous, 750 integer (653 binary)
Optimize a model with 73 rows, 750 columns and 1386 nonzeros
Coefficient statistics:
  Matrix range    [1e+00, 2e+01]
  Objective range [3e+00, 4e+01]
  Bounds range    [1e+00, 8e+00]
  RHS range       [2e+01, 8e+01]
Presolved: 73 rows, 750 columns, 1386 nonzeros

Root barrier log...

Ordering time: 0.00s

Barrier statistics:
 AA' NZ     : 6.090e+02
 Factor NZ  : 2.054e+03
 Factor Ops : 7.469e+04 (less than 1 second per iteration)
 Threads    : 1

                  Objective                Residual
Iter       Primal          Dual         Primal    Dual     Compl     Time
   0  -2.48189553e+04 -2.28818733e+04  2.38e+01 7.11e-15  4.01e+01     0s
   1  -9.26337294e+03 -1.55791151e+04  1.28e+00 1.72e+00  6.21e+00     0s
   2  -9.16760482e+03 -1.03745690e+04  1.51e-01 1.07e-01  9.28e-01     0s
   3  -9.44920609e+03 -9.69395843e+03  7.43e-03 1.42e-14  1.62e-01     0s
   4  -9.50205181e+03 -9.56987073e+03  1.53e-03 1.42e-14  4.45e-02     0s
   5  -9.51463479e+03 -9.53720424e+03  5.60e-04 1.42e-14  1.49e-02     0s
   6  -9.52195343e+03 -9.52571060e+03  9.03e-05 1.42e-14  2.48e-03     0s
   7  -9.52353947e+03 -9.52369210e+03  1.32e-06 1.78e-14  9.91e-05     0s
   8  -9.52358332e+03 -9.52358336e+03  0.00e+00 1.42e-14  2.54e-08     0s
   9  -9.52358333e+03 -9.52358333e+03  0.00e+00 2.13e-14  2.54e-11     0s

Barrier solved model in 9 iterations and 0.02 seconds
Optimal objective -9.52358333e+03


Root relaxation: objective -9.523583e+03, 107 iterations, 0.01 seconds

    Nodes    |    Current Node    |     Objective Bounds      |     Work
 Expl Unexpl |  Obj  Depth IntInf | Incumbent    BestBd   Gap | It/Node Time

     0     0 -9523.5833    0   52 -8376.0000 -9523.5833  13.7%     -    0s
H    0     0                    -9058.000000 -9523.5833  5.14%     -    0s
H    0     0                    -9323.000000 -9523.5833  2.15%     -    0s
H    0     0                    -9365.000000 -9523.5833  1.69%     -    0s
     0     0 -9469.7679    0   86 -9365.0000 -9469.7679  1.12%     -    0s
     0     0 -9466.7403    0   94 -9365.0000 -9466.7403  1.09%     -    0s
     0     0 -9453.9592    0  109 -9365.0000 -9453.9592  0.95%     -    0s

Cutting planes:
  Gomory: 1
  Cover: 20
  MIR: 91
  Zero half: 3

Explored 0 nodes (508 simplex iterations) in 0.09 seconds
Thread count was 16 (of 16 available processors)

Optimal solution found (tolerance 1.00e-02)
Best objective -9.365000000000e+03, best bound -9.453000000000e+03, gap 0.9397%
Changed value of parameter MIPGap to 0.01
   Prev: 0.0001  Min: 0.0  Max: 1e+100  Default: 0.0001
Changed value of parameter TimeLimit to 1800.0
   Prev: 1e+100  Min: 0.0  Max: 1e+100  Default: 1e+100
Changed value of parameter Method to 2
   Prev: -1  Min: -1  Max: 4  Default: -1
Changed value of parameter MIPFocus to 1
   Prev: 0  Min: 0  Max: 3  Default: 0
Optimize a model with 2050 rows, 2925 columns and 5850 nonzeros
Coefficient statistics:
  Matrix range    [1e+00, 2e+01]
  Objective range [5e+00, 8e+01]
  Bounds range    [1e+00, 1e+00]
  RHS range       [8e+01, 8e+01]
Found heuristic solution: objective 0
Presolve removed 1977 rows and 2175 columns
Presolve time: 0.01s
Presolved: 73 rows, 750 columns, 1386 nonzeros
Found heuristic solution: objective -16072.00000
Variable types: 0 continuous, 750 integer (653 binary)
Optimize a model with 73 rows, 750 columns and 1386 nonzeros
Coefficient statistics:
  Matrix range    [1e+00, 2e+01]
  Objective range [5e+00, 8e+01]
  Bounds range    [1e+00, 8e+00]
  RHS range       [2e+01, 8e+01]
Presolved: 73 rows, 750 columns, 1386 nonzeros

Root barrier log...

Ordering time: 0.00s

Barrier statistics:
 AA' NZ     : 6.090e+02
 Factor NZ  : 2.054e+03
 Factor Ops : 7.469e+04 (less than 1 second per iteration)
 Threads    : 1

                  Objective                Residual
Iter       Primal          Dual         Primal    Dual     Compl     Time
   0  -4.60473120e+04 -4.50192312e+04  2.38e+01 1.42e-14  7.99e+01     0s
   1  -1.79800496e+04 -3.06710781e+04  1.35e+00 3.68e+00  1.26e+01     0s
   2  -1.77146204e+04 -2.06022571e+04  8.89e-02 3.54e-01  2.02e+00     0s
   3  -1.84590028e+04 -1.90006495e+04  3.88e-03 2.84e-14  3.52e-01     0s
   4  -1.85439979e+04 -1.87142143e+04  1.31e-03 1.20e-02  1.11e-01     0s
   5  -1.85858776e+04 -1.86271901e+04  2.16e-04 2.84e-14  2.68e-02     0s
   6  -1.85980940e+04 -1.86015011e+04  3.22e-06 4.26e-14  2.20e-03     0s
   7  -1.85993242e+04 -1.85993434e+04  0.00e+00 2.84e-14  1.22e-05     0s
   8  -1.85993333e+04 -1.85993333e+04  0.00e+00 4.26e-14  1.31e-11     0s

Barrier solved model in 8 iterations and 0.02 seconds
Optimal objective -1.85993333e+04


Root relaxation: objective -1.859933e+04, 130 iterations, 0.01 seconds

    Nodes    |    Current Node    |     Objective Bounds      |     Work
 Expl Unexpl |  Obj  Depth IntInf | Incumbent    BestBd   Gap | It/Node Time

     0     0 -18599.333    0   48 -16072.000 -18599.333  15.7%     -    0s
H    0     0                    -18129.00000 -18599.333  2.59%     -    0s
H    0     0                    -18192.00000 -18599.333  2.24%     -    0s
H    0     0                    -18248.00000 -18599.333  1.93%     -    0s
H    0     0                    -18287.00000 -18599.333  1.71%     -    0s
     0     0 -18490.205    0   92 -18287.000 -18490.205  1.11%     -    0s
     0     0 -18483.485    0   90 -18287.000 -18483.485  1.07%     -    0s
H    0     0                    -18297.00000 -18483.485  1.02%     -    0s
     0     0 -18439.070    0   88 -18297.000 -18439.070  0.78%     -    0s

Cutting planes:
  Gomory: 1
  Cover: 31
  MIR: 76
  Zero half: 2

Explored 0 nodes (590 simplex iterations) in 0.10 seconds
Thread count was 16 (of 16 available processors)

Optimal solution found (tolerance 1.00e-02)
Best objective -1.829700000000e+04, best bound -1.843900000000e+04, gap 0.7761%
Changed value of parameter MIPGap to 0.01
   Prev: 0.0001  Min: 0.0  Max: 1e+100  Default: 0.0001
Changed value of parameter TimeLimit to 1800.0
   Prev: 1e+100  Min: 0.0  Max: 1e+100  Default: 1e+100
Changed value of parameter Method to 2
   Prev: -1  Min: -1  Max: 4  Default: -1
Changed value of parameter MIPFocus to 1
   Prev: 0  Min: 0  Max: 3  Default: 0
Optimize a model with 2050 rows, 2925 columns and 5850 nonzeros
Coefficient statistics:
  Matrix range    [1e+00, 2e+01]
  Objective range [6e+00, 1e+02]
  Bounds range    [1e+00, 1e+00]
  RHS range       [8e+01, 8e+01]
Found heuristic solution: objective 0
Presolve removed 1977 rows and 2175 columns
Presolve time: 0.01s
Presolved: 73 rows, 750 columns, 1386 nonzeros
Found heuristic solution: objective -19920.00000
Variable types: 0 continuous, 750 integer (653 binary)
Optimize a model with 73 rows, 750 columns and 1386 nonzeros
Coefficient statistics:
  Matrix range    [1e+00, 2e+01]
  Objective range [6e+00, 1e+02]
  Bounds range    [1e+00, 8e+00]
  RHS range       [2e+01, 8e+01]
Presolved: 73 rows, 750 columns, 1386 nonzeros

Root barrier log...

Ordering time: 0.00s

Barrier statistics:
 AA' NZ     : 6.090e+02
 Factor NZ  : 2.054e+03
 Factor Ops : 7.469e+04 (less than 1 second per iteration)
 Threads    : 1

                  Objective                Residual
Iter       Primal          Dual         Primal    Dual     Compl     Time
   0  -5.66612000e+04 -5.60879102e+04  2.38e+01 1.42e-14  9.98e+01     0s
   1  -2.23383788e+04 -3.82194177e+04  1.37e+00 4.66e+00  1.58e+01     0s
   2  -2.20271839e+04 -2.56460560e+04  8.68e-02 4.51e-01  2.53e+00     0s
   3  -2.29735699e+04 -2.36332846e+04  3.97e-03 2.19e-03  4.29e-01     0s
   4  -2.30842129e+04 -2.32882932e+04  1.31e-03 1.47e-02  1.33e-01     0s
   5  -2.31373189e+04 -2.31742750e+04  2.06e-04 2.84e-14  2.41e-02     0s
   6  -2.31523096e+04 -2.31557177e+04  1.12e-05 3.55e-14  2.20e-03     0s
   7  -2.31533165e+04 -2.31533533e+04  0.00e+00 3.55e-14  2.36e-05     0s
   8  -2.31533333e+04 -2.31533333e+04  0.00e+00 4.26e-14  8.09e-11     0s

Barrier solved model in 8 iterations and 0.02 seconds
Optimal objective -2.31533333e+04


Root relaxation: objective -2.315333e+04, 132 iterations, 0.01 seconds

    Nodes    |    Current Node    |     Objective Bounds      |     Work
 Expl Unexpl |  Obj  Depth IntInf | Incumbent    BestBd   Gap | It/Node Time

     0     0 -23153.333    0   47 -19920.000 -23153.333  16.2%     -    0s
H    0     0                    -22550.00000 -23153.333  2.68%     -    0s
H    0     0                    -22692.00000 -23153.333  2.03%     -    0s
H    0     0                    -22758.00000 -23153.333  1.74%     -    0s
     0     0 -22993.161    0   94 -22758.000 -22993.161  1.03%     -    0s
     0     0 -22987.726    0   93 -22758.000 -22987.726  1.01%     -    0s
H    0     0                    -22782.00000 -22987.726  0.90%     -    0s
H    0     0                    -22794.00000 -22987.726  0.85%     -    0s

Cutting planes:
  Cover: 32
  MIR: 77

Explored 0 nodes (459 simplex iterations) in 0.11 seconds
Thread count was 16 (of 16 available processors)

Optimal solution found (tolerance 1.00e-02)
Best objective -2.279400000000e+04, best bound -2.298700000000e+04, gap 0.8467%
Changed value of parameter MIPGap to 0.01
   Prev: 0.0001  Min: 0.0  Max: 1e+100  Default: 0.0001
Changed value of parameter TimeLimit to 1800.0
   Prev: 1e+100  Min: 0.0  Max: 1e+100  Default: 1e+100
Changed value of parameter Method to 2
   Prev: -1  Min: -1  Max: 4  Default: -1
Changed value of parameter MIPFocus to 1
   Prev: 0  Min: 0  Max: 3  Default: 0
Optimize a model with 2050 rows, 2925 columns and 5850 nonzeros
Coefficient statistics:
  Matrix range    [1e+00, 2e+01]
  Objective range [1e+01, 2e+02]
  Bounds range    [1e+00, 1e+00]
  RHS range       [8e+01, 8e+01]
Found heuristic solution: objective 0
Presolve removed 1977 rows and 2175 columns
Presolve time: 0.01s
Presolved: 73 rows, 750 columns, 1386 nonzeros
Found heuristic solution: objective -39160.00000
Variable types: 0 continuous, 750 integer (653 binary)
Optimize a model with 73 rows, 750 columns and 1386 nonzeros
Coefficient statistics:
  Matrix range    [1e+00, 2e+01]
  Objective range [1e+01, 2e+02]
  Bounds range    [1e+00, 8e+00]
  RHS range       [2e+01, 8e+01]
Presolved: 73 rows, 750 columns, 1386 nonzeros

Root barrier log...

Ordering time: 0.00s

Barrier statistics:
 AA' NZ     : 6.090e+02
 Factor NZ  : 2.054e+03
 Factor Ops : 7.469e+04 (less than 1 second per iteration)
 Threads    : 1

                  Objective                Residual
Iter       Primal          Dual         Primal    Dual     Compl     Time
   0  -1.09730054e+05 -1.11431305e+05  2.38e+01 2.84e-14  1.99e+02     0s
   1  -4.41316640e+04 -7.59627854e+04  1.40e+00 9.55e+00  3.17e+01     0s
   2  -4.36008650e+04 -5.08588081e+04  8.24e-02 9.31e-01  5.04e+00     0s
   3  -4.55736153e+04 -4.68031548e+04  3.61e-03 3.31e-02  7.99e-01     0s
   4  -4.58273613e+04 -4.61933430e+04  8.38e-04 2.13e-02  2.37e-01     0s
   5  -4.59097971e+04 -4.59581248e+04  6.07e-05 5.68e-14  3.12e-02     0s
   6  -4.59255363e+04 -4.59274138e+04  3.28e-06 5.68e-14  1.22e-03     0s
   7  -4.59265494e+04 -4.59265503e+04  0.00e+00 5.68e-14  6.04e-07     0s
   8  -4.59265500e+04 -4.59265500e+04  1.87e-13 5.68e-14  6.07e-13     0s

Barrier solved model in 8 iterations and 0.02 seconds
Optimal objective -4.59265500e+04


Root relaxation: objective -4.592655e+04, 132 iterations, 0.01 seconds

    Nodes    |    Current Node    |     Objective Bounds      |     Work
 Expl Unexpl |  Obj  Depth IntInf | Incumbent    BestBd   Gap | It/Node Time

     0     0 -45926.550    0   47 -39160.000 -45926.550  17.3%     -    0s
H    0     0                    -44657.00000 -45926.550  2.84%     -    0s
H    0     0                    -44932.00000 -45926.550  2.21%     -    0s
H    0     0                    -44983.00000 -45926.550  2.10%     -    0s
H    0     0                    -45071.00000 -45926.550  1.90%     -    0s
     0     0 -45538.043    0   80 -45071.000 -45538.043  1.04%     -    0s
     0     0 -45512.278    0   85 -45071.000 -45512.278  0.98%     -    0s

Cutting planes:
  Cover: 22
  MIR: 37

Explored 0 nodes (475 simplex iterations) in 0.08 seconds
Thread count was 16 (of 16 available processors)

Optimal solution found (tolerance 1.00e-02)
Best objective -4.507100000000e+04, best bound -4.551200000000e+04, gap 0.9785%
Changed value of parameter MIPGap to 0.01
   Prev: 0.0001  Min: 0.0  Max: 1e+100  Default: 0.0001
Changed value of parameter TimeLimit to 1800.0
   Prev: 1e+100  Min: 0.0  Max: 1e+100  Default: 1e+100
Changed value of parameter Method to 2
   Prev: -1  Min: -1  Max: 4  Default: -1
Changed value of parameter MIPFocus to 1
   Prev: 0  Min: 0  Max: 3  Default: 0
Optimize a model with 2050 rows, 2925 columns and 5850 nonzeros
Coefficient statistics:
  Matrix range    [1e+00, 2e+01]
  Objective range [2e+01, 4e+02]
  Bounds range    [1e+00, 1e+00]
  RHS range       [8e+01, 8e+01]
Found heuristic solution: objective 0
Presolve removed 1977 rows and 2175 columns
Presolve time: 0.01s
Presolved: 73 rows, 750 columns, 1386 nonzeros
Found heuristic solution: objective -77640.00000
Variable types: 0 continuous, 750 integer (653 binary)
Optimize a model with 73 rows, 750 columns and 1386 nonzeros
Coefficient statistics:
  Matrix range    [1e+00, 2e+01]
  Objective range [2e+01, 4e+02]
  Bounds range    [1e+00, 8e+00]
  RHS range       [2e+01, 8e+01]
Presolved: 73 rows, 750 columns, 1386 nonzeros

Root barrier log...

Ordering time: 0.00s

Barrier statistics:
 AA' NZ     : 6.090e+02
 Factor NZ  : 2.054e+03
 Factor Ops : 7.469e+04 (less than 1 second per iteration)
 Threads    : 1

                  Objective                Residual
Iter       Primal          Dual         Primal    Dual     Compl     Time
   0  -2.15867175e+05 -2.22118095e+05  2.38e+01 5.68e-14  3.99e+02     0s
   1  -8.77200071e+04 -1.51451626e+05  1.41e+00 1.93e+01  6.36e+01     0s
   2  -8.67608221e+04 -1.01270969e+05  8.31e-02 1.88e+00  1.01e+01     0s
   3  -9.07851860e+04 -9.31345618e+04  3.53e-03 1.14e-01  1.53e+00     0s
   4  -9.12904901e+04 -9.19397900e+04  7.87e-04 3.33e-02  4.20e-01     0s
   5  -9.14408197e+04 -9.15265323e+04  6.93e-05 1.99e-13  5.55e-02     0s
   6  -9.14713226e+04 -9.14741464e+04  3.53e-06 1.99e-13  1.85e-03     0s
   7  -9.14732166e+04 -9.14732177e+04  0.00e+00 1.71e-13  7.00e-07     0s
   8  -9.14732167e+04 -9.14732167e+04  7.44e-16 1.71e-13  7.12e-13     0s

Barrier solved model in 8 iterations and 0.02 seconds
Optimal objective -9.14732167e+04


Root relaxation: objective -9.147322e+04, 132 iterations, 0.01 seconds

    Nodes    |    Current Node    |     Objective Bounds      |     Work
 Expl Unexpl |  Obj  Depth IntInf | Incumbent    BestBd   Gap | It/Node Time

     0     0 -91473.217    0   51 -77640.000 -91473.217  17.8%     -    0s
H    0     0                    -88193.00000 -91473.217  3.72%     -    0s
H    0     0                    -89322.00000 -91473.217  2.41%     -    0s
H    0     0                    -89529.00000 -91473.217  2.17%     -    0s
H    0     0                    -89660.00000 -91473.217  2.02%     -    0s
     0     0 -90595.450    0   87 -89660.000 -90595.450  1.04%     -    0s
     0     0 -90575.156    0   94 -89660.000 -90575.156  1.02%     -    0s
H    0     0                    -89803.00000 -90575.156  0.86%     -    0s
H    0     0                    -89844.00000 -90575.156  0.81%     -    0s
H    0     0                    -89865.00000 -90575.156  0.79%     -    0s
H    0     0                    -89886.00000 -90575.156  0.77%     -    0s

Cutting planes:
  Gomory: 1
  Cover: 27
  MIR: 79
  Zero half: 2

Explored 0 nodes (425 simplex iterations) in 0.11 seconds
Thread count was 16 (of 16 available processors)

Optimal solution found (tolerance 1.00e-02)
Best objective -8.988600000000e+04, best bound -9.057500000000e+04, gap 0.7665%
Changed value of parameter MIPGap to 0.01
   Prev: 0.0001  Min: 0.0  Max: 1e+100  Default: 0.0001
Changed value of parameter TimeLimit to 1800.0
   Prev: 1e+100  Min: 0.0  Max: 1e+100  Default: 1e+100
Changed value of parameter Method to 2
   Prev: -1  Min: -1  Max: 4  Default: -1
Changed value of parameter MIPFocus to 1
   Prev: 0  Min: 0  Max: 3  Default: 0
Optimize a model with 2050 rows, 2925 columns and 5850 nonzeros
Coefficient statistics:
  Matrix range    [1e+00, 2e+01]
  Objective range [5e+01, 1e+03]
  Bounds range    [1e+00, 1e+00]
  RHS range       [8e+01, 8e+01]
Found heuristic solution: objective 0
Presolve removed 1977 rows and 2175 columns
Presolve time: 0.01s
Presolved: 73 rows, 750 columns, 1386 nonzeros
Found heuristic solution: objective -193080.0000
Variable types: 0 continuous, 750 integer (653 binary)
Optimize a model with 73 rows, 750 columns and 1386 nonzeros
Coefficient statistics:
  Matrix range    [1e+00, 2e+01]
  Objective range [5e+01, 1e+03]
  Bounds range    [1e+00, 8e+00]
  RHS range       [2e+01, 8e+01]
Presolved: 73 rows, 750 columns, 1386 nonzeros

Root barrier log...

Ordering time: 0.00s

Barrier statistics:
 AA' NZ     : 6.090e+02
 Factor NZ  : 2.054e+03
 Factor Ops : 7.469e+04 (less than 1 second per iteration)
 Threads    : 1

                  Objective                Residual
Iter       Primal          Dual         Primal    Dual     Compl     Time
   0  -5.34278065e+05 -5.54178464e+05  2.38e+01 1.14e-13  9.96e+02     0s
   1  -2.18486217e+05 -3.77919981e+05  1.42e+00 4.87e+01  1.59e+02     0s
   2  -2.17473800e+05 -2.50662575e+05  1.12e-01 3.98e+00  2.39e+01     0s
   3  -2.26519548e+05 -2.32060822e+05  4.96e-03 2.78e-01  3.63e+00     0s
   4  -2.27718009e+05 -2.29158586e+05  1.02e-03 6.22e-02  9.38e-01     0s
   5  -2.28045403e+05 -2.28241061e+05  9.16e-05 3.41e-13  1.27e-01     0s
   6  -2.28110621e+05 -2.28117127e+05  1.42e-06 4.55e-13  4.22e-03     0s
   7  -2.28113216e+05 -2.28113217e+05  1.35e-10 3.41e-13  9.07e-07     0s
   8  -2.28113217e+05 -2.28113217e+05  2.88e-13 3.41e-13  9.19e-13     0s

Barrier solved model in 8 iterations and 0.02 seconds
Optimal objective -2.28113217e+05


Root relaxation: objective -2.281132e+05, 132 iterations, 0.01 seconds

    Nodes    |    Current Node    |     Objective Bounds      |     Work
 Expl Unexpl |  Obj  Depth IntInf | Incumbent    BestBd   Gap | It/Node Time

     0     0 -228113.22    0   47 -193080.00 -228113.22  18.1%     -    0s
H    0     0                    -221858.0000 -228113.22  2.82%     -    0s
H    0     0                    -222992.0000 -228113.22  2.30%     -    0s
H    0     0                    -223570.0000 -228113.22  2.03%     -    0s
     0     0 -225816.78    0   87 -223570.00 -225816.78  1.00%     -    0s
     0     0 -225753.79    0   86 -223570.00 -225753.79  0.98%     -    0s

Cutting planes:
  Gomory: 2
  Cover: 19
  MIR: 38
  Zero half: 1

Explored 0 nodes (453 simplex iterations) in 0.07 seconds
Thread count was 16 (of 16 available processors)

Optimal solution found (tolerance 1.00e-02)
Best objective -2.235700000000e+05, best bound -2.257530000000e+05, gap 0.9764%
Changed value of parameter MIPGap to 0.01
   Prev: 0.0001  Min: 0.0  Max: 1e+100  Default: 0.0001
Changed value of parameter TimeLimit to 1800.0
   Prev: 1e+100  Min: 0.0  Max: 1e+100  Default: 1e+100
Changed value of parameter Method to 2
   Prev: -1  Min: -1  Max: 4  Default: -1
Changed value of parameter MIPFocus to 1
   Prev: 0  Min: 0  Max: 3  Default: 0
Optimize a model with 2050 rows, 2925 columns and 5850 nonzeros
Coefficient statistics:
  Matrix range    [1e+00, 2e+01]
  Objective range [5e+02, 1e+04]
  Bounds range    [1e+00, 1e+00]
  RHS range       [8e+01, 8e+01]
Found heuristic solution: objective 0
Presolve removed 1977 rows and 2175 columns
Presolve time: 0.01s
Presolved: 73 rows, 750 columns, 1386 nonzeros
Found heuristic solution: objective -1924680.000
Variable types: 0 continuous, 750 integer (653 binary)
Optimize a model with 73 rows, 750 columns and 1386 nonzeros
Coefficient statistics:
  Matrix range    [1e+00, 2e+01]
  Objective range [5e+02, 1e+04]
  Bounds range    [1e+00, 8e+00]
  RHS range       [2e+01, 8e+01]
Presolved: 73 rows, 750 columns, 1386 nonzeros

Root barrier log...

Ordering time: 0.00s

Barrier statistics:
 AA' NZ     : 6.090e+02
 Factor NZ  : 2.054e+03
 Factor Ops : 7.469e+04 (less than 1 second per iteration)
 Threads    : 1

                  Objective                Residual
Iter       Primal          Dual         Primal    Dual     Compl     Time
   0  -5.31043972e+06 -5.53508400e+06  2.38e+01 1.82e-12  9.96e+03     0s
   1  -2.17998345e+06 -3.77495193e+06  1.42e+00 4.89e+02  1.59e+03     0s
   2  -2.17085457e+06 -2.50261876e+06  1.10e-01 3.99e+01  2.38e+02     0s
   3  -2.26195030e+06 -2.31635925e+06  4.90e-03 3.10e+00  3.56e+01     0s
   4  -2.27385760e+06 -2.28751814e+06  9.97e-04 5.39e-01  8.90e+00     0s
   5  -2.27705914e+06 -2.27861039e+06  9.34e-05 4.09e-12  1.01e+00     0s
   6  -2.27770392e+06 -2.27777550e+06  0.00e+00 3.18e-12  4.57e-02     0s
   7  -2.27771237e+06 -2.27771447e+06  0.00e+00 3.64e-12  1.35e-03     0s
   8  -2.27771322e+06 -2.27771322e+06  0.00e+00 3.64e-12  5.85e-08     0s
   9  -2.27771322e+06 -2.27771322e+06  1.13e-14 3.64e-12  5.85e-11     0s

Barrier solved model in 9 iterations and 0.03 seconds
Optimal objective -2.27771322e+06


Root relaxation: objective -2.277713e+06, 132 iterations, 0.02 seconds

    Nodes    |    Current Node    |     Objective Bounds      |     Work
 Expl Unexpl |  Obj  Depth IntInf | Incumbent    BestBd   Gap | It/Node Time

     0     0 -2277713.2    0   50 -1924680.0 -2277713.2  18.3%     -    0s
H    0     0                    -2194475.000 -2277713.2  3.79%     -    0s
H    0     0                    -2222418.000 -2277713.2  2.49%     -    0s
H    0     0                    -2233421.000 -2277713.2  1.98%     -    0s
H    0     0                    -2233923.000 -2277713.2  1.96%     -    0s
     0     0 -2253870.7    0   85 -2233923.0 -2253870.7  0.89%     -    0s

Cutting planes:
  Cover: 24
  MIR: 35

Explored 0 nodes (373 simplex iterations) in 0.08 seconds
Thread count was 16 (of 16 available processors)

Optimal solution found (tolerance 1.00e-02)
Best objective -2.233923000000e+06, best bound -2.253870000000e+06, gap 0.8929%
