Changed value of parameter MIPGap to 0.01
   Prev: 0.0001  Min: 0.0  Max: 1e+100  Default: 0.0001
Changed value of parameter TimeLimit to 1800.0
   Prev: 1e+100  Min: 0.0  Max: 1e+100  Default: 1e+100
Changed value of parameter Method to 2
   Prev: -1  Min: -1  Max: 4  Default: -1
Changed value of parameter MIPFocus to 1
   Prev: 0  Min: 0  Max: 3  Default: 0
Optimize a model with 2130 rows, 3045 columns and 6090 nonzeros
Coefficient statistics:
  Matrix range    [1e+00, 2e+01]
  Objective range [1e+00, 1e+00]
  Bounds range    [1e+00, 1e+00]
  RHS range       [8e+01, 8e+01]
Found heuristic solution: objective 0
Presolve removed 2049 rows and 2182 columns
Presolve time: 0.01s
Presolved: 81 rows, 863 columns, 1624 nonzeros
Found heuristic solution: objective -732.0000000
Variable types: 0 continuous, 863 integer (785 binary)
Optimize a model with 81 rows, 863 columns and 1624 nonzeros
Coefficient statistics:
  Matrix range    [1e+00, 2e+01]
  Objective range [1e+00, 1e+00]
  Bounds range    [1e+00, 7e+00]
  RHS range       [1e+01, 8e+01]
Presolved: 81 rows, 863 columns, 1624 nonzeros

Root barrier log...

Ordering time: 0.00s

Barrier statistics:
 AA' NZ     : 7.490e+02
 Factor NZ  : 2.691e+03
 Factor Ops : 1.167e+05 (less than 1 second per iteration)
 Threads    : 1

                  Objective                Residual
Iter       Primal          Dual         Primal    Dual     Compl     Time
   0  -3.62904588e+03 -3.89369556e+03  2.02e+01 9.00e-02  7.00e+00     0s
   1  -1.04622786e+03 -2.43034131e+03  1.87e+00 1.02e+00  1.35e+00     0s
   2  -7.84928037e+02 -1.11576009e+03  0.00e+00 9.16e-02  1.87e-01     0s
   3  -8.42820283e+02 -8.98651955e+02  0.00e+00 3.55e-15  3.11e-02     0s
   4  -8.52337854e+02 -8.78081995e+02  0.00e+00 1.78e-15  1.43e-02     0s
   5  -8.59543567e+02 -8.76496382e+02  0.00e+00 1.78e-15  9.43e-03     0s
   6  -8.63464503e+02 -8.68668292e+02  0.00e+00 3.55e-15  2.90e-03     0s
   7  -8.65579139e+02 -8.66793774e+02  0.00e+00 3.55e-15  6.77e-04     0s
   8  -8.66421699e+02 -8.66442086e+02  0.00e+00 3.55e-15  1.13e-05     0s
   9  -8.66433331e+02 -8.66433335e+02  0.00e+00 3.55e-15  2.01e-09     0s

Barrier solved model in 9 iterations and 0.02 seconds
Optimal objective -8.66433331e+02


Root relaxation: objective -8.664333e+02, 171 iterations, 0.01 seconds

    Nodes    |    Current Node    |     Objective Bounds      |     Work
 Expl Unexpl |  Obj  Depth IntInf | Incumbent    BestBd   Gap | It/Node Time

     0     0 -866.43333    0   65 -732.00000 -866.43333  18.4%     -    0s
H    0     0                    -842.0000000 -866.43333  2.90%     -    0s
H    0     0                    -845.0000000 -866.43333  2.54%     -    0s
H    0     0                    -848.0000000 -866.43333  2.17%     -    0s
     0     0 -849.50000    0   11 -848.00000 -849.50000  0.18%     -    0s

Cutting planes:
  Cover: 1
  MIR: 63

Explored 0 nodes (430 simplex iterations) in 0.06 seconds
Thread count was 16 (of 16 available processors)

Optimal solution found (tolerance 1.00e-02)
Best objective -8.480000000000e+02, best bound -8.490000000000e+02, gap 0.1179%
Changed value of parameter MIPGap to 0.01
   Prev: 0.0001  Min: 0.0  Max: 1e+100  Default: 0.0001
Changed value of parameter TimeLimit to 1800.0
   Prev: 1e+100  Min: 0.0  Max: 1e+100  Default: 1e+100
Changed value of parameter Method to 2
   Prev: -1  Min: -1  Max: 4  Default: -1
Changed value of parameter MIPFocus to 1
   Prev: 0  Min: 0  Max: 3  Default: 0
Optimize a model with 2130 rows, 3045 columns and 6090 nonzeros
Coefficient statistics:
  Matrix range    [1e+00, 2e+01]
  Objective range [1e+00, 1e+00]
  Bounds range    [1e+00, 1e+00]
  RHS range       [8e+01, 8e+01]
Found heuristic solution: objective 0
Presolve removed 2049 rows and 2176 columns
Presolve time: 0.01s
Presolved: 81 rows, 869 columns, 1631 nonzeros
Found heuristic solution: objective -737.9090000
Variable types: 0 continuous, 869 integer (787 binary)
Optimize a model with 81 rows, 869 columns and 1631 nonzeros
Coefficient statistics:
  Matrix range    [1e+00, 2e+01]
  Objective range [1e+00, 1e+00]
  Bounds range    [1e+00, 7e+00]
  RHS range       [1e+01, 8e+01]
Presolved: 81 rows, 869 columns, 1631 nonzeros

Root barrier log...

Ordering time: 0.00s

Barrier statistics:
 AA' NZ     : 7.490e+02
 Factor NZ  : 2.507e+03
 Factor Ops : 9.952e+04 (less than 1 second per iteration)
 Threads    : 1

                  Objective                Residual
Iter       Primal          Dual         Primal    Dual     Compl     Time
   0  -3.64459488e+03 -3.91973614e+03  2.01e+01 2.03e-02  7.00e+00     0s
   1  -1.04745288e+03 -2.36137612e+03  1.86e+00 1.07e+00  1.30e+00     0s
   2  -7.86855035e+02 -1.11707250e+03  0.00e+00 1.04e-01  1.85e-01     0s
   3  -8.42514301e+02 -9.00975568e+02  0.00e+00 2.13e-14  3.24e-02     0s
   4  -8.58162065e+02 -8.79938142e+02  0.00e+00 7.11e-15  1.21e-02     0s
   5  -8.64231511e+02 -8.72995999e+02  0.00e+00 3.55e-15  4.85e-03     0s
   6  -8.66719177e+02 -8.69267402e+02  0.00e+00 3.55e-15  1.41e-03     0s
   7  -8.68309751e+02 -8.68423501e+02  0.00e+00 3.55e-15  6.27e-05     0s
   8  -8.68361614e+02 -8.68361736e+02  0.00e+00 3.55e-15  6.70e-08     0s
   9  -8.68361667e+02 -8.68361667e+02  0.00e+00 3.55e-15  6.85e-14     0s

Barrier solved model in 9 iterations and 0.02 seconds
Optimal objective -8.68361667e+02


Root relaxation: objective -8.683617e+02, 170 iterations, 0.01 seconds

    Nodes    |    Current Node    |     Objective Bounds      |     Work
 Expl Unexpl |  Obj  Depth IntInf | Incumbent    BestBd   Gap | It/Node Time

     0     0 -868.36167    0   68 -737.90900 -868.36167  17.7%     -    0s
H    0     0                    -846.7600000 -868.36167  2.55%     -    0s
H    0     0                    -848.7625000 -868.36167  2.31%     -    0s
H    0     0                    -849.7630000 -868.36167  2.19%     -    0s
     0     0 -851.31546    0   10 -849.76300 -851.31546  0.18%     -    0s

Cutting planes:
  Gomory: 3
  Cover: 1
  MIR: 60

Explored 0 nodes (354 simplex iterations) in 0.08 seconds
Thread count was 16 (of 16 available processors)

Optimal solution found (tolerance 1.00e-02)
Best objective -8.497630000000e+02, best bound -8.513154615385e+02, gap 0.1827%
Changed value of parameter MIPGap to 0.01
   Prev: 0.0001  Min: 0.0  Max: 1e+100  Default: 0.0001
Changed value of parameter TimeLimit to 1800.0
   Prev: 1e+100  Min: 0.0  Max: 1e+100  Default: 1e+100
Changed value of parameter Method to 2
   Prev: -1  Min: -1  Max: 4  Default: -1
Changed value of parameter MIPFocus to 1
   Prev: 0  Min: 0  Max: 3  Default: 0
Optimize a model with 2130 rows, 3045 columns and 6090 nonzeros
Coefficient statistics:
  Matrix range    [1e+00, 2e+01]
  Objective range [1e+00, 1e+00]
  Bounds range    [1e+00, 1e+00]
  RHS range       [8e+01, 8e+01]
Found heuristic solution: objective 0
Presolve removed 2049 rows and 2176 columns
Presolve time: 0.01s
Presolved: 81 rows, 869 columns, 1631 nonzeros
Found heuristic solution: objective -739.8180000
Variable types: 0 continuous, 869 integer (787 binary)
Optimize a model with 81 rows, 869 columns and 1631 nonzeros
Coefficient statistics:
  Matrix range    [1e+00, 2e+01]
  Objective range [1e+00, 1e+00]
  Bounds range    [1e+00, 7e+00]
  RHS range       [1e+01, 8e+01]
Presolved: 81 rows, 869 columns, 1631 nonzeros

Root barrier log...

Ordering time: 0.00s

Barrier statistics:
 AA' NZ     : 7.490e+02
 Factor NZ  : 2.507e+03
 Factor Ops : 9.952e+04 (less than 1 second per iteration)
 Threads    : 1

                  Objective                Residual
Iter       Primal          Dual         Primal    Dual     Compl     Time
   0  -3.64979004e+03 -3.92129873e+03  2.01e+01 1.81e-02  7.00e+00     0s
   1  -1.04942049e+03 -2.36276806e+03  1.86e+00 1.07e+00  1.30e+00     0s
   2  -7.88509432e+02 -1.11833007e+03  0.00e+00 1.04e-01  1.85e-01     0s
   3  -8.44344451e+02 -9.02971683e+02  0.00e+00 8.88e-15  3.25e-02     0s
   4  -8.60124061e+02 -8.81801858e+02  0.00e+00 3.55e-15  1.20e-02     0s
   5  -8.66275281e+02 -8.74844964e+02  0.00e+00 1.78e-15  4.74e-03     0s
   6  -8.68707510e+02 -8.70934365e+02  0.00e+00 3.55e-15  1.23e-03     0s
   7  -8.70248670e+02 -8.70329264e+02  0.00e+00 3.55e-15  4.44e-05     0s
   8  -8.70289958e+02 -8.70290041e+02  0.00e+00 3.55e-15  4.57e-08     0s
   9  -8.70290000e+02 -8.70290000e+02  0.00e+00 3.55e-15  4.62e-14     0s

Barrier solved model in 9 iterations and 0.02 seconds
Optimal objective -8.70290000e+02


Root relaxation: objective -8.702900e+02, 170 iterations, 0.01 seconds

    Nodes    |    Current Node    |     Objective Bounds      |     Work
 Expl Unexpl |  Obj  Depth IntInf | Incumbent    BestBd   Gap | It/Node Time

     0     0 -870.29000    0   66 -739.81800 -870.29000  17.6%     -    0s
H    0     0                    -848.5800000 -870.29000  2.56%     -    0s
H    0     0                    -849.5430000 -870.29000  2.44%     -    0s
H    0     0                    -851.5260000 -870.29000  2.20%     -    0s
     0     0 -853.13092    0   22 -851.52600 -853.13092  0.19%     -    0s

Cutting planes:
  Gomory: 3
  Cover: 1
  MIR: 60

Explored 0 nodes (451 simplex iterations) in 0.07 seconds
Thread count was 16 (of 16 available processors)

Optimal solution found (tolerance 1.00e-02)
Best objective -8.515260000000e+02, best bound -8.531309230769e+02, gap 0.1885%
Changed value of parameter MIPGap to 0.01
   Prev: 0.0001  Min: 0.0  Max: 1e+100  Default: 0.0001
Changed value of parameter TimeLimit to 1800.0
   Prev: 1e+100  Min: 0.0  Max: 1e+100  Default: 1e+100
Changed value of parameter Method to 2
   Prev: -1  Min: -1  Max: 4  Default: -1
Changed value of parameter MIPFocus to 1
   Prev: 0  Min: 0  Max: 3  Default: 0
Optimize a model with 2130 rows, 3045 columns and 6090 nonzeros
Coefficient statistics:
  Matrix range    [1e+00, 2e+01]
  Objective range [1e+00, 1e+00]
  Bounds range    [1e+00, 1e+00]
  RHS range       [8e+01, 8e+01]
Found heuristic solution: objective 0
Presolve removed 2049 rows and 2176 columns
Presolve time: 0.01s
Presolved: 81 rows, 869 columns, 1631 nonzeros
Found heuristic solution: objective -743.6360000
Variable types: 0 continuous, 869 integer (787 binary)
Optimize a model with 81 rows, 869 columns and 1631 nonzeros
Coefficient statistics:
  Matrix range    [1e+00, 2e+01]
  Objective range [1e+00, 1e+00]
  Bounds range    [1e+00, 7e+00]
  RHS range       [1e+01, 8e+01]
Presolved: 81 rows, 869 columns, 1631 nonzeros

Root barrier log...

Ordering time: 0.00s

Barrier statistics:
 AA' NZ     : 7.490e+02
 Factor NZ  : 2.507e+03
 Factor Ops : 9.952e+04 (less than 1 second per iteration)
 Threads    : 1

                  Objective                Residual
Iter       Primal          Dual         Primal    Dual     Compl     Time
   0  -3.66018025e+03 -3.92442390e+03  2.01e+01 1.35e-02  7.00e+00     0s
   1  -1.05335743e+03 -2.36555240e+03  1.86e+00 1.07e+00  1.29e+00     0s
   2  -7.91822289e+02 -1.12084279e+03  0.00e+00 1.03e-01  1.85e-01     0s
   3  -8.48010811e+02 -9.06947081e+02  0.00e+00 2.49e-14  3.27e-02     0s
   4  -8.64013691e+02 -8.85786944e+02  0.00e+00 7.11e-15  1.21e-02     0s
   5  -8.70353565e+02 -8.78635675e+02  0.00e+00 3.55e-15  4.58e-03     0s
   6  -8.72741117e+02 -8.74839967e+02  0.00e+00 3.55e-15  1.16e-03     0s
   7  -8.74117667e+02 -8.74184105e+02  0.00e+00 3.55e-15  3.66e-05     0s
   8  -8.74146637e+02 -8.74146704e+02  0.00e+00 3.55e-15  3.68e-08     0s
   9  -8.74146667e+02 -8.74146667e+02  0.00e+00 3.55e-15  3.69e-14     0s

Barrier solved model in 9 iterations and 0.02 seconds
Optimal objective -8.74146667e+02


Root relaxation: objective -8.741467e+02, 170 iterations, 0.01 seconds

    Nodes    |    Current Node    |     Objective Bounds      |     Work
 Expl Unexpl |  Obj  Depth IntInf | Incumbent    BestBd   Gap | It/Node Time

     0     0 -874.14667    0   63 -743.63600 -874.14667  17.6%     -    0s
H    0     0                    -853.1180000 -874.14667  2.46%     -    0s
H    0     0                    -856.0860000 -874.14667  2.11%     -    0s
     0     0 -856.76185    0   12 -856.08600 -856.76185  0.08%     -    0s

Cutting planes:
  Gomory: 3
  Cover: 1
  MIR: 60

Explored 0 nodes (372 simplex iterations) in 0.07 seconds
Thread count was 16 (of 16 available processors)

Optimal solution found (tolerance 1.00e-02)
Best objective -8.560860000000e+02, best bound -8.567618461538e+02, gap 0.0789%
Changed value of parameter MIPGap to 0.01
   Prev: 0.0001  Min: 0.0  Max: 1e+100  Default: 0.0001
Changed value of parameter TimeLimit to 1800.0
   Prev: 1e+100  Min: 0.0  Max: 1e+100  Default: 1e+100
Changed value of parameter Method to 2
   Prev: -1  Min: -1  Max: 4  Default: -1
Changed value of parameter MIPFocus to 1
   Prev: 0  Min: 0  Max: 3  Default: 0
Optimize a model with 2130 rows, 3045 columns and 6090 nonzeros
Coefficient statistics:
  Matrix range    [1e+00, 2e+01]
  Objective range [1e+00, 1e+00]
  Bounds range    [1e+00, 1e+00]
  RHS range       [8e+01, 8e+01]
Found heuristic solution: objective 0
Presolve removed 2049 rows and 2176 columns
Presolve time: 0.01s
Presolved: 81 rows, 869 columns, 1631 nonzeros
Found heuristic solution: objective -751.2720000
Variable types: 0 continuous, 869 integer (787 binary)
Optimize a model with 81 rows, 869 columns and 1631 nonzeros
Coefficient statistics:
  Matrix range    [1e+00, 2e+01]
  Objective range [1e+00, 1e+00]
  Bounds range    [1e+00, 7e+00]
  RHS range       [1e+01, 8e+01]
Presolved: 81 rows, 869 columns, 1631 nonzeros

Root barrier log...

Ordering time: 0.00s

Barrier statistics:
 AA' NZ     : 7.490e+02
 Factor NZ  : 2.507e+03
 Factor Ops : 9.952e+04 (less than 1 second per iteration)
 Threads    : 1

                  Objective                Residual
Iter       Primal          Dual         Primal    Dual     Compl     Time
   0  -3.68096028e+03 -3.93067423e+03  2.01e+01 4.50e-03  6.99e+00     0s
   1  -1.06123828e+03 -2.37112298e+03  1.86e+00 1.06e+00  1.29e+00     0s
   2  -7.98464246e+02 -1.12584840e+03  0.00e+00 1.01e-01  1.84e-01     0s
   3  -8.54182008e+02 -9.17348682e+02  0.00e+00 2.49e-04  3.50e-02     0s
   4  -8.71112329e+02 -8.95867434e+02  0.00e+00 1.78e-15  1.37e-02     0s
   5  -8.77199385e+02 -8.87712359e+02  0.00e+00 1.78e-15  5.82e-03     0s
   6  -8.80013183e+02 -8.82958191e+02  0.00e+00 3.55e-15  1.63e-03     0s
   7  -8.81808010e+02 -8.81960693e+02  0.00e+00 3.55e-15  8.40e-05     0s
   8  -8.81859947e+02 -8.81860100e+02  0.00e+00 3.55e-15  8.44e-08     0s
   9  -8.81860000e+02 -8.81860000e+02  0.00e+00 3.55e-15  8.45e-14     0s

Barrier solved model in 9 iterations and 0.02 seconds
Optimal objective -8.81860000e+02


Root relaxation: objective -8.818600e+02, 171 iterations, 0.01 seconds

    Nodes    |    Current Node    |     Objective Bounds      |     Work
 Expl Unexpl |  Obj  Depth IntInf | Incumbent    BestBd   Gap | It/Node Time

     0     0 -881.86000    0   64 -751.27200 -881.86000  17.4%     -    0s
H    0     0                    -857.2120000 -881.86000  2.88%     -    0s
H    0     0                    -861.0880000 -881.86000  2.41%     -    0s
H    0     0                    -862.1680000 -881.86000  2.28%     -    0s
     0     0 -864.02369    0   23 -862.16800 -864.02369  0.22%     -    0s

Cutting planes:
  Gomory: 2
  Cover: 1
  MIR: 61

Explored 0 nodes (392 simplex iterations) in 0.08 seconds
Thread count was 16 (of 16 available processors)

Optimal solution found (tolerance 1.00e-02)
Best objective -8.621680000000e+02, best bound -8.640236923077e+02, gap 0.2152%
Changed value of parameter MIPGap to 0.01
   Prev: 0.0001  Min: 0.0  Max: 1e+100  Default: 0.0001
Changed value of parameter TimeLimit to 1800.0
   Prev: 1e+100  Min: 0.0  Max: 1e+100  Default: 1e+100
Changed value of parameter Method to 2
   Prev: -1  Min: -1  Max: 4  Default: -1
Changed value of parameter MIPFocus to 1
   Prev: 0  Min: 0  Max: 3  Default: 0
Optimize a model with 2130 rows, 3045 columns and 6090 nonzeros
Coefficient statistics:
  Matrix range    [1e+00, 2e+01]
  Objective range [1e+00, 1e+00]
  Bounds range    [1e+00, 1e+00]
  RHS range       [8e+01, 8e+01]
Found heuristic solution: objective 0
Presolve removed 2049 rows and 2176 columns
Presolve time: 0.01s
Presolved: 81 rows, 869 columns, 1631 nonzeros
Found heuristic solution: objective -755.0900000
Variable types: 0 continuous, 869 integer (787 binary)
Optimize a model with 81 rows, 869 columns and 1631 nonzeros
Coefficient statistics:
  Matrix range    [1e+00, 2e+01]
  Objective range [1e+00, 1e+00]
  Bounds range    [1e+00, 7e+00]
  RHS range       [1e+01, 8e+01]
Presolved: 81 rows, 869 columns, 1631 nonzeros

Root barrier log...

Ordering time: 0.00s

Barrier statistics:
 AA' NZ     : 7.490e+02
 Factor NZ  : 2.507e+03
 Factor Ops : 9.952e+04 (less than 1 second per iteration)
 Threads    : 1

                  Objective                Residual
Iter       Primal          Dual         Primal    Dual     Compl     Time
   0  -3.69135009e+03 -3.93379940e+03  2.01e+01 1.33e-15  6.99e+00     0s
   1  -1.06518237e+03 -2.37390932e+03  1.86e+00 1.06e+00  1.29e+00     0s
   2  -8.01793347e+02 -1.12832634e+03  0.00e+00 1.00e-01  1.83e-01     0s
   3  -8.58753244e+02 -9.16795853e+02  0.00e+00 5.33e-15  3.22e-02     0s
   4  -8.74339134e+02 -8.95077907e+02  0.00e+00 3.55e-15  1.15e-02     0s
   5  -8.81272477e+02 -8.89249121e+02  0.00e+00 1.78e-15  4.42e-03     0s
   6  -8.84103162e+02 -8.86509499e+02  0.00e+00 1.78e-15  1.33e-03     0s
   7  -8.85662971e+02 -8.85768406e+02  0.00e+00 3.55e-15  5.81e-05     0s
   8  -8.85716612e+02 -8.85716725e+02  0.00e+00 3.55e-15  6.16e-08     0s
   9  -8.85716667e+02 -8.85716667e+02  0.00e+00 3.55e-15  6.32e-14     0s

Barrier solved model in 9 iterations and 0.02 seconds
Optimal objective -8.85716667e+02


Root relaxation: objective -8.857167e+02, 171 iterations, 0.01 seconds

    Nodes    |    Current Node    |     Objective Bounds      |     Work
 Expl Unexpl |  Obj  Depth IntInf | Incumbent    BestBd   Gap | It/Node Time

     0     0 -885.71667    0   63 -755.09000 -885.71667  17.3%     -    0s
H    0     0                    -863.7150000 -885.71667  2.55%     -    0s
H    0     0                    -864.6250000 -885.71667  2.44%     -    0s
H    0     0                    -865.7250000 -885.71667  2.31%     -    0s
     0     0 -867.65462    0   21 -865.72500 -867.65462  0.22%     -    0s

Cutting planes:
  Gomory: 2
  Cover: 1
  MIR: 60

Explored 0 nodes (375 simplex iterations) in 0.08 seconds
Thread count was 16 (of 16 available processors)

Optimal solution found (tolerance 1.00e-02)
Best objective -8.657250000000e+02, best bound -8.676500000000e+02, gap 0.2224%
Changed value of parameter MIPGap to 0.01
   Prev: 0.0001  Min: 0.0  Max: 1e+100  Default: 0.0001
Changed value of parameter TimeLimit to 1800.0
   Prev: 1e+100  Min: 0.0  Max: 1e+100  Default: 1e+100
Changed value of parameter Method to 2
   Prev: -1  Min: -1  Max: 4  Default: -1
Changed value of parameter MIPFocus to 1
   Prev: 0  Min: 0  Max: 3  Default: 0
Optimize a model with 2130 rows, 3045 columns and 6090 nonzeros
Coefficient statistics:
  Matrix range    [1e+00, 2e+01]
  Objective range [1e+00, 1e+00]
  Bounds range    [1e+00, 1e+00]
  RHS range       [8e+01, 8e+01]
Found heuristic solution: objective 0
Presolve removed 2049 rows and 2176 columns
Presolve time: 0.01s
Presolved: 81 rows, 869 columns, 1631 nonzeros
Found heuristic solution: objective -774.1800000
Variable types: 0 continuous, 869 integer (787 binary)
Optimize a model with 81 rows, 869 columns and 1631 nonzeros
Coefficient statistics:
  Matrix range    [1e+00, 2e+01]
  Objective range [1e+00, 1e+00]
  Bounds range    [1e+00, 7e+00]
  RHS range       [1e+01, 8e+01]
Presolved: 81 rows, 869 columns, 1631 nonzeros

Root barrier log...

Ordering time: 0.00s

Barrier statistics:
 AA' NZ     : 7.490e+02
 Factor NZ  : 2.507e+03
 Factor Ops : 9.952e+04 (less than 1 second per iteration)
 Threads    : 1

                  Objective                Residual
Iter       Primal          Dual         Primal    Dual     Compl     Time
   0  -3.74329714e+03 -3.94942525e+03  2.01e+01 1.78e-15  6.98e+00     0s
   1  -1.08493695e+03 -2.38785022e+03  1.87e+00 1.04e+00  1.29e+00     0s
   2  -8.18515525e+02 -1.13963420e+03  0.00e+00 9.46e-02  1.80e-01     0s
   3  -8.78275540e+02 -9.39997752e+02  0.00e+00 1.60e-14  3.42e-02     0s
   4  -8.93072842e+02 -9.15183005e+02  0.00e+00 3.55e-15  1.22e-02     0s
   5  -9.00965074e+02 -9.08338599e+02  0.00e+00 1.78e-15  4.08e-03     0s
   6  -9.03538703e+02 -9.05582213e+02  0.00e+00 1.78e-15  1.13e-03     0s
   7  -9.04950000e+02 -9.05039314e+02  0.00e+00 3.55e-15  4.92e-05     0s
   8  -9.04999949e+02 -9.05000052e+02  0.00e+00 3.55e-15  5.65e-08     0s
   9  -9.05000000e+02 -9.05000000e+02  0.00e+00 1.78e-15  6.37e-14     0s

Barrier solved model in 9 iterations and 0.02 seconds
Optimal objective -9.05000000e+02


Root relaxation: objective -9.050000e+02, 170 iterations, 0.01 seconds

    Nodes    |    Current Node    |     Objective Bounds      |     Work
 Expl Unexpl |  Obj  Depth IntInf | Incumbent    BestBd   Gap | It/Node Time

     0     0 -905.00000    0   62 -774.18000 -905.00000  16.9%     -    0s
H    0     0                    -881.4000000 -905.00000  2.68%     -    0s
H    0     0                    -882.6300000 -905.00000  2.53%     -    0s
H    0     0                    -883.4500000 -905.00000  2.44%     -    0s
     0     0 -885.80923    0   20 -883.45000 -885.80923  0.27%     -    0s

Cutting planes:
  Gomory: 2
  Cover: 1
  MIR: 61

Explored 0 nodes (431 simplex iterations) in 0.07 seconds
Thread count was 16 (of 16 available processors)

Optimal solution found (tolerance 1.00e-02)
Best objective -8.834500000000e+02, best bound -8.858000000000e+02, gap 0.2660%
Changed value of parameter MIPGap to 0.01
   Prev: 0.0001  Min: 0.0  Max: 1e+100  Default: 0.0001
Changed value of parameter TimeLimit to 1800.0
   Prev: 1e+100  Min: 0.0  Max: 1e+100  Default: 1e+100
Changed value of parameter Method to 2
   Prev: -1  Min: -1  Max: 4  Default: -1
Changed value of parameter MIPFocus to 1
   Prev: 0  Min: 0  Max: 3  Default: 0
Optimize a model with 2130 rows, 3045 columns and 6090 nonzeros
Coefficient statistics:
  Matrix range    [1e+00, 2e+01]
  Objective range [1e+00, 1e+00]
  Bounds range    [1e+00, 1e+00]
  RHS range       [8e+01, 8e+01]
Found heuristic solution: objective 0
Presolve removed 2049 rows and 2176 columns
Presolve time: 0.01s
Presolved: 81 rows, 869 columns, 1631 nonzeros
Found heuristic solution: objective -812.3600000
Variable types: 0 continuous, 869 integer (787 binary)
Optimize a model with 81 rows, 869 columns and 1631 nonzeros
Coefficient statistics:
  Matrix range    [1e+00, 2e+01]
  Objective range [1e+00, 1e+00]
  Bounds range    [1e+00, 7e+00]
  RHS range       [1e+01, 8e+01]
Presolved: 81 rows, 869 columns, 1631 nonzeros

Root barrier log...

Ordering time: 0.00s

Barrier statistics:
 AA' NZ     : 7.490e+02
 Factor NZ  : 2.507e+03
 Factor Ops : 9.952e+04 (less than 1 second per iteration)
 Threads    : 1

                  Objective                Residual
Iter       Primal          Dual         Primal    Dual     Compl     Time
   0  -3.84718121e+03 -3.98067693e+03  2.01e+01 1.33e-15  6.97e+00     0s
   1  -1.12461721e+03 -2.41577730e+03  1.87e+00 1.01e+00  1.29e+00     0s
   2  -8.52355746e+02 -1.16112758e+03  0.00e+00 8.20e-02  1.73e-01     0s
   3  -9.15502627e+02 -9.78723893e+02  0.00e+00 1.95e-14  3.50e-02     0s
   4  -9.29495384e+02 -9.63980015e+02  0.00e+00 1.07e-14  1.91e-02     0s
   5  -9.38756423e+02 -9.50730029e+02  0.00e+00 3.55e-15  6.62e-03     0s
   6  -9.41688445e+02 -9.44667273e+02  0.00e+00 3.55e-15  1.65e-03     0s
   7  -9.43459577e+02 -9.43771360e+02  0.00e+00 1.78e-15  1.72e-04     0s
   8  -9.43566511e+02 -9.43567075e+02  0.00e+00 1.78e-15  3.10e-07     0s
   9  -9.43566667e+02 -9.43566667e+02  0.00e+00 3.55e-15  4.27e-13     0s

Barrier solved model in 9 iterations and 0.02 seconds
Optimal objective -9.43566667e+02


Root relaxation: objective -9.435667e+02, 170 iterations, 0.01 seconds

    Nodes    |    Current Node    |     Objective Bounds      |     Work
 Expl Unexpl |  Obj  Depth IntInf | Incumbent    BestBd   Gap | It/Node Time

     0     0 -943.56667    0   62 -812.36000 -943.56667  16.2%     -    0s
H    0     0                    -915.4600000 -943.56667  3.07%     -    0s
H    0     0                    -917.8800000 -943.56667  2.80%     -    0s
     0     0 -922.59051    0   35 -917.88000 -922.59051  0.51%     -    0s

Cutting planes:
  Gomory: 2
  Cover: 1
  MIR: 61

Explored 0 nodes (436 simplex iterations) in 0.08 seconds
Thread count was 16 (of 16 available processors)

Optimal solution found (tolerance 1.00e-02)
Best objective -9.178800000000e+02, best bound -9.225800000000e+02, gap 0.5120%
Changed value of parameter MIPGap to 0.01
   Prev: 0.0001  Min: 0.0  Max: 1e+100  Default: 0.0001
Changed value of parameter TimeLimit to 1800.0
   Prev: 1e+100  Min: 0.0  Max: 1e+100  Default: 1e+100
Changed value of parameter Method to 2
   Prev: -1  Min: -1  Max: 4  Default: -1
Changed value of parameter MIPFocus to 1
   Prev: 0  Min: 0  Max: 3  Default: 0
Optimize a model with 2130 rows, 3045 columns and 6090 nonzeros
Coefficient statistics:
  Matrix range    [1e+00, 2e+01]
  Objective range [1e+00, 2e+00]
  Bounds range    [1e+00, 1e+00]
  RHS range       [8e+01, 8e+01]
Found heuristic solution: objective 0
Presolve removed 2049 rows and 2176 columns
Presolve time: 0.01s
Presolved: 81 rows, 869 columns, 1631 nonzeros
Found heuristic solution: objective -888.7200000
Variable types: 0 continuous, 869 integer (787 binary)
Optimize a model with 81 rows, 869 columns and 1631 nonzeros
Coefficient statistics:
  Matrix range    [1e+00, 2e+01]
  Objective range [1e+00, 2e+00]
  Bounds range    [1e+00, 7e+00]
  RHS range       [1e+01, 8e+01]
Presolved: 81 rows, 869 columns, 1631 nonzeros

Root barrier log...

Ordering time: 0.00s

Barrier statistics:
 AA' NZ     : 7.490e+02
 Factor NZ  : 2.507e+03
 Factor Ops : 9.952e+04 (less than 1 second per iteration)
 Threads    : 1

                  Objective                Residual
Iter       Primal          Dual         Primal    Dual     Compl     Time
   0  -4.05490893e+03 -4.04318030e+03  2.01e+01 8.88e-16  6.94e+00     0s
   1  -1.20465799e+03 -2.47181612e+03  1.89e+00 9.45e-01  1.28e+00     0s
   2  -9.21817199e+02 -1.19652772e+03  0.00e+00 5.46e-02  1.54e-01     0s
   3  -9.88559397e+02 -1.05394943e+03  1.71e-04 1.60e-14  3.64e-02     0s
   4  -1.00379469e+03 -1.03066061e+03  0.00e+00 3.55e-15  1.50e-02     0s
   5  -1.01479819e+03 -1.02450335e+03  0.00e+00 1.78e-15  5.41e-03     0s
   6  -1.01871326e+03 -1.02154053e+03  0.00e+00 1.78e-15  1.58e-03     0s
   7  -1.02056649e+03 -1.02083630e+03  0.00e+00 3.55e-15  1.50e-04     0s
   8  -1.02069961e+03 -1.02070305e+03  0.00e+00 1.78e-15  1.89e-06     0s
   9  -1.02070000e+03 -1.02070000e+03  0.00e+00 3.55e-15  2.86e-10     0s

Barrier solved model in 9 iterations and 0.02 seconds
Optimal objective -1.02070000e+03


Root relaxation: objective -1.020700e+03, 172 iterations, 0.01 seconds

    Nodes    |    Current Node    |     Objective Bounds      |     Work
 Expl Unexpl |  Obj  Depth IntInf | Incumbent    BestBd   Gap | It/Node Time

     0     0 -1020.7000    0   62 -888.72000 -1020.7000  14.9%     -    0s
H    0     0                    -987.7200000 -1020.7000  3.34%     -    0s
H    0     0                    -989.0400000 -1020.7000  3.20%     -    0s
H    0     0                    -989.6800000 -1020.7000  3.13%     -    0s
     0     0 -996.53269    0   39 -989.68000 -996.53269  0.69%     -    0s

Cutting planes:
  Gomory: 4
  Cover: 1
  MIR: 59

Explored 0 nodes (426 simplex iterations) in 0.07 seconds
Thread count was 16 (of 16 available processors)

Optimal solution found (tolerance 1.00e-02)
Best objective -9.896800000000e+02, best bound -9.965200000000e+02, gap 0.6911%
Changed value of parameter MIPGap to 0.01
   Prev: 0.0001  Min: 0.0  Max: 1e+100  Default: 0.0001
Changed value of parameter TimeLimit to 1800.0
   Prev: 1e+100  Min: 0.0  Max: 1e+100  Default: 1e+100
Changed value of parameter Method to 2
   Prev: -1  Min: -1  Max: 4  Default: -1
Changed value of parameter MIPFocus to 1
   Prev: 0  Min: 0  Max: 3  Default: 0
Optimize a model with 2130 rows, 3045 columns and 6090 nonzeros
Coefficient statistics:
  Matrix range    [1e+00, 2e+01]
  Objective range [1e+00, 2e+00]
  Bounds range    [1e+00, 1e+00]
  RHS range       [8e+01, 8e+01]
Found heuristic solution: objective 0
Presolve removed 2049 rows and 2176 columns
Presolve time: 0.01s
Presolved: 81 rows, 869 columns, 1631 nonzeros
Found heuristic solution: objective -926.9000000
Variable types: 0 continuous, 869 integer (787 binary)
Optimize a model with 81 rows, 869 columns and 1631 nonzeros
Coefficient statistics:
  Matrix range    [1e+00, 2e+01]
  Objective range [1e+00, 2e+00]
  Bounds range    [1e+00, 7e+00]
  RHS range       [1e+01, 8e+01]
Presolved: 81 rows, 869 columns, 1631 nonzeros

Root barrier log...

Ordering time: 0.00s

Barrier statistics:
 AA' NZ     : 7.490e+02
 Factor NZ  : 2.507e+03
 Factor Ops : 9.952e+04 (less than 1 second per iteration)
 Threads    : 1

                  Objective                Residual
Iter       Primal          Dual         Primal    Dual     Compl     Time
   0  -4.15875244e+03 -4.07443199e+03  2.01e+01 1.78e-15  6.93e+00     0s
   1  -1.24501632e+03 -2.49993006e+03  1.89e+00 9.14e-01  1.27e+00     0s
   2  -9.57426944e+02 -1.22378617e+03  0.00e+00 4.93e-02  1.50e-01     0s
   3  -1.02422678e+03 -1.09042668e+03  9.81e-04 8.88e-15  3.70e-02     0s
   4  -1.04853311e+03 -1.07107744e+03  0.00e+00 1.78e-15  1.25e-02     0s
   5  -1.05520114e+03 -1.06367375e+03  0.00e+00 1.78e-15  4.72e-03     0s
   6  -1.05671459e+03 -1.06068492e+03  0.00e+00 1.78e-15  2.22e-03     0s
   7  -1.05771200e+03 -1.06046345e+03  0.00e+00 1.78e-15  1.54e-03     0s
   8  -1.05848965e+03 -1.06024570e+03  0.00e+00 1.78e-15  9.78e-04     0s
   9  -1.05858201e+03 -1.06009939e+03  0.00e+00 1.78e-15  8.45e-04     0s
  10  -1.05936298e+03 -1.05989742e+03  0.00e+00 1.78e-15  2.95e-04     0s
  11  -1.05939610e+03 -1.05955907e+03  0.00e+00 1.78e-15  9.01e-05     0s
  12  -1.05944041e+03 -1.05945138e+03  0.00e+00 3.55e-15  6.03e-06     0s
  13  -1.05944333e+03 -1.05944339e+03  0.00e+00 3.55e-15  3.30e-08     0s
  14  -1.05944333e+03 -1.05944333e+03  0.00e+00 3.55e-15  3.30e-11     0s

Barrier solved model in 14 iterations and 0.02 seconds
Optimal objective -1.05944333e+03


Root relaxation: objective -1.059443e+03, 162 iterations, 0.01 seconds

    Nodes    |    Current Node    |     Objective Bounds      |     Work
 Expl Unexpl |  Obj  Depth IntInf | Incumbent    BestBd   Gap | It/Node Time

     0     0 -1059.4433    0   67 -926.90000 -1059.4433  14.3%     -    0s
H    0     0                    -1022.850000 -1059.4433  3.58%     -    0s
H    0     0                    -1026.050000 -1059.4433  3.25%     -    0s
     0     0 -1033.5773    0   42 -1026.0500 -1033.5773  0.73%     -    0s

Cutting planes:
  Gomory: 4
  Cover: 1
  MIR: 58

Explored 0 nodes (397 simplex iterations) in 0.09 seconds
Thread count was 16 (of 16 available processors)

Optimal solution found (tolerance 1.00e-02)
Best objective -1.026050000000e+03, best bound -1.033550000000e+03, gap 0.7310%
Changed value of parameter MIPGap to 0.01
   Prev: 0.0001  Min: 0.0  Max: 1e+100  Default: 0.0001
Changed value of parameter TimeLimit to 1800.0
   Prev: 1e+100  Min: 0.0  Max: 1e+100  Default: 1e+100
Changed value of parameter Method to 2
   Prev: -1  Min: -1  Max: 4  Default: -1
Changed value of parameter MIPFocus to 1
   Prev: 0  Min: 0  Max: 3  Default: 0
Optimize a model with 2130 rows, 3045 columns and 6090 nonzeros
Coefficient statistics:
  Matrix range    [1e+00, 2e+01]
  Objective range [1e+00, 3e+00]
  Bounds range    [1e+00, 1e+00]
  RHS range       [8e+01, 8e+01]
Found heuristic solution: objective 0
Presolve removed 2049 rows and 2176 columns
Presolve time: 0.01s
Presolved: 81 rows, 869 columns, 1631 nonzeros
Found heuristic solution: objective -1118.600000
Variable types: 0 continuous, 869 integer (787 binary)
Optimize a model with 81 rows, 869 columns and 1631 nonzeros
Coefficient statistics:
  Matrix range    [1e+00, 2e+01]
  Objective range [1e+00, 3e+00]
  Bounds range    [1e+00, 7e+00]
  RHS range       [1e+01, 8e+01]
Presolved: 81 rows, 869 columns, 1631 nonzeros

Root barrier log...

Ordering time: 0.00s

Barrier statistics:
 AA' NZ     : 7.490e+02
 Factor NZ  : 2.507e+03
 Factor Ops : 9.952e+04 (less than 1 second per iteration)
 Threads    : 1

                  Objective                Residual
Iter       Primal          Dual         Primal    Dual     Compl     Time
   0  -4.67776381e+03 -4.23069042e+03  2.01e+01 8.88e-16  6.85e+00     0s
   1  -1.45015027e+03 -2.64148857e+03  1.92e+00 7.58e-01  1.25e+00     0s
   2  -1.13718984e+03 -1.42746049e+03  0.00e+00 5.25e-02  1.61e-01     0s
   3  -1.21131603e+03 -1.29313759e+03  0.00e+00 5.33e-15  4.51e-02     0s
   4  -1.23629275e+03 -1.26486071e+03  0.00e+00 3.55e-15  1.57e-02     0s
   5  -1.24717466e+03 -1.25643748e+03  0.00e+00 3.55e-15  5.10e-03     0s
   6  -1.24904426e+03 -1.25591517e+03  0.00e+00 3.55e-15  3.78e-03     0s
   7  -1.25055472e+03 -1.25513300e+03  0.00e+00 1.78e-15  2.52e-03     0s
   8  -1.25241010e+03 -1.25482964e+03  0.00e+00 1.78e-15  1.33e-03     0s
   9  -1.25281520e+03 -1.25432394e+03  0.00e+00 1.78e-15  8.30e-04     0s
  10  -1.25310088e+03 -1.25366018e+03  0.00e+00 1.78e-15  3.08e-04     0s
  11  -1.25352035e+03 -1.25354415e+03  0.00e+00 3.55e-15  1.31e-05     0s
  12  -1.25353499e+03 -1.25353501e+03  0.00e+00 3.55e-15  1.31e-08     0s
  13  -1.25353500e+03 -1.25353500e+03  0.00e+00 3.55e-15  1.31e-11     0s

Barrier solved model in 13 iterations and 0.02 seconds
Optimal objective -1.25353500e+03


Root relaxation: objective -1.253535e+03, 161 iterations, 0.01 seconds

    Nodes    |    Current Node    |     Objective Bounds      |     Work
 Expl Unexpl |  Obj  Depth IntInf | Incumbent    BestBd   Gap | It/Node Time

     0     0 -1253.5350    0   66 -1118.6000 -1253.5350  12.1%     -    0s
H    0     0                    -1202.100000 -1253.5350  4.28%     -    0s
H    0     0                    -1203.200000 -1253.5350  4.18%     -    0s
     0     0 -1223.2739    0   59 -1203.2000 -1223.2739  1.67%     -    0s
H    0     0                    -1217.200000 -1223.2739  0.50%     -    0s

Cutting planes:
  Gomory: 2
  Cover: 2
  MIR: 62

Explored 0 nodes (472 simplex iterations) in 0.08 seconds
Thread count was 16 (of 16 available processors)

Optimal solution found (tolerance 1.00e-02)
Best objective -1.217200000000e+03, best bound -1.223200000000e+03, gap 0.4929%
Changed value of parameter MIPGap to 0.01
   Prev: 0.0001  Min: 0.0  Max: 1e+100  Default: 0.0001
Changed value of parameter TimeLimit to 1800.0
   Prev: 1e+100  Min: 0.0  Max: 1e+100  Default: 1e+100
Changed value of parameter Method to 2
   Prev: -1  Min: -1  Max: 4  Default: -1
Changed value of parameter MIPFocus to 1
   Prev: 0  Min: 0  Max: 3  Default: 0
Optimize a model with 2130 rows, 3045 columns and 6090 nonzeros
Coefficient statistics:
  Matrix range    [1e+00, 2e+01]
  Objective range [1e+00, 5e+00]
  Bounds range    [1e+00, 1e+00]
  RHS range       [8e+01, 8e+01]
Found heuristic solution: objective 0
Presolve removed 2049 rows and 2176 columns
Presolve time: 0.01s
Presolved: 81 rows, 869 columns, 1631 nonzeros
Found heuristic solution: objective -1503.400000
Variable types: 0 continuous, 869 integer (787 binary)
Optimize a model with 81 rows, 869 columns and 1631 nonzeros
Coefficient statistics:
  Matrix range    [1e+00, 2e+01]
  Objective range [1e+00, 5e+00]
  Bounds range    [1e+00, 7e+00]
  RHS range       [1e+01, 8e+01]
Presolved: 81 rows, 869 columns, 1631 nonzeros

Root barrier log...

Ordering time: 0.00s

Barrier statistics:
 AA' NZ     : 7.490e+02
 Factor NZ  : 2.507e+03
 Factor Ops : 9.952e+04 (less than 1 second per iteration)
 Threads    : 1

                  Objective                Residual
Iter       Primal          Dual         Primal    Dual     Compl     Time
   0  -5.71472726e+03 -4.54320728e+03  2.01e+01 1.78e-15  6.70e+00     0s
   1  -1.87598707e+03 -2.93005161e+03  1.95e+00 5.35e-01  1.19e+00     0s
   2  -1.52578565e+03 -1.83137747e+03  0.00e+00 4.23e-02  1.68e-01     0s
   3  -1.59160622e+03 -1.68531671e+03  0.00e+00 8.88e-15  5.15e-02     0s
   4  -1.62995033e+03 -1.66142522e+03  0.00e+00 3.55e-15  1.73e-02     0s
   5  -1.63626297e+03 -1.65354534e+03  0.00e+00 1.78e-15  9.50e-03     0s
   6  -1.63983799e+03 -1.64994047e+03  0.00e+00 1.78e-15  5.55e-03     0s
   7  -1.64221929e+03 -1.64658624e+03  0.00e+00 2.66e-15  2.40e-03     0s
   8  -1.64354162e+03 -1.64383824e+03  0.00e+00 3.55e-15  1.63e-04     0s
   9  -1.64367029e+03 -1.64368966e+03  0.00e+00 1.78e-15  1.06e-05     0s
  10  -1.64367165e+03 -1.64367169e+03  0.00e+00 1.78e-15  2.44e-08     0s
  11  -1.64367167e+03 -1.64367167e+03  0.00e+00 3.55e-15  2.45e-14     0s

Barrier solved model in 11 iterations and 0.02 seconds
Optimal objective -1.64367167e+03


Root relaxation: objective -1.643672e+03, 136 iterations, 0.01 seconds

    Nodes    |    Current Node    |     Objective Bounds      |     Work
 Expl Unexpl |  Obj  Depth IntInf | Incumbent    BestBd   Gap | It/Node Time

     0     0 -1643.6717    0   68 -1503.4000 -1643.6717  9.33%     -    0s
H    0     0                    -1574.200000 -1643.6717  4.41%     -    0s
H    0     0                    -1581.000000 -1643.6717  3.96%     -    0s
     0     0 -1608.7725    0   72 -1581.0000 -1608.7725  1.76%     -    0s
H    0     0                    -1587.600000 -1608.7725  1.33%     -    0s
H    0     0                    -1593.600000 -1608.7725  0.95%     -    0s

Cutting planes:
  Gomory: 2
  Cover: 2
  MIR: 61
  Zero half: 1

Explored 0 nodes (439 simplex iterations) in 0.10 seconds
Thread count was 16 (of 16 available processors)

Optimal solution found (tolerance 1.00e-02)
Best objective -1.593600000000e+03, best bound -1.608600000000e+03, gap 0.9413%
Changed value of parameter MIPGap to 0.01
   Prev: 0.0001  Min: 0.0  Max: 1e+100  Default: 0.0001
Changed value of parameter TimeLimit to 1800.0
   Prev: 1e+100  Min: 0.0  Max: 1e+100  Default: 1e+100
Changed value of parameter Method to 2
   Prev: -1  Min: -1  Max: 4  Default: -1
Changed value of parameter MIPFocus to 1
   Prev: 0  Min: 0  Max: 3  Default: 0
Optimize a model with 2130 rows, 3045 columns and 6090 nonzeros
Coefficient statistics:
  Matrix range    [1e+00, 2e+01]
  Objective range [1e+00, 9e+00]
  Bounds range    [1e+00, 1e+00]
  RHS range       [8e+01, 8e+01]
Found heuristic solution: objective 0
Presolve removed 2049 rows and 2176 columns
Presolve time: 0.01s
Presolved: 81 rows, 869 columns, 1631 nonzeros
Found heuristic solution: objective -2273.800000
Variable types: 0 continuous, 869 integer (787 binary)
Optimize a model with 81 rows, 869 columns and 1631 nonzeros
Coefficient statistics:
  Matrix range    [1e+00, 2e+01]
  Objective range [1e+00, 9e+00]
  Bounds range    [1e+00, 7e+00]
  RHS range       [1e+01, 8e+01]
Presolved: 81 rows, 869 columns, 1631 nonzeros

Root barrier log...

Ordering time: 0.00s

Barrier statistics:
 AA' NZ     : 7.490e+02
 Factor NZ  : 2.507e+03
 Factor Ops : 9.952e+04 (less than 1 second per iteration)
 Threads    : 1

                  Objective                Residual
Iter       Primal          Dual         Primal    Dual     Compl     Time
   0  -7.78808445e+03 -5.46925510e+03  2.01e+01 1.78e-15  7.06e+00     0s
   1  -2.73795201e+03 -3.79846862e+03  1.85e+00 2.85e-01  1.24e+00     0s
   2  -2.37008331e+03 -2.64247198e+03  7.88e-02 1.37e-02  1.71e-01     0s
   3  -2.39148546e+03 -2.47683175e+03  3.25e-02 7.11e-15  5.49e-02     0s
   4  -2.41404347e+03 -2.44470607e+03  1.01e-02 3.55e-15  1.93e-02     0s
   5  -2.42411047e+03 -2.43766698e+03  3.94e-03 3.55e-15  8.42e-03     0s
   6  -2.42770129e+03 -2.43333519e+03  1.61e-03 3.55e-15  3.49e-03     0s
   7  -2.42923122e+03 -2.43130214e+03  6.82e-04 3.55e-15  1.31e-03     0s
   8  -2.43027857e+03 -2.43041423e+03  1.85e-05 3.55e-15  8.06e-05     0s
   9  -2.43034276e+03 -2.43034301e+03  0.00e+00 3.55e-15  1.33e-07     0s
  10  -2.43034286e+03 -2.43034286e+03  0.00e+00 3.55e-15  1.33e-10     0s

Barrier solved model in 10 iterations and 0.02 seconds
Optimal objective -2.43034286e+03


Root relaxation: objective -2.430343e+03, 209 iterations, 0.01 seconds

    Nodes    |    Current Node    |     Objective Bounds      |     Work
 Expl Unexpl |  Obj  Depth IntInf | Incumbent    BestBd   Gap | It/Node Time

     0     0 -2430.3429    0   58 -2273.8000 -2430.3429  6.88%     -    0s
H    0     0                    -2337.000000 -2430.3429  3.99%     -    0s
H    0     0                    -2344.000000 -2430.3429  3.68%     -    0s
     0     0 -2413.3046    0   83 -2344.0000 -2413.3046  2.96%     -    0s
H    0     0                    -2369.200000 -2413.3046  1.86%     -    0s
H    0     0                    -2387.000000 -2413.3046  1.10%     -    0s
     0     0 -2413.3046    0   87 -2387.0000 -2413.3046  1.10%     -    0s
     0     0 -2412.3713    0   95 -2387.0000 -2412.3713  1.06%     -    0s
H    0     0                    -2391.200000 -2412.3713  0.89%     -    0s

Cutting planes:
  Gomory: 5
  Cover: 6
  MIR: 66

Explored 0 nodes (630 simplex iterations) in 0.12 seconds
Thread count was 16 (of 16 available processors)

Optimal solution found (tolerance 1.00e-02)
Best objective -2.391200000000e+03, best bound -2.412200000000e+03, gap 0.8782%
Changed value of parameter MIPGap to 0.01
   Prev: 0.0001  Min: 0.0  Max: 1e+100  Default: 0.0001
Changed value of parameter TimeLimit to 1800.0
   Prev: 1e+100  Min: 0.0  Max: 1e+100  Default: 1e+100
Changed value of parameter Method to 2
   Prev: -1  Min: -1  Max: 4  Default: -1
Changed value of parameter MIPFocus to 1
   Prev: 0  Min: 0  Max: 3  Default: 0
Optimize a model with 2130 rows, 3045 columns and 6090 nonzeros
Coefficient statistics:
  Matrix range    [1e+00, 2e+01]
  Objective range [2e+00, 1e+01]
  Bounds range    [1e+00, 1e+00]
  RHS range       [8e+01, 8e+01]
Found heuristic solution: objective 0
Presolve removed 2049 rows and 2176 columns
Presolve time: 0.01s
Presolved: 81 rows, 869 columns, 1631 nonzeros
Found heuristic solution: objective -2659.500000
Variable types: 0 continuous, 869 integer (787 binary)
Optimize a model with 81 rows, 869 columns and 1631 nonzeros
Coefficient statistics:
  Matrix range    [1e+00, 2e+01]
  Objective range [2e+00, 1e+01]
  Bounds range    [1e+00, 7e+00]
  RHS range       [1e+01, 8e+01]
Presolved: 81 rows, 869 columns, 1631 nonzeros

Root barrier log...

Ordering time: 0.00s

Barrier statistics:
 AA' NZ     : 7.490e+02
 Factor NZ  : 2.507e+03
 Factor Ops : 9.952e+04 (less than 1 second per iteration)
 Threads    : 1

                  Objective                Residual
Iter       Primal          Dual         Primal    Dual     Compl     Time
   0  -8.83190156e+03 -6.62709031e+03  2.01e+01 1.78e-15  8.74e+00     0s
   1  -3.09386437e+03 -4.57781027e+03  1.60e+00 3.72e-01  1.50e+00     0s
   2  -2.78147167e+03 -3.14263880e+03  8.20e-02 3.06e-02  2.24e-01     0s
   3  -2.80610323e+03 -2.87739267e+03  2.56e-02 7.11e-15  4.60e-02     0s
   4  -2.82102069e+03 -2.85055894e+03  2.29e-03 3.55e-15  1.70e-02     0s
   5  -2.82338797e+03 -2.83562451e+03  1.21e-03 3.55e-15  7.11e-03     0s
   6  -2.82591282e+03 -2.83139436e+03  4.80e-04 3.55e-15  3.17e-03     0s
   7  -2.82728147e+03 -2.82983624e+03  2.00e-04 3.55e-15  1.47e-03     0s
   8  -2.82811810e+03 -2.82890448e+03  1.77e-05 3.55e-15  4.40e-04     0s
   9  -2.82824378e+03 -2.82850955e+03  2.68e-06 3.55e-15  1.48e-04     0s
  10  -2.82828267e+03 -2.82828600e+03  0.00e+00 3.55e-15  1.83e-06     0s
  11  -2.82828333e+03 -2.82828333e+03  0.00e+00 3.55e-15  6.43e-12     0s

Barrier solved model in 11 iterations and 0.02 seconds
Optimal objective -2.82828333e+03


Root relaxation: objective -2.828283e+03, 243 iterations, 0.01 seconds

    Nodes    |    Current Node    |     Objective Bounds      |     Work
 Expl Unexpl |  Obj  Depth IntInf | Incumbent    BestBd   Gap | It/Node Time

     0     0 -2828.2833    0   61 -2659.5000 -2828.2833  6.35%     -    0s
H    0     0                    -2709.000000 -2828.2833  4.40%     -    0s
H    0     0                    -2736.000000 -2828.2833  3.37%     -    0s
H    0     0                    -2737.000000 -2828.2833  3.34%     -    0s
     0     0 -2825.4700    0  101 -2737.0000 -2825.4700  3.23%     -    0s
H    0     0                    -2784.000000 -2825.4700  1.49%     -    0s
H    0     0                    -2794.500000 -2825.4700  1.11%     -    0s
     0     0 -2825.4283    0  100 -2794.5000 -2825.4283  1.11%     -    0s
     0     0 -2824.6018    0  137 -2794.5000 -2824.6018  1.08%     -    0s
H    0     0                    -2805.000000 -2824.6018  0.70%     -    0s

Cutting planes:
  Gomory: 5
  Cover: 7
  MIR: 73
  Zero half: 1

Explored 0 nodes (850 simplex iterations) in 0.14 seconds
Thread count was 16 (of 16 available processors)

Optimal solution found (tolerance 1.00e-02)
Best objective -2.805000000000e+03, best bound -2.824500000000e+03, gap 0.6952%
Changed value of parameter MIPGap to 0.01
   Prev: 0.0001  Min: 0.0  Max: 1e+100  Default: 0.0001
Changed value of parameter TimeLimit to 1800.0
   Prev: 1e+100  Min: 0.0  Max: 1e+100  Default: 1e+100
Changed value of parameter Method to 2
   Prev: -1  Min: -1  Max: 4  Default: -1
Changed value of parameter MIPFocus to 1
   Prev: 0  Min: 0  Max: 3  Default: 0
Optimize a model with 2130 rows, 3045 columns and 6090 nonzeros
Coefficient statistics:
  Matrix range    [1e+00, 2e+01]
  Objective range [2e+00, 2e+01]
  Bounds range    [1e+00, 1e+00]
  RHS range       [8e+01, 8e+01]
Found heuristic solution: objective 0
Presolve removed 2049 rows and 2176 columns
Presolve time: 0.01s
Presolved: 81 rows, 869 columns, 1631 nonzeros
Found heuristic solution: objective -4592.000000
Variable types: 0 continuous, 869 integer (787 binary)
Optimize a model with 81 rows, 869 columns and 1631 nonzeros
Coefficient statistics:
  Matrix range    [1e+00, 2e+01]
  Objective range [2e+00, 2e+01]
  Bounds range    [1e+00, 7e+00]
  RHS range       [1e+01, 8e+01]
Presolve removed 0 rows and 3 columns
Presolved: 81 rows, 866 columns, 1628 nonzeros

Root barrier log...

Ordering time: 0.00s

Barrier statistics:
 AA' NZ     : 7.490e+02
 Factor NZ  : 2.691e+03
 Factor Ops : 1.167e+05 (less than 1 second per iteration)
 Threads    : 1

                  Objective                Residual
Iter       Primal          Dual         Primal    Dual     Compl     Time
   0  -1.40173508e+04 -1.24165586e+04  2.01e+01 3.55e-15  1.72e+01     0s
   1  -5.27804537e+03 -8.52938275e+03  1.53e+00 1.04e+00  2.98e+00     0s
   2  -4.92274828e+03 -5.51324094e+03  9.38e-02 4.06e-02  3.70e-01     0s
   3  -5.05534482e+03 -5.24027757e+03  1.70e-02 7.11e-15  1.09e-01     0s
   4  -5.10347117e+03 -5.18771790e+03  6.84e-03 7.11e-15  4.95e-02     0s
   5  -5.12705906e+03 -5.15482101e+03  2.29e-03 7.11e-15  1.63e-02     0s
   6  -5.13440301e+03 -5.14479262e+03  9.65e-04 7.11e-15  6.17e-03     0s
   7  -5.13814920e+03 -5.14121646e+03  2.78e-04 7.11e-15  1.82e-03     0s
   8  -5.13951850e+03 -5.13994522e+03  1.78e-05 7.11e-15  2.45e-04     0s
   9  -5.13964142e+03 -5.13968089e+03  4.14e-06 7.11e-15  2.41e-05     0s
  10  -5.13967382e+03 -5.13967850e+03  1.58e-07 7.11e-15  2.69e-06     0s
  11  -5.13967786e+03 -5.13967786e+03  0.00e+00 7.11e-15  7.24e-10     0s

Barrier solved model in 11 iterations and 0.02 seconds
Optimal objective -5.13967786e+03


Root relaxation: objective -5.139678e+03, 173 iterations, 0.01 seconds

    Nodes    |    Current Node    |     Objective Bounds      |     Work
 Expl Unexpl |  Obj  Depth IntInf | Incumbent    BestBd   Gap | It/Node Time

     0     0 -5139.6779    0   63 -4592.0000 -5139.6779  11.9%     -    0s
H    0     0                    -4920.000000 -5139.6779  4.46%     -    0s
H    0     0                    -5044.000000 -5139.6779  1.90%     -    0s
H    0     0                    -5045.000000 -5139.6779  1.88%     -    0s
     0     0 -5115.8095    0  111 -5045.0000 -5115.8095  1.40%     -    0s
H    0     0                    -5055.000000 -5115.8095  1.20%     -    0s
     0     0 -5110.9116    0  127 -5055.0000 -5110.9116  1.11%     -    0s
     0     0 -5100.8521    0  132 -5055.0000 -5100.8521  0.91%     -    0s

Cutting planes:
  Gomory: 4
  Cover: 30
  MIR: 94
  Zero half: 2

Explored 0 nodes (836 simplex iterations) in 0.13 seconds
Thread count was 16 (of 16 available processors)

Optimal solution found (tolerance 1.00e-02)
Best objective -5.055000000000e+03, best bound -5.100000000000e+03, gap 0.8902%
Changed value of parameter MIPGap to 0.01
   Prev: 0.0001  Min: 0.0  Max: 1e+100  Default: 0.0001
Changed value of parameter TimeLimit to 1800.0
   Prev: 1e+100  Min: 0.0  Max: 1e+100  Default: 1e+100
Changed value of parameter Method to 2
   Prev: -1  Min: -1  Max: 4  Default: -1
Changed value of parameter MIPFocus to 1
   Prev: 0  Min: 0  Max: 3  Default: 0
Optimize a model with 2130 rows, 3045 columns and 6090 nonzeros
Coefficient statistics:
  Matrix range    [1e+00, 2e+01]
  Objective range [3e+00, 4e+01]
  Bounds range    [1e+00, 1e+00]
  RHS range       [8e+01, 8e+01]
Found heuristic solution: objective 0
Presolve removed 2049 rows and 2176 columns
Presolve time: 0.01s
Presolved: 81 rows, 869 columns, 1631 nonzeros
Found heuristic solution: objective -8457.000000
Variable types: 0 continuous, 869 integer (787 binary)
Optimize a model with 81 rows, 869 columns and 1631 nonzeros
Coefficient statistics:
  Matrix range    [1e+00, 2e+01]
  Objective range [3e+00, 4e+01]
  Bounds range    [1e+00, 7e+00]
  RHS range       [1e+01, 8e+01]
Presolved: 81 rows, 869 columns, 1631 nonzeros

Root barrier log...

Ordering time: 0.00s

Barrier statistics:
 AA' NZ     : 7.490e+02
 Factor NZ  : 2.507e+03
 Factor Ops : 9.952e+04 (less than 1 second per iteration)
 Threads    : 1

                  Objective                Residual
Iter       Primal          Dual         Primal    Dual     Compl     Time
   0  -2.44671201e+04 -2.39946184e+04  2.01e+01 7.11e-15  3.40e+01     0s
   1  -9.93417174e+03 -1.64820480e+04  1.70e+00 2.64e+00  6.09e+00     0s
   2  -9.34836804e+03 -1.05680469e+04  1.05e-01 1.03e-01  7.62e-01     0s
   3  -9.70177028e+03 -1.00019745e+04  6.27e-03 1.42e-14  1.70e-01     0s
   4  -9.76295800e+03 -9.87748292e+03  1.49e-03 1.42e-14  6.43e-02     0s
   5  -9.78211104e+03 -9.83801433e+03  5.14e-04 1.07e-14  3.12e-02     0s
   6  -9.78894361e+03 -9.81957367e+03  2.45e-04 1.42e-14  1.71e-02     0s
   7  -9.79341541e+03 -9.80286554e+03  6.31e-05 1.42e-14  5.28e-03     0s
   8  -9.79606219e+03 -9.79649379e+03  0.00e+00 1.42e-14  2.37e-04     0s
   9  -9.79613295e+03 -9.79613370e+03  0.00e+00 1.42e-14  4.13e-07     0s
  10  -9.79613333e+03 -9.79613333e+03  0.00e+00 1.42e-14  4.13e-10     0s

Barrier solved model in 10 iterations and 0.02 seconds
Optimal objective -9.79613333e+03


Root relaxation: objective -9.796133e+03, 177 iterations, 0.01 seconds

    Nodes    |    Current Node    |     Objective Bounds      |     Work
 Expl Unexpl |  Obj  Depth IntInf | Incumbent    BestBd   Gap | It/Node Time

     0     0 -9796.1333    0   59 -8457.0000 -9796.1333  15.8%     -    0s
H    0     0                    -9380.000000 -9796.1333  4.44%     -    0s
H    0     0                    -9603.000000 -9796.1333  2.01%     -    0s
H    0     0                    -9632.000000 -9796.1333  1.70%     -    0s
     0     0 -9758.1106    0  105 -9632.0000 -9758.1106  1.31%     -    0s
H    0     0                    -9655.000000 -9758.1106  1.07%     -    0s
     0     0 -9745.8584    0  102 -9655.0000 -9745.8584  0.94%     -    0s

Cutting planes:
  Gomory: 3
  Cover: 23
  MIR: 53
  Zero half: 4

Explored 0 nodes (551 simplex iterations) in 0.08 seconds
Thread count was 16 (of 16 available processors)

Optimal solution found (tolerance 1.00e-02)
Best objective -9.655000000000e+03, best bound -9.745000000000e+03, gap 0.9322%
Changed value of parameter MIPGap to 0.01
   Prev: 0.0001  Min: 0.0  Max: 1e+100  Default: 0.0001
Changed value of parameter TimeLimit to 1800.0
   Prev: 1e+100  Min: 0.0  Max: 1e+100  Default: 1e+100
Changed value of parameter Method to 2
   Prev: -1  Min: -1  Max: 4  Default: -1
Changed value of parameter MIPFocus to 1
   Prev: 0  Min: 0  Max: 3  Default: 0
Optimize a model with 2130 rows, 3045 columns and 6090 nonzeros
Coefficient statistics:
  Matrix range    [1e+00, 2e+01]
  Objective range [5e+00, 8e+01]
  Bounds range    [1e+00, 1e+00]
  RHS range       [8e+01, 8e+01]
Found heuristic solution: objective 0
Presolve removed 2049 rows and 2176 columns
Presolve time: 0.01s
Presolved: 81 rows, 869 columns, 1631 nonzeros
Found heuristic solution: objective -16187.00000
Variable types: 0 continuous, 869 integer (787 binary)
Optimize a model with 81 rows, 869 columns and 1631 nonzeros
Coefficient statistics:
  Matrix range    [1e+00, 2e+01]
  Objective range [5e+00, 8e+01]
  Bounds range    [1e+00, 7e+00]
  RHS range       [1e+01, 8e+01]
Presolved: 81 rows, 869 columns, 1631 nonzeros

Root barrier log...

Ordering time: 0.00s

Barrier statistics:
 AA' NZ     : 7.490e+02
 Factor NZ  : 2.507e+03
 Factor Ops : 9.952e+04 (less than 1 second per iteration)
 Threads    : 1

                  Objective                Residual
Iter       Primal          Dual         Primal    Dual     Compl     Time
   0  -4.53072624e+04 -4.71513226e+04  2.01e+01 1.42e-14  6.76e+01     0s
   1  -1.92518212e+04 -3.23899148e+04  1.79e+00 5.85e+00  1.23e+01     0s
   2  -1.82186307e+04 -2.07963464e+04  1.11e-01 3.53e-01  1.60e+00     0s
   3  -1.89890066e+04 -1.96195710e+04  6.67e-03 4.91e-02  3.57e-01     0s
   4  -1.91172996e+04 -1.92772950e+04  8.26e-04 3.69e-03  8.95e-02     0s
   5  -1.91450717e+04 -1.91984007e+04  2.74e-04 2.84e-14  2.98e-02     0s
   6  -1.91605514e+04 -1.91731573e+04  4.55e-05 2.84e-14  7.03e-03     0s
   7  -1.91642873e+04 -1.91646887e+04  0.00e+00 2.84e-14  2.21e-04     0s
   8  -1.91643999e+04 -1.91644003e+04  0.00e+00 2.84e-14  2.21e-07     0s
   9  -1.91644000e+04 -1.91644000e+04  4.65e-16 2.84e-14  2.23e-13     0s

Barrier solved model in 9 iterations and 0.02 seconds
Optimal objective -1.91644000e+04


Root relaxation: objective -1.916440e+04, 131 iterations, 0.01 seconds

    Nodes    |    Current Node    |     Objective Bounds      |     Work
 Expl Unexpl |  Obj  Depth IntInf | Incumbent    BestBd   Gap | It/Node Time

     0     0 -19164.400    0   55 -16187.000 -19164.400  18.4%     -    0s
H    0     0                    -18651.00000 -19164.400  2.75%     -    0s
H    0     0                    -18820.00000 -19164.400  1.83%     -    0s
     0     0 -19068.921    0   85 -18820.000 -19068.921  1.32%     -    0s
     0     0 -19063.315    0   93 -18820.000 -19063.315  1.29%     -    0s
H    0     0                    -18829.00000 -19063.315  1.24%     -    0s
     0     0 -19022.731    0  108 -18829.000 -19022.731  1.03%     -    0s
     0     0 -18999.550    0  123 -18829.000 -18999.550  0.91%     -    0s

Cutting planes:
  Gomory: 18
  Cover: 49
  MIR: 86
  Zero half: 2

Explored 0 nodes (856 simplex iterations) in 0.14 seconds
Thread count was 16 (of 16 available processors)

Optimal solution found (tolerance 1.00e-02)
Best objective -1.882900000000e+04, best bound -1.899900000000e+04, gap 0.9029%
Changed value of parameter MIPGap to 0.01
   Prev: 0.0001  Min: 0.0  Max: 1e+100  Default: 0.0001
Changed value of parameter TimeLimit to 1800.0
   Prev: 1e+100  Min: 0.0  Max: 1e+100  Default: 1e+100
Changed value of parameter Method to 2
   Prev: -1  Min: -1  Max: 4  Default: -1
Changed value of parameter MIPFocus to 1
   Prev: 0  Min: 0  Max: 3  Default: 0
Optimize a model with 2130 rows, 3045 columns and 6090 nonzeros
Coefficient statistics:
  Matrix range    [1e+00, 2e+01]
  Objective range [6e+00, 1e+02]
  Bounds range    [1e+00, 1e+00]
  RHS range       [8e+01, 8e+01]
Found heuristic solution: objective 0
Presolve removed 2049 rows and 2176 columns
Presolve time: 0.01s
Presolved: 81 rows, 869 columns, 1631 nonzeros
Found heuristic solution: objective -20052.00000
Variable types: 0 continuous, 869 integer (787 binary)
Optimize a model with 81 rows, 869 columns and 1631 nonzeros
Coefficient statistics:
  Matrix range    [1e+00, 2e+01]
  Objective range [6e+00, 1e+02]
  Bounds range    [1e+00, 7e+00]
  RHS range       [1e+01, 8e+01]
Presolved: 81 rows, 869 columns, 1631 nonzeros

Root barrier log...

Ordering time: 0.00s

Barrier statistics:
 AA' NZ     : 7.490e+02
 Factor NZ  : 2.507e+03
 Factor Ops : 9.952e+04 (less than 1 second per iteration)
 Threads    : 1

                  Objective                Residual
Iter       Primal          Dual         Primal    Dual     Compl     Time
   0  -5.57270274e+04 -5.87296747e+04  2.01e+01 1.42e-14  8.45e+01     0s
   1  -2.39115894e+04 -4.03642004e+04  1.80e+00 7.43e+00  1.54e+01     0s
   2  -2.26582242e+04 -2.59146256e+04  1.13e-01 4.65e-01  2.02e+00     0s
   3  -2.36419931e+04 -2.44342000e+04  6.58e-03 7.53e-02  4.49e-01     0s
   4  -2.38070766e+04 -2.40108262e+04  7.46e-04 1.06e-02  1.14e-01     0s
   5  -2.38449627e+04 -2.39039770e+04  2.24e-04 7.81e-05  3.30e-02     0s
   6  -2.38627022e+04 -2.38733935e+04  2.48e-05 2.84e-14  5.96e-03     0s
   7  -2.38660555e+04 -2.38662283e+04  3.15e-08 2.84e-14  9.53e-05     0s
   8  -2.38660666e+04 -2.38660668e+04  0.00e+00 4.97e-14  1.47e-07     0s
   9  -2.38660667e+04 -2.38660667e+04  5.49e-15 4.97e-14  1.49e-13     0s

Barrier solved model in 9 iterations and 0.02 seconds
Optimal objective -2.38660667e+04


Root relaxation: objective -2.386607e+04, 130 iterations, 0.01 seconds

    Nodes    |    Current Node    |     Objective Bounds      |     Work
 Expl Unexpl |  Obj  Depth IntInf | Incumbent    BestBd   Gap | It/Node Time

     0     0 -23866.067    0   57 -20052.000 -23866.067  19.0%     -    0s
H    0     0                    -23101.00000 -23866.067  3.31%     -    0s
H    0     0                    -23385.00000 -23866.067  2.06%     -    0s
H    0     0                    -23389.00000 -23866.067  2.04%     -    0s
     0     0 -23715.645    0   88 -23389.000 -23715.645  1.40%     -    0s
H    0     0                    -23456.00000 -23715.645  1.11%     -    0s
     0     0 -23712.554    0   90 -23456.000 -23712.554  1.09%     -    0s
     0     0 -23669.166    0  139 -23456.000 -23669.166  0.91%     -    0s

Cutting planes:
  Gomory: 3
  Cover: 53
  MIR: 74
  Zero half: 2

Explored 0 nodes (734 simplex iterations) in 0.13 seconds
Thread count was 16 (of 16 available processors)

Optimal solution found (tolerance 1.00e-02)
Best objective -2.345600000000e+04, best bound -2.366900000000e+04, gap 0.9081%
Changed value of parameter MIPGap to 0.01
   Prev: 0.0001  Min: 0.0  Max: 1e+100  Default: 0.0001
Changed value of parameter TimeLimit to 1800.0
   Prev: 1e+100  Min: 0.0  Max: 1e+100  Default: 1e+100
Changed value of parameter Method to 2
   Prev: -1  Min: -1  Max: 4  Default: -1
Changed value of parameter MIPFocus to 1
   Prev: 0  Min: 0  Max: 3  Default: 0
Optimize a model with 2130 rows, 3045 columns and 6090 nonzeros
Coefficient statistics:
  Matrix range    [1e+00, 2e+01]
  Objective range [1e+01, 2e+02]
  Bounds range    [1e+00, 1e+00]
  RHS range       [8e+01, 8e+01]
Found heuristic solution: objective 0
Presolve removed 2049 rows and 2176 columns
Presolve time: 0.01s
Presolved: 81 rows, 869 columns, 1631 nonzeros
Found heuristic solution: objective -39377.00000
Variable types: 0 continuous, 869 integer (787 binary)
Optimize a model with 81 rows, 869 columns and 1631 nonzeros
Coefficient statistics:
  Matrix range    [1e+00, 2e+01]
  Objective range [1e+01, 2e+02]
  Bounds range    [1e+00, 7e+00]
  RHS range       [1e+01, 8e+01]
Presolved: 81 rows, 869 columns, 1631 nonzeros

Root barrier log...

Ordering time: 0.00s

Barrier statistics:
 AA' NZ     : 7.490e+02
 Factor NZ  : 2.507e+03
 Factor Ops : 9.952e+04 (less than 1 second per iteration)
 Threads    : 1

                  Objective                Residual
Iter       Primal          Dual         Primal    Dual     Compl     Time
   0  -1.07826477e+05 -1.16999897e+05  2.01e+01 2.84e-14  1.69e+02     0s
   1  -4.71713766e+04 -8.04648849e+04  1.83e+00 1.55e+01  3.11e+01     0s
   2  -4.48466888e+04 -5.15592230e+04  1.14e-01 1.04e+00  4.15e+00     0s
   3  -4.69579802e+04 -4.85646562e+04  3.74e-03 2.10e-01  8.99e-01     0s
   4  -4.72742798e+04 -4.76594005e+04  3.53e-04 3.24e-02  2.14e-01     0s
   5  -4.73403422e+04 -4.74625143e+04  1.11e-04 9.04e-03  6.78e-02     0s
   6  -4.73709223e+04 -4.73880413e+04  0.00e+00 7.11e-14  9.44e-03     0s
   7  -4.73743923e+04 -4.73745193e+04  0.00e+00 5.68e-14  7.00e-05     0s
   8  -4.73744000e+04 -4.73744001e+04  0.00e+00 7.11e-14  7.00e-08     0s
   9  -4.73744000e+04 -4.73744000e+04  2.60e-15 8.53e-14  7.24e-14     0s

Barrier solved model in 9 iterations and 0.02 seconds
Optimal objective -4.73744000e+04


Root relaxation: objective -4.737440e+04, 130 iterations, 0.01 seconds

    Nodes    |    Current Node    |     Objective Bounds      |     Work
 Expl Unexpl |  Obj  Depth IntInf | Incumbent    BestBd   Gap | It/Node Time

     0     0 -47374.400    0   56 -39377.000 -47374.400  20.3%     -    0s
H    0     0                    -45715.00000 -47374.400  3.63%     -    0s
H    0     0                    -46341.00000 -47374.400  2.23%     -    0s
H    0     0                    -46418.00000 -47374.400  2.06%     -    0s
     0     0 -46973.567    0   85 -46418.000 -46973.567  1.20%     -    0s
     0     0 -46970.676    0   94 -46418.000 -46970.676  1.19%     -    0s
H    0     0                    -46461.00000 -46970.676  1.10%     -    0s
H    0     0                    -46494.00000 -46970.676  1.03%     -    0s
H    0     0                    -46505.00000 -46970.676  1.00%     -    0s
H    0     0                    -46516.00000 -46970.676  0.98%     -    0s

Cutting planes:
  Gomory: 1
  Cover: 53
  MIR: 76
  Zero half: 5

Explored 0 nodes (510 simplex iterations) in 0.12 seconds
Thread count was 16 (of 16 available processors)

Optimal solution found (tolerance 1.00e-02)
Best objective -4.651600000000e+04, best bound -4.697000000000e+04, gap 0.9760%
Changed value of parameter MIPGap to 0.01
   Prev: 0.0001  Min: 0.0  Max: 1e+100  Default: 0.0001
Changed value of parameter TimeLimit to 1800.0
   Prev: 1e+100  Min: 0.0  Max: 1e+100  Default: 1e+100
Changed value of parameter Method to 2
   Prev: -1  Min: -1  Max: 4  Default: -1
Changed value of parameter MIPFocus to 1
   Prev: 0  Min: 0  Max: 3  Default: 0
Optimize a model with 2130 rows, 3045 columns and 6090 nonzeros
Coefficient statistics:
  Matrix range    [1e+00, 2e+01]
  Objective range [2e+01, 4e+02]
  Bounds range    [1e+00, 1e+00]
  RHS range       [8e+01, 8e+01]
Found heuristic solution: objective 0
Presolve removed 2049 rows and 2176 columns
Presolve time: 0.01s
Presolved: 81 rows, 869 columns, 1631 nonzeros
Found heuristic solution: objective -78027.00000
Variable types: 0 continuous, 869 integer (787 binary)
Optimize a model with 81 rows, 869 columns and 1631 nonzeros
Coefficient statistics:
  Matrix range    [1e+00, 2e+01]
  Objective range [2e+01, 4e+02]
  Bounds range    [1e+00, 7e+00]
  RHS range       [1e+01, 8e+01]
Presolved: 81 rows, 869 columns, 1631 nonzeros

Root barrier log...

Ordering time: 0.00s

Barrier statistics:
 AA' NZ     : 7.490e+02
 Factor NZ  : 2.507e+03
 Factor Ops : 9.952e+04 (less than 1 second per iteration)
 Threads    : 1

                  Objective                Residual
Iter       Primal          Dual         Primal    Dual     Compl     Time
   0  -2.12026826e+05 -2.34256758e+05  2.01e+01 5.68e-14  3.41e+02     0s
   1  -9.36154495e+04 -1.61074316e+05  1.84e+00 3.19e+01  6.28e+01     0s
   2  -8.91992679e+04 -1.02890420e+05  1.13e-01 2.22e+00  8.44e+00     0s
   3  -9.35359691e+04 -9.67712519e+04  4.16e-03 4.73e-01  1.81e+00     0s
   4  -9.42259761e+04 -9.49396451e+04  2.76e-04 7.46e-02  3.96e-01     0s
   5  -9.43331866e+04 -9.45639249e+04  9.23e-05 1.81e-02  1.28e-01     0s
   6  -9.43868826e+04 -9.44148506e+04  0.00e+00 1.71e-13  1.54e-02     0s
   7  -9.43910609e+04 -9.43911575e+04  0.00e+00 1.99e-13  5.32e-05     0s
   8  -9.43910667e+04 -9.43910668e+04  0.00e+00 2.56e-13  5.32e-08     0s
   9  -9.43910667e+04 -9.43910667e+04  1.74e-15 1.99e-13  5.98e-14     0s

Barrier solved model in 9 iterations and 0.02 seconds
Optimal objective -9.43910667e+04


Root relaxation: objective -9.439107e+04, 130 iterations, 0.01 seconds

    Nodes    |    Current Node    |     Objective Bounds      |     Work
 Expl Unexpl |  Obj  Depth IntInf | Incumbent    BestBd   Gap | It/Node Time

     0     0 -94391.067    0   53 -78027.000 -94391.067  21.0%     -    0s
H    0     0                    -91219.00000 -94391.067  3.48%     -    0s
H    0     0                    -92343.00000 -94391.067  2.22%     -    0s
     0     0 -93490.592    0   88 -92343.000 -93490.592  1.24%     -    0s
H    0     0                    -92529.00000 -93490.592  1.04%     -    0s
     0     0 -93487.599    0   93 -92529.000 -93487.599  1.04%     -    0s
H    0     0                    -92552.00000 -93487.599  1.01%     -    0s
H    0     0                    -92594.00000 -93487.599  0.97%     -    0s
H    0     0                    -92657.00000 -93487.599  0.90%     -    0s

Cutting planes:
  Gomory: 2
  Cover: 53
  MIR: 68
  Zero half: 4

Explored 0 nodes (492 simplex iterations) in 0.11 seconds
Thread count was 16 (of 16 available processors)

Optimal solution found (tolerance 1.00e-02)
Best objective -9.265700000000e+04, best bound -9.348700000000e+04, gap 0.8958%
Changed value of parameter MIPGap to 0.01
   Prev: 0.0001  Min: 0.0  Max: 1e+100  Default: 0.0001
Changed value of parameter TimeLimit to 1800.0
   Prev: 1e+100  Min: 0.0  Max: 1e+100  Default: 1e+100
Changed value of parameter Method to 2
   Prev: -1  Min: -1  Max: 4  Default: -1
Changed value of parameter MIPFocus to 1
   Prev: 0  Min: 0  Max: 3  Default: 0
Optimize a model with 2130 rows, 3045 columns and 6090 nonzeros
Coefficient statistics:
  Matrix range    [1e+00, 2e+01]
  Objective range [5e+01, 1e+03]
  Bounds range    [1e+00, 1e+00]
  RHS range       [8e+01, 8e+01]
Found heuristic solution: objective 0
Presolve removed 2049 rows and 2176 columns
Presolve time: 0.01s
Presolved: 81 rows, 869 columns, 1631 nonzeros
Found heuristic solution: objective -193977.0000
Variable types: 0 continuous, 869 integer (787 binary)
Optimize a model with 81 rows, 869 columns and 1631 nonzeros
Coefficient statistics:
  Matrix range    [1e+00, 2e+01]
  Objective range [5e+01, 1e+03]
  Bounds range    [1e+00, 7e+00]
  RHS range       [1e+01, 8e+01]
Presolved: 81 rows, 869 columns, 1631 nonzeros

Root barrier log...

Ordering time: 0.00s

Barrier statistics:
 AA' NZ     : 7.490e+02
 Factor NZ  : 2.507e+03
 Factor Ops : 9.952e+04 (less than 1 second per iteration)
 Threads    : 1

                  Objective                Residual
Iter       Primal          Dual         Primal    Dual     Compl     Time
   0  -5.24626990e+05 -5.86027341e+05  2.01e+01 1.14e-13  8.55e+02     0s
   1  -2.32950241e+05 -4.02901942e+05  1.84e+00 8.10e+01  1.58e+02     0s
   2  -2.22244621e+05 -2.55400919e+05  1.11e-01 5.91e+00  2.04e+01     0s
   3  -2.33210133e+05 -2.40858758e+05  6.42e-03 1.24e+00  4.33e+00     0s
   4  -2.35016136e+05 -2.36767650e+05  5.99e-04 2.14e-01  9.76e-01     0s
   5  -2.35287879e+05 -2.35802836e+05  2.14e-04 4.62e-02  2.88e-01     0s
   6  -2.35429773e+05 -2.35498804e+05  0.00e+00 1.20e-03  3.82e-02     0s
   7  -2.35441028e+05 -2.35441277e+05  0.00e+00 3.98e-13  1.37e-04     0s
   8  -2.35441067e+05 -2.35441067e+05  0.00e+00 5.12e-13  1.37e-07     0s
   9  -2.35441067e+05 -2.35441067e+05  2.59e-15 3.98e-13  1.45e-13     0s

Barrier solved model in 9 iterations and 0.02 seconds
Optimal objective -2.35441067e+05


Root relaxation: objective -2.354411e+05, 130 iterations, 0.01 seconds

    Nodes    |    Current Node    |     Objective Bounds      |     Work
 Expl Unexpl |  Obj  Depth IntInf | Incumbent    BestBd   Gap | It/Node Time

     0     0 -235441.07    0   57 -193977.00 -235441.07  21.4%     -    0s
H    0     0                    -224476.0000 -235441.07  4.88%     -    0s
H    0     0                    -229919.0000 -235441.07  2.40%     -    0s
H    0     0                    -230225.0000 -235441.07  2.27%     -    0s
     0     0 -233026.68    0   91 -230225.00 -233026.68  1.22%     -    0s
     0     0 -233012.05    0   96 -230225.00 -233012.05  1.21%     -    0s
H    0     0                    -230429.0000 -233012.05  1.12%     -    0s
H    0     0                    -230445.0000 -233012.05  1.11%     -    0s
H    0     0                    -230496.0000 -233012.05  1.09%     -    0s
H    0     0                    -231143.0000 -233012.05  0.81%     -    0s

Cutting planes:
  Gomory: 1
  Cover: 53
  MIR: 73
  Zero half: 5

Explored 0 nodes (457 simplex iterations) in 0.10 seconds
Thread count was 16 (of 16 available processors)

Optimal solution found (tolerance 1.00e-02)
Best objective -2.311430000000e+05, best bound -2.330120000000e+05, gap 0.8086%
Changed value of parameter MIPGap to 0.01
   Prev: 0.0001  Min: 0.0  Max: 1e+100  Default: 0.0001
Changed value of parameter TimeLimit to 1800.0
   Prev: 1e+100  Min: 0.0  Max: 1e+100  Default: 1e+100
Changed value of parameter Method to 2
   Prev: -1  Min: -1  Max: 4  Default: -1
Changed value of parameter MIPFocus to 1
   Prev: 0  Min: 0  Max: 3  Default: 0
Optimize a model with 2130 rows, 3045 columns and 6090 nonzeros
Coefficient statistics:
  Matrix range    [1e+00, 2e+01]
  Objective range [5e+02, 1e+04]
  Bounds range    [1e+00, 1e+00]
  RHS range       [8e+01, 8e+01]
Found heuristic solution: objective 0
Presolve removed 2049 rows and 2176 columns
Presolve time: 0.01s
Presolved: 81 rows, 869 columns, 1631 nonzeros
Found heuristic solution: objective -1933227.000
Variable types: 0 continuous, 869 integer (787 binary)
Optimize a model with 81 rows, 869 columns and 1631 nonzeros
Coefficient statistics:
  Matrix range    [1e+00, 2e+01]
  Objective range [5e+02, 1e+04]
  Bounds range    [1e+00, 7e+00]
  RHS range       [1e+01, 8e+01]
Presolved: 81 rows, 869 columns, 1631 nonzeros

Root barrier log...

Ordering time: 0.00s

Barrier statistics:
 AA' NZ     : 7.490e+02
 Factor NZ  : 2.507e+03
 Factor Ops : 9.952e+04 (less than 1 second per iteration)
 Threads    : 1

                  Objective                Residual
Iter       Primal          Dual         Primal    Dual     Compl     Time
   0  -5.21362629e+06 -5.86258609e+06  2.01e+01 1.82e-12  8.57e+03     0s
   1  -2.32298139e+06 -4.03031391e+06  1.85e+00 8.18e+02  1.58e+03     0s
   2  -2.21808577e+06 -2.55203092e+06  1.10e-01 6.04e+01  2.06e+02     0s
   3  -2.32918053e+06 -2.40516933e+06  6.15e-03 1.28e+01  4.30e+01     0s
   4  -2.34731376e+06 -2.36404111e+06  5.12e-04 2.09e+00  9.31e+00     0s
   5  -2.34978086e+06 -2.35436387e+06  1.85e-04 4.00e-01  2.56e+00     0s
   6  -2.35110138e+06 -2.35162850e+06  0.00e+00 2.39e-02  2.91e-01     0s
   7  -2.35119029e+06 -2.35122943e+06  0.00e+00 1.51e-03  2.16e-02     0s
   8  -2.35119105e+06 -2.35119111e+06  0.00e+00 3.64e-12  3.31e-05     0s
   9  -2.35119107e+06 -2.35119107e+06  0.00e+00 3.64e-12  3.44e-11     0s

Barrier solved model in 9 iterations and 0.02 seconds
Optimal objective -2.35119107e+06


Root relaxation: objective -2.351191e+06, 130 iterations, 0.01 seconds

    Nodes    |    Current Node    |     Objective Bounds      |     Work
 Expl Unexpl |  Obj  Depth IntInf | Incumbent    BestBd   Gap | It/Node Time

     0     0 -2351191.1    0   56 -1933227.0 -2351191.1  21.6%     -    0s
H    0     0                    -2260457.000 -2351191.1  4.01%     -    0s
H    0     0                    -2289426.000 -2351191.1  2.70%     -    0s
H    0     0                    -2298425.000 -2351191.1  2.30%     -    0s
     0     0 -2326031.6    0   91 -2298425.0 -2326031.6  1.20%     -    0s
H    0     0                    -2302427.000 -2326031.6  1.03%     -    0s
     0     0 -2325762.5    0   94 -2302427.0 -2325762.5  1.01%     -    0s
H    0     0                    -2303933.000 -2325762.5  0.95%     -    0s
H    0     0                    -2305436.000 -2325762.5  0.88%     -    0s

Cutting planes:
  Gomory: 2
  Cover: 51
  MIR: 71
  Zero half: 3

Explored 0 nodes (540 simplex iterations) in 0.11 seconds
Thread count was 16 (of 16 available processors)

Optimal solution found (tolerance 1.00e-02)
Best objective -2.305436000000e+06, best bound -2.325762000000e+06, gap 0.8817%
