Changed value of parameter MIPGap to 0.01
   Prev: 0.0001  Min: 0.0  Max: 1e+100  Default: 0.0001
Changed value of parameter TimeLimit to 1800.0
   Prev: 1e+100  Min: 0.0  Max: 1e+100  Default: 1e+100
Changed value of parameter Method to 2
   Prev: -1  Min: -1  Max: 4  Default: -1
Changed value of parameter MIPFocus to 1
   Prev: 0  Min: 0  Max: 3  Default: 0
Optimize a model with 2138 rows, 3057 columns and 6114 nonzeros
Coefficient statistics:
  Matrix range    [1e+00, 2e+01]
  Objective range [1e+00, 1e+00]
  Bounds range    [1e+00, 1e+00]
  RHS range       [8e+01, 8e+01]
Found heuristic solution: objective 0
Presolve removed 2075 rows and 2379 columns
Presolve time: 0.01s
Presolved: 63 rows, 678 columns, 1210 nonzeros
Found heuristic solution: objective -824.0000000
Variable types: 0 continuous, 678 integer (579 binary)
Optimize a model with 63 rows, 678 columns and 1210 nonzeros
Coefficient statistics:
  Matrix range    [1e+00, 2e+01]
  Objective range [1e+00, 1e+00]
  Bounds range    [1e+00, 7e+00]
  RHS range       [1e+01, 8e+01]
Presolved: 63 rows, 678 columns, 1210 nonzeros

Root barrier log...

Ordering time: 0.00s

Barrier statistics:
 AA' NZ     : 5.080e+02
 Factor NZ  : 1.795e+03
 Factor Ops : 6.632e+04 (less than 1 second per iteration)
 Threads    : 1

                  Objective                Residual
Iter       Primal          Dual         Primal    Dual     Compl     Time
   0  -2.28562140e+03 -3.32941614e+03  1.39e+01 7.68e-02  6.06e+00     0s
   1  -8.81028872e+02 -2.24281488e+03  8.81e-01 1.21e+00  1.30e+00     0s
   2  -8.32867413e+02 -1.08996939e+03  0.00e+00 1.45e-01  1.87e-01     0s
   3  -9.06831537e+02 -9.43564551e+02  0.00e+00 6.19e-03  2.61e-02     0s
   4  -9.12532592e+02 -9.29627757e+02  0.00e+00 3.55e-15  1.21e-02     0s
   5  -9.22009734e+02 -9.27525264e+02  0.00e+00 1.78e-15  3.91e-03     0s
   6  -9.24769393e+02 -9.26226966e+02  0.00e+00 3.55e-15  1.03e-03     0s
   7  -9.25840149e+02 -9.25930187e+02  0.00e+00 1.78e-15  6.38e-05     0s
   8  -9.25904710e+02 -9.25904838e+02  0.00e+00 3.55e-15  9.02e-08     0s
   9  -9.25904762e+02 -9.25904762e+02  0.00e+00 3.55e-15  9.02e-11     0s

Barrier solved model in 9 iterations and 0.02 seconds
Optimal objective -9.25904762e+02


Root relaxation: objective -9.259048e+02, 51 iterations, 0.01 seconds

    Nodes    |    Current Node    |     Objective Bounds      |     Work
 Expl Unexpl |  Obj  Depth IntInf | Incumbent    BestBd   Gap | It/Node Time

     0     0 -925.90476    0   38 -824.00000 -925.90476  12.4%     -    0s
H    0     0                    -911.0000000 -925.90476  1.64%     -    0s
H    0     0                    -913.0000000 -925.90476  1.41%     -    0s
H    0     0                    -914.0000000 -925.90476  1.30%     -    0s
     0     0 -918.77487    0   35 -914.00000 -918.77487  0.52%     -    0s

Cutting planes:
  Gomory: 3
  Cover: 1
  MIR: 40

Explored 0 nodes (161 simplex iterations) in 0.05 seconds
Thread count was 16 (of 16 available processors)

Optimal solution found (tolerance 1.00e-02)
Best objective -9.140000000000e+02, best bound -9.180000000000e+02, gap 0.4376%
Changed value of parameter MIPGap to 0.01
   Prev: 0.0001  Min: 0.0  Max: 1e+100  Default: 0.0001
Changed value of parameter TimeLimit to 1800.0
   Prev: 1e+100  Min: 0.0  Max: 1e+100  Default: 1e+100
Changed value of parameter Method to 2
   Prev: -1  Min: -1  Max: 4  Default: -1
Changed value of parameter MIPFocus to 1
   Prev: 0  Min: 0  Max: 3  Default: 0
Optimize a model with 2138 rows, 3057 columns and 6114 nonzeros
Coefficient statistics:
  Matrix range    [1e+00, 2e+01]
  Objective range [1e+00, 1e+00]
  Bounds range    [1e+00, 1e+00]
  RHS range       [8e+01, 8e+01]
Found heuristic solution: objective 0
Presolve removed 2075 rows and 2356 columns
Presolve time: 0.01s
Presolved: 63 rows, 701 columns, 1233 nonzeros
Found heuristic solution: objective -839.5795000
Variable types: 0 continuous, 701 integer (587 binary)
Optimize a model with 63 rows, 701 columns and 1233 nonzeros
Coefficient statistics:
  Matrix range    [1e+00, 2e+01]
  Objective range [1e+00, 1e+00]
  Bounds range    [1e+00, 7e+00]
  RHS range       [1e+01, 8e+01]
Presolved: 63 rows, 701 columns, 1233 nonzeros

Root barrier log...

Ordering time: 0.00s

Barrier statistics:
 AA' NZ     : 5.080e+02
 Factor NZ  : 1.825e+03
 Factor Ops : 6.962e+04 (less than 1 second per iteration)
 Threads    : 1

                  Objective                Residual
Iter       Primal          Dual         Primal    Dual     Compl     Time
   0  -2.38971321e+03 -3.43158093e+03  1.43e+01 3.26e-02  6.21e+00     0s
   1  -9.07654956e+02 -2.30620882e+03  1.13e+00 1.23e+00  1.37e+00     0s
   2  -8.27847264e+02 -1.10288346e+03  0.00e+00 1.42e-01  1.92e-01     0s
   3  -9.06788522e+02 -9.45750823e+02  0.00e+00 5.55e-03  2.68e-02     0s
   4  -9.12861633e+02 -9.31518769e+02  0.00e+00 1.78e-15  1.28e-02     0s
   5  -9.22991792e+02 -9.29205494e+02  0.00e+00 1.78e-15  4.26e-03     0s
   6  -9.26098810e+02 -9.27720869e+02  0.00e+00 1.78e-15  1.11e-03     0s
   7  -9.27321657e+02 -9.27487169e+02  0.00e+00 1.78e-15  1.13e-04     0s
   8  -9.27374566e+02 -9.27410452e+02  0.00e+00 1.78e-15  2.46e-05     0s
   9  -9.27393109e+02 -9.27393610e+02  0.00e+00 1.78e-15  3.42e-07     0s
  10  -9.27393381e+02 -9.27393381e+02  0.00e+00 3.55e-15  6.41e-10     0s

Barrier solved model in 10 iterations and 0.02 seconds
Optimal objective -9.27393381e+02


Root relaxation: objective -9.273934e+02, 52 iterations, 0.01 seconds

    Nodes    |    Current Node    |     Objective Bounds      |     Work
 Expl Unexpl |  Obj  Depth IntInf | Incumbent    BestBd   Gap | It/Node Time

     0     0 -927.39338    0   39 -839.57950 -927.39338  10.5%     -    0s
H    0     0                    -913.4285000 -927.39338  1.53%     -    0s
H    0     0                    -914.4425000 -927.39338  1.42%     -    0s
     0     0 -920.11657    0   45 -914.44250 -920.11657  0.62%     -    0s

Cutting planes:
  Gomory: 3
  Cover: 1
  MIR: 38

Explored 0 nodes (178 simplex iterations) in 0.04 seconds
Thread count was 16 (of 16 available processors)

Optimal solution found (tolerance 1.00e-02)
Best objective -9.144425000000e+02, best bound -9.201165685175e+02, gap 0.6205%
Changed value of parameter MIPGap to 0.01
   Prev: 0.0001  Min: 0.0  Max: 1e+100  Default: 0.0001
Changed value of parameter TimeLimit to 1800.0
   Prev: 1e+100  Min: 0.0  Max: 1e+100  Default: 1e+100
Changed value of parameter Method to 2
   Prev: -1  Min: -1  Max: 4  Default: -1
Changed value of parameter MIPFocus to 1
   Prev: 0  Min: 0  Max: 3  Default: 0
Optimize a model with 2138 rows, 3057 columns and 6114 nonzeros
Coefficient statistics:
  Matrix range    [1e+00, 2e+01]
  Objective range [1e+00, 1e+00]
  Bounds range    [1e+00, 1e+00]
  RHS range       [8e+01, 8e+01]
Found heuristic solution: objective 0
Presolve removed 2075 rows and 2356 columns
Presolve time: 0.01s
Presolved: 63 rows, 701 columns, 1233 nonzeros
Found heuristic solution: objective -841.1590000
Variable types: 0 continuous, 701 integer (587 binary)
Optimize a model with 63 rows, 701 columns and 1233 nonzeros
Coefficient statistics:
  Matrix range    [1e+00, 2e+01]
  Objective range [1e+00, 1e+00]
  Bounds range    [1e+00, 7e+00]
  RHS range       [1e+01, 8e+01]
Presolved: 63 rows, 701 columns, 1233 nonzeros

Root barrier log...

Ordering time: 0.00s

Barrier statistics:
 AA' NZ     : 5.080e+02
 Factor NZ  : 1.825e+03
 Factor Ops : 6.962e+04 (less than 1 second per iteration)
 Threads    : 1

                  Objective                Residual
Iter       Primal          Dual         Primal    Dual     Compl     Time
   0  -2.39337051e+03 -3.43284790e+03  1.43e+01 3.06e-02  6.21e+00     0s
   1  -9.09217579e+02 -2.30751879e+03  1.13e+00 1.23e+00  1.37e+00     0s
   2  -8.29314980e+02 -1.10435336e+03  0.00e+00 1.42e-01  1.92e-01     0s
   3  -9.08135009e+02 -9.47550495e+02  0.00e+00 5.80e-03  2.71e-02     0s
   4  -9.14258398e+02 -9.33083661e+02  0.00e+00 1.78e-15  1.29e-02     0s
   5  -9.24598694e+02 -9.30732931e+02  0.00e+00 1.78e-15  4.20e-03     0s
   6  -9.27798456e+02 -9.29207488e+02  0.00e+00 3.55e-15  9.65e-04     0s
   7  -9.28808670e+02 -9.29040801e+02  0.00e+00 1.78e-15  1.59e-04     0s
   8  -9.28855632e+02 -9.28889880e+02  0.00e+00 1.78e-15  2.34e-05     0s
   9  -9.28881669e+02 -9.28882402e+02  0.00e+00 3.55e-15  5.01e-07     0s
  10  -9.28882000e+02 -9.28882000e+02  0.00e+00 3.55e-15  5.01e-10     0s

Barrier solved model in 10 iterations and 0.02 seconds
Optimal objective -9.28882000e+02


Root relaxation: objective -9.288820e+02, 50 iterations, 0.01 seconds

    Nodes    |    Current Node    |     Objective Bounds      |     Work
 Expl Unexpl |  Obj  Depth IntInf | Incumbent    BestBd   Gap | It/Node Time

     0     0 -928.88200    0   39 -841.15900 -928.88200  10.4%     -    0s
H    0     0                    -914.8570000 -928.88200  1.53%     -    0s
H    0     0                    -915.8850000 -928.88200  1.42%     -    0s
     0     0 -921.66474    0   47 -915.88500 -921.66474  0.63%     -    0s

Cutting planes:
  Gomory: 3
  Cover: 1
  MIR: 38

Explored 0 nodes (179 simplex iterations) in 0.05 seconds
Thread count was 16 (of 16 available processors)

Optimal solution found (tolerance 1.00e-02)
Best objective -9.158850000000e+02, best bound -9.216647389966e+02, gap 0.6311%
Changed value of parameter MIPGap to 0.01
   Prev: 0.0001  Min: 0.0  Max: 1e+100  Default: 0.0001
Changed value of parameter TimeLimit to 1800.0
   Prev: 1e+100  Min: 0.0  Max: 1e+100  Default: 1e+100
Changed value of parameter Method to 2
   Prev: -1  Min: -1  Max: 4  Default: -1
Changed value of parameter MIPFocus to 1
   Prev: 0  Min: 0  Max: 3  Default: 0
Optimize a model with 2138 rows, 3057 columns and 6114 nonzeros
Coefficient statistics:
  Matrix range    [1e+00, 2e+01]
  Objective range [1e+00, 1e+00]
  Bounds range    [1e+00, 1e+00]
  RHS range       [8e+01, 8e+01]
Found heuristic solution: objective 0
Presolve removed 2075 rows and 2356 columns
Presolve time: 0.01s
Presolved: 63 rows, 701 columns, 1233 nonzeros
Found heuristic solution: objective -844.3180000
Variable types: 0 continuous, 701 integer (587 binary)
Optimize a model with 63 rows, 701 columns and 1233 nonzeros
Coefficient statistics:
  Matrix range    [1e+00, 2e+01]
  Objective range [1e+00, 1e+00]
  Bounds range    [1e+00, 7e+00]
  RHS range       [1e+01, 8e+01]
Presolved: 63 rows, 701 columns, 1233 nonzeros

Root barrier log...

Ordering time: 0.00s

Barrier statistics:
 AA' NZ     : 5.080e+02
 Factor NZ  : 1.825e+03
 Factor Ops : 6.962e+04 (less than 1 second per iteration)
 Threads    : 1

                  Objective                Residual
Iter       Primal          Dual         Primal    Dual     Compl     Time
   0  -2.40068502e+03 -3.43538184e+03  1.43e+01 2.66e-02  6.21e+00     0s
   1  -9.12343574e+02 -2.31013904e+03  1.12e+00 1.23e+00  1.37e+00     0s
   2  -8.32253122e+02 -1.10723679e+03  0.00e+00 1.42e-01  1.92e-01     0s
   3  -9.10835604e+02 -9.51161363e+02  0.00e+00 6.29e-03  2.77e-02     0s
   4  -9.17070567e+02 -9.35859067e+02  0.00e+00 1.78e-15  1.29e-02     0s
   5  -9.27794018e+02 -9.33658332e+02  0.00e+00 1.78e-15  4.02e-03     0s
   6  -9.30871552e+02 -9.32322979e+02  0.00e+00 1.78e-15  9.94e-04     0s
   7  -9.31749983e+02 -9.32137440e+02  0.00e+00 1.78e-15  2.65e-04     0s
   8  -9.31847684e+02 -9.31871996e+02  0.00e+00 3.55e-15  1.66e-05     0s
   9  -9.31859189e+02 -9.31859319e+02  0.00e+00 3.55e-15  8.86e-08     0s
  10  -9.31859238e+02 -9.31859238e+02  0.00e+00 1.78e-15  8.86e-11     0s

Barrier solved model in 10 iterations and 0.02 seconds
Optimal objective -9.31859238e+02


Root relaxation: objective -9.318592e+02, 51 iterations, 0.01 seconds

    Nodes    |    Current Node    |     Objective Bounds      |     Work
 Expl Unexpl |  Obj  Depth IntInf | Incumbent    BestBd   Gap | It/Node Time

     0     0 -931.85924    0   39 -844.31800 -931.85924  10.4%     -    0s
H    0     0                    -917.7140000 -931.85924  1.54%     -    0s
H    0     0                    -918.7700000 -931.85924  1.42%     -    0s
     0     0 -924.66751    0   46 -918.77000 -924.66751  0.64%     -    0s

Cutting planes:
  Gomory: 3
  Cover: 1
  MIR: 38

Explored 0 nodes (175 simplex iterations) in 0.05 seconds
Thread count was 16 (of 16 available processors)

Optimal solution found (tolerance 1.00e-02)
Best objective -9.187700000000e+02, best bound -9.246675140709e+02, gap 0.6419%
Changed value of parameter MIPGap to 0.01
   Prev: 0.0001  Min: 0.0  Max: 1e+100  Default: 0.0001
Changed value of parameter TimeLimit to 1800.0
   Prev: 1e+100  Min: 0.0  Max: 1e+100  Default: 1e+100
Changed value of parameter Method to 2
   Prev: -1  Min: -1  Max: 4  Default: -1
Changed value of parameter MIPFocus to 1
   Prev: 0  Min: 0  Max: 3  Default: 0
Optimize a model with 2138 rows, 3057 columns and 6114 nonzeros
Coefficient statistics:
  Matrix range    [1e+00, 2e+01]
  Objective range [1e+00, 1e+00]
  Bounds range    [1e+00, 1e+00]
  RHS range       [8e+01, 8e+01]
Found heuristic solution: objective 0
Presolve removed 2075 rows and 2356 columns
Presolve time: 0.01s
Presolved: 63 rows, 701 columns, 1233 nonzeros
Found heuristic solution: objective -850.6360000
Variable types: 0 continuous, 701 integer (587 binary)
Optimize a model with 63 rows, 701 columns and 1233 nonzeros
Coefficient statistics:
  Matrix range    [1e+00, 2e+01]
  Objective range [1e+00, 1e+00]
  Bounds range    [1e+00, 7e+00]
  RHS range       [1e+01, 8e+01]
Presolved: 63 rows, 701 columns, 1233 nonzeros

Root barrier log...

Ordering time: 0.00s

Barrier statistics:
 AA' NZ     : 5.080e+02
 Factor NZ  : 1.825e+03
 Factor Ops : 6.962e+04 (less than 1 second per iteration)
 Threads    : 1

                  Objective                Residual
Iter       Primal          Dual         Primal    Dual     Compl     Time
   0  -2.41531370e+03 -3.44044971e+03  1.43e+01 1.86e-02  6.20e+00     0s
   1  -9.18598432e+02 -2.31538103e+03  1.12e+00 1.23e+00  1.37e+00     0s
   2  -8.38139796e+02 -1.11300413e+03  0.00e+00 1.42e-01  1.92e-01     0s
   3  -9.16731684e+02 -9.64322837e+02  0.00e+00 1.26e-02  3.27e-02     0s
   4  -9.23080451e+02 -9.42853685e+02  0.00e+00 2.20e-04  1.36e-02     0s
   5  -9.33764630e+02 -9.40011446e+02  0.00e+00 1.78e-15  4.28e-03     0s
   6  -9.37188191e+02 -9.38545706e+02  0.00e+00 1.78e-15  9.29e-04     0s
   7  -9.37553780e+02 -9.38027489e+02  0.00e+00 1.78e-15  3.24e-04     0s
   8  -9.37785205e+02 -9.37835943e+02  0.00e+00 2.08e-06  3.47e-05     0s
   9  -9.37813671e+02 -9.37814417e+02  0.00e+00 3.55e-15  5.10e-07     0s
  10  -9.37813714e+02 -9.37813715e+02  0.00e+00 3.55e-15  5.10e-10     0s

Barrier solved model in 10 iterations and 0.02 seconds
Optimal objective -9.37813714e+02


Root relaxation: objective -9.378137e+02, 50 iterations, 0.01 seconds

    Nodes    |    Current Node    |     Objective Bounds      |     Work
 Expl Unexpl |  Obj  Depth IntInf | Incumbent    BestBd   Gap | It/Node Time

     0     0 -937.81371    0   39 -850.63600 -937.81371  10.2%     -    0s
H    0     0                    -923.4280000 -937.81371  1.56%     -    0s
H    0     0                    -924.5560000 -937.81371  1.43%     -    0s
     0     0 -930.74380    0   37 -924.55600 -930.74380  0.67%     -    0s

Cutting planes:
  Gomory: 3
  Cover: 1
  MIR: 38

Explored 0 nodes (172 simplex iterations) in 0.04 seconds
Thread count was 16 (of 16 available processors)

Optimal solution found (tolerance 1.00e-02)
Best objective -9.245560000000e+02, best bound -9.307437968532e+02, gap 0.6693%
Changed value of parameter MIPGap to 0.01
   Prev: 0.0001  Min: 0.0  Max: 1e+100  Default: 0.0001
Changed value of parameter TimeLimit to 1800.0
   Prev: 1e+100  Min: 0.0  Max: 1e+100  Default: 1e+100
Changed value of parameter Method to 2
   Prev: -1  Min: -1  Max: 4  Default: -1
Changed value of parameter MIPFocus to 1
   Prev: 0  Min: 0  Max: 3  Default: 0
Optimize a model with 2138 rows, 3057 columns and 6114 nonzeros
Coefficient statistics:
  Matrix range    [1e+00, 2e+01]
  Objective range [1e+00, 1e+00]
  Bounds range    [1e+00, 1e+00]
  RHS range       [8e+01, 8e+01]
Found heuristic solution: objective 0
Presolve removed 2075 rows and 2356 columns
Presolve time: 0.01s
Presolved: 63 rows, 701 columns, 1233 nonzeros
Found heuristic solution: objective -853.7950000
Variable types: 0 continuous, 701 integer (587 binary)
Optimize a model with 63 rows, 701 columns and 1233 nonzeros
Coefficient statistics:
  Matrix range    [1e+00, 2e+01]
  Objective range [1e+00, 1e+00]
  Bounds range    [1e+00, 7e+00]
  RHS range       [1e+01, 8e+01]
Presolved: 63 rows, 701 columns, 1233 nonzeros

Root barrier log...

Ordering time: 0.00s

Barrier statistics:
 AA' NZ     : 5.080e+02
 Factor NZ  : 1.825e+03
 Factor Ops : 6.962e+04 (less than 1 second per iteration)
 Threads    : 1

                  Objective                Residual
Iter       Primal          Dual         Primal    Dual     Compl     Time
   0  -2.42262788e+03 -3.44298364e+03  1.43e+01 1.46e-02  6.20e+00     0s
   1  -9.21727281e+02 -2.31800278e+03  1.12e+00 1.23e+00  1.37e+00     0s
   2  -8.41088240e+02 -1.11587998e+03  0.00e+00 1.42e-01  1.92e-01     0s
   3  -9.19435532e+02 -9.67998913e+02  0.00e+00 1.32e-02  3.34e-02     0s
   4  -9.25932933e+02 -9.46341663e+02  0.00e+00 1.35e-05  1.40e-02     0s
   5  -9.36424412e+02 -9.43199072e+02  0.00e+00 1.78e-15  4.64e-03     0s
   6  -9.40323353e+02 -9.41649898e+02  0.00e+00 1.78e-15  9.08e-04     0s
   7  -9.40653937e+02 -9.40941828e+02  0.00e+00 3.55e-15  1.97e-04     0s
   8  -9.40776723e+02 -9.40805138e+02  0.00e+00 3.55e-15  1.94e-05     0s
   9  -9.40790909e+02 -9.40791010e+02  0.00e+00 1.78e-15  6.92e-08     0s
  10  -9.40790952e+02 -9.40790952e+02  0.00e+00 1.78e-15  6.92e-11     0s

Barrier solved model in 10 iterations and 0.02 seconds
Optimal objective -9.40790952e+02


Root relaxation: objective -9.407910e+02, 50 iterations, 0.01 seconds

    Nodes    |    Current Node    |     Objective Bounds      |     Work
 Expl Unexpl |  Obj  Depth IntInf | Incumbent    BestBd   Gap | It/Node Time

     0     0 -940.79095    0   39 -853.79500 -940.79095  10.2%     -    0s
H    0     0                    -926.2850000 -940.79095  1.57%     -    0s
     0     0 -933.78450    0   38 -926.28500 -933.78450  0.81%     -    0s

Cutting planes:
  Gomory: 3
  Cover: 1
  MIR: 38

Explored 0 nodes (184 simplex iterations) in 0.04 seconds
Thread count was 16 (of 16 available processors)

Optimal solution found (tolerance 1.00e-02)
Best objective -9.262850000000e+02, best bound -9.337800000000e+02, gap 0.8091%
Changed value of parameter MIPGap to 0.01
   Prev: 0.0001  Min: 0.0  Max: 1e+100  Default: 0.0001
Changed value of parameter TimeLimit to 1800.0
   Prev: 1e+100  Min: 0.0  Max: 1e+100  Default: 1e+100
Changed value of parameter Method to 2
   Prev: -1  Min: -1  Max: 4  Default: -1
Changed value of parameter MIPFocus to 1
   Prev: 0  Min: 0  Max: 3  Default: 0
Optimize a model with 2138 rows, 3057 columns and 6114 nonzeros
Coefficient statistics:
  Matrix range    [1e+00, 2e+01]
  Objective range [1e+00, 1e+00]
  Bounds range    [1e+00, 1e+00]
  RHS range       [8e+01, 8e+01]
Found heuristic solution: objective 0
Presolve removed 2075 rows and 2356 columns
Presolve time: 0.01s
Presolved: 63 rows, 701 columns, 1233 nonzeros
Found heuristic solution: objective -869.5900000
Variable types: 0 continuous, 701 integer (587 binary)
Optimize a model with 63 rows, 701 columns and 1233 nonzeros
Coefficient statistics:
  Matrix range    [1e+00, 2e+01]
  Objective range [1e+00, 1e+00]
  Bounds range    [1e+00, 7e+00]
  RHS range       [1e+01, 8e+01]
Presolved: 63 rows, 701 columns, 1233 nonzeros

Root barrier log...

Ordering time: 0.00s

Barrier statistics:
 AA' NZ     : 5.080e+02
 Factor NZ  : 1.825e+03
 Factor Ops : 6.962e+04 (less than 1 second per iteration)
 Threads    : 1

                  Objective                Residual
Iter       Primal          Dual         Primal    Dual     Compl     Time
   0  -2.45920318e+03 -3.45785842e+03  1.43e+01 1.78e-15  6.20e+00     0s
   1  -9.37197793e+02 -2.33242719e+03  1.12e+00 1.23e+00  1.36e+00     0s
   2  -8.55811852e+02 -1.13045020e+03  0.00e+00 1.41e-01  1.92e-01     0s
   3  -9.33278805e+02 -9.86442557e+02  0.00e+00 1.59e-02  3.65e-02     0s
   4  -9.40907652e+02 -9.70375243e+02  0.00e+00 1.78e-15  2.02e-02     0s
   5  -9.50593408e+02 -9.65879994e+02  0.00e+00 3.55e-15  1.05e-02     0s
   6  -9.54580537e+02 -9.58648908e+02  0.00e+00 1.78e-15  2.78e-03     0s
   7  -9.55575255e+02 -9.56860837e+02  4.44e-06 1.78e-15  8.79e-04     0s
   8  -9.56002327e+02 -9.56398086e+02  0.00e+00 1.78e-15  2.71e-04     0s
   9  -9.56159395e+02 -9.56174293e+02  0.00e+00 1.78e-15  1.02e-05     0s
  10  -9.56162854e+02 -9.56162869e+02  0.00e+00 3.55e-15  1.02e-08     0s
  11  -9.56162857e+02 -9.56162857e+02  0.00e+00 3.55e-15  1.02e-11     0s

Barrier solved model in 11 iterations and 0.02 seconds
Optimal objective -9.56162857e+02


Root relaxation: objective -9.561629e+02, 43 iterations, 0.01 seconds

    Nodes    |    Current Node    |     Objective Bounds      |     Work
 Expl Unexpl |  Obj  Depth IntInf | Incumbent    BestBd   Gap | It/Node Time

     0     0 -956.16286    0   43 -869.59000 -956.16286  10.0%     -    0s
H    0     0                    -939.2600000 -956.16286  1.80%     -    0s
H    0     0                    -941.1700000 -956.16286  1.59%     -    0s
H    0     0                    -942.5100000 -956.16286  1.45%     -    0s
     0     0 -949.06744    0   35 -942.51000 -949.06744  0.70%     -    0s

Cutting planes:
  Gomory: 2
  Cover: 1
  MIR: 43

Explored 0 nodes (162 simplex iterations) in 0.05 seconds
Thread count was 16 (of 16 available processors)

Optimal solution found (tolerance 1.00e-02)
Best objective -9.425100000000e+02, best bound -9.490600000000e+02, gap 0.6950%
Changed value of parameter MIPGap to 0.01
   Prev: 0.0001  Min: 0.0  Max: 1e+100  Default: 0.0001
Changed value of parameter TimeLimit to 1800.0
   Prev: 1e+100  Min: 0.0  Max: 1e+100  Default: 1e+100
Changed value of parameter Method to 2
   Prev: -1  Min: -1  Max: 4  Default: -1
Changed value of parameter MIPFocus to 1
   Prev: 0  Min: 0  Max: 3  Default: 0
Optimize a model with 2138 rows, 3057 columns and 6114 nonzeros
Coefficient statistics:
  Matrix range    [1e+00, 2e+01]
  Objective range [1e+00, 1e+00]
  Bounds range    [1e+00, 1e+00]
  RHS range       [8e+01, 8e+01]
Found heuristic solution: objective 0
Presolve removed 2075 rows and 2356 columns
Presolve time: 0.01s
Presolved: 63 rows, 701 columns, 1233 nonzeros
Found heuristic solution: objective -901.1800000
Variable types: 0 continuous, 701 integer (587 binary)
Optimize a model with 63 rows, 701 columns and 1233 nonzeros
Coefficient statistics:
  Matrix range    [1e+00, 2e+01]
  Objective range [1e+00, 1e+00]
  Bounds range    [1e+00, 7e+00]
  RHS range       [1e+01, 8e+01]
Presolved: 63 rows, 701 columns, 1233 nonzeros

Root barrier log...

Ordering time: 0.00s

Barrier statistics:
 AA' NZ     : 5.080e+02
 Factor NZ  : 1.825e+03
 Factor Ops : 6.962e+04 (less than 1 second per iteration)
 Threads    : 1

                  Objective                Residual
Iter       Primal          Dual         Primal    Dual     Compl     Time
   0  -2.53234906e+03 -3.48851609e+03  1.43e+01 1.33e-15  6.20e+00     0s
   1  -9.68126397e+02 -2.36185381e+03  1.11e+00 1.23e+00  1.36e+00     0s
   2  -8.85477071e+02 -1.15933694e+03  0.00e+00 1.40e-01  1.91e-01     0s
   3  -9.60939282e+02 -1.02111703e+03  0.00e+00 1.98e-02  4.14e-02     0s
   4  -9.70405810e+02 -1.00096652e+03  0.00e+00 3.55e-15  2.10e-02     0s
   5  -9.81410401e+02 -9.96560147e+02  0.00e+00 3.55e-15  1.04e-02     0s
   6  -9.85551882e+02 -9.90783732e+02  0.00e+00 1.78e-15  3.58e-03     0s
   7  -9.86632772e+02 -9.87994930e+02  0.00e+00 1.78e-15  9.31e-04     0s
   8  -9.87180676e+02 -9.87270633e+02  0.00e+00 3.55e-15  6.15e-05     0s
   9  -9.87230426e+02 -9.87230517e+02  0.00e+00 3.55e-15  6.22e-08     0s
  10  -9.87230476e+02 -9.87230476e+02  0.00e+00 3.55e-15  6.22e-11     0s

Barrier solved model in 10 iterations and 0.02 seconds
Optimal objective -9.87230476e+02


Root relaxation: objective -9.872305e+02, 42 iterations, 0.01 seconds

    Nodes    |    Current Node    |     Objective Bounds      |     Work
 Expl Unexpl |  Obj  Depth IntInf | Incumbent    BestBd   Gap | It/Node Time

     0     0 -987.23048    0   42 -901.18000 -987.23048  9.55%     -    0s
H    0     0                    -968.2000000 -987.23048  1.97%     -    0s
H    0     0                    -970.7600000 -987.23048  1.70%     -    0s
H    0     0                    -972.1400000 -987.23048  1.55%     -    0s
     0     0 -979.79978    0   46 -972.14000 -979.79978  0.79%     -    0s

Cutting planes:
  Gomory: 3
  Cover: 1
  MIR: 42

Explored 0 nodes (188 simplex iterations) in 0.05 seconds
Thread count was 16 (of 16 available processors)

Optimal solution found (tolerance 1.00e-02)
Best objective -9.721400000000e+02, best bound -9.797800000000e+02, gap 0.7859%
Changed value of parameter MIPGap to 0.01
   Prev: 0.0001  Min: 0.0  Max: 1e+100  Default: 0.0001
Changed value of parameter TimeLimit to 1800.0
   Prev: 1e+100  Min: 0.0  Max: 1e+100  Default: 1e+100
Changed value of parameter Method to 2
   Prev: -1  Min: -1  Max: 4  Default: -1
Changed value of parameter MIPFocus to 1
   Prev: 0  Min: 0  Max: 3  Default: 0
Optimize a model with 2138 rows, 3057 columns and 6114 nonzeros
Coefficient statistics:
  Matrix range    [1e+00, 2e+01]
  Objective range [1e+00, 2e+00]
  Bounds range    [1e+00, 1e+00]
  RHS range       [8e+01, 8e+01]
Found heuristic solution: objective 0
Presolve removed 2075 rows and 2356 columns
Presolve time: 0.01s
Presolved: 63 rows, 701 columns, 1233 nonzeros
Found heuristic solution: objective -964.3600000
Variable types: 0 continuous, 701 integer (587 binary)
Optimize a model with 63 rows, 701 columns and 1233 nonzeros
Coefficient statistics:
  Matrix range    [1e+00, 2e+01]
  Objective range [1e+00, 2e+00]
  Bounds range    [1e+00, 7e+00]
  RHS range       [1e+01, 8e+01]
Presolve removed 0 rows and 1 columns
Presolved: 63 rows, 700 columns, 1232 nonzeros

Root barrier log...

Ordering time: 0.00s

Barrier statistics:
 AA' NZ     : 5.080e+02
 Factor NZ  : 1.825e+03
 Factor Ops : 6.962e+04 (less than 1 second per iteration)
 Threads    : 1

                  Objective                Residual
Iter       Primal          Dual         Primal    Dual     Compl     Time
   0  -2.67928594e+03 -3.54860702e+03  1.44e+01 1.33e-15  6.21e+00     0s
   1  -1.03015144e+03 -2.41946443e+03  1.10e+00 1.22e+00  1.36e+00     0s
   2  -9.51625287e+02 -1.21656530e+03  0.00e+00 1.36e-01  1.85e-01     0s
   3  -1.02339052e+03 -1.08024044e+03  0.00e+00 1.72e-02  3.91e-02     0s
   4  -1.03025567e+03 -1.05424877e+03  0.00e+00 3.55e-15  1.65e-02     0s
   5  -1.04183365e+03 -1.05157187e+03  0.00e+00 1.78e-15  6.68e-03     0s
   6  -1.04766840e+03 -1.05011239e+03  0.00e+00 1.78e-15  1.68e-03     0s
   7  -1.04907416e+03 -1.04957327e+03  0.00e+00 1.78e-15  3.42e-04     0s
   8  -1.04938828e+03 -1.04941882e+03  0.00e+00 3.55e-15  2.09e-05     0s
   9  -1.04940855e+03 -1.04940858e+03  0.00e+00 3.55e-15  2.32e-08     0s
  10  -1.04940857e+03 -1.04940857e+03  0.00e+00 3.55e-15  2.32e-11     0s

Barrier solved model in 10 iterations and 0.02 seconds
Optimal objective -1.04940857e+03


Root relaxation: objective -1.049409e+03, 39 iterations, 0.01 seconds

    Nodes    |    Current Node    |     Objective Bounds      |     Work
 Expl Unexpl |  Obj  Depth IntInf | Incumbent    BestBd   Gap | It/Node Time

     0     0 -1049.4086    0   48 -964.36000 -1049.4086  8.82%     -    0s
H    0     0                    -1027.160000 -1049.4086  2.17%     -    0s
H    0     0                    -1031.720000 -1049.4086  1.71%     -    0s
     0     0 -1040.8560    0   61 -1031.7200 -1040.8560  0.89%     -    0s

Cutting planes:
  Gomory: 1
  Cover: 2
  MIR: 42

Explored 0 nodes (187 simplex iterations) in 0.05 seconds
Thread count was 16 (of 16 available processors)

Optimal solution found (tolerance 1.00e-02)
Best objective -1.031720000000e+03, best bound -1.040840000000e+03, gap 0.8840%
Changed value of parameter MIPGap to 0.01
   Prev: 0.0001  Min: 0.0  Max: 1e+100  Default: 0.0001
Changed value of parameter TimeLimit to 1800.0
   Prev: 1e+100  Min: 0.0  Max: 1e+100  Default: 1e+100
Changed value of parameter Method to 2
   Prev: -1  Min: -1  Max: 4  Default: -1
Changed value of parameter MIPFocus to 1
   Prev: 0  Min: 0  Max: 3  Default: 0
Optimize a model with 2138 rows, 3057 columns and 6114 nonzeros
Coefficient statistics:
  Matrix range    [1e+00, 2e+01]
  Objective range [1e+00, 2e+00]
  Bounds range    [1e+00, 1e+00]
  RHS range       [8e+01, 8e+01]
Found heuristic solution: objective 0
Presolve removed 2075 rows and 2356 columns
Presolve time: 0.01s
Presolved: 63 rows, 701 columns, 1233 nonzeros
Found heuristic solution: objective -995.9500000
Variable types: 0 continuous, 701 integer (587 binary)
Optimize a model with 63 rows, 701 columns and 1233 nonzeros
Coefficient statistics:
  Matrix range    [1e+00, 2e+01]
  Objective range [1e+00, 2e+00]
  Bounds range    [1e+00, 7e+00]
  RHS range       [1e+01, 8e+01]
Presolved: 63 rows, 701 columns, 1233 nonzeros

Root barrier log...

Ordering time: 0.00s

Barrier statistics:
 AA' NZ     : 5.080e+02
 Factor NZ  : 1.825e+03
 Factor Ops : 6.962e+04 (less than 1 second per iteration)
 Threads    : 1

                  Objective                Residual
Iter       Primal          Dual         Primal    Dual     Compl     Time
   0  -2.75172969e+03 -3.58048910e+03  1.43e+01 1.78e-15  6.21e+00     0s
   1  -1.06142856e+03 -2.45043616e+03  1.09e+00 1.22e+00  1.36e+00     0s
   2  -9.80096794e+02 -1.24590202e+03  0.00e+00 1.34e-01  1.85e-01     0s
   3  -1.05357776e+03 -1.10476400e+03  0.00e+00 1.14e-02  3.51e-02     0s
   4  -1.06148226e+03 -1.08500213e+03  0.00e+00 1.78e-15  1.61e-02     0s
   5  -1.07292029e+03 -1.08268519e+03  0.00e+00 1.78e-15  6.69e-03     0s
   6  -1.07867154e+03 -1.08150881e+03  0.00e+00 1.78e-15  1.94e-03     0s
   7  -1.07996658e+03 -1.08076334e+03  0.00e+00 1.78e-15  5.46e-04     0s
   8  -1.08063528e+03 -1.08066075e+03  0.00e+00 1.78e-15  1.74e-05     0s
   9  -1.08064444e+03 -1.08064446e+03  0.00e+00 1.78e-15  1.77e-08     0s
  10  -1.08064444e+03 -1.08064444e+03  0.00e+00 1.78e-15  1.77e-11     0s

Barrier solved model in 10 iterations and 0.02 seconds
Optimal objective -1.08064444e+03


Root relaxation: objective -1.080644e+03, 46 iterations, 0.01 seconds

    Nodes    |    Current Node    |     Objective Bounds      |     Work
 Expl Unexpl |  Obj  Depth IntInf | Incumbent    BestBd   Gap | It/Node Time

     0     0 -1080.6444    0   41 -995.95000 -1080.6444  8.50%     -    0s
H    0     0                    -1056.200000 -1080.6444  2.31%     -    0s
H    0     0                    -1060.450000 -1080.6444  1.90%     -    0s
H    0     0                    -1063.850000 -1080.6444  1.58%     -    0s
     0     0 -1071.6702    0   62 -1063.8500 -1071.6702  0.74%     -    0s

Cutting planes:
  Gomory: 3
  Cover: 1
  MIR: 40

Explored 0 nodes (222 simplex iterations) in 0.06 seconds
Thread count was 16 (of 16 available processors)

Optimal solution found (tolerance 1.00e-02)
Best objective -1.063850000000e+03, best bound -1.071650000000e+03, gap 0.7332%
Changed value of parameter MIPGap to 0.01
   Prev: 0.0001  Min: 0.0  Max: 1e+100  Default: 0.0001
Changed value of parameter TimeLimit to 1800.0
   Prev: 1e+100  Min: 0.0  Max: 1e+100  Default: 1e+100
Changed value of parameter Method to 2
   Prev: -1  Min: -1  Max: 4  Default: -1
Changed value of parameter MIPFocus to 1
   Prev: 0  Min: 0  Max: 3  Default: 0
Optimize a model with 2138 rows, 3057 columns and 6114 nonzeros
Coefficient statistics:
  Matrix range    [1e+00, 2e+01]
  Objective range [1e+00, 3e+00]
  Bounds range    [1e+00, 1e+00]
  RHS range       [8e+01, 8e+01]
Found heuristic solution: objective 0
Presolve removed 2075 rows and 2356 columns
Presolve time: 0.01s
Presolved: 63 rows, 701 columns, 1233 nonzeros
Found heuristic solution: objective -1151.500000
Variable types: 0 continuous, 701 integer (587 binary)
Optimize a model with 63 rows, 701 columns and 1233 nonzeros
Coefficient statistics:
  Matrix range    [1e+00, 2e+01]
  Objective range [1e+00, 3e+00]
  Bounds range    [1e+00, 7e+00]
  RHS range       [1e+01, 8e+01]
Presolved: 63 rows, 701 columns, 1233 nonzeros

Root barrier log...

Ordering time: 0.00s

Barrier statistics:
 AA' NZ     : 5.080e+02
 Factor NZ  : 1.825e+03
 Factor Ops : 6.962e+04 (less than 1 second per iteration)
 Threads    : 1

                  Objective                Residual
Iter       Primal          Dual         Primal    Dual     Compl     Time
   0  -3.11717511e+03 -3.73377746e+03  1.43e+01 1.33e-15  6.21e+00     0s
   1  -1.21856862e+03 -2.59907848e+03  1.05e+00 1.20e+00  1.34e+00     0s
   2  -1.14075942e+03 -1.39040447e+03  0.00e+00 1.22e-01  1.73e-01     0s
   3  -1.21593150e+03 -1.25344415e+03  0.00e+00 1.56e-03  2.57e-02     0s
   4  -1.23165094e+03 -1.24193468e+03  0.00e+00 1.78e-15  7.04e-03     0s
   5  -1.23539694e+03 -1.23998507e+03  0.00e+00 3.55e-15  3.14e-03     0s
   6  -1.23737531e+03 -1.23865603e+03  0.00e+00 1.78e-15  8.77e-04     0s
   7  -1.23796626e+03 -1.23824621e+03  0.00e+00 1.78e-15  1.92e-04     0s
   8  -1.23809976e+03 -1.23812963e+03  0.00e+00 1.78e-15  2.04e-05     0s
   9  -1.23810979e+03 -1.23810983e+03  0.00e+00 3.55e-15  2.13e-08     0s
  10  -1.23810981e+03 -1.23810981e+03  0.00e+00 3.55e-15  2.13e-11     0s

Barrier solved model in 10 iterations and 0.02 seconds
Optimal objective -1.23810981e+03


Root relaxation: objective -1.238110e+03, 19 iterations, 0.01 seconds

    Nodes    |    Current Node    |     Objective Bounds      |     Work
 Expl Unexpl |  Obj  Depth IntInf | Incumbent    BestBd   Gap | It/Node Time

     0     0 -1238.1098    0   50 -1151.5000 -1238.1098  7.52%     -    0s
H    0     0                    -1209.500000 -1238.1098  2.37%     -    0s
H    0     0                    -1212.500000 -1238.1098  2.11%     -    0s
H    0     0                    -1213.200000 -1238.1098  2.05%     -    0s
     0     0 -1228.9880    0   68 -1213.2000 -1228.9880  1.30%     -    0s
H    0     0                    -1218.500000 -1228.9880  0.86%     -    0s

Cutting planes:
  Gomory: 2
  Cover: 1
  MIR: 42

Explored 0 nodes (182 simplex iterations) in 0.08 seconds
Thread count was 16 (of 16 available processors)

Optimal solution found (tolerance 1.00e-02)
Best objective -1.218500000000e+03, best bound -1.228900000000e+03, gap 0.8535%
Changed value of parameter MIPGap to 0.01
   Prev: 0.0001  Min: 0.0  Max: 1e+100  Default: 0.0001
Changed value of parameter TimeLimit to 1800.0
   Prev: 1e+100  Min: 0.0  Max: 1e+100  Default: 1e+100
Changed value of parameter Method to 2
   Prev: -1  Min: -1  Max: 4  Default: -1
Changed value of parameter MIPFocus to 1
   Prev: 0  Min: 0  Max: 3  Default: 0
Optimize a model with 2138 rows, 3057 columns and 6114 nonzeros
Coefficient statistics:
  Matrix range    [1e+00, 2e+01]
  Objective range [1e+00, 5e+00]
  Bounds range    [1e+00, 1e+00]
  RHS range       [8e+01, 8e+01]
Found heuristic solution: objective 0
Presolve removed 2075 rows and 2356 columns
Presolve time: 0.01s
Presolved: 63 rows, 701 columns, 1233 nonzeros
Found heuristic solution: objective -1470.400000
Variable types: 0 continuous, 701 integer (587 binary)
Optimize a model with 63 rows, 701 columns and 1233 nonzeros
Coefficient statistics:
  Matrix range    [1e+00, 2e+01]
  Objective range [1e+00, 5e+00]
  Bounds range    [1e+00, 7e+00]
  RHS range       [1e+01, 8e+01]
Presolved: 63 rows, 701 columns, 1233 nonzeros

Root barrier log...

Ordering time: 0.00s

Barrier statistics:
 AA' NZ     : 5.080e+02
 Factor NZ  : 1.825e+03
 Factor Ops : 6.962e+04 (less than 1 second per iteration)
 Threads    : 1

                  Objective                Residual
Iter       Primal          Dual         Primal    Dual     Compl     Time
   0  -3.84736536e+03 -4.04035417e+03  1.43e+01 1.78e-15  6.22e+00     0s
   1  -1.53844867e+03 -2.90007914e+03  9.69e-01 1.17e+00  1.31e+00     0s
   2  -1.48263182e+03 -1.66751613e+03  0.00e+00 7.76e-02  1.27e-01     0s
   3  -1.53510806e+03 -1.57193661e+03  0.00e+00 3.55e-15  2.51e-02     0s
   4  -1.54903690e+03 -1.56362301e+03  0.00e+00 1.78e-15  9.96e-03     0s
   5  -1.55509973e+03 -1.56057802e+03  0.00e+00 1.78e-15  3.74e-03     0s
   6  -1.55661094e+03 -1.55918269e+03  0.00e+00 1.78e-15  1.76e-03     0s
   7  -1.55751247e+03 -1.55851407e+03  0.00e+00 1.78e-15  6.84e-04     0s
   8  -1.55802595e+03 -1.55832823e+03  0.00e+00 1.78e-15  2.06e-04     0s
   9  -1.55817741e+03 -1.55819022e+03  0.00e+00 1.78e-15  8.74e-06     0s
  10  -1.55818032e+03 -1.55818037e+03  0.00e+00 1.78e-15  2.96e-08     0s
  11  -1.55818034e+03 -1.55818034e+03  0.00e+00 1.78e-15  2.96e-11     0s

Barrier solved model in 11 iterations and 0.02 seconds
Optimal objective -1.55818034e+03


Root relaxation: objective -1.558180e+03, 23 iterations, 0.01 seconds

    Nodes    |    Current Node    |     Objective Bounds      |     Work
 Expl Unexpl |  Obj  Depth IntInf | Incumbent    BestBd   Gap | It/Node Time

     0     0 -1558.1803    0   53 -1470.4000 -1558.1803  5.97%     -    0s
H    0     0                    -1514.600000 -1558.1803  2.88%     -    0s
H    0     0                    -1522.000000 -1558.1803  2.38%     -    0s
H    0     0                    -1522.600000 -1558.1803  2.34%     -    0s
     0     0 -1548.9274    0   84 -1522.6000 -1548.9274  1.73%     -    0s
H    0     0                    -1530.600000 -1548.9274  1.20%     -    0s
     0     0 -1548.8633    0   88 -1530.6000 -1548.8633  1.19%     -    0s
H    0     0                    -1531.200000 -1548.8633  1.15%     -    0s
     0     0 -1547.0917    0  100 -1531.2000 -1547.0917  1.04%     -    0s
     0     0 -1545.8421    0  108 -1531.2000 -1545.8421  0.96%     -    0s

Cutting planes:
  Gomory: 7
  Cover: 4
  MIR: 87

Explored 0 nodes (580 simplex iterations) in 0.13 seconds
Thread count was 16 (of 16 available processors)

Optimal solution found (tolerance 1.00e-02)
Best objective -1.531200000000e+03, best bound -1.545800000000e+03, gap 0.9535%
Changed value of parameter MIPGap to 0.01
   Prev: 0.0001  Min: 0.0  Max: 1e+100  Default: 0.0001
Changed value of parameter TimeLimit to 1800.0
   Prev: 1e+100  Min: 0.0  Max: 1e+100  Default: 1e+100
Changed value of parameter Method to 2
   Prev: -1  Min: -1  Max: 4  Default: -1
Changed value of parameter MIPFocus to 1
   Prev: 0  Min: 0  Max: 3  Default: 0
Optimize a model with 2138 rows, 3057 columns and 6114 nonzeros
Coefficient statistics:
  Matrix range    [1e+00, 2e+01]
  Objective range [1e+00, 9e+00]
  Bounds range    [1e+00, 1e+00]
  RHS range       [8e+01, 8e+01]
Found heuristic solution: objective 0
Presolve removed 2075 rows and 2356 columns
Presolve time: 0.01s
Presolved: 63 rows, 701 columns, 1233 nonzeros
Found heuristic solution: objective -2113.000000
Variable types: 0 continuous, 701 integer (587 binary)
Optimize a model with 63 rows, 701 columns and 1233 nonzeros
Coefficient statistics:
  Matrix range    [1e+00, 2e+01]
  Objective range [1e+00, 9e+00]
  Bounds range    [1e+00, 7e+00]
  RHS range       [1e+01, 8e+01]
Presolve removed 0 rows and 56 columns
Presolved: 63 rows, 645 columns, 1169 nonzeros

Root barrier log...

Ordering time: 0.00s

Barrier statistics:
 AA' NZ     : 5.080e+02
 Factor NZ  : 1.825e+03
 Factor Ops : 6.962e+04 (less than 1 second per iteration)
 Threads    : 1

                  Objective                Residual
Iter       Primal          Dual         Primal    Dual     Compl     Time
   0  -5.21382257e+03 -4.90152520e+03  1.45e+01 1.78e-15  7.20e+00     0s
   1  -2.23953422e+03 -3.74989897e+03  1.08e+00 1.24e+00  1.63e+00     0s
   2  -2.14861307e+03 -2.40104652e+03  3.28e-03 1.07e-01  1.89e-01     0s
   3  -2.19666260e+03 -2.25552135e+03  1.95e-04 1.33e-02  4.37e-02     0s
   4  -2.20326399e+03 -2.23422919e+03  0.00e+00 1.78e-15  2.30e-02     0s
   5  -2.20645119e+03 -2.22196321e+03  0.00e+00 3.55e-15  1.15e-02     0s
   6  -2.20927707e+03 -2.21454807e+03  0.00e+00 3.55e-15  3.92e-03     0s
   7  -2.21144834e+03 -2.21210895e+03  0.00e+00 3.55e-15  4.89e-04     0s
   8  -2.21159955e+03 -2.21160104e+03  0.00e+00 3.55e-15  1.10e-06     0s
   9  -2.21160000e+03 -2.21160000e+03  0.00e+00 3.55e-15  1.10e-09     0s

Barrier solved model in 9 iterations and 0.02 seconds
Optimal objective -2.21160000e+03


Root relaxation: objective -2.211600e+03, 269 iterations, 0.01 seconds

    Nodes    |    Current Node    |     Objective Bounds      |     Work
 Expl Unexpl |  Obj  Depth IntInf | Incumbent    BestBd   Gap | It/Node Time

     0     0 -2211.6000    0   42 -2113.0000 -2211.6000  4.67%     -    0s
H    0     0                    -2156.800000 -2211.6000  2.54%     -    0s
H    0     0                    -2174.200000 -2211.6000  1.72%     -    0s
H    0     0                    -2179.000000 -2211.6000  1.50%     -    0s
     0     0 -2210.7000    0   75 -2179.0000 -2210.7000  1.45%     -    0s
     0     0 -2210.7000    0   59 -2179.0000 -2210.7000  1.45%     -    0s
H    0     0                    -2186.200000 -2210.7000  1.12%     -    0s
H    0     0                    -2186.800000 -2210.7000  1.09%     -    0s
     0     0 -2210.7000    0   79 -2186.8000 -2210.7000  1.09%     -    0s
     0     0 -2210.6000    0   70 -2186.8000 -2210.6000  1.09%     -    0s
H    0     0                    -2193.000000 -2210.6000  0.80%     -    0s

Cutting planes:
  Gomory: 1
  Cover: 1
  MIR: 68

Explored 0 nodes (903 simplex iterations) in 0.12 seconds
Thread count was 16 (of 16 available processors)

Optimal solution found (tolerance 1.00e-02)
Best objective -2.193000000000e+03, best bound -2.210600000000e+03, gap 0.8026%
Changed value of parameter MIPGap to 0.01
   Prev: 0.0001  Min: 0.0  Max: 1e+100  Default: 0.0001
Changed value of parameter TimeLimit to 1800.0
   Prev: 1e+100  Min: 0.0  Max: 1e+100  Default: 1e+100
Changed value of parameter Method to 2
   Prev: -1  Min: -1  Max: 4  Default: -1
Changed value of parameter MIPFocus to 1
   Prev: 0  Min: 0  Max: 3  Default: 0
Optimize a model with 2138 rows, 3057 columns and 6114 nonzeros
Coefficient statistics:
  Matrix range    [1e+00, 2e+01]
  Objective range [2e+00, 1e+01]
  Bounds range    [1e+00, 1e+00]
  RHS range       [8e+01, 8e+01]
Found heuristic solution: objective 0
Presolve removed 2075 rows and 2356 columns
Presolve time: 0.01s
Presolved: 63 rows, 701 columns, 1233 nonzeros
Found heuristic solution: objective -2437.500000
Variable types: 0 continuous, 701 integer (587 binary)
Optimize a model with 63 rows, 701 columns and 1233 nonzeros
Coefficient statistics:
  Matrix range    [1e+00, 2e+01]
  Objective range [2e+00, 1e+01]
  Bounds range    [1e+00, 7e+00]
  RHS range       [1e+01, 8e+01]
Presolve removed 0 rows and 4 columns
Presolved: 63 rows, 697 columns, 1229 nonzeros

Root barrier log...

Ordering time: 0.00s

Barrier statistics:
 AA' NZ     : 5.080e+02
 Factor NZ  : 1.795e+03
 Factor Ops : 6.632e+04 (less than 1 second per iteration)
 Threads    : 1

                  Objective                Residual
Iter       Primal          Dual         Primal    Dual     Compl     Time
   0  -6.01905325e+03 -5.89272741e+03  1.43e+01 1.78e-15  8.45e+00     0s
   1  -2.52840320e+03 -4.37720601e+03  8.82e-01 1.60e+00  1.75e+00     0s
   2  -2.47834066e+03 -2.78254730e+03  1.26e-02 1.57e-01  2.16e-01     0s
   3  -2.53945370e+03 -2.60459274e+03  1.36e-03 2.06e-02  4.54e-02     0s
   4  -2.54592450e+03 -2.57470268e+03  9.08e-04 3.55e-15  2.02e-02     0s
   5  -2.55685624e+03 -2.56844825e+03  1.86e-04 3.55e-15  8.07e-03     0s
   6  -2.56029512e+03 -2.56499324e+03  4.43e-05 3.55e-15  3.26e-03     0s
   7  -2.56193234e+03 -2.56334474e+03  0.00e+00 3.55e-15  9.78e-04     0s
   8  -2.56228181e+03 -2.56278600e+03  0.00e+00 3.55e-15  3.49e-04     0s
   9  -2.56242406e+03 -2.56259021e+03  0.00e+00 3.55e-15  1.14e-04     0s
  10  -2.56246040e+03 -2.56246549e+03  0.00e+00 3.55e-15  3.50e-06     0s
  11  -2.56246190e+03 -2.56246191e+03  0.00e+00 3.55e-15  3.56e-09     0s

Barrier solved model in 11 iterations and 0.02 seconds
Optimal objective -2.56246190e+03


Root relaxation: objective -2.562462e+03, 31 iterations, 0.01 seconds

    Nodes    |    Current Node    |     Objective Bounds      |     Work
 Expl Unexpl |  Obj  Depth IntInf | Incumbent    BestBd   Gap | It/Node Time

     0     0 -2562.4619    0   47 -2437.5000 -2562.4619  5.13%     -    0s
H    0     0                    -2522.500000 -2562.4619  1.58%     -    0s
H    0     0                    -2528.000000 -2562.4619  1.36%     -    0s
     0     0 -2560.7207    0   75 -2528.0000 -2560.7207  1.29%     -    0s
     0     0 -2560.6965    0   68 -2528.0000 -2560.6965  1.29%     -    0s
H    0     0                    -2535.500000 -2560.6965  0.99%     -    0s
H    0     0                    -2539.000000 -2560.6965  0.85%     -    0s
H    0     0                    -2539.500000 -2560.6965  0.83%     -    0s

Cutting planes:
  Cover: 3
  MIR: 76

Explored 0 nodes (229 simplex iterations) in 0.11 seconds
Thread count was 16 (of 16 available processors)

Optimal solution found (tolerance 1.00e-02)
Best objective -2.539500000000e+03, best bound -2.560500000000e+03, gap 0.8269%
Changed value of parameter MIPGap to 0.01
   Prev: 0.0001  Min: 0.0  Max: 1e+100  Default: 0.0001
Changed value of parameter TimeLimit to 1800.0
   Prev: 1e+100  Min: 0.0  Max: 1e+100  Default: 1e+100
Changed value of parameter Method to 2
   Prev: -1  Min: -1  Max: 4  Default: -1
Changed value of parameter MIPFocus to 1
   Prev: 0  Min: 0  Max: 3  Default: 0
Optimize a model with 2138 rows, 3057 columns and 6114 nonzeros
Coefficient statistics:
  Matrix range    [1e+00, 2e+01]
  Objective range [2e+00, 2e+01]
  Bounds range    [1e+00, 1e+00]
  RHS range       [8e+01, 8e+01]
Found heuristic solution: objective 0
Presolve removed 2075 rows and 2356 columns
Presolve time: 0.01s
Presolved: 63 rows, 701 columns, 1233 nonzeros
Found heuristic solution: objective -4072.000000
Variable types: 0 continuous, 701 integer (587 binary)
Optimize a model with 63 rows, 701 columns and 1233 nonzeros
Coefficient statistics:
  Matrix range    [1e+00, 2e+01]
  Objective range [2e+00, 2e+01]
  Bounds range    [1e+00, 7e+00]
  RHS range       [1e+01, 8e+01]
Presolve removed 0 rows and 52 columns
Presolved: 63 rows, 649 columns, 1176 nonzeros

Root barrier log...

Ordering time: 0.00s

Barrier statistics:
 AA' NZ     : 5.080e+02
 Factor NZ  : 1.656e+03
 Factor Ops : 5.533e+04 (less than 1 second per iteration)
 Threads    : 1

                  Objective                Residual
Iter       Primal          Dual         Primal    Dual     Compl     Time
   0  -9.78080717e+03 -1.11011071e+04  1.44e+01 3.55e-15  1.86e+01     0s
   1  -4.05697166e+03 -8.50954338e+03  5.97e-01 3.67e+00  4.05e+00     0s
   2  -4.10900914e+03 -4.76699212e+03  5.17e-03 3.34e-01  4.91e-01     0s
   3  -4.33819938e+03 -4.46682310e+03  0.00e+00 6.47e-02  9.47e-02     0s
   4  -4.36438470e+03 -4.41249109e+03  0.00e+00 3.66e-03  3.54e-02     0s
   5  -4.37514108e+03 -4.39790499e+03  0.00e+00 7.11e-15  1.67e-02     0s
   6  -4.37900424e+03 -4.38591300e+03  0.00e+00 7.11e-15  5.08e-03     0s
   7  -4.38069470e+03 -4.38352663e+03  0.00e+00 3.55e-15  2.08e-03     0s
   8  -4.38138046e+03 -4.38202881e+03  0.00e+00 7.11e-15  4.77e-04     0s
   9  -4.38170425e+03 -4.38172668e+03  0.00e+00 7.11e-15  1.65e-05     0s
  10  -4.38171784e+03 -4.38171787e+03  0.00e+00 7.11e-15  1.65e-08     0s
  11  -4.38171786e+03 -4.38171786e+03  0.00e+00 7.11e-15  1.65e-11     0s

Barrier solved model in 11 iterations and 0.02 seconds
Optimal objective -4.38171786e+03


Root relaxation: objective -4.381718e+03, 54 iterations, 0.01 seconds

    Nodes    |    Current Node    |     Objective Bounds      |     Work
 Expl Unexpl |  Obj  Depth IntInf | Incumbent    BestBd   Gap | It/Node Time

     0     0 -4381.7179    0   45 -4072.0000 -4381.7179  7.61%     -    0s
H    0     0                    -4275.000000 -4381.7179  2.50%     -    0s
H    0     0                    -4332.000000 -4381.7179  1.15%     -    0s
H    0     0                    -4342.000000 -4381.7179  0.91%     -    0s

Explored 0 nodes (94 simplex iterations) in 0.04 seconds
Thread count was 16 (of 16 available processors)

Optimal solution found (tolerance 1.00e-02)
Best objective -4.342000000000e+03, best bound -4.381000000000e+03, gap 0.8982%
Changed value of parameter MIPGap to 0.01
   Prev: 0.0001  Min: 0.0  Max: 1e+100  Default: 0.0001
Changed value of parameter TimeLimit to 1800.0
   Prev: 1e+100  Min: 0.0  Max: 1e+100  Default: 1e+100
Changed value of parameter Method to 2
   Prev: -1  Min: -1  Max: 4  Default: -1
Changed value of parameter MIPFocus to 1
   Prev: 0  Min: 0  Max: 3  Default: 0
Optimize a model with 2138 rows, 3057 columns and 6114 nonzeros
Coefficient statistics:
  Matrix range    [1e+00, 2e+01]
  Objective range [3e+00, 4e+01]
  Bounds range    [1e+00, 1e+00]
  RHS range       [8e+01, 8e+01]
Found heuristic solution: objective 0
Presolve removed 2075 rows and 2356 columns
Presolve time: 0.01s
Presolved: 63 rows, 701 columns, 1233 nonzeros
Found heuristic solution: objective -7315.000000
Variable types: 0 continuous, 701 integer (587 binary)
Optimize a model with 63 rows, 701 columns and 1233 nonzeros
Coefficient statistics:
  Matrix range    [1e+00, 2e+01]
  Objective range [3e+00, 4e+01]
  Bounds range    [1e+00, 7e+00]
  RHS range       [1e+01, 8e+01]
Presolved: 63 rows, 701 columns, 1233 nonzeros

Root barrier log...

Ordering time: 0.00s

Barrier statistics:
 AA' NZ     : 5.080e+02
 Factor NZ  : 1.825e+03
 Factor Ops : 6.962e+04 (less than 1 second per iteration)
 Threads    : 1

                  Objective                Residual
Iter       Primal          Dual         Primal    Dual     Compl     Time
   0  -1.70482821e+04 -2.14381383e+04  1.43e+01 7.11e-15  3.41e+01     0s
   1  -7.40895364e+03 -1.55774258e+04  6.74e-01 7.37e+00  7.04e+00     0s
   2  -7.53991109e+03 -8.73471191e+03  0.00e+00 6.67e-01  8.23e-01     0s
   3  -7.96965570e+03 -8.16090849e+03  0.00e+00 8.51e-02  1.31e-01     0s
   4  -8.03619492e+03 -8.08038282e+03  0.00e+00 2.01e-02  3.02e-02     0s
   5  -8.04656460e+03 -8.05657999e+03  0.00e+00 3.11e-03  6.84e-03     0s
   6  -8.04921899e+03 -8.05318814e+03  0.00e+00 1.27e-03  2.71e-03     0s
   7  -8.05023458e+03 -8.05147217e+03  0.00e+00 2.83e-04  8.45e-04     0s
   8  -8.05065787e+03 -8.05084875e+03  0.00e+00 7.76e-06  1.30e-04     0s
   9  -8.05076175e+03 -8.05076206e+03  0.00e+00 1.42e-14  2.06e-07     0s
  10  -8.05076190e+03 -8.05076190e+03  0.00e+00 1.42e-14  2.06e-10     0s

Barrier solved model in 10 iterations and 0.02 seconds
Optimal objective -8.05076190e+03


Root relaxation: objective -8.050762e+03, 25 iterations, 0.01 seconds

    Nodes    |    Current Node    |     Objective Bounds      |     Work
 Expl Unexpl |  Obj  Depth IntInf | Incumbent    BestBd   Gap | It/Node Time

     0     0 -8050.7619    0   52 -7315.0000 -8050.7619  10.1%     -    0s
H    0     0                    -7836.000000 -8050.7619  2.74%     -    0s
H    0     0                    -7942.000000 -8050.7619  1.37%     -    0s
H    0     0                    -7948.000000 -8050.7619  1.29%     -    0s
     0     0 -8028.3582    0   75 -7948.0000 -8028.3582  1.01%     -    0s
     0     0 -8027.6251    0   73 -7948.0000 -8027.6251  1.00%     -    0s
H    0     0                    -7963.000000 -8027.6251  0.81%     -    0s

Cutting planes:
  Gomory: 1
  Cover: 13
  MIR: 73
  Zero half: 2

Explored 0 nodes (218 simplex iterations) in 0.10 seconds
Thread count was 16 (of 16 available processors)

Optimal solution found (tolerance 1.00e-02)
Best objective -7.963000000000e+03, best bound -8.027000000000e+03, gap 0.8037%
Changed value of parameter MIPGap to 0.01
   Prev: 0.0001  Min: 0.0  Max: 1e+100  Default: 0.0001
Changed value of parameter TimeLimit to 1800.0
   Prev: 1e+100  Min: 0.0  Max: 1e+100  Default: 1e+100
Changed value of parameter Method to 2
   Prev: -1  Min: -1  Max: 4  Default: -1
Changed value of parameter MIPFocus to 1
   Prev: 0  Min: 0  Max: 3  Default: 0
Optimize a model with 2138 rows, 3057 columns and 6114 nonzeros
Coefficient statistics:
  Matrix range    [1e+00, 2e+01]
  Objective range [5e+00, 8e+01]
  Bounds range    [1e+00, 1e+00]
  RHS range       [8e+01, 8e+01]
Found heuristic solution: objective 0
Presolve removed 2075 rows and 2356 columns
Presolve time: 0.01s
Presolved: 63 rows, 701 columns, 1233 nonzeros
Found heuristic solution: objective -13863.00000
Variable types: 0 continuous, 701 integer (587 binary)
Optimize a model with 63 rows, 701 columns and 1233 nonzeros
Coefficient statistics:
  Matrix range    [1e+00, 2e+01]
  Objective range [5e+00, 8e+01]
  Bounds range    [1e+00, 7e+00]
  RHS range       [1e+01, 8e+01]
Presolved: 63 rows, 701 columns, 1233 nonzeros

Root barrier log...

Ordering time: 0.00s

Barrier statistics:
 AA' NZ     : 5.080e+02
 Factor NZ  : 1.825e+03
 Factor Ops : 6.962e+04 (less than 1 second per iteration)
 Threads    : 1

                  Objective                Residual
Iter       Primal          Dual         Primal    Dual     Compl     Time
   0  -3.17190580e+04 -4.21629864e+04  1.43e+01 1.42e-14  6.83e+01     0s
   1  -1.41100633e+04 -3.05243994e+04  7.22e-01 1.51e+01  1.43e+01     0s
   2  -1.43519688e+04 -1.67367993e+04  0.00e+00 1.29e+00  1.65e+00     0s
   3  -1.52578067e+04 -1.56671838e+04  0.00e+00 1.92e-01  2.80e-01     0s
   4  -1.53865149e+04 -1.54876203e+04  0.00e+00 4.01e-02  6.92e-02     0s
   5  -1.54132238e+04 -1.54518904e+04  0.00e+00 1.43e-02  2.64e-02     0s
   6  -1.54242407e+04 -1.54338507e+04  0.00e+00 2.58e-03  6.57e-03     0s
   7  -1.54280889e+04 -1.54294066e+04  0.00e+00 3.73e-04  9.01e-04     0s
   8  -1.54284903e+04 -1.54285332e+04  0.00e+00 1.74e-06  2.93e-05     0s
   9  -1.54285214e+04 -1.54285214e+04  0.00e+00 2.84e-14  2.93e-08     0s
  10  -1.54285214e+04 -1.54285214e+04  0.00e+00 2.84e-14  2.93e-11     0s

Barrier solved model in 10 iterations and 0.02 seconds
Optimal objective -1.54285214e+04


Root relaxation: objective -1.542852e+04, 26 iterations, 0.01 seconds

    Nodes    |    Current Node    |     Objective Bounds      |     Work
 Expl Unexpl |  Obj  Depth IntInf | Incumbent    BestBd   Gap | It/Node Time

     0     0 -15428.521    0   47 -13863.000 -15428.521  11.3%     -    0s
H    0     0                    -15084.00000 -15428.521  2.28%     -    0s
H    0     0                    -15250.00000 -15428.521  1.17%     -    0s
H    0     0                    -15267.00000 -15428.521  1.06%     -    0s
H    0     0                    -15271.00000 -15428.521  1.03%     -    0s
     0     0 -15374.677    0   59 -15271.000 -15374.677  0.68%     -    0s

Cutting planes:
  Cover: 8
  MIR: 39

Explored 0 nodes (126 simplex iterations) in 0.06 seconds
Thread count was 16 (of 16 available processors)

Optimal solution found (tolerance 1.00e-02)
Best objective -1.527100000000e+04, best bound -1.537400000000e+04, gap 0.6745%
Changed value of parameter MIPGap to 0.01
   Prev: 0.0001  Min: 0.0  Max: 1e+100  Default: 0.0001
Changed value of parameter TimeLimit to 1800.0
   Prev: 1e+100  Min: 0.0  Max: 1e+100  Default: 1e+100
Changed value of parameter Method to 2
   Prev: -1  Min: -1  Max: 4  Default: -1
Changed value of parameter MIPFocus to 1
   Prev: 0  Min: 0  Max: 3  Default: 0
Optimize a model with 2138 rows, 3057 columns and 6114 nonzeros
Coefficient statistics:
  Matrix range    [1e+00, 2e+01]
  Objective range [6e+00, 1e+02]
  Bounds range    [1e+00, 1e+00]
  RHS range       [8e+01, 8e+01]
Found heuristic solution: objective 0
Presolve removed 2075 rows and 2356 columns
Presolve time: 0.01s
Presolved: 63 rows, 701 columns, 1233 nonzeros
Found heuristic solution: objective -17132.00000
Variable types: 0 continuous, 701 integer (587 binary)
Optimize a model with 63 rows, 701 columns and 1233 nonzeros
Coefficient statistics:
  Matrix range    [1e+00, 2e+01]
  Objective range [6e+00, 1e+02]
  Bounds range    [1e+00, 7e+00]
  RHS range       [1e+01, 8e+01]
Presolved: 63 rows, 701 columns, 1233 nonzeros

Root barrier log...

Ordering time: 0.00s

Barrier statistics:
 AA' NZ     : 5.080e+02
 Factor NZ  : 1.825e+03
 Factor Ops : 6.962e+04 (less than 1 second per iteration)
 Threads    : 1

                  Objective                Residual
Iter       Primal          Dual         Primal    Dual     Compl     Time
   0  -3.90542527e+04 -5.25254105e+04  1.43e+01 1.42e-14  8.54e+01     0s
   1  -1.74613404e+04 -3.79984084e+04  7.31e-01 1.89e+01  1.79e+01     0s
   2  -1.77688857e+04 -2.07417548e+04  0.00e+00 1.61e+00  2.05e+00     0s
   3  -1.89111177e+04 -1.94394632e+04  0.00e+00 2.60e-01  3.62e-01     0s
   4  -1.90671141e+04 -1.91981729e+04  0.00e+00 5.00e-02  8.97e-02     0s
   5  -1.91023901e+04 -1.91446008e+04  0.00e+00 1.27e-02  2.89e-02     0s
   6  -1.91150616e+04 -1.91329672e+04  0.00e+00 4.90e-03  1.22e-02     0s
   7  -1.91226718e+04 -1.91269126e+04  0.00e+00 1.39e-03  2.90e-03     0s
   8  -1.91238814e+04 -1.91245711e+04  0.00e+00 1.06e-04  4.71e-04     0s
   9  -1.91243348e+04 -1.91243368e+04  0.00e+00 2.84e-14  1.37e-06     0s
  10  -1.91243357e+04 -1.91243357e+04  0.00e+00 4.26e-14  1.37e-09     0s

Barrier solved model in 10 iterations and 0.02 seconds
Optimal objective -1.91243357e+04


Root relaxation: objective -1.912434e+04, 24 iterations, 0.01 seconds

    Nodes    |    Current Node    |     Objective Bounds      |     Work
 Expl Unexpl |  Obj  Depth IntInf | Incumbent    BestBd   Gap | It/Node Time

     0     0 -19124.336    0   47 -17132.000 -19124.336  11.6%     -    0s
H    0     0                    -18802.00000 -19124.336  1.71%     -    0s
H    0     0                    -18892.00000 -19124.336  1.23%     -    0s
H    0     0                    -18912.00000 -19124.336  1.12%     -    0s
H    0     0                    -18946.00000 -19124.336  0.94%     -    0s

Cutting planes:
  Gomory: 1
  Cover: 9
  MIR: 37

Explored 0 nodes (29 simplex iterations) in 0.06 seconds
Thread count was 16 (of 16 available processors)

Optimal solution found (tolerance 1.00e-02)
Best objective -1.894600000000e+04, best bound -1.911800000000e+04, gap 0.9078%
Changed value of parameter MIPGap to 0.01
   Prev: 0.0001  Min: 0.0  Max: 1e+100  Default: 0.0001
Changed value of parameter TimeLimit to 1800.0
   Prev: 1e+100  Min: 0.0  Max: 1e+100  Default: 1e+100
Changed value of parameter Method to 2
   Prev: -1  Min: -1  Max: 4  Default: -1
Changed value of parameter MIPFocus to 1
   Prev: 0  Min: 0  Max: 3  Default: 0
Optimize a model with 2138 rows, 3057 columns and 6114 nonzeros
Coefficient statistics:
  Matrix range    [1e+00, 2e+01]
  Objective range [1e+01, 2e+02]
  Bounds range    [1e+00, 1e+00]
  RHS range       [8e+01, 8e+01]
Found heuristic solution: objective 0
Presolve removed 2075 rows and 2356 columns
Presolve time: 0.01s
Presolved: 63 rows, 701 columns, 1233 nonzeros
Found heuristic solution: objective -33443.00000
Variable types: 0 continuous, 701 integer (587 binary)
Optimize a model with 63 rows, 701 columns and 1233 nonzeros
Coefficient statistics:
  Matrix range    [1e+00, 2e+01]
  Objective range [1e+01, 2e+02]
  Bounds range    [1e+00, 7e+00]
  RHS range       [1e+01, 8e+01]
Presolved: 63 rows, 701 columns, 1233 nonzeros

Root barrier log...

Ordering time: 0.00s

Barrier statistics:
 AA' NZ     : 5.080e+02
 Factor NZ  : 1.825e+03
 Factor Ops : 6.962e+04 (less than 1 second per iteration)
 Threads    : 1

                  Objective                Residual
Iter       Primal          Dual         Primal    Dual     Compl     Time
   0  -7.57298396e+04 -1.04337531e+05  1.43e+01 2.84e-14  1.71e+02     0s
   1  -3.42194344e+04 -7.53695073e+04  7.50e-01 3.81e+01  3.60e+01     0s
   2  -3.50371031e+04 -4.07709470e+04  0.00e+00 3.17e+00  3.96e+00     0s
   3  -3.71966197e+04 -3.82450101e+04  0.00e+00 5.35e-01  7.19e-01     0s
   4  -3.75225009e+04 -3.77756283e+04  0.00e+00 1.18e-01  1.73e-01     0s
   5  -3.75877371e+04 -3.76653612e+04  0.00e+00 3.33e-02  5.31e-02     0s
   6  -3.76056738e+04 -3.76316161e+04  0.00e+00 1.02e-02  1.78e-02     0s
   7  -3.76130237e+04 -3.76154800e+04  0.00e+00 5.05e-04  1.68e-03     0s
   8  -3.76140758e+04 -3.76141416e+04  0.00e+00 2.23e-05  4.51e-05     0s
   9  -3.76140786e+04 -3.76140786e+04  0.00e+00 7.11e-14  4.51e-08     0s
  10  -3.76140786e+04 -3.76140786e+04  0.00e+00 7.11e-14  4.51e-11     0s

Barrier solved model in 10 iterations and 0.02 seconds
Optimal objective -3.76140786e+04


Root relaxation: objective -3.761408e+04, 22 iterations, 0.01 seconds

    Nodes    |    Current Node    |     Objective Bounds      |     Work
 Expl Unexpl |  Obj  Depth IntInf | Incumbent    BestBd   Gap | It/Node Time

     0     0 -37614.079    0   52 -33443.000 -37614.079  12.5%     -    0s
H    0     0                    -36858.00000 -37614.079  2.05%     -    0s
H    0     0                    -37029.00000 -37614.079  1.58%     -    0s
H    0     0                    -37169.00000 -37614.079  1.20%     -    0s
H    0     0                    -37207.00000 -37614.079  1.09%     -    0s
H    0     0                    -37211.00000 -37614.079  1.08%     -    0s
     0     0 -37457.619    0   74 -37211.000 -37457.619  0.66%     -    0s

Cutting planes:
  Gomory: 1
  Cover: 8
  MIR: 42

Explored 0 nodes (127 simplex iterations) in 0.06 seconds
Thread count was 16 (of 16 available processors)

Optimal solution found (tolerance 1.00e-02)
Best objective -3.721100000000e+04, best bound -3.745700000000e+04, gap 0.6611%
Changed value of parameter MIPGap to 0.01
   Prev: 0.0001  Min: 0.0  Max: 1e+100  Default: 0.0001
Changed value of parameter TimeLimit to 1800.0
   Prev: 1e+100  Min: 0.0  Max: 1e+100  Default: 1e+100
Changed value of parameter Method to 2
   Prev: -1  Min: -1  Max: 4  Default: -1
Changed value of parameter MIPFocus to 1
   Prev: 0  Min: 0  Max: 3  Default: 0
Optimize a model with 2138 rows, 3057 columns and 6114 nonzeros
Coefficient statistics:
  Matrix range    [1e+00, 2e+01]
  Objective range [2e+01, 4e+02]
  Bounds range    [1e+00, 1e+00]
  RHS range       [8e+01, 8e+01]
Found heuristic solution: objective 0
Presolve removed 2075 rows and 2356 columns
Presolve time: 0.01s
Presolved: 63 rows, 701 columns, 1233 nonzeros
Found heuristic solution: objective -66103.00000
Variable types: 0 continuous, 701 integer (587 binary)
Optimize a model with 63 rows, 701 columns and 1233 nonzeros
Coefficient statistics:
  Matrix range    [1e+00, 2e+01]
  Objective range [2e+01, 4e+02]
  Bounds range    [1e+00, 7e+00]
  RHS range       [1e+01, 8e+01]
Presolved: 63 rows, 701 columns, 1233 nonzeros

Root barrier log...

Ordering time: 0.00s

Barrier statistics:
 AA' NZ     : 5.080e+02
 Factor NZ  : 1.825e+03
 Factor Ops : 6.962e+04 (less than 1 second per iteration)
 Threads    : 1

                  Objective                Residual
Iter       Primal          Dual         Primal    Dual     Compl     Time
   0  -1.49080627e+05 -2.07961771e+05  1.43e+01 5.68e-14  3.42e+02     0s
   1  -6.77373092e+04 -1.50112729e+05  7.59e-01 7.66e+01  7.21e+01     0s
   2  -6.94086022e+04 -8.09681122e+04  0.00e+00 6.44e+00  7.98e+00     0s
   3  -7.37865899e+04 -7.58823211e+04  0.00e+00 1.10e+00  1.44e+00     0s
   4  -7.44135542e+04 -7.49475533e+04  0.00e+00 2.58e-01  3.66e-01     0s
   5  -7.45303961e+04 -7.47125564e+04  0.00e+00 7.99e-02  1.25e-01     0s
   6  -7.45701663e+04 -7.46415100e+04  0.00e+00 2.99e-02  4.88e-02     0s
   7  -7.45868739e+04 -7.46077054e+04  0.00e+00 7.30e-03  1.43e-02     0s
   8  -7.45936605e+04 -7.45950238e+04  0.00e+00 2.22e-04  9.32e-04     0s
   9  -7.45943160e+04 -7.45943174e+04  0.00e+00 1.14e-13  9.69e-07     0s
  10  -7.45943167e+04 -7.45943167e+04  0.00e+00 1.14e-13  9.69e-10     0s

Barrier solved model in 10 iterations and 0.02 seconds
Optimal objective -7.45943167e+04


Root relaxation: objective -7.459432e+04, 22 iterations, 0.01 seconds

    Nodes    |    Current Node    |     Objective Bounds      |     Work
 Expl Unexpl |  Obj  Depth IntInf | Incumbent    BestBd   Gap | It/Node Time

     0     0 -74594.317    0   52 -66103.000 -74594.317  12.8%     -    0s
H    0     0                    -73028.00000 -74594.317  2.14%     -    0s
H    0     0                    -73392.00000 -74594.317  1.64%     -    0s
H    0     0                    -73527.00000 -74594.317  1.45%     -    0s
H    0     0                    -73619.00000 -74594.317  1.32%     -    0s
     0     0 -74284.710    0   70 -73619.000 -74284.710  0.90%     -    0s

Cutting planes:
  Gomory: 1
  Cover: 8
  MIR: 42

Explored 0 nodes (127 simplex iterations) in 0.06 seconds
Thread count was 16 (of 16 available processors)

Optimal solution found (tolerance 1.00e-02)
Best objective -7.361900000000e+04, best bound -7.428400000000e+04, gap 0.9033%
Changed value of parameter MIPGap to 0.01
   Prev: 0.0001  Min: 0.0  Max: 1e+100  Default: 0.0001
Changed value of parameter TimeLimit to 1800.0
   Prev: 1e+100  Min: 0.0  Max: 1e+100  Default: 1e+100
Changed value of parameter Method to 2
   Prev: -1  Min: -1  Max: 4  Default: -1
Changed value of parameter MIPFocus to 1
   Prev: 0  Min: 0  Max: 3  Default: 0
Optimize a model with 2138 rows, 3057 columns and 6114 nonzeros
Coefficient statistics:
  Matrix range    [1e+00, 2e+01]
  Objective range [5e+01, 1e+03]
  Bounds range    [1e+00, 1e+00]
  RHS range       [8e+01, 8e+01]
Found heuristic solution: objective 0
Presolve removed 2075 rows and 2356 columns
Presolve time: 0.01s
Presolved: 63 rows, 701 columns, 1233 nonzeros
Found heuristic solution: objective -164083.0000
Variable types: 0 continuous, 701 integer (587 binary)
Optimize a model with 63 rows, 701 columns and 1233 nonzeros
Coefficient statistics:
  Matrix range    [1e+00, 2e+01]
  Objective range [5e+01, 1e+03]
  Bounds range    [1e+00, 7e+00]
  RHS range       [1e+01, 8e+01]
Presolved: 63 rows, 701 columns, 1233 nonzeros

Root barrier log...

Ordering time: 0.00s

Barrier statistics:
 AA' NZ     : 5.080e+02
 Factor NZ  : 1.825e+03
 Factor Ops : 6.962e+04 (less than 1 second per iteration)
 Threads    : 1

                  Objective                Residual
Iter       Primal          Dual         Primal    Dual     Compl     Time
   0  -3.69132680e+05 -5.18834493e+05  1.43e+01 1.14e-13  8.55e+02     0s
   1  -1.68292213e+05 -3.74343201e+05  7.64e-01 1.92e+02  1.81e+02     0s
   2  -1.72529330e+05 -2.01549087e+05  0.00e+00 1.62e+01  2.00e+01     0s
   3  -1.83442969e+05 -1.88850767e+05  0.00e+00 3.08e+00  3.71e+00     0s
   4  -1.85125443e+05 -1.86413507e+05  0.00e+00 6.76e-01  8.83e-01     0s
   5  -1.85374633e+05 -1.85830791e+05  0.00e+00 2.07e-01  3.13e-01     0s
   6  -1.85482450e+05 -1.85615901e+05  0.00e+00 4.85e-02  9.14e-02     0s
   7  -1.85510107e+05 -1.85557226e+05  0.00e+00 9.72e-03  3.22e-02     0s
   8  -1.85529457e+05 -1.85542581e+05  0.00e+00 2.64e-03  8.97e-03     0s
   9  -1.85535986e+05 -1.85536282e+05  0.00e+00 3.98e-13  2.02e-04     0s
  10  -1.85536093e+05 -1.85536093e+05  0.00e+00 3.41e-13  2.02e-07     0s
  11  -1.85536093e+05 -1.85536093e+05  0.00e+00 3.41e-13  2.02e-10     0s

Barrier solved model in 11 iterations and 0.02 seconds
Optimal objective -1.85536093e+05


Root relaxation: objective -1.855361e+05, 22 iterations, 0.01 seconds

    Nodes    |    Current Node    |     Objective Bounds      |     Work
 Expl Unexpl |  Obj  Depth IntInf | Incumbent    BestBd   Gap | It/Node Time

     0     0 -185536.09    0   52 -164083.00 -185536.09  13.1%     -    0s
H    0     0                    -181537.0000 -185536.09  2.20%     -    0s
H    0     0                    -182468.0000 -185536.09  1.68%     -    0s
H    0     0                    -182890.0000 -185536.09  1.45%     -    0s
H    0     0                    -183265.0000 -185536.09  1.24%     -    0s
H    0     0                    -183313.0000 -185536.09  1.21%     -    0s
H    0     0                    -183513.0000 -185536.09  1.10%     -    0s
     0     0 -184784.90    0   68 -183513.00 -184784.90  0.69%     -    0s

Cutting planes:
  Gomory: 2
  Cover: 9
  MIR: 41

Explored 0 nodes (123 simplex iterations) in 0.06 seconds
Thread count was 16 (of 16 available processors)

Optimal solution found (tolerance 1.00e-02)
Best objective -1.835130000000e+05, best bound -1.847840000000e+05, gap 0.6926%
Changed value of parameter MIPGap to 0.01
   Prev: 0.0001  Min: 0.0  Max: 1e+100  Default: 0.0001
Changed value of parameter TimeLimit to 1800.0
   Prev: 1e+100  Min: 0.0  Max: 1e+100  Default: 1e+100
Changed value of parameter Method to 2
   Prev: -1  Min: -1  Max: 4  Default: -1
Changed value of parameter MIPFocus to 1
   Prev: 0  Min: 0  Max: 3  Default: 0
Optimize a model with 2138 rows, 3057 columns and 6114 nonzeros
Coefficient statistics:
  Matrix range    [1e+00, 2e+01]
  Objective range [5e+02, 1e+04]
  Bounds range    [1e+00, 1e+00]
  RHS range       [8e+01, 8e+01]
Found heuristic solution: objective 0
Presolve removed 2075 rows and 2356 columns
Presolve time: 0.01s
Presolved: 63 rows, 701 columns, 1233 nonzeros
Found heuristic solution: objective -1633783.000
Variable types: 0 continuous, 701 integer (587 binary)
Optimize a model with 63 rows, 701 columns and 1233 nonzeros
Coefficient statistics:
  Matrix range    [1e+00, 2e+01]
  Objective range [5e+02, 1e+04]
  Bounds range    [1e+00, 7e+00]
  RHS range       [1e+01, 8e+01]
Presolved: 63 rows, 701 columns, 1233 nonzeros

Root barrier log...

Ordering time: 0.00s

Barrier statistics:
 AA' NZ     : 5.080e+02
 Factor NZ  : 1.825e+03
 Factor Ops : 6.962e+04 (less than 1 second per iteration)
 Threads    : 1

                  Objective                Residual
Iter       Primal          Dual         Primal    Dual     Compl     Time
   0  -3.66991236e+06 -5.18192532e+06  1.43e+01 1.82e-12  8.55e+03     0s
   1  -1.67662057e+06 -3.73780291e+06  7.67e-01 1.92e+03  1.81e+03     0s
   2  -1.71936445e+06 -2.01023615e+06  0.00e+00 1.63e+02  2.01e+02     0s
   3  -1.82897446e+06 -1.88290503e+06  0.00e+00 3.08e+01  3.70e+01     0s
   4  -1.84567789e+06 -1.85808954e+06  0.00e+00 6.30e+00  8.51e+00     0s
   5  -1.84816025e+06 -1.85239599e+06  0.00e+00 1.82e+00  2.90e+00     0s
   6  -1.84930042e+06 -1.85049704e+06  0.00e+00 4.71e-01  8.20e-01     0s
   7  -1.84953941e+06 -1.84982817e+06  0.00e+00 7.60e-02  1.98e-01     0s
   8  -1.84964213e+06 -1.84970543e+06  0.00e+00 1.57e-02  4.33e-02     0s
   9  -1.84966379e+06 -1.84967033e+06  0.00e+00 3.64e-12  4.47e-03     0s
  10  -1.84966822e+06 -1.84966826e+06  0.00e+00 3.64e-12  2.91e-05     0s
  11  -1.84966824e+06 -1.84966824e+06  0.00e+00 4.09e-12  2.91e-08     0s
  12  -1.84966824e+06 -1.84966824e+06  7.68e-15 3.64e-12  8.93e-13     0s

Barrier solved model in 12 iterations and 0.02 seconds
Optimal objective -1.84966824e+06


Root relaxation: objective -1.849668e+06, 22 iterations, 0.01 seconds

    Nodes    |    Current Node    |     Objective Bounds      |     Work
 Expl Unexpl |  Obj  Depth IntInf | Incumbent    BestBd   Gap | It/Node Time

     0     0 -1849668.2    0   52 -1633783.0 -1849668.2  13.2%     -    0s
H    0     0                    -1809187.000 -1849668.2  2.24%     -    0s
H    0     0                    -1818668.000 -1849668.2  1.70%     -    0s
H    0     0                    -1823140.000 -1849668.2  1.46%     -    0s
H    0     0                    -1825670.000 -1849668.2  1.31%     -    0s
H    0     0                    -1829654.000 -1849668.2  1.09%     -    0s
H    0     0                    -1830160.000 -1849668.2  1.07%     -    0s
H    0     0                    -1831159.000 -1849668.2  1.01%     -    0s
     0     0 -1842272.4    0   69 -1831159.0 -1842272.4  0.61%     -    0s

Cutting planes:
  Gomory: 2
  Cover: 9
  MIR: 41

Explored 0 nodes (126 simplex iterations) in 0.06 seconds
Thread count was 16 (of 16 available processors)

Optimal solution found (tolerance 1.00e-02)
Best objective -1.831159000000e+06, best bound -1.842272000000e+06, gap 0.6069%
