Changed value of parameter MIPGap to 0.01
   Prev: 0.0001  Min: 0.0  Max: 1e+100  Default: 0.0001
Changed value of parameter TimeLimit to 1800.0
   Prev: 1e+100  Min: 0.0  Max: 1e+100  Default: 1e+100
Changed value of parameter Method to 2
   Prev: -1  Min: -1  Max: 4  Default: -1
Changed value of parameter MIPFocus to 1
   Prev: 0  Min: 0  Max: 3  Default: 0
Optimize a model with 2306 rows, 3309 columns and 6618 nonzeros
Coefficient statistics:
  Matrix range    [1e+00, 2e+01]
  Objective range [1e+00, 1e+00]
  Bounds range    [1e+00, 1e+00]
  RHS range       [8e+01, 8e+01]
Found heuristic solution: objective 0
Presolve removed 2234 rows and 2444 columns
Presolve time: 0.01s
Presolved: 72 rows, 865 columns, 1569 nonzeros
Found heuristic solution: objective -809.0000000
Variable types: 0 continuous, 865 integer (767 binary)
Optimize a model with 72 rows, 865 columns and 1569 nonzeros
Coefficient statistics:
  Matrix range    [1e+00, 2e+01]
  Objective range [1e+00, 1e+00]
  Bounds range    [1e+00, 7e+00]
  RHS range       [7e+00, 8e+01]
Presolved: 72 rows, 865 columns, 1569 nonzeros

Root barrier log...

Ordering time: 0.00s

Barrier statistics:
 AA' NZ     : 6.640e+02
 Factor NZ  : 2.182e+03
 Factor Ops : 8.713e+04 (less than 1 second per iteration)
 Threads    : 1

                  Objective                Residual
Iter       Primal          Dual         Primal    Dual     Compl     Time
   0  -2.91484639e+03 -3.73886060e+03  1.62e+01 3.22e-01  6.12e+00     0s
   1  -9.46401194e+02 -2.50255166e+03  1.09e+00 1.13e+00  1.25e+00     0s
   2  -8.51824388e+02 -1.11476582e+03  0.00e+00 9.49e-02  1.49e-01     0s
   3  -9.42326009e+02 -9.96785236e+02  0.00e+00 8.98e-03  3.04e-02     0s
   4  -9.59445464e+02 -9.78328921e+02  0.00e+00 3.55e-15  1.05e-02     0s
   5  -9.66155304e+02 -9.71067999e+02  0.00e+00 1.78e-15  2.73e-03     0s
   6  -9.68450567e+02 -9.70191619e+02  0.00e+00 1.78e-15  9.69e-04     0s
   7  -9.68808139e+02 -9.69166027e+02  0.00e+00 3.55e-15  1.99e-04     0s
   8  -9.69037874e+02 -9.69115910e+02  0.00e+00 1.78e-15  4.34e-05     0s
   9  -9.69091925e+02 -9.69092150e+02  0.00e+00 3.55e-15  1.25e-07     0s
  10  -9.69092063e+02 -9.69092064e+02  0.00e+00 3.55e-15  1.25e-10     0s

Barrier solved model in 10 iterations and 0.03 seconds
Optimal objective -9.69092063e+02


Root relaxation: objective -9.690921e+02, 65 iterations, 0.01 seconds

    Nodes    |    Current Node    |     Objective Bounds      |     Work
 Expl Unexpl |  Obj  Depth IntInf | Incumbent    BestBd   Gap | It/Node Time

     0     0 -969.09206    0   44 -809.00000 -969.09206  19.8%     -    0s
H    0     0                    -953.0000000 -969.09206  1.69%     -    0s
H    0     0                    -955.0000000 -969.09206  1.48%     -    0s
H    0     0                    -957.0000000 -969.09206  1.26%     -    0s
     0     0 -960.87831    0   40 -957.00000 -960.87831  0.41%     -    0s

Cutting planes:
  Gomory: 6
  Cover: 2
  MIR: 42

Explored 0 nodes (220 simplex iterations) in 0.06 seconds
Thread count was 16 (of 16 available processors)

Optimal solution found (tolerance 1.00e-02)
Best objective -9.570000000000e+02, best bound -9.600000000000e+02, gap 0.3135%
Changed value of parameter MIPGap to 0.01
   Prev: 0.0001  Min: 0.0  Max: 1e+100  Default: 0.0001
Changed value of parameter TimeLimit to 1800.0
   Prev: 1e+100  Min: 0.0  Max: 1e+100  Default: 1e+100
Changed value of parameter Method to 2
   Prev: -1  Min: -1  Max: 4  Default: -1
Changed value of parameter MIPFocus to 1
   Prev: 0  Min: 0  Max: 3  Default: 0
Optimize a model with 2306 rows, 3309 columns and 6618 nonzeros
Coefficient statistics:
  Matrix range    [1e+00, 2e+01]
  Objective range [1e+00, 1e+00]
  Bounds range    [1e+00, 1e+00]
  RHS range       [8e+01, 8e+01]
Found heuristic solution: objective 0
Presolve removed 2234 rows and 2426 columns
Presolve time: 0.01s
Presolved: 72 rows, 883 columns, 1587 nonzeros
Found heuristic solution: objective -802.7900000
Variable types: 0 continuous, 883 integer (774 binary)
Optimize a model with 72 rows, 883 columns and 1587 nonzeros
Coefficient statistics:
  Matrix range    [1e+00, 2e+01]
  Objective range [1e+00, 1e+00]
  Bounds range    [1e+00, 7e+00]
  RHS range       [8e+00, 8e+01]
Presolved: 72 rows, 883 columns, 1587 nonzeros

Root barrier log...

Ordering time: 0.00s

Barrier statistics:
 AA' NZ     : 6.640e+02
 Factor NZ  : 2.182e+03
 Factor Ops : 8.713e+04 (less than 1 second per iteration)
 Threads    : 1

                  Objective                Residual
Iter       Primal          Dual         Primal    Dual     Compl     Time
   0  -2.98130692e+03 -3.82579290e+03  1.63e+01 2.54e-01  6.18e+00     0s
   1  -9.59747752e+02 -2.54847655e+03  1.18e+00 1.15e+00  1.28e+00     0s
   2  -8.49665221e+02 -1.12325979e+03  0.00e+00 9.50e-02  1.52e-01     0s
   3  -9.43040311e+02 -9.97580588e+02  0.00e+00 7.35e-03  2.98e-02     0s
   4  -9.58327217e+02 -9.78555536e+02  0.00e+00 1.78e-15  1.11e-02     0s
   5  -9.65663223e+02 -9.73720257e+02  0.00e+00 1.78e-15  4.40e-03     0s
   6  -9.69212367e+02 -9.71883391e+02  0.00e+00 1.78e-15  1.46e-03     0s
   7  -9.69949402e+02 -9.70859661e+02  0.00e+00 3.55e-15  4.97e-04     0s
   8  -9.70619342e+02 -9.70722132e+02  0.00e+00 1.78e-15  5.60e-05     0s
   9  -9.70680039e+02 -9.70682723e+02  0.00e+00 3.55e-15  1.46e-06     0s
  10  -9.70681197e+02 -9.70681200e+02  0.00e+00 1.78e-15  1.46e-09     0s

Barrier solved model in 10 iterations and 0.02 seconds
Optimal objective -9.70681197e+02


Root relaxation: objective -9.706812e+02, 67 iterations, 0.01 seconds

    Nodes    |    Current Node    |     Objective Bounds      |     Work
 Expl Unexpl |  Obj  Depth IntInf | Incumbent    BestBd   Gap | It/Node Time

     0     0 -970.68120    0   46 -802.79000 -970.68120  20.9%     -    0s
H    0     0                    -954.5275000 -970.68120  1.69%     -    0s
H    0     0                    -956.5040000 -970.68120  1.48%     -    0s
H    0     0                    -958.5275000 -970.68120  1.27%     -    0s
     0     0 -962.33551    0   49 -958.52750 -962.33551  0.40%     -    0s

Cutting planes:
  Gomory: 4
  Cover: 2
  MIR: 46

Explored 0 nodes (230 simplex iterations) in 0.06 seconds
Thread count was 16 (of 16 available processors)

Optimal solution found (tolerance 1.00e-02)
Best objective -9.585275000000e+02, best bound -9.623355056427e+02, gap 0.3973%
Changed value of parameter MIPGap to 0.01
   Prev: 0.0001  Min: 0.0  Max: 1e+100  Default: 0.0001
Changed value of parameter TimeLimit to 1800.0
   Prev: 1e+100  Min: 0.0  Max: 1e+100  Default: 1e+100
Changed value of parameter Method to 2
   Prev: -1  Min: -1  Max: 4  Default: -1
Changed value of parameter MIPFocus to 1
   Prev: 0  Min: 0  Max: 3  Default: 0
Optimize a model with 2306 rows, 3309 columns and 6618 nonzeros
Coefficient statistics:
  Matrix range    [1e+00, 2e+01]
  Objective range [1e+00, 1e+00]
  Bounds range    [1e+00, 1e+00]
  RHS range       [8e+01, 8e+01]
Found heuristic solution: objective 0
Presolve removed 2234 rows and 2426 columns
Presolve time: 0.01s
Presolved: 72 rows, 883 columns, 1587 nonzeros
Found heuristic solution: objective -804.5800000
Variable types: 0 continuous, 883 integer (774 binary)
Optimize a model with 72 rows, 883 columns and 1587 nonzeros
Coefficient statistics:
  Matrix range    [1e+00, 2e+01]
  Objective range [1e+00, 1e+00]
  Bounds range    [1e+00, 7e+00]
  RHS range       [8e+00, 8e+01]
Presolved: 72 rows, 883 columns, 1587 nonzeros

Root barrier log...

Ordering time: 0.00s

Barrier statistics:
 AA' NZ     : 6.640e+02
 Factor NZ  : 2.182e+03
 Factor Ops : 8.713e+04 (less than 1 second per iteration)
 Threads    : 1

                  Objective                Residual
Iter       Primal          Dual         Primal    Dual     Compl     Time
   0  -2.98580348e+03 -3.82714189e+03  1.63e+01 2.51e-01  6.18e+00     0s
   1  -9.61523088e+02 -2.54982816e+03  1.18e+00 1.15e+00  1.28e+00     0s
   2  -8.51214679e+02 -1.12475884e+03  0.00e+00 9.49e-02  1.52e-01     0s
   3  -9.44677218e+02 -9.99084652e+02  0.00e+00 7.24e-03  2.98e-02     0s
   4  -9.59795380e+02 -9.79926448e+02  0.00e+00 3.55e-15  1.10e-02     0s
   5  -9.67113912e+02 -9.75153590e+02  0.00e+00 1.78e-15  4.39e-03     0s
   6  -9.70832543e+02 -9.73391885e+02  0.00e+00 1.78e-15  1.40e-03     0s
   7  -9.71546683e+02 -9.72441612e+02  0.00e+00 3.55e-15  4.88e-04     0s
   8  -9.72208524e+02 -9.72306870e+02  0.00e+00 1.78e-15  5.36e-05     0s
   9  -9.72269232e+02 -9.72271804e+02  0.00e+00 3.55e-15  1.40e-06     0s
  10  -9.72270332e+02 -9.72270335e+02  0.00e+00 3.55e-15  1.40e-09     0s

Barrier solved model in 10 iterations and 0.02 seconds
Optimal objective -9.72270332e+02


Root relaxation: objective -9.722703e+02, 66 iterations, 0.01 seconds

    Nodes    |    Current Node    |     Objective Bounds      |     Work
 Expl Unexpl |  Obj  Depth IntInf | Incumbent    BestBd   Gap | It/Node Time

     0     0 -972.27033    0   44 -804.58000 -972.27033  20.8%     -    0s
H    0     0                    -957.0330000 -972.27033  1.59%     -    0s
H    0     0                    -958.0140000 -972.27033  1.49%     -    0s
H    0     0                    -960.0550000 -972.27033  1.27%     -    0s
     0     0 -964.31932    0   45 -960.05500 -964.31932  0.44%     -    0s

Cutting planes:
  Gomory: 6
  Cover: 1
  MIR: 43

Explored 0 nodes (283 simplex iterations) in 0.06 seconds
Thread count was 16 (of 16 available processors)

Optimal solution found (tolerance 1.00e-02)
Best objective -9.600550000000e+02, best bound -9.643193220779e+02, gap 0.4442%
Changed value of parameter MIPGap to 0.01
   Prev: 0.0001  Min: 0.0  Max: 1e+100  Default: 0.0001
Changed value of parameter TimeLimit to 1800.0
   Prev: 1e+100  Min: 0.0  Max: 1e+100  Default: 1e+100
Changed value of parameter Method to 2
   Prev: -1  Min: -1  Max: 4  Default: -1
Changed value of parameter MIPFocus to 1
   Prev: 0  Min: 0  Max: 3  Default: 0
Optimize a model with 2306 rows, 3309 columns and 6618 nonzeros
Coefficient statistics:
  Matrix range    [1e+00, 2e+01]
  Objective range [1e+00, 1e+00]
  Bounds range    [1e+00, 1e+00]
  RHS range       [8e+01, 8e+01]
Found heuristic solution: objective 0
Presolve removed 2234 rows and 2426 columns
Presolve time: 0.01s
Presolved: 72 rows, 883 columns, 1587 nonzeros
Found heuristic solution: objective -808.1600000
Variable types: 0 continuous, 883 integer (774 binary)
Optimize a model with 72 rows, 883 columns and 1587 nonzeros
Coefficient statistics:
  Matrix range    [1e+00, 2e+01]
  Objective range [1e+00, 1e+00]
  Bounds range    [1e+00, 7e+00]
  RHS range       [8e+00, 8e+01]
Presolved: 72 rows, 883 columns, 1587 nonzeros

Root barrier log...

Ordering time: 0.00s

Barrier statistics:
 AA' NZ     : 6.640e+02
 Factor NZ  : 2.182e+03
 Factor Ops : 8.713e+04 (less than 1 second per iteration)
 Threads    : 1

                  Objective                Residual
Iter       Primal          Dual         Primal    Dual     Compl     Time
   0  -2.99479649e+03 -3.82983988e+03  1.63e+01 2.44e-01  6.18e+00     0s
   1  -9.65075108e+02 -2.55253183e+03  1.18e+00 1.15e+00  1.28e+00     0s
   2  -8.54316685e+02 -1.12775255e+03  0.00e+00 9.47e-02  1.51e-01     0s
   3  -9.47954952e+02 -1.00205375e+03  0.00e+00 7.01e-03  2.96e-02     0s
   4  -9.62777741e+02 -9.82921181e+02  0.00e+00 3.55e-15  1.10e-02     0s
   5  -9.70685952e+02 -9.78123218e+02  0.00e+00 1.78e-15  4.06e-03     0s
   6  -9.74073201e+02 -9.76559210e+02  0.00e+00 1.78e-15  1.36e-03     0s
   7  -9.74750090e+02 -9.75606185e+02  0.00e+00 3.55e-15  4.67e-04     0s
   8  -9.75386425e+02 -9.75477168e+02  0.00e+00 1.78e-15  4.94e-05     0s
   9  -9.75447653e+02 -9.75450209e+02  0.00e+00 1.78e-15  1.39e-06     0s
  10  -9.75448602e+02 -9.75448605e+02  0.00e+00 3.55e-15  1.40e-09     0s

Barrier solved model in 10 iterations and 0.02 seconds
Optimal objective -9.75448602e+02


Root relaxation: objective -9.754486e+02, 68 iterations, 0.01 seconds

    Nodes    |    Current Node    |     Objective Bounds      |     Work
 Expl Unexpl |  Obj  Depth IntInf | Incumbent    BestBd   Gap | It/Node Time

     0     0 -975.44860    0   45 -808.16000 -975.44860  20.7%     -    0s
H    0     0                    -960.0900000 -975.44860  1.60%     -    0s
H    0     0                    -961.0260000 -975.44860  1.50%     -    0s
H    0     0                    -963.0860000 -975.44860  1.28%     -    0s
     0     0 -967.43319    0   48 -963.08600 -967.43319  0.45%     -    0s

Cutting planes:
  Gomory: 6
  Cover: 1
  MIR: 45

Explored 0 nodes (244 simplex iterations) in 0.06 seconds
Thread count was 16 (of 16 available processors)

Optimal solution found (tolerance 1.00e-02)
Best objective -9.630860000000e+02, best bound -9.674331874820e+02, gap 0.4514%
Changed value of parameter MIPGap to 0.01
   Prev: 0.0001  Min: 0.0  Max: 1e+100  Default: 0.0001
Changed value of parameter TimeLimit to 1800.0
   Prev: 1e+100  Min: 0.0  Max: 1e+100  Default: 1e+100
Changed value of parameter Method to 2
   Prev: -1  Min: -1  Max: 4  Default: -1
Changed value of parameter MIPFocus to 1
   Prev: 0  Min: 0  Max: 3  Default: 0
Optimize a model with 2306 rows, 3309 columns and 6618 nonzeros
Coefficient statistics:
  Matrix range    [1e+00, 2e+01]
  Objective range [1e+00, 1e+00]
  Bounds range    [1e+00, 1e+00]
  RHS range       [8e+01, 8e+01]
Found heuristic solution: objective 0
Presolve removed 2234 rows and 2426 columns
Presolve time: 0.01s
Presolved: 72 rows, 883 columns, 1587 nonzeros
Found heuristic solution: objective -815.3200000
Variable types: 0 continuous, 883 integer (774 binary)
Optimize a model with 72 rows, 883 columns and 1587 nonzeros
Coefficient statistics:
  Matrix range    [1e+00, 2e+01]
  Objective range [1e+00, 1e+00]
  Bounds range    [1e+00, 7e+00]
  RHS range       [8e+00, 8e+01]
Presolved: 72 rows, 883 columns, 1587 nonzeros

Root barrier log...

Ordering time: 0.00s

Barrier statistics:
 AA' NZ     : 6.640e+02
 Factor NZ  : 2.182e+03
 Factor Ops : 8.713e+04 (less than 1 second per iteration)
 Threads    : 1

                  Objective                Residual
Iter       Primal          Dual         Primal    Dual     Compl     Time
   0  -3.01278217e+03 -3.83523585e+03  1.63e+01 2.31e-01  6.18e+00     0s
   1  -9.72184530e+02 -2.55794097e+03  1.18e+00 1.14e+00  1.28e+00     0s
   2  -8.60543421e+02 -1.14127005e+03  0.00e+00 1.07e-01  1.56e-01     0s
   3  -9.54463007e+02 -1.00865475e+03  0.00e+00 7.87e-03  2.97e-02     0s
   4  -9.68516523e+02 -9.89739018e+02  0.00e+00 3.55e-15  1.16e-02     0s
   5  -9.77030710e+02 -9.84698648e+02  0.00e+00 1.78e-15  4.19e-03     0s
   6  -9.80320198e+02 -9.82919334e+02  0.00e+00 1.78e-15  1.42e-03     0s
   7  -9.81095100e+02 -9.82015354e+02  0.00e+00 3.55e-15  5.02e-04     0s
   8  -9.81702439e+02 -9.81834530e+02  0.00e+00 6.26e-06  7.20e-05     0s
   9  -9.81800836e+02 -9.81812143e+02  0.00e+00 3.55e-15  6.16e-06     0s
  10  -9.81804790e+02 -9.81805832e+02  0.00e+00 3.55e-15  5.67e-07     0s
  11  -9.81805142e+02 -9.81805144e+02  0.00e+00 3.55e-15  5.79e-10     0s

Barrier solved model in 11 iterations and 0.02 seconds
Optimal objective -9.81805142e+02


Root relaxation: objective -9.818051e+02, 67 iterations, 0.01 seconds

    Nodes    |    Current Node    |     Objective Bounds      |     Work
 Expl Unexpl |  Obj  Depth IntInf | Incumbent    BestBd   Gap | It/Node Time

     0     0 -981.80514    0   46 -815.32000 -981.80514  20.4%     -    0s
H    0     0                    -966.1800000 -981.80514  1.62%     -    0s
H    0     0                    -969.2200000 -981.80514  1.30%     -    0s
     0     0 -973.52826    0   46 -969.22000 -973.52826  0.44%     -    0s

Cutting planes:
  Gomory: 5
  Cover: 1
  MIR: 44

Explored 0 nodes (244 simplex iterations) in 0.07 seconds
Thread count was 16 (of 16 available processors)

Optimal solution found (tolerance 1.00e-02)
Best objective -9.692200000000e+02, best bound -9.735282551948e+02, gap 0.4445%
Changed value of parameter MIPGap to 0.01
   Prev: 0.0001  Min: 0.0  Max: 1e+100  Default: 0.0001
Changed value of parameter TimeLimit to 1800.0
   Prev: 1e+100  Min: 0.0  Max: 1e+100  Default: 1e+100
Changed value of parameter Method to 2
   Prev: -1  Min: -1  Max: 4  Default: -1
Changed value of parameter MIPFocus to 1
   Prev: 0  Min: 0  Max: 3  Default: 0
Optimize a model with 2306 rows, 3309 columns and 6618 nonzeros
Coefficient statistics:
  Matrix range    [1e+00, 2e+01]
  Objective range [1e+00, 1e+00]
  Bounds range    [1e+00, 1e+00]
  RHS range       [8e+01, 8e+01]
Found heuristic solution: objective 0
Presolve removed 2234 rows and 2426 columns
Presolve time: 0.01s
Presolved: 72 rows, 883 columns, 1587 nonzeros
Found heuristic solution: objective -818.9000000
Variable types: 0 continuous, 883 integer (774 binary)
Optimize a model with 72 rows, 883 columns and 1587 nonzeros
Coefficient statistics:
  Matrix range    [1e+00, 2e+01]
  Objective range [1e+00, 1e+00]
  Bounds range    [1e+00, 7e+00]
  RHS range       [8e+00, 8e+01]
Presolved: 72 rows, 883 columns, 1587 nonzeros

Root barrier log...

Ordering time: 0.00s

Barrier statistics:
 AA' NZ     : 6.640e+02
 Factor NZ  : 2.182e+03
 Factor Ops : 8.713e+04 (less than 1 second per iteration)
 Threads    : 1

                  Objective                Residual
Iter       Primal          Dual         Primal    Dual     Compl     Time
   0  -3.02177483e+03 -3.83793384e+03  1.63e+01 2.25e-01  6.18e+00     0s
   1  -9.75741930e+02 -2.56064645e+03  1.18e+00 1.14e+00  1.27e+00     0s
   2  -8.63657769e+02 -1.14426053e+03  0.00e+00 1.07e-01  1.56e-01     0s
   3  -9.57693144e+02 -1.01158959e+03  0.00e+00 7.60e-03  2.95e-02     0s
   4  -9.71567521e+02 -9.93091092e+02  0.00e+00 1.78e-15  1.18e-02     0s
   5  -9.80320942e+02 -9.87771248e+02  0.00e+00 1.78e-15  4.07e-03     0s
   6  -9.83558200e+02 -9.86078597e+02  0.00e+00 1.78e-15  1.38e-03     0s
   7  -9.84305489e+02 -9.85217102e+02  0.00e+00 1.78e-15  4.98e-04     0s
   8  -9.84877304e+02 -9.85024332e+02  0.00e+00 1.78e-15  8.02e-05     0s
   9  -9.84980513e+02 -9.84991905e+02  0.00e+00 1.78e-15  6.20e-06     0s
  10  -9.84983380e+02 -9.84983433e+02  0.00e+00 3.55e-15  2.90e-08     0s
  11  -9.84983413e+02 -9.84983413e+02  0.00e+00 3.55e-15  2.90e-11     0s

Barrier solved model in 11 iterations and 0.02 seconds
Optimal objective -9.84983413e+02


Root relaxation: objective -9.849834e+02, 63 iterations, 0.01 seconds

    Nodes    |    Current Node    |     Objective Bounds      |     Work
 Expl Unexpl |  Obj  Depth IntInf | Incumbent    BestBd   Gap | It/Node Time

     0     0 -984.98341    0   46 -818.90000 -984.98341  20.3%     -    0s
H    0     0                    -968.3050000 -984.98341  1.72%     -    0s
H    0     0                    -970.0400000 -984.98341  1.54%     -    0s
H    0     0                    -972.1200000 -984.98341  1.32%     -    0s
     0     0 -976.71830    0   52 -972.12000 -976.71830  0.47%     -    0s

Cutting planes:
  Gomory: 7
  Cover: 2
  MIR: 43

Explored 0 nodes (256 simplex iterations) in 0.06 seconds
Thread count was 16 (of 16 available processors)

Optimal solution found (tolerance 1.00e-02)
Best objective -9.721200000000e+02, best bound -9.767150000000e+02, gap 0.4727%
Changed value of parameter MIPGap to 0.01
   Prev: 0.0001  Min: 0.0  Max: 1e+100  Default: 0.0001
Changed value of parameter TimeLimit to 1800.0
   Prev: 1e+100  Min: 0.0  Max: 1e+100  Default: 1e+100
Changed value of parameter Method to 2
   Prev: -1  Min: -1  Max: 4  Default: -1
Changed value of parameter MIPFocus to 1
   Prev: 0  Min: 0  Max: 3  Default: 0
Optimize a model with 2306 rows, 3309 columns and 6618 nonzeros
Coefficient statistics:
  Matrix range    [1e+00, 2e+01]
  Objective range [1e+00, 1e+00]
  Bounds range    [1e+00, 1e+00]
  RHS range       [8e+01, 8e+01]
Found heuristic solution: objective 0
Presolve removed 2234 rows and 2426 columns
Presolve time: 0.01s
Presolved: 72 rows, 883 columns, 1587 nonzeros
Found heuristic solution: objective -836.8000000
Variable types: 0 continuous, 883 integer (774 binary)
Optimize a model with 72 rows, 883 columns and 1587 nonzeros
Coefficient statistics:
  Matrix range    [1e+00, 2e+01]
  Objective range [1e+00, 1e+00]
  Bounds range    [1e+00, 7e+00]
  RHS range       [8e+00, 8e+01]
Presolved: 72 rows, 883 columns, 1587 nonzeros

Root barrier log...

Ordering time: 0.00s

Barrier statistics:
 AA' NZ     : 6.640e+02
 Factor NZ  : 2.182e+03
 Factor Ops : 8.713e+04 (less than 1 second per iteration)
 Threads    : 1

                  Objective                Residual
Iter       Primal          Dual         Primal    Dual     Compl     Time
   0  -3.06673634e+03 -3.85142377e+03  1.63e+01 1.92e-01  6.17e+00     0s
   1  -9.93555734e+02 -2.57418286e+03  1.18e+00 1.14e+00  1.27e+00     0s
   2  -8.79290067e+02 -1.15913418e+03  0.00e+00 1.06e-01  1.55e-01     0s
   3  -9.74088319e+02 -1.02650109e+03  0.00e+00 6.37e-03  2.87e-02     0s
   4  -9.89329829e+02 -1.00634920e+03  0.00e+00 3.55e-15  9.29e-03     0s
   5  -9.97965151e+02 -1.00322772e+03  0.00e+00 1.78e-15  2.87e-03     0s
   6  -9.99954870e+02 -1.00224770e+03  0.00e+00 1.78e-15  1.25e-03     0s
   7  -1.00058062e+03 -1.00183952e+03  0.00e+00 1.78e-15  6.87e-04     0s
   8  -1.00084795e+03 -1.00157791e+03  0.00e+00 1.78e-15  3.98e-04     0s
   9  -1.00125327e+03 -1.00136911e+03  0.00e+00 1.78e-15  6.31e-05     0s
  10  -1.00129633e+03 -1.00129716e+03  0.00e+00 3.55e-15  4.52e-07     0s
  11  -1.00129667e+03 -1.00129667e+03  0.00e+00 3.55e-15  4.52e-10     0s

Barrier solved model in 11 iterations and 0.02 seconds
Optimal objective -1.00129667e+03


Root relaxation: objective -1.001297e+03, 28 iterations, 0.01 seconds

    Nodes    |    Current Node    |     Objective Bounds      |     Work
 Expl Unexpl |  Obj  Depth IntInf | Incumbent    BestBd   Gap | It/Node Time

     0     0 -1001.2967    0   56 -836.80000 -1001.2967  19.7%     -    0s
H    0     0                    -985.7000000 -1001.2967  1.58%     -    0s
H    0     0                    -987.5500000 -1001.2967  1.39%     -    0s
     0     0 -993.26221    0   53 -987.55000 -993.26221  0.58%     -    0s

Cutting planes:
  Gomory: 3
  Cover: 1
  MIR: 49

Explored 0 nodes (175 simplex iterations) in 0.06 seconds
Thread count was 16 (of 16 available processors)

Optimal solution found (tolerance 1.00e-02)
Best objective -9.875500000000e+02, best bound -9.932600000000e+02, gap 0.5782%
Changed value of parameter MIPGap to 0.01
   Prev: 0.0001  Min: 0.0  Max: 1e+100  Default: 0.0001
Changed value of parameter TimeLimit to 1800.0
   Prev: 1e+100  Min: 0.0  Max: 1e+100  Default: 1e+100
Changed value of parameter Method to 2
   Prev: -1  Min: -1  Max: 4  Default: -1
Changed value of parameter MIPFocus to 1
   Prev: 0  Min: 0  Max: 3  Default: 0
Optimize a model with 2306 rows, 3309 columns and 6618 nonzeros
Coefficient statistics:
  Matrix range    [1e+00, 2e+01]
  Objective range [1e+00, 1e+00]
  Bounds range    [1e+00, 1e+00]
  RHS range       [8e+01, 8e+01]
Found heuristic solution: objective 0
Presolve removed 2234 rows and 2426 columns
Presolve time: 0.01s
Presolved: 72 rows, 883 columns, 1587 nonzeros
Found heuristic solution: objective -872.6000000
Variable types: 0 continuous, 883 integer (774 binary)
Optimize a model with 72 rows, 883 columns and 1587 nonzeros
Coefficient statistics:
  Matrix range    [1e+00, 2e+01]
  Objective range [1e+00, 1e+00]
  Bounds range    [1e+00, 7e+00]
  RHS range       [8e+00, 8e+01]
Presolved: 72 rows, 883 columns, 1587 nonzeros

Root barrier log...

Ordering time: 0.00s

Barrier statistics:
 AA' NZ     : 6.640e+02
 Factor NZ  : 2.182e+03
 Factor Ops : 8.713e+04 (less than 1 second per iteration)
 Threads    : 1

                  Objective                Residual
Iter       Primal          Dual         Primal    Dual     Compl     Time
   0  -3.15665041e+03 -3.87840362e+03  1.63e+01 1.27e-01  6.16e+00     0s
   1  -1.02931713e+03 -2.60130227e+03  1.19e+00 1.13e+00  1.27e+00     0s
   2  -9.10854764e+02 -1.18848782e+03  0.00e+00 1.03e-01  1.54e-01     0s
   3  -1.00630792e+03 -1.05634552e+03  0.00e+00 5.29e-03  2.74e-02     0s
   4  -1.02616231e+03 -1.03951419e+03  0.00e+00 3.55e-15  7.29e-03     0s
   5  -1.03126216e+03 -1.03583185e+03  0.00e+00 3.55e-15  2.49e-03     0s
   6  -1.03322848e+03 -1.03480533e+03  0.00e+00 1.78e-15  8.60e-04     0s
   7  -1.03387704e+03 -1.03445231e+03  0.00e+00 1.78e-15  3.14e-04     0s
   8  -1.03411114e+03 -1.03425168e+03  0.00e+00 1.78e-15  7.66e-05     0s
   9  -1.03420420e+03 -1.03420489e+03  0.00e+00 3.55e-15  3.75e-07     0s
  10  -1.03420444e+03 -1.03420444e+03  0.00e+00 3.55e-15  3.75e-10     0s

Barrier solved model in 10 iterations and 0.02 seconds
Optimal objective -1.03420444e+03


Root relaxation: objective -1.034204e+03, 28 iterations, 0.01 seconds

    Nodes    |    Current Node    |     Objective Bounds      |     Work
 Expl Unexpl |  Obj  Depth IntInf | Incumbent    BestBd   Gap | It/Node Time

     0     0 -1034.2044    0   55 -872.60000 -1034.2044  18.5%     -    0s
H    0     0                    -1016.400000 -1034.2044  1.75%     -    0s
H    0     0                    -1018.340000 -1034.2044  1.56%     -    0s
     0     0 -1025.2802    0   60 -1018.3400 -1025.2802  0.68%     -    0s

Cutting planes:
  Gomory: 3
  Cover: 1
  MIR: 49

Explored 0 nodes (149 simplex iterations) in 0.07 seconds
Thread count was 16 (of 16 available processors)

Optimal solution found (tolerance 1.00e-02)
Best objective -1.018340000000e+03, best bound -1.025280000000e+03, gap 0.6815%
Changed value of parameter MIPGap to 0.01
   Prev: 0.0001  Min: 0.0  Max: 1e+100  Default: 0.0001
Changed value of parameter TimeLimit to 1800.0
   Prev: 1e+100  Min: 0.0  Max: 1e+100  Default: 1e+100
Changed value of parameter Method to 2
   Prev: -1  Min: -1  Max: 4  Default: -1
Changed value of parameter MIPFocus to 1
   Prev: 0  Min: 0  Max: 3  Default: 0
Optimize a model with 2306 rows, 3309 columns and 6618 nonzeros
Coefficient statistics:
  Matrix range    [1e+00, 2e+01]
  Objective range [1e+00, 2e+00]
  Bounds range    [1e+00, 1e+00]
  RHS range       [8e+01, 8e+01]
Found heuristic solution: objective 0
Presolve removed 2234 rows and 2426 columns
Presolve time: 0.01s
Presolved: 72 rows, 883 columns, 1587 nonzeros
Found heuristic solution: objective -944.2000000
Variable types: 0 continuous, 883 integer (774 binary)
Optimize a model with 72 rows, 883 columns and 1587 nonzeros
Coefficient statistics:
  Matrix range    [1e+00, 2e+01]
  Objective range [1e+00, 2e+00]
  Bounds range    [1e+00, 7e+00]
  RHS range       [8e+00, 8e+01]
Presolved: 72 rows, 883 columns, 1587 nonzeros

Root barrier log...

Ordering time: 0.00s

Barrier statistics:
 AA' NZ     : 6.640e+02
 Factor NZ  : 2.182e+03
 Factor Ops : 8.713e+04 (less than 1 second per iteration)
 Threads    : 1

                  Objective                Residual
Iter       Primal          Dual         Primal    Dual     Compl     Time
   0  -3.33644252e+03 -3.93236334e+03  1.63e+01 1.33e-15  6.13e+00     0s
   1  -1.10138662e+03 -2.65572106e+03  1.19e+00 1.10e+00  1.26e+00     0s
   2  -9.79977309e+02 -1.24183934e+03  0.00e+00 9.19e-02  1.45e-01     0s
   3  -1.07358536e+03 -1.11744468e+03  0.00e+00 4.07e-04  2.40e-02     0s
   4  -1.09052968e+03 -1.10403436e+03  0.00e+00 1.16e-03  7.37e-03     0s
   5  -1.09248155e+03 -1.10163174e+03  0.00e+00 1.78e-15  4.99e-03     0s
   6  -1.09376065e+03 -1.10115006e+03  0.00e+00 1.78e-15  4.03e-03     0s
   7  -1.09849663e+03 -1.10063281e+03  0.00e+00 3.55e-15  1.17e-03     0s
   8  -1.09947941e+03 -1.10031021e+03  0.00e+00 1.78e-15  4.53e-04     0s
   9  -1.10010279e+03 -1.10018830e+03  0.00e+00 3.55e-15  4.66e-05     0s
  10  -1.10015582e+03 -1.10015634e+03  0.00e+00 3.55e-15  2.82e-07     0s
  11  -1.10015600e+03 -1.10015600e+03  0.00e+00 3.55e-15  2.82e-10     0s

Barrier solved model in 11 iterations and 0.02 seconds
Optimal objective -1.10015600e+03


Root relaxation: objective -1.100156e+03, 26 iterations, 0.01 seconds

    Nodes    |    Current Node    |     Objective Bounds      |     Work
 Expl Unexpl |  Obj  Depth IntInf | Incumbent    BestBd   Gap | It/Node Time

     0     0 -1100.1560    0   57 -944.20000 -1100.1560  16.5%     -    0s
H    0     0                    -1076.880000 -1100.1560  2.16%     -    0s
H    0     0                    -1080.000000 -1100.1560  1.87%     -    0s
H    0     0                    -1080.320000 -1100.1560  1.84%     -    0s
     0     0 -1090.7920    0   73 -1080.3200 -1090.7920  0.97%     -    0s

Cutting planes:
  Gomory: 2
  Cover: 1
  MIR: 49

Explored 0 nodes (165 simplex iterations) in 0.06 seconds
Thread count was 16 (of 16 available processors)

Optimal solution found (tolerance 1.00e-02)
Best objective -1.080320000000e+03, best bound -1.090760000000e+03, gap 0.9664%
Changed value of parameter MIPGap to 0.01
   Prev: 0.0001  Min: 0.0  Max: 1e+100  Default: 0.0001
Changed value of parameter TimeLimit to 1800.0
   Prev: 1e+100  Min: 0.0  Max: 1e+100  Default: 1e+100
Changed value of parameter Method to 2
   Prev: -1  Min: -1  Max: 4  Default: -1
Changed value of parameter MIPFocus to 1
   Prev: 0  Min: 0  Max: 3  Default: 0
Optimize a model with 2306 rows, 3309 columns and 6618 nonzeros
Coefficient statistics:
  Matrix range    [1e+00, 2e+01]
  Objective range [1e+00, 2e+00]
  Bounds range    [1e+00, 1e+00]
  RHS range       [8e+01, 8e+01]
Found heuristic solution: objective 0
Presolve removed 2234 rows and 2426 columns
Presolve time: 0.01s
Presolved: 72 rows, 883 columns, 1587 nonzeros
Found heuristic solution: objective -980.0000000
Variable types: 0 continuous, 883 integer (774 binary)
Optimize a model with 72 rows, 883 columns and 1587 nonzeros
Coefficient statistics:
  Matrix range    [1e+00, 2e+01]
  Objective range [1e+00, 2e+00]
  Bounds range    [1e+00, 7e+00]
  RHS range       [8e+00, 8e+01]
Presolved: 72 rows, 883 columns, 1587 nonzeros

Root barrier log...

Ordering time: 0.00s

Barrier statistics:
 AA' NZ     : 6.640e+02
 Factor NZ  : 2.182e+03
 Factor Ops : 8.713e+04 (less than 1 second per iteration)
 Threads    : 1

                  Objective                Residual
Iter       Primal          Dual         Primal    Dual     Compl     Time
   0  -3.42632043e+03 -3.95934320e+03  1.63e+01 1.78e-15  6.12e+00     0s
   1  -1.13767668e+03 -2.68302078e+03  1.20e+00 1.09e+00  1.26e+00     0s
   2  -1.01255612e+03 -1.27173824e+03  0.00e+00 8.87e-02  1.43e-01     0s
   3  -1.10697281e+03 -1.14951275e+03  0.00e+00 8.88e-15  2.32e-02     0s
   4  -1.12259773e+03 -1.13844868e+03  0.00e+00 1.78e-15  8.64e-03     0s
   5  -1.13004079e+03 -1.13501721e+03  0.00e+00 1.78e-15  2.71e-03     0s
   6  -1.13264242e+03 -1.13375818e+03  0.00e+00 1.78e-15  6.07e-04     0s
   7  -1.13316833e+03 -1.13338363e+03  0.00e+00 1.78e-15  1.17e-04     0s
   8  -1.13321696e+03 -1.13322324e+03  0.00e+00 3.55e-15  3.42e-06     0s
   9  -1.13322111e+03 -1.13322111e+03  0.00e+00 3.55e-15  3.42e-09     0s

Barrier solved model in 9 iterations and 0.02 seconds
Optimal objective -1.13322111e+03


Root relaxation: objective -1.133221e+03, 35 iterations, 0.01 seconds

    Nodes    |    Current Node    |     Objective Bounds      |     Work
 Expl Unexpl |  Obj  Depth IntInf | Incumbent    BestBd   Gap | It/Node Time

     0     0 -1133.2211    0   52 -980.00000 -1133.2211  15.6%     -    0s
H    0     0                    -1106.750000 -1133.2211  2.39%     -    0s
H    0     0                    -1111.250000 -1133.2211  1.98%     -    0s
H    0     0                    -1111.800000 -1133.2211  1.93%     -    0s
     0     0 -1124.2425    0   75 -1111.8000 -1124.2425  1.12%     -    0s
H    0     0                    -1112.950000 -1124.2425  1.01%     -    0s
H    0     0                    -1116.200000 -1124.2425  0.72%     -    0s

Cutting planes:
  Gomory: 2
  Cover: 1
  MIR: 47

Explored 0 nodes (212 simplex iterations) in 0.08 seconds
Thread count was 16 (of 16 available processors)

Optimal solution found (tolerance 1.00e-02)
Best objective -1.116200000000e+03, best bound -1.124200000000e+03, gap 0.7167%
Changed value of parameter MIPGap to 0.01
   Prev: 0.0001  Min: 0.0  Max: 1e+100  Default: 0.0001
Changed value of parameter TimeLimit to 1800.0
   Prev: 1e+100  Min: 0.0  Max: 1e+100  Default: 1e+100
Changed value of parameter Method to 2
   Prev: -1  Min: -1  Max: 4  Default: -1
Changed value of parameter MIPFocus to 1
   Prev: 0  Min: 0  Max: 3  Default: 0
Optimize a model with 2306 rows, 3309 columns and 6618 nonzeros
Coefficient statistics:
  Matrix range    [1e+00, 2e+01]
  Objective range [1e+00, 3e+00]
  Bounds range    [1e+00, 1e+00]
  RHS range       [8e+01, 8e+01]
Found heuristic solution: objective 0
Presolve removed 2234 rows and 2426 columns
Presolve time: 0.01s
Presolved: 72 rows, 883 columns, 1587 nonzeros
Found heuristic solution: objective -1158.400000
Variable types: 0 continuous, 883 integer (774 binary)
Optimize a model with 72 rows, 883 columns and 1587 nonzeros
Coefficient statistics:
  Matrix range    [1e+00, 2e+01]
  Objective range [1e+00, 3e+00]
  Bounds range    [1e+00, 7e+00]
  RHS range       [8e+00, 8e+01]
Presolved: 72 rows, 883 columns, 1587 nonzeros

Root barrier log...

Ordering time: 0.00s

Barrier statistics:
 AA' NZ     : 6.640e+02
 Factor NZ  : 2.182e+03
 Factor Ops : 8.713e+04 (less than 1 second per iteration)
 Threads    : 1

                  Objective                Residual
Iter       Primal          Dual         Primal    Dual     Compl     Time
   0  -3.87564788e+03 -4.12374532e+03  1.63e+01 1.33e-15  6.11e+00     0s
   1  -1.31890508e+03 -2.83795266e+03  1.21e+00 1.05e+00  1.25e+00     0s
   2  -1.18005558e+03 -1.44237639e+03  0.00e+00 9.17e-02  1.44e-01     0s
   3  -1.27164383e+03 -1.32240764e+03  0.00e+00 1.37e-04  2.77e-02     0s
   4  -1.28507068e+03 -1.30957233e+03  0.00e+00 3.55e-15  1.34e-02     0s
   5  -1.29461266e+03 -1.30526688e+03  0.00e+00 1.78e-15  5.80e-03     0s
   6  -1.29893814e+03 -1.30271175e+03  0.00e+00 1.78e-15  2.05e-03     0s
   7  -1.30037925e+03 -1.30126709e+03  0.00e+00 1.78e-15  4.83e-04     0s
   8  -1.30070487e+03 -1.30073612e+03  0.00e+00 3.55e-15  1.70e-05     0s
   9  -1.30072325e+03 -1.30072328e+03  0.00e+00 1.78e-15  1.70e-08     0s
  10  -1.30072327e+03 -1.30072327e+03  0.00e+00 3.55e-15  1.70e-11     0s

Barrier solved model in 10 iterations and 0.02 seconds
Optimal objective -1.30072327e+03


Root relaxation: objective -1.300723e+03, 42 iterations, 0.01 seconds

    Nodes    |    Current Node    |     Objective Bounds      |     Work
 Expl Unexpl |  Obj  Depth IntInf | Incumbent    BestBd   Gap | It/Node Time

     0     0 -1300.7233    0   58 -1158.4000 -1300.7233  12.3%     -    0s
H    0     0                    -1266.800000 -1300.7233  2.68%     -    0s
H    0     0                    -1272.200000 -1300.7233  2.24%     -    0s
H    0     0                    -1276.200000 -1300.7233  1.92%     -    0s
     0     0 -1291.1869    0   77 -1276.2000 -1291.1869  1.17%     -    0s
H    0     0                    -1278.700000 -1291.1869  0.98%     -    0s

Cutting planes:
  Gomory: 4
  Cover: 1
  MIR: 45

Explored 0 nodes (255 simplex iterations) in 0.09 seconds
Thread count was 16 (of 16 available processors)

Optimal solution found (tolerance 1.00e-02)
Best objective -1.278700000000e+03, best bound -1.291100000000e+03, gap 0.9697%
Changed value of parameter MIPGap to 0.01
   Prev: 0.0001  Min: 0.0  Max: 1e+100  Default: 0.0001
Changed value of parameter TimeLimit to 1800.0
   Prev: 1e+100  Min: 0.0  Max: 1e+100  Default: 1e+100
Changed value of parameter Method to 2
   Prev: -1  Min: -1  Max: 4  Default: -1
Changed value of parameter MIPFocus to 1
   Prev: 0  Min: 0  Max: 3  Default: 0
Optimize a model with 2306 rows, 3309 columns and 6618 nonzeros
Coefficient statistics:
  Matrix range    [1e+00, 2e+01]
  Objective range [1e+00, 5e+00]
  Bounds range    [1e+00, 1e+00]
  RHS range       [8e+01, 8e+01]
Found heuristic solution: objective 0
Presolve removed 2234 rows and 2426 columns
Presolve time: 0.01s
Presolved: 72 rows, 883 columns, 1587 nonzeros
Found heuristic solution: objective -1519.400000
Variable types: 0 continuous, 883 integer (774 binary)
Optimize a model with 72 rows, 883 columns and 1587 nonzeros
Coefficient statistics:
  Matrix range    [1e+00, 2e+01]
  Objective range [1e+00, 5e+00]
  Bounds range    [1e+00, 7e+00]
  RHS range       [8e+00, 8e+01]
Presolved: 72 rows, 883 columns, 1587 nonzeros

Root barrier log...

Ordering time: 0.00s

Barrier statistics:
 AA' NZ     : 6.640e+02
 Factor NZ  : 2.182e+03
 Factor Ops : 8.713e+04 (less than 1 second per iteration)
 Threads    : 1

                  Objective                Residual
Iter       Primal          Dual         Primal    Dual     Compl     Time
   0  -4.77357792e+03 -4.46085601e+03  1.63e+01 1.78e-15  6.11e+00     0s
   1  -1.70413953e+03 -3.15762148e+03  1.27e+00 9.75e-01  1.24e+00     0s
   2  -1.54091319e+03 -1.79132179e+03  0.00e+00 7.85e-02  1.37e-01     0s
   3  -1.61348741e+03 -1.66927529e+03  0.00e+00 8.88e-15  3.04e-02     0s
   4  -1.63612801e+03 -1.65061078e+03  0.00e+00 1.78e-15  7.89e-03     0s
   5  -1.64157860e+03 -1.64759678e+03  0.00e+00 1.78e-15  3.28e-03     0s
   6  -1.64411096e+03 -1.64618480e+03  0.00e+00 1.78e-15  1.13e-03     0s
   7  -1.64488728e+03 -1.64586715e+03  0.00e+00 1.78e-15  5.34e-04     0s
   8  -1.64507443e+03 -1.64566278e+03  0.00e+00 1.78e-15  3.20e-04     0s
   9  -1.64540853e+03 -1.64549982e+03  0.00e+00 1.78e-15  4.97e-05     0s
  10  -1.64548016e+03 -1.64548105e+03  0.00e+00 3.55e-15  4.83e-07     0s
  11  -1.64548064e+03 -1.64548064e+03  0.00e+00 3.55e-15  4.83e-10     0s

Barrier solved model in 11 iterations and 0.02 seconds
Optimal objective -1.64548064e+03


Root relaxation: objective -1.645481e+03, 25 iterations, 0.01 seconds

    Nodes    |    Current Node    |     Objective Bounds      |     Work
 Expl Unexpl |  Obj  Depth IntInf | Incumbent    BestBd   Gap | It/Node Time

     0     0 -1645.4806    0   60 -1519.4000 -1645.4806  8.30%     -    0s
H    0     0                    -1595.200000 -1645.4806  3.15%     -    0s
H    0     0                    -1604.800000 -1645.4806  2.53%     -    0s
H    0     0                    -1611.000000 -1645.4806  2.14%     -    0s
     0     0 -1637.8283    0   89 -1611.0000 -1637.8283  1.67%     -    0s
H    0     0                    -1614.400000 -1637.8283  1.45%     -    0s
     0     0 -1637.6764    0   93 -1614.4000 -1637.6764  1.44%     -    0s
     0     0 -1635.1574    0  121 -1614.4000 -1635.1574  1.29%     -    0s
H    0     0                    -1618.000000 -1635.1574  1.06%     -    0s
     0     0 -1634.5534    0  119 -1618.0000 -1634.5534  1.02%     -    0s
H    0     0                    -1619.400000 -1634.5534  0.94%     -    0s
H    0     0                    -1621.800000 -1634.5534  0.79%     -    0s

Cutting planes:
  Gomory: 6
  Cover: 5
  MIR: 116

Explored 0 nodes (621 simplex iterations) in 0.21 seconds
Thread count was 16 (of 16 available processors)

Optimal solution found (tolerance 1.00e-02)
Best objective -1.621800000000e+03, best bound -1.634400000000e+03, gap 0.7769%
Changed value of parameter MIPGap to 0.01
   Prev: 0.0001  Min: 0.0  Max: 1e+100  Default: 0.0001
Changed value of parameter TimeLimit to 1800.0
   Prev: 1e+100  Min: 0.0  Max: 1e+100  Default: 1e+100
Changed value of parameter Method to 2
   Prev: -1  Min: -1  Max: 4  Default: -1
Changed value of parameter MIPFocus to 1
   Prev: 0  Min: 0  Max: 3  Default: 0
Optimize a model with 2306 rows, 3309 columns and 6618 nonzeros
Coefficient statistics:
  Matrix range    [1e+00, 2e+01]
  Objective range [1e+00, 9e+00]
  Bounds range    [1e+00, 1e+00]
  RHS range       [8e+01, 8e+01]
Found heuristic solution: objective 0
Presolve removed 2234 rows and 2427 columns
Presolve time: 0.01s
Presolved: 72 rows, 882 columns, 1586 nonzeros
Found heuristic solution: objective -2235.000000
Variable types: 0 continuous, 882 integer (773 binary)
Optimize a model with 72 rows, 882 columns and 1586 nonzeros
Coefficient statistics:
  Matrix range    [1e+00, 2e+01]
  Objective range [1e+00, 9e+00]
  Bounds range    [1e+00, 9e+00]
  RHS range       [8e+00, 8e+01]
Presolve removed 0 rows and 59 columns
Presolved: 72 rows, 823 columns, 1512 nonzeros

Root barrier log...

Ordering time: 0.00s

Barrier statistics:
 AA' NZ     : 6.640e+02
 Factor NZ  : 2.182e+03
 Factor Ops : 8.713e+04 (less than 1 second per iteration)
 Threads    : 1

                  Objective                Residual
Iter       Primal          Dual         Primal    Dual     Compl     Time
   0  -6.74368905e+03 -5.34118543e+03  1.76e+01 1.78e-15  7.12e+00     0s
   1  -2.50768275e+03 -4.05860876e+03  1.39e+00 9.32e-01  1.49e+00     0s
   2  -2.27099508e+03 -2.55780729e+03  6.67e-03 5.86e-02  1.70e-01     0s
   3  -2.32059722e+03 -2.38254750e+03  1.41e-03 7.11e-15  3.66e-02     0s
   4  -2.33287327e+03 -2.36699164e+03  4.52e-04 5.33e-15  2.01e-02     0s
   5  -2.34146758e+03 -2.35569050e+03  3.81e-05 3.55e-15  8.38e-03     0s
   6  -2.34454709e+03 -2.34940209e+03  0.00e+00 3.55e-15  2.87e-03     0s
   7  -2.34699858e+03 -2.34733884e+03  0.00e+00 3.55e-15  1.99e-04     0s
   8  -2.34709939e+03 -2.34710175e+03  0.00e+00 3.55e-15  1.38e-06     0s
   9  -2.34710000e+03 -2.34710000e+03  0.00e+00 3.55e-15  1.38e-09     0s

Barrier solved model in 9 iterations and 0.02 seconds
Optimal objective -2.34710000e+03


Root relaxation: objective -2.347100e+03, 344 iterations, 0.01 seconds

    Nodes    |    Current Node    |     Objective Bounds      |     Work
 Expl Unexpl |  Obj  Depth IntInf | Incumbent    BestBd   Gap | It/Node Time

     0     0 -2347.1000    0   46 -2235.0000 -2347.1000  5.02%     -    0s
H    0     0                    -2312.600000 -2347.1000  1.49%     -    0s
H    0     0                    -2313.800000 -2347.1000  1.44%     -    0s
     0     0 -2346.5000    0   84 -2313.8000 -2346.5000  1.41%     -    0s
     0     0 -2346.3667    0   77 -2313.8000 -2346.3667  1.41%     -    0s
     0     0 -2345.6214    0   96 -2313.8000 -2345.6214  1.38%     -    0s
     0     0 -2345.5990    0   83 -2313.8000 -2345.5990  1.37%     -    0s
H    0     0                    -2321.800000 -2345.5990  1.03%     -    0s
H    0     0                    -2323.400000 -2345.5990  0.96%     -    0s

Cutting planes:
  Gomory: 1
  Cover: 3
  MIR: 92

Explored 0 nodes (1360 simplex iterations) in 0.20 seconds
Thread count was 16 (of 16 available processors)

Optimal solution found (tolerance 1.00e-02)
Best objective -2.323400000000e+03, best bound -2.345400000000e+03, gap 0.9469%
Changed value of parameter MIPGap to 0.01
   Prev: 0.0001  Min: 0.0  Max: 1e+100  Default: 0.0001
Changed value of parameter TimeLimit to 1800.0
   Prev: 1e+100  Min: 0.0  Max: 1e+100  Default: 1e+100
Changed value of parameter Method to 2
   Prev: -1  Min: -1  Max: 4  Default: -1
Changed value of parameter MIPFocus to 1
   Prev: 0  Min: 0  Max: 3  Default: 0
Optimize a model with 2306 rows, 3309 columns and 6618 nonzeros
Coefficient statistics:
  Matrix range    [1e+00, 2e+01]
  Objective range [2e+00, 1e+01]
  Bounds range    [1e+00, 1e+00]
  RHS range       [8e+01, 8e+01]
Found heuristic solution: objective 0
Presolve removed 2234 rows and 2426 columns
Presolve time: 0.01s
Presolved: 72 rows, 883 columns, 1587 nonzeros
Found heuristic solution: objective -2595.000000
Variable types: 0 continuous, 883 integer (774 binary)
Optimize a model with 72 rows, 883 columns and 1587 nonzeros
Coefficient statistics:
  Matrix range    [1e+00, 2e+01]
  Objective range [2e+00, 1e+01]
  Bounds range    [1e+00, 7e+00]
  RHS range       [8e+00, 8e+01]
Presolve removed 0 rows and 2 columns
Presolved: 72 rows, 881 columns, 1585 nonzeros

Root barrier log...

Ordering time: 0.00s

Barrier statistics:
 AA' NZ     : 6.640e+02
 Factor NZ  : 2.182e+03
 Factor Ops : 8.713e+04 (less than 1 second per iteration)
 Threads    : 1

                  Objective                Residual
Iter       Primal          Dual         Primal    Dual     Compl     Time
   0  -7.46211803e+03 -6.44014415e+03  1.63e+01 1.78e-15  8.07e+00     0s
   1  -2.83272553e+03 -4.72363290e+03  1.16e+00 1.18e+00  1.59e+00     0s
   2  -2.64988760e+03 -2.96632523e+03  1.75e-02 8.46e-02  1.80e-01     0s
   3  -2.69818617e+03 -2.76114870e+03  4.20e-03 2.49e-14  3.61e-02     0s
   4  -2.71688305e+03 -2.74147795e+03  1.33e-03 8.88e-15  1.40e-02     0s
   5  -2.72597160e+03 -2.73618855e+03  5.53e-04 3.55e-15  5.82e-03     0s
   6  -2.72913508e+03 -2.73439766e+03  2.92e-04 3.55e-15  3.00e-03     0s
   7  -2.73144873e+03 -2.73327249e+03  8.94e-05 3.55e-15  1.04e-03     0s
   8  -2.73224977e+03 -2.73289296e+03  2.47e-05 3.55e-15  3.64e-04     0s
   9  -2.73250263e+03 -2.73274735e+03  8.89e-06 3.55e-15  1.38e-04     0s
  10  -2.73263146e+03 -2.73268099e+03  6.57e-07 3.55e-15  2.76e-05     0s
  11  -2.73264983e+03 -2.73265021e+03  0.00e+00 3.55e-15  2.09e-07     0s
  12  -2.73265000e+03 -2.73265000e+03  0.00e+00 3.55e-15  8.92e-13     0s

Barrier solved model in 12 iterations and 0.02 seconds
Optimal objective -2.73265000e+03


Root relaxation: objective -2.732650e+03, 101 iterations, 0.01 seconds

    Nodes    |    Current Node    |     Objective Bounds      |     Work
 Expl Unexpl |  Obj  Depth IntInf | Incumbent    BestBd   Gap | It/Node Time

     0     0 -2732.6500    0   54 -2595.0000 -2732.6500  5.30%     -    0s
H    0     0                    -2691.000000 -2732.6500  1.55%     -    0s
H    0     0                    -2700.500000 -2732.6500  1.19%     -    0s
     0     0 -2730.2663    0  103 -2700.5000 -2730.2663  1.10%     -    0s
     0     0 -2729.8917    0  100 -2700.5000 -2729.8917  1.09%     -    0s
     0     0 -2729.4149    0  144 -2700.5000 -2729.4149  1.07%     -    0s
     0     0 -2729.1192    0  135 -2700.5000 -2729.1192  1.06%     -    0s
H    0     0                    -2708.500000 -2729.1192  0.76%     -    0s
H    0     0                    -2710.500000 -2729.1192  0.69%     -    0s

Cutting planes:
  Gomory: 6
  Cover: 10
  MIR: 114
  Zero half: 1

Explored 0 nodes (1016 simplex iterations) in 0.17 seconds
Thread count was 16 (of 16 available processors)

Optimal solution found (tolerance 1.00e-02)
Best objective -2.710500000000e+03, best bound -2.729000000000e+03, gap 0.6825%
Changed value of parameter MIPGap to 0.01
   Prev: 0.0001  Min: 0.0  Max: 1e+100  Default: 0.0001
Changed value of parameter TimeLimit to 1800.0
   Prev: 1e+100  Min: 0.0  Max: 1e+100  Default: 1e+100
Changed value of parameter Method to 2
   Prev: -1  Min: -1  Max: 4  Default: -1
Changed value of parameter MIPFocus to 1
   Prev: 0  Min: 0  Max: 3  Default: 0
Optimize a model with 2306 rows, 3309 columns and 6618 nonzeros
Coefficient statistics:
  Matrix range    [1e+00, 2e+01]
  Objective range [2e+00, 2e+01]
  Bounds range    [1e+00, 1e+00]
  RHS range       [8e+01, 8e+01]
Found heuristic solution: objective 0
Presolve removed 2234 rows and 2426 columns
Presolve time: 0.01s
Presolved: 72 rows, 883 columns, 1587 nonzeros
Found heuristic solution: objective -4401.000000
Variable types: 0 continuous, 883 integer (774 binary)
Optimize a model with 72 rows, 883 columns and 1587 nonzeros
Coefficient statistics:
  Matrix range    [1e+00, 2e+01]
  Objective range [2e+00, 2e+01]
  Bounds range    [1e+00, 7e+00]
  RHS range       [8e+00, 8e+01]
Presolve removed 0 rows and 64 columns
Presolved: 72 rows, 819 columns, 1509 nonzeros

Root barrier log...

Ordering time: 0.00s

Barrier statistics:
 AA' NZ     : 6.640e+02
 Factor NZ  : 2.182e+03
 Factor Ops : 8.713e+04 (less than 1 second per iteration)
 Threads    : 1

                  Objective                Residual
Iter       Primal          Dual         Primal    Dual     Compl     Time
   0  -1.17344687e+04 -1.21401646e+04  1.63e+01 3.55e-15  1.70e+01     0s
   1  -4.51594105e+03 -9.15434914e+03  6.98e-01 2.66e+00  3.47e+00     0s
   2  -4.52620557e+03 -5.12622251e+03  1.70e-02 1.87e-01  3.65e-01     0s
   3  -4.72725466e+03 -4.86407549e+03  4.53e-04 2.59e-02  8.05e-02     0s
   4  -4.75009405e+03 -4.81256579e+03  2.21e-04 7.11e-15  3.68e-02     0s
   5  -4.77220178e+03 -4.79745408e+03  0.00e+00 7.11e-15  1.48e-02     0s
   6  -4.77751333e+03 -4.78737030e+03  0.00e+00 7.11e-15  5.79e-03     0s
   7  -4.78049438e+03 -4.78402574e+03  0.00e+00 7.11e-15  2.07e-03     0s
   8  -4.78113556e+03 -4.78295034e+03  0.00e+00 7.11e-15  1.07e-03     0s
   9  -4.78207135e+03 -4.78239456e+03  0.00e+00 7.11e-15  1.89e-04     0s
  10  -4.78214031e+03 -4.78216251e+03  0.00e+00 7.11e-15  1.30e-05     0s
  11  -4.78214997e+03 -4.78215010e+03  0.00e+00 7.11e-15  7.46e-08     0s
  12  -4.78215000e+03 -4.78215000e+03  1.26e-12 7.11e-15  3.14e-13     0s

Barrier solved model in 12 iterations and 0.02 seconds
Optimal objective -4.78215000e+03


Root relaxation: objective -4.782150e+03, 95 iterations, 0.01 seconds

    Nodes    |    Current Node    |     Objective Bounds      |     Work
 Expl Unexpl |  Obj  Depth IntInf | Incumbent    BestBd   Gap | It/Node Time

     0     0 -4782.1500    0   52 -4401.0000 -4782.1500  8.66%     -    0s
H    0     0                    -4679.000000 -4782.1500  2.20%     -    0s
H    0     0                    -4701.000000 -4782.1500  1.73%     -    0s
H    0     0                    -4712.000000 -4782.1500  1.49%     -    0s
     0     0 -4772.3473    0  102 -4712.0000 -4772.3473  1.28%     -    0s
H    0     0                    -4732.000000 -4772.3473  0.85%     -    0s

Cutting planes:
  Cover: 3
  MIR: 42

Explored 0 nodes (402 simplex iterations) in 0.08 seconds
Thread count was 16 (of 16 available processors)

Optimal solution found (tolerance 1.00e-02)
Best objective -4.732000000000e+03, best bound -4.772000000000e+03, gap 0.8453%
Changed value of parameter MIPGap to 0.01
   Prev: 0.0001  Min: 0.0  Max: 1e+100  Default: 0.0001
Changed value of parameter TimeLimit to 1800.0
   Prev: 1e+100  Min: 0.0  Max: 1e+100  Default: 1e+100
Changed value of parameter Method to 2
   Prev: -1  Min: -1  Max: 4  Default: -1
Changed value of parameter MIPFocus to 1
   Prev: 0  Min: 0  Max: 3  Default: 0
Optimize a model with 2306 rows, 3309 columns and 6618 nonzeros
Coefficient statistics:
  Matrix range    [1e+00, 2e+01]
  Objective range [3e+00, 4e+01]
  Bounds range    [1e+00, 1e+00]
  RHS range       [8e+01, 8e+01]
Found heuristic solution: objective 0
Presolve removed 2234 rows and 2426 columns
Presolve time: 0.01s
Presolved: 72 rows, 883 columns, 1587 nonzeros
Found heuristic solution: objective -8006.000000
Variable types: 0 continuous, 883 integer (774 binary)
Optimize a model with 72 rows, 883 columns and 1587 nonzeros
Coefficient statistics:
  Matrix range    [1e+00, 2e+01]
  Objective range [3e+00, 4e+01]
  Bounds range    [1e+00, 7e+00]
  RHS range       [8e+00, 8e+01]
Presolved: 72 rows, 883 columns, 1587 nonzeros

Root barrier log...

Ordering time: 0.00s

Barrier statistics:
 AA' NZ     : 6.640e+02
 Factor NZ  : 2.182e+03
 Factor Ops : 8.713e+04 (less than 1 second per iteration)
 Threads    : 1

                  Objective                Residual
Iter       Primal          Dual         Primal    Dual     Compl     Time
   0  -2.09982858e+04 -2.34336991e+04  1.63e+01 7.11e-15  3.21e+01     0s
   1  -8.21111180e+03 -1.68926980e+04  5.98e-01 5.36e+00  5.94e+00     0s
   2  -8.32752162e+03 -9.91037274e+03  1.12e-02 7.49e-01  8.84e-01     0s
   3  -8.80578819e+03 -9.06709029e+03  0.00e+00 7.54e-02  1.42e-01     0s
   4  -8.87767152e+03 -8.95212525e+03  0.00e+00 1.42e-14  4.06e-02     0s
   5  -8.89795700e+03 -8.92729046e+03  0.00e+00 1.42e-14  1.60e-02     0s
   6  -8.90718614e+03 -8.91859536e+03  0.00e+00 1.42e-14  6.21e-03     0s
   7  -8.91195956e+03 -8.91555700e+03  0.00e+00 1.07e-14  1.96e-03     0s
   8  -8.91254388e+03 -8.91348678e+03  0.00e+00 1.42e-14  5.13e-04     0s
   9  -8.91282951e+03 -8.91293695e+03  0.00e+00 1.42e-14  5.85e-05     0s
  10  -8.91288534e+03 -8.91288640e+03  0.00e+00 1.42e-14  5.75e-07     0s
  11  -8.91288571e+03 -8.91288571e+03  0.00e+00 1.42e-14  5.75e-10     0s

Barrier solved model in 11 iterations and 0.02 seconds
Optimal objective -8.91288571e+03


Root relaxation: objective -8.912886e+03, 36 iterations, 0.01 seconds

    Nodes    |    Current Node    |     Objective Bounds      |     Work
 Expl Unexpl |  Obj  Depth IntInf | Incumbent    BestBd   Gap | It/Node Time

     0     0 -8912.8857    0   58 -8006.0000 -8912.8857  11.3%     -    0s
H    0     0                    -8655.000000 -8912.8857  2.98%     -    0s
H    0     0                    -8792.000000 -8912.8857  1.37%     -    0s
H    0     0                    -8816.000000 -8912.8857  1.10%     -    0s
     0     0 -8886.2769    0   94 -8816.0000 -8886.2769  0.80%     -    0s

Cutting planes:
  Cover: 9
  MIR: 51

Explored 0 nodes (231 simplex iterations) in 0.08 seconds
Thread count was 16 (of 16 available processors)

Optimal solution found (tolerance 1.00e-02)
Best objective -8.816000000000e+03, best bound -8.886000000000e+03, gap 0.7940%
Changed value of parameter MIPGap to 0.01
   Prev: 0.0001  Min: 0.0  Max: 1e+100  Default: 0.0001
Changed value of parameter TimeLimit to 1800.0
   Prev: 1e+100  Min: 0.0  Max: 1e+100  Default: 1e+100
Changed value of parameter Method to 2
   Prev: -1  Min: -1  Max: 4  Default: -1
Changed value of parameter MIPFocus to 1
   Prev: 0  Min: 0  Max: 3  Default: 0
Optimize a model with 2306 rows, 3309 columns and 6618 nonzeros
Coefficient statistics:
  Matrix range    [1e+00, 2e+01]
  Objective range [5e+00, 8e+01]
  Bounds range    [1e+00, 1e+00]
  RHS range       [8e+01, 8e+01]
Found heuristic solution: objective 0
Presolve removed 2234 rows and 2426 columns
Presolve time: 0.01s
Presolved: 72 rows, 883 columns, 1587 nonzeros
Found heuristic solution: objective -15232.00000
Variable types: 0 continuous, 883 integer (774 binary)
Optimize a model with 72 rows, 883 columns and 1587 nonzeros
Coefficient statistics:
  Matrix range    [1e+00, 2e+01]
  Objective range [5e+00, 8e+01]
  Bounds range    [1e+00, 7e+00]
  RHS range       [8e+00, 8e+01]
Presolved: 72 rows, 883 columns, 1587 nonzeros

Root barrier log...

Ordering time: 0.00s

Barrier statistics:
 AA' NZ     : 6.640e+02
 Factor NZ  : 2.182e+03
 Factor Ops : 8.713e+04 (less than 1 second per iteration)
 Threads    : 1

                  Objective                Residual
Iter       Primal          Dual         Primal    Dual     Compl     Time
   0  -3.90295166e+04 -4.60927107e+04  1.63e+01 1.42e-14  6.42e+01     0s
   1  -1.57946944e+04 -3.31429128e+04  6.70e-01 1.09e+01  1.21e+01     0s
   2  -1.60304186e+04 -1.89064967e+04  2.66e-03 1.21e+00  1.59e+00     0s
   3  -1.70196321e+04 -1.75021805e+04  0.00e+00 1.45e-01  2.63e-01     0s
   4  -1.71688864e+04 -1.73089905e+04  0.00e+00 3.73e-02  7.64e-02     0s
   5  -1.71913729e+04 -1.72488792e+04  0.00e+00 1.20e-02  3.13e-02     0s
   6  -1.72009268e+04 -1.72196996e+04  0.00e+00 1.76e-03  1.02e-02     0s
   7  -1.72054218e+04 -1.72111164e+04  0.00e+00 4.82e-04  3.10e-03     0s
   8  -1.72071157e+04 -1.72072441e+04  0.00e+00 2.84e-14  6.99e-05     0s
   9  -1.72071856e+04 -1.72071858e+04  0.00e+00 2.84e-14  6.99e-08     0s
  10  -1.72071857e+04 -1.72071857e+04  0.00e+00 2.84e-14  6.99e-11     0s

Barrier solved model in 10 iterations and 0.02 seconds
Optimal objective -1.72071857e+04


Root relaxation: objective -1.720719e+04, 61 iterations, 0.01 seconds

    Nodes    |    Current Node    |     Objective Bounds      |     Work
 Expl Unexpl |  Obj  Depth IntInf | Incumbent    BestBd   Gap | It/Node Time

     0     0 -17207.186    0   47 -15232.000 -17207.186  13.0%     -    0s
H    0     0                    -16845.00000 -17207.186  2.15%     -    0s
H    0     0                    -16972.00000 -17207.186  1.39%     -    0s
H    0     0                    -17025.00000 -17207.186  1.07%     -    0s
     0     0 -17145.315    0   77 -17025.000 -17145.315  0.71%     -    0s

Cutting planes:
  Gomory: 1
  Cover: 14
  MIR: 44

Explored 0 nodes (304 simplex iterations) in 0.08 seconds
Thread count was 16 (of 16 available processors)

Optimal solution found (tolerance 1.00e-02)
Best objective -1.702500000000e+04, best bound -1.714500000000e+04, gap 0.7048%
Changed value of parameter MIPGap to 0.01
   Prev: 0.0001  Min: 0.0  Max: 1e+100  Default: 0.0001
Changed value of parameter TimeLimit to 1800.0
   Prev: 1e+100  Min: 0.0  Max: 1e+100  Default: 1e+100
Changed value of parameter Method to 2
   Prev: -1  Min: -1  Max: 4  Default: -1
Changed value of parameter MIPFocus to 1
   Prev: 0  Min: 0  Max: 3  Default: 0
Optimize a model with 2306 rows, 3309 columns and 6618 nonzeros
Coefficient statistics:
  Matrix range    [1e+00, 2e+01]
  Objective range [6e+00, 1e+02]
  Bounds range    [1e+00, 1e+00]
  RHS range       [8e+01, 8e+01]
Found heuristic solution: objective 0
Presolve removed 2234 rows and 2426 columns
Presolve time: 0.01s
Presolved: 72 rows, 883 columns, 1587 nonzeros
Found heuristic solution: objective -18827.00000
Variable types: 0 continuous, 883 integer (774 binary)
Optimize a model with 72 rows, 883 columns and 1587 nonzeros
Coefficient statistics:
  Matrix range    [1e+00, 2e+01]
  Objective range [6e+00, 1e+02]
  Bounds range    [1e+00, 7e+00]
  RHS range       [8e+00, 8e+01]
Presolved: 72 rows, 883 columns, 1587 nonzeros

Root barrier log...

Ordering time: 0.00s

Barrier statistics:
 AA' NZ     : 6.640e+02
 Factor NZ  : 2.182e+03
 Factor Ops : 8.713e+04 (less than 1 second per iteration)
 Threads    : 1

                  Objective                Residual
Iter       Primal          Dual         Primal    Dual     Compl     Time
   0  -4.80449132e+04 -5.74222165e+04  1.63e+01 1.42e-14  8.02e+01     0s
   1  -1.95864821e+04 -4.12686814e+04  6.85e-01 1.37e+01  1.51e+01     0s
   2  -1.98856617e+04 -2.34826306e+04  2.65e-03 1.52e+00  1.98e+00     0s
   3  -2.11299895e+04 -2.17558513e+04  0.00e+00 2.04e-01  3.41e-01     0s
   4  -2.13082445e+04 -2.15007294e+04  0.00e+00 5.98e-02  1.05e-01     0s
   5  -2.13396269e+04 -2.14191457e+04  0.00e+00 2.15e-02  4.34e-02     0s
   6  -2.13528810e+04 -2.13822230e+04  0.00e+00 6.30e-03  1.60e-02     0s
   7  -2.13602515e+04 -2.13703099e+04  0.00e+00 2.35e-03  5.48e-03     0s
   8  -2.13628539e+04 -2.13644438e+04  0.00e+00 3.11e-04  8.67e-04     0s
   9  -2.13632803e+04 -2.13632823e+04  0.00e+00 3.55e-14  1.09e-06     0s
  10  -2.13632810e+04 -2.13632810e+04  0.00e+00 2.84e-14  1.09e-09     0s

Barrier solved model in 10 iterations and 0.02 seconds
Optimal objective -2.13632810e+04


Root relaxation: objective -2.136328e+04, 56 iterations, 0.01 seconds

    Nodes    |    Current Node    |     Objective Bounds      |     Work
 Expl Unexpl |  Obj  Depth IntInf | Incumbent    BestBd   Gap | It/Node Time

     0     0 -21363.281    0   51 -18827.000 -21363.281  13.5%     -    0s
H    0     0                    -20806.00000 -21363.281  2.68%     -    0s
H    0     0                    -20988.00000 -21363.281  1.79%     -    0s
H    0     0                    -20999.00000 -21363.281  1.73%     -    0s
H    0     0                    -21074.00000 -21363.281  1.37%     -    0s
     0     0 -21286.290    0   72 -21074.000 -21286.290  1.01%     -    0s
H    0     0                    -21127.00000 -21286.290  0.75%     -    0s

Cutting planes:
  Gomory: 1
  Cover: 11
  MIR: 33

Explored 0 nodes (255 simplex iterations) in 0.08 seconds
Thread count was 16 (of 16 available processors)

Optimal solution found (tolerance 1.00e-02)
Best objective -2.112700000000e+04, best bound -2.128600000000e+04, gap 0.7526%
Changed value of parameter MIPGap to 0.01
   Prev: 0.0001  Min: 0.0  Max: 1e+100  Default: 0.0001
Changed value of parameter TimeLimit to 1800.0
   Prev: 1e+100  Min: 0.0  Max: 1e+100  Default: 1e+100
Changed value of parameter Method to 2
   Prev: -1  Min: -1  Max: 4  Default: -1
Changed value of parameter MIPFocus to 1
   Prev: 0  Min: 0  Max: 3  Default: 0
Optimize a model with 2306 rows, 3309 columns and 6618 nonzeros
Coefficient statistics:
  Matrix range    [1e+00, 2e+01]
  Objective range [1e+01, 2e+02]
  Bounds range    [1e+00, 1e+00]
  RHS range       [8e+01, 8e+01]
Found heuristic solution: objective 0
Presolve removed 2234 rows and 2426 columns
Presolve time: 0.01s
Presolved: 72 rows, 883 columns, 1587 nonzeros
Found heuristic solution: objective -36904.00000
Variable types: 0 continuous, 883 integer (774 binary)
Optimize a model with 72 rows, 883 columns and 1587 nonzeros
Coefficient statistics:
  Matrix range    [1e+00, 2e+01]
  Objective range [1e+01, 2e+02]
  Bounds range    [1e+00, 7e+00]
  RHS range       [8e+00, 8e+01]
Presolved: 72 rows, 883 columns, 1587 nonzeros

Root barrier log...

Ordering time: 0.00s

Barrier statistics:
 AA' NZ     : 6.640e+02
 Factor NZ  : 2.182e+03
 Factor Ops : 8.713e+04 (less than 1 second per iteration)
 Threads    : 1

                  Objective                Residual
Iter       Primal          Dual         Primal    Dual     Compl     Time
   0  -9.31214577e+04 -1.14069746e+05  1.63e+01 2.84e-14  1.60e+02     0s
   1  -3.85451463e+04 -8.18988036e+04  7.13e-01 2.77e+01  3.04e+01     0s
   2  -3.91721857e+04 -4.62797667e+04  2.40e-03 2.97e+00  3.91e+00     0s
   3  -4.17006025e+04 -4.28056056e+04  0.00e+00 3.13e-01  6.03e-01     0s
   4  -4.20536317e+04 -4.24275466e+04  0.00e+00 1.18e-01  2.04e-01     0s
   5  -4.21101118e+04 -4.22509000e+04  0.00e+00 3.52e-02  7.68e-02     0s
   6  -4.21496661e+04 -4.22017396e+04  0.00e+00 1.07e-02  2.84e-02     0s
   7  -4.21610546e+04 -4.21843036e+04  0.00e+00 4.18e-03  1.27e-02     0s
   8  -4.21705534e+04 -4.21731823e+04  0.00e+00 3.29e-04  1.43e-03     0s
   9  -4.21717552e+04 -4.21717587e+04  0.00e+00 7.11e-14  1.94e-06     0s
  10  -4.21717571e+04 -4.21717571e+04  0.00e+00 5.68e-14  1.94e-09     0s

Barrier solved model in 10 iterations and 0.02 seconds
Optimal objective -4.21717571e+04


Root relaxation: objective -4.217176e+04, 55 iterations, 0.01 seconds

    Nodes    |    Current Node    |     Objective Bounds      |     Work
 Expl Unexpl |  Obj  Depth IntInf | Incumbent    BestBd   Gap | It/Node Time

     0     0 -42171.757    0   45 -36904.000 -42171.757  14.3%     -    0s
H    0     0                    -41064.00000 -42171.757  2.70%     -    0s
H    0     0                    -41411.00000 -42171.757  1.84%     -    0s
H    0     0                    -41417.00000 -42171.757  1.82%     -    0s
H    0     0                    -41648.00000 -42171.757  1.26%     -    0s
     0     0 -41982.977    0   78 -41648.000 -41982.977  0.80%     -    0s

Cutting planes:
  Gomory: 1
  Cover: 17
  MIR: 37

Explored 0 nodes (236 simplex iterations) in 0.07 seconds
Thread count was 16 (of 16 available processors)

Optimal solution found (tolerance 1.00e-02)
Best objective -4.164800000000e+04, best bound -4.198200000000e+04, gap 0.8020%
Changed value of parameter MIPGap to 0.01
   Prev: 0.0001  Min: 0.0  Max: 1e+100  Default: 0.0001
Changed value of parameter TimeLimit to 1800.0
   Prev: 1e+100  Min: 0.0  Max: 1e+100  Default: 1e+100
Changed value of parameter Method to 2
   Prev: -1  Min: -1  Max: 4  Default: -1
Changed value of parameter MIPFocus to 1
   Prev: 0  Min: 0  Max: 3  Default: 0
Optimize a model with 2306 rows, 3309 columns and 6618 nonzeros
Coefficient statistics:
  Matrix range    [1e+00, 2e+01]
  Objective range [2e+01, 4e+02]
  Bounds range    [1e+00, 1e+00]
  RHS range       [8e+01, 8e+01]
Found heuristic solution: objective 0
Presolve removed 2234 rows and 2426 columns
Presolve time: 0.01s
Presolved: 72 rows, 883 columns, 1587 nonzeros
Found heuristic solution: objective -73034.00000
Variable types: 0 continuous, 883 integer (774 binary)
Optimize a model with 72 rows, 883 columns and 1587 nonzeros
Coefficient statistics:
  Matrix range    [1e+00, 2e+01]
  Objective range [2e+01, 4e+02]
  Bounds range    [1e+00, 7e+00]
  RHS range       [8e+00, 8e+01]
Presolved: 72 rows, 883 columns, 1587 nonzeros

Root barrier log...

Ordering time: 0.00s

Barrier statistics:
 AA' NZ     : 6.640e+02
 Factor NZ  : 2.182e+03
 Factor Ops : 8.713e+04 (less than 1 second per iteration)
 Threads    : 1

                  Objective                Residual
Iter       Primal          Dual         Primal    Dual     Compl     Time
   0  -1.83274107e+05 -2.27364804e+05  1.63e+01 5.68e-14  3.21e+02     0s
   1  -7.64619157e+04 -1.63160480e+05  7.27e-01 5.56e+01  6.10e+01     0s
   2  -7.81535584e+04 -9.20719645e+04  7.63e-06 6.02e+00  7.63e+00     0s
   3  -8.29198775e+04 -8.50176531e+04  0.00e+00 6.33e-01  1.14e+00     0s
   4  -8.35726133e+04 -8.41949781e+04  0.00e+00 2.00e-01  3.40e-01     0s
   5  -8.36772160e+04 -8.39067865e+04  0.00e+00 5.36e-02  1.25e-01     0s
   6  -8.37501987e+04 -8.38354517e+04  0.00e+00 1.71e-02  4.65e-02     0s
   7  -8.37752536e+04 -8.38020360e+04  0.00e+00 2.92e-03  1.46e-02     0s
   8  -8.37895230e+04 -8.37969843e+04  0.00e+00 1.50e-03  4.07e-03     0s
   9  -8.37914266e+04 -8.37918009e+04  0.00e+00 3.96e-05  2.04e-04     0s
  10  -8.37916164e+04 -8.37916169e+04  0.00e+00 1.71e-13  2.99e-07     0s
  11  -8.37916167e+04 -8.37916167e+04  0.00e+00 1.42e-13  2.99e-10     0s

Barrier solved model in 11 iterations and 0.02 seconds
Optimal objective -8.37916167e+04


Root relaxation: objective -8.379162e+04, 47 iterations, 0.01 seconds

    Nodes    |    Current Node    |     Objective Bounds      |     Work
 Expl Unexpl |  Obj  Depth IntInf | Incumbent    BestBd   Gap | It/Node Time

     0     0 -83791.617    0   51 -73034.000 -83791.617  14.7%     -    0s
H    0     0                    -81233.00000 -83791.617  3.15%     -    0s
H    0     0                    -81804.00000 -83791.617  2.43%     -    0s
H    0     0                    -82365.00000 -83791.617  1.73%     -    0s
H    0     0                    -82671.00000 -83791.617  1.36%     -    0s
     0     0 -83405.193    0   62 -82671.000 -83405.193  0.89%     -    0s

Cutting planes:
  Gomory: 1
  Cover: 20
  MIR: 37

Explored 0 nodes (184 simplex iterations) in 0.06 seconds
Thread count was 16 (of 16 available processors)

Optimal solution found (tolerance 1.00e-02)
Best objective -8.267100000000e+04, best bound -8.340500000000e+04, gap 0.8879%
Changed value of parameter MIPGap to 0.01
   Prev: 0.0001  Min: 0.0  Max: 1e+100  Default: 0.0001
Changed value of parameter TimeLimit to 1800.0
   Prev: 1e+100  Min: 0.0  Max: 1e+100  Default: 1e+100
Changed value of parameter Method to 2
   Prev: -1  Min: -1  Max: 4  Default: -1
Changed value of parameter MIPFocus to 1
   Prev: 0  Min: 0  Max: 3  Default: 0
Optimize a model with 2306 rows, 3309 columns and 6618 nonzeros
Coefficient statistics:
  Matrix range    [1e+00, 2e+01]
  Objective range [5e+01, 1e+03]
  Bounds range    [1e+00, 1e+00]
  RHS range       [8e+01, 8e+01]
Found heuristic solution: objective 0
Presolve removed 2234 rows and 2426 columns
Presolve time: 0.01s
Presolved: 72 rows, 883 columns, 1587 nonzeros
Found heuristic solution: objective -181424.0000
Variable types: 0 continuous, 883 integer (774 binary)
Optimize a model with 72 rows, 883 columns and 1587 nonzeros
Coefficient statistics:
  Matrix range    [1e+00, 2e+01]
  Objective range [5e+01, 1e+03]
  Bounds range    [1e+00, 7e+00]
  RHS range       [8e+00, 8e+01]
Presolved: 72 rows, 883 columns, 1587 nonzeros

Root barrier log...

Ordering time: 0.00s

Barrier statistics:
 AA' NZ     : 6.640e+02
 Factor NZ  : 2.182e+03
 Factor Ops : 8.713e+04 (less than 1 second per iteration)
 Threads    : 1

                  Objective                Residual
Iter       Primal          Dual         Primal    Dual     Compl     Time
   0  -4.53731702e+05 -5.67249978e+05  1.63e+01 1.14e-13  8.02e+02     0s
   1  -1.90211835e+05 -4.06946648e+05  7.36e-01 1.39e+02  1.53e+02     0s
   2  -1.94508730e+05 -2.29447876e+05  1.54e-04 1.51e+01  1.92e+01     0s
   3  -2.06547483e+05 -2.11748591e+05  0.00e+00 1.63e+00  2.84e+00     0s
   4  -2.08149166e+05 -2.09650601e+05  0.00e+00 4.97e-01  8.19e-01     0s
   5  -2.08413689e+05 -2.08969796e+05  0.00e+00 1.42e-01  3.03e-01     0s
   6  -2.08578580e+05 -2.08796799e+05  0.00e+00 5.72e-02  1.19e-01     0s
   7  -2.08621906e+05 -2.08701151e+05  0.00e+00 1.52e-02  4.32e-02     0s
   8  -2.08645502e+05 -2.08664656e+05  0.00e+00 3.00e-03  1.04e-02     0s
   9  -2.08654142e+05 -2.08654804e+05  0.00e+00 3.46e-06  3.61e-04     0s
  10  -2.08654374e+05 -2.08654374e+05  0.00e+00 2.84e-13  3.91e-07     0s
  11  -2.08654374e+05 -2.08654374e+05  0.00e+00 3.41e-13  3.91e-10     0s

Barrier solved model in 11 iterations and 0.02 seconds
Optimal objective -2.08654374e+05


Root relaxation: objective -2.086544e+05, 45 iterations, 0.01 seconds

    Nodes    |    Current Node    |     Objective Bounds      |     Work
 Expl Unexpl |  Obj  Depth IntInf | Incumbent    BestBd   Gap | It/Node Time

     0     0 -208654.37    0   49 -181424.00 -208654.37  15.0%     -    0s
H    0     0                    -203123.0000 -208654.37  2.72%     -    0s
H    0     0                    -204916.0000 -208654.37  1.82%     -    0s
H    0     0                    -206028.0000 -208654.37  1.27%     -    0s
     0     0 -207684.81    0   57 -206028.00 -207684.81  0.80%     -    0s

Cutting planes:
  Cover: 20
  MIR: 35

Explored 0 nodes (193 simplex iterations) in 0.06 seconds
Thread count was 16 (of 16 available processors)

Optimal solution found (tolerance 1.00e-02)
Best objective -2.060280000000e+05, best bound -2.076840000000e+05, gap 0.8038%
Changed value of parameter MIPGap to 0.01
   Prev: 0.0001  Min: 0.0  Max: 1e+100  Default: 0.0001
Changed value of parameter TimeLimit to 1800.0
   Prev: 1e+100  Min: 0.0  Max: 1e+100  Default: 1e+100
Changed value of parameter Method to 2
   Prev: -1  Min: -1  Max: 4  Default: -1
Changed value of parameter MIPFocus to 1
   Prev: 0  Min: 0  Max: 3  Default: 0
Optimize a model with 2306 rows, 3309 columns and 6618 nonzeros
Coefficient statistics:
  Matrix range    [1e+00, 2e+01]
  Objective range [5e+02, 1e+04]
  Bounds range    [1e+00, 1e+00]
  RHS range       [8e+01, 8e+01]
Found heuristic solution: objective 0
Presolve removed 2234 rows and 2426 columns
Presolve time: 0.01s
Presolved: 72 rows, 883 columns, 1587 nonzeros
Found heuristic solution: objective -1807274.000
Variable types: 0 continuous, 883 integer (774 binary)
Optimize a model with 72 rows, 883 columns and 1587 nonzeros
Coefficient statistics:
  Matrix range    [1e+00, 2e+01]
  Objective range [5e+02, 1e+04]
  Bounds range    [1e+00, 7e+00]
  RHS range       [8e+00, 8e+01]
Presolved: 72 rows, 883 columns, 1587 nonzeros

Root barrier log...

Ordering time: 0.00s

Barrier statistics:
 AA' NZ     : 6.640e+02
 Factor NZ  : 2.182e+03
 Factor Ops : 8.713e+04 (less than 1 second per iteration)
 Threads    : 1

                  Objective                Residual
Iter       Primal          Dual         Primal    Dual     Compl     Time
   0  -4.51059436e+06 -5.66552759e+06  1.63e+01 1.82e-12  8.02e+03     0s
   1  -1.89645973e+06 -4.06374358e+06  7.41e-01 1.40e+03  1.53e+03     0s
   2  -1.93986512e+06 -2.29000066e+06  2.44e-04 1.52e+02  1.92e+02     0s
   3  -2.05869516e+06 -2.12218559e+06  0.00e+00 2.45e+01  3.47e+01     0s
   4  -2.07767230e+06 -2.09428467e+06  0.00e+00 7.04e+00  9.07e+00     0s
   5  -2.08017696e+06 -2.08543346e+06  0.00e+00 2.14e+00  2.87e+00     0s
   6  -2.08082078e+06 -2.08315966e+06  0.00e+00 8.54e-01  1.28e+00     0s
   7  -2.08130184e+06 -2.08208665e+06  0.00e+00 1.98e-01  4.28e-01     0s
   8  -2.08144794e+06 -2.08176250e+06  0.00e+00 5.84e-02  1.71e-01     0s
   9  -2.08158862e+06 -2.08161743e+06  0.00e+00 3.84e-03  1.57e-02     0s
  10  -2.08159633e+06 -2.08160362e+06  0.00e+00 9.57e-04  3.98e-03     0s
  11  -2.08159720e+06 -2.08159737e+06  0.00e+00 1.53e-05  9.31e-05     0s
  12  -2.08159723e+06 -2.08159723e+06  0.00e+00 3.64e-12  1.31e-07     0s
  13  -2.08159723e+06 -2.08159723e+06  2.16e-15 3.64e-12  1.95e-12     0s

Barrier solved model in 13 iterations and 0.02 seconds
Optimal objective -2.08159723e+06


Root relaxation: objective -2.081597e+06, 45 iterations, 0.01 seconds

    Nodes    |    Current Node    |     Objective Bounds      |     Work
 Expl Unexpl |  Obj  Depth IntInf | Incumbent    BestBd   Gap | It/Node Time

     0     0 -2081597.2    0   49 -1807274.0 -2081597.2  15.2%     -    0s
H    0     0                    -2026134.000 -2081597.2  2.74%     -    0s
H    0     0                    -2049107.000 -2081597.2  1.59%     -    0s
H    0     0                    -2054572.000 -2081597.2  1.32%     -    0s
     0     0 -2072196.8    0   57 -2054572.0 -2072196.8  0.86%     -    0s

Cutting planes:
  Cover: 18
  MIR: 38

Explored 0 nodes (176 simplex iterations) in 0.07 seconds
Thread count was 16 (of 16 available processors)

Optimal solution found (tolerance 1.00e-02)
Best objective -2.054572000000e+06, best bound -2.072196000000e+06, gap 0.8578%
