Changed value of parameter MIPGap to 0.01
   Prev: 0.0001  Min: 0.0  Max: 1e+100  Default: 0.0001
Changed value of parameter TimeLimit to 1800.0
   Prev: 1e+100  Min: 0.0  Max: 1e+100  Default: 1e+100
Changed value of parameter Method to 2
   Prev: -1  Min: -1  Max: 4  Default: -1
Changed value of parameter MIPFocus to 1
   Prev: 0  Min: 0  Max: 3  Default: 0
Optimize a model with 2334 rows, 3351 columns and 6702 nonzeros
Coefficient statistics:
  Matrix range    [1e+00, 2e+01]
  Objective range [1e+00, 1e+00]
  Bounds range    [1e+00, 1e+00]
  RHS range       [8e+01, 8e+01]
Found heuristic solution: objective 0
Presolve removed 2244 rows and 2302 columns
Presolve time: 0.02s
Presolved: 90 rows, 1049 columns, 2009 nonzeros
Found heuristic solution: objective -683.0000000
Variable types: 0 continuous, 1049 integer (992 binary)
Optimize a model with 90 rows, 1049 columns and 2009 nonzeros
Coefficient statistics:
  Matrix range    [1e+00, 2e+01]
  Objective range [1e+00, 1e+00]
  Bounds range    [1e+00, 4e+00]
  RHS range       [1e+01, 8e+01]
Presolved: 90 rows, 1049 columns, 2009 nonzeros

Root barrier log...

Ordering time: 0.00s

Barrier statistics:
 AA' NZ     : 9.290e+02
 Factor NZ  : 3.110e+03
 Factor Ops : 1.433e+05 (less than 1 second per iteration)
 Threads    : 1

                  Objective                Residual
Iter       Primal          Dual         Primal    Dual     Compl     Time
   0  -4.39552972e+03 -4.25291809e+03  2.29e+01 4.24e-02  6.77e+00     0s
   1  -1.16355192e+03 -2.65120214e+03  2.37e+00 1.04e+00  1.33e+00     0s
   2  -8.12652522e+02 -1.18379892e+03  0.00e+00 1.24e-01  1.73e-01     0s
   3  -8.78009835e+02 -9.37110863e+02  0.00e+00 1.25e-02  2.71e-02     0s
   4  -8.83396368e+02 -9.03543969e+02  0.00e+00 3.55e-15  9.22e-03     0s
   5  -8.87880723e+02 -8.92875906e+02  0.00e+00 3.55e-15  2.28e-03     0s
   6  -8.89851139e+02 -8.89923771e+02  0.00e+00 3.55e-15  3.32e-05     0s
   7  -8.89871429e+02 -8.89871429e+02  0.00e+00 3.55e-15  2.13e-10     0s

Barrier solved model in 7 iterations and 0.03 seconds
Optimal objective -8.89871429e+02


Root relaxation: objective -8.898714e+02, 274 iterations, 0.02 seconds

    Nodes    |    Current Node    |     Objective Bounds      |     Work
 Expl Unexpl |  Obj  Depth IntInf | Incumbent    BestBd   Gap | It/Node Time

     0     0 -889.87143    0   74 -683.00000 -889.87143  30.3%     -    0s
H    0     0                    -866.0000000 -889.87143  2.76%     -    0s
H    0     0                    -869.0000000 -889.87143  2.40%     -    0s
H    0     0                    -870.0000000 -889.87143  2.28%     -    0s
     0     0 -871.40000    0   19 -870.00000 -871.40000  0.16%     -    0s

Cutting planes:
  Cover: 6
  MIR: 74

Explored 0 nodes (574 simplex iterations) in 0.10 seconds
Thread count was 16 (of 16 available processors)

Optimal solution found (tolerance 1.00e-02)
Best objective -8.700000000000e+02, best bound -8.710000000000e+02, gap 0.1149%
Changed value of parameter MIPGap to 0.01
   Prev: 0.0001  Min: 0.0  Max: 1e+100  Default: 0.0001
Changed value of parameter TimeLimit to 1800.0
   Prev: 1e+100  Min: 0.0  Max: 1e+100  Default: 1e+100
Changed value of parameter Method to 2
   Prev: -1  Min: -1  Max: 4  Default: -1
Changed value of parameter MIPFocus to 1
   Prev: 0  Min: 0  Max: 3  Default: 0
Optimize a model with 2334 rows, 3351 columns and 6702 nonzeros
Coefficient statistics:
  Matrix range    [1e+00, 2e+01]
  Objective range [1e+00, 1e+00]
  Bounds range    [1e+00, 1e+00]
  RHS range       [8e+01, 8e+01]
Found heuristic solution: objective 0
Presolve removed 2244 rows and 2301 columns
Presolve time: 0.01s
Presolved: 90 rows, 1050 columns, 2010 nonzeros
Found heuristic solution: objective -684.9245000
Variable types: 0 continuous, 1050 integer (993 binary)
Optimize a model with 90 rows, 1050 columns and 2010 nonzeros
Coefficient statistics:
  Matrix range    [1e+00, 2e+01]
  Objective range [1e+00, 1e+00]
  Bounds range    [1e+00, 4e+00]
  RHS range       [1e+01, 8e+01]
Presolved: 90 rows, 1050 columns, 2010 nonzeros

Root barrier log...

Ordering time: 0.00s

Barrier statistics:
 AA' NZ     : 9.290e+02
 Factor NZ  : 3.110e+03
 Factor Ops : 1.433e+05 (less than 1 second per iteration)
 Threads    : 1

                  Objective                Residual
Iter       Primal          Dual         Primal    Dual     Compl     Time
   0  -4.40332134e+03 -4.25846058e+03  2.29e+01 4.03e-02  6.77e+00     0s
   1  -1.16585557e+03 -2.65467914e+03  2.37e+00 1.04e+00  1.33e+00     0s
   2  -8.14242937e+02 -1.18620745e+03  0.00e+00 1.24e-01  1.73e-01     0s
   3  -8.80015961e+02 -9.39531233e+02  0.00e+00 1.26e-02  2.73e-02     0s
   4  -8.85324091e+02 -9.06776257e+02  0.00e+00 1.78e-15  9.81e-03     0s
   5  -8.89474277e+02 -8.98158354e+02  0.00e+00 1.78e-15  3.97e-03     0s
   6  -8.91740116e+02 -8.92092296e+02  0.00e+00 3.55e-15  1.61e-04     0s
   7  -8.91861120e+02 -8.91861403e+02  0.00e+00 3.55e-15  1.29e-07     0s
   8  -8.91861143e+02 -8.91861143e+02  0.00e+00 3.55e-15  1.29e-10     0s

Barrier solved model in 8 iterations and 0.02 seconds
Optimal objective -8.91861143e+02


Root relaxation: objective -8.918611e+02, 274 iterations, 0.01 seconds

    Nodes    |    Current Node    |     Objective Bounds      |     Work
 Expl Unexpl |  Obj  Depth IntInf | Incumbent    BestBd   Gap | It/Node Time

     0     0 -891.86114    0   78 -684.92450 -891.86114  30.2%     -    0s
H    0     0                    -868.7880000 -891.86114  2.66%     -    0s
H    0     0                    -871.8085000 -891.86114  2.30%     -    0s
     0     0 -873.22250    0    8 -871.80850 -873.22250  0.16%     -    0s

Cutting planes:
  Cover: 6
  MIR: 74

Explored 0 nodes (496 simplex iterations) in 0.09 seconds
Thread count was 16 (of 16 available processors)

Optimal solution found (tolerance 1.00e-02)
Best objective -8.718085000000e+02, best bound -8.732225000000e+02, gap 0.1622%
Changed value of parameter MIPGap to 0.01
   Prev: 0.0001  Min: 0.0  Max: 1e+100  Default: 0.0001
Changed value of parameter TimeLimit to 1800.0
   Prev: 1e+100  Min: 0.0  Max: 1e+100  Default: 1e+100
Changed value of parameter Method to 2
   Prev: -1  Min: -1  Max: 4  Default: -1
Changed value of parameter MIPFocus to 1
   Prev: 0  Min: 0  Max: 3  Default: 0
Optimize a model with 2334 rows, 3351 columns and 6702 nonzeros
Coefficient statistics:
  Matrix range    [1e+00, 2e+01]
  Objective range [1e+00, 1e+00]
  Bounds range    [1e+00, 1e+00]
  RHS range       [8e+01, 8e+01]
Found heuristic solution: objective 0
Presolve removed 2244 rows and 2301 columns
Presolve time: 0.01s
Presolved: 90 rows, 1050 columns, 2010 nonzeros
Found heuristic solution: objective -686.8490000
Variable types: 0 continuous, 1050 integer (993 binary)
Optimize a model with 90 rows, 1050 columns and 2010 nonzeros
Coefficient statistics:
  Matrix range    [1e+00, 2e+01]
  Objective range [1e+00, 1e+00]
  Bounds range    [1e+00, 4e+00]
  RHS range       [1e+01, 8e+01]
Presolved: 90 rows, 1050 columns, 2010 nonzeros

Root barrier log...

Ordering time: 0.00s

Barrier statistics:
 AA' NZ     : 9.290e+02
 Factor NZ  : 3.110e+03
 Factor Ops : 1.433e+05 (less than 1 second per iteration)
 Threads    : 1

                  Objective                Residual
Iter       Primal          Dual         Primal    Dual     Compl     Time
   0  -4.40980241e+03 -4.26044386e+03  2.29e+01 3.82e-02  6.77e+00     0s
   1  -1.16801311e+03 -2.65633677e+03  2.37e+00 1.04e+00  1.33e+00     0s
   2  -8.15959009e+02 -1.18838523e+03  0.00e+00 1.24e-01  1.73e-01     0s
   3  -8.82042648e+02 -9.41959709e+02  0.00e+00 1.28e-02  2.75e-02     0s
   4  -8.87296631e+02 -9.08847783e+02  0.00e+00 3.55e-15  9.86e-03     0s
   5  -8.91474112e+02 -9.00133423e+02  0.00e+00 1.78e-15  3.96e-03     0s
   6  -8.93733670e+02 -8.94072840e+02  0.00e+00 3.55e-15  1.55e-04     0s
   7  -8.93850836e+02 -8.93851101e+02  0.00e+00 3.55e-15  1.21e-07     0s
   8  -8.93850857e+02 -8.93850857e+02  0.00e+00 3.55e-15  1.21e-10     0s

Barrier solved model in 8 iterations and 0.02 seconds
Optimal objective -8.93850857e+02


Root relaxation: objective -8.938509e+02, 274 iterations, 0.01 seconds

    Nodes    |    Current Node    |     Objective Bounds      |     Work
 Expl Unexpl |  Obj  Depth IntInf | Incumbent    BestBd   Gap | It/Node Time

     0     0 -893.85086    0   76 -686.84900 -893.85086  30.1%     -    0s
H    0     0                    -871.6110000 -893.85086  2.55%     -    0s
H    0     0                    -872.5970000 -893.85086  2.44%     -    0s
H    0     0                    -873.5980000 -893.85086  2.32%     -    0s
     0     0 -874.60300    0   18 -873.59800 -874.60300  0.12%     -    0s

Cutting planes:
  Cover: 5
  MIR: 75

Explored 0 nodes (616 simplex iterations) in 0.08 seconds
Thread count was 16 (of 16 available processors)

Optimal solution found (tolerance 1.00e-02)
Best objective -8.735980000000e+02, best bound -8.746030000000e+02, gap 0.1150%
Changed value of parameter MIPGap to 0.01
   Prev: 0.0001  Min: 0.0  Max: 1e+100  Default: 0.0001
Changed value of parameter TimeLimit to 1800.0
   Prev: 1e+100  Min: 0.0  Max: 1e+100  Default: 1e+100
Changed value of parameter Method to 2
   Prev: -1  Min: -1  Max: 4  Default: -1
Changed value of parameter MIPFocus to 1
   Prev: 0  Min: 0  Max: 3  Default: 0
Optimize a model with 2334 rows, 3351 columns and 6702 nonzeros
Coefficient statistics:
  Matrix range    [1e+00, 2e+01]
  Objective range [1e+00, 1e+00]
  Bounds range    [1e+00, 1e+00]
  RHS range       [8e+01, 8e+01]
Found heuristic solution: objective 0
Presolve removed 2244 rows and 2301 columns
Presolve time: 0.01s
Presolved: 90 rows, 1050 columns, 2010 nonzeros
Found heuristic solution: objective -690.6980000
Variable types: 0 continuous, 1050 integer (993 binary)
Optimize a model with 90 rows, 1050 columns and 2010 nonzeros
Coefficient statistics:
  Matrix range    [1e+00, 2e+01]
  Objective range [1e+00, 1e+00]
  Bounds range    [1e+00, 4e+00]
  RHS range       [1e+01, 8e+01]
Presolved: 90 rows, 1050 columns, 2010 nonzeros

Root barrier log...

Ordering time: 0.00s

Barrier statistics:
 AA' NZ     : 9.290e+02
 Factor NZ  : 3.110e+03
 Factor Ops : 1.433e+05 (less than 1 second per iteration)
 Threads    : 1

                  Objective                Residual
Iter       Primal          Dual         Primal    Dual     Compl     Time
   0  -4.42276443e+03 -4.26441043e+03  2.29e+01 3.40e-02  6.77e+00     0s
   1  -1.17232959e+03 -2.65965232e+03  2.37e+00 1.04e+00  1.32e+00     0s
   2  -8.19395733e+02 -1.19272832e+03  0.00e+00 1.25e-01  1.74e-01     0s
   3  -8.86098897e+02 -9.46789008e+02  0.00e+00 1.31e-02  2.78e-02     0s
   4  -8.91244315e+02 -9.13078140e+02  0.00e+00 1.78e-15  9.98e-03     0s
   5  -8.95470580e+02 -9.04108597e+02  0.00e+00 1.78e-15  3.95e-03     0s
   6  -8.97720190e+02 -8.98036031e+02  0.00e+00 3.55e-15  1.44e-04     0s
   7  -8.97830269e+02 -8.97830497e+02  0.00e+00 3.55e-15  1.04e-07     0s
   8  -8.97830286e+02 -8.97830286e+02  0.00e+00 3.55e-15  1.04e-10     0s

Barrier solved model in 8 iterations and 0.02 seconds
Optimal objective -8.97830286e+02


Root relaxation: objective -8.978303e+02, 274 iterations, 0.01 seconds

    Nodes    |    Current Node    |     Objective Bounds      |     Work
 Expl Unexpl |  Obj  Depth IntInf | Incumbent    BestBd   Gap | It/Node Time

     0     0 -897.83029    0   74 -690.69800 -897.83029  30.0%     -    0s
H    0     0                    -874.1880000 -897.83029  2.70%     -    0s
H    0     0                    -875.1960000 -897.83029  2.59%     -    0s
H    0     0                    -876.2360000 -897.83029  2.46%     -    0s
     0     0 -878.69000    0   21 -876.23600 -878.69000  0.28%     -    0s

Cutting planes:
  Cover: 6
  MIR: 74

Explored 0 nodes (583 simplex iterations) in 0.09 seconds
Thread count was 16 (of 16 available processors)

Optimal solution found (tolerance 1.00e-02)
Best objective -8.762360000000e+02, best bound -8.786900000000e+02, gap 0.2801%
Changed value of parameter MIPGap to 0.01
   Prev: 0.0001  Min: 0.0  Max: 1e+100  Default: 0.0001
Changed value of parameter TimeLimit to 1800.0
   Prev: 1e+100  Min: 0.0  Max: 1e+100  Default: 1e+100
Changed value of parameter Method to 2
   Prev: -1  Min: -1  Max: 4  Default: -1
Changed value of parameter MIPFocus to 1
   Prev: 0  Min: 0  Max: 3  Default: 0
Optimize a model with 2334 rows, 3351 columns and 6702 nonzeros
Coefficient statistics:
  Matrix range    [1e+00, 2e+01]
  Objective range [1e+00, 1e+00]
  Bounds range    [1e+00, 1e+00]
  RHS range       [8e+01, 8e+01]
Found heuristic solution: objective 0
Presolve removed 2244 rows and 2301 columns
Presolve time: 0.01s
Presolved: 90 rows, 1050 columns, 2010 nonzeros
Found heuristic solution: objective -698.3960000
Variable types: 0 continuous, 1050 integer (993 binary)
Optimize a model with 90 rows, 1050 columns and 2010 nonzeros
Coefficient statistics:
  Matrix range    [1e+00, 2e+01]
  Objective range [1e+00, 1e+00]
  Bounds range    [1e+00, 4e+00]
  RHS range       [1e+01, 8e+01]
Presolved: 90 rows, 1050 columns, 2010 nonzeros

Root barrier log...

Ordering time: 0.00s

Barrier statistics:
 AA' NZ     : 9.290e+02
 Factor NZ  : 3.110e+03
 Factor Ops : 1.433e+05 (less than 1 second per iteration)
 Threads    : 1

                  Objective                Residual
Iter       Primal          Dual         Primal    Dual     Compl     Time
   0  -4.44868801e+03 -4.27234355e+03  2.29e+01 2.57e-02  6.77e+00     0s
   1  -1.18096822e+03 -2.66628465e+03  2.37e+00 1.03e+00  1.32e+00     0s
   2  -8.26286561e+02 -1.20141143e+03  0.00e+00 1.25e-01  1.74e-01     0s
   3  -8.94100477e+02 -9.56601350e+02  0.00e+00 1.37e-02  2.86e-02     0s
   4  -8.99081539e+02 -9.21532809e+02  0.00e+00 3.55e-15  1.03e-02     0s
   5  -9.03459286e+02 -9.11458227e+02  0.00e+00 3.55e-15  3.65e-03     0s
   6  -9.05739514e+02 -9.05907452e+02  0.00e+00 3.55e-15  7.67e-05     0s
   7  -9.05789142e+02 -9.05789150e+02  0.00e+00 3.55e-15  3.56e-09     0s

Barrier solved model in 7 iterations and 0.02 seconds
Optimal objective -9.05789142e+02


Root relaxation: objective -9.057891e+02, 274 iterations, 0.01 seconds

    Nodes    |    Current Node    |     Objective Bounds      |     Work
 Expl Unexpl |  Obj  Depth IntInf | Incumbent    BestBd   Gap | It/Node Time

     0     0 -905.78914    0   74 -698.39600 -905.78914  29.7%     -    0s
H    0     0                    -882.3080000 -905.78914  2.66%     -    0s
H    0     0                    -883.4600000 -905.78914  2.53%     -    0s
H    0     0                    -884.4680000 -905.78914  2.41%     -    0s
     0     0 -885.51200    0   12 -884.46800 -885.51200  0.12%     -    0s

Cutting planes:
  Cover: 5
  MIR: 75

Explored 0 nodes (593 simplex iterations) in 0.12 seconds
Thread count was 16 (of 16 available processors)

Optimal solution found (tolerance 1.00e-02)
Best objective -8.844680000000e+02, best bound -8.855120000000e+02, gap 0.1180%
Changed value of parameter MIPGap to 0.01
   Prev: 0.0001  Min: 0.0  Max: 1e+100  Default: 0.0001
Changed value of parameter TimeLimit to 1800.0
   Prev: 1e+100  Min: 0.0  Max: 1e+100  Default: 1e+100
Changed value of parameter Method to 2
   Prev: -1  Min: -1  Max: 4  Default: -1
Changed value of parameter MIPFocus to 1
   Prev: 0  Min: 0  Max: 3  Default: 0
Optimize a model with 2334 rows, 3351 columns and 6702 nonzeros
Coefficient statistics:
  Matrix range    [1e+00, 2e+01]
  Objective range [1e+00, 1e+00]
  Bounds range    [1e+00, 1e+00]
  RHS range       [8e+01, 8e+01]
Found heuristic solution: objective 0
Presolve removed 2244 rows and 2301 columns
Presolve time: 0.01s
Presolved: 90 rows, 1050 columns, 2010 nonzeros
Found heuristic solution: objective -702.2450000
Variable types: 0 continuous, 1050 integer (993 binary)
Optimize a model with 90 rows, 1050 columns and 2010 nonzeros
Coefficient statistics:
  Matrix range    [1e+00, 2e+01]
  Objective range [1e+00, 1e+00]
  Bounds range    [1e+00, 4e+00]
  RHS range       [1e+01, 8e+01]
Presolved: 90 rows, 1050 columns, 2010 nonzeros

Root barrier log...

Ordering time: 0.00s

Barrier statistics:
 AA' NZ     : 9.290e+02
 Factor NZ  : 3.110e+03
 Factor Ops : 1.433e+05 (less than 1 second per iteration)
 Threads    : 1

                  Objective                Residual
Iter       Primal          Dual         Primal    Dual     Compl     Time
   0  -4.46164957e+03 -4.27631011e+03  2.29e+01 2.16e-02  6.77e+00     0s
   1  -1.18529036e+03 -2.66960142e+03  2.37e+00 1.03e+00  1.32e+00     0s
   2  -8.29740195e+02 -1.20578298e+03  0.00e+00 1.26e-01  1.75e-01     0s
   3  -8.98119784e+02 -9.60925995e+02  0.00e+00 1.37e-02  2.88e-02     0s
   4  -9.03034743e+02 -9.25635019e+02  0.00e+00 1.78e-15  1.03e-02     0s
   5  -9.07470696e+02 -9.15210446e+02  0.00e+00 3.55e-15  3.54e-03     0s
   6  -9.09725552e+02 -9.09880960e+02  0.00e+00 3.55e-15  7.10e-05     0s
   7  -9.09768571e+02 -9.09768577e+02  0.00e+00 3.55e-15  2.83e-09     0s

Barrier solved model in 7 iterations and 0.02 seconds
Optimal objective -9.09768571e+02


Root relaxation: objective -9.097686e+02, 274 iterations, 0.01 seconds

    Nodes    |    Current Node    |     Objective Bounds      |     Work
 Expl Unexpl |  Obj  Depth IntInf | Incumbent    BestBd   Gap | It/Node Time

     0     0 -909.76857    0   75 -702.24500 -909.76857  29.6%     -    0s
H    0     0                    -884.9750000 -909.76857  2.80%     -    0s
H    0     0                    -887.0000000 -909.76857  2.57%     -    0s
H    0     0                    -888.0050000 -909.76857  2.45%     -    0s
     0     0 -889.62500    0   26 -888.00500 -889.62500  0.18%     -    0s

Cutting planes:
  Cover: 6
  MIR: 74

Explored 0 nodes (566 simplex iterations) in 0.10 seconds
Thread count was 16 (of 16 available processors)

Optimal solution found (tolerance 1.00e-02)
Best objective -8.880050000000e+02, best bound -8.896250000000e+02, gap 0.1824%
Changed value of parameter MIPGap to 0.01
   Prev: 0.0001  Min: 0.0  Max: 1e+100  Default: 0.0001
Changed value of parameter TimeLimit to 1800.0
   Prev: 1e+100  Min: 0.0  Max: 1e+100  Default: 1e+100
Changed value of parameter Method to 2
   Prev: -1  Min: -1  Max: 4  Default: -1
Changed value of parameter MIPFocus to 1
   Prev: 0  Min: 0  Max: 3  Default: 0
Optimize a model with 2334 rows, 3351 columns and 6702 nonzeros
Coefficient statistics:
  Matrix range    [1e+00, 2e+01]
  Objective range [1e+00, 1e+00]
  Bounds range    [1e+00, 1e+00]
  RHS range       [8e+01, 8e+01]
Found heuristic solution: objective 0
Presolve removed 2244 rows and 2301 columns
Presolve time: 0.01s
Presolved: 90 rows, 1050 columns, 2010 nonzeros
Found heuristic solution: objective -721.4900000
Variable types: 0 continuous, 1050 integer (993 binary)
Optimize a model with 90 rows, 1050 columns and 2010 nonzeros
Coefficient statistics:
  Matrix range    [1e+00, 2e+01]
  Objective range [1e+00, 1e+00]
  Bounds range    [1e+00, 4e+00]
  RHS range       [1e+01, 8e+01]
Presolved: 90 rows, 1050 columns, 2010 nonzeros

Root barrier log...

Ordering time: 0.00s

Barrier statistics:
 AA' NZ     : 9.290e+02
 Factor NZ  : 3.110e+03
 Factor Ops : 1.433e+05 (less than 1 second per iteration)
 Threads    : 1

                  Objective                Residual
Iter       Primal          Dual         Primal    Dual     Compl     Time
   0  -4.52645511e+03 -4.29614291e+03  2.29e+01 8.01e-04  6.77e+00     0s
   1  -1.20693090e+03 -2.68619191e+03  2.37e+00 1.02e+00  1.32e+00     0s
   2  -8.47092880e+02 -1.22777436e+03  0.00e+00 1.27e-01  1.77e-01     0s
   3  -9.17398703e+02 -9.72749949e+02  0.00e+00 7.26e-03  2.53e-02     0s
   4  -9.22497541e+02 -9.36797693e+02  0.00e+00 3.55e-15  6.54e-03     0s
   5  -9.28543070e+02 -9.30392964e+02  0.00e+00 3.55e-15  8.45e-04     0s
   6  -9.29664183e+02 -9.29668578e+02  0.00e+00 3.55e-15  2.01e-06     0s
   7  -9.29665714e+02 -9.29665714e+02  0.00e+00 3.55e-15  2.02e-12     0s

Barrier solved model in 7 iterations and 0.02 seconds
Optimal objective -9.29665714e+02


Root relaxation: objective -9.296657e+02, 274 iterations, 0.01 seconds

    Nodes    |    Current Node    |     Objective Bounds      |     Work
 Expl Unexpl |  Obj  Depth IntInf | Incumbent    BestBd   Gap | It/Node Time

     0     0 -929.66571    0   69 -721.49000 -929.66571  28.9%     -    0s
H    0     0                    -902.7700000 -929.66571  2.98%     -    0s
H    0     0                    -903.9700000 -929.66571  2.84%     -    0s
H    0     0                    -906.0100000 -929.66571  2.61%     -    0s
     0     0 -907.85000    0   17 -906.01000 -907.85000  0.20%     -    0s

Cutting planes:
  Cover: 6
  MIR: 74

Explored 0 nodes (621 simplex iterations) in 0.08 seconds
Thread count was 16 (of 16 available processors)

Optimal solution found (tolerance 1.00e-02)
Best objective -9.060100000000e+02, best bound -9.078500000000e+02, gap 0.2031%
Changed value of parameter MIPGap to 0.01
   Prev: 0.0001  Min: 0.0  Max: 1e+100  Default: 0.0001
Changed value of parameter TimeLimit to 1800.0
   Prev: 1e+100  Min: 0.0  Max: 1e+100  Default: 1e+100
Changed value of parameter Method to 2
   Prev: -1  Min: -1  Max: 4  Default: -1
Changed value of parameter MIPFocus to 1
   Prev: 0  Min: 0  Max: 3  Default: 0
Optimize a model with 2334 rows, 3351 columns and 6702 nonzeros
Coefficient statistics:
  Matrix range    [1e+00, 2e+01]
  Objective range [1e+00, 1e+00]
  Bounds range    [1e+00, 1e+00]
  RHS range       [8e+01, 8e+01]
Found heuristic solution: objective 0
Presolve removed 2244 rows and 2301 columns
Presolve time: 0.01s
Presolved: 90 rows, 1050 columns, 2010 nonzeros
Found heuristic solution: objective -759.9800000
Variable types: 0 continuous, 1050 integer (993 binary)
Optimize a model with 90 rows, 1050 columns and 2010 nonzeros
Coefficient statistics:
  Matrix range    [1e+00, 2e+01]
  Objective range [1e+00, 1e+00]
  Bounds range    [1e+00, 4e+00]
  RHS range       [1e+01, 8e+01]
Presolved: 90 rows, 1050 columns, 2010 nonzeros

Root barrier log...

Ordering time: 0.00s

Barrier statistics:
 AA' NZ     : 9.290e+02
 Factor NZ  : 3.110e+03
 Factor Ops : 1.433e+05 (less than 1 second per iteration)
 Threads    : 1

                  Objective                Residual
Iter       Primal          Dual         Primal    Dual     Compl     Time
   0  -4.65605481e+03 -4.33580852e+03  2.29e+01 1.33e-15  6.76e+00     0s
   1  -1.25035313e+03 -2.71940409e+03  2.37e+00 1.00e+00  1.32e+00     0s
   2  -8.82205568e+02 -1.27146491e+03  0.00e+00 1.29e-01  1.81e-01     0s
   3  -9.56679086e+02 -1.01856472e+03  0.00e+00 8.61e-03  2.83e-02     0s
   4  -9.62338328e+02 -9.77020696e+02  0.00e+00 3.55e-15  6.71e-03     0s
   5  -9.68783427e+02 -9.70137822e+02  0.00e+00 3.55e-15  6.19e-04     0s
   6  -9.69457809e+02 -9.69463003e+02  0.00e+00 3.55e-15  2.37e-06     0s
   7  -9.69460000e+02 -9.69460000e+02  0.00e+00 3.55e-15  2.38e-12     0s

Barrier solved model in 7 iterations and 0.02 seconds
Optimal objective -9.69460000e+02


Root relaxation: objective -9.694600e+02, 276 iterations, 0.01 seconds

    Nodes    |    Current Node    |     Objective Bounds      |     Work
 Expl Unexpl |  Obj  Depth IntInf | Incumbent    BestBd   Gap | It/Node Time

     0     0 -969.46000    0   74 -759.98000 -969.46000  27.6%     -    0s
H    0     0                    -937.4600000 -969.46000  3.41%     -    0s
H    0     0                    -941.0000000 -969.46000  3.02%     -    0s
H    0     0                    -941.6400000 -969.46000  2.95%     -    0s
     0     0 -944.29034    0   44 -941.64000 -944.29034  0.28%     -    0s

Cutting planes:
  Cover: 5
  MIR: 75

Explored 0 nodes (699 simplex iterations) in 0.08 seconds
Thread count was 16 (of 16 available processors)

Optimal solution found (tolerance 1.00e-02)
Best objective -9.416400000000e+02, best bound -9.442800000000e+02, gap 0.2804%
Changed value of parameter MIPGap to 0.01
   Prev: 0.0001  Min: 0.0  Max: 1e+100  Default: 0.0001
Changed value of parameter TimeLimit to 1800.0
   Prev: 1e+100  Min: 0.0  Max: 1e+100  Default: 1e+100
Changed value of parameter Method to 2
   Prev: -1  Min: -1  Max: 4  Default: -1
Changed value of parameter MIPFocus to 1
   Prev: 0  Min: 0  Max: 3  Default: 0
Optimize a model with 2334 rows, 3351 columns and 6702 nonzeros
Coefficient statistics:
  Matrix range    [1e+00, 2e+01]
  Objective range [1e+00, 2e+00]
  Bounds range    [1e+00, 1e+00]
  RHS range       [8e+01, 8e+01]
Found heuristic solution: objective 0
Presolve removed 2244 rows and 2301 columns
Presolve time: 0.01s
Presolved: 90 rows, 1050 columns, 2010 nonzeros
Found heuristic solution: objective -836.9600000
Variable types: 0 continuous, 1050 integer (993 binary)
Optimize a model with 90 rows, 1050 columns and 2010 nonzeros
Coefficient statistics:
  Matrix range    [1e+00, 2e+01]
  Objective range [1e+00, 2e+00]
  Bounds range    [1e+00, 4e+00]
  RHS range       [1e+01, 8e+01]
Presolved: 90 rows, 1050 columns, 2010 nonzeros

Root barrier log...

Ordering time: 0.00s

Barrier statistics:
 AA' NZ     : 9.290e+02
 Factor NZ  : 3.110e+03
 Factor Ops : 1.433e+05 (less than 1 second per iteration)
 Threads    : 1

                  Objective                Residual
Iter       Primal          Dual         Primal    Dual     Compl     Time
   0  -4.91520858e+03 -4.41513974e+03  2.28e+01 8.88e-16  6.75e+00     0s
   1  -1.33774972e+03 -2.78595432e+03  2.37e+00 9.64e-01  1.31e+00     0s
   2  -9.54000525e+02 -1.35689606e+03  0.00e+00 1.32e-01  1.87e-01     0s
   3  -1.03074027e+03 -1.10478392e+03  0.00e+00 9.09e-03  3.39e-02     0s
   4  -1.03830232e+03 -1.05544008e+03  0.00e+00 3.55e-15  7.85e-03     0s
   5  -1.04798995e+03 -1.04948332e+03  0.00e+00 3.55e-15  6.83e-04     0s
   6  -1.04904615e+03 -1.04905415e+03  0.00e+00 3.55e-15  3.65e-06     0s
   7  -1.04904857e+03 -1.04904857e+03  0.00e+00 3.55e-15  3.18e-11     0s

Barrier solved model in 7 iterations and 0.02 seconds
Optimal objective -1.04904857e+03


Root relaxation: objective -1.049049e+03, 275 iterations, 0.01 seconds

    Nodes    |    Current Node    |     Objective Bounds      |     Work
 Expl Unexpl |  Obj  Depth IntInf | Incumbent    BestBd   Gap | It/Node Time

     0     0 -1049.0486    0   82 -836.96000 -1049.0486  25.3%     -    0s
H    0     0                    -1007.920000 -1049.0486  4.08%     -    0s
H    0     0                    -1013.600000 -1049.0486  3.50%     -    0s
H    0     0                    -1014.040000 -1049.0486  3.45%     -    0s
     0     0 -1019.2407    0   50 -1014.0400 -1019.2407  0.51%     -    0s

Cutting planes:
  Cover: 6
  MIR: 74

Explored 0 nodes (541 simplex iterations) in 0.09 seconds
Thread count was 16 (of 16 available processors)

Optimal solution found (tolerance 1.00e-02)
Best objective -1.014040000000e+03, best bound -1.019240000000e+03, gap 0.5128%
Changed value of parameter MIPGap to 0.01
   Prev: 0.0001  Min: 0.0  Max: 1e+100  Default: 0.0001
Changed value of parameter TimeLimit to 1800.0
   Prev: 1e+100  Min: 0.0  Max: 1e+100  Default: 1e+100
Changed value of parameter Method to 2
   Prev: -1  Min: -1  Max: 4  Default: -1
Changed value of parameter MIPFocus to 1
   Prev: 0  Min: 0  Max: 3  Default: 0
Optimize a model with 2334 rows, 3351 columns and 6702 nonzeros
Coefficient statistics:
  Matrix range    [1e+00, 2e+01]
  Objective range [1e+00, 2e+00]
  Bounds range    [1e+00, 1e+00]
  RHS range       [8e+01, 8e+01]
Found heuristic solution: objective 0
Presolve removed 2244 rows and 2301 columns
Presolve time: 0.01s
Presolved: 90 rows, 1050 columns, 2010 nonzeros
Found heuristic solution: objective -875.4500000
Variable types: 0 continuous, 1050 integer (993 binary)
Optimize a model with 90 rows, 1050 columns and 2010 nonzeros
Coefficient statistics:
  Matrix range    [1e+00, 2e+01]
  Objective range [1e+00, 2e+00]
  Bounds range    [1e+00, 4e+00]
  RHS range       [1e+01, 8e+01]
Presolved: 90 rows, 1050 columns, 2010 nonzeros

Root barrier log...

Ordering time: 0.00s

Barrier statistics:
 AA' NZ     : 9.290e+02
 Factor NZ  : 3.110e+03
 Factor Ops : 1.433e+05 (less than 1 second per iteration)
 Threads    : 1

                  Objective                Residual
Iter       Primal          Dual         Primal    Dual     Compl     Time
   0  -5.04476262e+03 -4.45480535e+03  2.28e+01 1.78e-15  6.74e+00     0s
   1  -1.38171916e+03 -2.81929359e+03  2.36e+00 9.45e-01  1.31e+00     0s
   2  -9.90920729e+02 -1.39761723e+03  0.00e+00 1.17e-01  1.88e-01     0s
   3  -1.06831045e+03 -1.14818246e+03  0.00e+00 8.90e-03  3.66e-02     0s
   4  -1.07709583e+03 -1.09667883e+03  0.00e+00 1.78e-15  8.97e-03     0s
   5  -1.08771063e+03 -1.08984198e+03  0.00e+00 3.55e-15  9.75e-04     0s
   6  -1.08887232e+03 -1.08897293e+03  0.00e+00 3.55e-15  4.60e-05     0s
   7  -1.08892619e+03 -1.08892619e+03  0.00e+00 3.55e-15  1.44e-09     0s

Barrier solved model in 7 iterations and 0.02 seconds
Optimal objective -1.08892619e+03


Root relaxation: objective -1.088926e+03, 278 iterations, 0.01 seconds

    Nodes    |    Current Node    |     Objective Bounds      |     Work
 Expl Unexpl |  Obj  Depth IntInf | Incumbent    BestBd   Gap | It/Node Time

     0     0 -1088.9262    0   74 -875.45000 -1088.9262  24.4%     -    0s
H    0     0                    -1047.650000 -1088.9262  3.94%     -    0s
H    0     0                    -1050.850000 -1088.9262  3.62%     -    0s
     0     0 -1056.7237    0   50 -1050.8500 -1056.7237  0.56%     -    0s

Cutting planes:
  Cover: 6
  MIR: 74

Explored 0 nodes (596 simplex iterations) in 0.08 seconds
Thread count was 16 (of 16 available processors)

Optimal solution found (tolerance 1.00e-02)
Best objective -1.050850000000e+03, best bound -1.056700000000e+03, gap 0.5567%
Changed value of parameter MIPGap to 0.01
   Prev: 0.0001  Min: 0.0  Max: 1e+100  Default: 0.0001
Changed value of parameter TimeLimit to 1800.0
   Prev: 1e+100  Min: 0.0  Max: 1e+100  Default: 1e+100
Changed value of parameter Method to 2
   Prev: -1  Min: -1  Max: 4  Default: -1
Changed value of parameter MIPFocus to 1
   Prev: 0  Min: 0  Max: 3  Default: 0
Optimize a model with 2334 rows, 3351 columns and 6702 nonzeros
Coefficient statistics:
  Matrix range    [1e+00, 2e+01]
  Objective range [1e+00, 3e+00]
  Bounds range    [1e+00, 1e+00]
  RHS range       [8e+01, 8e+01]
Found heuristic solution: objective 0
Presolve removed 2244 rows and 2301 columns
Presolve time: 0.01s
Presolved: 90 rows, 1050 columns, 2010 nonzeros
Found heuristic solution: objective -1068.700000
Variable types: 0 continuous, 1050 integer (993 binary)
Optimize a model with 90 rows, 1050 columns and 2010 nonzeros
Coefficient statistics:
  Matrix range    [1e+00, 2e+01]
  Objective range [1e+00, 3e+00]
  Bounds range    [1e+00, 4e+00]
  RHS range       [1e+01, 8e+01]
Presolved: 90 rows, 1050 columns, 2010 nonzeros

Root barrier log...

Ordering time: 0.00s

Barrier statistics:
 AA' NZ     : 9.290e+02
 Factor NZ  : 3.110e+03
 Factor Ops : 1.433e+05 (less than 1 second per iteration)
 Threads    : 1

                  Objective                Residual
Iter       Primal          Dual         Primal    Dual     Compl     Time
   0  -5.69230346e+03 -4.65313339e+03  2.28e+01 8.88e-16  6.71e+00     0s
   1  -1.60416021e+03 -2.98666796e+03  2.35e+00 8.55e-01  1.29e+00     0s
   2  -1.17838969e+03 -1.54738172e+03  0.00e+00 7.30e-02  1.69e-01     0s
   3  -1.25223104e+03 -1.32712601e+03  0.00e+00 1.24e-14  3.42e-02     0s
   4  -1.27599170e+03 -1.29580812e+03  0.00e+00 3.55e-15  9.05e-03     0s
   5  -1.28769744e+03 -1.28972887e+03  0.00e+00 3.55e-15  9.28e-04     0s
   6  -1.28838488e+03 -1.28847986e+03  0.00e+00 3.55e-15  4.34e-05     0s
   7  -1.28841423e+03 -1.28841439e+03  0.00e+00 3.55e-15  7.28e-08     0s
   8  -1.28841429e+03 -1.28841429e+03  0.00e+00 3.55e-15  7.28e-11     0s

Barrier solved model in 8 iterations and 0.02 seconds
Optimal objective -1.28841429e+03


Root relaxation: objective -1.288414e+03, 278 iterations, 0.01 seconds

    Nodes    |    Current Node    |     Objective Bounds      |     Work
 Expl Unexpl |  Obj  Depth IntInf | Incumbent    BestBd   Gap | It/Node Time

     0     0 -1288.4143    0   80 -1068.7000 -1288.4143  20.6%     -    0s
H    0     0                    -1223.000000 -1288.4143  5.35%     -    0s
H    0     0                    -1229.400000 -1288.4143  4.80%     -    0s
H    0     0                    -1231.700000 -1288.4143  4.60%     -    0s
     0     0 -1247.7402    0   65 -1231.7000 -1247.7402  1.30%     -    0s
H    0     0                    -1237.300000 -1247.7402  0.84%     -    0s

Cutting planes:
  Cover: 6
  MIR: 74

Explored 0 nodes (584 simplex iterations) in 0.09 seconds
Thread count was 16 (of 16 available processors)

Optimal solution found (tolerance 1.00e-02)
Best objective -1.237300000000e+03, best bound -1.247700000000e+03, gap 0.8405%
Changed value of parameter MIPGap to 0.01
   Prev: 0.0001  Min: 0.0  Max: 1e+100  Default: 0.0001
Changed value of parameter TimeLimit to 1800.0
   Prev: 1e+100  Min: 0.0  Max: 1e+100  Default: 1e+100
Changed value of parameter Method to 2
   Prev: -1  Min: -1  Max: 4  Default: -1
Changed value of parameter MIPFocus to 1
   Prev: 0  Min: 0  Max: 3  Default: 0
Optimize a model with 2334 rows, 3351 columns and 6702 nonzeros
Coefficient statistics:
  Matrix range    [1e+00, 2e+01]
  Objective range [1e+00, 5e+00]
  Bounds range    [1e+00, 1e+00]
  RHS range       [8e+01, 8e+01]
Found heuristic solution: objective 0
Presolve removed 2244 rows and 2301 columns
Presolve time: 0.01s
Presolved: 90 rows, 1050 columns, 2010 nonzeros
Found heuristic solution: objective -1455.400000
Variable types: 0 continuous, 1050 integer (993 binary)
Optimize a model with 90 rows, 1050 columns and 2010 nonzeros
Coefficient statistics:
  Matrix range    [1e+00, 2e+01]
  Objective range [1e+00, 5e+00]
  Bounds range    [1e+00, 4e+00]
  RHS range       [1e+01, 8e+01]
Presolved: 90 rows, 1050 columns, 2010 nonzeros

Root barrier log...

Ordering time: 0.00s

Barrier statistics:
 AA' NZ     : 9.290e+02
 Factor NZ  : 3.110e+03
 Factor Ops : 1.433e+05 (less than 1 second per iteration)
 Threads    : 1

                  Objective                Residual
Iter       Primal          Dual         Primal    Dual     Compl     Time
   0  -6.98622950e+03 -5.04978948e+03  2.28e+01 1.78e-15  6.65e+00     0s
   1  -2.06161846e+03 -3.32506673e+03  2.31e+00 6.83e-01  1.25e+00     0s
   2  -1.57519886e+03 -1.93640205e+03  0.00e+00 5.74e-02  1.65e-01     0s
   3  -1.64380788e+03 -1.73556384e+03  0.00e+00 2.66e-14  4.19e-02     0s
   4  -1.68206249e+03 -1.69690579e+03  0.00e+00 1.78e-15  6.78e-03     0s
   5  -1.68758953e+03 -1.69166791e+03  0.00e+00 1.78e-15  1.86e-03     0s
   6  -1.68772331e+03 -1.68862500e+03  0.00e+00 1.78e-15  4.12e-04     0s
   7  -1.68817990e+03 -1.68818465e+03  0.00e+00 2.66e-15  2.17e-06     0s
   8  -1.68818095e+03 -1.68818096e+03  0.00e+00 1.78e-15  2.17e-09     0s

Barrier solved model in 8 iterations and 0.02 seconds
Optimal objective -1.68818095e+03


Root relaxation: objective -1.688181e+03, 286 iterations, 0.01 seconds

    Nodes    |    Current Node    |     Objective Bounds      |     Work
 Expl Unexpl |  Obj  Depth IntInf | Incumbent    BestBd   Gap | It/Node Time

     0     0 -1688.1810    0   82 -1455.4000 -1688.1810  16.0%     -    0s
H    0     0                    -1595.600000 -1688.1810  5.80%     -    0s
H    0     0                    -1598.000000 -1688.1810  5.64%     -    0s
     0     0 -1643.8836    0   74 -1598.0000 -1643.8836  2.87%     -    0s
H    0     0                    -1621.600000 -1643.8836  1.37%     -    0s
H    0     0                    -1630.600000 -1643.8836  0.81%     -    0s

Cutting planes:
  Cover: 5
  MIR: 75

Explored 0 nodes (613 simplex iterations) in 0.12 seconds
Thread count was 16 (of 16 available processors)

Optimal solution found (tolerance 1.00e-02)
Best objective -1.630600000000e+03, best bound -1.643800000000e+03, gap 0.8095%
Changed value of parameter MIPGap to 0.01
   Prev: 0.0001  Min: 0.0  Max: 1e+100  Default: 0.0001
Changed value of parameter TimeLimit to 1800.0
   Prev: 1e+100  Min: 0.0  Max: 1e+100  Default: 1e+100
Changed value of parameter Method to 2
   Prev: -1  Min: -1  Max: 4  Default: -1
Changed value of parameter MIPFocus to 1
   Prev: 0  Min: 0  Max: 3  Default: 0
Optimize a model with 2334 rows, 3351 columns and 6702 nonzeros
Coefficient statistics:
  Matrix range    [1e+00, 2e+01]
  Objective range [1e+00, 9e+00]
  Bounds range    [1e+00, 1e+00]
  RHS range       [8e+01, 8e+01]
Found heuristic solution: objective 0
Presolve removed 2244 rows and 2301 columns
Presolve time: 0.01s
Presolved: 90 rows, 1050 columns, 2010 nonzeros
Found heuristic solution: objective -2228.800000
Variable types: 0 continuous, 1050 integer (993 binary)
Optimize a model with 90 rows, 1050 columns and 2010 nonzeros
Coefficient statistics:
  Matrix range    [1e+00, 2e+01]
  Objective range [1e+00, 9e+00]
  Bounds range    [1e+00, 4e+00]
  RHS range       [1e+01, 8e+01]
Presolve removed 0 rows and 2 columns
Presolved: 90 rows, 1048 columns, 2007 nonzeros

Root barrier log...

Ordering time: 0.00s

Barrier statistics:
 AA' NZ     : 9.290e+02
 Factor NZ  : 3.110e+03
 Factor Ops : 1.433e+05 (less than 1 second per iteration)
 Threads    : 1

                  Objective                Residual
Iter       Primal          Dual         Primal    Dual     Compl     Time
   0  -9.56122224e+03 -6.09354613e+03  2.28e+01 8.88e-16  7.00e+00     0s
   1  -2.99350336e+03 -4.33405314e+03  2.14e+00 4.26e-01  1.33e+00     0s
   2  -2.43370224e+03 -2.79236786e+03  8.48e-02 3.21e-02  1.87e-01     0s
   3  -2.45403716e+03 -2.54612078e+03  2.89e-02 3.55e-15  4.89e-02     0s
   4  -2.48024056e+03 -2.50366015e+03  5.59e-03 3.55e-15  1.21e-02     0s
   5  -2.48543195e+03 -2.49634957e+03  2.27e-03 3.55e-15  5.57e-03     0s
   6  -2.48696637e+03 -2.48993372e+03  1.15e-03 3.55e-15  1.66e-03     0s
   7  -2.48882218e+03 -2.48883206e+03  2.61e-06 3.55e-15  5.38e-06     0s
   8  -2.48882856e+03 -2.48882857e+03  0.00e+00 3.55e-15  5.38e-09     0s

Barrier solved model in 8 iterations and 0.02 seconds
Optimal objective -2.48882856e+03


Root relaxation: objective -2.488829e+03, 304 iterations, 0.01 seconds

    Nodes    |    Current Node    |     Objective Bounds      |     Work
 Expl Unexpl |  Obj  Depth IntInf | Incumbent    BestBd   Gap | It/Node Time

     0     0 -2488.8286    0   75 -2228.8000 -2488.8286  11.7%     -    0s
H    0     0                    -2373.400000 -2488.8286  4.86%     -    0s
H    0     0                    -2379.000000 -2488.8286  4.62%     -    0s
H    0     0                    -2395.800000 -2488.8286  3.88%     -    0s
H    0     0                    -2396.000000 -2488.8286  3.87%     -    0s
     0     0 -2468.5426    0  109 -2396.0000 -2468.5426  3.03%     -    0s
H    0     0                    -2409.400000 -2468.5426  2.45%     -    0s
H    0     0                    -2434.800000 -2468.5426  1.39%     -    0s
     0     0 -2468.3685    0  125 -2434.8000 -2468.3685  1.38%     -    0s
     0     0 -2466.9998    0  138 -2434.8000 -2466.9998  1.32%     -    0s
H    0     0                    -2439.800000 -2466.9998  1.11%     -    0s
     0     0 -2465.6018    0  139 -2439.8000 -2465.6018  1.06%     -    0s
     0     0 -2465.4656    0  174 -2439.8000 -2465.4656  1.05%     -    0s
H    0     0                    -2444.400000 -2465.4656  0.86%     -    0s

Cutting planes:
  Cover: 13
  MIR: 117
  Zero half: 2

Explored 0 nodes (1253 simplex iterations) in 0.19 seconds
Thread count was 16 (of 16 available processors)

Optimal solution found (tolerance 1.00e-02)
Best objective -2.444400000000e+03, best bound -2.465400000000e+03, gap 0.8591%
Changed value of parameter MIPGap to 0.01
   Prev: 0.0001  Min: 0.0  Max: 1e+100  Default: 0.0001
Changed value of parameter TimeLimit to 1800.0
   Prev: 1e+100  Min: 0.0  Max: 1e+100  Default: 1e+100
Changed value of parameter Method to 2
   Prev: -1  Min: -1  Max: 4  Default: -1
Changed value of parameter MIPFocus to 1
   Prev: 0  Min: 0  Max: 3  Default: 0
Optimize a model with 2334 rows, 3351 columns and 6702 nonzeros
Coefficient statistics:
  Matrix range    [1e+00, 2e+01]
  Objective range [2e+00, 1e+01]
  Bounds range    [1e+00, 1e+00]
  RHS range       [8e+01, 8e+01]
Found heuristic solution: objective 0
Presolve removed 2244 rows and 2302 columns
Presolve time: 0.01s
Presolved: 90 rows, 1049 columns, 2009 nonzeros
Found heuristic solution: objective -2615.500000
Variable types: 0 continuous, 1049 integer (993 binary)
Optimize a model with 90 rows, 1049 columns and 2009 nonzeros
Coefficient statistics:
  Matrix range    [1e+00, 2e+01]
  Objective range [2e+00, 1e+01]
  Bounds range    [1e+00, 6e+00]
  RHS range       [1e+01, 8e+01]
Presolved: 90 rows, 1049 columns, 2009 nonzeros

Root barrier log...

Ordering time: 0.00s

Barrier statistics:
 AA' NZ     : 9.290e+02
 Factor NZ  : 3.110e+03
 Factor Ops : 1.433e+05 (less than 1 second per iteration)
 Threads    : 1

                  Objective                Residual
Iter       Primal          Dual         Primal    Dual     Compl     Time
   0  -1.08742386e+04 -7.42432763e+03  2.28e+01 1.78e-15  8.67e+00     0s
   1  -3.39426950e+03 -5.23969448e+03  1.90e+00 5.34e-01  1.60e+00     0s
   2  -2.86923268e+03 -3.33161515e+03  9.11e-02 4.01e-02  2.39e-01     0s
   3  -2.87698749e+03 -2.96426291e+03  2.52e-02 8.88e-15  4.63e-02     0s
   4  -2.88331070e+03 -2.92685660e+03  4.67e-03 3.55e-15  2.12e-02     0s
   5  -2.88912232e+03 -2.90389591e+03  6.14e-04 3.55e-15  6.93e-03     0s
   6  -2.89176425e+03 -2.89812214e+03  1.92e-04 3.55e-15  2.96e-03     0s
   7  -2.89265369e+03 -2.89598123e+03  8.53e-05 3.55e-15  1.55e-03     0s
   8  -2.89309090e+03 -2.89389452e+03  3.64e-05 3.55e-15  3.79e-04     0s
   9  -2.89324781e+03 -2.89352033e+03  1.84e-05 3.55e-15  1.30e-04     0s
  10  -2.89339739e+03 -2.89340670e+03  7.14e-07 3.55e-15  4.51e-06     0s
  11  -2.89340476e+03 -2.89340476e+03  1.36e-10 3.55e-15  8.54e-10     0s

Barrier solved model in 11 iterations and 0.02 seconds
Optimal objective -2.89340476e+03


Root relaxation: objective -2.893405e+03, 328 iterations, 0.01 seconds

    Nodes    |    Current Node    |     Objective Bounds      |     Work
 Expl Unexpl |  Obj  Depth IntInf | Incumbent    BestBd   Gap | It/Node Time

     0     0 -2893.4048    0   74 -2615.5000 -2893.4048  10.6%     -    0s
H    0     0                    -2746.000000 -2893.4048  5.37%     -    0s
H    0     0                    -2758.500000 -2893.4048  4.89%     -    0s
     0     0 -2890.3883    0  124 -2758.5000 -2890.3883  4.78%     -    0s
H    0     0                    -2812.000000 -2890.3883  2.79%     -    0s
H    0     0                    -2833.500000 -2890.3883  2.01%     -    0s
     0     0 -2890.3704    0  147 -2833.5000 -2890.3704  2.01%     -    0s
     0     0 -2889.7632    0  173 -2833.5000 -2889.7632  1.99%     -    0s
     0     0 -2889.3745    0  139 -2833.5000 -2889.3745  1.97%     -    0s
     0     0 -2889.3348    0  172 -2833.5000 -2889.3348  1.97%     -    0s
H    0     0                    -2839.500000 -2889.3348  1.76%     -    0s
     0     0 -2889.2723    0  159 -2839.5000 -2889.2723  1.75%     -    0s
     0     0 -2889.1157    0  185 -2839.5000 -2889.1157  1.75%     -    0s
     0     0 -2888.8408    0  163 -2839.5000 -2888.8408  1.74%     -    0s
     0     0 -2888.4889    0  125 -2839.5000 -2888.4889  1.73%     -    0s
H    0     0                    -2867.000000 -2888.4889  0.75%     -    0s

Cutting planes:
  Cover: 14
  MIR: 121

Explored 0 nodes (3318 simplex iterations) in 0.93 seconds
Thread count was 16 (of 16 available processors)

Optimal solution found (tolerance 1.00e-02)
Best objective -2.867000000000e+03, best bound -2.888000000000e+03, gap 0.7325%
Changed value of parameter MIPGap to 0.01
   Prev: 0.0001  Min: 0.0  Max: 1e+100  Default: 0.0001
Changed value of parameter TimeLimit to 1800.0
   Prev: 1e+100  Min: 0.0  Max: 1e+100  Default: 1e+100
Changed value of parameter Method to 2
   Prev: -1  Min: -1  Max: 4  Default: -1
Changed value of parameter MIPFocus to 1
   Prev: 0  Min: 0  Max: 3  Default: 0
Optimize a model with 2334 rows, 3351 columns and 6702 nonzeros
Coefficient statistics:
  Matrix range    [1e+00, 2e+01]
  Objective range [2e+00, 2e+01]
  Bounds range    [1e+00, 1e+00]
  RHS range       [8e+01, 8e+01]
Found heuristic solution: objective 0
Presolve removed 2244 rows and 2301 columns
Presolve time: 0.01s
Presolved: 90 rows, 1050 columns, 2010 nonzeros
Found heuristic solution: objective -4549.000000
Variable types: 0 continuous, 1050 integer (993 binary)
Optimize a model with 90 rows, 1050 columns and 2010 nonzeros
Coefficient statistics:
  Matrix range    [1e+00, 2e+01]
  Objective range [2e+00, 2e+01]
  Bounds range    [1e+00, 4e+00]
  RHS range       [1e+01, 8e+01]
Presolve removed 0 rows and 3 columns
Presolved: 90 rows, 1047 columns, 2006 nonzeros

Root barrier log...

Ordering time: 0.00s

Barrier statistics:
 AA' NZ     : 9.290e+02
 Factor NZ  : 3.110e+03
 Factor Ops : 1.433e+05 (less than 1 second per iteration)
 Threads    : 1

                  Objective                Residual
Iter       Primal          Dual         Primal    Dual     Compl     Time
   0  -1.73471979e+04 -1.40759659e+04  2.28e+01 3.55e-15  1.70e+01     0s
   1  -5.68899253e+03 -9.85441061e+03  1.53e+00 1.08e+00  3.02e+00     0s
   2  -5.16350726e+03 -5.93841422e+03  7.14e-02 7.72e-02  3.89e-01     0s
   3  -5.31257982e+03 -5.53972081e+03  2.61e-03 1.42e-14  1.05e-01     0s
   4  -5.32433425e+03 -5.42430714e+03  1.88e-03 7.11e-15  4.68e-02     0s
   5  -5.35062162e+03 -5.37576217e+03  4.38e-04 7.11e-15  1.18e-02     0s
   6  -5.36073148e+03 -5.36278794e+03  4.35e-05 7.11e-15  9.80e-04     0s
   7  -5.36209838e+03 -5.36210294e+03  0.00e+00 1.07e-14  2.09e-06     0s
   8  -5.36210000e+03 -5.36210000e+03  0.00e+00 7.11e-15  2.09e-09     0s

Barrier solved model in 8 iterations and 0.02 seconds
Optimal objective -5.36210000e+03


Root relaxation: objective -5.362100e+03, 347 iterations, 0.01 seconds

    Nodes    |    Current Node    |     Objective Bounds      |     Work
 Expl Unexpl |  Obj  Depth IntInf | Incumbent    BestBd   Gap | It/Node Time

     0     0 -5362.1000    0   69 -4549.0000 -5362.1000  17.9%     -    0s
H    0     0                    -5171.000000 -5362.1000  3.70%     -    0s
H    0     0                    -5253.000000 -5362.1000  2.08%     -    0s
     0     0 -5331.4776    0   99 -5253.0000 -5331.4776  1.49%     -    0s
H    0     0                    -5276.000000 -5331.4776  1.05%     -    0s
     0     0 -5323.8026    0  129 -5276.0000 -5323.8026  0.91%     -    0s

Cutting planes:
  Cover: 48
  MIR: 53
  Zero half: 2

Explored 0 nodes (1030 simplex iterations) in 0.12 seconds
Thread count was 16 (of 16 available processors)

Optimal solution found (tolerance 1.00e-02)
Best objective -5.276000000000e+03, best bound -5.323000000000e+03, gap 0.8908%
Changed value of parameter MIPGap to 0.01
   Prev: 0.0001  Min: 0.0  Max: 1e+100  Default: 0.0001
Changed value of parameter TimeLimit to 1800.0
   Prev: 1e+100  Min: 0.0  Max: 1e+100  Default: 1e+100
Changed value of parameter Method to 2
   Prev: -1  Min: -1  Max: 4  Default: -1
Changed value of parameter MIPFocus to 1
   Prev: 0  Min: 0  Max: 3  Default: 0
Optimize a model with 2334 rows, 3351 columns and 6702 nonzeros
Coefficient statistics:
  Matrix range    [1e+00, 2e+01]
  Objective range [3e+00, 4e+01]
  Bounds range    [1e+00, 1e+00]
  RHS range       [8e+01, 8e+01]
Found heuristic solution: objective 0
Presolve removed 2244 rows and 2301 columns
Presolve time: 0.01s
Presolved: 90 rows, 1050 columns, 2010 nonzeros
Found heuristic solution: objective -8416.000000
Variable types: 0 continuous, 1050 integer (993 binary)
Optimize a model with 90 rows, 1050 columns and 2010 nonzeros
Coefficient statistics:
  Matrix range    [1e+00, 2e+01]
  Objective range [3e+00, 4e+01]
  Bounds range    [1e+00, 4e+00]
  RHS range       [1e+01, 8e+01]
Presolved: 90 rows, 1050 columns, 2010 nonzeros

Root barrier log...

Ordering time: 0.00s

Barrier statistics:
 AA' NZ     : 9.290e+02
 Factor NZ  : 3.110e+03
 Factor Ops : 1.433e+05 (less than 1 second per iteration)
 Threads    : 1

                  Objective                Residual
Iter       Primal          Dual         Primal    Dual     Compl     Time
   0  -3.03761190e+04 -2.73760665e+04  2.28e+01 7.11e-15  3.37e+01     0s
   1  -1.09329636e+04 -1.91414370e+04  1.79e+00 2.16e+00  6.20e+00     0s
   2  -9.94385524e+03 -1.14135703e+04  9.39e-02 1.05e-01  7.53e-01     0s
   3  -1.02613290e+04 -1.07507829e+04  4.43e-03 1.79e-02  2.28e-01     0s
   4  -1.03152569e+04 -1.04614536e+04  4.90e-04 1.42e-14  6.74e-02     0s
   5  -1.03265470e+04 -1.03521497e+04  3.53e-05 1.42e-14  1.19e-02     0s
   6  -1.03347962e+04 -1.03351848e+04  0.00e+00 1.42e-14  1.81e-04     0s
   7  -1.03349571e+04 -1.03349571e+04  0.00e+00 1.42e-14  5.50e-09     0s

Barrier solved model in 7 iterations and 0.02 seconds
Optimal objective -1.03349571e+04


Root relaxation: objective -1.033496e+04, 348 iterations, 0.01 seconds

    Nodes    |    Current Node    |     Objective Bounds      |     Work
 Expl Unexpl |  Obj  Depth IntInf | Incumbent    BestBd   Gap | It/Node Time

     0     0 -10334.957    0   74 -8416.0000 -10334.957  22.8%     -    0s
H    0     0                    -9802.000000 -10334.957  5.44%     -    0s
H    0     0                    -10107.00000 -10334.957  2.26%     -    0s
H    0     0                    -10135.00000 -10334.957  1.97%     -    0s
     0     0 -10253.412    0  108 -10135.000 -10253.412  1.17%     -    0s
H    0     0                    -10146.00000 -10253.412  1.06%     -    0s
     0     0 -10239.964    0  118 -10146.000 -10239.964  0.93%     -    0s

Cutting planes:
  Cover: 49
  MIR: 47
  Zero half: 4

Explored 0 nodes (866 simplex iterations) in 0.11 seconds
Thread count was 16 (of 16 available processors)

Optimal solution found (tolerance 1.00e-02)
Best objective -1.014600000000e+04, best bound -1.023900000000e+04, gap 0.9166%
Changed value of parameter MIPGap to 0.01
   Prev: 0.0001  Min: 0.0  Max: 1e+100  Default: 0.0001
Changed value of parameter TimeLimit to 1800.0
   Prev: 1e+100  Min: 0.0  Max: 1e+100  Default: 1e+100
Changed value of parameter Method to 2
   Prev: -1  Min: -1  Max: 4  Default: -1
Changed value of parameter MIPFocus to 1
   Prev: 0  Min: 0  Max: 3  Default: 0
Optimize a model with 2334 rows, 3351 columns and 6702 nonzeros
Coefficient statistics:
  Matrix range    [1e+00, 2e+01]
  Objective range [5e+00, 8e+01]
  Bounds range    [1e+00, 1e+00]
  RHS range       [8e+01, 8e+01]
Found heuristic solution: objective 0
Presolve removed 2244 rows and 2301 columns
Presolve time: 0.01s
Presolved: 90 rows, 1050 columns, 2010 nonzeros
Found heuristic solution: objective -16150.00000
Variable types: 0 continuous, 1050 integer (993 binary)
Optimize a model with 90 rows, 1050 columns and 2010 nonzeros
Coefficient statistics:
  Matrix range    [1e+00, 2e+01]
  Objective range [5e+00, 8e+01]
  Bounds range    [1e+00, 4e+00]
  RHS range       [1e+01, 8e+01]
Presolved: 90 rows, 1050 columns, 2010 nonzeros

Root barrier log...

Ordering time: 0.00s

Barrier statistics:
 AA' NZ     : 9.290e+02
 Factor NZ  : 3.110e+03
 Factor Ops : 1.433e+05 (less than 1 second per iteration)
 Threads    : 1

                  Objective                Residual
Iter       Primal          Dual         Primal    Dual     Compl     Time
   0  -5.63702275e+04 -5.39788278e+04  2.29e+01 1.42e-14  6.70e+01     0s
   1  -2.14041385e+04 -3.77370726e+04  1.92e+00 4.32e+00  1.25e+01     0s
   2  -1.95286447e+04 -2.24428248e+04  1.13e-01 2.04e-01  1.52e+00     0s
   3  -2.01804299e+04 -2.11817964e+04  7.11e-03 5.82e-02  4.69e-01     0s
   4  -2.02810477e+04 -2.05031307e+04  1.06e-03 7.18e-03  1.03e-01     0s
   5  -2.03052614e+04 -2.04111879e+04  4.23e-04 2.91e-04  4.93e-02     0s
   6  -2.03245751e+04 -2.03574577e+04  2.58e-05 3.82e-04  1.51e-02     0s
   7  -2.03284078e+04 -2.03301211e+04  0.00e+00 2.84e-14  7.87e-04     0s
   8  -2.03288684e+04 -2.03288760e+04  0.00e+00 2.84e-14  3.46e-06     0s
   9  -2.03288714e+04 -2.03288714e+04  0.00e+00 2.84e-14  1.16e-11     0s

Barrier solved model in 9 iterations and 0.02 seconds
Optimal objective -2.03288714e+04


Root relaxation: objective -2.032887e+04, 240 iterations, 0.01 seconds

    Nodes    |    Current Node    |     Objective Bounds      |     Work
 Expl Unexpl |  Obj  Depth IntInf | Incumbent    BestBd   Gap | It/Node Time

     0     0 -20328.871    0   56 -16150.000 -20328.871  25.9%     -    0s
H    0     0                    -19814.00000 -20328.871  2.60%     -    0s
H    0     0                    -19884.00000 -20328.871  2.24%     -    0s
     0     0 -20085.641    0   89 -19884.000 -20085.641  1.01%     -    0s
H    0     0                    -19928.00000 -20085.641  0.79%     -    0s

Cutting planes:
  Cover: 59
  MIR: 21

Explored 0 nodes (684 simplex iterations) in 0.08 seconds
Thread count was 16 (of 16 available processors)

Optimal solution found (tolerance 1.00e-02)
Best objective -1.992800000000e+04, best bound -2.008500000000e+04, gap 0.7878%
Changed value of parameter MIPGap to 0.01
   Prev: 0.0001  Min: 0.0  Max: 1e+100  Default: 0.0001
Changed value of parameter TimeLimit to 1800.0
   Prev: 1e+100  Min: 0.0  Max: 1e+100  Default: 1e+100
Changed value of parameter Method to 2
   Prev: -1  Min: -1  Max: 4  Default: -1
Changed value of parameter MIPFocus to 1
   Prev: 0  Min: 0  Max: 3  Default: 0
Optimize a model with 2334 rows, 3351 columns and 6702 nonzeros
Coefficient statistics:
  Matrix range    [1e+00, 2e+01]
  Objective range [6e+00, 1e+02]
  Bounds range    [1e+00, 1e+00]
  RHS range       [8e+01, 8e+01]
Found heuristic solution: objective 0
Presolve removed 2244 rows and 2301 columns
Presolve time: 0.01s
Presolved: 90 rows, 1050 columns, 2010 nonzeros
Found heuristic solution: objective -20017.00000
Variable types: 0 continuous, 1050 integer (993 binary)
Optimize a model with 90 rows, 1050 columns and 2010 nonzeros
Coefficient statistics:
  Matrix range    [1e+00, 2e+01]
  Objective range [6e+00, 1e+02]
  Bounds range    [1e+00, 4e+00]
  RHS range       [1e+01, 8e+01]
Presolved: 90 rows, 1050 columns, 2010 nonzeros

Root barrier log...

Ordering time: 0.00s

Barrier statistics:
 AA' NZ     : 9.290e+02
 Factor NZ  : 3.110e+03
 Factor Ops : 1.433e+05 (less than 1 second per iteration)
 Threads    : 1

                  Objective                Residual
Iter       Primal          Dual         Primal    Dual     Compl     Time
   0  -6.93669222e+04 -6.72802085e+04  2.29e+01 1.42e-14  8.37e+01     0s
   1  -2.66391062e+04 -4.70368347e+04  1.95e+00 5.41e+00  1.57e+01     0s
   2  -2.43254559e+04 -2.79724761e+04  1.19e-01 2.54e-01  1.90e+00     0s
   3  -2.51477826e+04 -2.64145775e+04  7.61e-03 7.88e-02  5.94e-01     0s
   4  -2.52806482e+04 -2.56130903e+04  9.26e-04 1.85e-02  1.54e-01     0s
   5  -2.53189430e+04 -2.54595156e+04  2.07e-04 4.48e-03  6.49e-02     0s
   6  -2.53388826e+04 -2.53979564e+04  0.00e+00 1.78e-03  2.70e-02     0s
   7  -2.53412860e+04 -2.53433461e+04  0.00e+00 2.84e-14  9.41e-04     0s
   8  -2.53418946e+04 -2.53418967e+04  0.00e+00 4.26e-14  9.42e-07     0s
   9  -2.53418952e+04 -2.53418952e+04  0.00e+00 2.84e-14  9.46e-13     0s

Barrier solved model in 9 iterations and 0.02 seconds
Optimal objective -2.53418952e+04


Root relaxation: objective -2.534190e+04, 240 iterations, 0.01 seconds

    Nodes    |    Current Node    |     Objective Bounds      |     Work
 Expl Unexpl |  Obj  Depth IntInf | Incumbent    BestBd   Gap | It/Node Time

     0     0 -25341.895    0   54 -20017.000 -25341.895  26.6%     -    0s
H    0     0                    -24623.00000 -25341.895  2.92%     -    0s
H    0     0                    -24788.00000 -25341.895  2.23%     -    0s
     0     0 -25002.338    0   79 -24788.000 -25002.338  0.86%     -    0s

Cutting planes:
  Cover: 59
  MIR: 22

Explored 0 nodes (669 simplex iterations) in 0.07 seconds
Thread count was 16 (of 16 available processors)

Optimal solution found (tolerance 1.00e-02)
Best objective -2.478800000000e+04, best bound -2.500200000000e+04, gap 0.8633%
Changed value of parameter MIPGap to 0.01
   Prev: 0.0001  Min: 0.0  Max: 1e+100  Default: 0.0001
Changed value of parameter TimeLimit to 1800.0
   Prev: 1e+100  Min: 0.0  Max: 1e+100  Default: 1e+100
Changed value of parameter Method to 2
   Prev: -1  Min: -1  Max: 4  Default: -1
Changed value of parameter MIPFocus to 1
   Prev: 0  Min: 0  Max: 3  Default: 0
Optimize a model with 2334 rows, 3351 columns and 6702 nonzeros
Coefficient statistics:
  Matrix range    [1e+00, 2e+01]
  Objective range [1e+01, 2e+02]
  Bounds range    [1e+00, 1e+00]
  RHS range       [8e+01, 8e+01]
Found heuristic solution: objective 0
Presolve removed 2244 rows and 2301 columns
Presolve time: 0.01s
Presolved: 90 rows, 1050 columns, 2010 nonzeros
Found heuristic solution: objective -39352.00000
Variable types: 0 continuous, 1050 integer (993 binary)
Optimize a model with 90 rows, 1050 columns and 2010 nonzeros
Coefficient statistics:
  Matrix range    [1e+00, 2e+01]
  Objective range [1e+01, 2e+02]
  Bounds range    [1e+00, 4e+00]
  RHS range       [1e+01, 8e+01]
Presolved: 90 rows, 1050 columns, 2010 nonzeros

Root barrier log...

Ordering time: 0.00s

Barrier statistics:
 AA' NZ     : 9.290e+02
 Factor NZ  : 3.110e+03
 Factor Ops : 1.433e+05 (less than 1 second per iteration)
 Threads    : 1

                  Objective                Residual
Iter       Primal          Dual         Primal    Dual     Compl     Time
   0  -1.34349669e+05 -1.33787112e+05  2.29e+01 2.84e-14  1.67e+02     0s
   1  -5.28124640e+04 -9.35395822e+04  1.99e+00 1.08e+01  3.15e+01     0s
   2  -4.84642377e+04 -5.56202895e+04  1.25e-01 5.07e-01  3.77e+00     0s
   3  -4.99273652e+04 -5.23220054e+04  1.69e-02 1.65e-01  1.16e+00     0s
   4  -5.02445774e+04 -5.09849525e+04  4.32e-03 7.63e-02  3.56e-01     0s
   5  -5.03637146e+04 -5.05661598e+04  8.54e-04 1.00e-02  9.62e-02     0s
   6  -5.04014934e+04 -5.04117452e+04  6.05e-05 8.53e-14  5.01e-03     0s
   7  -5.04070100e+04 -5.04070336e+04  1.06e-08 5.68e-14  1.08e-05     0s
   8  -5.04070143e+04 -5.04070143e+04  0.00e+00 5.68e-14  1.08e-08     0s
   9  -5.04070143e+04 -5.04070143e+04  2.64e-15 7.11e-14  2.19e-14     0s

Barrier solved model in 9 iterations and 0.02 seconds
Optimal objective -5.04070143e+04


Root relaxation: objective -5.040701e+04, 240 iterations, 0.01 seconds

    Nodes    |    Current Node    |     Objective Bounds      |     Work
 Expl Unexpl |  Obj  Depth IntInf | Incumbent    BestBd   Gap | It/Node Time

     0     0 -50407.014    0   61 -39352.000 -50407.014  28.1%     -    0s
H    0     0                    -48666.00000 -50407.014  3.58%     -    0s
H    0     0                    -48973.00000 -50407.014  2.93%     -    0s
     0     0 -49598.323    0   91 -48973.000 -49598.323  1.28%     -    0s
H    0     0                    -49109.00000 -49598.323  1.00%     -    0s

Cutting planes:
  Cover: 58
  MIR: 22

Explored 0 nodes (614 simplex iterations) in 0.09 seconds
Thread count was 16 (of 16 available processors)

Optimal solution found (tolerance 1.00e-02)
Best objective -4.910900000000e+04, best bound -4.959800000000e+04, gap 0.9957%
Changed value of parameter MIPGap to 0.01
   Prev: 0.0001  Min: 0.0  Max: 1e+100  Default: 0.0001
Changed value of parameter TimeLimit to 1800.0
   Prev: 1e+100  Min: 0.0  Max: 1e+100  Default: 1e+100
Changed value of parameter Method to 2
   Prev: -1  Min: -1  Max: 4  Default: -1
Changed value of parameter MIPFocus to 1
   Prev: 0  Min: 0  Max: 3  Default: 0
Optimize a model with 2334 rows, 3351 columns and 6702 nonzeros
Coefficient statistics:
  Matrix range    [1e+00, 2e+01]
  Objective range [2e+01, 4e+02]
  Bounds range    [1e+00, 1e+00]
  RHS range       [8e+01, 8e+01]
Found heuristic solution: objective 0
Presolve removed 2244 rows and 2301 columns
Presolve time: 0.01s
Presolved: 90 rows, 1050 columns, 2010 nonzeros
Found heuristic solution: objective -78022.00000
Variable types: 0 continuous, 1050 integer (993 binary)
Optimize a model with 90 rows, 1050 columns and 2010 nonzeros
Coefficient statistics:
  Matrix range    [1e+00, 2e+01]
  Objective range [2e+01, 4e+02]
  Bounds range    [1e+00, 4e+00]
  RHS range       [1e+01, 8e+01]
Presolved: 90 rows, 1050 columns, 2010 nonzeros

Root barrier log...

Ordering time: 0.00s

Barrier statistics:
 AA' NZ     : 9.290e+02
 Factor NZ  : 3.110e+03
 Factor Ops : 1.433e+05 (less than 1 second per iteration)
 Threads    : 1

                  Objective                Residual
Iter       Primal          Dual         Primal    Dual     Compl     Time
   0  -2.64314431e+05 -2.66800919e+05  2.29e+01 5.68e-14  3.34e+02     0s
   1  -1.05157728e+05 -1.86549004e+05  2.02e+00 2.16e+01  6.31e+01     0s
   2  -9.65796402e+04 -1.10892565e+05  1.26e-01 1.01e+00  7.54e+00     0s
   3  -9.96012023e+04 -1.04274352e+05  1.73e-02 3.29e-01  2.27e+00     0s
   4  -1.00279026e+05 -1.01845834e+05  3.09e-03 2.16e-01  7.41e-01     0s
   5  -1.00469495e+05 -1.00895585e+05  5.02e-04 3.60e-02  1.99e-01     0s
   6  -1.00519721e+05 -1.00549117e+05  1.08e-04 1.71e-13  1.44e-02     0s
   7  -1.00537217e+05 -1.00537280e+05  4.70e-08 1.71e-13  2.92e-05     0s
   8  -1.00537252e+05 -1.00537252e+05  0.00e+00 1.71e-13  2.92e-08     0s
   9  -1.00537252e+05 -1.00537252e+05  1.61e-15 1.71e-13  6.44e-14     0s

Barrier solved model in 9 iterations and 0.02 seconds
Optimal objective -1.00537252e+05


Root relaxation: objective -1.005373e+05, 240 iterations, 0.01 seconds

    Nodes    |    Current Node    |     Objective Bounds      |     Work
 Expl Unexpl |  Obj  Depth IntInf | Incumbent    BestBd   Gap | It/Node Time

     0     0 -100537.25    0   53 -78022.000 -100537.25  28.9%     -    0s
H    0     0                    -97052.00000 -100537.25  3.59%     -    0s
H    0     0                    -97896.00000 -100537.25  2.70%     -    0s
     0     0 -98798.405    0   78 -97896.000 -98798.405  0.92%     -    0s

Cutting planes:
  Cover: 59
  MIR: 22

Explored 0 nodes (607 simplex iterations) in 0.07 seconds
Thread count was 16 (of 16 available processors)

Optimal solution found (tolerance 1.00e-02)
Best objective -9.789600000000e+04, best bound -9.879800000000e+04, gap 0.9214%
Changed value of parameter MIPGap to 0.01
   Prev: 0.0001  Min: 0.0  Max: 1e+100  Default: 0.0001
Changed value of parameter TimeLimit to 1800.0
   Prev: 1e+100  Min: 0.0  Max: 1e+100  Default: 1e+100
Changed value of parameter Method to 2
   Prev: -1  Min: -1  Max: 4  Default: -1
Changed value of parameter MIPFocus to 1
   Prev: 0  Min: 0  Max: 3  Default: 0
Optimize a model with 2334 rows, 3351 columns and 6702 nonzeros
Coefficient statistics:
  Matrix range    [1e+00, 2e+01]
  Objective range [5e+01, 1e+03]
  Bounds range    [1e+00, 1e+00]
  RHS range       [8e+01, 8e+01]
Found heuristic solution: objective 0
Presolve removed 2244 rows and 2301 columns
Presolve time: 0.01s
Presolved: 90 rows, 1050 columns, 2010 nonzeros
Found heuristic solution: objective -194032.0000
Variable types: 0 continuous, 1050 integer (993 binary)
Optimize a model with 90 rows, 1050 columns and 2010 nonzeros
Coefficient statistics:
  Matrix range    [1e+00, 2e+01]
  Objective range [5e+01, 1e+03]
  Bounds range    [1e+00, 4e+00]
  RHS range       [1e+01, 8e+01]
Presolved: 90 rows, 1050 columns, 2010 nonzeros

Root barrier log...

Ordering time: 0.00s

Barrier statistics:
 AA' NZ     : 9.290e+02
 Factor NZ  : 3.110e+03
 Factor Ops : 1.433e+05 (less than 1 second per iteration)
 Threads    : 1

                  Objective                Residual
Iter       Primal          Dual         Primal    Dual     Compl     Time
   0  -6.54208131e+05 -6.65842339e+05  2.29e+01 1.14e-13  8.34e+02     0s
   1  -2.62192251e+05 -4.65580264e+05  2.03e+00 5.41e+01  1.58e+02     0s
   2  -2.40930685e+05 -2.76714547e+05  1.26e-01 2.50e+00  1.88e+01     0s
   3  -2.48658013e+05 -2.60101403e+05  1.61e-02 8.03e-01  5.55e+00     0s
   4  -2.50449916e+05 -2.54070033e+05  1.42e-03 5.65e-01  1.68e+00     0s
   5  -2.50831961e+05 -2.51949615e+05  1.03e-04 8.82e-02  5.14e-01     0s
   6  -2.50919253e+05 -2.51192694e+05  0.00e+00 1.97e-02  1.25e-01     0s
   7  -2.50924137e+05 -2.50939674e+05  0.00e+00 4.55e-13  7.10e-03     0s
   8  -2.50927962e+05 -2.50927979e+05  0.00e+00 5.68e-13  7.82e-06     0s
   9  -2.50927967e+05 -2.50927967e+05  0.00e+00 5.68e-13  7.98e-12     0s

Barrier solved model in 9 iterations and 0.02 seconds
Optimal objective -2.50927967e+05


Root relaxation: objective -2.509280e+05, 240 iterations, 0.01 seconds

    Nodes    |    Current Node    |     Objective Bounds      |     Work
 Expl Unexpl |  Obj  Depth IntInf | Incumbent    BestBd   Gap | It/Node Time

     0     0 -250927.97    0   55 -194032.00 -250927.97  29.3%     -    0s
H    0     0                    -242840.0000 -250927.97  3.33%     -    0s
H    0     0                    -244128.0000 -250927.97  2.79%     -    0s
     0     0 -246373.11    0   76 -244128.00 -246373.11  0.92%     -    0s

Cutting planes:
  Cover: 59
  MIR: 22

Explored 0 nodes (630 simplex iterations) in 0.08 seconds
Thread count was 16 (of 16 available processors)

Optimal solution found (tolerance 1.00e-02)
Best objective -2.441280000000e+05, best bound -2.463730000000e+05, gap 0.9196%
Changed value of parameter MIPGap to 0.01
   Prev: 0.0001  Min: 0.0  Max: 1e+100  Default: 0.0001
Changed value of parameter TimeLimit to 1800.0
   Prev: 1e+100  Min: 0.0  Max: 1e+100  Default: 1e+100
Changed value of parameter Method to 2
   Prev: -1  Min: -1  Max: 4  Default: -1
Changed value of parameter MIPFocus to 1
   Prev: 0  Min: 0  Max: 3  Default: 0
Optimize a model with 2334 rows, 3351 columns and 6702 nonzeros
Coefficient statistics:
  Matrix range    [1e+00, 2e+01]
  Objective range [5e+02, 1e+04]
  Bounds range    [1e+00, 1e+00]
  RHS range       [8e+01, 8e+01]
Found heuristic solution: objective 0
Presolve removed 2244 rows and 2301 columns
Presolve time: 0.01s
Presolved: 90 rows, 1050 columns, 2010 nonzeros
Found heuristic solution: objective -1934182.000
Variable types: 0 continuous, 1050 integer (993 binary)
Optimize a model with 90 rows, 1050 columns and 2010 nonzeros
Coefficient statistics:
  Matrix range    [1e+00, 2e+01]
  Objective range [5e+02, 1e+04]
  Bounds range    [1e+00, 4e+00]
  RHS range       [1e+01, 8e+01]
Presolved: 90 rows, 1050 columns, 2010 nonzeros

Root barrier log...

Ordering time: 0.00s

Barrier statistics:
 AA' NZ     : 9.290e+02
 Factor NZ  : 3.110e+03
 Factor Ops : 1.433e+05 (less than 1 second per iteration)
 Threads    : 1

                  Objective                Residual
Iter       Primal          Dual         Primal    Dual     Compl     Time
   0  -6.50261151e+06 -6.65146364e+06  2.29e+01 1.82e-12  8.34e+03     0s
   1  -2.61771679e+06 -4.65106063e+06  2.04e+00 5.41e+02  1.58e+03     0s
   2  -2.40621919e+06 -2.76530990e+06  1.26e-01 2.52e+01  1.89e+02     0s
   3  -2.48670521e+06 -2.60802178e+06  8.52e-03 9.27e+00  5.72e+01     0s
   4  -2.49765671e+06 -2.53549984e+06  3.21e-03 3.71e+00  1.80e+01     0s
   5  -2.50393939e+06 -2.51533176e+06  8.23e-04 6.74e-01  5.39e+00     0s
   6  -2.50654550e+06 -2.50834327e+06  0.00e+00 6.70e-02  8.27e-01     0s
   7  -2.50678574e+06 -2.50709002e+06  0.00e+00 1.25e-02  1.39e-01     0s
   8  -2.50678303e+06 -2.50679772e+06  0.00e+00 7.28e-12  6.71e-03     0s
   9  -2.50678868e+06 -2.50678869e+06  0.00e+00 4.55e-12  3.28e-06     0s
  10  -2.50678868e+06 -2.50678868e+06  0.00e+00 4.09e-12  3.28e-09     0s

Barrier solved model in 10 iterations and 0.02 seconds
Optimal objective -2.50678868e+06


Root relaxation: objective -2.506789e+06, 241 iterations, 0.01 seconds

    Nodes    |    Current Node    |     Objective Bounds      |     Work
 Expl Unexpl |  Obj  Depth IntInf | Incumbent    BestBd   Gap | It/Node Time

     0     0 -2506788.7    0   54 -1934182.0 -2506788.7  29.6%     -    0s
H    0     0                    -2438381.000 -2506788.7  2.81%     -    0s
     0     0 -2460260.2    0   76 -2438381.0 -2460260.2  0.90%     -    0s

Cutting planes:
  Cover: 59
  MIR: 22

Explored 0 nodes (680 simplex iterations) in 0.08 seconds
Thread count was 16 (of 16 available processors)

Optimal solution found (tolerance 1.00e-02)
Best objective -2.438381000000e+06, best bound -2.460260000000e+06, gap 0.8973%
