Changed value of parameter MIPGap to 0.01
   Prev: 0.0001  Min: 0.0  Max: 1e+100  Default: 0.0001
Changed value of parameter TimeLimit to 1800.0
   Prev: 1e+100  Min: 0.0  Max: 1e+100  Default: 1e+100
Changed value of parameter Method to 2
   Prev: -1  Min: -1  Max: 4  Default: -1
Changed value of parameter MIPFocus to 1
   Prev: 0  Min: 0  Max: 3  Default: 0
Optimize a model with 2574 rows, 7959 columns and 15918 nonzeros
Coefficient statistics:
  Matrix range    [1e+00, 4e+01]
  Objective range [1e+00, 1e+00]
  Bounds range    [1e+00, 1e+00]
  RHS range       [8e+01, 8e+01]
Found heuristic solution: objective 0
Presolve removed 35 rows and 116 columns
Presolve time: 0.11s
Presolved: 2539 rows, 7843 columns, 15686 nonzeros
Variable types: 0 continuous, 7843 integer (7843 binary)
Optimize a model with 2539 rows, 7843 columns and 15686 nonzeros
Coefficient statistics:
  Matrix range    [1e+00, 4e+01]
  Objective range [1e+00, 1e+00]
  Bounds range    [1e+00, 1e+00]
  RHS range       [1e+00, 8e+01]
Presolved: 2539 rows, 7843 columns, 15686 nonzeros

Root barrier log...

Ordering time: 0.00s

Barrier statistics:
 AA' NZ     : 7.843e+03
 Factor NZ  : 4.484e+04 (roughly 5 MBytes of memory)
 Factor Ops : 3.796e+06 (less than 1 second per iteration)
 Threads    : 1

                  Objective                Residual
Iter       Primal          Dual         Primal    Dual     Compl     Time
   0  -3.77127597e+03 -6.20205202e+03  1.75e+01 2.48e-01  1.85e+00     0s
   1  -1.49170322e+03 -4.40495738e+03  2.68e+00 6.66e-16  3.65e-01     0s
   2  -1.09253478e+03 -1.82065398e+03  1.85e-01 2.66e-15  5.18e-02     0s
   3  -1.07241887e+03 -1.13406321e+03  1.97e-02 8.88e-16  4.29e-03     0s
   4  -1.07310936e+03 -1.08218838e+03  5.11e-03 1.11e-15  6.78e-04     0s
   5  -1.07351842e+03 -1.07457243e+03  1.73e-04 2.22e-15  6.97e-05     0s
   6  -1.07354875e+03 -1.07355084e+03  5.35e-08 4.44e-16  1.32e-07     0s
   7  -1.07354878e+03 -1.07354878e+03  1.97e-14 4.44e-16  1.32e-10     0s

Barrier solved model in 7 iterations and 0.28 seconds
Optimal objective -1.07354878e+03


Root relaxation: objective -1.073549e+03, 5750 iterations, 0.20 seconds

    Nodes    |    Current Node    |     Objective Bounds      |     Work
 Expl Unexpl |  Obj  Depth IntInf | Incumbent    BestBd   Gap | It/Node Time

     0     0 -1073.5488    0  272    0.00000 -1073.5488      -     -    0s
H    0     0                    -1040.000000 -1073.5488  3.23%     -    0s
H    0     0                    -1042.000000 -1073.5488  3.03%     -    0s
     0     0 -1072.5366    0  441 -1042.0000 -1072.5366  2.93%     -    0s
H    0     0                    -1052.000000 -1072.5366  1.95%     -    0s
     0     0 -1067.5938    0  389 -1052.0000 -1067.5938  1.48%     -    0s
     0     0 -1064.3100    0  289 -1052.0000 -1064.3100  1.17%     -    0s
H    0     0                    -1055.000000 -1064.3100  0.88%     -    0s

Cutting planes:
  Gomory: 22
  Cover: 161
  Clique: 4
  MIR: 38

Explored 0 nodes (8771 simplex iterations) in 0.99 seconds
Thread count was 16 (of 16 available processors)

Optimal solution found (tolerance 1.00e-02)
Best objective -1.055000000000e+03, best bound -1.064000000000e+03, gap 0.8531%
Changed value of parameter MIPGap to 0.01
   Prev: 0.0001  Min: 0.0  Max: 1e+100  Default: 0.0001
Changed value of parameter TimeLimit to 1800.0
   Prev: 1e+100  Min: 0.0  Max: 1e+100  Default: 1e+100
Changed value of parameter Method to 2
   Prev: -1  Min: -1  Max: 4  Default: -1
Changed value of parameter MIPFocus to 1
   Prev: 0  Min: 0  Max: 3  Default: 0
Optimize a model with 2574 rows, 7959 columns and 15918 nonzeros
Coefficient statistics:
  Matrix range    [1e+00, 4e+01]
  Objective range [1e+00, 1e+00]
  Bounds range    [1e+00, 1e+00]
  RHS range       [8e+01, 8e+01]
Found heuristic solution: objective 0
Presolve removed 35 rows and 116 columns
Presolve time: 0.05s
Presolved: 2539 rows, 7843 columns, 15686 nonzeros
Variable types: 0 continuous, 7843 integer (7843 binary)
Optimize a model with 2539 rows, 7843 columns and 15686 nonzeros
Coefficient statistics:
  Matrix range    [1e+00, 4e+01]
  Objective range [1e+00, 1e+00]
  Bounds range    [1e+00, 1e+00]
  RHS range       [1e+00, 8e+01]
Presolved: 2539 rows, 7843 columns, 15686 nonzeros

Root barrier log...

Ordering time: 0.00s

Barrier statistics:
 AA' NZ     : 7.843e+03
 Factor NZ  : 4.484e+04 (roughly 5 MBytes of memory)
 Factor Ops : 3.796e+06 (less than 1 second per iteration)
 Threads    : 1

                  Objective                Residual
Iter       Primal          Dual         Primal    Dual     Compl     Time
   0  -3.78031877e+03 -6.20685040e+03  1.75e+01 2.48e-01  1.85e+00     0s
   1  -1.49571459e+03 -4.40878909e+03  2.68e+00 6.66e-16  3.65e-01     0s
   2  -1.09535699e+03 -1.90369496e+03  1.88e-01 4.88e-15  5.71e-02     0s
   3  -1.07475032e+03 -1.14157031e+03  2.05e-02 2.22e-15  4.63e-03     0s
   4  -1.07536179e+03 -1.08025299e+03  5.64e-03 5.11e-15  4.26e-04     0s
   5  -1.07571862e+03 -1.07629806e+03  1.37e-04 8.88e-16  3.92e-05     0s
   6  -1.07574024e+03 -1.07574111e+03  4.03e-08 4.44e-16  5.52e-08     0s
   7  -1.07574027e+03 -1.07574027e+03  3.00e-14 6.66e-16  5.52e-11     0s

Barrier solved model in 7 iterations and 0.12 seconds
Optimal objective -1.07574027e+03


Root relaxation: objective -1.075740e+03, 5649 iterations, 0.10 seconds

    Nodes    |    Current Node    |     Objective Bounds      |     Work
 Expl Unexpl |  Obj  Depth IntInf | Incumbent    BestBd   Gap | It/Node Time

     0     0 -1075.7403    0  251    0.00000 -1075.7403      -     -    0s
H    0     0                    -1035.820000 -1075.7403  3.85%     -    0s
H    0     0                    -1039.836000 -1075.7403  3.45%     -    0s
H    0     0                    -1039.842000 -1075.7403  3.45%     -    0s
H    0     0                    -1041.862000 -1075.7403  3.25%     -    0s
     0     0 -1073.4862    0  380 -1041.8620 -1073.4862  3.04%     -    0s
H    0     0                    -1052.966000 -1073.4862  1.95%     -    0s
     0     0 -1070.2010    0  357 -1052.9660 -1070.2010  1.64%     -    0s
     0     0 -1066.9116    0  286 -1052.9660 -1066.9116  1.32%     -    0s
H    0     0                    -1056.014000 -1066.9116  1.03%     -    0s
     0     0 -1065.6335    0  308 -1056.0140 -1065.6335  0.91%     -    0s

Cutting planes:
  Gomory: 27
  Cover: 152
  Clique: 5
  MIR: 81

Explored 0 nodes (9119 simplex iterations) in 0.73 seconds
Thread count was 16 (of 16 available processors)

Optimal solution found (tolerance 1.00e-02)
Best objective -1.056014000000e+03, best bound -1.065633473845e+03, gap 0.9109%
Changed value of parameter MIPGap to 0.01
   Prev: 0.0001  Min: 0.0  Max: 1e+100  Default: 0.0001
Changed value of parameter TimeLimit to 1800.0
   Prev: 1e+100  Min: 0.0  Max: 1e+100  Default: 1e+100
Changed value of parameter Method to 2
   Prev: -1  Min: -1  Max: 4  Default: -1
Changed value of parameter MIPFocus to 1
   Prev: 0  Min: 0  Max: 3  Default: 0
Optimize a model with 2574 rows, 7959 columns and 15918 nonzeros
Coefficient statistics:
  Matrix range    [1e+00, 4e+01]
  Objective range [1e+00, 1e+00]
  Bounds range    [1e+00, 1e+00]
  RHS range       [8e+01, 8e+01]
Found heuristic solution: objective 0
Presolve removed 35 rows and 116 columns
Presolve time: 0.05s
Presolved: 2539 rows, 7843 columns, 15686 nonzeros
Variable types: 0 continuous, 7843 integer (7843 binary)
Optimize a model with 2539 rows, 7843 columns and 15686 nonzeros
Coefficient statistics:
  Matrix range    [1e+00, 4e+01]
  Objective range [1e+00, 1e+00]
  Bounds range    [1e+00, 1e+00]
  RHS range       [1e+00, 8e+01]
Presolved: 2539 rows, 7843 columns, 15686 nonzeros

Root barrier log...

Ordering time: 0.00s

Barrier statistics:
 AA' NZ     : 7.843e+03
 Factor NZ  : 4.484e+04 (roughly 5 MBytes of memory)
 Factor Ops : 3.796e+06 (less than 1 second per iteration)
 Threads    : 1

                  Objective                Residual
Iter       Primal          Dual         Primal    Dual     Compl     Time
   0  -3.78936149e+03 -6.21164878e+03  1.75e+01 2.48e-01  1.85e+00     0s
   1  -1.49973125e+03 -4.41262302e+03  2.69e+00 6.66e-16  3.66e-01     0s
   2  -1.09808848e+03 -1.90857530e+03  1.91e-01 2.00e-15  5.74e-02     0s
   3  -1.07714487e+03 -1.14459821e+03  2.22e-02 1.55e-15  4.70e-03     0s
   4  -1.07761003e+03 -1.08371240e+03  6.09e-03 2.00e-15  5.10e-04     0s
   5  -1.07790951e+03 -1.07862332e+03  1.66e-04 1.33e-15  4.82e-05     0s
   6  -1.07793173e+03 -1.07793287e+03  5.00e-08 4.44e-16  7.25e-08     0s
   7  -1.07793176e+03 -1.07793176e+03  2.53e-14 6.66e-16  7.25e-11     0s

Barrier solved model in 7 iterations and 0.12 seconds
Optimal objective -1.07793176e+03


Root relaxation: objective -1.077932e+03, 5711 iterations, 0.10 seconds

    Nodes    |    Current Node    |     Objective Bounds      |     Work
 Expl Unexpl |  Obj  Depth IntInf | Incumbent    BestBd   Gap | It/Node Time

     0     0 -1077.9318    0  263    0.00000 -1077.9318      -     -    0s
H    0     0                    -1042.771000 -1077.9318  3.37%     -    0s
H    0     0                    -1043.791000 -1077.9318  3.27%     -    0s
H    0     0                    -1045.807000 -1077.9318  3.07%     -    0s
     0     0 -1077.1108    0  402 -1045.8070 -1077.1108  2.99%     -    0s
H    0     0                    -1053.943000 -1077.1108  2.20%     -    0s
     0     0 -1073.3902    0  396 -1053.9430 -1073.3902  1.85%     -    0s
     0     0 -1070.8678    0  333 -1053.9430 -1070.8678  1.61%     -    0s
H    0     0                    -1058.035000 -1070.8678  1.21%     -    0s
     0     0 -1068.3725    0  275 -1058.0350 -1068.3725  0.98%     -    0s

Cutting planes:
  Gomory: 23
  Cover: 154
  Clique: 4
  MIR: 90

Explored 0 nodes (8727 simplex iterations) in 0.81 seconds
Thread count was 16 (of 16 available processors)

Optimal solution found (tolerance 1.00e-02)
Best objective -1.058035000000e+03, best bound -1.068372508165e+03, gap 0.9770%
Changed value of parameter MIPGap to 0.01
   Prev: 0.0001  Min: 0.0  Max: 1e+100  Default: 0.0001
Changed value of parameter TimeLimit to 1800.0
   Prev: 1e+100  Min: 0.0  Max: 1e+100  Default: 1e+100
Changed value of parameter Method to 2
   Prev: -1  Min: -1  Max: 4  Default: -1
Changed value of parameter MIPFocus to 1
   Prev: 0  Min: 0  Max: 3  Default: 0
Optimize a model with 2574 rows, 7959 columns and 15918 nonzeros
Coefficient statistics:
  Matrix range    [1e+00, 4e+01]
  Objective range [1e+00, 1e+00]
  Bounds range    [1e+00, 1e+00]
  RHS range       [8e+01, 8e+01]
Found heuristic solution: objective 0
Presolve removed 35 rows and 116 columns
Presolve time: 0.05s
Presolved: 2539 rows, 7843 columns, 15686 nonzeros
Variable types: 0 continuous, 7843 integer (7843 binary)
Optimize a model with 2539 rows, 7843 columns and 15686 nonzeros
Coefficient statistics:
  Matrix range    [1e+00, 4e+01]
  Objective range [1e+00, 1e+00]
  Bounds range    [1e+00, 1e+00]
  RHS range       [1e+00, 8e+01]
Presolved: 2539 rows, 7843 columns, 15686 nonzeros

Root barrier log...

Ordering time: 0.00s

Barrier statistics:
 AA' NZ     : 7.843e+03
 Factor NZ  : 4.484e+04 (roughly 5 MBytes of memory)
 Factor Ops : 3.796e+06 (less than 1 second per iteration)
 Threads    : 1

                  Objective                Residual
Iter       Primal          Dual         Primal    Dual     Compl     Time
   0  -3.80744669e+03 -6.22124554e+03  1.75e+01 2.48e-01  1.85e+00     0s
   1  -1.50778039e+03 -4.42030052e+03  2.70e+00 6.66e-16  3.66e-01     0s
   2  -1.10352124e+03 -1.91829914e+03  1.96e-01 1.33e-15  5.78e-02     0s
   3  -1.08194093e+03 -1.15057864e+03  2.53e-02 2.00e-15  4.83e-03     0s
   4  -1.08207965e+03 -1.09223261e+03  6.64e-03 3.55e-15  7.73e-04     0s
   5  -1.08228439e+03 -1.08356488e+03  4.01e-04 2.22e-15  8.85e-05     0s
   6  -1.08231467e+03 -1.08231985e+03  1.67e-07 4.44e-16  3.27e-07     0s
   7  -1.08231473e+03 -1.08231474e+03  1.44e-14 8.88e-16  3.27e-10     0s

Barrier solved model in 7 iterations and 0.12 seconds
Optimal objective -1.08231473e+03


Root relaxation: objective -1.082315e+03, 5798 iterations, 0.10 seconds

    Nodes    |    Current Node    |     Objective Bounds      |     Work
 Expl Unexpl |  Obj  Depth IntInf | Incumbent    BestBd   Gap | It/Node Time

     0     0 -1082.3147    0  251    0.00000 -1082.3147      -     -    0s
H    0     0                    -1038.160000 -1082.3147  4.25%     -    0s
H    0     0                    -1041.256000 -1082.3147  3.94%     -    0s
H    0     0                    -1044.376000 -1082.3147  3.63%     -    0s
H    0     0                    -1058.940000 -1082.3147  2.21%     -    0s
H    0     0                    -1059.980000 -1082.3147  2.11%     -    0s
     0     0 -1080.7466    0  391 -1059.9800 -1080.7466  1.96%     -    0s
H    0     0                    -1062.084000 -1080.7466  1.76%     -    0s
     0     0 -1076.8233    0  389 -1062.0840 -1076.8233  1.39%     -    0s
     0     0 -1074.6703    0  309 -1062.0840 -1074.6703  1.19%     -    0s
H    0     0                    -1064.188000 -1074.6703  0.99%     -    0s

Cutting planes:
  Gomory: 19
  Cover: 142
  Clique: 1
  MIR: 45

Explored 0 nodes (8782 simplex iterations) in 0.74 seconds
Thread count was 16 (of 16 available processors)

Optimal solution found (tolerance 1.00e-02)
Best objective -1.064188000000e+03, best bound -1.074670308246e+03, gap 0.9850%
Changed value of parameter MIPGap to 0.01
   Prev: 0.0001  Min: 0.0  Max: 1e+100  Default: 0.0001
Changed value of parameter TimeLimit to 1800.0
   Prev: 1e+100  Min: 0.0  Max: 1e+100  Default: 1e+100
Changed value of parameter Method to 2
   Prev: -1  Min: -1  Max: 4  Default: -1
Changed value of parameter MIPFocus to 1
   Prev: 0  Min: 0  Max: 3  Default: 0
Optimize a model with 2574 rows, 7959 columns and 15918 nonzeros
Coefficient statistics:
  Matrix range    [1e+00, 4e+01]
  Objective range [1e+00, 1e+00]
  Bounds range    [1e+00, 1e+00]
  RHS range       [8e+01, 8e+01]
Found heuristic solution: objective 0
Presolve removed 35 rows and 116 columns
Presolve time: 0.05s
Presolved: 2539 rows, 7843 columns, 15686 nonzeros
Variable types: 0 continuous, 7843 integer (7843 binary)
Optimize a model with 2539 rows, 7843 columns and 15686 nonzeros
Coefficient statistics:
  Matrix range    [1e+00, 4e+01]
  Objective range [1e+00, 1e+00]
  Bounds range    [1e+00, 1e+00]
  RHS range       [1e+00, 8e+01]
Presolved: 2539 rows, 7843 columns, 15686 nonzeros

Root barrier log...

Ordering time: 0.00s

Barrier statistics:
 AA' NZ     : 7.843e+03
 Factor NZ  : 4.484e+04 (roughly 5 MBytes of memory)
 Factor Ops : 3.796e+06 (less than 1 second per iteration)
 Threads    : 1

                  Objective                Residual
Iter       Primal          Dual         Primal    Dual     Compl     Time
   0  -3.84361615e+03 -6.24043905e+03  1.75e+01 2.49e-01  1.86e+00     0s
   1  -1.52393863e+03 -4.43567199e+03  2.71e+00 6.66e-16  3.68e-01     0s
   2  -1.11427585e+03 -1.94447199e+03  2.06e-01 4.66e-15  5.92e-02     0s
   3  -1.09139907e+03 -1.16036240e+03  3.04e-02 1.78e-15  4.95e-03     0s
   4  -1.09105312e+03 -1.10100905e+03  8.05e-03 8.88e-16  7.85e-04     0s
   5  -1.09106480e+03 -1.09228962e+03  2.94e-04 1.11e-14  8.26e-05     0s
   6  -1.09108058e+03 -1.09108636e+03  2.14e-07 6.66e-16  3.66e-07     0s
   7  -1.09108068e+03 -1.09108069e+03  1.57e-14 4.44e-16  3.66e-10     0s

Barrier solved model in 7 iterations and 0.12 seconds
Optimal objective -1.09108068e+03


Root relaxation: objective -1.091081e+03, 5786 iterations, 0.09 seconds

    Nodes    |    Current Node    |     Objective Bounds      |     Work
 Expl Unexpl |  Obj  Depth IntInf | Incumbent    BestBd   Gap | It/Node Time

     0     0 -1091.0807    0  266    0.00000 -1091.0807      -     -    0s
H    0     0                    -1050.816000 -1091.0807  3.83%     -    0s
H    0     0                    -1052.928000 -1091.0807  3.62%     -    0s
H    0     0                    -1053.864000 -1091.0807  3.53%     -    0s
H    0     0                    -1059.216000 -1091.0807  3.01%     -    0s
     0     0 -1088.7100    0  417 -1059.2160 -1088.7100  2.78%     -    0s
H    0     0                    -1067.856000 -1088.7100  1.95%     -    0s
     0     0 -1085.5665    0  358 -1067.8560 -1085.5665  1.66%     -    0s
     0     0 -1081.2934    0  314 -1067.8560 -1081.2934  1.26%     -    0s
H    0     0                    -1070.112000 -1081.2934  1.04%     -    0s
     0     0 -1080.2966    0  254 -1070.1120 -1080.2966  0.95%     -    0s

Cutting planes:
  Gomory: 26
  Cover: 155
  Clique: 2
  MIR: 81

Explored 0 nodes (9309 simplex iterations) in 0.69 seconds
Thread count was 16 (of 16 available processors)

Optimal solution found (tolerance 1.00e-02)
Best objective -1.070112000000e+03, best bound -1.080296636047e+03, gap 0.9517%
Changed value of parameter MIPGap to 0.01
   Prev: 0.0001  Min: 0.0  Max: 1e+100  Default: 0.0001
Changed value of parameter TimeLimit to 1800.0
   Prev: 1e+100  Min: 0.0  Max: 1e+100  Default: 1e+100
Changed value of parameter Method to 2
   Prev: -1  Min: -1  Max: 4  Default: -1
Changed value of parameter MIPFocus to 1
   Prev: 0  Min: 0  Max: 3  Default: 0
Optimize a model with 2574 rows, 7959 columns and 15918 nonzeros
Coefficient statistics:
  Matrix range    [1e+00, 4e+01]
  Objective range [1e+00, 1e+00]
  Bounds range    [1e+00, 1e+00]
  RHS range       [8e+01, 8e+01]
Found heuristic solution: objective 0
Presolve removed 35 rows and 116 columns
Presolve time: 0.05s
Presolved: 2539 rows, 7843 columns, 15686 nonzeros
Variable types: 0 continuous, 7843 integer (7843 binary)
Optimize a model with 2539 rows, 7843 columns and 15686 nonzeros
Coefficient statistics:
  Matrix range    [1e+00, 4e+01]
  Objective range [1e+00, 1e+00]
  Bounds range    [1e+00, 1e+00]
  RHS range       [1e+00, 8e+01]
Presolved: 2539 rows, 7843 columns, 15686 nonzeros

Root barrier log...

Ordering time: 0.00s

Barrier statistics:
 AA' NZ     : 7.843e+03
 Factor NZ  : 4.484e+04 (roughly 5 MBytes of memory)
 Factor Ops : 3.796e+06 (less than 1 second per iteration)
 Threads    : 1

                  Objective                Residual
Iter       Primal          Dual         Primal    Dual     Compl     Time
   0  -3.86170040e+03 -6.25003580e+03  1.75e+01 2.49e-01  1.86e+00     0s
   1  -1.53204839e+03 -4.44336676e+03  2.72e+00 6.66e-16  3.68e-01     0s
   2  -1.11959762e+03 -1.95892653e+03  2.10e-01 6.66e-15  5.99e-02     0s
   3  -1.09481665e+03 -1.16508626e+03  2.35e-02 6.66e-16  4.89e-03     0s
   4  -1.09519797e+03 -1.10537018e+03  6.28e-03 3.11e-15  7.64e-04     0s
   5  -1.09544084e+03 -1.09659770e+03  2.15e-04 3.33e-15  7.67e-05     0s
   6  -1.09546357e+03 -1.09546809e+03  1.15e-07 1.33e-15  2.85e-07     0s
   7  -1.09546366e+03 -1.09546366e+03  2.12e-14 4.44e-16  2.85e-10     0s

Barrier solved model in 7 iterations and 0.12 seconds
Optimal objective -1.09546366e+03


Root relaxation: objective -1.095464e+03, 5754 iterations, 0.10 seconds

    Nodes    |    Current Node    |     Objective Bounds      |     Work
 Expl Unexpl |  Obj  Depth IntInf | Incumbent    BestBd   Gap | It/Node Time

     0     0 -1095.4637    0  258    0.00000 -1095.4637      -     -    0s
H    0     0                    -1059.035000 -1095.4637  3.44%     -    0s
H    0     0                    -1062.215000 -1095.4637  3.13%     -    0s
H    0     0                    -1064.180000 -1095.4637  2.94%     -    0s
     0     0 -1092.7002    0  396 -1064.1800 -1092.7002  2.68%     -    0s
H    0     0                    -1071.820000 -1092.7002  1.95%     -    0s
     0     0 -1090.6833    0  394 -1071.8200 -1090.6833  1.76%     -    0s
     0     0 -1086.5272    0  367 -1071.8200 -1086.5272  1.37%     -    0s
H    0     0                    -1075.180000 -1086.5272  1.06%     -    0s
     0     0 -1085.2047    0  340 -1075.1800 -1085.2047  0.93%     -    0s

Cutting planes:
  Gomory: 25
  Cover: 155
  Clique: 4
  MIR: 88

Explored 0 nodes (9251 simplex iterations) in 0.72 seconds
Thread count was 16 (of 16 available processors)

Optimal solution found (tolerance 1.00e-02)
Best objective -1.075180000000e+03, best bound -1.085200000000e+03, gap 0.9319%
Changed value of parameter MIPGap to 0.01
   Prev: 0.0001  Min: 0.0  Max: 1e+100  Default: 0.0001
Changed value of parameter TimeLimit to 1800.0
   Prev: 1e+100  Min: 0.0  Max: 1e+100  Default: 1e+100
Changed value of parameter Method to 2
   Prev: -1  Min: -1  Max: 4  Default: -1
Changed value of parameter MIPFocus to 1
   Prev: 0  Min: 0  Max: 3  Default: 0
Optimize a model with 2574 rows, 7959 columns and 15918 nonzeros
Coefficient statistics:
  Matrix range    [1e+00, 4e+01]
  Objective range [1e+00, 1e+00]
  Bounds range    [1e+00, 1e+00]
  RHS range       [8e+01, 8e+01]
Found heuristic solution: objective 0
Presolve removed 35 rows and 116 columns
Presolve time: 0.05s
Presolved: 2539 rows, 7843 columns, 15686 nonzeros
Variable types: 0 continuous, 7843 integer (7843 binary)
Optimize a model with 2539 rows, 7843 columns and 15686 nonzeros
Coefficient statistics:
  Matrix range    [1e+00, 4e+01]
  Objective range [1e+00, 1e+00]
  Bounds range    [1e+00, 1e+00]
  RHS range       [1e+00, 8e+01]
Presolved: 2539 rows, 7843 columns, 15686 nonzeros

Root barrier log...

Ordering time: 0.00s

Barrier statistics:
 AA' NZ     : 7.843e+03
 Factor NZ  : 4.484e+04 (roughly 5 MBytes of memory)
 Factor Ops : 3.796e+06 (less than 1 second per iteration)
 Threads    : 1

                  Objective                Residual
Iter       Primal          Dual         Primal    Dual     Compl     Time
   0  -3.95211693e+03 -6.29801959e+03  1.75e+01 2.50e-01  1.87e+00     0s
   1  -1.57279846e+03 -4.48116039e+03  2.77e+00 6.66e-16  3.72e-01     0s
   2  -1.14557319e+03 -1.94124860e+03  2.28e-01 7.86e-14  5.77e-02     0s
   3  -1.11840322e+03 -1.18928394e+03  3.46e-02 3.55e-15  5.14e-03     0s
   4  -1.11784426e+03 -1.12529500e+03  1.27e-02 3.55e-15  7.12e-04     0s
   5  -1.11737206e+03 -1.11846553e+03  2.19e-04 7.33e-15  7.27e-05     0s
   6  -1.11737852e+03 -1.11737924e+03  5.65e-08 1.33e-15  4.60e-08     0s
   7  -1.11737854e+03 -1.11737854e+03  1.69e-14 8.88e-16  4.60e-11     0s

Barrier solved model in 7 iterations and 0.12 seconds
Optimal objective -1.11737854e+03


Root relaxation: objective -1.117379e+03, 5667 iterations, 0.10 seconds

    Nodes    |    Current Node    |     Objective Bounds      |     Work
 Expl Unexpl |  Obj  Depth IntInf | Incumbent    BestBd   Gap | It/Node Time

     0     0 -1117.3785    0  322    0.00000 -1117.3785      -     -    0s
H    0     0                    -1067.880000 -1117.3785  4.64%     -    0s
H    0     0                    -1071.190000 -1117.3785  4.31%     -    0s
H    0     0                    -1090.820000 -1117.3785  2.43%     -    0s
     0     0 -1116.4127    0  447 -1090.8200 -1116.4127  2.35%     -    0s
H    0     0                    -1092.020000 -1116.4127  2.23%     -    0s
     0     0 -1114.7948    0  433 -1092.0200 -1114.7948  2.09%     -    0s
     0     0 -1108.4254    0  325 -1092.0200 -1108.4254  1.50%     -    0s
H    0     0                    -1094.350000 -1108.4254  1.29%     -    0s
     0     0 -1107.2618    0  299 -1094.3500 -1107.2618  1.18%     -    0s
     0     0 -1107.2618    0  314 -1094.3500 -1107.2618  1.18%     -    0s
H    0     0                    -1095.550000 -1107.2618  1.07%     -    1s
     0     0 -1106.9691    0  297 -1095.5500 -1106.9691  1.04%     -    1s
     0     0 -1106.9669    0  268 -1095.5500 -1106.9669  1.04%     -    1s
     0     0 -1106.9669    0  295 -1095.5500 -1106.9669  1.04%     -    1s
     0     0 -1106.9669    0  122 -1095.5500 -1106.9669  1.04%     -    1s
     0     2 -1106.9669    0  120 -1095.5500 -1106.9669  1.04%     -    1s
H   28    33                    -1095.600000 -1106.9022  1.03%  39.8    2s
H   31    36                    -1096.800000 -1106.9022  0.92%  36.5    2s

Cutting planes:
  Gomory: 11
  Cover: 215
  Clique: 4
  MIR: 91

Explored 38 nodes (12275 simplex iterations) in 2.13 seconds
Thread count was 16 (of 16 available processors)

Optimal solution found (tolerance 1.00e-02)
Best objective -1.096800000000e+03, best bound -1.106850000000e+03, gap 0.9163%
Changed value of parameter MIPGap to 0.01
   Prev: 0.0001  Min: 0.0  Max: 1e+100  Default: 0.0001
Changed value of parameter TimeLimit to 1800.0
   Prev: 1e+100  Min: 0.0  Max: 1e+100  Default: 1e+100
Changed value of parameter Method to 2
   Prev: -1  Min: -1  Max: 4  Default: -1
Changed value of parameter MIPFocus to 1
   Prev: 0  Min: 0  Max: 3  Default: 0
Optimize a model with 2574 rows, 7959 columns and 15918 nonzeros
Coefficient statistics:
  Matrix range    [1e+00, 4e+01]
  Objective range [1e+00, 1e+00]
  Bounds range    [1e+00, 1e+00]
  RHS range       [8e+01, 8e+01]
Found heuristic solution: objective 0
Presolve removed 35 rows and 116 columns
Presolve time: 0.05s
Presolved: 2539 rows, 7843 columns, 15686 nonzeros
Variable types: 0 continuous, 7843 integer (7843 binary)
Optimize a model with 2539 rows, 7843 columns and 15686 nonzeros
Coefficient statistics:
  Matrix range    [1e+00, 4e+01]
  Objective range [1e+00, 1e+00]
  Bounds range    [1e+00, 1e+00]
  RHS range       [1e+00, 8e+01]
Presolved: 2539 rows, 7843 columns, 15686 nonzeros

Root barrier log...

Ordering time: 0.00s

Barrier statistics:
 AA' NZ     : 7.843e+03
 Factor NZ  : 4.484e+04 (roughly 5 MBytes of memory)
 Factor Ops : 3.796e+06 (less than 1 second per iteration)
 Threads    : 1

                  Objective                Residual
Iter       Primal          Dual         Primal    Dual     Compl     Time
   0  -4.13334636e+03 -6.89984835e+03  1.75e+01 2.53e-01  2.06e+00     0s
   1  -1.62924140e+03 -4.87758007e+03  2.76e+00 6.66e-16  4.12e-01     0s
   2  -1.19122971e+03 -2.08598618e+03  2.46e-01 2.00e-15  6.53e-02     0s
   3  -1.16089200e+03 -1.24233579e+03  3.12e-02 2.66e-15  5.80e-03     0s
   4  -1.16107490e+03 -1.16598967e+03  8.15e-03 2.44e-15  4.80e-04     0s
   5  -1.16119599e+03 -1.16201721e+03  1.36e-04 1.11e-15  5.42e-05     0s
   6  -1.16121173e+03 -1.16154536e+03  7.97e-06 4.44e-16  2.10e-05     0s
   7  -1.16121376e+03 -1.16123604e+03  1.45e-07 4.44e-16  1.40e-06     0s
   8  -1.16121512e+03 -1.16121518e+03  3.23e-14 4.44e-16  3.89e-09     0s
   9  -1.16121512e+03 -1.16121512e+03  3.34e-14 4.44e-16  3.89e-12     0s

Barrier solved model in 9 iterations and 0.14 seconds
Optimal objective -1.16121512e+03


Root relaxation: objective -1.161215e+03, 5375 iterations, 0.11 seconds

    Nodes    |    Current Node    |     Objective Bounds      |     Work
 Expl Unexpl |  Obj  Depth IntInf | Incumbent    BestBd   Gap | It/Node Time

     0     0 -1161.2151    0  281    0.00000 -1161.2151      -     -    0s
H    0     0                    -1113.360000 -1161.2151  4.30%     -    0s
H    0     0                    -1118.480000 -1161.2151  3.82%     -    0s
H    0     0                    -1129.580000 -1161.2151  2.80%     -    0s
     0     0 -1157.4222    0  419 -1129.5800 -1157.4222  2.46%     -    0s
H    0     0                    -1130.980000 -1157.4222  2.34%     -    0s
     0     0 -1154.8653    0  365 -1130.9800 -1154.8653  2.11%     -    0s
H    0     0                    -1132.620000 -1154.8653  1.96%     -    0s
H    0     0                    -1132.860000 -1154.8653  1.94%     -    0s
     0     0 -1151.5009    0  349 -1132.8600 -1151.5009  1.65%     -    0s
H    0     0                    -1138.220000 -1151.5009  1.17%     -    0s
     0     0 -1150.0267    0  332 -1138.2200 -1150.0267  1.04%     -    0s
     0     0 -1147.9203    0  315 -1138.2200 -1147.9203  0.85%     -    0s

Cutting planes:
  Gomory: 26
  Cover: 208
  Clique: 5
  MIR: 98

Explored 0 nodes (8960 simplex iterations) in 0.80 seconds
Thread count was 16 (of 16 available processors)

Optimal solution found (tolerance 1.00e-02)
Best objective -1.138220000000e+03, best bound -1.147920000000e+03, gap 0.8522%
Changed value of parameter MIPGap to 0.01
   Prev: 0.0001  Min: 0.0  Max: 1e+100  Default: 0.0001
Changed value of parameter TimeLimit to 1800.0
   Prev: 1e+100  Min: 0.0  Max: 1e+100  Default: 1e+100
Changed value of parameter Method to 2
   Prev: -1  Min: -1  Max: 4  Default: -1
Changed value of parameter MIPFocus to 1
   Prev: 0  Min: 0  Max: 3  Default: 0
Optimize a model with 2574 rows, 7959 columns and 15918 nonzeros
Coefficient statistics:
  Matrix range    [1e+00, 4e+01]
  Objective range [1e+00, 2e+00]
  Bounds range    [1e+00, 1e+00]
  RHS range       [8e+01, 8e+01]
Found heuristic solution: objective 0
Presolve removed 35 rows and 116 columns
Presolve time: 0.05s
Presolved: 2539 rows, 7843 columns, 15686 nonzeros
Variable types: 0 continuous, 7843 integer (7843 binary)
Optimize a model with 2539 rows, 7843 columns and 15686 nonzeros
Coefficient statistics:
  Matrix range    [1e+00, 4e+01]
  Objective range [1e+00, 2e+00]
  Bounds range    [1e+00, 1e+00]
  RHS range       [1e+00, 8e+01]
Presolved: 2539 rows, 7843 columns, 15686 nonzeros

Root barrier log...

Ordering time: 0.00s

Barrier statistics:
 AA' NZ     : 7.843e+03
 Factor NZ  : 4.484e+04 (roughly 5 MBytes of memory)
 Factor Ops : 3.796e+06 (less than 1 second per iteration)
 Threads    : 1

                  Objective                Residual
Iter       Primal          Dual         Primal    Dual     Compl     Time
   0  -4.49623802e+03 -8.77008798e+03  1.75e+01 2.83e-01  2.70e+00     0s
   1  -1.66445036e+03 -6.08616566e+03  2.41e+00 8.88e-16  5.06e-01     0s
   2  -1.26095883e+03 -2.30344812e+03  2.21e-01 1.04e-14  7.45e-02     0s
   3  -1.24341313e+03 -1.34055392e+03  2.19e-02 3.55e-15  6.61e-03     0s
   4  -1.24834399e+03 -1.26655068e+03  4.71e-03 5.11e-15  1.25e-03     0s
   5  -1.24996481e+03 -1.25163551e+03  2.68e-04 8.88e-16  1.11e-04     0s
   6  -1.25007655e+03 -1.25007771e+03  3.83e-08 1.55e-15  7.33e-08     0s
   7  -1.25007659e+03 -1.25007659e+03  2.88e-14 6.66e-16  7.33e-11     0s

Barrier solved model in 7 iterations and 0.12 seconds
Optimal objective -1.25007659e+03


Root relaxation: objective -1.250077e+03, 5713 iterations, 0.10 seconds

    Nodes    |    Current Node    |     Objective Bounds      |     Work
 Expl Unexpl |  Obj  Depth IntInf | Incumbent    BestBd   Gap | It/Node Time

     0     0 -1250.0766    0  315    0.00000 -1250.0766      -     -    0s
H    0     0                    -1177.080000 -1250.0766  6.20%     -    0s
H    0     0                    -1184.160000 -1250.0766  5.57%     -    0s
H    0     0                    -1189.680000 -1250.0766  5.08%     -    0s
H    0     0                    -1191.480000 -1250.0766  4.92%     -    0s
H    0     0                    -1195.920000 -1250.0766  4.53%     -    0s
     0     0 -1246.4107    0  452 -1195.9200 -1246.4107  4.22%     -    0s
H    0     0                    -1213.440000 -1246.4107  2.72%     -    0s
     0     0 -1242.5120    0  421 -1213.4400 -1242.5120  2.40%     -    0s
     0     0 -1235.1429    0  332 -1213.4400 -1235.1429  1.79%     -    0s
H    0     0                    -1220.520000 -1235.1429  1.20%     -    0s
     0     0 -1233.6283    0  333 -1220.5200 -1233.6283  1.07%     -    0s
     0     0 -1233.3824    0  327 -1220.5200 -1233.3824  1.05%     -    0s
     0     0 -1233.3824    0  324 -1220.5200 -1233.3824  1.05%     -    0s
     0     0 -1233.3605    0  312 -1220.5200 -1233.3605  1.05%     -    0s
     0     0 -1233.2202    0  307 -1220.5200 -1233.2202  1.04%     -    0s
     0     0 -1233.2202    0  123 -1220.5200 -1233.2202  1.04%     -    1s
H    0     0                    -1221.000000 -1233.2202  1.00%     -    1s
     0     2 -1233.2202    0  111 -1221.0000 -1233.2202  1.00%     -    1s

Cutting planes:
  Gomory: 17
  Cover: 191
  Clique: 5
  MIR: 89

Explored 6 nodes (13317 simplex iterations) in 1.73 seconds
Thread count was 16 (of 16 available processors)

Optimal solution found (tolerance 1.00e-02)
Best objective -1.221000000000e+03, best bound -1.233200000000e+03, gap 0.9992%
Changed value of parameter MIPGap to 0.01
   Prev: 0.0001  Min: 0.0  Max: 1e+100  Default: 0.0001
Changed value of parameter TimeLimit to 1800.0
   Prev: 1e+100  Min: 0.0  Max: 1e+100  Default: 1e+100
Changed value of parameter Method to 2
   Prev: -1  Min: -1  Max: 4  Default: -1
Changed value of parameter MIPFocus to 1
   Prev: 0  Min: 0  Max: 3  Default: 0
Optimize a model with 2574 rows, 7959 columns and 15918 nonzeros
Coefficient statistics:
  Matrix range    [1e+00, 4e+01]
  Objective range [1e+00, 2e+00]
  Bounds range    [1e+00, 1e+00]
  RHS range       [8e+01, 8e+01]
Found heuristic solution: objective 0
Presolve removed 35 rows and 116 columns
Presolve time: 0.05s
Presolved: 2539 rows, 7843 columns, 15686 nonzeros
Variable types: 0 continuous, 7843 integer (7843 binary)
Optimize a model with 2539 rows, 7843 columns and 15686 nonzeros
Coefficient statistics:
  Matrix range    [1e+00, 4e+01]
  Objective range [1e+00, 2e+00]
  Bounds range    [1e+00, 1e+00]
  RHS range       [1e+00, 8e+01]
Presolved: 2539 rows, 7843 columns, 15686 nonzeros

Root barrier log...

Ordering time: 0.00s

Barrier statistics:
 AA' NZ     : 7.843e+03
 Factor NZ  : 4.484e+04 (roughly 5 MBytes of memory)
 Factor Ops : 3.796e+06 (less than 1 second per iteration)
 Threads    : 1

                  Objective                Residual
Iter       Primal          Dual         Primal    Dual     Compl     Time
   0  -4.67764514e+03 -9.70520779e+03  1.75e+01 2.98e-01  3.01e+00     0s
   1  -1.71790368e+03 -6.69127699e+03  2.42e+00 8.88e-16  5.64e-01     0s
   2  -1.29863484e+03 -2.47357409e+03  2.23e-01 6.88e-15  8.34e-02     0s
   3  -1.28498904e+03 -1.40815116e+03  2.15e-02 2.66e-15  8.22e-03     0s
   4  -1.29195428e+03 -1.30675438e+03  4.88e-03 2.66e-15  1.04e-03     0s
   5  -1.29437383e+03 -1.29577022e+03  2.27e-04 3.11e-15  9.24e-05     0s
   6  -1.29450727e+03 -1.29451043e+03  2.26e-08 2.22e-15  1.98e-07     0s
   7  -1.29450732e+03 -1.29450732e+03  3.41e-14 1.78e-15  1.98e-10     0s

Barrier solved model in 7 iterations and 0.12 seconds
Optimal objective -1.29450732e+03


Root relaxation: objective -1.294507e+03, 5716 iterations, 0.09 seconds

    Nodes    |    Current Node    |     Objective Bounds      |     Work
 Expl Unexpl |  Obj  Depth IntInf | Incumbent    BestBd   Gap | It/Node Time

     0     0 -1294.5073    0  332    0.00000 -1294.5073      -     -    0s
H    0     0                    -1217.400000 -1294.5073  6.33%     -    0s
H    0     0                    -1219.400000 -1294.5073  6.16%     -    0s
     0     0 -1293.7756    0  466 -1219.4000 -1293.7756  6.10%     -    0s
H    0     0                    -1251.400000 -1293.7756  3.39%     -    0s
     0     0 -1290.6542    0  443 -1251.4000 -1290.6542  3.14%     -    0s
     0     0 -1283.0951    0  340 -1251.4000 -1283.0951  2.53%     -    0s
H    0     0                    -1257.400000 -1283.0951  2.04%     -    0s
     0     0 -1279.4675    0  319 -1257.4000 -1279.4675  1.76%     -    0s
     0     0 -1276.6118    0  306 -1257.4000 -1276.6118  1.53%     -    0s
H    0     0                    -1261.200000 -1276.6118  1.22%     -    0s
     0     0 -1276.3923    0  322 -1261.2000 -1276.3923  1.20%     -    0s
     0     0 -1276.3923    0  328 -1261.2000 -1276.3923  1.20%     -    0s
     0     0 -1275.6368    0  312 -1261.2000 -1275.6368  1.14%     -    1s
     0     0 -1275.6368    0  178 -1261.2000 -1275.6368  1.14%     -    1s
H    0     0                    -1262.150000 -1275.6368  1.07%     -    1s
     0     2 -1275.6368    0  162 -1262.1500 -1275.6368  1.07%     -    1s
H   30    35                    -1262.400000 -1275.4814  1.04%  54.7    2s
H   34    39                    -1262.750000 -1275.4814  1.01%  49.4    2s

Cutting planes:
  Gomory: 27
  Cover: 221
  Clique: 6
  MIR: 108
  Zero half: 1

Explored 39 nodes (13073 simplex iterations) in 2.13 seconds
Thread count was 16 (of 16 available processors)

Optimal solution found (tolerance 1.00e-02)
Best objective -1.262750000000e+03, best bound -1.275350000000e+03, gap 0.9978%
Changed value of parameter MIPGap to 0.01
   Prev: 0.0001  Min: 0.0  Max: 1e+100  Default: 0.0001
Changed value of parameter TimeLimit to 1800.0
   Prev: 1e+100  Min: 0.0  Max: 1e+100  Default: 1e+100
Changed value of parameter Method to 2
   Prev: -1  Min: -1  Max: 4  Default: -1
Changed value of parameter MIPFocus to 1
   Prev: 0  Min: 0  Max: 3  Default: 0
Optimize a model with 2574 rows, 7959 columns and 15918 nonzeros
Coefficient statistics:
  Matrix range    [1e+00, 4e+01]
  Objective range [1e+00, 3e+00]
  Bounds range    [1e+00, 1e+00]
  RHS range       [8e+01, 8e+01]
Found heuristic solution: objective 0
Presolve removed 35 rows and 116 columns
Presolve time: 0.05s
Presolved: 2539 rows, 7843 columns, 15686 nonzeros
Variable types: 0 continuous, 7843 integer (7843 binary)
Optimize a model with 2539 rows, 7843 columns and 15686 nonzeros
Coefficient statistics:
  Matrix range    [1e+00, 4e+01]
  Objective range [1e+00, 3e+00]
  Bounds range    [1e+00, 1e+00]
  RHS range       [1e+00, 8e+01]
Presolved: 2539 rows, 7843 columns, 15686 nonzeros

Root barrier log...

Ordering time: 0.00s

Barrier statistics:
 AA' NZ     : 7.843e+03
 Factor NZ  : 4.484e+04 (roughly 5 MBytes of memory)
 Factor Ops : 3.796e+06 (less than 1 second per iteration)
 Threads    : 1

                  Objective                Residual
Iter       Primal          Dual         Primal    Dual     Compl     Time
   0  -5.58450658e+03 -1.43808069e+04  1.75e+01 3.74e-01  4.60e+00     0s
   1  -2.04704356e+03 -9.74289003e+03  2.64e+00 1.78e-15  8.90e-01     0s
   2  -1.49623777e+03 -3.39306826e+03  2.22e-01 1.33e-15  1.33e-01     0s
   3  -1.49285972e+03 -1.71517467e+03  1.70e-02 4.88e-15  1.44e-02     0s
   4  -1.51087497e+03 -1.53901201e+03  4.07e-03 3.55e-15  1.87e-03     0s
   5  -1.51413625e+03 -1.52579664e+03  1.96e-03 8.88e-16  7.82e-04     0s
   6  -1.51526818e+03 -1.52053523e+03  1.21e-03 2.13e-14  3.62e-04     0s
   7  -1.51679511e+03 -1.51756075e+03  1.85e-04 1.78e-15  5.29e-05     0s
   8  -1.51709047e+03 -1.51709433e+03  6.69e-14 1.33e-15  2.41e-07     0s
   9  -1.51709096e+03 -1.51709096e+03  3.06e-14 8.88e-16  2.41e-10     0s

Barrier solved model in 9 iterations and 0.14 seconds
Optimal objective -1.51709096e+03


Root relaxation: objective -1.517091e+03, 5759 iterations, 0.11 seconds

    Nodes    |    Current Node    |     Objective Bounds      |     Work
 Expl Unexpl |  Obj  Depth IntInf | Incumbent    BestBd   Gap | It/Node Time

     0     0 -1517.0910    0  279    0.00000 -1517.0910      -     -    0s
H    0     0                    -1405.200000 -1517.0910  7.96%     -    0s
H    0     0                    -1414.200000 -1517.0910  7.28%     -    0s
H    0     0                    -1421.400000 -1517.0910  6.73%     -    0s
H    0     0                    -1423.200000 -1517.0910  6.60%     -    0s
     0     0 -1509.9887    0  415 -1423.2000 -1509.9887  6.10%     -    0s
H    0     0                    -1457.400000 -1509.9887  3.61%     -    0s
     0     0 -1503.0342    0  408 -1457.4000 -1503.0342  3.13%     -    0s
     0     0 -1495.1407    0  349 -1457.4000 -1495.1407  2.59%     -    0s
H    0     0                    -1464.000000 -1495.1407  2.13%     -    0s
     0     0 -1490.1242    0  274 -1464.0000 -1490.1242  1.78%     -    0s
     0     0 -1488.6974    0  279 -1464.0000 -1488.6974  1.69%     -    0s
H    0     0                    -1465.200000 -1488.6974  1.60%     -    0s
     0     0 -1488.5152    0  304 -1465.2000 -1488.5152  1.59%     -    0s
     0     0 -1488.4786    0  288 -1465.2000 -1488.4786  1.59%     -    1s
     0     0 -1488.4476    0  269 -1465.2000 -1488.4476  1.59%     -    1s
     0     0 -1488.4476    0  129 -1465.2000 -1488.4476  1.59%     -    1s
H    0     0                    -1467.000000 -1488.4476  1.46%     -    1s
     0     2 -1488.4476    0  123 -1467.0000 -1488.4476  1.46%     -    1s
H   28    32                    -1468.900000 -1488.3671  1.33%  42.5    2s
H   40    44                    -1469.500000 -1488.2577  1.28%  35.3    2s
H  112   114                    -1470.700000 -1488.2577  1.19%  18.2    2s
H  148   148                    -1471.900000 -1488.2577  1.11%  15.8    2s
H  204   203                    -1473.100000 -1488.2577  1.03%  13.9    3s
H  472   466                    -1473.800000 -1488.2577  0.98%  10.3    4s

Cutting planes:
  Gomory: 25
  Cover: 197
  Clique: 2
  MIR: 72

Explored 474 nodes (17250 simplex iterations) in 4.89 seconds
Thread count was 16 (of 16 available processors)

Optimal solution found (tolerance 1.00e-02)
Best objective -1.473800000000e+03, best bound -1.488200000000e+03, gap 0.9771%
Changed value of parameter MIPGap to 0.01
   Prev: 0.0001  Min: 0.0  Max: 1e+100  Default: 0.0001
Changed value of parameter TimeLimit to 1800.0
   Prev: 1e+100  Min: 0.0  Max: 1e+100  Default: 1e+100
Changed value of parameter Method to 2
   Prev: -1  Min: -1  Max: 4  Default: -1
Changed value of parameter MIPFocus to 1
   Prev: 0  Min: 0  Max: 3  Default: 0
Optimize a model with 2574 rows, 7959 columns and 15918 nonzeros
Coefficient statistics:
  Matrix range    [1e+00, 4e+01]
  Objective range [1e+00, 5e+00]
  Bounds range    [1e+00, 1e+00]
  RHS range       [8e+01, 8e+01]
Found heuristic solution: objective 0
Presolve removed 35 rows and 116 columns
Presolve time: 0.05s
Presolved: 2539 rows, 7843 columns, 15686 nonzeros
Variable types: 0 continuous, 7843 integer (7843 binary)
Optimize a model with 2539 rows, 7843 columns and 15686 nonzeros
Coefficient statistics:
  Matrix range    [1e+00, 4e+01]
  Objective range [1e+00, 5e+00]
  Bounds range    [1e+00, 1e+00]
  RHS range       [1e+00, 8e+01]
Presolved: 2539 rows, 7843 columns, 15686 nonzeros

Root barrier log...

Ordering time: 0.00s

Barrier statistics:
 AA' NZ     : 7.843e+03
 Factor NZ  : 4.484e+04 (roughly 5 MBytes of memory)
 Factor Ops : 3.796e+06 (less than 1 second per iteration)
 Threads    : 1

                  Objective                Residual
Iter       Primal          Dual         Primal    Dual     Compl     Time
   0  -7.39792644e+03 -2.37320050e+04  1.75e+01 5.27e-01  7.77e+00     0s
   1  -2.72475197e+03 -1.58592315e+04  2.86e+00 2.66e-15  1.55e+00     0s
   2  -1.91583174e+03 -5.33739672e+03  2.21e-01 2.66e-15  2.37e-01     0s
   3  -1.91422153e+03 -2.27071163e+03  1.85e-02 7.99e-15  2.30e-02     0s
   4  -1.94709644e+03 -2.06721910e+03  5.77e-03 5.33e-15  7.72e-03     0s
   5  -1.95259523e+03 -1.98962841e+03  3.95e-03 5.33e-15  2.46e-03     0s
   6  -1.96078426e+03 -1.96816179e+03  1.12e-03 5.33e-15  5.01e-04     0s
   7  -1.96426816e+03 -1.96443804e+03  6.58e-14 6.22e-15  1.06e-05     0s
   8  -1.96429663e+03 -1.96429693e+03  6.76e-13 1.78e-15  1.88e-08     0s
   9  -1.96429670e+03 -1.96429670e+03  3.59e-13 1.78e-15  1.88e-11     0s

Barrier solved model in 9 iterations and 0.13 seconds
Optimal objective -1.96429670e+03


Root relaxation: objective -1.964297e+03, 5495 iterations, 0.11 seconds

    Nodes    |    Current Node    |     Objective Bounds      |     Work
 Expl Unexpl |  Obj  Depth IntInf | Incumbent    BestBd   Gap | It/Node Time

     0     0 -1964.2967    0  302    0.00000 -1964.2967      -     -    0s
H    0     0                    -1788.400000 -1964.2967  9.84%     -    0s
H    0     0                    -1801.200000 -1964.2967  9.05%     -    0s
H    0     0                    -1807.800000 -1964.2967  8.66%     -    0s
H    0     0                    -1808.200000 -1964.2967  8.63%     -    0s
     0     0 -1952.3865    0  443 -1808.2000 -1952.3865  7.97%     -    0s
H    0     0                    -1846.600000 -1952.3865  5.73%     -    0s
H    0     0                    -1877.400000 -1952.3865  3.99%     -    0s
     0     0 -1947.0059    0  433 -1877.4000 -1947.0059  3.71%     -    0s
     0     0 -1924.9479    0  334 -1877.4000 -1924.9479  2.53%     -    0s
H    0     0                    -1886.200000 -1924.9479  2.05%     -    0s
     0     0 -1917.1246    0  323 -1886.2000 -1917.1246  1.64%     -    0s
     0     0 -1914.8349    0  299 -1886.2000 -1914.8349  1.52%     -    0s
H    0     0                    -1888.800000 -1914.8349  1.38%     -    0s
     0     0 -1914.8349    0  335 -1888.8000 -1914.8349  1.38%     -    0s
     0     0 -1914.8349    0  314 -1888.8000 -1914.8349  1.38%     -    1s
     0     0 -1914.3404    0  326 -1888.8000 -1914.3404  1.35%     -    1s
     0     0 -1914.3404    0  138 -1888.8000 -1914.3404  1.35%     -    1s
     0     2 -1914.3404    0  133 -1888.8000 -1914.3404  1.35%     -    1s
H   29    35                    -1890.000000 -1914.1247  1.28%  52.6    2s
H   35    41                    -1891.200000 -1914.1247  1.21%  45.4    2s
H   68    71                    -1891.400000 -1914.0468  1.20%  31.8    2s
H  182   183                    -1892.800000 -1914.0468  1.12%  15.4    3s
H  394   377                    -1893.800000 -1914.0468  1.07%   9.1    3s
   939   802 -1895.7294  116  111 -1893.8000 -1914.0468  1.07%   6.3    5s
H 1120   933                    -1894.000000 -1914.0468  1.06%   6.0    6s
  2193  1855 -1911.7577   10  345 -1894.0000 -1914.0468  1.06%   5.0   10s
H 2194  1762                    -1895.200000 -1914.0468  0.99%   5.0   12s

Cutting planes:
  Gomory: 13
  Cover: 214
  Clique: 12
  MIR: 61
  Flow cover: 67

Explored 2194 nodes (32183 simplex iterations) in 12.67 seconds
Thread count was 16 (of 16 available processors)

Optimal solution found (tolerance 1.00e-02)
Best objective -1.895200000000e+03, best bound -1.914000000000e+03, gap 0.9920%
Changed value of parameter MIPGap to 0.01
   Prev: 0.0001  Min: 0.0  Max: 1e+100  Default: 0.0001
Changed value of parameter TimeLimit to 1800.0
   Prev: 1e+100  Min: 0.0  Max: 1e+100  Default: 1e+100
Changed value of parameter Method to 2
   Prev: -1  Min: -1  Max: 4  Default: -1
Changed value of parameter MIPFocus to 1
   Prev: 0  Min: 0  Max: 3  Default: 0
Optimize a model with 2574 rows, 7959 columns and 15918 nonzeros
Coefficient statistics:
  Matrix range    [1e+00, 4e+01]
  Objective range [1e+00, 9e+00]
  Bounds range    [1e+00, 1e+00]
  RHS range       [8e+01, 8e+01]
Found heuristic solution: objective 0
Presolve removed 35 rows and 116 columns
Presolve time: 0.05s
Presolved: 2539 rows, 7843 columns, 15686 nonzeros
Variable types: 0 continuous, 7843 integer (7843 binary)
Optimize a model with 2539 rows, 7843 columns and 15686 nonzeros
Coefficient statistics:
  Matrix range    [1e+00, 4e+01]
  Objective range [1e+00, 9e+00]
  Bounds range    [1e+00, 1e+00]
  RHS range       [1e+00, 8e+01]
Presolved: 2539 rows, 7843 columns, 15686 nonzeros

Root barrier log...

Ordering time: 0.00s

Barrier statistics:
 AA' NZ     : 7.843e+03
 Factor NZ  : 4.484e+04 (roughly 5 MBytes of memory)
 Factor Ops : 3.796e+06 (less than 1 second per iteration)
 Threads    : 1

                  Objective                Residual
Iter       Primal          Dual         Primal    Dual     Compl     Time
   0  -1.10245065e+04 -4.24344013e+04  1.75e+01 8.33e-01  1.41e+01     0s
   1  -4.08961677e+03 -2.81047351e+04  3.03e+00 4.88e-15  2.88e+00     0s
   2  -2.78846357e+03 -9.32651801e+03  2.23e-01 5.33e-15  4.50e-01     0s
   3  -2.77092667e+03 -3.39687103e+03  2.07e-02 1.24e-14  4.04e-02     0s
   4  -2.83008655e+03 -3.01558449e+03  5.64e-03 2.13e-14  1.19e-02     0s
   5  -2.83873060e+03 -2.95283299e+03  3.94e-03 1.07e-14  7.34e-03     0s
   6  -2.84769086e+03 -2.89404087e+03  2.26e-03 3.55e-15  3.02e-03     0s
   7  -2.85509657e+03 -2.86807789e+03  8.73e-04 1.07e-14  8.57e-04     0s
   8  -2.85857264e+03 -2.86007315e+03  2.10e-04 7.11e-15  1.05e-04     0s
   9  -2.85962772e+03 -2.85965562e+03  5.37e-07 7.11e-15  1.78e-06     0s
  10  -2.85963745e+03 -2.85963745e+03  2.73e-11 3.55e-15  4.40e-11     0s

Barrier solved model in 10 iterations and 0.14 seconds
Optimal objective -2.85963745e+03


Root relaxation: objective -2.859637e+03, 5756 iterations, 0.12 seconds

    Nodes    |    Current Node    |     Objective Bounds      |     Work
 Expl Unexpl |  Obj  Depth IntInf | Incumbent    BestBd   Gap | It/Node Time

     0     0 -2859.6374    0  274    0.00000 -2859.6374      -     -    0s
H    0     0                    -2536.800000 -2859.6374  12.7%     -    0s
H    0     0                    -2563.800000 -2859.6374  11.5%     -    0s
H    0     0                    -2609.400000 -2859.6374  9.59%     -    0s
H    0     0                    -2618.400000 -2859.6374  9.21%     -    0s
H    0     0                    -2631.600000 -2859.6374  8.67%     -    0s
     0     0 -2823.5931    0  386 -2631.6000 -2823.5931  7.30%     -    0s
H    0     0                    -2695.200000 -2823.5931  4.76%     -    0s
     0     0 -2820.3461    0  388 -2695.2000 -2820.3461  4.64%     -    0s
     0     0 -2791.5405    0  328 -2695.2000 -2791.5405  3.57%     -    0s
H    0     0                    -2695.800000 -2791.5405  3.55%     -    0s
     0     0 -2773.7226    0  287 -2695.8000 -2773.7226  2.89%     -    0s
     0     0 -2767.7106    0  283 -2695.8000 -2767.7106  2.67%     -    0s
H    0     0                    -2702.000000 -2767.7106  2.43%     -    0s
H    0     0                    -2730.800000 -2767.7106  1.35%     -    0s
     0     0 -2766.8676    0  295 -2730.8000 -2766.8676  1.32%     -    0s
     0     0 -2766.8676    0  294 -2730.8000 -2766.8676  1.32%     -    0s
H    0     0                    -2735.000000 -2766.8676  1.17%     -    1s
     0     0 -2766.8676    0  286 -2735.0000 -2766.8676  1.17%     -    1s
     0     0 -2766.8676    0  126 -2735.0000 -2766.8676  1.17%     -    1s
     0     2 -2766.8676    0  122 -2735.0000 -2766.8676  1.17%     -    1s
H   30    41                    -2736.800000 -2765.3550  1.04%  39.5    2s

Cutting planes:
  Gomory: 17
  Cover: 193
  Clique: 5
  MIR: 70

Explored 49 nodes (13622 simplex iterations) in 2.22 seconds
Thread count was 16 (of 16 available processors)

Optimal solution found (tolerance 1.00e-02)
Best objective -2.736800000000e+03, best bound -2.763600000000e+03, gap 0.9792%
Changed value of parameter MIPGap to 0.01
   Prev: 0.0001  Min: 0.0  Max: 1e+100  Default: 0.0001
Changed value of parameter TimeLimit to 1800.0
   Prev: 1e+100  Min: 0.0  Max: 1e+100  Default: 1e+100
Changed value of parameter Method to 2
   Prev: -1  Min: -1  Max: 4  Default: -1
Changed value of parameter MIPFocus to 1
   Prev: 0  Min: 0  Max: 3  Default: 0
Optimize a model with 2574 rows, 7959 columns and 15918 nonzeros
Coefficient statistics:
  Matrix range    [1e+00, 4e+01]
  Objective range [2e+00, 1e+01]
  Bounds range    [1e+00, 1e+00]
  RHS range       [8e+01, 8e+01]
Found heuristic solution: objective 0
Presolve removed 35 rows and 116 columns
Presolve time: 0.05s
Presolved: 2539 rows, 7843 columns, 15686 nonzeros
Variable types: 0 continuous, 7843 integer (7843 binary)
Optimize a model with 2539 rows, 7843 columns and 15686 nonzeros
Coefficient statistics:
  Matrix range    [1e+00, 4e+01]
  Objective range [2e+00, 1e+01]
  Bounds range    [1e+00, 1e+00]
  RHS range       [1e+00, 8e+01]
Presolved: 2539 rows, 7843 columns, 15686 nonzeros

Root barrier log...

Ordering time: 0.00s

Barrier statistics:
 AA' NZ     : 7.843e+03
 Factor NZ  : 4.484e+04 (roughly 5 MBytes of memory)
 Factor Ops : 3.796e+06 (less than 1 second per iteration)
 Threads    : 1

                  Objective                Residual
Iter       Primal          Dual         Primal    Dual     Compl     Time
   0  -1.28377619e+04 -5.17855994e+04  1.75e+01 9.86e-01  1.73e+01     0s
   1  -4.77265865e+03 -3.42293874e+04  3.07e+00 7.11e-15  3.55e+00     0s
   2  -3.22979099e+03 -1.13340677e+04  2.24e-01 3.55e-15  5.57e-01     0s
   3  -3.20317555e+03 -3.97422958e+03  2.17e-02 3.55e-14  4.98e-02     0s
   4  -3.27245599e+03 -3.49762022e+03  5.71e-03 2.66e-14  1.44e-02     0s
   5  -3.29038196e+03 -3.39281686e+03  2.83e-03 1.95e-14  6.58e-03     0s
   6  -3.30017809e+03 -3.34167640e+03  1.35e-03 1.42e-14  2.68e-03     0s
   7  -3.30804659e+03 -3.31909041e+03  1.62e-04 7.11e-15  7.00e-04     0s
   8  -3.30916286e+03 -3.31106770e+03  2.82e-05 3.55e-15  1.21e-04     0s
   9  -3.30944557e+03 -3.30945877e+03  7.17e-14 3.55e-15  8.25e-07     0s
  10  -3.30944692e+03 -3.30944692e+03  2.79e-14 3.55e-15  1.33e-12     0s

Barrier solved model in 10 iterations and 0.14 seconds
Optimal objective -3.30944692e+03


Root relaxation: objective -3.309447e+03, 5608 iterations, 0.12 seconds

    Nodes    |    Current Node    |     Objective Bounds      |     Work
 Expl Unexpl |  Obj  Depth IntInf | Incumbent    BestBd   Gap | It/Node Time

     0     0 -3309.4469    0  346    0.00000 -3309.4469      -     -    0s
H    0     0                    -2910.500000 -3309.4469  13.7%     -    0s
H    0     0                    -2957.500000 -3309.4469  11.9%     -    0s
H    0     0                    -2974.000000 -3309.4469  11.3%     -    0s
H    0     0                    -2995.000000 -3309.4469  10.5%     -    0s
     0     0 -3256.1836    0  432 -2995.0000 -3256.1836  8.72%     -    0s
H    0     0                    -3077.500000 -3256.1836  5.81%     -    0s
     0     0 -3253.5257    0  450 -3077.5000 -3253.5257  5.72%     -    0s
     0     0 -3213.5918    0  336 -3077.5000 -3213.5918  4.42%     -    0s
H    0     0                    -3109.500000 -3213.5918  3.35%     -    0s
     0     0 -3202.5982    0  337 -3109.5000 -3202.5982  2.99%     -    0s
     0     0 -3197.4706    0  291 -3109.5000 -3197.4706  2.83%     -    0s
H    0     0                    -3111.500000 -3197.4706  2.76%     -    0s
H    0     0                    -3142.000000 -3197.4706  1.77%     -    0s
     0     0 -3195.5920    0  335 -3142.0000 -3195.5920  1.71%     -    0s
     0     0 -3195.4183    0  325 -3142.0000 -3195.4183  1.70%     -    1s
H    0     0                    -3148.000000 -3195.4183  1.51%     -    1s
     0     0 -3195.1397    0  312 -3148.0000 -3195.1397  1.50%     -    1s
     0     0 -3195.1058    0  167 -3148.0000 -3195.1058  1.50%     -    1s
     0     2 -3195.1058    0  155 -3148.0000 -3195.1058  1.50%     -    1s
H   32    36                    -3153.000000 -3191.5442  1.22%  55.9    2s
H   34    37                    -3153.500000 -3191.5442  1.21%  54.1    2s
H   83    80                    -3156.500000 -3191.5442  1.11%  26.6    2s
H  115   112                    -3161.500000 -3191.5442  0.95%  20.3    2s

Cutting planes:
  Gomory: 14
  Cover: 223
  Clique: 3
  MIR: 89

Explored 118 nodes (13755 simplex iterations) in 2.89 seconds
Thread count was 16 (of 16 available processors)

Optimal solution found (tolerance 1.00e-02)
Best objective -3.161500000000e+03, best bound -3.191500000000e+03, gap 0.9489%
Changed value of parameter MIPGap to 0.01
   Prev: 0.0001  Min: 0.0  Max: 1e+100  Default: 0.0001
Changed value of parameter TimeLimit to 1800.0
   Prev: 1e+100  Min: 0.0  Max: 1e+100  Default: 1e+100
Changed value of parameter Method to 2
   Prev: -1  Min: -1  Max: 4  Default: -1
Changed value of parameter MIPFocus to 1
   Prev: 0  Min: 0  Max: 3  Default: 0
Optimize a model with 2574 rows, 7959 columns and 15918 nonzeros
Coefficient statistics:
  Matrix range    [1e+00, 4e+01]
  Objective range [2e+00, 2e+01]
  Bounds range    [1e+00, 1e+00]
  RHS range       [8e+01, 8e+01]
Found heuristic solution: objective 0
Presolve removed 35 rows and 116 columns
Presolve time: 0.05s
Presolved: 2539 rows, 7843 columns, 15686 nonzeros
Variable types: 0 continuous, 7843 integer (7843 binary)
Optimize a model with 2539 rows, 7843 columns and 15686 nonzeros
Coefficient statistics:
  Matrix range    [1e+00, 4e+01]
  Objective range [2e+00, 2e+01]
  Bounds range    [1e+00, 1e+00]
  RHS range       [1e+00, 8e+01]
Presolved: 2539 rows, 7843 columns, 15686 nonzeros

Root barrier log...

Ordering time: 0.00s

Barrier statistics:
 AA' NZ     : 7.843e+03
 Factor NZ  : 4.484e+04 (roughly 5 MBytes of memory)
 Factor Ops : 3.796e+06 (less than 1 second per iteration)
 Threads    : 1

                  Objective                Residual
Iter       Primal          Dual         Primal    Dual     Compl     Time
   0  -2.19039578e+04 -9.85415901e+04  1.75e+01 1.75e+00  3.31e+01     0s
   1  -8.18829678e+03 -6.48575221e+04  3.16e+00 1.07e-14  6.88e+00     0s
   2  -5.44877098e+03 -2.13929695e+04  2.22e-01 1.07e-14  1.09e+00     0s
   3  -5.38708087e+03 -6.92119693e+03  2.42e-02 2.84e-14  9.90e-02     0s
   4  -5.51622854e+03 -5.97542492e+03  3.44e-03 4.62e-14  2.91e-02     0s
   5  -5.54588674e+03 -5.72648408e+03  1.75e-03 1.07e-14  1.15e-02     0s
   6  -5.56242328e+03 -5.65410694e+03  8.94e-04 7.11e-15  5.82e-03     0s
   7  -5.57525990e+03 -5.60210352e+03  2.43e-04 1.78e-14  1.70e-03     0s
   8  -5.57947840e+03 -5.58656113e+03  4.26e-05 7.11e-15  4.47e-04     0s
   9  -5.58043949e+03 -5.58199717e+03  4.94e-06 7.11e-15  9.79e-05     0s
  10  -5.58059330e+03 -5.58105205e+03  4.59e-13 6.54e-15  2.87e-05     0s
  11  -5.58060254e+03 -5.58060315e+03  6.83e-14 7.11e-15  3.81e-08     0s
  12  -5.58060258e+03 -5.58060258e+03  5.80e-14 7.11e-15  3.81e-11     0s

Barrier solved model in 12 iterations and 0.16 seconds
Optimal objective -5.58060258e+03


Root relaxation: objective -5.580603e+03, 5434 iterations, 0.13 seconds

    Nodes    |    Current Node    |     Objective Bounds      |     Work
 Expl Unexpl |  Obj  Depth IntInf | Incumbent    BestBd   Gap | It/Node Time

     0     0 -5580.6026    0  305    0.00000 -5580.6026      -     -    0s
H    0     0                    -4796.000000 -5580.6026  16.4%     -    0s
H    0     0                    -4958.000000 -5580.6026  12.6%     -    0s
H    0     0                    -4965.000000 -5580.6026  12.4%     -    0s
H    0     0                    -4974.000000 -5580.6026  12.2%     -    0s
H    0     0                    -5007.000000 -5580.6026  11.5%     -    0s
     0     0 -5464.2186    0  415 -5007.0000 -5464.2186  9.13%     -    0s
H    0     0                    -5067.000000 -5464.2186  7.84%     -    0s
     0     0 -5421.4370    0  393 -5067.0000 -5421.4370  7.00%     -    0s
H    0     0                    -5088.000000 -5421.4370  6.55%     -    0s
     0     0 -5351.5060    0  311 -5088.0000 -5351.5060  5.18%     -    0s
H    0     0                    -5242.000000 -5351.5060  2.09%     -    0s
H    0     0                    -5263.000000 -5351.5060  1.68%     -    0s
     0     0 -5337.8452    0  328 -5263.0000 -5337.8452  1.42%     -    0s
     0     0 -5337.5891    0  375 -5263.0000 -5337.5891  1.42%     -    0s
H    0     0                    -5267.000000 -5337.5891  1.34%     -    0s
     0     0 -5337.0180    0  343 -5267.0000 -5337.0180  1.33%     -    0s
     0     0 -5337.0180    0  350 -5267.0000 -5337.0180  1.33%     -    0s
H    0     0                    -5271.000000 -5337.0180  1.25%     -    1s
     0     0 -5336.6634    0  349 -5271.0000 -5336.6634  1.25%     -    1s
     0     0 -5336.6634    0  177 -5271.0000 -5336.6634  1.25%     -    1s
H    0     0                    -5275.000000 -5336.6634  1.17%     -    1s
     0     2 -5336.6634    0  161 -5275.0000 -5336.6634  1.17%     -    1s
H   30    35                    -5287.000000 -5335.4553  0.92%  62.3    2s

Cutting planes:
  Gomory: 19
  Cover: 220
  Clique: 6
  MIR: 72

Explored 35 nodes (14405 simplex iterations) in 2.10 seconds
Thread count was 16 (of 16 available processors)

Optimal solution found (tolerance 1.00e-02)
Best objective -5.287000000000e+03, best bound -5.335000000000e+03, gap 0.9079%
Changed value of parameter MIPGap to 0.01
   Prev: 0.0001  Min: 0.0  Max: 1e+100  Default: 0.0001
Changed value of parameter TimeLimit to 1800.0
   Prev: 1e+100  Min: 0.0  Max: 1e+100  Default: 1e+100
Changed value of parameter Method to 2
   Prev: -1  Min: -1  Max: 4  Default: -1
Changed value of parameter MIPFocus to 1
   Prev: 0  Min: 0  Max: 3  Default: 0
Optimize a model with 2574 rows, 7959 columns and 15918 nonzeros
Coefficient statistics:
  Matrix range    [1e+00, 4e+01]
  Objective range [3e+00, 4e+01]
  Bounds range    [1e+00, 1e+00]
  RHS range       [8e+01, 8e+01]
Found heuristic solution: objective 0
Presolve removed 35 rows and 116 columns
Presolve time: 0.05s
Presolved: 2539 rows, 7843 columns, 15686 nonzeros
Variable types: 0 continuous, 7843 integer (7843 binary)
Optimize a model with 2539 rows, 7843 columns and 15686 nonzeros
Coefficient statistics:
  Matrix range    [1e+00, 4e+01]
  Objective range [3e+00, 4e+01]
  Bounds range    [1e+00, 1e+00]
  RHS range       [1e+00, 8e+01]
Presolved: 2539 rows, 7843 columns, 15686 nonzeros

Root barrier log...

Ordering time: 0.00s

Barrier statistics:
 AA' NZ     : 7.843e+03
 Factor NZ  : 4.484e+04 (roughly 5 MBytes of memory)
 Factor Ops : 3.796e+06 (less than 1 second per iteration)
 Threads    : 1

                  Objective                Residual
Iter       Primal          Dual         Primal    Dual     Compl     Time
   0  -4.00362610e+04 -1.92053571e+05  1.75e+01 3.28e+00  6.49e+01     0s
   1  -1.50196879e+04 -1.26118267e+05  3.21e+00 2.13e-14  1.36e+01     0s
   2  -9.90308754e+03 -4.15337739e+04  2.21e-01 1.60e-14  2.16e+00     0s
   3  -9.78618183e+03 -1.28265368e+04  2.54e-02 3.55e-14  1.96e-01     0s
   4  -1.00232129e+04 -1.09936725e+04  2.87e-03 2.13e-14  6.12e-02     0s
   5  -1.00791445e+04 -1.04519264e+04  1.55e-03 4.26e-14  2.36e-02     0s
   6  -1.01270754e+04 -1.02820714e+04  5.28e-04 4.97e-14  9.79e-03     0s
   7  -1.01490718e+04 -1.01606536e+04  4.74e-05 1.42e-14  7.33e-04     0s
   8  -1.01514514e+04 -1.01515396e+04  5.30e-07 1.42e-14  5.62e-06     0s
   9  -1.01515000e+04 -1.01515000e+04  1.12e-11 1.42e-14  5.63e-09     0s

Barrier solved model in 9 iterations and 0.14 seconds
Optimal objective -1.01515000e+04


Root relaxation: objective -1.015150e+04, 5766 iterations, 0.11 seconds

    Nodes    |    Current Node    |     Objective Bounds      |     Work
 Expl Unexpl |  Obj  Depth IntInf | Incumbent    BestBd   Gap | It/Node Time

     0     0 -10151.500    0  318    0.00000 -10151.500      -     -    0s
H    0     0                    -8573.000000 -10151.500  18.4%     -    0s
H    0     0                    -8693.000000 -10151.500  16.8%     -    0s
H    0     0                    -8834.000000 -10151.500  14.9%     -    0s
H    0     0                    -8940.000000 -10151.500  13.6%     -    0s
     0     0 -9782.0000    0  403 -8940.0000 -9782.0000  9.42%     -    0s
H    0     0                    -9186.000000 -9782.0000  6.49%     -    0s
     0     0 -9729.0000    0  340 -9186.0000 -9729.0000  5.91%     -    0s
     0     0 -9655.0143    0  297 -9186.0000 -9655.0143  5.11%     -    0s
H    0     0                    -9335.000000 -9655.0143  3.43%     -    0s
     0     0 -9619.4286    0  273 -9335.0000 -9619.4286  3.05%     -    0s
     0     0 -9619.4286    0  277 -9335.0000 -9619.4286  3.05%     -    0s
H    0     0                    -9352.000000 -9619.4286  2.86%     -    0s
     0     0 -9615.0627    0  296 -9352.0000 -9615.0627  2.81%     -    0s
     0     0 -9615.0627    0  284 -9352.0000 -9615.0627  2.81%     -    0s
H    0     0                    -9410.000000 -9615.0627  2.18%     -    0s
     0     0 -9615.0627    0  304 -9410.0000 -9615.0627  2.18%     -    0s
     0     0 -9615.0627    0  144 -9410.0000 -9615.0627  2.18%     -    1s
H    0     0                    -9452.000000 -9615.0627  1.73%     -    1s
H    0     2                    -9476.000000 -9615.0627  1.47%     -    1s
     0     2 -9615.0627    0  136 -9476.0000 -9615.0627  1.47%     -    1s
H    3     4                    -9488.000000 -9615.0627  1.34%   379    1s
H   27    40                    -9491.000000 -9612.7329  1.28%  59.1    1s
H   33    46                    -9493.000000 -9612.7329  1.26%  50.3    1s
H   77    78                    -9494.000000 -9612.7329  1.25%  29.6    2s
H   77    78                    -9527.000000 -9612.7329  0.90%  29.6    2s

Cutting planes:
  Gomory: 11
  Cover: 219
  Clique: 5
  MIR: 79

Explored 84 nodes (14783 simplex iterations) in 2.39 seconds
Thread count was 16 (of 16 available processors)

Optimal solution found (tolerance 1.00e-02)
Best objective -9.527000000000e+03, best bound -9.612000000000e+03, gap 0.8922%
Changed value of parameter MIPGap to 0.01
   Prev: 0.0001  Min: 0.0  Max: 1e+100  Default: 0.0001
Changed value of parameter TimeLimit to 1800.0
   Prev: 1e+100  Min: 0.0  Max: 1e+100  Default: 1e+100
Changed value of parameter Method to 2
   Prev: -1  Min: -1  Max: 4  Default: -1
Changed value of parameter MIPFocus to 1
   Prev: 0  Min: 0  Max: 3  Default: 0
Optimize a model with 2574 rows, 7959 columns and 15918 nonzeros
Coefficient statistics:
  Matrix range    [1e+00, 4e+01]
  Objective range [5e+00, 8e+01]
  Bounds range    [1e+00, 1e+00]
  RHS range       [8e+01, 8e+01]
Found heuristic solution: objective 0
Presolve removed 35 rows and 116 columns
Presolve time: 0.05s
Presolved: 2539 rows, 7843 columns, 15686 nonzeros
Variable types: 0 continuous, 7843 integer (7843 binary)
Optimize a model with 2539 rows, 7843 columns and 15686 nonzeros
Coefficient statistics:
  Matrix range    [1e+00, 4e+01]
  Objective range [5e+00, 8e+01]
  Bounds range    [1e+00, 1e+00]
  RHS range       [1e+00, 8e+01]
Presolved: 2539 rows, 7843 columns, 15686 nonzeros

Root barrier log...

Ordering time: 0.00s

Barrier statistics:
 AA' NZ     : 7.843e+03
 Factor NZ  : 4.484e+04 (roughly 5 MBytes of memory)
 Factor Ops : 3.796e+06 (less than 1 second per iteration)
 Threads    : 1

                  Objective                Residual
Iter       Primal          Dual         Primal    Dual     Compl     Time
   0  -7.63008198e+04 -3.79077534e+05  1.75e+01 6.45e+00  1.28e+02     0s
   1  -2.86824092e+04 -2.48640811e+05  3.23e+00 4.26e-14  2.69e+01     0s
   2  -1.88214058e+04 -8.18289577e+04  2.21e-01 2.84e-14  4.30e+00     0s
   3  -1.86025361e+04 -2.45892210e+04  2.56e-02 1.56e-13  3.86e-01     0s
   4  -1.90589194e+04 -2.08554631e+04  6.00e-03 1.56e-13  1.15e-01     0s
   5  -1.92104571e+04 -2.00244894e+04  2.84e-03 5.68e-14  5.19e-02     0s
   6  -1.92918062e+04 -1.96325749e+04  1.31e-03 2.84e-14  2.18e-02     0s
   7  -1.93355050e+04 -1.94695234e+04  5.34e-04 1.84e-14  8.57e-03     0s
   8  -1.93603562e+04 -1.93922450e+04  1.39e-04 7.11e-14  2.04e-03     0s
   9  -1.93688226e+04 -1.93745659e+04  1.66e-05 2.84e-14  3.65e-04     0s
  10  -1.93702267e+04 -1.93714058e+04  1.40e-06 2.84e-14  7.42e-05     0s
  11  -1.93703917e+04 -1.93704314e+04  4.60e-10 2.84e-14  2.48e-06     0s
  12  -1.93703932e+04 -1.93703933e+04  5.58e-14 2.84e-14  2.48e-09     0s

Barrier solved model in 12 iterations and 0.15 seconds
Optimal objective -1.93703932e+04


Root relaxation: objective -1.937039e+04, 5076 iterations, 0.13 seconds

    Nodes    |    Current Node    |     Objective Bounds      |     Work
 Expl Unexpl |  Obj  Depth IntInf | Incumbent    BestBd   Gap | It/Node Time

     0     0 -19370.393    0  318    0.00000 -19370.393      -     -    0s
H    0     0                    -16595.00000 -19370.393  16.7%     -    0s
H    0     0                    -17068.00000 -19370.393  13.5%     -    0s
H    0     0                    -17069.00000 -19370.393  13.5%     -    0s
     0     0 -18583.166    0  332 -17069.000 -18583.166  8.87%     -    0s
     0     0 -18559.340    0  353 -17069.000 -18559.340  8.73%     -    0s
H    0     0                    -17160.00000 -18559.340  8.15%     -    0s
     0     0 -18220.005    0  307 -17160.000 -18220.005  6.18%     -    0s
     0     0 -18214.847    0  340 -17160.000 -18214.847  6.15%     -    0s
H    0     0                    -17206.00000 -18214.847  5.86%     -    0s
     0     0 -18207.814    0  322 -17206.000 -18207.814  5.82%     -    0s
H    0     0                    -17526.00000 -18207.814  3.89%     -    0s
H    0     0                    -17654.00000 -18207.814  3.14%     -    0s
     0     0 -18207.265    0  365 -17654.000 -18207.265  3.13%     -    0s
     0     0 -18206.592    0  369 -17654.000 -18206.592  3.13%     -    0s
H    0     0                    -17768.00000 -18206.592  2.47%     -    0s
     0     0 -18206.089    0  367 -17768.000 -18206.089  2.47%     -    0s
     0     0 -18206.089    0  161 -17768.000 -18206.089  2.47%     -    1s
H    0     0                    -17914.00000 -18206.089  1.63%     -    1s
     0     2 -18206.089    0  161 -17914.000 -18206.089  1.63%     -    1s
H   27    32                    -17919.00000 -18206.089  1.60%  55.9    1s
H   30    35                    -17937.00000 -18206.089  1.50%  53.4    1s
H   61    59                    -17960.00000 -18204.119  1.36%  39.3    1s
H   65    65                    -17988.00000 -18204.119  1.20%  39.7    1s
H  100    99                    -17991.00000 -18204.119  1.18%  33.3    2s
H  113   110                    -18032.00000 -18204.119  0.95%  31.4    2s

Cutting planes:
  Gomory: 13
  Cover: 200
  Clique: 9
  MIR: 76

Explored 122 nodes (16434 simplex iterations) in 2.31 seconds
Thread count was 16 (of 16 available processors)

Optimal solution found (tolerance 1.00e-02)
Best objective -1.803200000000e+04, best bound -1.820400000000e+04, gap 0.9539%
Changed value of parameter MIPGap to 0.01
   Prev: 0.0001  Min: 0.0  Max: 1e+100  Default: 0.0001
Changed value of parameter TimeLimit to 1800.0
   Prev: 1e+100  Min: 0.0  Max: 1e+100  Default: 1e+100
Changed value of parameter Method to 2
   Prev: -1  Min: -1  Max: 4  Default: -1
Changed value of parameter MIPFocus to 1
   Prev: 0  Min: 0  Max: 3  Default: 0
Optimize a model with 2574 rows, 7959 columns and 15918 nonzeros
Coefficient statistics:
  Matrix range    [1e+00, 4e+01]
  Objective range [6e+00, 1e+02]
  Bounds range    [1e+00, 1e+00]
  RHS range       [8e+01, 8e+01]
Found heuristic solution: objective 0
Presolve removed 35 rows and 116 columns
Presolve time: 0.05s
Presolved: 2539 rows, 7843 columns, 15686 nonzeros
Variable types: 0 continuous, 7843 integer (7843 binary)
Optimize a model with 2539 rows, 7843 columns and 15686 nonzeros
Coefficient statistics:
  Matrix range    [1e+00, 4e+01]
  Objective range [6e+00, 1e+02]
  Bounds range    [1e+00, 1e+00]
  RHS range       [1e+00, 8e+01]
Presolved: 2539 rows, 7843 columns, 15686 nonzeros

Root barrier log...

Ordering time: 0.00s

Barrier statistics:
 AA' NZ     : 7.843e+03
 Factor NZ  : 4.484e+04 (roughly 5 MBytes of memory)
 Factor Ops : 3.796e+06 (less than 1 second per iteration)
 Threads    : 1

                  Objective                Residual
Iter       Primal          Dual         Primal    Dual     Compl     Time
   0  -9.44330942e+04 -4.72589516e+05  1.75e+01 8.04e+00  1.60e+02     0s
   1  -3.55136775e+04 -3.09902404e+05  3.24e+00 6.39e-14  3.36e+01     0s
   2  -2.32815869e+04 -1.01978137e+05  2.20e-01 2.84e-14  5.37e+00     0s
   3  -2.30126378e+04 -3.04698816e+04  2.55e-02 4.41e-13  4.81e-01     0s
   4  -2.35880819e+04 -2.58388017e+04  5.98e-03 2.70e-13  1.44e-01     0s
   5  -2.37684634e+04 -2.47652746e+04  3.06e-03 9.95e-14  6.37e-02     0s
   6  -2.38915978e+04 -2.42652282e+04  1.20e-03 5.68e-14  2.39e-02     0s
   7  -2.39523001e+04 -2.40846255e+04  3.71e-04 2.84e-14  8.44e-03     0s
   8  -2.39789245e+04 -2.39948993e+04  5.14e-05 5.68e-14  1.02e-03     0s
   9  -2.39830679e+04 -2.39896160e+04  7.41e-06 2.84e-14  4.13e-04     0s
  10  -2.39838842e+04 -2.39860236e+04  1.73e-06 1.68e-14  1.35e-04     0s
  11  -2.39842077e+04 -2.39843834e+04  2.92e-09 2.84e-14  1.10e-05     0s
  12  -2.39842150e+04 -2.39842152e+04  2.86e-13 2.84e-14  1.18e-08     0s
  13  -2.39842150e+04 -2.39842150e+04  4.37e-13 2.84e-14  1.34e-13     0s

Barrier solved model in 13 iterations and 0.16 seconds
Optimal objective -2.39842150e+04


Root relaxation: objective -2.398422e+04, 4957 iterations, 0.14 seconds

    Nodes    |    Current Node    |     Objective Bounds      |     Work
 Expl Unexpl |  Obj  Depth IntInf | Incumbent    BestBd   Gap | It/Node Time

     0     0 -23984.215    0  320    0.00000 -23984.215      -     -    0s
H    0     0                    -20517.00000 -23984.215  16.9%     -    0s
H    0     0                    -20944.00000 -23984.215  14.5%     -    0s
H    0     0                    -21137.00000 -23984.215  13.5%     -    0s
H    0     0                    -21678.00000 -23984.215  10.6%     -    0s
H    0     0                    -21685.00000 -23984.215  10.6%     -    0s
     0     0 -23184.332    0  375 -21685.000 -23184.332  6.91%     -    0s
     0     0 -23099.728    0  399 -21685.000 -23099.728  6.52%     -    0s
H    0     0                    -21780.00000 -23099.728  6.06%     -    0s
     0     0 -22560.874    0  317 -21780.000 -22560.874  3.59%     -    0s
     0     0 -22526.240    0  330 -21780.000 -22526.240  3.43%     -    0s
     0     0 -22500.418    0  321 -21780.000 -22500.418  3.31%     -    0s
H    0     0                    -22098.00000 -22500.418  1.82%     -    0s
H    0     0                    -22198.00000 -22500.418  1.36%     -    0s
     0     0 -22500.418    0  388 -22198.000 -22500.418  1.36%     -    0s
     0     0 -22500.418    0  364 -22198.000 -22500.418  1.36%     -    1s
     0     0 -22500.418    0  376 -22198.000 -22500.418  1.36%     -    1s
     0     0 -22500.418    0  161 -22198.000 -22500.418  1.36%     -    1s
     0     2 -22500.418    0  149 -22198.000 -22500.418  1.36%     -    1s
H   23    28                    -22262.00000 -22487.830  1.01%   127    2s

Cutting planes:
  Gomory: 10
  Cover: 226
  Clique: 7
  MIR: 91

Explored 31 nodes (15934 simplex iterations) in 2.49 seconds
Thread count was 16 (of 16 available processors)

Optimal solution found (tolerance 1.00e-02)
Best objective -2.226200000000e+04, best bound -2.247000000000e+04, gap 0.9343%
Changed value of parameter MIPGap to 0.01
   Prev: 0.0001  Min: 0.0  Max: 1e+100  Default: 0.0001
Changed value of parameter TimeLimit to 1800.0
   Prev: 1e+100  Min: 0.0  Max: 1e+100  Default: 1e+100
Changed value of parameter Method to 2
   Prev: -1  Min: -1  Max: 4  Default: -1
Changed value of parameter MIPFocus to 1
   Prev: 0  Min: 0  Max: 3  Default: 0
Optimize a model with 2574 rows, 7959 columns and 15918 nonzeros
Coefficient statistics:
  Matrix range    [1e+00, 4e+01]
  Objective range [1e+01, 2e+02]
  Bounds range    [1e+00, 1e+00]
  RHS range       [8e+01, 8e+01]
Found heuristic solution: objective 0
Presolve removed 35 rows and 116 columns
Presolve time: 0.05s
Presolved: 2539 rows, 7843 columns, 15686 nonzeros
Variable types: 0 continuous, 7843 integer (7843 binary)
Optimize a model with 2539 rows, 7843 columns and 15686 nonzeros
Coefficient statistics:
  Matrix range    [1e+00, 4e+01]
  Objective range [1e+01, 2e+02]
  Bounds range    [1e+00, 1e+00]
  RHS range       [1e+00, 8e+01]
Presolved: 2539 rows, 7843 columns, 15686 nonzeros

Root barrier log...

Ordering time: 0.00s

Barrier statistics:
 AA' NZ     : 7.843e+03
 Factor NZ  : 4.484e+04 (roughly 5 MBytes of memory)
 Factor Ops : 3.796e+06 (less than 1 second per iteration)
 Threads    : 1

                  Objective                Residual
Iter       Primal          Dual         Primal    Dual     Compl     Time
   0  -1.85094456e+05 -9.40149422e+05  1.75e+01 1.60e+01  3.19e+02     0s
   1  -6.96698118e+04 -6.16211025e+05  3.25e+00 1.14e-13  6.70e+01     0s
   2  -4.55846647e+04 -2.02726739e+05  2.20e-01 5.68e-14  1.07e+01     0s
   3  -4.50696704e+04 -5.98920561e+04  2.54e-02 4.26e-13  9.55e-01     0s
   4  -4.62696169e+04 -5.08221633e+04  5.61e-03 5.12e-13  2.90e-01     0s
   5  -4.66128853e+04 -4.86133696e+04  3.04e-03 1.14e-13  1.28e-01     0s
   6  -4.68599157e+04 -4.79613626e+04  1.30e-03 1.14e-13  7.00e-02     0s
   7  -4.69779195e+04 -4.74713204e+04  5.03e-04 1.14e-13  3.13e-02     0s
   8  -4.70446705e+04 -4.71919857e+04  1.42e-04 1.71e-13  9.33e-03     0s
   9  -4.70663284e+04 -4.71313275e+04  3.89e-05 8.53e-14  4.10e-03     0s
  10  -4.70712127e+04 -4.71149513e+04  1.91e-05 5.68e-14  2.75e-03     0s
  11  -4.70743688e+04 -4.71024891e+04  6.03e-06 5.68e-14  1.76e-03     0s
  12  -4.70758967e+04 -4.70781089e+04  1.53e-06 5.68e-14  1.40e-04     0s
  13  -4.70766106e+04 -4.70766376e+04  1.13e-09 5.68e-14  1.69e-06     0s
  14  -4.70766151e+04 -4.70766151e+04  1.09e-13 5.68e-14  1.69e-09     0s

Barrier solved model in 14 iterations and 0.17 seconds
Optimal objective -4.70766151e+04


Root relaxation: objective -4.707662e+04, 4935 iterations, 0.14 seconds

    Nodes    |    Current Node    |     Objective Bounds      |     Work
 Expl Unexpl |  Obj  Depth IntInf | Incumbent    BestBd   Gap | It/Node Time

     0     0 -47076.615    0  345    0.00000 -47076.615      -     -    0s
H    0     0                    -39182.00000 -47076.615  20.1%     -    0s
H    0     0                    -40209.00000 -47076.615  17.1%     -    0s
H    0     0                    -40309.00000 -47076.615  16.8%     -    0s
H    0     0                    -40466.00000 -47076.615  16.3%     -    0s
     0     0 -44783.530    0  349 -40466.000 -44783.530  10.7%     -    0s
     0     0 -44581.524    0  327 -40466.000 -44581.524  10.2%     -    0s
H    0     0                    -41299.00000 -44581.524  7.95%     -    0s
H    0     0                    -41485.00000 -44581.524  7.46%     -    0s
H    0     0                    -41577.00000 -44581.524  7.23%     -    0s
     0     0 -44076.055    0  314 -41577.000 -44076.055  6.01%     -    0s
     0     0 -44027.860    0  377 -41577.000 -44027.860  5.89%     -    0s
H    0     0                    -41621.00000 -44027.860  5.78%     -    0s
     0     0 -43980.389    0  383 -41621.000 -43980.389  5.67%     -    0s
     0     0 -43966.921    0  399 -41621.000 -43966.921  5.64%     -    0s
H    0     0                    -41822.00000 -43966.921  5.13%     -    0s
     0     0 -43966.921    0  427 -41822.000 -43966.921  5.13%     -    1s
     0     0 -43966.817    0  454 -41822.000 -43966.817  5.13%     -    1s
     0     0 -43966.817    0  149 -41822.000 -43966.817  5.13%     -    1s
H    0     0                    -43357.00000 -43966.817  1.41%     -    1s
H    0     0                    -43456.00000 -43966.817  1.18%     -    1s
     0     2 -43966.817    0  141 -43456.000 -43966.817  1.18%     -    1s
H    2     4                    -43478.00000 -43966.817  1.12%   264    1s
H   39    44                    -43511.00000 -43955.032  1.02%  43.5    2s
H   40    45                    -43522.00000 -43955.032  0.99%  43.0    2s
H   46    48                    -43591.00000 -43955.032  0.84%  39.7    2s

Cutting planes:
  Gomory: 9
  Cover: 215
  Clique: 8
  MIR: 103

Explored 48 nodes (13784 simplex iterations) in 2.04 seconds
Thread count was 16 (of 16 available processors)

Optimal solution found (tolerance 1.00e-02)
Best objective -4.359100000000e+04, best bound -4.395500000000e+04, gap 0.8350%
Changed value of parameter MIPGap to 0.01
   Prev: 0.0001  Min: 0.0  Max: 1e+100  Default: 0.0001
Changed value of parameter TimeLimit to 1800.0
   Prev: 1e+100  Min: 0.0  Max: 1e+100  Default: 1e+100
Changed value of parameter Method to 2
   Prev: -1  Min: -1  Max: 4  Default: -1
Changed value of parameter MIPFocus to 1
   Prev: 0  Min: 0  Max: 3  Default: 0
Optimize a model with 2574 rows, 7959 columns and 15918 nonzeros
Coefficient statistics:
  Matrix range    [1e+00, 4e+01]
  Objective range [2e+01, 4e+02]
  Bounds range    [1e+00, 1e+00]
  RHS range       [8e+01, 8e+01]
Found heuristic solution: objective 0
Presolve removed 35 rows and 116 columns
Presolve time: 0.05s
Presolved: 2539 rows, 7843 columns, 15686 nonzeros
Variable types: 0 continuous, 7843 integer (7843 binary)
Optimize a model with 2539 rows, 7843 columns and 15686 nonzeros
Coefficient statistics:
  Matrix range    [1e+00, 4e+01]
  Objective range [2e+01, 4e+02]
  Bounds range    [1e+00, 1e+00]
  RHS range       [1e+00, 8e+01]
Presolved: 2539 rows, 7843 columns, 15686 nonzeros

Root barrier log...

Ordering time: 0.00s

Barrier statistics:
 AA' NZ     : 7.843e+03
 Factor NZ  : 4.484e+04 (roughly 5 MBytes of memory)
 Factor Ops : 3.796e+06 (less than 1 second per iteration)
 Threads    : 1

                  Objective                Residual
Iter       Primal          Dual         Primal    Dual     Compl     Time
   0  -3.66417170e+05 -1.87526924e+06  1.75e+01 3.20e+01  6.36e+02     0s
   1  -1.37981861e+05 -1.22882894e+06  3.25e+00 1.99e-13  1.34e+02     0s
   2  -9.01896985e+04 -4.04152638e+05  2.20e-01 1.56e-13  2.14e+01     0s
   3  -8.91894105e+04 -1.18751166e+05  2.52e-02 1.19e-12  1.91e+00     0s
   4  -9.16612473e+04 -1.00766751e+05  5.34e-03 1.14e-12  5.79e-01     0s
   5  -9.23003279e+04 -9.61857111e+04  3.04e-03 3.98e-13  2.48e-01     0s
   6  -9.27939676e+04 -9.49592838e+04  1.40e-03 2.27e-13  1.38e-01     0s
   7  -9.30595720e+04 -9.41960848e+04  5.79e-04 1.71e-13  7.20e-02     0s
   8  -9.32505018e+04 -9.36439927e+04  3.07e-05 1.14e-13  2.46e-02     0s
   9  -9.32692976e+04 -9.33034301e+04  9.25e-06 1.71e-13  2.15e-03     0s
  10  -9.32767893e+04 -9.32922940e+04  3.59e-06 1.14e-13  9.77e-04     0s
  11  -9.32816799e+04 -9.32820597e+04  1.04e-07 1.14e-13  2.40e-05     0s
  12  -9.32818509e+04 -9.32818513e+04  4.86e-13 1.14e-13  2.40e-08     0s
  13  -9.32818511e+04 -9.32818511e+04  6.83e-13 1.14e-13  5.93e-14     0s

Barrier solved model in 13 iterations and 0.16 seconds
Optimal objective -9.32818511e+04


Root relaxation: objective -9.328185e+04, 4735 iterations, 0.14 seconds

    Nodes    |    Current Node    |     Objective Bounds      |     Work
 Expl Unexpl |  Obj  Depth IntInf | Incumbent    BestBd   Gap | It/Node Time

     0     0 -93281.851    0  341    0.00000 -93281.851      -     -    0s
H    0     0                    -78526.00000 -93281.851  18.8%     -    0s
H    0     0                    -79687.00000 -93281.851  17.1%     -    0s
H    0     0                    -80680.00000 -93281.851  15.6%     -    0s
H    0     0                    -81305.00000 -93281.851  14.7%     -    0s
H    0     0                    -81629.00000 -93281.851  14.3%     -    0s
     0     0 -88976.241    0  371 -81629.000 -88976.241  9.00%     -    0s
H    0     0                    -83263.00000 -88976.241  6.86%     -    0s
     0     0 -88784.063    0  375 -83263.000 -88784.063  6.63%     -    0s
     0     0 -87308.210    0  296 -83263.000 -87308.210  4.86%     -    0s
H    0     0                    -85132.00000 -87308.210  2.56%     -    0s
H    0     0                    -85559.00000 -87308.210  2.04%     -    0s
     0     0 -86933.173    0  312 -85559.000 -86933.173  1.61%     -    0s
     0     0 -86914.499    0  325 -85559.000 -86914.499  1.58%     -    0s
H    0     0                    -85874.00000 -86914.499  1.21%     -    1s
     0     0 -86910.161    0  356 -85874.000 -86910.161  1.21%     -    1s
     0     0 -86910.161    0  395 -85874.000 -86910.161  1.21%     -    1s
H    0     0                    -85910.00000 -86910.161  1.16%     -    1s
     0     0 -86910.161    0  397 -85910.000 -86910.161  1.16%     -    1s
     0     0 -86906.584    0  150 -85910.000 -86906.584  1.16%     -    1s
H    0     0                    -85951.00000 -86906.584  1.11%     -    1s
     0     2 -86906.584    0  144 -85951.000 -86906.584  1.11%     -    2s
H   32    34                    -85988.00000 -86888.094  1.05%  51.9    2s
H   33    38                    -86191.00000 -86888.094  0.81%  51.4    2s

Cutting planes:
  Gomory: 10
  Cover: 227
  Clique: 4
  MIR: 79

Explored 41 nodes (13510 simplex iterations) in 2.62 seconds
Thread count was 16 (of 16 available processors)

Optimal solution found (tolerance 1.00e-02)
Best objective -8.619100000000e+04, best bound -8.688800000000e+04, gap 0.8087%
Changed value of parameter MIPGap to 0.01
   Prev: 0.0001  Min: 0.0  Max: 1e+100  Default: 0.0001
Changed value of parameter TimeLimit to 1800.0
   Prev: 1e+100  Min: 0.0  Max: 1e+100  Default: 1e+100
Changed value of parameter Method to 2
   Prev: -1  Min: -1  Max: 4  Default: -1
Changed value of parameter MIPFocus to 1
   Prev: 0  Min: 0  Max: 3  Default: 0
Optimize a model with 2574 rows, 7959 columns and 15918 nonzeros
Coefficient statistics:
  Matrix range    [1e+00, 4e+01]
  Objective range [5e+01, 1e+03]
  Bounds range    [1e+00, 1e+00]
  RHS range       [8e+01, 8e+01]
Found heuristic solution: objective 0
Presolve removed 35 rows and 116 columns
Presolve time: 0.05s
Presolved: 2539 rows, 7843 columns, 15686 nonzeros
Variable types: 0 continuous, 7843 integer (7843 binary)
Optimize a model with 2539 rows, 7843 columns and 15686 nonzeros
Coefficient statistics:
  Matrix range    [1e+00, 4e+01]
  Objective range [5e+01, 1e+03]
  Bounds range    [1e+00, 1e+00]
  RHS range       [1e+00, 8e+01]
Presolved: 2539 rows, 7843 columns, 15686 nonzeros

Root barrier log...

Ordering time: 0.00s

Barrier statistics:
 AA' NZ     : 7.843e+03
 Factor NZ  : 4.484e+04 (roughly 5 MBytes of memory)
 Factor Ops : 3.796e+06 (less than 1 second per iteration)
 Threads    : 1

                  Objective                Residual
Iter       Primal          Dual         Primal    Dual     Compl     Time
   0  -9.10385304e+05 -4.68062868e+06  1.75e+01 7.98e+01  1.59e+03     0s
   1  -3.42917825e+05 -3.06668321e+06  3.26e+00 5.12e-13  3.34e+02     0s
   2  -2.24013579e+05 -1.00854376e+06  2.20e-01 2.84e-13  5.35e+01     0s
   3  -2.21553556e+05 -2.95356623e+05  2.52e-02 3.07e-12  4.76e+00     0s
   4  -2.27645467e+05 -2.50886651e+05  5.84e-03 6.82e-13  1.48e+00     0s
   5  -2.29249189e+05 -2.39616489e+05  3.43e-03 6.82e-13  6.63e-01     0s
   6  -2.30531462e+05 -2.36224516e+05  1.66e-03 9.09e-13  3.63e-01     0s
   7  -2.31114066e+05 -2.34055606e+05  9.14e-04 5.68e-13  1.88e-01     0s
   8  -2.31757682e+05 -2.32821881e+05  1.16e-04 4.55e-13  6.70e-02     0s
   9  -2.31876582e+05 -2.32199627e+05  1.08e-05 3.41e-13  2.02e-02     0s
  10  -2.31893852e+05 -2.31977880e+05  3.04e-06 2.27e-13  5.27e-03     0s
  11  -2.31898511e+05 -2.31938310e+05  1.33e-06 2.27e-13  2.49e-03     0s
  12  -2.31902963e+05 -2.31903267e+05  4.32e-10 2.27e-13  1.90e-05     0s
  13  -2.31902991e+05 -2.31902991e+05  6.36e-13 2.27e-13  6.49e-10     0s

Barrier solved model in 13 iterations and 0.16 seconds
Optimal objective -2.31902991e+05


Root relaxation: objective -2.319030e+05, 4811 iterations, 0.13 seconds

    Nodes    |    Current Node    |     Objective Bounds      |     Work
 Expl Unexpl |  Obj  Depth IntInf | Incumbent    BestBd   Gap | It/Node Time

     0     0 -231902.99    0  320    0.00000 -231902.99      -     -    0s
H    0     0                    -195865.0000 -231902.99  18.4%     -    0s
H    0     0                    -199818.0000 -231902.99  16.1%     -    0s
H    0     0                    -203290.0000 -231902.99  14.1%     -    0s
H    0     0                    -207797.0000 -231902.99  11.6%     -    0s
H    0     0                    -208589.0000 -231902.99  11.2%     -    0s
     0     0 -222909.07    0  399 -208589.00 -222909.07  6.87%     -    0s
     0     0 -221073.04    0  381 -208589.00 -221073.04  5.98%     -    0s
H    0     0                    -209092.0000 -221073.04  5.73%     -    0s
     0     0 -216749.74    0  284 -209092.00 -216749.74  3.66%     -    0s
     0     0 -216263.04    0  308 -209092.00 -216263.04  3.43%     -    0s
H    0     0                    -209296.0000 -216263.04  3.33%     -    0s
H    0     0                    -209449.0000 -216263.04  3.25%     -    0s
H    0     0                    -209500.0000 -216263.04  3.23%     -    0s
     0     0 -215732.00    0  309 -209500.00 -215732.00  2.97%     -    0s
     0     0 -215705.72    0  350 -209500.00 -215705.72  2.96%     -    1s
     0     0 -215705.72    0  329 -209500.00 -215705.72  2.96%     -    1s
     0     0 -215705.72    0  327 -209500.00 -215705.72  2.96%     -    1s
     0     0 -215667.13    0  167 -209500.00 -215667.13  2.94%     -    1s
H    0     0                    -212812.0000 -215667.13  1.34%     -    1s
H    0     2                    -213220.0000 -215667.13  1.15%     -    1s
     0     2 -215667.13    0  164 -213220.00 -215667.13  1.15%     -    1s
H   31    35                    -213271.0000 -215667.13  1.12%  52.5    2s
H   38    40                    -213322.0000 -215658.05  1.10%  46.2    2s
H   68    66                    -213373.0000 -215658.05  1.07%  34.7    2s
H   83    84                    -213493.0000 -215658.05  1.01%  35.1    2s
H  113   111                    -213951.0000 -215658.05  0.80%  33.6    2s

Cutting planes:
  Gomory: 9
  Cover: 214
  Clique: 8
  MIR: 72

Explored 118 nodes (15945 simplex iterations) in 2.87 seconds
Thread count was 16 (of 16 available processors)

Optimal solution found (tolerance 1.00e-02)
Best objective -2.139510000000e+05, best bound -2.156580000000e+05, gap 0.7978%
Changed value of parameter MIPGap to 0.01
   Prev: 0.0001  Min: 0.0  Max: 1e+100  Default: 0.0001
Changed value of parameter TimeLimit to 1800.0
   Prev: 1e+100  Min: 0.0  Max: 1e+100  Default: 1e+100
Changed value of parameter Method to 2
   Prev: -1  Min: -1  Max: 4  Default: -1
Changed value of parameter MIPFocus to 1
   Prev: 0  Min: 0  Max: 3  Default: 0
Optimize a model with 2574 rows, 7959 columns and 15918 nonzeros
Coefficient statistics:
  Matrix range    [1e+00, 4e+01]
  Objective range [5e+02, 1e+04]
  Bounds range    [1e+00, 1e+00]
  RHS range       [8e+01, 8e+01]
Found heuristic solution: objective 0
Presolve removed 35 rows and 116 columns
Presolve time: 0.05s
Presolved: 2539 rows, 7843 columns, 15686 nonzeros
Variable types: 0 continuous, 7843 integer (7843 binary)
Optimize a model with 2539 rows, 7843 columns and 15686 nonzeros
Coefficient statistics:
  Matrix range    [1e+00, 4e+01]
  Objective range [5e+02, 1e+04]
  Bounds range    [1e+00, 1e+00]
  RHS range       [1e+00, 8e+01]
Presolved: 2539 rows, 7843 columns, 15686 nonzeros

Root barrier log...

Ordering time: 0.00s

Barrier statistics:
 AA' NZ     : 7.843e+03
 Factor NZ  : 4.484e+04 (roughly 5 MBytes of memory)
 Factor Ops : 3.796e+06 (less than 1 second per iteration)
 Threads    : 1

                  Objective                Residual
Iter       Primal          Dual         Primal    Dual     Compl     Time
   0  -9.06990729e+06 -4.67610203e+07  1.75e+01 7.97e+02  1.59e+04     0s
   1  -3.41695660e+06 -3.06344993e+07  3.26e+00 5.46e-12  3.34e+03     0s
   2  -2.23137787e+06 -1.00744187e+07  2.20e-01 5.46e-12  5.35e+02     0s
   3  -2.20703216e+06 -2.94447360e+06  2.51e-02 3.64e-11  4.75e+01     0s
   4  -2.26737605e+06 -2.50379112e+06  6.16e-03 1.82e-11  1.51e+01     0s
   5  -2.28359783e+06 -2.38819920e+06  3.67e-03 7.28e-12  6.70e+00     0s
   6  -2.29567458e+06 -2.35312669e+06  1.96e-03 9.09e-12  3.68e+00     0s
   7  -2.30323035e+06 -2.32951608e+06  9.57e-04 9.09e-12  1.68e+00     0s
   8  -2.30897440e+06 -2.31676063e+06  2.22e-04 3.64e-12  4.96e-01     0s
   9  -2.31058273e+06 -2.31280640e+06  6.04e-05 3.64e-12  1.42e-01     0s
  10  -2.31091642e+06 -2.31190902e+06  2.95e-05 1.82e-12  6.33e-02     0s
  11  -2.31122780e+06 -2.31140141e+06  2.02e-06 1.82e-12  1.09e-02     0s
  12  -2.31125444e+06 -2.31125462e+06  1.10e-13 3.64e-12  1.13e-05     0s
  13  -2.31125447e+06 -2.31125447e+06  1.71e-13 3.64e-12  1.52e-11     0s

Barrier solved model in 13 iterations and 0.16 seconds
Optimal objective -2.31125447e+06


Root relaxation: objective -2.311254e+06, 4626 iterations, 0.13 seconds

    Nodes    |    Current Node    |     Objective Bounds      |     Work
 Expl Unexpl |  Obj  Depth IntInf | Incumbent    BestBd   Gap | It/Node Time

     0     0 -2311254.5    0  371    0.00000 -2311254.5      -     -    0s
H    0     0                    -1907519.000 -2311254.5  21.2%     -    0s
H    0     0                    -1934029.000 -2311254.5  19.5%     -    0s
H    0     0                    -1954520.000 -2311254.5  18.3%     -    0s
H    0     0                    -2002020.000 -2311254.5  15.4%     -    0s
     0     0 -2187181.4    0  393 -2002020.0 -2187181.4  9.25%     -    0s
     0     0 -2187119.3    0  406 -2002020.0 -2187119.3  9.25%     -    0s
H    0     0                    -2006023.000 -2187119.3  9.03%     -    0s
H    0     0                    -2017019.000 -2187119.3  8.43%     -    0s
H    0     0                    -2023527.000 -2187119.3  8.08%     -    0s
     0     0 -2149426.9    0  301 -2023527.0 -2149426.9  6.22%     -    0s
H    0     0                    -2090526.000 -2149426.9  2.82%     -    0s
     0     0 -2148253.6    0  309 -2090526.0 -2148253.6  2.76%     -    0s
     0     0 -2148253.6    0  311 -2090526.0 -2148253.6  2.76%     -    0s
H    0     0                    -2103496.000 -2148253.6  2.13%     -    0s
H    0     0                    -2118506.000 -2148253.6  1.40%     -    1s
     0     0 -2147642.7    0  339 -2118506.0 -2147642.7  1.38%     -    1s
     0     0 -2147642.7    0  338 -2118506.0 -2147642.7  1.38%     -    1s
H    0     0                    -2121487.000 -2147642.7  1.23%     -    1s
H    0     0                    -2121988.000 -2147642.7  1.21%     -    1s
     0     0 -2147537.2    0  343 -2121988.0 -2147537.2  1.20%     -    1s
     0     0 -2147519.0    0  153 -2121988.0 -2147519.0  1.20%     -    1s
H    0     0                    -2127497.000 -2147519.0  0.94%     -    1s

Cutting planes:
  Gomory: 5
  Cover: 230
  Clique: 4
  MIR: 63

Explored 0 nodes (11818 simplex iterations) in 1.55 seconds
Thread count was 16 (of 16 available processors)

Optimal solution found (tolerance 1.00e-02)
Best objective -2.127497000000e+06, best bound -2.147518987285e+06, gap 0.9411%
