Changed value of parameter MIPGap to 0.01
   Prev: 0.0001  Min: 0.0  Max: 1e+100  Default: 0.0001
Changed value of parameter TimeLimit to 1800.0
   Prev: 1e+100  Min: 0.0  Max: 1e+100  Default: 1e+100
Changed value of parameter Method to 2
   Prev: -1  Min: -1  Max: 4  Default: -1
Changed value of parameter MIPFocus to 1
   Prev: 0  Min: 0  Max: 3  Default: 0
Optimize a model with 2498 rows, 7693 columns and 15386 nonzeros
Coefficient statistics:
  Matrix range    [1e+00, 4e+01]
  Objective range [1e+00, 1e+00]
  Bounds range    [1e+00, 1e+00]
  RHS range       [8e+01, 8e+01]
Found heuristic solution: objective 0
Presolve removed 83 rows and 296 columns
Presolve time: 0.12s
Presolved: 2415 rows, 7397 columns, 14794 nonzeros
Variable types: 0 continuous, 7397 integer (7397 binary)
Optimize a model with 2415 rows, 7397 columns and 14794 nonzeros
Coefficient statistics:
  Matrix range    [1e+00, 4e+01]
  Objective range [1e+00, 1e+00]
  Bounds range    [1e+00, 1e+00]
  RHS range       [1e+00, 8e+01]
Presolved: 2415 rows, 7397 columns, 14794 nonzeros

Root barrier log...

Ordering time: 0.00s

Barrier statistics:
 AA' NZ     : 7.397e+03
 Factor NZ  : 4.274e+04 (roughly 4 MBytes of memory)
 Factor Ops : 3.631e+06 (less than 1 second per iteration)
 Threads    : 1

                  Objective                Residual
Iter       Primal          Dual         Primal    Dual     Compl     Time
   0  -4.54081776e+03 -5.76085374e+03  4.69e+01 2.48e-01  2.17e+00     0s
   1  -1.62293947e+03 -4.79265997e+03  4.46e+00 6.66e-16  5.14e-01     0s
   2  -1.09398349e+03 -2.34320252e+03  4.79e-01 4.66e-15  1.01e-01     0s
   3  -1.03487198e+03 -1.20299172e+03  4.62e-02 2.22e-15  1.21e-02     0s
   4  -1.03399343e+03 -1.05947674e+03  1.04e-02 6.66e-16  1.87e-03     0s
   5  -1.03407791e+03 -1.04122275e+03  3.75e-03 4.44e-16  5.39e-04     0s
   6  -1.03400815e+03 -1.03491519e+03  6.09e-04 6.66e-16  7.08e-05     0s
   7  -1.03399856e+03 -1.03400203e+03  5.45e-13 8.88e-16  2.29e-07     0s
   8  -1.03400000e+03 -1.03400000e+03  8.77e-12 4.44e-16  2.29e-10     0s

Barrier solved model in 8 iterations and 0.28 seconds
Optimal objective -1.03400000e+03


Root relaxation: objective -1.034000e+03, 5450 iterations, 0.20 seconds

    Nodes    |    Current Node    |     Objective Bounds      |     Work
 Expl Unexpl |  Obj  Depth IntInf | Incumbent    BestBd   Gap | It/Node Time

     0     0 -1034.0000    0  185    0.00000 -1034.0000      -     -    0s
H    0     0                    -1002.000000 -1034.0000  3.19%     -    0s
H    0     0                    -1005.000000 -1034.0000  2.89%     -    0s
H    0     0                    -1015.000000 -1034.0000  1.87%     -    0s
     0     0 -1034.0000    0  296 -1015.0000 -1034.0000  1.87%     -    0s
H    0     0                    -1017.000000 -1034.0000  1.67%     -    0s
     0     0 -1028.8448    0  288 -1017.0000 -1028.8448  1.16%     -    0s
     0     0 -1027.0207    0  238 -1017.0000 -1027.0207  0.99%     -    0s

Cutting planes:
  Gomory: 33
  Cover: 128
  Clique: 1
  MIR: 54

Explored 0 nodes (8541 simplex iterations) in 0.80 seconds
Thread count was 16 (of 16 available processors)

Optimal solution found (tolerance 1.00e-02)
Best objective -1.017000000000e+03, best bound -1.027000000000e+03, gap 0.9833%
Changed value of parameter MIPGap to 0.01
   Prev: 0.0001  Min: 0.0  Max: 1e+100  Default: 0.0001
Changed value of parameter TimeLimit to 1800.0
   Prev: 1e+100  Min: 0.0  Max: 1e+100  Default: 1e+100
Changed value of parameter Method to 2
   Prev: -1  Min: -1  Max: 4  Default: -1
Changed value of parameter MIPFocus to 1
   Prev: 0  Min: 0  Max: 3  Default: 0
Optimize a model with 2498 rows, 7693 columns and 15386 nonzeros
Coefficient statistics:
  Matrix range    [1e+00, 4e+01]
  Objective range [1e+00, 1e+00]
  Bounds range    [1e+00, 1e+00]
  RHS range       [8e+01, 8e+01]
Found heuristic solution: objective 0
Presolve removed 83 rows and 296 columns
Presolve time: 0.05s
Presolved: 2415 rows, 7397 columns, 14794 nonzeros
Variable types: 0 continuous, 7397 integer (7397 binary)
Optimize a model with 2415 rows, 7397 columns and 14794 nonzeros
Coefficient statistics:
  Matrix range    [1e+00, 4e+01]
  Objective range [1e+00, 1e+00]
  Bounds range    [1e+00, 1e+00]
  RHS range       [1e+00, 8e+01]
Presolved: 2415 rows, 7397 columns, 14794 nonzeros

Root barrier log...

Ordering time: 0.00s

Barrier statistics:
 AA' NZ     : 7.397e+03
 Factor NZ  : 4.274e+04 (roughly 4 MBytes of memory)
 Factor Ops : 3.631e+06 (less than 1 second per iteration)
 Threads    : 1

                  Objective                Residual
Iter       Primal          Dual         Primal    Dual     Compl     Time
   0  -4.55147081e+03 -5.76530481e+03  4.69e+01 2.48e-01  2.17e+00     0s
   1  -1.62966191e+03 -4.79657045e+03  4.48e+00 4.44e-16  5.16e-01     0s
   2  -1.09704974e+03 -2.35034466e+03  4.84e-01 7.33e-15  1.02e-01     0s
   3  -1.03708981e+03 -1.20619211e+03  4.71e-02 2.66e-15  1.21e-02     0s
   4  -1.03613344e+03 -1.06222952e+03  1.05e-02 6.00e-15  1.91e-03     0s
   5  -1.03620799e+03 -1.04330219e+03  3.81e-03 4.44e-15  5.37e-04     0s
   6  -1.03613296e+03 -1.03700171e+03  6.07e-04 2.89e-15  6.82e-05     0s
   7  -1.03612263e+03 -1.03612592e+03  1.03e-12 1.33e-15  2.17e-07     0s
   8  -1.03612400e+03 -1.03612400e+03  1.07e-11 4.44e-16  2.17e-10     0s

Barrier solved model in 8 iterations and 0.12 seconds
Optimal objective -1.03612400e+03


Root relaxation: objective -1.036124e+03, 5452 iterations, 0.09 seconds

    Nodes    |    Current Node    |     Objective Bounds      |     Work
 Expl Unexpl |  Obj  Depth IntInf | Incumbent    BestBd   Gap | It/Node Time

     0     0 -1036.1240    0  230    0.00000 -1036.1240      -     -    0s
H    0     0                    -1007.877500 -1036.1240  2.80%     -    0s
H    0     0                    -1011.015500 -1036.1240  2.48%     -    0s
H    0     0                    -1018.992000 -1036.1240  1.68%     -    0s
H    0     0                    -1019.001500 -1036.1240  1.68%     -    0s
     0     0 -1035.8038    0  339 -1019.0015 -1035.8038  1.65%     -    0s
H    0     0                    -1020.002000 -1035.8038  1.55%     -    0s
     0     0 -1033.6464    0  300 -1020.0020 -1033.6464  1.34%     -    0s
     0     0 -1031.0480    0  305 -1020.0020 -1031.0480  1.08%     -    0s
H    0     0                    -1021.024000 -1031.0480  0.98%     -    0s

Cutting planes:
  Gomory: 16
  Cover: 122
  Clique: 3
  MIR: 47

Explored 0 nodes (8241 simplex iterations) in 0.60 seconds
Thread count was 16 (of 16 available processors)

Optimal solution found (tolerance 1.00e-02)
Best objective -1.021024000000e+03, best bound -1.031048039262e+03, gap 0.9818%
Changed value of parameter MIPGap to 0.01
   Prev: 0.0001  Min: 0.0  Max: 1e+100  Default: 0.0001
Changed value of parameter TimeLimit to 1800.0
   Prev: 1e+100  Min: 0.0  Max: 1e+100  Default: 1e+100
Changed value of parameter Method to 2
   Prev: -1  Min: -1  Max: 4  Default: -1
Changed value of parameter MIPFocus to 1
   Prev: 0  Min: 0  Max: 3  Default: 0
Optimize a model with 2498 rows, 7693 columns and 15386 nonzeros
Coefficient statistics:
  Matrix range    [1e+00, 4e+01]
  Objective range [1e+00, 1e+00]
  Bounds range    [1e+00, 1e+00]
  RHS range       [8e+01, 8e+01]
Found heuristic solution: objective 0
Presolve removed 83 rows and 296 columns
Presolve time: 0.05s
Presolved: 2415 rows, 7397 columns, 14794 nonzeros
Variable types: 0 continuous, 7397 integer (7397 binary)
Optimize a model with 2415 rows, 7397 columns and 14794 nonzeros
Coefficient statistics:
  Matrix range    [1e+00, 4e+01]
  Objective range [1e+00, 1e+00]
  Bounds range    [1e+00, 1e+00]
  RHS range       [1e+00, 8e+01]
Presolved: 2415 rows, 7397 columns, 14794 nonzeros

Root barrier log...

Ordering time: 0.00s

Barrier statistics:
 AA' NZ     : 7.397e+03
 Factor NZ  : 4.274e+04 (roughly 4 MBytes of memory)
 Factor Ops : 3.631e+06 (less than 1 second per iteration)
 Threads    : 1

                  Objective                Residual
Iter       Primal          Dual         Primal    Dual     Compl     Time
   0  -4.56212377e+03 -5.76975589e+03  4.69e+01 2.48e-01  2.17e+00     0s
   1  -1.63637041e+03 -4.80048202e+03  4.50e+00 6.66e-16  5.17e-01     0s
   2  -1.10011103e+03 -2.35743307e+03  4.89e-01 5.77e-15  1.02e-01     0s
   3  -1.03930357e+03 -1.20930096e+03  4.79e-02 2.89e-15  1.22e-02     0s
   4  -1.03827191e+03 -1.06497088e+03  1.05e-02 2.89e-15  1.95e-03     0s
   5  -1.03833760e+03 -1.04535998e+03  3.86e-03 2.66e-15  5.33e-04     0s
   6  -1.03825764e+03 -1.03909010e+03  6.03e-04 4.44e-16  6.58e-05     0s
   7  -1.03824670e+03 -1.03824981e+03  7.45e-13 3.33e-15  2.05e-07     0s
   8  -1.03824800e+03 -1.03824800e+03  6.93e-12 4.44e-16  2.05e-10     0s

Barrier solved model in 8 iterations and 0.12 seconds
Optimal objective -1.03824800e+03


Root relaxation: objective -1.038248e+03, 5422 iterations, 0.09 seconds

    Nodes    |    Current Node    |     Objective Bounds      |     Work
 Expl Unexpl |  Obj  Depth IntInf | Incumbent    BestBd   Gap | It/Node Time

     0     0 -1038.2480    0  176    0.00000 -1038.2480      -     -    0s
H    0     0                    -1008.785000 -1038.2480  2.92%     -    0s
H    0     0                    -1010.813000 -1038.2480  2.71%     -    0s
H    0     0                    -1013.849000 -1038.2480  2.41%     -    0s
     0     0 -1038.2480    0  307 -1013.8490 -1038.2480  2.41%     -    0s
H    0     0                    -1018.949000 -1038.2480  1.89%     -    0s
     0     0 -1032.3027    0  282 -1018.9490 -1032.3027  1.31%     -    0s
     0     0 -1031.8783    0  304 -1018.9490 -1031.8783  1.27%     -    0s
H    0     0                    -1021.017000 -1031.8783  1.06%     -    0s
     0     0 -1030.8939    0  246 -1021.0170 -1030.8939  0.97%     -    0s

Cutting planes:
  Gomory: 34
  Cover: 119
  Clique: 2
  MIR: 65

Explored 0 nodes (8808 simplex iterations) in 0.63 seconds
Thread count was 16 (of 16 available processors)

Optimal solution found (tolerance 1.00e-02)
Best objective -1.021017000000e+03, best bound -1.030893914110e+03, gap 0.9674%
Changed value of parameter MIPGap to 0.01
   Prev: 0.0001  Min: 0.0  Max: 1e+100  Default: 0.0001
Changed value of parameter TimeLimit to 1800.0
   Prev: 1e+100  Min: 0.0  Max: 1e+100  Default: 1e+100
Changed value of parameter Method to 2
   Prev: -1  Min: -1  Max: 4  Default: -1
Changed value of parameter MIPFocus to 1
   Prev: 0  Min: 0  Max: 3  Default: 0
Optimize a model with 2498 rows, 7693 columns and 15386 nonzeros
Coefficient statistics:
  Matrix range    [1e+00, 4e+01]
  Objective range [1e+00, 1e+00]
  Bounds range    [1e+00, 1e+00]
  RHS range       [8e+01, 8e+01]
Found heuristic solution: objective 0
Presolve removed 83 rows and 296 columns
Presolve time: 0.05s
Presolved: 2415 rows, 7397 columns, 14794 nonzeros
Variable types: 0 continuous, 7397 integer (7397 binary)
Optimize a model with 2415 rows, 7397 columns and 14794 nonzeros
Coefficient statistics:
  Matrix range    [1e+00, 4e+01]
  Objective range [1e+00, 1e+00]
  Bounds range    [1e+00, 1e+00]
  RHS range       [1e+00, 8e+01]
Presolved: 2415 rows, 7397 columns, 14794 nonzeros

Root barrier log...

Ordering time: 0.00s

Barrier statistics:
 AA' NZ     : 7.397e+03
 Factor NZ  : 4.274e+04 (roughly 4 MBytes of memory)
 Factor Ops : 3.631e+06 (less than 1 second per iteration)
 Threads    : 1

                  Objective                Residual
Iter       Primal          Dual         Primal    Dual     Compl     Time
   0  -4.58342945e+03 -5.77865804e+03  4.69e+01 2.49e-01  2.18e+00     0s
   1  -1.65865103e+03 -4.80851279e+03  4.47e+00 6.66e-16  5.19e-01     0s
   2  -1.10687062e+03 -2.36370993e+03  4.60e-01 7.04e-14  1.02e-01     0s
   3  -1.04415995e+03 -1.22012176e+03  4.49e-02 6.22e-15  1.27e-02     0s
   4  -1.04262845e+03 -1.06926602e+03  9.30e-03 1.11e-15  1.95e-03     0s
   5  -1.04264460e+03 -1.04856948e+03  3.52e-03 4.44e-16  4.62e-04     0s
   6  -1.04251441e+03 -1.04309394e+03  7.82e-04 6.66e-16  5.41e-05     0s
   7  -1.04249512e+03 -1.04250262e+03  1.66e-12 4.00e-15  4.95e-07     0s
   8  -1.04249600e+03 -1.04249601e+03  1.21e-11 6.66e-16  4.95e-10     0s

Barrier solved model in 8 iterations and 0.12 seconds
Optimal objective -1.04249600e+03


Root relaxation: objective -1.042496e+03, 5440 iterations, 0.09 seconds

    Nodes    |    Current Node    |     Objective Bounds      |     Work
 Expl Unexpl |  Obj  Depth IntInf | Incumbent    BestBd   Gap | It/Node Time

     0     0 -1042.4960    0  166    0.00000 -1042.4960      -     -    0s
H    0     0                    -1013.522000 -1042.4960  2.86%     -    0s
H    0     0                    -1017.052000 -1042.4960  2.50%     -    0s
H    0     0                    -1023.990000 -1042.4960  1.81%     -    0s
H    0     0                    -1024.954000 -1042.4960  1.71%     -    0s
     0     0 -1042.1662    0  271 -1024.9540 -1042.1662  1.68%     -    0s
H    0     0                    -1025.994000 -1042.1662  1.58%     -    0s
     0     0 -1038.5512    0  252 -1025.9940 -1038.5512  1.22%     -    0s
     0     0 -1036.0244    0  242 -1025.9940 -1036.0244  0.98%     -    0s

Cutting planes:
  Gomory: 22
  Cover: 116
  Clique: 1
  MIR: 49

Explored 0 nodes (9290 simplex iterations) in 0.52 seconds
Thread count was 16 (of 16 available processors)

Optimal solution found (tolerance 1.00e-02)
Best objective -1.025994000000e+03, best bound -1.036024359389e+03, gap 0.9776%
Changed value of parameter MIPGap to 0.01
   Prev: 0.0001  Min: 0.0  Max: 1e+100  Default: 0.0001
Changed value of parameter TimeLimit to 1800.0
   Prev: 1e+100  Min: 0.0  Max: 1e+100  Default: 1e+100
Changed value of parameter Method to 2
   Prev: -1  Min: -1  Max: 4  Default: -1
Changed value of parameter MIPFocus to 1
   Prev: 0  Min: 0  Max: 3  Default: 0
Optimize a model with 2498 rows, 7693 columns and 15386 nonzeros
Coefficient statistics:
  Matrix range    [1e+00, 4e+01]
  Objective range [1e+00, 1e+00]
  Bounds range    [1e+00, 1e+00]
  RHS range       [8e+01, 8e+01]
Found heuristic solution: objective 0
Presolve removed 83 rows and 296 columns
Presolve time: 0.05s
Presolved: 2415 rows, 7397 columns, 14794 nonzeros
Variable types: 0 continuous, 7397 integer (7397 binary)
Optimize a model with 2415 rows, 7397 columns and 14794 nonzeros
Coefficient statistics:
  Matrix range    [1e+00, 4e+01]
  Objective range [1e+00, 1e+00]
  Bounds range    [1e+00, 1e+00]
  RHS range       [1e+00, 8e+01]
Presolved: 2415 rows, 7397 columns, 14794 nonzeros

Root barrier log...

Ordering time: 0.00s

Barrier statistics:
 AA' NZ     : 7.397e+03
 Factor NZ  : 4.274e+04 (roughly 4 MBytes of memory)
 Factor Ops : 3.631e+06 (less than 1 second per iteration)
 Threads    : 1

                  Objective                Residual
Iter       Primal          Dual         Primal    Dual     Compl     Time
   0  -4.62603981e+03 -5.79646235e+03  4.69e+01 2.49e-01  2.18e+00     0s
   1  -1.67559427e+03 -4.82418405e+03  4.49e+00 5.55e-16  5.20e-01     0s
   2  -1.11784026e+03 -2.38136885e+03  4.76e-01 5.15e-14  1.03e-01     0s
   3  -1.05302561e+03 -1.22933752e+03  4.63e-02 4.88e-15  1.27e-02     0s
   4  -1.05133731e+03 -1.07661260e+03  1.09e-02 4.44e-15  1.89e-03     0s
   5  -1.05122362e+03 -1.05206132e+03  4.05e-03 1.55e-15  1.37e-04     0s
   6  -1.05100439e+03 -1.05112815e+03  3.37e-04 6.66e-16  1.50e-05     0s
   7  -1.05099159e+03 -1.05099248e+03  1.19e-12 2.66e-15  5.83e-08     0s
   8  -1.05099200e+03 -1.05099200e+03  8.07e-12 4.44e-16  5.83e-11     0s

Barrier solved model in 8 iterations and 0.12 seconds
Optimal objective -1.05099200e+03


Root relaxation: objective -1.050992e+03, 5299 iterations, 0.09 seconds

    Nodes    |    Current Node    |     Objective Bounds      |     Work
 Expl Unexpl |  Obj  Depth IntInf | Incumbent    BestBd   Gap | It/Node Time

     0     0 -1050.9920    0  229    0.00000 -1050.9920      -     -    0s
H    0     0                    -1013.564000 -1050.9920  3.69%     -    0s
H    0     0                    -1019.100000 -1050.9920  3.13%     -    0s
H    0     0                    -1031.876000 -1050.9920  1.85%     -    0s
     0     0 -1050.3072    0  339 -1031.8760 -1050.3072  1.79%     -    0s
H    0     0                    -1033.884000 -1050.3072  1.59%     -    0s
     0     0 -1047.5239    0  320 -1033.8840 -1047.5239  1.32%     -    0s
     0     0 -1046.2755    0  280 -1033.8840 -1046.2755  1.20%     -    0s
     0     0 -1045.1256    0  257 -1033.8840 -1045.1256  1.09%     -    0s
     0     0 -1044.5973    0  224 -1033.8840 -1044.5973  1.04%     -    0s
H    0     0                    -1037.140000 -1044.5973  0.72%     -    0s

Cutting planes:
  Gomory: 22
  Cover: 124
  Clique: 1
  MIR: 67

Explored 0 nodes (8235 simplex iterations) in 0.78 seconds
Thread count was 16 (of 16 available processors)

Optimal solution found (tolerance 1.00e-02)
Best objective -1.037140000000e+03, best bound -1.044597289147e+03, gap 0.7190%
Changed value of parameter MIPGap to 0.01
   Prev: 0.0001  Min: 0.0  Max: 1e+100  Default: 0.0001
Changed value of parameter TimeLimit to 1800.0
   Prev: 1e+100  Min: 0.0  Max: 1e+100  Default: 1e+100
Changed value of parameter Method to 2
   Prev: -1  Min: -1  Max: 4  Default: -1
Changed value of parameter MIPFocus to 1
   Prev: 0  Min: 0  Max: 3  Default: 0
Optimize a model with 2498 rows, 7693 columns and 15386 nonzeros
Coefficient statistics:
  Matrix range    [1e+00, 4e+01]
  Objective range [1e+00, 1e+00]
  Bounds range    [1e+00, 1e+00]
  RHS range       [8e+01, 8e+01]
Found heuristic solution: objective 0
Presolve removed 83 rows and 296 columns
Presolve time: 0.05s
Presolved: 2415 rows, 7397 columns, 14794 nonzeros
Variable types: 0 continuous, 7397 integer (7397 binary)
Optimize a model with 2415 rows, 7397 columns and 14794 nonzeros
Coefficient statistics:
  Matrix range    [1e+00, 4e+01]
  Objective range [1e+00, 1e+00]
  Bounds range    [1e+00, 1e+00]
  RHS range       [1e+00, 8e+01]
Presolved: 2415 rows, 7397 columns, 14794 nonzeros

Root barrier log...

Ordering time: 0.00s

Barrier statistics:
 AA' NZ     : 7.397e+03
 Factor NZ  : 4.274e+04 (roughly 4 MBytes of memory)
 Factor Ops : 3.631e+06 (less than 1 second per iteration)
 Threads    : 1

                  Objective                Residual
Iter       Primal          Dual         Primal    Dual     Compl     Time
   0  -4.64734450e+03 -5.80536450e+03  4.69e+01 2.49e-01  2.18e+00     0s
   1  -1.68409398e+03 -4.83202645e+03  4.50e+00 6.66e-16  5.21e-01     0s
   2  -1.12329024e+03 -2.39012693e+03  4.84e-01 7.31e-14  1.04e-01     0s
   3  -1.05713077e+03 -1.23362007e+03  4.58e-02 7.33e-15  1.27e-02     0s
   4  -1.05553209e+03 -1.08170747e+03  1.03e-02 8.88e-16  1.94e-03     0s
   5  -1.05545369e+03 -1.05632660e+03  3.97e-03 8.88e-16  1.38e-04     0s
   6  -1.05524958e+03 -1.05539575e+03  3.07e-04 1.11e-15  1.59e-05     0s
   7  -1.05523960e+03 -1.05524046e+03  8.13e-13 6.66e-16  5.65e-08     0s
   8  -1.05524000e+03 -1.05524000e+03  8.21e-12 6.66e-16  5.65e-11     0s

Barrier solved model in 8 iterations and 0.12 seconds
Optimal objective -1.05524000e+03


Root relaxation: objective -1.055240e+03, 5295 iterations, 0.09 seconds

    Nodes    |    Current Node    |     Objective Bounds      |     Work
 Expl Unexpl |  Obj  Depth IntInf | Incumbent    BestBd   Gap | It/Node Time

     0     0 -1055.2400    0  195    0.00000 -1055.2400      -     -    0s
H    0     0                    -1027.070000 -1055.2400  2.74%     -    0s
H    0     0                    -1030.250000 -1055.2400  2.43%     -    0s
H    0     0                    -1032.830000 -1055.2400  2.17%     -    0s
     0     0 -1054.7571    0  277 -1032.8300 -1054.7571  2.12%     -    0s
H    0     0                    -1035.940000 -1054.7571  1.82%     -    0s
     0     0 -1052.0027    0  250 -1035.9400 -1052.0027  1.55%     -    0s
     0     0 -1050.6253    0  278 -1035.9400 -1050.6253  1.42%     -    0s
H    0     0                    -1038.320000 -1050.6253  1.19%     -    0s
     0     0 -1048.0449    0  259 -1038.3200 -1048.0449  0.94%     -    0s

Cutting planes:
  Gomory: 30
  Cover: 107
  Clique: 2
  MIR: 64

Explored 0 nodes (8418 simplex iterations) in 0.60 seconds
Thread count was 16 (of 16 available processors)

Optimal solution found (tolerance 1.00e-02)
Best objective -1.038320000000e+03, best bound -1.048044905710e+03, gap 0.9366%
Changed value of parameter MIPGap to 0.01
   Prev: 0.0001  Min: 0.0  Max: 1e+100  Default: 0.0001
Changed value of parameter TimeLimit to 1800.0
   Prev: 1e+100  Min: 0.0  Max: 1e+100  Default: 1e+100
Changed value of parameter Method to 2
   Prev: -1  Min: -1  Max: 4  Default: -1
Changed value of parameter MIPFocus to 1
   Prev: 0  Min: 0  Max: 3  Default: 0
Optimize a model with 2498 rows, 7693 columns and 15386 nonzeros
Coefficient statistics:
  Matrix range    [1e+00, 4e+01]
  Objective range [1e+00, 1e+00]
  Bounds range    [1e+00, 1e+00]
  RHS range       [8e+01, 8e+01]
Found heuristic solution: objective 0
Presolve removed 83 rows and 296 columns
Presolve time: 0.05s
Presolved: 2415 rows, 7397 columns, 14794 nonzeros
Variable types: 0 continuous, 7397 integer (7397 binary)
Optimize a model with 2415 rows, 7397 columns and 14794 nonzeros
Coefficient statistics:
  Matrix range    [1e+00, 4e+01]
  Objective range [1e+00, 1e+00]
  Bounds range    [1e+00, 1e+00]
  RHS range       [1e+00, 8e+01]
Presolved: 2415 rows, 7397 columns, 14794 nonzeros

Root barrier log...

Ordering time: 0.00s

Barrier statistics:
 AA' NZ     : 7.397e+03
 Factor NZ  : 4.274e+04 (roughly 4 MBytes of memory)
 Factor Ops : 3.631e+06 (less than 1 second per iteration)
 Threads    : 1

                  Objective                Residual
Iter       Primal          Dual         Primal    Dual     Compl     Time
   0  -4.75386299e+03 -5.84987526e+03  4.69e+01 2.52e-01  2.19e+00     0s
   1  -1.72700398e+03 -4.87130811e+03  4.53e+00 6.66e-16  5.24e-01     0s
   2  -1.15019879e+03 -2.43411818e+03  5.20e-01 5.24e-14  1.06e-01     0s
   3  -1.07684564e+03 -1.28262412e+03  3.94e-02 5.33e-15  1.45e-02     0s
   4  -1.07639305e+03 -1.10893131e+03  7.65e-03 5.11e-15  2.31e-03     0s
   5  -1.07653993e+03 -1.07808266e+03  3.21e-03 6.66e-16  1.67e-04     0s
   6  -1.07647440e+03 -1.07680847e+03  1.39e-04 5.55e-15  2.49e-05     0s
   7  -1.07647969e+03 -1.07648057e+03  1.42e-12 3.33e-15  5.82e-08     0s
   8  -1.07648000e+03 -1.07648000e+03  2.81e-13 4.44e-16  5.82e-11     0s

Barrier solved model in 8 iterations and 0.11 seconds
Optimal objective -1.07648000e+03


Root relaxation: objective -1.076480e+03, 5318 iterations, 0.09 seconds

    Nodes    |    Current Node    |     Objective Bounds      |     Work
 Expl Unexpl |  Obj  Depth IntInf | Incumbent    BestBd   Gap | It/Node Time

     0     0 -1076.4800    0  219    0.00000 -1076.4800      -     -    0s
H    0     0                    -1035.500000 -1076.4800  3.96%     -    0s
H    0     0                    -1040.920000 -1076.4800  3.42%     -    0s
H    0     0                    -1053.360000 -1076.4800  2.19%     -    0s
     0     0 -1075.3122    0  318 -1053.3600 -1075.3122  2.08%     -    0s
H    0     0                    -1056.770000 -1075.3122  1.75%     -    0s
     0     0 -1070.5146    0  300 -1056.7700 -1070.5146  1.30%     -    0s
     0     0 -1068.8473    0  302 -1056.7700 -1068.8473  1.14%     -    0s
H    0     0                    -1059.570000 -1068.8473  0.88%     -    0s

Cutting planes:
  Gomory: 24
  Cover: 124
  Clique: 2
  MIR: 42

Explored 0 nodes (7935 simplex iterations) in 0.61 seconds
Thread count was 16 (of 16 available processors)

Optimal solution found (tolerance 1.00e-02)
Best objective -1.059570000000e+03, best bound -1.068840000000e+03, gap 0.8749%
Changed value of parameter MIPGap to 0.01
   Prev: 0.0001  Min: 0.0  Max: 1e+100  Default: 0.0001
Changed value of parameter TimeLimit to 1800.0
   Prev: 1e+100  Min: 0.0  Max: 1e+100  Default: 1e+100
Changed value of parameter Method to 2
   Prev: -1  Min: -1  Max: 4  Default: -1
Changed value of parameter MIPFocus to 1
   Prev: 0  Min: 0  Max: 3  Default: 0
Optimize a model with 2498 rows, 7693 columns and 15386 nonzeros
Coefficient statistics:
  Matrix range    [1e+00, 4e+01]
  Objective range [1e+00, 1e+00]
  Bounds range    [1e+00, 1e+00]
  RHS range       [8e+01, 8e+01]
Found heuristic solution: objective 0
Presolve removed 83 rows and 296 columns
Presolve time: 0.05s
Presolved: 2415 rows, 7397 columns, 14794 nonzeros
Variable types: 0 continuous, 7397 integer (7397 binary)
Optimize a model with 2415 rows, 7397 columns and 14794 nonzeros
Coefficient statistics:
  Matrix range    [1e+00, 4e+01]
  Objective range [1e+00, 1e+00]
  Bounds range    [1e+00, 1e+00]
  RHS range       [1e+00, 8e+01]
Presolved: 2415 rows, 7397 columns, 14794 nonzeros

Root barrier log...

Ordering time: 0.00s

Barrier statistics:
 AA' NZ     : 7.397e+03
 Factor NZ  : 4.274e+04 (roughly 4 MBytes of memory)
 Factor Ops : 3.631e+06 (less than 1 second per iteration)
 Threads    : 1

                  Objective                Residual
Iter       Primal          Dual         Primal    Dual     Compl     Time
   0  -4.96750728e+03 -6.61669337e+03  4.69e+01 2.95e-01  2.52e+00     0s
   1  -1.76620602e+03 -5.49718027e+03  4.35e+00 6.66e-16  5.89e-01     0s
   2  -1.19285488e+03 -2.63286784e+03  5.35e-01 1.07e-14  1.19e-01     0s
   3  -1.11709383e+03 -1.35130078e+03  3.79e-02 2.66e-15  1.63e-02     0s
   4  -1.11807147e+03 -1.16123075e+03  1.23e-02 8.88e-16  3.09e-03     0s
   5  -1.11881770e+03 -1.12124605e+03  3.97e-03 2.66e-15  2.37e-04     0s
   6  -1.11893596e+03 -1.11961906e+03  3.26e-04 8.88e-16  5.14e-05     0s
   7  -1.11896068e+03 -1.11899932e+03  4.07e-13 1.55e-15  2.55e-06     0s
   8  -1.11896246e+03 -1.11896989e+03  1.17e-13 4.44e-16  4.90e-07     0s
   9  -1.11896292e+03 -1.11896305e+03  4.42e-14 6.66e-16  8.57e-09     0s
  10  -1.11896293e+03 -1.11896293e+03  6.25e-14 6.66e-16  2.18e-14     0s

Barrier solved model in 10 iterations and 0.13 seconds
Optimal objective -1.11896293e+03


Root relaxation: objective -1.118963e+03, 4963 iterations, 0.10 seconds

    Nodes    |    Current Node    |     Objective Bounds      |     Work
 Expl Unexpl |  Obj  Depth IntInf | Incumbent    BestBd   Gap | It/Node Time

     0     0 -1118.9629    0  187    0.00000 -1118.9629      -     -    0s
H    0     0                    -1088.480000 -1118.9629  2.80%     -    0s
H    0     0                    -1089.880000 -1118.9629  2.67%     -    0s
H    0     0                    -1091.280000 -1118.9629  2.54%     -    0s
H    0     0                    -1091.520000 -1118.9629  2.51%     -    0s
     0     0 -1117.4255    0  242 -1091.5200 -1117.4255  2.37%     -    0s
H    0     0                    -1097.120000 -1117.4255  1.85%     -    0s
     0     0 -1114.1391    0  258 -1097.1200 -1114.1391  1.55%     -    0s
     0     0 -1111.7826    0  216 -1097.1200 -1111.7826  1.34%     -    0s
H    0     0                    -1100.020000 -1111.7826  1.07%     -    0s
     0     0 -1110.4337    0  191 -1100.0200 -1110.4337  0.95%     -    0s

Cutting planes:
  Gomory: 30
  Cover: 116
  Clique: 3
  MIR: 49

Explored 0 nodes (7944 simplex iterations) in 0.62 seconds
Thread count was 16 (of 16 available processors)

Optimal solution found (tolerance 1.00e-02)
Best objective -1.100020000000e+03, best bound -1.110420000000e+03, gap 0.9454%
Changed value of parameter MIPGap to 0.01
   Prev: 0.0001  Min: 0.0  Max: 1e+100  Default: 0.0001
Changed value of parameter TimeLimit to 1800.0
   Prev: 1e+100  Min: 0.0  Max: 1e+100  Default: 1e+100
Changed value of parameter Method to 2
   Prev: -1  Min: -1  Max: 4  Default: -1
Changed value of parameter MIPFocus to 1
   Prev: 0  Min: 0  Max: 3  Default: 0
Optimize a model with 2498 rows, 7693 columns and 15386 nonzeros
Coefficient statistics:
  Matrix range    [1e+00, 4e+01]
  Objective range [1e+00, 2e+00]
  Bounds range    [1e+00, 1e+00]
  RHS range       [8e+01, 8e+01]
Found heuristic solution: objective 0
Presolve removed 83 rows and 296 columns
Presolve time: 0.05s
Presolved: 2415 rows, 7397 columns, 14794 nonzeros
Variable types: 0 continuous, 7397 integer (7397 binary)
Optimize a model with 2415 rows, 7397 columns and 14794 nonzeros
Coefficient statistics:
  Matrix range    [1e+00, 4e+01]
  Objective range [1e+00, 2e+00]
  Bounds range    [1e+00, 1e+00]
  RHS range       [1e+00, 8e+01]
Presolved: 2415 rows, 7397 columns, 14794 nonzeros

Root barrier log...

Ordering time: 0.00s

Barrier statistics:
 AA' NZ     : 7.397e+03
 Factor NZ  : 4.274e+04 (roughly 4 MBytes of memory)
 Factor Ops : 3.631e+06 (less than 1 second per iteration)
 Threads    : 1

                  Objective                Residual
Iter       Primal          Dual         Primal    Dual     Compl     Time
   0  -5.39485360e+03 -8.33405058e+03  4.69e+01 3.84e-01  3.26e+00     0s
   1  -1.81741067e+03 -6.88782929e+03  3.81e+00 6.66e-16  7.15e-01     0s
   2  -1.26851058e+03 -3.00178811e+03  4.95e-01 9.33e-15  1.40e-01     0s
   3  -1.19704857e+03 -1.48818864e+03  3.13e-02 3.77e-15  2.00e-02     0s
   4  -1.20181686e+03 -1.25426189e+03  9.37e-03 1.33e-15  3.66e-03     0s
   5  -1.20374025e+03 -1.21457695e+03  2.59e-03 1.55e-15  7.70e-04     0s
   6  -1.20436471e+03 -1.20710931e+03  2.77e-05 1.11e-15  1.82e-04     0s
   7  -1.20443671e+03 -1.20445227e+03  2.73e-14 4.44e-16  1.03e-06     0s
   8  -1.20443805e+03 -1.20443806e+03  7.58e-14 6.66e-16  1.03e-09     0s
   9  -1.20443805e+03 -1.20443805e+03  4.97e-14 4.44e-16  1.03e-12     0s

Barrier solved model in 9 iterations and 0.12 seconds
Optimal objective -1.20443805e+03


Root relaxation: objective -1.204438e+03, 4863 iterations, 0.09 seconds

    Nodes    |    Current Node    |     Objective Bounds      |     Work
 Expl Unexpl |  Obj  Depth IntInf | Incumbent    BestBd   Gap | It/Node Time

     0     0 -1204.4380    0  214    0.00000 -1204.4380      -     -    0s
H    0     0                    -1154.040000 -1204.4380  4.37%     -    0s
H    0     0                    -1161.640000 -1204.4380  3.68%     -    0s
H    0     0                    -1175.440000 -1204.4380  2.47%     -    0s
     0     0 -1204.2958    0  283 -1175.4400 -1204.2958  2.45%     -    0s
H    0     0                    -1179.040000 -1204.2958  2.14%     -    0s
     0     0 -1201.1709    0  309 -1179.0400 -1201.1709  1.88%     -    0s
     0     0 -1196.8632    0  257 -1179.0400 -1196.8632  1.51%     -    0s
H    0     0                    -1182.160000 -1196.8632  1.24%     -    0s
     0     0 -1194.5121    0  234 -1182.1600 -1194.5121  1.04%     -    0s
     0     0 -1193.7540    0  259 -1182.1600 -1193.7540  0.98%     -    0s

Cutting planes:
  Gomory: 28
  Cover: 167
  Clique: 2
  MIR: 69

Explored 0 nodes (8317 simplex iterations) in 0.66 seconds
Thread count was 16 (of 16 available processors)

Optimal solution found (tolerance 1.00e-02)
Best objective -1.182160000000e+03, best bound -1.193720000000e+03, gap 0.9779%
Changed value of parameter MIPGap to 0.01
   Prev: 0.0001  Min: 0.0  Max: 1e+100  Default: 0.0001
Changed value of parameter TimeLimit to 1800.0
   Prev: 1e+100  Min: 0.0  Max: 1e+100  Default: 1e+100
Changed value of parameter Method to 2
   Prev: -1  Min: -1  Max: 4  Default: -1
Changed value of parameter MIPFocus to 1
   Prev: 0  Min: 0  Max: 3  Default: 0
Optimize a model with 2498 rows, 7693 columns and 15386 nonzeros
Coefficient statistics:
  Matrix range    [1e+00, 4e+01]
  Objective range [1e+00, 2e+00]
  Bounds range    [1e+00, 1e+00]
  RHS range       [8e+01, 8e+01]
Found heuristic solution: objective 0
Presolve removed 83 rows and 296 columns
Presolve time: 0.05s
Presolved: 2415 rows, 7397 columns, 14794 nonzeros
Variable types: 0 continuous, 7397 integer (7397 binary)
Optimize a model with 2415 rows, 7397 columns and 14794 nonzeros
Coefficient statistics:
  Matrix range    [1e+00, 4e+01]
  Objective range [1e+00, 2e+00]
  Bounds range    [1e+00, 1e+00]
  RHS range       [1e+00, 8e+01]
Presolved: 2415 rows, 7397 columns, 14794 nonzeros

Root barrier log...

Ordering time: 0.00s

Barrier statistics:
 AA' NZ     : 7.397e+03
 Factor NZ  : 4.274e+04 (roughly 4 MBytes of memory)
 Factor Ops : 3.631e+06 (less than 1 second per iteration)
 Threads    : 1

                  Objective                Residual
Iter       Primal          Dual         Primal    Dual     Compl     Time
   0  -5.60849221e+03 -9.19272918e+03  4.69e+01 4.29e-01  3.63e+00     0s
   1  -1.83776310e+03 -7.59271136e+03  3.55e+00 8.88e-16  7.77e-01     0s
   2  -1.30472175e+03 -3.25401617e+03  4.47e-01 3.57e-14  1.55e-01     0s
   3  -1.23820581e+03 -1.43678429e+03  1.99e-02 3.55e-15  1.37e-02     0s
   4  -1.24400924e+03 -1.28046952e+03  6.49e-03 8.88e-16  2.57e-03     0s
   5  -1.24629463e+03 -1.24899552e+03  1.85e-03 8.88e-16  2.25e-04     0s
   6  -1.24713886e+03 -1.24750980e+03  3.83e-05 8.88e-16  2.55e-05     0s
   7  -1.24717556e+03 -1.24717596e+03  1.54e-13 5.56e-16  2.64e-08     0s
   8  -1.24717561e+03 -1.24717561e+03  1.02e-13 6.66e-16  2.64e-11     0s

Barrier solved model in 8 iterations and 0.11 seconds
Optimal objective -1.24717561e+03


Root relaxation: objective -1.247176e+03, 5213 iterations, 0.09 seconds

    Nodes    |    Current Node    |     Objective Bounds      |     Work
 Expl Unexpl |  Obj  Depth IntInf | Incumbent    BestBd   Gap | It/Node Time

     0     0 -1247.1756    0  207    0.00000 -1247.1756      -     -    0s
H    0     0                    -1194.600000 -1247.1756  4.40%     -    0s
H    0     0                    -1200.300000 -1247.1756  3.91%     -    0s
H    0     0                    -1210.850000 -1247.1756  3.00%     -    0s
H    0     0                    -1211.300000 -1247.1756  2.96%     -    0s
     0     0 -1245.1446    0  287 -1211.3000 -1245.1446  2.79%     -    0s
H    0     0                    -1217.300000 -1245.1446  2.29%     -    0s
     0     0 -1242.1078    0  275 -1217.3000 -1242.1078  2.04%     -    0s
     0     0 -1239.5376    0  297 -1217.3000 -1239.5376  1.83%     -    0s
H    0     0                    -1220.500000 -1239.5376  1.56%     -    0s
     0     0 -1237.0151    0  301 -1220.5000 -1237.0151  1.35%     -    0s
     0     0 -1235.2389    0  253 -1220.5000 -1235.2389  1.21%     -    0s
H    0     0                    -1223.800000 -1235.2389  0.93%     -    0s

Cutting planes:
  Gomory: 26
  Cover: 150
  Clique: 5
  MIR: 53

Explored 0 nodes (8361 simplex iterations) in 0.80 seconds
Thread count was 16 (of 16 available processors)

Optimal solution found (tolerance 1.00e-02)
Best objective -1.223800000000e+03, best bound -1.235200000000e+03, gap 0.9315%
Changed value of parameter MIPGap to 0.01
   Prev: 0.0001  Min: 0.0  Max: 1e+100  Default: 0.0001
Changed value of parameter TimeLimit to 1800.0
   Prev: 1e+100  Min: 0.0  Max: 1e+100  Default: 1e+100
Changed value of parameter Method to 2
   Prev: -1  Min: -1  Max: 4  Default: -1
Changed value of parameter MIPFocus to 1
   Prev: 0  Min: 0  Max: 3  Default: 0
Optimize a model with 2498 rows, 7693 columns and 15386 nonzeros
Coefficient statistics:
  Matrix range    [1e+00, 4e+01]
  Objective range [1e+00, 3e+00]
  Bounds range    [1e+00, 1e+00]
  RHS range       [8e+01, 8e+01]
Found heuristic solution: objective 0
Presolve removed 83 rows and 296 columns
Presolve time: 0.05s
Presolved: 2415 rows, 7397 columns, 14794 nonzeros
Variable types: 0 continuous, 7397 integer (7397 binary)
Optimize a model with 2415 rows, 7397 columns and 14794 nonzeros
Coefficient statistics:
  Matrix range    [1e+00, 4e+01]
  Objective range [1e+00, 3e+00]
  Bounds range    [1e+00, 1e+00]
  RHS range       [1e+00, 8e+01]
Presolved: 2415 rows, 7397 columns, 14794 nonzeros

Root barrier log...

Ordering time: 0.00s

Barrier statistics:
 AA' NZ     : 7.397e+03
 Factor NZ  : 4.274e+04 (roughly 4 MBytes of memory)
 Factor Ops : 3.631e+06 (less than 1 second per iteration)
 Threads    : 1

                  Objective                Residual
Iter       Primal          Dual         Primal    Dual     Compl     Time
   0  -6.67652608e+03 -1.34861222e+04  4.69e+01 6.52e-01  5.49e+00     0s
   1  -1.94095265e+03 -1.11268914e+04  2.68e+00 1.26e-02  1.05e+00     0s
   2  -1.48402700e+03 -4.02496240e+03  3.76e-01 2.55e-14  1.94e-01     0s
   3  -1.43971193e+03 -1.70416481e+03  2.70e-02 4.00e-15  1.83e-02     0s
   4  -1.45656869e+03 -1.51171206e+03  5.29e-03 2.22e-15  3.78e-03     0s
   5  -1.46048118e+03 -1.48121069e+03  9.26e-04 1.33e-15  1.39e-03     0s
   6  -1.46134580e+03 -1.46855146e+03  1.29e-04 8.88e-16  4.79e-04     0s
   7  -1.46154770e+03 -1.46167196e+03  1.16e-05 8.88e-16  8.53e-06     0s
   8  -1.46156825e+03 -1.46156870e+03  1.08e-09 8.88e-16  2.98e-08     0s
   9  -1.46156844e+03 -1.46156844e+03  1.68e-11 8.88e-16  2.98e-11     0s

Barrier solved model in 9 iterations and 0.12 seconds
Optimal objective -1.46156844e+03


Root relaxation: objective -1.461568e+03, 5001 iterations, 0.09 seconds

    Nodes    |    Current Node    |     Objective Bounds      |     Work
 Expl Unexpl |  Obj  Depth IntInf | Incumbent    BestBd   Gap | It/Node Time

     0     0 -1461.5684    0  210    0.00000 -1461.5684      -     -    0s
H    0     0                    -1383.200000 -1461.5684  5.67%     -    0s
H    0     0                    -1400.300000 -1461.5684  4.38%     -    0s
H    0     0                    -1407.900000 -1461.5684  3.81%     -    0s
H    0     0                    -1410.900000 -1461.5684  3.59%     -    0s
     0     0 -1460.2901    0  343 -1410.9000 -1460.2901  3.50%     -    0s
H    0     0                    -1413.900000 -1460.2901  3.28%     -    0s
     0     0 -1456.1285    0  321 -1413.9000 -1456.1285  2.99%     -    0s
H    0     0                    -1416.900000 -1456.1285  2.77%     -    0s
     0     0 -1454.6846    0  342 -1416.9000 -1454.6846  2.67%     -    0s
H    0     0                    -1421.000000 -1454.6846  2.37%     -    0s
     0     0 -1447.6349    0  317 -1421.0000 -1447.6349  1.87%     -    0s
     0     0 -1444.9503    0  282 -1421.0000 -1444.9503  1.69%     -    0s
H    0     0                    -1427.600000 -1444.9503  1.22%     -    0s
     0     0 -1444.1560    0  297 -1427.6000 -1444.1560  1.16%     -    0s
     0     0 -1444.1560    0  303 -1427.6000 -1444.1560  1.16%     -    0s
H    0     0                    -1429.400000 -1444.1560  1.03%     -    0s
     0     0 -1444.1560    0  320 -1429.4000 -1444.1560  1.03%     -    0s
     0     0 -1444.1560    0  137 -1429.4000 -1444.1560  1.03%     -    1s
H    0     0                    -1430.600000 -1444.1560  0.95%     -    1s

Cutting planes:
  Gomory: 19
  Cover: 149
  Clique: 3
  MIR: 48

Explored 0 nodes (11900 simplex iterations) in 1.27 seconds
Thread count was 16 (of 16 available processors)

Optimal solution found (tolerance 1.00e-02)
Best objective -1.430600000000e+03, best bound -1.444100000000e+03, gap 0.9437%
Changed value of parameter MIPGap to 0.01
   Prev: 0.0001  Min: 0.0  Max: 1e+100  Default: 0.0001
Changed value of parameter TimeLimit to 1800.0
   Prev: 1e+100  Min: 0.0  Max: 1e+100  Default: 1e+100
Changed value of parameter Method to 2
   Prev: -1  Min: -1  Max: 4  Default: -1
Changed value of parameter MIPFocus to 1
   Prev: 0  Min: 0  Max: 3  Default: 0
Optimize a model with 2498 rows, 7693 columns and 15386 nonzeros
Coefficient statistics:
  Matrix range    [1e+00, 4e+01]
  Objective range [1e+00, 5e+00]
  Bounds range    [1e+00, 1e+00]
  RHS range       [8e+01, 8e+01]
Found heuristic solution: objective 0
Presolve removed 83 rows and 296 columns
Presolve time: 0.05s
Presolved: 2415 rows, 7397 columns, 14794 nonzeros
Variable types: 0 continuous, 7397 integer (7397 binary)
Optimize a model with 2415 rows, 7397 columns and 14794 nonzeros
Coefficient statistics:
  Matrix range    [1e+00, 4e+01]
  Objective range [1e+00, 5e+00]
  Bounds range    [1e+00, 1e+00]
  RHS range       [1e+00, 8e+01]
Presolved: 2415 rows, 7397 columns, 14794 nonzeros

Root barrier log...

Ordering time: 0.00s

Barrier statistics:
 AA' NZ     : 7.397e+03
 Factor NZ  : 4.274e+04 (roughly 4 MBytes of memory)
 Factor Ops : 3.631e+06 (less than 1 second per iteration)
 Threads    : 1

                  Objective                Residual
Iter       Primal          Dual         Primal    Dual     Compl     Time
   0  -8.81232999e+03 -2.21352961e+04  4.69e+01 1.10e+00  9.23e+00     0s
   1  -2.36751555e+03 -1.71854773e+04  2.29e+00 9.06e-02  1.57e+00     0s
   2  -1.86990453e+03 -5.07551397e+03  2.94e-01 1.97e-03  2.39e-01     0s
   3  -1.84973412e+03 -2.22992457e+03  3.01e-02 3.55e-15  2.63e-02     0s
   4  -1.88765152e+03 -1.94417180e+03  3.26e-03 4.44e-15  3.84e-03     0s
   5  -1.89193840e+03 -1.90938615e+03  1.28e-03 1.78e-15  1.20e-03     0s
   6  -1.89467137e+03 -1.89703455e+03  1.48e-04 1.78e-15  1.61e-04     0s
   7  -1.89502403e+03 -1.89503169e+03  5.26e-07 1.78e-15  5.25e-07     0s
   8  -1.89502697e+03 -1.89502698e+03  3.17e-12 1.78e-15  5.25e-10     0s

Barrier solved model in 8 iterations and 0.11 seconds
Optimal objective -1.89502697e+03


Root relaxation: objective -1.895027e+03, 5414 iterations, 0.09 seconds

    Nodes    |    Current Node    |     Objective Bounds      |     Work
 Expl Unexpl |  Obj  Depth IntInf | Incumbent    BestBd   Gap | It/Node Time

     0     0 -1895.0270    0  213    0.00000 -1895.0270      -     -    0s
H    0     0                    -1759.000000 -1895.0270  7.73%     -    0s
H    0     0                    -1802.800000 -1895.0270  5.12%     -    0s
H    0     0                    -1833.000000 -1895.0270  3.38%     -    0s
     0     0 -1891.9733    0  330 -1833.0000 -1891.9733  3.22%     -    0s
     0     0 -1887.3816    0  359 -1833.0000 -1887.3816  2.97%     -    0s
     0     0 -1870.8659    0  286 -1833.0000 -1870.8659  2.07%     -    0s
H    0     0                    -1835.800000 -1870.8659  1.91%     -    0s
     0     0 -1866.1316    0  256 -1835.8000 -1866.1316  1.65%     -    0s
     0     0 -1866.0567    0  306 -1835.8000 -1866.0567  1.65%     -    0s
     0     0 -1865.5802    0  278 -1835.8000 -1865.5802  1.62%     -    0s
     0     0 -1865.5802    0  288 -1835.8000 -1865.5802  1.62%     -    0s
     0     0 -1865.5802    0  296 -1835.8000 -1865.5802  1.62%     -    1s
     0     0 -1865.5802    0  146 -1835.8000 -1865.5802  1.62%     -    1s
     0     2 -1865.5802    0  141 -1835.8000 -1865.5802  1.62%     -    1s
H   39    42                    -1836.000000 -1865.4563  1.60%  36.1    2s
H   41    45                    -1840.800000 -1865.4563  1.34%  36.1    2s
H   42    47                    -1841.800000 -1865.4563  1.28%  35.8    2s
H   87    86                    -1842.000000 -1865.4563  1.27%  24.7    2s
H  250   252                    -1842.600000 -1865.4563  1.24%  12.3    3s
H  387   384                    -1844.000000 -1865.4563  1.16%   9.3    3s
H  458   448                    -1844.200000 -1865.4563  1.15%   8.9    3s
H  555   528                    -1844.400000 -1865.4563  1.14%   8.7    4s
H  561   534                    -1844.800000 -1865.4563  1.12%   8.7    4s
H  730   651                    -1846.800000 -1865.4563  1.01%   8.0    4s
   896   764 -1850.3663  104  141 -1846.8000 -1865.4563  1.01%   7.5    5s

Cutting planes:
  Gomory: 17
  Cover: 170
  Clique: 6
  MIR: 78

Explored 1400 nodes (21293 simplex iterations) in 6.28 seconds
Thread count was 16 (of 16 available processors)

Optimal solution found (tolerance 1.00e-02)
Best objective -1.846800000000e+03, best bound -1.865200000000e+03, gap 0.9963%
Changed value of parameter MIPGap to 0.01
   Prev: 0.0001  Min: 0.0  Max: 1e+100  Default: 0.0001
Changed value of parameter TimeLimit to 1800.0
   Prev: 1e+100  Min: 0.0  Max: 1e+100  Default: 1e+100
Changed value of parameter Method to 2
   Prev: -1  Min: -1  Max: 4  Default: -1
Changed value of parameter MIPFocus to 1
   Prev: 0  Min: 0  Max: 3  Default: 0
Optimize a model with 2498 rows, 7693 columns and 15386 nonzeros
Coefficient statistics:
  Matrix range    [1e+00, 4e+01]
  Objective range [1e+00, 9e+00]
  Bounds range    [1e+00, 1e+00]
  RHS range       [8e+01, 8e+01]
Found heuristic solution: objective 0
Presolve removed 83 rows and 296 columns
Presolve time: 0.05s
Presolved: 2415 rows, 7397 columns, 14794 nonzeros
Variable types: 0 continuous, 7397 integer (7397 binary)
Optimize a model with 2415 rows, 7397 columns and 14794 nonzeros
Coefficient statistics:
  Matrix range    [1e+00, 4e+01]
  Objective range [1e+00, 9e+00]
  Bounds range    [1e+00, 1e+00]
  RHS range       [1e+00, 8e+01]
Presolved: 2415 rows, 7397 columns, 14794 nonzeros

Root barrier log...

Ordering time: 0.00s

Barrier statistics:
 AA' NZ     : 7.397e+03
 Factor NZ  : 4.274e+04 (roughly 4 MBytes of memory)
 Factor Ops : 3.631e+06 (less than 1 second per iteration)
 Threads    : 1

                  Objective                Residual
Iter       Primal          Dual         Primal    Dual     Compl     Time
   0  -1.30836965e+04 -3.95164570e+04  4.69e+01 1.99e+00  1.68e+01     0s
   1  -3.30326795e+03 -3.02011891e+04  2.02e+00 2.03e-01  2.70e+00     0s
   2  -2.69729871e+03 -7.66365956e+03  2.51e-01 4.40e-03  3.63e-01     0s
   3  -2.68608992e+03 -3.35283196e+03  2.14e-02 8.88e-15  4.53e-02     0s
   4  -2.74522178e+03 -2.84859289e+03  3.04e-03 1.07e-14  6.98e-03     0s
   5  -2.75587682e+03 -2.78661753e+03  1.34e-03 5.33e-15  2.10e-03     0s
   6  -2.76112354e+03 -2.76717198e+03  4.86e-04 5.33e-15  4.23e-04     0s
   7  -2.76399287e+03 -2.76474937e+03  1.96e-06 5.33e-15  5.00e-05     0s
   8  -2.76406528e+03 -2.76407008e+03  3.37e-13 3.55e-15  3.16e-07     0s
   9  -2.76406571e+03 -2.76406571e+03  4.90e-14 3.55e-15  3.16e-10     0s

Barrier solved model in 9 iterations and 0.12 seconds
Optimal objective -2.76406571e+03


Root relaxation: objective -2.764066e+03, 5368 iterations, 0.09 seconds

    Nodes    |    Current Node    |     Objective Bounds      |     Work
 Expl Unexpl |  Obj  Depth IntInf | Incumbent    BestBd   Gap | It/Node Time

     0     0 -2764.0657    0  205    0.00000 -2764.0657      -     -    0s
H    0     0                    -2561.800000 -2764.0657  7.90%     -    0s
H    0     0                    -2605.600000 -2764.0657  6.08%     -    0s
H    0     0                    -2641.200000 -2764.0657  4.65%     -    0s
H    0     0                    -2645.400000 -2764.0657  4.49%     -    0s
     0     0 -2743.5108    0  299 -2645.4000 -2743.5108  3.71%     -    0s
H    0     0                    -2654.400000 -2743.5108  3.36%     -    0s
     0     0 -2737.2719    0  333 -2654.4000 -2737.2719  3.12%     -    0s
     0     0 -2708.4991    0  272 -2654.4000 -2708.4991  2.04%     -    0s
H    0     0                    -2667.600000 -2708.4991  1.53%     -    0s
     0     0 -2707.2888    0  275 -2667.6000 -2707.2888  1.49%     -    0s
     0     0 -2707.2888    0  255 -2667.6000 -2707.2888  1.49%     -    0s
H    0     0                    -2668.200000 -2707.2888  1.46%     -    0s
     0     0 -2706.9488    0  268 -2668.2000 -2706.9488  1.45%     -    0s
     0     0 -2706.8652    0  280 -2668.2000 -2706.8652  1.45%     -    0s
     0     0 -2706.6973    0  271 -2668.2000 -2706.6973  1.44%     -    1s
     0     0 -2706.5305    0  144 -2668.2000 -2706.5305  1.44%     -    1s
     0     2 -2706.5305    0  138 -2668.2000 -2706.5305  1.44%     -    1s
H   27    32                    -2669.200000 -2705.2844  1.35%  62.8    2s
H   34    36                    -2670.400000 -2704.7518  1.29%  56.9    2s
H   99   100                    -2671.600000 -2703.8982  1.21%  27.8    2s
H  100   101                    -2674.800000 -2703.8982  1.09%  27.8    2s
H  140   141                    -2676.200000 -2703.8982  1.03%  22.3    2s
H  212   213                    -2677.600000 -2703.8982  0.98%  17.3    2s
H  213   214                    -2678.600000 -2703.8982  0.94%  17.2    2s

Cutting planes:
  Gomory: 28
  Cover: 173
  Clique: 7
  MIR: 66

Explored 225 nodes (15506 simplex iterations) in 2.93 seconds
Thread count was 16 (of 16 available processors)

Optimal solution found (tolerance 1.00e-02)
Best objective -2.678600000000e+03, best bound -2.703800000000e+03, gap 0.9408%
Changed value of parameter MIPGap to 0.01
   Prev: 0.0001  Min: 0.0  Max: 1e+100  Default: 0.0001
Changed value of parameter TimeLimit to 1800.0
   Prev: 1e+100  Min: 0.0  Max: 1e+100  Default: 1e+100
Changed value of parameter Method to 2
   Prev: -1  Min: -1  Max: 4  Default: -1
Changed value of parameter MIPFocus to 1
   Prev: 0  Min: 0  Max: 3  Default: 0
Optimize a model with 2498 rows, 7693 columns and 15386 nonzeros
Coefficient statistics:
  Matrix range    [1e+00, 4e+01]
  Objective range [2e+00, 1e+01]
  Bounds range    [1e+00, 1e+00]
  RHS range       [8e+01, 8e+01]
Found heuristic solution: objective 0
Presolve removed 83 rows and 296 columns
Presolve time: 0.05s
Presolved: 2415 rows, 7397 columns, 14794 nonzeros
Variable types: 0 continuous, 7397 integer (7397 binary)
Optimize a model with 2415 rows, 7397 columns and 14794 nonzeros
Coefficient statistics:
  Matrix range    [1e+00, 4e+01]
  Objective range [2e+00, 1e+01]
  Bounds range    [1e+00, 1e+00]
  RHS range       [1e+00, 8e+01]
Presolved: 2415 rows, 7397 columns, 14794 nonzeros

Root barrier log...

Ordering time: 0.00s

Barrier statistics:
 AA' NZ     : 7.397e+03
 Factor NZ  : 4.274e+04 (roughly 4 MBytes of memory)
 Factor Ops : 3.631e+06 (less than 1 second per iteration)
 Threads    : 1

                  Objective                Residual
Iter       Primal          Dual         Primal    Dual     Compl     Time
   0  -1.52193429e+04 -4.82070374e+04  4.69e+01 2.44e+00  2.05e+01     0s
   1  -3.81933879e+03 -3.66979311e+04  2.02e+00 2.54e-01  3.31e+00     0s
   2  -3.12142618e+03 -9.18232191e+03  2.46e-01 5.49e-03  4.43e-01     0s
   3  -3.10560830e+03 -3.94109160e+03  1.95e-02 2.13e-14  5.66e-02     0s
   4  -3.17375198e+03 -3.32964542e+03  3.21e-03 1.24e-14  1.05e-02     0s
   5  -3.18936264e+03 -3.24812059e+03  1.30e-03 3.55e-15  3.96e-03     0s
   6  -3.19586342e+03 -3.22198236e+03  5.45e-04 5.33e-15  1.76e-03     0s
   7  -3.20023476e+03 -3.20476623e+03  4.61e-05 3.55e-15  3.02e-04     0s
   8  -3.20076764e+03 -3.20093506e+03  6.83e-07 3.55e-15  1.11e-05     0s
   9  -3.20080190e+03 -3.20080277e+03  1.82e-12 3.55e-15  5.72e-08     0s
  10  -3.20080201e+03 -3.20080201e+03  2.63e-12 3.55e-15  2.01e-13     0s

Barrier solved model in 10 iterations and 0.13 seconds
Optimal objective -3.20080201e+03


Root relaxation: objective -3.200802e+03, 4775 iterations, 0.10 seconds

    Nodes    |    Current Node    |     Objective Bounds      |     Work
 Expl Unexpl |  Obj  Depth IntInf | Incumbent    BestBd   Gap | It/Node Time

     0     0 -3200.8020    0  237    0.00000 -3200.8020      -     -    0s
H    0     0                    -2882.000000 -3200.8020  11.1%     -    0s
H    0     0                    -2988.000000 -3200.8020  7.12%     -    0s
H    0     0                    -3021.000000 -3200.8020  5.95%     -    0s
H    0     0                    -3024.500000 -3200.8020  5.83%     -    0s
     0     0 -3182.8974    0  364 -3024.5000 -3182.8974  5.24%     -    0s
H    0     0                    -3030.000000 -3182.8974  5.05%     -    0s
     0     0 -3171.2217    0  362 -3030.0000 -3171.2217  4.66%     -    0s
     0     0 -3154.1110    0  325 -3030.0000 -3154.1110  4.10%     -    0s
H    0     0                    -3051.000000 -3154.1110  3.38%     -    0s
     0     0 -3128.8063    0  295 -3051.0000 -3128.8063  2.55%     -    0s
     0     0 -3128.8063    0  305 -3051.0000 -3128.8063  2.55%     -    0s
H    0     0                    -3073.000000 -3128.8063  1.82%     -    0s
     0     0 -3128.7279    0  323 -3073.0000 -3128.7279  1.81%     -    0s
     0     0 -3128.2150    0  262 -3073.0000 -3128.2150  1.80%     -    0s
H    0     0                    -3089.000000 -3128.2150  1.27%     -    1s
     0     0 -3127.8975    0  284 -3089.0000 -3127.8975  1.26%     -    1s
     0     0 -3127.8975    0  126 -3089.0000 -3127.8975  1.26%     -    1s
H    0     0                    -3094.000000 -3127.8975  1.10%     -    1s
H    0     2                    -3095.500000 -3127.8975  1.05%     -    1s
     0     2 -3127.8975    0  122 -3095.5000 -3127.8975  1.05%     -    1s
H  192   192                    -3097.000000 -3126.5404  0.95%  18.0    2s

Cutting planes:
  Gomory: 16
  Cover: 164
  Clique: 7
  MIR: 81

Explored 202 nodes (15380 simplex iterations) in 2.62 seconds
Thread count was 16 (of 16 available processors)

Optimal solution found (tolerance 1.00e-02)
Best objective -3.097000000000e+03, best bound -3.126500000000e+03, gap 0.9525%
Changed value of parameter MIPGap to 0.01
   Prev: 0.0001  Min: 0.0  Max: 1e+100  Default: 0.0001
Changed value of parameter TimeLimit to 1800.0
   Prev: 1e+100  Min: 0.0  Max: 1e+100  Default: 1e+100
Changed value of parameter Method to 2
   Prev: -1  Min: -1  Max: 4  Default: -1
Changed value of parameter MIPFocus to 1
   Prev: 0  Min: 0  Max: 3  Default: 0
Optimize a model with 2498 rows, 7693 columns and 15386 nonzeros
Coefficient statistics:
  Matrix range    [1e+00, 4e+01]
  Objective range [2e+00, 2e+01]
  Bounds range    [1e+00, 1e+00]
  RHS range       [8e+01, 8e+01]
Found heuristic solution: objective 0
Presolve removed 83 rows and 296 columns
Presolve time: 0.05s
Presolved: 2415 rows, 7397 columns, 14794 nonzeros
Variable types: 0 continuous, 7397 integer (7397 binary)
Optimize a model with 2415 rows, 7397 columns and 14794 nonzeros
Coefficient statistics:
  Matrix range    [1e+00, 4e+01]
  Objective range [2e+00, 2e+01]
  Bounds range    [1e+00, 1e+00]
  RHS range       [1e+00, 8e+01]
Presolved: 2415 rows, 7397 columns, 14794 nonzeros

Root barrier log...

Ordering time: 0.00s

Barrier statistics:
 AA' NZ     : 7.397e+03
 Factor NZ  : 4.274e+04 (roughly 4 MBytes of memory)
 Factor Ops : 3.631e+06 (less than 1 second per iteration)
 Threads    : 1

                  Objective                Residual
Iter       Primal          Dual         Primal    Dual     Compl     Time
   0  -2.58974877e+04 -9.16599395e+04  4.69e+01 4.68e+00  3.93e+01     0s
   1  -6.45730310e+03 -6.91806886e+04  2.09e+00 4.86e-01  6.38e+00     0s
   2  -5.26571811e+03 -1.86019896e+04  2.58e-01 9.99e-03  9.71e-01     0s
   3  -5.21564475e+03 -7.13687527e+03  2.61e-02 3.30e-04  1.30e-01     0s
   4  -5.32830067e+03 -5.74647667e+03  5.27e-03 3.20e-14  2.82e-02     0s
   5  -5.36082067e+03 -5.56893976e+03  2.99e-03 1.78e-14  1.40e-02     0s
   6  -5.38037259e+03 -5.47143760e+03  1.59e-03 7.11e-15  6.17e-03     0s
   7  -5.39574051e+03 -5.42882482e+03  5.08e-04 1.42e-14  2.23e-03     0s
   8  -5.40302263e+03 -5.40630728e+03  3.21e-05 7.11e-15  2.20e-04     0s
   9  -5.40351184e+03 -5.40411704e+03  7.05e-06 7.11e-15  4.07e-05     0s
  10  -5.40367460e+03 -5.40377878e+03  1.62e-07 7.11e-15  6.89e-06     0s
  11  -5.40369255e+03 -5.40370138e+03  3.20e-10 7.11e-15  5.83e-07     0s
  12  -5.40369297e+03 -5.40369298e+03  3.84e-13 7.11e-15  7.29e-10     0s

Barrier solved model in 12 iterations and 0.14 seconds
Optimal objective -5.40369297e+03


Root relaxation: objective -5.403693e+03, 5120 iterations, 0.11 seconds

    Nodes    |    Current Node    |     Objective Bounds      |     Work
 Expl Unexpl |  Obj  Depth IntInf | Incumbent    BestBd   Gap | It/Node Time

     0     0 -5403.6930    0  220    0.00000 -5403.6930      -     -    0s
H    0     0                    -4890.000000 -5403.6930  10.5%     -    0s
H    0     0                    -5048.000000 -5403.6930  7.05%     -    0s
H    0     0                    -5114.000000 -5403.6930  5.66%     -    0s
H    0     0                    -5123.000000 -5403.6930  5.48%     -    0s
     0     0 -5359.6193    0  337 -5123.0000 -5359.6193  4.62%     -    0s
     0     0 -5353.6237    0  347 -5123.0000 -5353.6237  4.50%     -    0s
     0     0 -5264.8004    0  248 -5123.0000 -5264.8004  2.77%     -    0s
     0     0 -5237.5474    0  222 -5123.0000 -5237.5474  2.24%     -    0s
     0     0 -5237.5474    0  240 -5123.0000 -5237.5474  2.24%     -    0s
H    0     0                    -5154.000000 -5237.5474  1.62%     -    0s
     0     0 -5237.1360    0  293 -5154.0000 -5237.1360  1.61%     -    0s
     0     0 -5237.0004    0  268 -5154.0000 -5237.0004  1.61%     -    0s
H    0     0                    -5182.000000 -5237.0004  1.06%     -    1s
     0     0 -5236.9443    0  319 -5182.0000 -5236.9443  1.06%     -    1s
     0     0 -5236.9443    0  139 -5182.0000 -5236.9443  1.06%     -    1s
H    0     0                    -5184.000000 -5236.9443  1.02%     -    1s
H    0     2                    -5186.000000 -5236.9443  0.98%     -    1s
     0     2 -5236.9443    0  126 -5186.0000 -5236.9443  0.98%     -    1s

Cutting planes:
  Gomory: 17
  Cover: 143
  Clique: 6
  MIR: 44

Explored 1 nodes (12195 simplex iterations) in 1.82 seconds
Thread count was 16 (of 16 available processors)

Optimal solution found (tolerance 1.00e-02)
Best objective -5.186000000000e+03, best bound -5.236000000000e+03, gap 0.9641%
Changed value of parameter MIPGap to 0.01
   Prev: 0.0001  Min: 0.0  Max: 1e+100  Default: 0.0001
Changed value of parameter TimeLimit to 1800.0
   Prev: 1e+100  Min: 0.0  Max: 1e+100  Default: 1e+100
Changed value of parameter Method to 2
   Prev: -1  Min: -1  Max: 4  Default: -1
Changed value of parameter MIPFocus to 1
   Prev: 0  Min: 0  Max: 3  Default: 0
Optimize a model with 2498 rows, 7693 columns and 15386 nonzeros
Coefficient statistics:
  Matrix range    [1e+00, 4e+01]
  Objective range [3e+00, 4e+01]
  Bounds range    [1e+00, 1e+00]
  RHS range       [8e+01, 8e+01]
Found heuristic solution: objective 0
Presolve removed 83 rows and 296 columns
Presolve time: 0.05s
Presolved: 2415 rows, 7397 columns, 14794 nonzeros
Variable types: 0 continuous, 7397 integer (7397 binary)
Optimize a model with 2415 rows, 7397 columns and 14794 nonzeros
Coefficient statistics:
  Matrix range    [1e+00, 4e+01]
  Objective range [3e+00, 4e+01]
  Bounds range    [1e+00, 1e+00]
  RHS range       [1e+00, 8e+01]
Presolved: 2415 rows, 7397 columns, 14794 nonzeros

Root barrier log...

Ordering time: 0.00s

Barrier statistics:
 AA' NZ     : 7.397e+03
 Factor NZ  : 4.274e+04 (roughly 4 MBytes of memory)
 Factor Ops : 3.631e+06 (less than 1 second per iteration)
 Threads    : 1

                  Objective                Residual
Iter       Primal          Dual         Primal    Dual     Compl     Time
   0  -4.72536828e+04 -1.78565744e+05  4.69e+01 9.15e+00  7.70e+01     0s
   1  -1.17333402e+04 -1.34124615e+05  2.12e+00 9.30e-01  1.25e+01     0s
   2  -9.56963822e+03 -3.58198847e+04  2.63e-01 1.87e-02  1.91e+00     0s
   3  -9.47409845e+03 -1.33197012e+04  2.94e-02 9.63e-04  2.61e-01     0s
   4  -9.66734749e+03 -1.06351685e+04  7.05e-03 2.13e-14  6.53e-02     0s
   5  -9.75144548e+03 -1.00993477e+04  3.32e-03 4.26e-14  2.36e-02     0s
   6  -9.80830005e+03 -9.87774813e+03  9.21e-04 3.55e-14  4.75e-03     0s
   7  -9.82740413e+03 -9.82933055e+03  1.92e-05 3.55e-14  1.31e-04     0s
   8  -9.82799356e+03 -9.82800834e+03  3.17e-12 1.42e-14  9.75e-07     0s
   9  -9.82799999e+03 -9.82800001e+03  2.31e-12 1.42e-14  9.75e-10     0s

Barrier solved model in 9 iterations and 0.12 seconds
Optimal objective -9.82799999e+03


Root relaxation: objective -9.828000e+03, 5451 iterations, 0.09 seconds

    Nodes    |    Current Node    |     Objective Bounds      |     Work
 Expl Unexpl |  Obj  Depth IntInf | Incumbent    BestBd   Gap | It/Node Time

     0     0 -9828.0000    0  256    0.00000 -9828.0000      -     -    0s
H    0     0                    -8643.000000 -9828.0000  13.7%     -    0s
H    0     0                    -9092.000000 -9828.0000  8.10%     -    0s
H    0     0                    -9127.000000 -9828.0000  7.68%     -    0s
     0     0 -9593.0000    0  327 -9127.0000 -9593.0000  5.11%     -    0s
H    0     0                    -9209.000000 -9593.0000  4.17%     -    0s
H    0     0                    -9282.000000 -9593.0000  3.35%     -    0s
     0     0 -9565.4694    0  325 -9282.0000 -9565.4694  3.05%     -    0s
     0     0 -9459.5000    0  227 -9282.0000 -9459.5000  1.91%     -    0s
H    0     0                    -9320.000000 -9459.5000  1.50%     -    0s
     0     0 -9458.0000    0  259 -9320.0000 -9458.0000  1.48%     -    0s
     0     0 -9458.0000    0  245 -9320.0000 -9458.0000  1.48%     -    0s
H    0     0                    -9350.000000 -9458.0000  1.16%     -    0s
H    0     0                    -9366.000000 -9458.0000  0.98%     -    0s

Cutting planes:
  Gomory: 11
  Cover: 186
  Clique: 4
  MIR: 50

Explored 0 nodes (8966 simplex iterations) in 0.76 seconds
Thread count was 16 (of 16 available processors)

Optimal solution found (tolerance 1.00e-02)
Best objective -9.366000000000e+03, best bound -9.458000000000e+03, gap 0.9823%
Changed value of parameter MIPGap to 0.01
   Prev: 0.0001  Min: 0.0  Max: 1e+100  Default: 0.0001
Changed value of parameter TimeLimit to 1800.0
   Prev: 1e+100  Min: 0.0  Max: 1e+100  Default: 1e+100
Changed value of parameter Method to 2
   Prev: -1  Min: -1  Max: 4  Default: -1
Changed value of parameter MIPFocus to 1
   Prev: 0  Min: 0  Max: 3  Default: 0
Optimize a model with 2498 rows, 7693 columns and 15386 nonzeros
Coefficient statistics:
  Matrix range    [1e+00, 4e+01]
  Objective range [5e+00, 8e+01]
  Bounds range    [1e+00, 1e+00]
  RHS range       [8e+01, 8e+01]
Found heuristic solution: objective 0
Presolve removed 83 rows and 296 columns
Presolve time: 0.05s
Presolved: 2415 rows, 7397 columns, 14794 nonzeros
Variable types: 0 continuous, 7397 integer (7397 binary)
Optimize a model with 2415 rows, 7397 columns and 14794 nonzeros
Coefficient statistics:
  Matrix range    [1e+00, 4e+01]
  Objective range [5e+00, 8e+01]
  Bounds range    [1e+00, 1e+00]
  RHS range       [1e+00, 8e+01]
Presolved: 2415 rows, 7397 columns, 14794 nonzeros

Root barrier log...

Ordering time: 0.00s

Barrier statistics:
 AA' NZ     : 7.397e+03
 Factor NZ  : 4.274e+04 (roughly 4 MBytes of memory)
 Factor Ops : 3.631e+06 (less than 1 second per iteration)
 Threads    : 1

                  Objective                Residual
Iter       Primal          Dual         Primal    Dual     Compl     Time
   0  -8.99660219e+04 -3.52377352e+05  4.69e+01 1.81e+01  1.52e+02     0s
   1  -2.22862337e+04 -2.63999601e+05  2.14e+00 1.81e+00  2.48e+01     0s
   2  -1.81870425e+04 -7.02569255e+04  2.65e-01 3.60e-02  3.79e+00     0s
   3  -1.80079903e+04 -2.55569732e+04  2.88e-02 1.70e-03  5.12e-01     0s
   4  -1.83725260e+04 -2.01658345e+04  1.09e-02 1.14e-13  1.22e-01     0s
   5  -1.85980403e+04 -1.94250719e+04  4.43e-03 4.26e-14  5.62e-02     0s
   6  -1.87203369e+04 -1.90527246e+04  1.57e-03 8.53e-14  2.25e-02     0s
   7  -1.87673887e+04 -1.88798656e+04  6.10e-04 4.26e-14  7.64e-03     0s
   8  -1.87937457e+04 -1.88153325e+04  6.91e-05 2.84e-14  1.45e-03     0s
   9  -1.87990028e+04 -1.88007411e+04  5.48e-07 4.26e-14  1.15e-04     0s
  10  -1.87991115e+04 -1.87991614e+04  6.70e-09 2.84e-14  3.30e-06     0s
  11  -1.87991184e+04 -1.87991184e+04  1.21e-12 2.84e-14  1.56e-10     0s

Barrier solved model in 11 iterations and 0.13 seconds
Optimal objective -1.87991184e+04


Root relaxation: objective -1.879912e+04, 4617 iterations, 0.10 seconds

    Nodes    |    Current Node    |     Objective Bounds      |     Work
 Expl Unexpl |  Obj  Depth IntInf | Incumbent    BestBd   Gap | It/Node Time

     0     0 -18799.118    0  261    0.00000 -18799.118      -     -    0s
H    0     0                    -16803.00000 -18799.118  11.9%     -    0s
H    0     0                    -17132.00000 -18799.118  9.73%     -    0s
     0     0 -18314.961    0  316 -17132.000 -18314.961  6.90%     -    0s
H    0     0                    -17296.00000 -18314.961  5.89%     -    0s
     0     0 -18255.982    0  306 -17296.000 -18255.982  5.55%     -    0s
     0     0 -17961.525    0  256 -17296.000 -17961.525  3.85%     -    0s
H    0     0                    -17712.00000 -17961.525  1.41%     -    0s
H    0     0                    -17778.00000 -17961.525  1.03%     -    0s
     0     0 -17945.787    0  325 -17778.000 -17945.787  0.94%     -    0s

Cutting planes:
  Gomory: 8
  Cover: 147
  Clique: 6
  MIR: 62

Explored 0 nodes (8627 simplex iterations) in 0.65 seconds
Thread count was 16 (of 16 available processors)

Optimal solution found (tolerance 1.00e-02)
Best objective -1.777800000000e+04, best bound -1.794500000000e+04, gap 0.9394%
Changed value of parameter MIPGap to 0.01
   Prev: 0.0001  Min: 0.0  Max: 1e+100  Default: 0.0001
Changed value of parameter TimeLimit to 1800.0
   Prev: 1e+100  Min: 0.0  Max: 1e+100  Default: 1e+100
Changed value of parameter Method to 2
   Prev: -1  Min: -1  Max: 4  Default: -1
Changed value of parameter MIPFocus to 1
   Prev: 0  Min: 0  Max: 3  Default: 0
Optimize a model with 2498 rows, 7693 columns and 15386 nonzeros
Coefficient statistics:
  Matrix range    [1e+00, 4e+01]
  Objective range [6e+00, 1e+02]
  Bounds range    [1e+00, 1e+00]
  RHS range       [8e+01, 8e+01]
Found heuristic solution: objective 0
Presolve removed 83 rows and 296 columns
Presolve time: 0.05s
Presolved: 2415 rows, 7397 columns, 14794 nonzeros
Variable types: 0 continuous, 7397 integer (7397 binary)
Optimize a model with 2415 rows, 7397 columns and 14794 nonzeros
Coefficient statistics:
  Matrix range    [1e+00, 4e+01]
  Objective range [6e+00, 1e+02]
  Bounds range    [1e+00, 1e+00]
  RHS range       [1e+00, 8e+01]
Presolved: 2415 rows, 7397 columns, 14794 nonzeros

Root barrier log...

Ordering time: 0.00s

Barrier statistics:
 AA' NZ     : 7.397e+03
 Factor NZ  : 4.274e+04 (roughly 4 MBytes of memory)
 Factor Ops : 3.631e+06 (less than 1 second per iteration)
 Threads    : 1

                  Objective                Residual
Iter       Primal          Dual         Primal    Dual     Compl     Time
   0  -1.11322186e+05 -4.39283156e+05  4.69e+01 2.26e+01  1.90e+02     0s
   1  -2.75628024e+04 -3.28935382e+05  2.14e+00 2.25e+00  3.09e+01     0s
   2  -2.24965227e+04 -8.74748854e+04  2.65e-01 4.46e-02  4.73e+00     0s
   3  -2.22774969e+04 -3.16701502e+04  2.86e-02 2.06e-03  6.37e-01     0s
   4  -2.27356415e+04 -2.50279718e+04  1.08e-02 1.56e-13  1.56e-01     0s
   5  -2.30242194e+04 -2.40827642e+04  4.46e-03 5.68e-14  7.18e-02     0s
   6  -2.31674763e+04 -2.35727427e+04  1.87e-03 2.84e-14  2.76e-02     0s
   7  -2.32496914e+04 -2.33933052e+04  4.84e-04 2.84e-14  9.69e-03     0s
   8  -2.32810362e+04 -2.33116062e+04  2.82e-05 4.26e-14  2.03e-03     0s
   9  -2.32847217e+04 -2.32863501e+04  1.26e-06 2.84e-14  1.08e-04     0s
  10  -2.32849960e+04 -2.32849998e+04  8.90e-10 2.84e-14  2.51e-07     0s
  11  -2.32849967e+04 -2.32849967e+04  4.63e-13 2.84e-14  3.84e-13     0s

Barrier solved model in 11 iterations and 0.13 seconds
Optimal objective -2.32849967e+04


Root relaxation: objective -2.328500e+04, 4289 iterations, 0.10 seconds

    Nodes    |    Current Node    |     Objective Bounds      |     Work
 Expl Unexpl |  Obj  Depth IntInf | Incumbent    BestBd   Gap | It/Node Time

     0     0 -23284.997    0  265    0.00000 -23284.997      -     -    0s
H    0     0                    -20559.00000 -23284.997  13.3%     -    0s
H    0     0                    -20814.00000 -23284.997  11.9%     -    0s
     0     0 -22647.183    0  297 -20814.000 -22647.183  8.81%     -    0s
H    0     0                    -21495.00000 -22647.183  5.36%     -    0s
H    0     0                    -21720.00000 -22647.183  4.27%     -    0s
     0     0 -22635.183    0  324 -21720.000 -22635.183  4.21%     -    0s
     0     0 -22187.789    0  258 -21720.000 -22187.789  2.15%     -    0s
H    0     0                    -21924.00000 -22187.789  1.20%     -    0s
     0     0 -22176.511    0  291 -21924.000 -22176.511  1.15%     -    0s
     0     0 -22176.511    0  299 -21924.000 -22176.511  1.15%     -    0s
H    0     0                    -21985.00000 -22176.511  0.87%     -    0s

Cutting planes:
  Gomory: 9
  Cover: 182
  Clique: 5
  MIR: 53

Explored 0 nodes (8232 simplex iterations) in 0.84 seconds
Thread count was 16 (of 16 available processors)

Optimal solution found (tolerance 1.00e-02)
Best objective -2.198500000000e+04, best bound -2.217600000000e+04, gap 0.8688%
Changed value of parameter MIPGap to 0.01
   Prev: 0.0001  Min: 0.0  Max: 1e+100  Default: 0.0001
Changed value of parameter TimeLimit to 1800.0
   Prev: 1e+100  Min: 0.0  Max: 1e+100  Default: 1e+100
Changed value of parameter Method to 2
   Prev: -1  Min: -1  Max: 4  Default: -1
Changed value of parameter MIPFocus to 1
   Prev: 0  Min: 0  Max: 3  Default: 0
Optimize a model with 2498 rows, 7693 columns and 15386 nonzeros
Coefficient statistics:
  Matrix range    [1e+00, 4e+01]
  Objective range [1e+01, 2e+02]
  Bounds range    [1e+00, 1e+00]
  RHS range       [8e+01, 8e+01]
Found heuristic solution: objective 0
Presolve removed 83 rows and 296 columns
Presolve time: 0.05s
Presolved: 2415 rows, 7397 columns, 14794 nonzeros
Variable types: 0 continuous, 7397 integer (7397 binary)
Optimize a model with 2415 rows, 7397 columns and 14794 nonzeros
Coefficient statistics:
  Matrix range    [1e+00, 4e+01]
  Objective range [1e+01, 2e+02]
  Bounds range    [1e+00, 1e+00]
  RHS range       [1e+00, 8e+01]
Presolved: 2415 rows, 7397 columns, 14794 nonzeros

Root barrier log...

Ordering time: 0.00s

Barrier statistics:
 AA' NZ     : 7.397e+03
 Factor NZ  : 4.274e+04 (roughly 4 MBytes of memory)
 Factor Ops : 3.631e+06 (less than 1 second per iteration)
 Threads    : 1

                  Objective                Residual
Iter       Primal          Dual         Primal    Dual     Compl     Time
   0  -2.18102996e+05 -8.73812177e+05  4.69e+01 4.50e+01  3.78e+02     0s
   1  -5.39475063e+04 -6.53605881e+05  2.15e+00 4.43e+00  6.16e+01     0s
   2  -4.40464088e+04 -1.73565092e+05  2.65e-01 8.75e-02  9.42e+00     0s
   3  -4.36306720e+04 -6.22309140e+04  2.80e-02 3.85e-03  1.26e+00     0s
   4  -4.45660341e+04 -4.95341226e+04  1.05e-02 3.41e-13  3.38e-01     0s
   5  -4.50804500e+04 -4.73320104e+04  5.29e-03 1.99e-13  1.53e-01     0s
   6  -4.53979839e+04 -4.65096819e+04  2.52e-03 1.14e-13  7.55e-02     0s
   7  -4.55942128e+04 -4.58944610e+04  9.16e-04 1.71e-13  2.06e-02     0s
   8  -4.56952737e+04 -4.57582200e+04  1.38e-04 5.68e-14  4.27e-03     0s
   9  -4.57188631e+04 -4.57320883e+04  2.06e-06 5.68e-14  8.75e-04     0s
  10  -4.57196206e+04 -4.57213151e+04  1.85e-08 5.68e-14  1.12e-04     0s
  11  -4.57196660e+04 -4.57196749e+04  1.33e-10 5.68e-14  5.84e-07     0s
  12  -4.57196678e+04 -4.57196678e+04  1.11e-13 5.68e-14  5.84e-10     0s

Barrier solved model in 12 iterations and 0.14 seconds
Optimal objective -4.57196678e+04


Root relaxation: objective -4.571967e+04, 4521 iterations, 0.11 seconds

    Nodes    |    Current Node    |     Objective Bounds      |     Work
 Expl Unexpl |  Obj  Depth IntInf | Incumbent    BestBd   Gap | It/Node Time

     0     0 -45719.668    0  248    0.00000 -45719.668      -     -    0s
H    0     0                    -40243.00000 -45719.668  13.6%     -    0s
H    0     0                    -41059.00000 -45719.668  11.4%     -    0s
     0     0 -44205.457    0  309 -41059.000 -44205.457  7.66%     -    0s
     0     0 -44110.694    0  350 -41059.000 -44110.694  7.43%     -    0s
H    0     0                    -41237.00000 -44110.694  6.97%     -    0s
H    0     0                    -41335.00000 -44110.694  6.72%     -    0s
     0     0 -43575.868    0  270 -41335.000 -43575.868  5.42%     -    0s
H    0     0                    -42967.00000 -43575.868  1.42%     -    0s
H    0     0                    -43000.00000 -43575.868  1.34%     -    0s
     0     0 -43382.823    0  275 -43000.000 -43382.823  0.89%     -    0s

Cutting planes:
  Gomory: 10
  Cover: 168
  Clique: 5
  MIR: 58

Explored 0 nodes (8530 simplex iterations) in 0.66 seconds
Thread count was 16 (of 16 available processors)

Optimal solution found (tolerance 1.00e-02)
Best objective -4.300000000000e+04, best bound -4.338200000000e+04, gap 0.8884%
Changed value of parameter MIPGap to 0.01
   Prev: 0.0001  Min: 0.0  Max: 1e+100  Default: 0.0001
Changed value of parameter TimeLimit to 1800.0
   Prev: 1e+100  Min: 0.0  Max: 1e+100  Default: 1e+100
Changed value of parameter Method to 2
   Prev: -1  Min: -1  Max: 4  Default: -1
Changed value of parameter MIPFocus to 1
   Prev: 0  Min: 0  Max: 3  Default: 0
Optimize a model with 2498 rows, 7693 columns and 15386 nonzeros
Coefficient statistics:
  Matrix range    [1e+00, 4e+01]
  Objective range [2e+01, 4e+02]
  Bounds range    [1e+00, 1e+00]
  RHS range       [8e+01, 8e+01]
Found heuristic solution: objective 0
Presolve removed 83 rows and 296 columns
Presolve time: 0.05s
Presolved: 2415 rows, 7397 columns, 14794 nonzeros
Variable types: 0 continuous, 7397 integer (7397 binary)
Optimize a model with 2415 rows, 7397 columns and 14794 nonzeros
Coefficient statistics:
  Matrix range    [1e+00, 4e+01]
  Objective range [2e+01, 4e+02]
  Bounds range    [1e+00, 1e+00]
  RHS range       [1e+00, 8e+01]
Presolved: 2415 rows, 7397 columns, 14794 nonzeros

Root barrier log...

Ordering time: 0.00s

Barrier statistics:
 AA' NZ     : 7.397e+03
 Factor NZ  : 4.274e+04 (roughly 4 MBytes of memory)
 Factor Ops : 3.631e+06 (less than 1 second per iteration)
 Threads    : 1

                  Objective                Residual
Iter       Primal          Dual         Primal    Dual     Compl     Time
   0  -4.31664606e+05 -1.74287022e+06  4.69e+01 8.97e+01  7.54e+02     0s
   1  -1.06717205e+05 -1.30294255e+06  2.15e+00 8.80e+00  1.23e+02     0s
   2  -8.71485115e+04 -3.45746341e+05  2.65e-01 1.73e-01  1.88e+01     0s
   3  -8.63423126e+04 -1.23405122e+05  2.78e-02 7.48e-03  2.51e+00     0s
   4  -8.82455985e+04 -9.87549737e+04  1.03e-02 2.27e-13  7.13e-01     0s
   5  -8.92260516e+04 -9.39236331e+04  5.50e-03 1.71e-13  3.20e-01     0s
   6  -8.98385916e+04 -9.16817494e+04  2.90e-03 1.14e-13  1.27e-01     0s
   7  -9.03841856e+04 -9.09239051e+04  7.45e-04 1.71e-13  3.69e-02     0s
   8  -9.05434760e+04 -9.06749817e+04  1.42e-04 2.27e-13  8.92e-03     0s
   9  -9.05812326e+04 -9.06082342e+04  3.74e-05 1.71e-13  1.85e-03     0s
  10  -9.05958452e+04 -9.05974517e+04  3.84e-07 1.14e-13  1.07e-04     0s
  11  -9.05960617e+04 -9.05960618e+04  1.89e-11 1.14e-13  6.74e-09     0s

Barrier solved model in 11 iterations and 0.13 seconds
Optimal objective -9.05960617e+04


Root relaxation: objective -9.059606e+04, 4612 iterations, 0.10 seconds

    Nodes    |    Current Node    |     Objective Bounds      |     Work
 Expl Unexpl |  Obj  Depth IntInf | Incumbent    BestBd   Gap | It/Node Time

     0     0 -90596.062    0  252    0.00000 -90596.062      -     -    0s
H    0     0                    -80459.00000 -90596.062  12.6%     -    0s
H    0     0                    -82021.00000 -90596.062  10.5%     -    0s
H    0     0                    -82175.00000 -90596.062  10.2%     -    0s
     0     0 -87690.379    0  291 -82175.000 -87690.379  6.71%     -    0s
H    0     0                    -82621.00000 -87690.379  6.14%     -    0s
     0     0 -87275.461    0  290 -82621.000 -87275.461  5.63%     -    0s
H    0     0                    -82777.00000 -87275.461  5.43%     -    0s
     0     0 -85883.336    0  244 -82777.000 -85883.336  3.75%     -    0s
     0     0 -85771.918    0  230 -82777.000 -85771.918  3.62%     -    0s
     0     0 -85756.795    0  223 -82777.000 -85756.795  3.60%     -    0s
H    0     0                    -83370.00000 -85756.795  2.86%     -    0s
H    0     0                    -83853.00000 -85756.795  2.27%     -    0s
     0     0 -85756.795    0  247 -83853.000 -85756.795  2.27%     -    0s
     0     0 -85756.795    0  215 -83853.000 -85756.795  2.27%     -    0s
H    0     0                    -84615.00000 -85756.795  1.35%     -    0s
H    0     0                    -84818.00000 -85756.795  1.11%     -    0s
     0     0 -85756.795    0  271 -84818.000 -85756.795  1.11%     -    0s
     0     0 -85756.795    0  118 -84818.000 -85756.795  1.11%     -    0s
H    0     0                    -85240.00000 -85756.795  0.61%     -    1s

Cutting planes:
  Gomory: 8
  Cover: 169
  Clique: 7
  MIR: 50

Explored 0 nodes (11293 simplex iterations) in 1.05 seconds
Thread count was 16 (of 16 available processors)

Optimal solution found (tolerance 1.00e-02)
Best objective -8.524000000000e+04, best bound -8.575600000000e+04, gap 0.6053%
Changed value of parameter MIPGap to 0.01
   Prev: 0.0001  Min: 0.0  Max: 1e+100  Default: 0.0001
Changed value of parameter TimeLimit to 1800.0
   Prev: 1e+100  Min: 0.0  Max: 1e+100  Default: 1e+100
Changed value of parameter Method to 2
   Prev: -1  Min: -1  Max: 4  Default: -1
Changed value of parameter MIPFocus to 1
   Prev: 0  Min: 0  Max: 3  Default: 0
Optimize a model with 2498 rows, 7693 columns and 15386 nonzeros
Coefficient statistics:
  Matrix range    [1e+00, 4e+01]
  Objective range [5e+01, 1e+03]
  Bounds range    [1e+00, 1e+00]
  RHS range       [8e+01, 8e+01]
Found heuristic solution: objective 0
Presolve removed 83 rows and 296 columns
Presolve time: 0.05s
Presolved: 2415 rows, 7397 columns, 14794 nonzeros
Variable types: 0 continuous, 7397 integer (7397 binary)
Optimize a model with 2415 rows, 7397 columns and 14794 nonzeros
Coefficient statistics:
  Matrix range    [1e+00, 4e+01]
  Objective range [5e+01, 1e+03]
  Bounds range    [1e+00, 1e+00]
  RHS range       [1e+00, 8e+01]
Presolved: 2415 rows, 7397 columns, 14794 nonzeros

Root barrier log...

Ordering time: 0.00s

Barrier statistics:
 AA' NZ     : 7.397e+03
 Factor NZ  : 4.274e+04 (roughly 4 MBytes of memory)
 Factor Ops : 3.631e+06 (less than 1 second per iteration)
 Threads    : 1

                  Objective                Residual
Iter       Primal          Dual         Primal    Dual     Compl     Time
   0  -1.07234943e+06 -4.35004434e+06  4.69e+01 2.24e+02  1.88e+03     0s
   1  -2.65026118e+05 -3.25095023e+06  2.16e+00 2.19e+01  3.07e+02     0s
   2  -2.16456604e+05 -8.62289366e+05  2.64e-01 4.31e-01  4.70e+01     0s
   3  -2.14481641e+05 -3.06967945e+05  2.76e-02 1.84e-02  6.27e+00     0s
   4  -2.19298760e+05 -2.46227908e+05  1.02e-02 7.96e-13  1.82e+00     0s
   5  -2.21674631e+05 -2.33716955e+05  5.61e-03 7.96e-13  8.19e-01     0s
   6  -2.23199153e+05 -2.28331305e+05  3.06e-03 4.55e-13  3.52e-01     0s
   7  -2.24503435e+05 -2.25763248e+05  1.05e-03 5.68e-13  8.76e-02     0s
   8  -2.24938631e+05 -2.25291528e+05  4.12e-04 3.41e-13  2.51e-02     0s
   9  -2.25171390e+05 -2.25252605e+05  7.08e-05 5.68e-13  5.67e-03     0s
  10  -2.25222372e+05 -2.25239470e+05  8.99e-06 2.27e-13  1.17e-03     0s
  11  -2.25231161e+05 -2.25231196e+05  1.26e-09 3.41e-13  2.37e-06     0s
  12  -2.25231165e+05 -2.25231165e+05  1.65e-13 3.41e-13  2.37e-09     0s

Barrier solved model in 12 iterations and 0.14 seconds
Optimal objective -2.25231165e+05


Root relaxation: objective -2.252312e+05, 4501 iterations, 0.11 seconds

    Nodes    |    Current Node    |     Objective Bounds      |     Work
 Expl Unexpl |  Obj  Depth IntInf | Incumbent    BestBd   Gap | It/Node Time

     0     0 -225231.16    0  262    0.00000 -225231.16      -     -    0s
H    0     0                    -198190.0000 -225231.16  13.6%     -    0s
H    0     0                    -200679.0000 -225231.16  12.2%     -    0s
H    0     0                    -202640.0000 -225231.16  11.1%     -    0s
     0     0 -218591.88    0  313 -202640.00 -218591.88  7.87%     -    0s
H    0     0                    -204578.0000 -218591.88  6.85%     -    0s
     0     0 -218284.75    0  340 -204578.00 -218284.75  6.70%     -    0s
     0     0 -213734.99    0  272 -204578.00 -213734.99  4.48%     -    0s
H    0     0                    -210524.0000 -213734.99  1.53%     -    0s
H    0     0                    -210728.0000 -213734.99  1.43%     -    0s
     0     0 -213536.19    0  317 -210728.00 -213536.19  1.33%     -    0s
     0     0 -213534.24    0  313 -210728.00 -213534.24  1.33%     -    0s
H    0     0                    -210779.0000 -213534.24  1.31%     -    0s
     0     0 -212926.70    0  270 -210779.00 -212926.70  1.02%     -    0s
     0     0 -212917.30    0  269 -210779.00 -212917.30  1.01%     -    0s
H    0     0                    -211123.0000 -212917.30  0.85%     -    1s

Cutting planes:
  Gomory: 4
  Cover: 189
  Clique: 4
  MIR: 59

Explored 0 nodes (9218 simplex iterations) in 1.07 seconds
Thread count was 16 (of 16 available processors)

Optimal solution found (tolerance 1.00e-02)
Best objective -2.111230000000e+05, best bound -2.129170000000e+05, gap 0.8497%
Changed value of parameter MIPGap to 0.01
   Prev: 0.0001  Min: 0.0  Max: 1e+100  Default: 0.0001
Changed value of parameter TimeLimit to 1800.0
   Prev: 1e+100  Min: 0.0  Max: 1e+100  Default: 1e+100
Changed value of parameter Method to 2
   Prev: -1  Min: -1  Max: 4  Default: -1
Changed value of parameter MIPFocus to 1
   Prev: 0  Min: 0  Max: 3  Default: 0
Optimize a model with 2498 rows, 7693 columns and 15386 nonzeros
Coefficient statistics:
  Matrix range    [1e+00, 4e+01]
  Objective range [5e+02, 1e+04]
  Bounds range    [1e+00, 1e+00]
  RHS range       [8e+01, 8e+01]
Found heuristic solution: objective 0
Presolve removed 83 rows and 296 columns
Presolve time: 0.05s
Presolved: 2415 rows, 7397 columns, 14794 nonzeros
Variable types: 0 continuous, 7397 integer (7397 binary)
Optimize a model with 2415 rows, 7397 columns and 14794 nonzeros
Coefficient statistics:
  Matrix range    [1e+00, 4e+01]
  Objective range [5e+02, 1e+04]
  Bounds range    [1e+00, 1e+00]
  RHS range       [1e+00, 8e+01]
Presolved: 2415 rows, 7397 columns, 14794 nonzeros

Root barrier log...

Ordering time: 0.00s

Barrier statistics:
 AA' NZ     : 7.397e+03
 Factor NZ  : 4.274e+04 (roughly 4 MBytes of memory)
 Factor Ops : 3.631e+06 (less than 1 second per iteration)
 Threads    : 1

                  Objective                Residual
Iter       Primal          Dual         Primal    Dual     Compl     Time
   0  -1.06826217e+07 -4.34576562e+07  4.69e+01 2.24e+03  1.88e+04     0s
   1  -2.63965918e+06 -3.24710572e+07  2.16e+00 2.18e+02  3.07e+03     0s
   2  -2.15608449e+06 -8.61043001e+06  2.64e-01 4.29e+00  4.70e+02     0s
   3  -2.13658751e+06 -3.06040421e+06  2.75e-02 1.82e-01  6.26e+01     0s
   4  -2.18515057e+06 -2.45749982e+06  1.01e-02 9.09e-12  1.84e+01     0s
   5  -2.20847241e+06 -2.33662385e+06  5.67e-03 5.46e-12  8.71e+00     0s
   6  -2.22376033e+06 -2.28427724e+06  3.12e-03 7.28e-12  4.13e+00     0s
   7  -2.23591967e+06 -2.25528533e+06  1.25e-03 3.64e-12  1.33e+00     0s
   8  -2.24034084e+06 -2.25120683e+06  5.99e-04 3.64e-12  7.42e-01     0s
   9  -2.24370905e+06 -2.24551369e+06  1.28e-04 3.64e-12  1.25e-01     0s
  10  -2.24457537e+06 -2.24496085e+06  2.18e-05 3.64e-12  2.64e-02     0s
  11  -2.24475682e+06 -2.24476131e+06  8.25e-08 1.92e-12  3.00e-04     0s
  12  -2.24475771e+06 -2.24475771e+06  8.83e-14 3.64e-12  3.00e-07     0s
  13  -2.24475771e+06 -2.24475771e+06  1.45e-13 3.64e-12  4.70e-13     0s

Barrier solved model in 13 iterations and 0.14 seconds
Optimal objective -2.24475771e+06


Root relaxation: objective -2.244758e+06, 4096 iterations, 0.11 seconds

    Nodes    |    Current Node    |     Objective Bounds      |     Work
 Expl Unexpl |  Obj  Depth IntInf | Incumbent    BestBd   Gap | It/Node Time

     0     0 -2244757.7    0  284    0.00000 -2244757.7      -     -    0s
H    0     0                    -1948974.000 -2244757.7  15.2%     -    0s
H    0     0                    -1962473.000 -2244757.7  14.4%     -    0s
H    0     0                    -1979471.000 -2244757.7  13.4%     -    0s
H    0     0                    -2044455.000 -2244757.7  9.80%     -    0s
     0     0 -2170716.1    0  323 -2044455.0 -2170716.1  6.18%     -    0s
     0     0 -2163184.2    0  329 -2044455.0 -2163184.2  5.81%     -    0s
H    0     0                    -2045457.000 -2163184.2  5.76%     -    0s
H    0     0                    -2048957.000 -2163184.2  5.57%     -    0s
H    0     0                    -2051459.000 -2163184.2  5.45%     -    0s
     0     0 -2130693.9    0  240 -2051459.0 -2130693.9  3.86%     -    0s
H    0     0                    -2089482.000 -2130693.9  1.97%     -    0s
     0     0 -2121195.0    0  224 -2089482.0 -2121195.0  1.52%     -    0s
     0     0 -2120808.0    0  228 -2089482.0 -2120808.0  1.50%     -    0s
H    0     0                    -2105977.000 -2120808.0  0.70%     -    0s

Cutting planes:
  Gomory: 9
  Cover: 202
  Clique: 5
  MIR: 56

Explored 0 nodes (7620 simplex iterations) in 0.97 seconds
Thread count was 16 (of 16 available processors)

Optimal solution found (tolerance 1.00e-02)
Best objective -2.105977000000e+06, best bound -2.120807951220e+06, gap 0.7042%
