Changed value of parameter MIPGap to 0.01
   Prev: 0.0001  Min: 0.0  Max: 1e+100  Default: 0.0001
Changed value of parameter TimeLimit to 1800.0
   Prev: 1e+100  Min: 0.0  Max: 1e+100  Default: 1e+100
Changed value of parameter Method to 2
   Prev: -1  Min: -1  Max: 4  Default: -1
Changed value of parameter MIPFocus to 1
   Prev: 0  Min: 0  Max: 3  Default: 0
Optimize a model with 2354 rows, 3381 columns and 6762 nonzeros
Coefficient statistics:
  Matrix range    [1e+00, 2e+01]
  Objective range [1e+00, 1e+00]
  Bounds range    [1e+00, 1e+00]
  RHS range       [8e+01, 8e+01]
Found heuristic solution: objective 0
Presolve removed 2282 rows and 2508 columns
Presolve time: 0.01s
Presolved: 72 rows, 873 columns, 1576 nonzeros
Found heuristic solution: objective -843.0000000
Variable types: 0 continuous, 873 integer (761 binary)
Optimize a model with 72 rows, 873 columns and 1576 nonzeros
Coefficient statistics:
  Matrix range    [1e+00, 2e+01]
  Objective range [1e+00, 1e+00]
  Bounds range    [1e+00, 6e+00]
  RHS range       [2e+01, 8e+01]
Presolved: 72 rows, 873 columns, 1576 nonzeros

Root barrier log...

Ordering time: 0.00s

Barrier statistics:
 AA' NZ     : 6.700e+02
 Factor NZ  : 2.037e+03
 Factor Ops : 7.433e+04 (less than 1 second per iteration)
 Threads    : 1

                  Objective                Residual
Iter       Primal          Dual         Primal    Dual     Compl     Time
   0  -3.04549505e+03 -3.74454940e+03  1.94e+01 8.88e-16  6.16e+00     0s
   1  -9.92007909e+02 -2.46525270e+03  1.54e+00 1.14e+00  1.22e+00     0s
   2  -8.77351349e+02 -1.14110746e+03  0.00e+00 1.02e-01  1.48e-01     0s
   3  -9.68907711e+02 -1.00707127e+03  0.00e+00 5.73e-03  2.11e-02     0s
   4  -9.84595912e+02 -9.93086527e+02  0.00e+00 2.27e-03  4.69e-03     0s
   5  -9.87540367e+02 -9.90014317e+02  0.00e+00 1.91e-04  1.37e-03     0s
   6  -9.88532354e+02 -9.88848650e+02  0.00e+00 1.78e-15  1.74e-04     0s
   7  -9.88711078e+02 -9.88718590e+02  0.00e+00 3.55e-15  4.14e-06     0s
   8  -9.88713065e+02 -9.88713065e+02  0.00e+00 3.55e-15  3.39e-11     0s

Barrier solved model in 8 iterations and 0.03 seconds
Optimal objective -9.88713065e+02


Root relaxation: objective -9.887131e+02, 64 iterations, 0.01 seconds

    Nodes    |    Current Node    |     Objective Bounds      |     Work
 Expl Unexpl |  Obj  Depth IntInf | Incumbent    BestBd   Gap | It/Node Time

     0     0 -988.71306    0   42 -843.00000 -988.71306  17.3%     -    0s
H    0     0                    -973.0000000 -988.71306  1.61%     -    0s
H    0     0                    -974.0000000 -988.71306  1.51%     -    0s
H    0     0                    -975.0000000 -988.71306  1.41%     -    0s
     0     0 -979.95655    0   50 -975.00000 -979.95655  0.51%     -    0s

Cutting planes:
  Gomory: 3
  Cover: 1
  MIR: 46

Explored 0 nodes (218 simplex iterations) in 0.06 seconds
Thread count was 16 (of 16 available processors)

Optimal solution found (tolerance 1.00e-02)
Best objective -9.750000000000e+02, best bound -9.790000000000e+02, gap 0.4103%
Changed value of parameter MIPGap to 0.01
   Prev: 0.0001  Min: 0.0  Max: 1e+100  Default: 0.0001
Changed value of parameter TimeLimit to 1800.0
   Prev: 1e+100  Min: 0.0  Max: 1e+100  Default: 1e+100
Changed value of parameter Method to 2
   Prev: -1  Min: -1  Max: 4  Default: -1
Changed value of parameter MIPFocus to 1
   Prev: 0  Min: 0  Max: 3  Default: 0
Optimize a model with 2354 rows, 3381 columns and 6762 nonzeros
Coefficient statistics:
  Matrix range    [1e+00, 2e+01]
  Objective range [1e+00, 1e+00]
  Bounds range    [1e+00, 1e+00]
  RHS range       [8e+01, 8e+01]
Found heuristic solution: objective 0
Presolve removed 2282 rows and 2499 columns
Presolve time: 0.01s
Presolved: 72 rows, 882 columns, 1585 nonzeros
Found heuristic solution: objective -848.6855000
Variable types: 0 continuous, 882 integer (766 binary)
Optimize a model with 72 rows, 882 columns and 1585 nonzeros
Coefficient statistics:
  Matrix range    [1e+00, 2e+01]
  Objective range [1e+00, 1e+00]
  Bounds range    [1e+00, 6e+00]
  RHS range       [1e+01, 8e+01]
Presolved: 72 rows, 882 columns, 1585 nonzeros

Root barrier log...

Ordering time: 0.00s

Barrier statistics:
 AA' NZ     : 6.700e+02
 Factor NZ  : 2.037e+03
 Factor Ops : 7.433e+04 (less than 1 second per iteration)
 Threads    : 1

                  Objective                Residual
Iter       Primal          Dual         Primal    Dual     Compl     Time
   0  -3.07337600e+03 -3.78088010e+03  1.95e+01 1.78e-15  6.16e+00     0s
   1  -9.93543734e+02 -2.49892710e+03  1.53e+00 1.14e+00  1.23e+00     0s
   2  -8.77261319e+02 -1.14630645e+03  0.00e+00 1.01e-01  1.49e-01     0s
   3  -9.70940716e+02 -1.00867571e+03  0.00e+00 5.48e-03  2.07e-02     0s
   4  -9.85987834e+02 -9.94545052e+02  0.00e+00 2.28e-03  4.68e-03     0s
   5  -9.89064577e+02 -9.91495382e+02  0.00e+00 1.98e-04  1.33e-03     0s
   6  -9.90041651e+02 -9.90353967e+02  0.00e+00 1.78e-15  1.71e-04     0s
   7  -9.90217178e+02 -9.90224692e+02  0.00e+00 3.55e-15  4.10e-06     0s
   8  -9.90218981e+02 -9.90218981e+02  0.00e+00 1.78e-15  4.18e-11     0s

Barrier solved model in 8 iterations and 0.02 seconds
Optimal objective -9.90218981e+02


Root relaxation: objective -9.902190e+02, 64 iterations, 0.01 seconds

    Nodes    |    Current Node    |     Objective Bounds      |     Work
 Expl Unexpl |  Obj  Depth IntInf | Incumbent    BestBd   Gap | It/Node Time

     0     0 -990.21898    0   42 -848.68550 -990.21898  16.7%     -    0s
H    0     0                    -973.4465000 -990.21898  1.72%     -    0s
H    0     0                    -974.4835000 -990.21898  1.61%     -    0s
H    0     0                    -976.4830000 -990.21898  1.41%     -    0s
     0     0 -981.46903    0   56 -976.48300 -981.46903  0.51%     -    0s

Cutting planes:
  Gomory: 4
  Cover: 1
  MIR: 44

Explored 0 nodes (247 simplex iterations) in 0.06 seconds
Thread count was 16 (of 16 available processors)

Optimal solution found (tolerance 1.00e-02)
Best objective -9.764830000000e+02, best bound -9.814690326229e+02, gap 0.5106%
Changed value of parameter MIPGap to 0.01
   Prev: 0.0001  Min: 0.0  Max: 1e+100  Default: 0.0001
Changed value of parameter TimeLimit to 1800.0
   Prev: 1e+100  Min: 0.0  Max: 1e+100  Default: 1e+100
Changed value of parameter Method to 2
   Prev: -1  Min: -1  Max: 4  Default: -1
Changed value of parameter MIPFocus to 1
   Prev: 0  Min: 0  Max: 3  Default: 0
Optimize a model with 2354 rows, 3381 columns and 6762 nonzeros
Coefficient statistics:
  Matrix range    [1e+00, 2e+01]
  Objective range [1e+00, 1e+00]
  Bounds range    [1e+00, 1e+00]
  RHS range       [8e+01, 8e+01]
Found heuristic solution: objective 0
Presolve removed 2282 rows and 2499 columns
Presolve time: 0.01s
Presolved: 72 rows, 882 columns, 1585 nonzeros
Found heuristic solution: objective -850.3710000
Variable types: 0 continuous, 882 integer (766 binary)
Optimize a model with 72 rows, 882 columns and 1585 nonzeros
Coefficient statistics:
  Matrix range    [1e+00, 2e+01]
  Objective range [1e+00, 1e+00]
  Bounds range    [1e+00, 6e+00]
  RHS range       [1e+01, 8e+01]
Presolved: 72 rows, 882 columns, 1585 nonzeros

Root barrier log...

Ordering time: 0.00s

Barrier statistics:
 AA' NZ     : 6.700e+02
 Factor NZ  : 2.037e+03
 Factor Ops : 7.433e+04 (less than 1 second per iteration)
 Threads    : 1

                  Objective                Residual
Iter       Primal          Dual         Primal    Dual     Compl     Time
   0  -3.07781661e+03 -3.78242614e+03  1.95e+01 1.33e-15  6.16e+00     0s
   1  -9.95305385e+02 -2.50031113e+03  1.53e+00 1.14e+00  1.23e+00     0s
   2  -8.78752688e+02 -1.14765774e+03  0.00e+00 1.01e-01  1.49e-01     0s
   3  -9.72504489e+02 -1.00999397e+03  0.00e+00 5.31e-03  2.05e-02     0s
   4  -9.87453949e+02 -9.95925754e+02  0.00e+00 2.05e-03  4.63e-03     0s
   5  -9.90508109e+02 -9.92915645e+02  0.00e+00 2.71e-04  1.32e-03     0s
   6  -9.91535102e+02 -9.91861447e+02  0.00e+00 3.55e-15  1.78e-04     0s
   7  -9.91721908e+02 -9.91731768e+02  0.00e+00 3.55e-15  5.38e-06     0s
   8  -9.91724897e+02 -9.91724897e+02  0.00e+00 1.78e-15  1.20e-10     0s

Barrier solved model in 8 iterations and 0.02 seconds
Optimal objective -9.91724897e+02


Root relaxation: objective -9.917249e+02, 64 iterations, 0.01 seconds

    Nodes    |    Current Node    |     Objective Bounds      |     Work
 Expl Unexpl |  Obj  Depth IntInf | Incumbent    BestBd   Gap | It/Node Time

     0     0 -991.72490    0   40 -850.37100 -991.72490  16.6%     -    0s
H    0     0                    -976.8860000 -991.72490  1.52%     -    0s
H    0     0                    -977.9480000 -991.72490  1.41%     -    0s
     0     0 -982.77943    0   61 -977.94800 -982.77943  0.49%     -    0s

Cutting planes:
  Gomory: 5
  MIR: 44

Explored 0 nodes (245 simplex iterations) in 0.06 seconds
Thread count was 16 (of 16 available processors)

Optimal solution found (tolerance 1.00e-02)
Best objective -9.779480000000e+02, best bound -9.827794349650e+02, gap 0.4940%
Changed value of parameter MIPGap to 0.01
   Prev: 0.0001  Min: 0.0  Max: 1e+100  Default: 0.0001
Changed value of parameter TimeLimit to 1800.0
   Prev: 1e+100  Min: 0.0  Max: 1e+100  Default: 1e+100
Changed value of parameter Method to 2
   Prev: -1  Min: -1  Max: 4  Default: -1
Changed value of parameter MIPFocus to 1
   Prev: 0  Min: 0  Max: 3  Default: 0
Optimize a model with 2354 rows, 3381 columns and 6762 nonzeros
Coefficient statistics:
  Matrix range    [1e+00, 2e+01]
  Objective range [1e+00, 1e+00]
  Bounds range    [1e+00, 1e+00]
  RHS range       [8e+01, 8e+01]
Found heuristic solution: objective 0
Presolve removed 2282 rows and 2499 columns
Presolve time: 0.01s
Presolved: 72 rows, 882 columns, 1585 nonzeros
Found heuristic solution: objective -853.7420000
Variable types: 0 continuous, 882 integer (766 binary)
Optimize a model with 72 rows, 882 columns and 1585 nonzeros
Coefficient statistics:
  Matrix range    [1e+00, 2e+01]
  Objective range [1e+00, 1e+00]
  Bounds range    [1e+00, 6e+00]
  RHS range       [1e+01, 8e+01]
Presolved: 72 rows, 882 columns, 1585 nonzeros

Root barrier log...

Ordering time: 0.00s

Barrier statistics:
 AA' NZ     : 6.700e+02
 Factor NZ  : 2.037e+03
 Factor Ops : 7.433e+04 (less than 1 second per iteration)
 Threads    : 1

                  Objective                Residual
Iter       Primal          Dual         Primal    Dual     Compl     Time
   0  -3.08669775e+03 -3.78551822e+03  1.95e+01 1.78e-15  6.16e+00     0s
   1  -9.98830200e+02 -2.50307956e+03  1.53e+00 1.14e+00  1.23e+00     0s
   2  -8.81738496e+02 -1.15036181e+03  0.00e+00 1.01e-01  1.49e-01     0s
   3  -9.75630193e+02 -1.01272759e+03  0.00e+00 5.03e-03  2.03e-02     0s
   4  -9.90385626e+02 -9.98349492e+02  0.00e+00 1.64e-03  4.35e-03     0s
   5  -9.93548598e+02 -9.95818878e+02  0.00e+00 1.68e-04  1.24e-03     0s
   6  -9.94507454e+02 -9.94877103e+02  0.00e+00 1.78e-15  2.02e-04     0s
   7  -9.94730619e+02 -9.94745075e+02  0.00e+00 3.55e-15  7.89e-06     0s
   8  -9.94736728e+02 -9.94736731e+02  0.00e+00 3.55e-15  1.60e-09     0s

Barrier solved model in 8 iterations and 0.02 seconds
Optimal objective -9.94736728e+02


Root relaxation: objective -9.947367e+02, 64 iterations, 0.01 seconds

    Nodes    |    Current Node    |     Objective Bounds      |     Work
 Expl Unexpl |  Obj  Depth IntInf | Incumbent    BestBd   Gap | It/Node Time

     0     0 -994.73673    0   46 -853.74200 -994.73673  16.5%     -    0s
H    0     0                    -977.7280000 -994.73673  1.74%     -    0s
H    0     0                    -978.8040000 -994.73673  1.63%     -    0s
H    0     0                    -980.8580000 -994.73673  1.41%     -    0s
     0     0 -985.66655    0   55 -980.85800 -985.66655  0.49%     -    0s

Cutting planes:
  Gomory: 4
  MIR: 48

Explored 0 nodes (227 simplex iterations) in 0.06 seconds
Thread count was 16 (of 16 available processors)

Optimal solution found (tolerance 1.00e-02)
Best objective -9.808580000000e+02, best bound -9.856665542152e+02, gap 0.4902%
Changed value of parameter MIPGap to 0.01
   Prev: 0.0001  Min: 0.0  Max: 1e+100  Default: 0.0001
Changed value of parameter TimeLimit to 1800.0
   Prev: 1e+100  Min: 0.0  Max: 1e+100  Default: 1e+100
Changed value of parameter Method to 2
   Prev: -1  Min: -1  Max: 4  Default: -1
Changed value of parameter MIPFocus to 1
   Prev: 0  Min: 0  Max: 3  Default: 0
Optimize a model with 2354 rows, 3381 columns and 6762 nonzeros
Coefficient statistics:
  Matrix range    [1e+00, 2e+01]
  Objective range [1e+00, 1e+00]
  Bounds range    [1e+00, 1e+00]
  RHS range       [8e+01, 8e+01]
Found heuristic solution: objective 0
Presolve removed 2282 rows and 2499 columns
Presolve time: 0.01s
Presolved: 72 rows, 882 columns, 1585 nonzeros
Found heuristic solution: objective -860.4840000
Variable types: 0 continuous, 882 integer (766 binary)
Optimize a model with 72 rows, 882 columns and 1585 nonzeros
Coefficient statistics:
  Matrix range    [1e+00, 2e+01]
  Objective range [1e+00, 1e+00]
  Bounds range    [1e+00, 6e+00]
  RHS range       [1e+01, 8e+01]
Presolved: 72 rows, 882 columns, 1585 nonzeros

Root barrier log...

Ordering time: 0.00s

Barrier statistics:
 AA' NZ     : 6.700e+02
 Factor NZ  : 2.037e+03
 Factor Ops : 7.433e+04 (less than 1 second per iteration)
 Threads    : 1

                  Objective                Residual
Iter       Primal          Dual         Primal    Dual     Compl     Time
   0  -3.10445972e+03 -3.79170238e+03  1.95e+01 8.88e-16  6.16e+00     0s
   1  -1.00588588e+03 -2.50861793e+03  1.54e+00 1.14e+00  1.23e+00     0s
   2  -8.87722262e+02 -1.15573383e+03  0.00e+00 1.00e-01  1.49e-01     0s
   3  -9.81764790e+02 -1.01784043e+03  0.00e+00 5.33e-03  1.98e-02     0s
   4  -9.96623196e+02 -1.00422717e+03  0.00e+00 1.70e-03  4.15e-03     0s
   5  -9.99907744e+02 -1.00182744e+03  0.00e+00 4.83e-04  1.05e-03     0s
   6  -1.00058408e+03 -1.00095469e+03  0.00e+00 4.23e-05  2.02e-04     0s
   7  -1.00075002e+03 -1.00077462e+03  0.00e+00 9.46e-07  1.34e-05     0s
   8  -1.00076036e+03 -1.00076047e+03  0.00e+00 3.55e-15  6.19e-08     0s
   9  -1.00076040e+03 -1.00076040e+03  0.00e+00 3.55e-15  6.19e-11     0s

Barrier solved model in 9 iterations and 0.02 seconds
Optimal objective -1.00076040e+03


Root relaxation: objective -1.000760e+03, 64 iterations, 0.01 seconds

    Nodes    |    Current Node    |     Objective Bounds      |     Work
 Expl Unexpl |  Obj  Depth IntInf | Incumbent    BestBd   Gap | It/Node Time

     0     0 -1000.7604    0   44 -860.48400 -1000.7604  16.3%     -    0s
H    0     0                    -984.4640000 -1000.7604  1.66%     -    0s
H    0     0                    -985.6160000 -1000.7604  1.54%     -    0s
H    0     0                    -986.8120000 -1000.7604  1.41%     -    0s
     0     0 -992.08358    0   60 -986.81200 -992.08358  0.53%     -    0s

Cutting planes:
  Gomory: 4
  MIR: 46

Explored 0 nodes (219 simplex iterations) in 0.07 seconds
Thread count was 16 (of 16 available processors)

Optimal solution found (tolerance 1.00e-02)
Best objective -9.868120000000e+02, best bound -9.920835790293e+02, gap 0.5342%
Changed value of parameter MIPGap to 0.01
   Prev: 0.0001  Min: 0.0  Max: 1e+100  Default: 0.0001
Changed value of parameter TimeLimit to 1800.0
   Prev: 1e+100  Min: 0.0  Max: 1e+100  Default: 1e+100
Changed value of parameter Method to 2
   Prev: -1  Min: -1  Max: 4  Default: -1
Changed value of parameter MIPFocus to 1
   Prev: 0  Min: 0  Max: 3  Default: 0
Optimize a model with 2354 rows, 3381 columns and 6762 nonzeros
Coefficient statistics:
  Matrix range    [1e+00, 2e+01]
  Objective range [1e+00, 1e+00]
  Bounds range    [1e+00, 1e+00]
  RHS range       [8e+01, 8e+01]
Found heuristic solution: objective 0
Presolve removed 2282 rows and 2499 columns
Presolve time: 0.01s
Presolved: 72 rows, 882 columns, 1585 nonzeros
Found heuristic solution: objective -863.8550000
Variable types: 0 continuous, 882 integer (766 binary)
Optimize a model with 72 rows, 882 columns and 1585 nonzeros
Coefficient statistics:
  Matrix range    [1e+00, 2e+01]
  Objective range [1e+00, 1e+00]
  Bounds range    [1e+00, 6e+00]
  RHS range       [1e+01, 8e+01]
Presolved: 72 rows, 882 columns, 1585 nonzeros

Root barrier log...

Ordering time: 0.00s

Barrier statistics:
 AA' NZ     : 6.700e+02
 Factor NZ  : 2.037e+03
 Factor Ops : 7.433e+04 (less than 1 second per iteration)
 Threads    : 1

                  Objective                Residual
Iter       Primal          Dual         Primal    Dual     Compl     Time
   0  -3.11334055e+03 -3.79479446e+03  1.95e+01 1.33e-15  6.16e+00     0s
   1  -1.00941673e+03 -2.51138787e+03  1.54e+00 1.13e+00  1.23e+00     0s
   2  -8.90720203e+02 -1.15841117e+03  0.00e+00 9.97e-02  1.48e-01     0s
   3  -9.84842763e+02 -1.02108569e+03  0.00e+00 5.41e-03  1.98e-02     0s
   4  -9.99727284e+02 -1.00708955e+03  0.00e+00 1.54e-03  4.02e-03     0s
   5  -1.00286590e+03 -1.00462996e+03  0.00e+00 3.37e-04  9.63e-04     0s
   6  -1.00346681e+03 -1.00391661e+03  0.00e+00 1.78e-15  2.46e-04     0s
   7  -1.00374961e+03 -1.00378987e+03  0.00e+00 3.55e-15  2.20e-05     0s
   8  -1.00377213e+03 -1.00377260e+03  0.00e+00 1.78e-15  2.58e-07     0s
   9  -1.00377223e+03 -1.00377223e+03  0.00e+00 3.55e-15  2.58e-10     0s

Barrier solved model in 9 iterations and 0.02 seconds
Optimal objective -1.00377223e+03


Root relaxation: objective -1.003772e+03, 64 iterations, 0.01 seconds

    Nodes    |    Current Node    |     Objective Bounds      |     Work
 Expl Unexpl |  Obj  Depth IntInf | Incumbent    BestBd   Gap | It/Node Time

     0     0 -1003.7722    0   42 -863.85500 -1003.7722  16.2%     -    0s
H    0     0                    -988.4000000 -1003.7722  1.56%     -    0s
H    0     0                    -989.6450000 -1003.7722  1.43%     -    0s
     0     0 -995.16383    0   58 -989.64500 -995.16383  0.56%     -    0s

Cutting planes:
  Gomory: 3
  Cover: 1
  MIR: 47

Explored 0 nodes (243 simplex iterations) in 0.07 seconds
Thread count was 16 (of 16 available processors)

Optimal solution found (tolerance 1.00e-02)
Best objective -9.896450000000e+02, best bound -9.951600000000e+02, gap 0.5573%
Changed value of parameter MIPGap to 0.01
   Prev: 0.0001  Min: 0.0  Max: 1e+100  Default: 0.0001
Changed value of parameter TimeLimit to 1800.0
   Prev: 1e+100  Min: 0.0  Max: 1e+100  Default: 1e+100
Changed value of parameter Method to 2
   Prev: -1  Min: -1  Max: 4  Default: -1
Changed value of parameter MIPFocus to 1
   Prev: 0  Min: 0  Max: 3  Default: 0
Optimize a model with 2354 rows, 3381 columns and 6762 nonzeros
Coefficient statistics:
  Matrix range    [1e+00, 2e+01]
  Objective range [1e+00, 1e+00]
  Bounds range    [1e+00, 1e+00]
  RHS range       [8e+01, 8e+01]
Found heuristic solution: objective 0
Presolve removed 2282 rows and 2499 columns
Presolve time: 0.01s
Presolved: 72 rows, 882 columns, 1585 nonzeros
Found heuristic solution: objective -880.7100000
Variable types: 0 continuous, 882 integer (766 binary)
Optimize a model with 72 rows, 882 columns and 1585 nonzeros
Coefficient statistics:
  Matrix range    [1e+00, 2e+01]
  Objective range [1e+00, 1e+00]
  Bounds range    [1e+00, 6e+00]
  RHS range       [1e+01, 8e+01]
Presolved: 72 rows, 882 columns, 1585 nonzeros

Root barrier log...

Ordering time: 0.00s

Barrier statistics:
 AA' NZ     : 6.700e+02
 Factor NZ  : 2.037e+03
 Factor Ops : 7.433e+04 (less than 1 second per iteration)
 Threads    : 1

                  Objective                Residual
Iter       Primal          Dual         Primal    Dual     Compl     Time
   0  -3.15774320e+03 -3.81025486e+03  1.95e+01 1.78e-15  6.16e+00     0s
   1  -1.02710100e+03 -2.52524513e+03  1.54e+00 1.13e+00  1.23e+00     0s
   2  -9.05769994e+02 -1.17181381e+03  0.00e+00 9.76e-02  1.47e-01     0s
   3  -1.00034430e+03 -1.03719999e+03  0.00e+00 5.69e-03  2.02e-02     0s
   4  -1.01484690e+03 -1.02165419e+03  0.00e+00 3.55e-15  3.72e-03     0s
   5  -1.01808009e+03 -1.01985743e+03  0.00e+00 1.78e-15  9.70e-04     0s
   6  -1.01884429e+03 -1.01935372e+03  0.00e+00 1.78e-15  2.78e-04     0s
   7  -1.01921333e+03 -1.01926750e+03  0.00e+00 1.78e-15  2.95e-05     0s
   8  -1.01923496e+03 -1.01923551e+03  0.00e+00 1.78e-15  3.00e-07     0s
   9  -1.01923520e+03 -1.01923520e+03  0.00e+00 3.55e-15  3.00e-10     0s

Barrier solved model in 9 iterations and 0.02 seconds
Optimal objective -1.01923520e+03


Root relaxation: objective -1.019235e+03, 54 iterations, 0.01 seconds

    Nodes    |    Current Node    |     Objective Bounds      |     Work
 Expl Unexpl |  Obj  Depth IntInf | Incumbent    BestBd   Gap | It/Node Time

     0     0 -1019.2352    0   45 -880.71000 -1019.2352  15.7%     -    0s
H    0     0                    -1002.510000 -1019.2352  1.67%     -    0s
H    0     0                    -1004.540000 -1019.2352  1.46%     -    0s
     0     0 -1011.4147    0   48 -1004.5400 -1011.4147  0.68%     -    0s

Cutting planes:
  Gomory: 7
  MIR: 44

Explored 0 nodes (207 simplex iterations) in 0.06 seconds
Thread count was 16 (of 16 available processors)

Optimal solution found (tolerance 1.00e-02)
Best objective -1.004540000000e+03, best bound -1.011410000000e+03, gap 0.6839%
Changed value of parameter MIPGap to 0.01
   Prev: 0.0001  Min: 0.0  Max: 1e+100  Default: 0.0001
Changed value of parameter TimeLimit to 1800.0
   Prev: 1e+100  Min: 0.0  Max: 1e+100  Default: 1e+100
Changed value of parameter Method to 2
   Prev: -1  Min: -1  Max: 4  Default: -1
Changed value of parameter MIPFocus to 1
   Prev: 0  Min: 0  Max: 3  Default: 0
Optimize a model with 2354 rows, 3381 columns and 6762 nonzeros
Coefficient statistics:
  Matrix range    [1e+00, 2e+01]
  Objective range [1e+00, 1e+00]
  Bounds range    [1e+00, 1e+00]
  RHS range       [8e+01, 8e+01]
Found heuristic solution: objective 0
Presolve removed 2282 rows and 2499 columns
Presolve time: 0.01s
Presolved: 72 rows, 882 columns, 1585 nonzeros
Found heuristic solution: objective -914.4200000
Variable types: 0 continuous, 882 integer (766 binary)
Optimize a model with 72 rows, 882 columns and 1585 nonzeros
Coefficient statistics:
  Matrix range    [1e+00, 2e+01]
  Objective range [1e+00, 1e+00]
  Bounds range    [1e+00, 6e+00]
  RHS range       [1e+01, 8e+01]
Presolved: 72 rows, 882 columns, 1585 nonzeros

Root barrier log...

Ordering time: 0.00s

Barrier statistics:
 AA' NZ     : 6.700e+02
 Factor NZ  : 2.037e+03
 Factor Ops : 7.433e+04 (less than 1 second per iteration)
 Threads    : 1

                  Objective                Residual
Iter       Primal          Dual         Primal    Dual     Compl     Time
   0  -3.24654090e+03 -3.84117565e+03  1.95e+01 1.33e-15  6.16e+00     0s
   1  -1.06261804e+03 -2.55299758e+03  1.55e+00 1.11e+00  1.23e+00     0s
   2  -9.36163581e+02 -1.19858012e+03  0.00e+00 9.32e-02  1.45e-01     0s
   3  -1.02959317e+03 -1.07043210e+03  0.00e+00 6.52e-03  2.24e-02     0s
   4  -1.04474920e+03 -1.05427253e+03  0.00e+00 1.78e-15  5.21e-03     0s
   5  -1.04909048e+03 -1.05142709e+03  0.00e+00 3.55e-15  1.28e-03     0s
   6  -1.05033129e+03 -1.05054964e+03  0.00e+00 1.78e-15  1.19e-04     0s
   7  -1.05043000e+03 -1.05043071e+03  0.00e+00 3.55e-15  3.89e-07     0s
   8  -1.05043035e+03 -1.05043035e+03  0.00e+00 3.55e-15  4.06e-13     0s

Barrier solved model in 8 iterations and 0.02 seconds
Optimal objective -1.05043035e+03


Root relaxation: objective -1.050430e+03, 55 iterations, 0.01 seconds

    Nodes    |    Current Node    |     Objective Bounds      |     Work
 Expl Unexpl |  Obj  Depth IntInf | Incumbent    BestBd   Gap | It/Node Time

     0     0 -1050.4304    0   48 -914.42000 -1050.4304  14.9%     -    0s
H    0     0                    -1031.860000 -1050.4304  1.80%     -    0s
H    0     0                    -1033.980000 -1050.4304  1.59%     -    0s
     0     0 -1041.8916    0   52 -1033.9800 -1041.8916  0.77%     -    0s

Cutting planes:
  Gomory: 8
  MIR: 44

Explored 0 nodes (212 simplex iterations) in 0.06 seconds
Thread count was 16 (of 16 available processors)

Optimal solution found (tolerance 1.00e-02)
Best objective -1.033980000000e+03, best bound -1.041880000000e+03, gap 0.7640%
Changed value of parameter MIPGap to 0.01
   Prev: 0.0001  Min: 0.0  Max: 1e+100  Default: 0.0001
Changed value of parameter TimeLimit to 1800.0
   Prev: 1e+100  Min: 0.0  Max: 1e+100  Default: 1e+100
Changed value of parameter Method to 2
   Prev: -1  Min: -1  Max: 4  Default: -1
Changed value of parameter MIPFocus to 1
   Prev: 0  Min: 0  Max: 3  Default: 0
Optimize a model with 2354 rows, 3381 columns and 6762 nonzeros
Coefficient statistics:
  Matrix range    [1e+00, 2e+01]
  Objective range [1e+00, 2e+00]
  Bounds range    [1e+00, 1e+00]
  RHS range       [8e+01, 8e+01]
Found heuristic solution: objective 0
Presolve removed 2282 rows and 2499 columns
Presolve time: 0.01s
Presolved: 72 rows, 882 columns, 1585 nonzeros
Found heuristic solution: objective -981.8400000
Variable types: 0 continuous, 882 integer (766 binary)
Optimize a model with 72 rows, 882 columns and 1585 nonzeros
Coefficient statistics:
  Matrix range    [1e+00, 2e+01]
  Objective range [1e+00, 2e+00]
  Bounds range    [1e+00, 6e+00]
  RHS range       [1e+01, 8e+01]
Presolved: 72 rows, 882 columns, 1585 nonzeros

Root barrier log...

Ordering time: 0.00s

Barrier statistics:
 AA' NZ     : 6.700e+02
 Factor NZ  : 2.037e+03
 Factor Ops : 7.433e+04 (less than 1 second per iteration)
 Threads    : 1

                  Objective                Residual
Iter       Primal          Dual         Primal    Dual     Compl     Time
   0  -3.42410588e+03 -3.90301724e+03  1.95e+01 1.33e-15  6.15e+00     0s
   1  -1.13422993e+03 -2.60866813e+03  1.58e+00 1.09e+00  1.23e+00     0s
   2  -1.00437158e+03 -1.25849492e+03  0.00e+00 8.86e-02  1.40e-01     0s
   3  -1.08793964e+03 -1.13578845e+03  0.00e+00 6.84e-03  2.62e-02     0s
   4  -1.10258264e+03 -1.11781162e+03  0.00e+00 3.55e-15  8.33e-03     0s
   5  -1.11149182e+03 -1.11412087e+03  0.00e+00 3.55e-15  1.44e-03     0s
   6  -1.11276986e+03 -1.11308368e+03  0.00e+00 3.55e-15  1.72e-04     0s
   7  -1.11298782e+03 -1.11299676e+03  0.00e+00 3.55e-15  4.89e-06     0s
   8  -1.11299552e+03 -1.11299552e+03  0.00e+00 3.55e-15  2.59e-10     0s

Barrier solved model in 8 iterations and 0.02 seconds
Optimal objective -1.11299552e+03


Root relaxation: objective -1.112996e+03, 53 iterations, 0.01 seconds

    Nodes    |    Current Node    |     Objective Bounds      |     Work
 Expl Unexpl |  Obj  Depth IntInf | Incumbent    BestBd   Gap | It/Node Time

     0     0 -1112.9955    0   49 -981.84000 -1112.9955  13.4%     -    0s
H    0     0                    -1090.400000 -1112.9955  2.07%     -    0s
H    0     0                    -1093.280000 -1112.9955  1.80%     -    0s
     0     0 -1105.0916    0   70 -1093.2800 -1105.0916  1.08%     -    0s
H    0     0                    -1096.160000 -1105.0916  0.81%     -    0s

Cutting planes:
  Gomory: 9
  MIR: 38

Explored 0 nodes (201 simplex iterations) in 0.08 seconds
Thread count was 16 (of 16 available processors)

Optimal solution found (tolerance 1.00e-02)
Best objective -1.096160000000e+03, best bound -1.105080000000e+03, gap 0.8137%
Changed value of parameter MIPGap to 0.01
   Prev: 0.0001  Min: 0.0  Max: 1e+100  Default: 0.0001
Changed value of parameter TimeLimit to 1800.0
   Prev: 1e+100  Min: 0.0  Max: 1e+100  Default: 1e+100
Changed value of parameter Method to 2
   Prev: -1  Min: -1  Max: 4  Default: -1
Changed value of parameter MIPFocus to 1
   Prev: 0  Min: 0  Max: 3  Default: 0
Optimize a model with 2354 rows, 3381 columns and 6762 nonzeros
Coefficient statistics:
  Matrix range    [1e+00, 2e+01]
  Objective range [1e+00, 2e+00]
  Bounds range    [1e+00, 1e+00]
  RHS range       [8e+01, 8e+01]
Found heuristic solution: objective 0
Presolve removed 2282 rows and 2499 columns
Presolve time: 0.01s
Presolved: 72 rows, 882 columns, 1585 nonzeros
Found heuristic solution: objective -1015.550000
Variable types: 0 continuous, 882 integer (766 binary)
Optimize a model with 72 rows, 882 columns and 1585 nonzeros
Coefficient statistics:
  Matrix range    [1e+00, 2e+01]
  Objective range [1e+00, 2e+00]
  Bounds range    [1e+00, 6e+00]
  RHS range       [1e+01, 8e+01]
Presolved: 72 rows, 882 columns, 1585 nonzeros

Root barrier log...

Ordering time: 0.00s

Barrier statistics:
 AA' NZ     : 6.700e+02
 Factor NZ  : 2.037e+03
 Factor Ops : 7.433e+04 (less than 1 second per iteration)
 Threads    : 1

                  Objective                Residual
Iter       Primal          Dual         Primal    Dual     Compl     Time
   0  -3.51287316e+03 -3.93393804e+03  1.95e+01 1.78e-15  6.15e+00     0s
   1  -1.17031433e+03 -2.63659434e+03  1.59e+00 1.07e+00  1.23e+00     0s
   2  -1.03594300e+03 -1.29134608e+03  0.00e+00 8.81e-02  1.41e-01     0s
   3  -1.11719498e+03 -1.17078420e+03  0.00e+00 8.94e-03  2.93e-02     0s
   4  -1.13047746e+03 -1.15035343e+03  0.00e+00 1.78e-15  1.09e-02     0s
   5  -1.14162048e+03 -1.14581515e+03  0.00e+00 1.78e-15  2.29e-03     0s
   6  -1.14395591e+03 -1.14440579e+03  0.00e+00 1.78e-15  2.46e-04     0s
   7  -1.14433359e+03 -1.14434162e+03  0.00e+00 3.55e-15  4.38e-06     0s
   8  -1.14433581e+03 -1.14433581e+03  0.00e+00 1.78e-15  5.79e-12     0s

Barrier solved model in 8 iterations and 0.02 seconds
Optimal objective -1.14433581e+03


Root relaxation: objective -1.144336e+03, 74 iterations, 0.01 seconds

    Nodes    |    Current Node    |     Objective Bounds      |     Work
 Expl Unexpl |  Obj  Depth IntInf | Incumbent    BestBd   Gap | It/Node Time

     0     0 -1144.3358    0   44 -1015.5500 -1144.3358  12.7%     -    0s
H    0     0                    -1120.000000 -1144.3358  2.17%     -    0s
H    0     0                    -1123.900000 -1144.3358  1.82%     -    0s
     0     0 -1135.7847    0   65 -1123.9000 -1135.7847  1.06%     -    0s
H    0     0                    -1126.650000 -1135.7847  0.81%     -    0s

Cutting planes:
  Gomory: 7
  MIR: 38

Explored 0 nodes (274 simplex iterations) in 0.09 seconds
Thread count was 16 (of 16 available processors)

Optimal solution found (tolerance 1.00e-02)
Best objective -1.126650000000e+03, best bound -1.135750000000e+03, gap 0.8077%
Changed value of parameter MIPGap to 0.01
   Prev: 0.0001  Min: 0.0  Max: 1e+100  Default: 0.0001
Changed value of parameter TimeLimit to 1800.0
   Prev: 1e+100  Min: 0.0  Max: 1e+100  Default: 1e+100
Changed value of parameter Method to 2
   Prev: -1  Min: -1  Max: 4  Default: -1
Changed value of parameter MIPFocus to 1
   Prev: 0  Min: 0  Max: 3  Default: 0
Optimize a model with 2354 rows, 3381 columns and 6762 nonzeros
Coefficient statistics:
  Matrix range    [1e+00, 2e+01]
  Objective range [1e+00, 3e+00]
  Bounds range    [1e+00, 1e+00]
  RHS range       [8e+01, 8e+01]
Found heuristic solution: objective 0
Presolve removed 2282 rows and 2499 columns
Presolve time: 0.01s
Presolved: 72 rows, 882 columns, 1585 nonzeros
Found heuristic solution: objective -1184.100000
Variable types: 0 continuous, 882 integer (766 binary)
Optimize a model with 72 rows, 882 columns and 1585 nonzeros
Coefficient statistics:
  Matrix range    [1e+00, 2e+01]
  Objective range [1e+00, 3e+00]
  Bounds range    [1e+00, 6e+00]
  RHS range       [1e+01, 8e+01]
Presolved: 72 rows, 882 columns, 1585 nonzeros

Root barrier log...

Ordering time: 0.00s

Barrier statistics:
 AA' NZ     : 6.700e+02
 Factor NZ  : 2.037e+03
 Factor Ops : 7.433e+04 (less than 1 second per iteration)
 Threads    : 1

                  Objective                Residual
Iter       Primal          Dual         Primal    Dual     Compl     Time
   0  -3.95655740e+03 -4.08854201e+03  1.94e+01 1.33e-15  6.14e+00     0s
   1  -1.35422348e+03 -2.93651549e+03  1.64e+00 9.98e-01  1.32e+00     0s
   2  -1.19980657e+03 -1.47322931e+03  0.00e+00 8.16e-02  1.50e-01     0s
   3  -1.27540559e+03 -1.33903632e+03  0.00e+00 6.64e-03  3.48e-02     0s
   4  -1.29025394e+03 -1.31249754e+03  0.00e+00 1.78e-15  1.22e-02     0s
   5  -1.29657020e+03 -1.30814429e+03  0.00e+00 1.78e-15  6.33e-03     0s
   6  -1.30100997e+03 -1.30651116e+03  0.00e+00 3.55e-15  3.01e-03     0s
   7  -1.30330545e+03 -1.30558253e+03  0.00e+00 1.78e-15  1.25e-03     0s
   8  -1.30488315e+03 -1.30537167e+03  0.00e+00 1.78e-15  2.67e-04     0s
   9  -1.30506768e+03 -1.30518609e+03  0.00e+00 3.55e-15  6.47e-05     0s
  10  -1.30514436e+03 -1.30516847e+03  0.00e+00 1.78e-15  1.32e-05     0s
  11  -1.30515970e+03 -1.30516050e+03  0.00e+00 1.78e-15  4.36e-07     0s
  12  -1.30516000e+03 -1.30516000e+03  0.00e+00 3.55e-15  7.78e-10     0s

Barrier solved model in 12 iterations and 0.02 seconds
Optimal objective -1.30516000e+03


Root relaxation: objective -1.305160e+03, 43 iterations, 0.01 seconds

    Nodes    |    Current Node    |     Objective Bounds      |     Work
 Expl Unexpl |  Obj  Depth IntInf | Incumbent    BestBd   Gap | It/Node Time

     0     0 -1305.1600    0   60 -1184.1000 -1305.1600  10.2%     -    0s
H    0     0                    -1271.400000 -1305.1600  2.66%     -    0s
H    0     0                    -1275.500000 -1305.1600  2.33%     -    0s
     0     0 -1295.8890    0   77 -1275.5000 -1295.8890  1.60%     -    0s
H    0     0                    -1282.300000 -1295.8890  1.06%     -    0s
     0     0 -1295.8630    0   80 -1282.3000 -1295.8630  1.06%     -    0s
     0     0 -1293.6554    0   86 -1282.3000 -1293.6554  0.89%     -    0s

Cutting planes:
  Gomory: 6
  Cover: 6
  MIR: 85

Explored 0 nodes (375 simplex iterations) in 0.13 seconds
Thread count was 16 (of 16 available processors)

Optimal solution found (tolerance 1.00e-02)
Best objective -1.282300000000e+03, best bound -1.293600000000e+03, gap 0.8812%
Changed value of parameter MIPGap to 0.01
   Prev: 0.0001  Min: 0.0  Max: 1e+100  Default: 0.0001
Changed value of parameter TimeLimit to 1800.0
   Prev: 1e+100  Min: 0.0  Max: 1e+100  Default: 1e+100
Changed value of parameter Method to 2
   Prev: -1  Min: -1  Max: 4  Default: -1
Changed value of parameter MIPFocus to 1
   Prev: 0  Min: 0  Max: 3  Default: 0
Optimize a model with 2354 rows, 3381 columns and 6762 nonzeros
Coefficient statistics:
  Matrix range    [1e+00, 2e+01]
  Objective range [1e+00, 5e+00]
  Bounds range    [1e+00, 1e+00]
  RHS range       [8e+01, 8e+01]
Found heuristic solution: objective 0
Presolve removed 2282 rows and 2499 columns
Presolve time: 0.01s
Presolved: 72 rows, 882 columns, 1585 nonzeros
Found heuristic solution: objective -1521.200000
Variable types: 0 continuous, 882 integer (766 binary)
Optimize a model with 72 rows, 882 columns and 1585 nonzeros
Coefficient statistics:
  Matrix range    [1e+00, 2e+01]
  Objective range [1e+00, 5e+00]
  Bounds range    [1e+00, 6e+00]
  RHS range       [1e+01, 8e+01]
Presolved: 72 rows, 882 columns, 1585 nonzeros

Root barrier log...

Ordering time: 0.00s

Barrier statistics:
 AA' NZ     : 6.700e+02
 Factor NZ  : 2.037e+03
 Factor Ops : 7.433e+04 (less than 1 second per iteration)
 Threads    : 1

                  Objective                Residual
Iter       Primal          Dual         Primal    Dual     Compl     Time
   0  -4.84316433e+03 -4.39774995e+03  1.94e+01 1.78e-15  6.10e+00     0s
   1  -1.73251266e+03 -3.20844799e+03  1.70e+00 8.54e-01  1.29e+00     0s
   2  -1.52944880e+03 -1.81381879e+03  2.09e-03 6.75e-02  1.56e-01     0s
   3  -1.59556552e+03 -1.67769762e+03  3.60e-04 5.33e-15  4.50e-02     0s
   4  -1.62844269e+03 -1.64887732e+03  0.00e+00 1.78e-15  1.12e-02     0s
   5  -1.63519018e+03 -1.64223828e+03  0.00e+00 1.78e-15  3.85e-03     0s
   6  -1.63743294e+03 -1.63976440e+03  0.00e+00 1.78e-15  1.27e-03     0s
   7  -1.63808267e+03 -1.63886733e+03  0.00e+00 1.78e-15  4.29e-04     0s
   8  -1.63843259e+03 -1.63875602e+03  0.00e+00 1.78e-15  1.77e-04     0s
   9  -1.63861582e+03 -1.63869001e+03  0.00e+00 1.78e-15  4.05e-05     0s
  10  -1.63865533e+03 -1.63866276e+03  0.00e+00 3.55e-15  4.06e-06     0s
  11  -1.63866126e+03 -1.63866132e+03  0.00e+00 3.55e-15  2.91e-08     0s
  12  -1.63866129e+03 -1.63866129e+03  0.00e+00 3.55e-15  2.91e-11     0s

Barrier solved model in 12 iterations and 0.02 seconds
Optimal objective -1.63866129e+03


Root relaxation: objective -1.638661e+03, 28 iterations, 0.01 seconds

    Nodes    |    Current Node    |     Objective Bounds      |     Work
 Expl Unexpl |  Obj  Depth IntInf | Incumbent    BestBd   Gap | It/Node Time

     0     0 -1638.6613    0   58 -1521.2000 -1638.6613  7.72%     -    0s
H    0     0                    -1590.800000 -1638.6613  3.01%     -    0s
H    0     0                    -1596.400000 -1638.6613  2.65%     -    0s
H    0     0                    -1601.600000 -1638.6613  2.31%     -    0s
H    0     0                    -1602.200000 -1638.6613  2.28%     -    0s
     0     0 -1631.3998    0  100 -1602.2000 -1631.3998  1.82%     -    0s
H    0     0                    -1610.400000 -1631.3998  1.30%     -    0s
     0     0 -1631.2288    0   97 -1610.4000 -1631.2288  1.29%     -    0s
     0     0 -1628.7850    0  120 -1610.4000 -1628.7850  1.14%     -    0s
     0     0 -1627.7996    0  106 -1610.4000 -1627.7996  1.08%     -    0s
H    0     0                    -1611.600000 -1627.7996  1.01%     -    0s
H    0     0                    -1612.200000 -1627.7996  0.97%     -    0s

Cutting planes:
  Gomory: 8
  Cover: 6
  MIR: 121

Explored 0 nodes (664 simplex iterations) in 0.22 seconds
Thread count was 16 (of 16 available processors)

Optimal solution found (tolerance 1.00e-02)
Best objective -1.612200000000e+03, best bound -1.627600000000e+03, gap 0.9552%
Changed value of parameter MIPGap to 0.01
   Prev: 0.0001  Min: 0.0  Max: 1e+100  Default: 0.0001
Changed value of parameter TimeLimit to 1800.0
   Prev: 1e+100  Min: 0.0  Max: 1e+100  Default: 1e+100
Changed value of parameter Method to 2
   Prev: -1  Min: -1  Max: 4  Default: -1
Changed value of parameter MIPFocus to 1
   Prev: 0  Min: 0  Max: 3  Default: 0
Optimize a model with 2354 rows, 3381 columns and 6762 nonzeros
Coefficient statistics:
  Matrix range    [1e+00, 2e+01]
  Objective range [1e+00, 9e+00]
  Bounds range    [1e+00, 1e+00]
  RHS range       [8e+01, 8e+01]
Found heuristic solution: objective 0
Presolve removed 2282 rows and 2501 columns
Presolve time: 0.01s
Presolved: 72 rows, 880 columns, 1583 nonzeros
Found heuristic solution: objective -2195.600000
Variable types: 0 continuous, 880 integer (766 binary)
Optimize a model with 72 rows, 880 columns and 1583 nonzeros
Coefficient statistics:
  Matrix range    [1e+00, 2e+01]
  Objective range [1e+00, 9e+00]
  Bounds range    [1e+00, 2e+01]
  RHS range       [1e+01, 8e+01]
Presolve removed 0 rows and 54 columns
Presolved: 72 rows, 826 columns, 1516 nonzeros

Root barrier log...

Ordering time: 0.00s

Barrier statistics:
 AA' NZ     : 6.700e+02
 Factor NZ  : 2.047e+03
 Factor Ops : 7.719e+04 (less than 1 second per iteration)
 Threads    : 1

                  Objective                Residual
Iter       Primal          Dual         Primal    Dual     Compl     Time
   0  -6.48094536e+03 -5.09393570e+03  1.93e+01 1.78e-15  6.37e+00     0s
   1  -2.52022195e+03 -3.71083197e+03  1.78e+00 5.92e-01  1.26e+00     0s
   2  -2.26723605e+03 -2.55937033e+03  4.49e-02 7.03e-02  1.81e-01     0s
   3  -2.29446129e+03 -2.36968018e+03  1.80e-02 5.33e-15  4.77e-02     0s
   4  -2.31258924e+03 -2.34193469e+03  5.01e-03 3.55e-15  1.82e-02     0s
   5  -2.31707668e+03 -2.33356026e+03  2.61e-03 3.55e-15  1.02e-02     0s
   6  -2.32040750e+03 -2.32613865e+03  1.00e-03 3.55e-15  3.58e-03     0s
   7  -2.32180168e+03 -2.32366882e+03  4.25e-04 3.55e-15  1.19e-03     0s
   8  -2.32280326e+03 -2.32289358e+03  2.23e-06 3.55e-15  5.41e-05     0s
   9  -2.32283996e+03 -2.32284005e+03  0.00e+00 3.55e-15  5.41e-08     0s
  10  -2.32284000e+03 -2.32284000e+03  0.00e+00 3.55e-15  5.41e-11     0s

Barrier solved model in 10 iterations and 0.02 seconds
Optimal objective -2.32284000e+03


Root relaxation: objective -2.322840e+03, 314 iterations, 0.01 seconds

    Nodes    |    Current Node    |     Objective Bounds      |     Work
 Expl Unexpl |  Obj  Depth IntInf | Incumbent    BestBd   Gap | It/Node Time

     0     0 -2322.8400    0   48 -2195.6000 -2322.8400  5.80%     -    0s
H    0     0                    -2288.600000 -2322.8400  1.50%     -    0s
H    0     0                    -2294.400000 -2322.8400  1.24%     -    0s
     0     0 -2321.1308    0   86 -2294.4000 -2321.1308  1.17%     -    0s
H    0     0                    -2298.800000 -2321.1308  0.97%     -    0s

Cutting planes:
  Gomory: 1
  Cover: 2
  MIR: 36

Explored 0 nodes (696 simplex iterations) in 0.11 seconds
Thread count was 16 (of 16 available processors)

Optimal solution found (tolerance 1.00e-02)
Best objective -2.298800000000e+03, best bound -2.321000000000e+03, gap 0.9657%
Changed value of parameter MIPGap to 0.01
   Prev: 0.0001  Min: 0.0  Max: 1e+100  Default: 0.0001
Changed value of parameter TimeLimit to 1800.0
   Prev: 1e+100  Min: 0.0  Max: 1e+100  Default: 1e+100
Changed value of parameter Method to 2
   Prev: -1  Min: -1  Max: 4  Default: -1
Changed value of parameter MIPFocus to 1
   Prev: 0  Min: 0  Max: 3  Default: 0
Optimize a model with 2354 rows, 3381 columns and 6762 nonzeros
Coefficient statistics:
  Matrix range    [1e+00, 2e+01]
  Objective range [2e+00, 1e+01]
  Bounds range    [1e+00, 1e+00]
  RHS range       [8e+01, 8e+01]
Found heuristic solution: objective 0
Presolve removed 2282 rows and 2499 columns
Presolve time: 0.01s
Presolved: 72 rows, 882 columns, 1585 nonzeros
Found heuristic solution: objective -2539.500000
Variable types: 0 continuous, 882 integer (766 binary)
Optimize a model with 72 rows, 882 columns and 1585 nonzeros
Coefficient statistics:
  Matrix range    [1e+00, 2e+01]
  Objective range [2e+00, 1e+01]
  Bounds range    [1e+00, 6e+00]
  RHS range       [1e+01, 8e+01]
Presolve removed 0 rows and 2 columns
Presolved: 72 rows, 880 columns, 1583 nonzeros

Root barrier log...

Ordering time: 0.00s

Barrier statistics:
 AA' NZ     : 6.700e+02
 Factor NZ  : 2.047e+03
 Factor Ops : 7.719e+04 (less than 1 second per iteration)
 Threads    : 1

                  Objective                Residual
Iter       Primal          Dual         Primal    Dual     Compl     Time
   0  -7.48442226e+03 -5.41336795e+03  1.94e+01 8.88e-16  6.19e+00     0s
   1  -2.91738464e+03 -4.10507197e+03  1.70e+00 5.16e-01  1.20e+00     0s
   2  -2.64468955e+03 -2.93842882e+03  6.82e-02 5.86e-02  1.77e-01     0s
   3  -2.66534773e+03 -2.72770082e+03  2.75e-02 1.07e-14  3.99e-02     0s
   4  -2.68931036e+03 -2.70548572e+03  3.68e-03 3.55e-15  9.65e-03     0s
   5  -2.69410775e+03 -2.70038891e+03  1.38e-03 1.78e-15  3.74e-03     0s
   6  -2.69665787e+03 -2.69807765e+03  2.45e-04 3.55e-15  8.32e-04     0s
   7  -2.69714450e+03 -2.69762216e+03  5.42e-05 3.55e-15  2.74e-04     0s
   8  -2.69727724e+03 -2.69740048e+03  7.81e-06 5.33e-15  6.93e-05     0s
   9  -2.69730611e+03 -2.69733257e+03  6.43e-08 3.55e-15  1.45e-05     0s
  10  -2.69730994e+03 -2.69731039e+03  0.00e+00 3.55e-15  2.46e-07     0s
  11  -2.69731007e+03 -2.69731007e+03  0.00e+00 3.55e-15  2.46e-10     0s

Barrier solved model in 11 iterations and 0.02 seconds
Optimal objective -2.69731007e+03


Root relaxation: objective -2.697310e+03, 31 iterations, 0.01 seconds

    Nodes    |    Current Node    |     Objective Bounds      |     Work
 Expl Unexpl |  Obj  Depth IntInf | Incumbent    BestBd   Gap | It/Node Time

     0     0 -2697.3101    0   58 -2539.5000 -2697.3101  6.21%     -    0s
H    0     0                    -2660.500000 -2697.3101  1.38%     -    0s
H    0     0                    -2662.000000 -2697.3101  1.33%     -    0s
     0     0 -2693.9043    0   93 -2662.0000 -2693.9043  1.20%     -    0s
     0     0 -2693.7882    0  102 -2662.0000 -2693.7882  1.19%     -    0s
     0     0 -2692.8380    0  125 -2662.0000 -2692.8380  1.16%     -    0s
     0     0 -2692.7323    0  122 -2662.0000 -2692.7323  1.15%     -    0s
H    0     0                    -2666.000000 -2692.7323  1.00%     -    0s
H    0     0                    -2667.500000 -2692.7323  0.95%     -    0s
H    0     0                    -2668.000000 -2692.7323  0.93%     -    0s
H    0     0                    -2671.500000 -2692.7323  0.79%     -    0s
H    0     0                    -2673.000000 -2692.7323  0.74%     -    0s
H    0     0                    -2673.500000 -2692.7323  0.72%     -    0s
H    0     0                    -2675.500000 -2692.7323  0.64%     -    0s

Cutting planes:
  Gomory: 5
  Cover: 8
  MIR: 122
  Zero half: 2

Explored 0 nodes (575 simplex iterations) in 0.16 seconds
Thread count was 16 (of 16 available processors)

Optimal solution found (tolerance 1.00e-02)
Best objective -2.675500000000e+03, best bound -2.692500000000e+03, gap 0.6354%
Changed value of parameter MIPGap to 0.01
   Prev: 0.0001  Min: 0.0  Max: 1e+100  Default: 0.0001
Changed value of parameter TimeLimit to 1800.0
   Prev: 1e+100  Min: 0.0  Max: 1e+100  Default: 1e+100
Changed value of parameter Method to 2
   Prev: -1  Min: -1  Max: 4  Default: -1
Changed value of parameter MIPFocus to 1
   Prev: 0  Min: 0  Max: 3  Default: 0
Optimize a model with 2354 rows, 3381 columns and 6762 nonzeros
Coefficient statistics:
  Matrix range    [1e+00, 2e+01]
  Objective range [2e+00, 2e+01]
  Bounds range    [1e+00, 1e+00]
  RHS range       [8e+01, 8e+01]
Found heuristic solution: objective 0
Presolve removed 2282 rows and 2499 columns
Presolve time: 0.01s
Presolved: 72 rows, 882 columns, 1585 nonzeros
Found heuristic solution: objective -4235.000000
Variable types: 0 continuous, 882 integer (766 binary)
Optimize a model with 72 rows, 882 columns and 1585 nonzeros
Coefficient statistics:
  Matrix range    [1e+00, 2e+01]
  Objective range [2e+00, 2e+01]
  Bounds range    [1e+00, 6e+00]
  RHS range       [1e+01, 8e+01]
Presolve removed 0 rows and 61 columns
Presolved: 72 rows, 821 columns, 1515 nonzeros

Root barrier log...

Ordering time: 0.00s

Barrier statistics:
 AA' NZ     : 6.700e+02
 Factor NZ  : 2.047e+03
 Factor Ops : 7.719e+04 (less than 1 second per iteration)
 Threads    : 1

                  Objective                Residual
Iter       Primal          Dual         Primal    Dual     Compl     Time
   0  -1.17649572e+04 -1.02665665e+04  1.97e+01 1.78e-15  1.36e+01     0s
   1  -4.60905361e+03 -7.60370162e+03  1.24e+00 1.37e+00  2.53e+00     0s
   2  -4.47767858e+03 -4.93789029e+03  5.15e-02 1.05e-01  2.90e-01     0s
   3  -4.59763998e+03 -4.74932404e+03  1.09e-02 7.11e-15  9.29e-02     0s
   4  -4.64146480e+03 -4.68303729e+03  2.92e-03 7.11e-15  2.55e-02     0s
   5  -4.66007548e+03 -4.67554384e+03  8.35e-04 7.11e-15  9.40e-03     0s
   6  -4.66385777e+03 -4.67077087e+03  3.02e-04 7.11e-15  4.19e-03     0s
   7  -4.66677363e+03 -4.66878745e+03  6.86e-05 7.11e-15  1.21e-03     0s
   8  -4.66758064e+03 -4.66802361e+03  1.71e-05 7.11e-15  2.68e-04     0s
   9  -4.66785521e+03 -4.66788294e+03  8.69e-07 7.11e-15  1.68e-05     0s
  10  -4.66787505e+03 -4.66787566e+03  0.00e+00 7.11e-15  3.58e-07     0s
  11  -4.66787551e+03 -4.66787551e+03  0.00e+00 7.11e-15  1.12e-09     0s

Barrier solved model in 11 iterations and 0.02 seconds
Optimal objective -4.66787551e+03


Root relaxation: objective -4.667876e+03, 38 iterations, 0.01 seconds

    Nodes    |    Current Node    |     Objective Bounds      |     Work
 Expl Unexpl |  Obj  Depth IntInf | Incumbent    BestBd   Gap | It/Node Time

     0     0 -4667.8755    0   51 -4235.0000 -4667.8755  10.2%     -    0s
H    0     0                    -4589.000000 -4667.8755  1.72%     -    0s
H    0     0                    -4600.000000 -4667.8755  1.48%     -    0s
H    0     0                    -4612.000000 -4667.8755  1.21%     -    0s
H    0     0                    -4618.000000 -4667.8755  1.08%     -    0s
     0     0 -4657.5621    0   90 -4618.0000 -4657.5621  0.86%     -    0s

Cutting planes:
  Cover: 5
  MIR: 51

Explored 0 nodes (245 simplex iterations) in 0.08 seconds
Thread count was 16 (of 16 available processors)

Optimal solution found (tolerance 1.00e-02)
Best objective -4.618000000000e+03, best bound -4.657000000000e+03, gap 0.8445%
Changed value of parameter MIPGap to 0.01
   Prev: 0.0001  Min: 0.0  Max: 1e+100  Default: 0.0001
Changed value of parameter TimeLimit to 1800.0
   Prev: 1e+100  Min: 0.0  Max: 1e+100  Default: 1e+100
Changed value of parameter Method to 2
   Prev: -1  Min: -1  Max: 4  Default: -1
Changed value of parameter MIPFocus to 1
   Prev: 0  Min: 0  Max: 3  Default: 0
Optimize a model with 2354 rows, 3381 columns and 6762 nonzeros
Coefficient statistics:
  Matrix range    [1e+00, 2e+01]
  Objective range [3e+00, 4e+01]
  Bounds range    [1e+00, 1e+00]
  RHS range       [8e+01, 8e+01]
Found heuristic solution: objective 0
Presolve removed 2282 rows and 2499 columns
Presolve time: 0.01s
Presolved: 72 rows, 882 columns, 1585 nonzeros
Found heuristic solution: objective -7628.000000
Variable types: 0 continuous, 882 integer (766 binary)
Optimize a model with 72 rows, 882 columns and 1585 nonzeros
Coefficient statistics:
  Matrix range    [1e+00, 2e+01]
  Objective range [3e+00, 4e+01]
  Bounds range    [1e+00, 6e+00]
  RHS range       [1e+01, 8e+01]
Presolved: 72 rows, 882 columns, 1585 nonzeros

Root barrier log...

Ordering time: 0.00s

Barrier statistics:
 AA' NZ     : 6.700e+02
 Factor NZ  : 2.037e+03
 Factor Ops : 7.433e+04 (less than 1 second per iteration)
 Threads    : 1

                  Objective                Residual
Iter       Primal          Dual         Primal    Dual     Compl     Time
   0  -2.08525783e+04 -2.00060362e+04  1.94e+01 3.55e-15  2.63e+01     0s
   1  -8.48651122e+03 -1.48633078e+04  1.39e+00 3.06e+00  5.13e+00     0s
   2  -8.18402639e+03 -9.27049131e+03  5.65e-02 2.76e-01  6.34e-01     0s
   3  -8.54393491e+03 -8.72297769e+03  2.25e-03 1.42e-14  9.94e-02     0s
   4  -8.60087281e+03 -8.66287629e+03  9.12e-04 1.42e-14  3.46e-02     0s
   5  -8.61914786e+03 -8.65624482e+03  5.26e-04 1.42e-14  2.07e-02     0s
   6  -8.63886052e+03 -8.65025693e+03  1.26e-04 1.42e-14  6.33e-03     0s
   7  -8.64305968e+03 -8.64747436e+03  5.36e-05 1.42e-14  2.46e-03     0s
   8  -8.64533295e+03 -8.64664248e+03  1.53e-05 1.42e-14  7.28e-04     0s
   9  -8.64601109e+03 -8.64634078e+03  4.15e-06 1.42e-14  1.84e-04     0s
  10  -8.64626391e+03 -8.64628558e+03  0.00e+00 1.42e-14  1.19e-05     0s
  11  -8.64627287e+03 -8.64627292e+03  0.00e+00 2.13e-14  2.90e-08     0s
  12  -8.64627289e+03 -8.64627289e+03  0.00e+00 1.42e-14  2.90e-11     0s

Barrier solved model in 12 iterations and 0.02 seconds
Optimal objective -8.64627289e+03


Root relaxation: objective -8.646273e+03, 34 iterations, 0.01 seconds

    Nodes    |    Current Node    |     Objective Bounds      |     Work
 Expl Unexpl |  Obj  Depth IntInf | Incumbent    BestBd   Gap | It/Node Time

     0     0 -8646.2729    0   53 -7628.0000 -8646.2729  13.3%     -    0s
H    0     0                    -8475.000000 -8646.2729  2.02%     -    0s
H    0     0                    -8559.000000 -8646.2729  1.02%     -    0s
H    0     0                    -8563.000000 -8646.2729  0.97%     -    0s

Explored 0 nodes (48 simplex iterations) in 0.04 seconds
Thread count was 16 (of 16 available processors)

Optimal solution found (tolerance 1.00e-02)
Best objective -8.563000000000e+03, best bound -8.646000000000e+03, gap 0.9693%
Changed value of parameter MIPGap to 0.01
   Prev: 0.0001  Min: 0.0  Max: 1e+100  Default: 0.0001
Changed value of parameter TimeLimit to 1800.0
   Prev: 1e+100  Min: 0.0  Max: 1e+100  Default: 1e+100
Changed value of parameter Method to 2
   Prev: -1  Min: -1  Max: 4  Default: -1
Changed value of parameter MIPFocus to 1
   Prev: 0  Min: 0  Max: 3  Default: 0
Optimize a model with 2354 rows, 3381 columns and 6762 nonzeros
Coefficient statistics:
  Matrix range    [1e+00, 2e+01]
  Objective range [5e+00, 8e+01]
  Bounds range    [1e+00, 1e+00]
  RHS range       [8e+01, 8e+01]
Found heuristic solution: objective 0
Presolve removed 2282 rows and 2499 columns
Presolve time: 0.01s
Presolved: 72 rows, 882 columns, 1585 nonzeros
Found heuristic solution: objective -14435.00000
Variable types: 0 continuous, 882 integer (766 binary)
Optimize a model with 72 rows, 882 columns and 1585 nonzeros
Coefficient statistics:
  Matrix range    [1e+00, 2e+01]
  Objective range [5e+00, 8e+01]
  Bounds range    [1e+00, 6e+00]
  RHS range       [1e+01, 8e+01]
Presolved: 72 rows, 882 columns, 1585 nonzeros

Root barrier log...

Ordering time: 0.00s

Barrier statistics:
 AA' NZ     : 6.700e+02
 Factor NZ  : 2.037e+03
 Factor Ops : 7.433e+04 (less than 1 second per iteration)
 Threads    : 1

                  Objective                Residual
Iter       Primal          Dual         Primal    Dual     Compl     Time
   0  -3.86540393e+04 -4.02966973e+04  1.94e+01 1.42e-14  5.48e+01     0s
   1  -1.60879301e+04 -2.97771725e+04  1.42e+00 6.83e+00  1.09e+01     0s
   2  -1.56363621e+04 -1.77518132e+04  2.89e-02 4.17e-01  1.20e+00     0s
   3  -1.64284805e+04 -1.67982913e+04  1.86e-03 1.26e-02  2.04e-01     0s
   4  -1.65408937e+04 -1.66812379e+04  7.44e-04 2.84e-14  7.76e-02     0s
   5  -1.65997703e+04 -1.66493116e+04  2.17e-04 2.84e-14  2.74e-02     0s
   6  -1.66161097e+04 -1.66376662e+04  9.99e-05 2.84e-14  1.19e-02     0s
   7  -1.66274196e+04 -1.66334929e+04  2.33e-05 2.84e-14  3.36e-03     0s
   8  -1.66311385e+04 -1.66317055e+04  5.82e-07 2.84e-14  3.12e-04     0s
   9  -1.66315095e+04 -1.66315101e+04  0.00e+00 2.84e-14  3.44e-07     0s
  10  -1.66315099e+04 -1.66315099e+04  1.95e-15 2.84e-14  3.63e-13     0s

Barrier solved model in 10 iterations and 0.02 seconds
Optimal objective -1.66315099e+04


Root relaxation: objective -1.663151e+04, 49 iterations, 0.01 seconds

    Nodes    |    Current Node    |     Objective Bounds      |     Work
 Expl Unexpl |  Obj  Depth IntInf | Incumbent    BestBd   Gap | It/Node Time

     0     0 -16631.510    0   48 -14435.000 -16631.510  15.2%     -    0s
H    0     0                    -16290.00000 -16631.510  2.10%     -    0s
H    0     0                    -16405.00000 -16631.510  1.38%     -    0s
H    0     0                    -16428.00000 -16631.510  1.24%     -    0s
     0     0 -16584.260    0   84 -16428.000 -16584.260  0.95%     -    0s

Cutting planes:
  Gomory: 1
  Cover: 7
  MIR: 46

Explored 0 nodes (219 simplex iterations) in 0.08 seconds
Thread count was 16 (of 16 available processors)

Optimal solution found (tolerance 1.00e-02)
Best objective -1.642800000000e+04, best bound -1.658400000000e+04, gap 0.9496%
Changed value of parameter MIPGap to 0.01
   Prev: 0.0001  Min: 0.0  Max: 1e+100  Default: 0.0001
Changed value of parameter TimeLimit to 1800.0
   Prev: 1e+100  Min: 0.0  Max: 1e+100  Default: 1e+100
Changed value of parameter Method to 2
   Prev: -1  Min: -1  Max: 4  Default: -1
Changed value of parameter MIPFocus to 1
   Prev: 0  Min: 0  Max: 3  Default: 0
Optimize a model with 2354 rows, 3381 columns and 6762 nonzeros
Coefficient statistics:
  Matrix range    [1e+00, 2e+01]
  Objective range [6e+00, 1e+02]
  Bounds range    [1e+00, 1e+00]
  RHS range       [8e+01, 8e+01]
Found heuristic solution: objective 0
Presolve removed 2282 rows and 2499 columns
Presolve time: 0.01s
Presolved: 72 rows, 882 columns, 1585 nonzeros
Found heuristic solution: objective -17842.00000
Variable types: 0 continuous, 882 integer (766 binary)
Optimize a model with 72 rows, 882 columns and 1585 nonzeros
Coefficient statistics:
  Matrix range    [1e+00, 2e+01]
  Objective range [6e+00, 1e+02]
  Bounds range    [1e+00, 6e+00]
  RHS range       [1e+01, 8e+01]
Presolved: 72 rows, 882 columns, 1585 nonzeros

Root barrier log...

Ordering time: 0.00s

Barrier statistics:
 AA' NZ     : 6.700e+02
 Factor NZ  : 2.037e+03
 Factor Ops : 7.433e+04 (less than 1 second per iteration)
 Threads    : 1

                  Objective                Residual
Iter       Primal          Dual         Primal    Dual     Compl     Time
   0  -4.75542102e+04 -5.04420278e+04  1.94e+01 1.42e-14  6.91e+01     0s
   1  -1.98898256e+04 -3.72340648e+04  1.42e+00 8.71e+00  1.37e+01     0s
   2  -1.93688202e+04 -2.20429624e+04  2.91e-02 5.33e-01  1.52e+00     0s
   3  -2.03690050e+04 -2.08301553e+04  2.04e-03 3.80e-02  2.55e-01     0s
   4  -2.05266679e+04 -2.06916800e+04  7.28e-04 7.67e-03  9.13e-02     0s
   5  -2.05901158e+04 -2.06527008e+04  2.45e-04 1.21e-03  3.46e-02     0s
   6  -2.06111180e+04 -2.06382563e+04  1.15e-04 2.84e-14  1.50e-02     0s
   7  -2.06229871e+04 -2.06333313e+04  3.71e-05 2.84e-14  5.72e-03     0s
   8  -2.06282077e+04 -2.06307879e+04  9.33e-06 2.84e-14  1.43e-03     0s
   9  -2.06302046e+04 -2.06302409e+04  0.00e+00 3.55e-14  1.99e-05     0s
  10  -2.06302242e+04 -2.06302242e+04  0.00e+00 2.84e-14  4.96e-10     0s

Barrier solved model in 10 iterations and 0.02 seconds
Optimal objective -2.06302242e+04


Root relaxation: objective -2.063022e+04, 46 iterations, 0.01 seconds

    Nodes    |    Current Node    |     Objective Bounds      |     Work
 Expl Unexpl |  Obj  Depth IntInf | Incumbent    BestBd   Gap | It/Node Time

     0     0 -20630.224    0   47 -17842.000 -20630.224  15.6%     -    0s
H    0     0                    -20230.00000 -20630.224  1.98%     -    0s
H    0     0                    -20368.00000 -20630.224  1.29%     -    0s
H    0     0                    -20370.00000 -20630.224  1.28%     -    0s
H    0     0                    -20376.00000 -20630.224  1.25%     -    0s
     0     0 -20568.948    0   82 -20376.000 -20568.948  0.95%     -    0s

Cutting planes:
  Cover: 5
  MIR: 49

Explored 0 nodes (214 simplex iterations) in 0.07 seconds
Thread count was 16 (of 16 available processors)

Optimal solution found (tolerance 1.00e-02)
Best objective -2.037600000000e+04, best bound -2.056800000000e+04, gap 0.9423%
Changed value of parameter MIPGap to 0.01
   Prev: 0.0001  Min: 0.0  Max: 1e+100  Default: 0.0001
Changed value of parameter TimeLimit to 1800.0
   Prev: 1e+100  Min: 0.0  Max: 1e+100  Default: 1e+100
Changed value of parameter Method to 2
   Prev: -1  Min: -1  Max: 4  Default: -1
Changed value of parameter MIPFocus to 1
   Prev: 0  Min: 0  Max: 3  Default: 0
Optimize a model with 2354 rows, 3381 columns and 6762 nonzeros
Coefficient statistics:
  Matrix range    [1e+00, 2e+01]
  Objective range [1e+01, 2e+02]
  Bounds range    [1e+00, 1e+00]
  RHS range       [8e+01, 8e+01]
Found heuristic solution: objective 0
Presolve removed 2282 rows and 2499 columns
Presolve time: 0.01s
Presolved: 72 rows, 882 columns, 1585 nonzeros
Found heuristic solution: objective -34878.00000
Variable types: 0 continuous, 882 integer (766 binary)
Optimize a model with 72 rows, 882 columns and 1585 nonzeros
Coefficient statistics:
  Matrix range    [1e+00, 2e+01]
  Objective range [1e+01, 2e+02]
  Bounds range    [1e+00, 6e+00]
  RHS range       [1e+01, 8e+01]
Presolved: 72 rows, 882 columns, 1585 nonzeros

Root barrier log...

Ordering time: 0.00s

Barrier statistics:
 AA' NZ     : 6.700e+02
 Factor NZ  : 2.037e+03
 Factor Ops : 7.433e+04 (less than 1 second per iteration)
 Threads    : 1

                  Objective                Residual
Iter       Primal          Dual         Primal    Dual     Compl     Time
   0  -9.20540124e+04 -1.01168680e+05  1.94e+01 2.84e-14  1.40e+02     0s
   1  -3.89055436e+04 -7.45190008e+04  1.43e+00 1.81e+01  2.80e+01     0s
   2  -3.80386380e+04 -4.35191604e+04  2.93e-02 1.12e+00  3.11e+00     0s
   3  -4.00908115e+04 -4.10611254e+04  2.33e-03 1.25e-01  5.38e-01     0s
   4  -4.05135331e+04 -4.07698607e+04  4.61e-04 2.59e-02  1.42e-01     0s
   5  -4.06028476e+04 -4.07051671e+04  1.49e-04 1.07e-02  5.64e-02     0s
   6  -4.06354869e+04 -4.06688437e+04  4.20e-05 3.43e-03  1.84e-02     0s
   7  -4.06489016e+04 -4.06553909e+04  5.63e-06 2.88e-04  3.57e-03     0s
   8  -4.06524511e+04 -4.06525134e+04  3.24e-09 5.44e-06  3.41e-05     0s
   9  -4.06524714e+04 -4.06524715e+04  0.00e+00 5.68e-14  3.41e-08     0s
  10  -4.06524714e+04 -4.06524714e+04  4.83e-15 5.68e-14  9.24e-14     0s

Barrier solved model in 10 iterations and 0.02 seconds
Optimal objective -4.06524714e+04


Root relaxation: objective -4.065247e+04, 53 iterations, 0.01 seconds

    Nodes    |    Current Node    |     Objective Bounds      |     Work
 Expl Unexpl |  Obj  Depth IntInf | Incumbent    BestBd   Gap | It/Node Time

     0     0 -40652.471    0   47 -34878.000 -40652.471  16.6%     -    0s
H    0     0                    -39694.00000 -40652.471  2.41%     -    0s
H    0     0                    -39983.00000 -40652.471  1.67%     -    0s
H    0     0                    -40118.00000 -40652.471  1.33%     -    0s
     0     0 -40501.657    0   82 -40118.000 -40501.657  0.96%     -    0s

Cutting planes:
  Cover: 9
  MIR: 44

Explored 0 nodes (233 simplex iterations) in 0.07 seconds
Thread count was 16 (of 16 available processors)

Optimal solution found (tolerance 1.00e-02)
Best objective -4.011800000000e+04, best bound -4.050100000000e+04, gap 0.9547%
Changed value of parameter MIPGap to 0.01
   Prev: 0.0001  Min: 0.0  Max: 1e+100  Default: 0.0001
Changed value of parameter TimeLimit to 1800.0
   Prev: 1e+100  Min: 0.0  Max: 1e+100  Default: 1e+100
Changed value of parameter Method to 2
   Prev: -1  Min: -1  Max: 4  Default: -1
Changed value of parameter MIPFocus to 1
   Prev: 0  Min: 0  Max: 3  Default: 0
Optimize a model with 2354 rows, 3381 columns and 6762 nonzeros
Coefficient statistics:
  Matrix range    [1e+00, 2e+01]
  Objective range [2e+01, 4e+02]
  Bounds range    [1e+00, 1e+00]
  RHS range       [8e+01, 8e+01]
Found heuristic solution: objective 0
Presolve removed 2282 rows and 2499 columns
Presolve time: 0.01s
Presolved: 72 rows, 882 columns, 1585 nonzeros
Found heuristic solution: objective -68948.00000
Variable types: 0 continuous, 882 integer (766 binary)
Optimize a model with 72 rows, 882 columns and 1585 nonzeros
Coefficient statistics:
  Matrix range    [1e+00, 2e+01]
  Objective range [2e+01, 4e+02]
  Bounds range    [1e+00, 6e+00]
  RHS range       [1e+01, 8e+01]
Presolved: 72 rows, 882 columns, 1585 nonzeros

Root barrier log...

Ordering time: 0.00s

Barrier statistics:
 AA' NZ     : 6.700e+02
 Factor NZ  : 2.037e+03
 Factor Ops : 7.433e+04 (less than 1 second per iteration)
 Threads    : 1

                  Objective                Residual
Iter       Primal          Dual         Primal    Dual     Compl     Time
   0  -1.81052595e+05 -2.02621986e+05  1.95e+01 5.68e-14  2.83e+02     0s
   1  -7.69427469e+04 -1.49089180e+05  1.43e+00 3.70e+01  5.67e+01     0s
   2  -7.57452524e+04 -8.64714308e+04  2.43e-02 2.29e+00  6.06e+00     0s
   3  -7.96113888e+04 -8.15073426e+04  2.04e-03 2.53e-01  1.05e+00     0s
   4  -8.04667351e+04 -8.09466082e+04  3.65e-04 5.62e-02  2.65e-01     0s
   5  -8.05992611e+04 -8.08092785e+04  1.52e-04 2.24e-02  1.16e-01     0s
   6  -8.06638036e+04 -8.07394589e+04  5.03e-05 6.28e-03  4.17e-02     0s
   7  -8.07000503e+04 -8.07100982e+04  4.46e-06 1.30e-05  5.54e-03     0s
   8  -8.07057837e+04 -8.07059406e+04  2.01e-09 1.14e-13  8.58e-05     0s
   9  -8.07058230e+04 -8.07058232e+04  0.00e+00 1.14e-13  8.58e-08     0s
  10  -8.07058231e+04 -8.07058231e+04  3.17e-15 2.27e-13  1.98e-13     0s

Barrier solved model in 10 iterations and 0.02 seconds
Optimal objective -8.07058231e+04


Root relaxation: objective -8.070582e+04, 52 iterations, 0.01 seconds

    Nodes    |    Current Node    |     Objective Bounds      |     Work
 Expl Unexpl |  Obj  Depth IntInf | Incumbent    BestBd   Gap | It/Node Time

     0     0 -80705.823    0   44 -68948.000 -80705.823  17.1%     -    0s
H    0     0                    -78995.00000 -80705.823  2.17%     -    0s
H    0     0                    -79512.00000 -80705.823  1.50%     -    0s
H    0     0                    -79558.00000 -80705.823  1.44%     -    0s
H    0     0                    -79790.00000 -80705.823  1.15%     -    0s
H    0     0                    -79870.00000 -80705.823  1.05%     -    0s
     0     0 -80381.117    0   76 -79870.000 -80381.117  0.64%     -    0s

Cutting planes:
  Gomory: 1
  Cover: 9
  MIR: 42

Explored 0 nodes (227 simplex iterations) in 0.07 seconds
Thread count was 16 (of 16 available processors)

Optimal solution found (tolerance 1.00e-02)
Best objective -7.987000000000e+04, best bound -8.038100000000e+04, gap 0.6398%
Changed value of parameter MIPGap to 0.01
   Prev: 0.0001  Min: 0.0  Max: 1e+100  Default: 0.0001
Changed value of parameter TimeLimit to 1800.0
   Prev: 1e+100  Min: 0.0  Max: 1e+100  Default: 1e+100
Changed value of parameter Method to 2
   Prev: -1  Min: -1  Max: 4  Default: -1
Changed value of parameter MIPFocus to 1
   Prev: 0  Min: 0  Max: 3  Default: 0
Optimize a model with 2354 rows, 3381 columns and 6762 nonzeros
Coefficient statistics:
  Matrix range    [1e+00, 2e+01]
  Objective range [5e+01, 1e+03]
  Bounds range    [1e+00, 1e+00]
  RHS range       [8e+01, 8e+01]
Found heuristic solution: objective 0
Presolve removed 2282 rows and 2499 columns
Presolve time: 0.01s
Presolved: 72 rows, 882 columns, 1585 nonzeros
Found heuristic solution: objective -171158.0000
Variable types: 0 continuous, 882 integer (766 binary)
Optimize a model with 72 rows, 882 columns and 1585 nonzeros
Coefficient statistics:
  Matrix range    [1e+00, 2e+01]
  Objective range [5e+01, 1e+03]
  Bounds range    [1e+00, 6e+00]
  RHS range       [1e+01, 8e+01]
Presolved: 72 rows, 882 columns, 1585 nonzeros

Root barrier log...

Ordering time: 0.00s

Barrier statistics:
 AA' NZ     : 6.700e+02
 Factor NZ  : 2.037e+03
 Factor Ops : 7.433e+04 (less than 1 second per iteration)
 Threads    : 1

                  Objective                Residual
Iter       Primal          Dual         Primal    Dual     Compl     Time
   0  -4.48047548e+05 -5.06981902e+05  1.95e+01 1.14e-13  7.11e+02     0s
   1  -1.91058812e+05 -3.72799939e+05  1.43e+00 9.36e+01  1.43e+02     0s
   2  -1.88333595e+05 -2.15342662e+05  2.10e-02 5.80e+00  1.52e+01     0s
   3  -1.98084326e+05 -2.02897902e+05  1.88e-03 6.56e-01  2.66e+00     0s
   4  -2.00264379e+05 -2.01500119e+05  3.36e-04 1.51e-01  6.81e-01     0s
   5  -2.00589718e+05 -2.01120029e+05  1.37e-04 5.58e-02  2.92e-01     0s
   6  -2.00732494e+05 -2.00946382e+05  5.64e-05 1.26e-02  1.18e-01     0s
   7  -2.00834715e+05 -2.00879375e+05  1.15e-05 3.78e-04  2.47e-02     0s
   8  -2.00865165e+05 -2.00866577e+05  5.89e-08 3.41e-13  7.76e-04     0s
   9  -2.00865877e+05 -2.00865879e+05  0.00e+00 5.12e-13  7.76e-07     0s
  10  -2.00865878e+05 -2.00865878e+05  1.26e-15 3.41e-13  1.26e-12     0s

Barrier solved model in 10 iterations and 0.02 seconds
Optimal objective -2.00865878e+05


Root relaxation: objective -2.008659e+05, 53 iterations, 0.01 seconds

    Nodes    |    Current Node    |     Objective Bounds      |     Work
 Expl Unexpl |  Obj  Depth IntInf | Incumbent    BestBd   Gap | It/Node Time

     0     0 -200865.88    0   46 -171158.00 -200865.88  17.4%     -    0s
H    0     0                    -196850.0000 -200865.88  2.04%     -    0s
H    0     0                    -197991.0000 -200865.88  1.45%     -    0s
H    0     0                    -198232.0000 -200865.88  1.33%     -    0s
H    0     0                    -198369.0000 -200865.88  1.26%     -    0s
H    0     0                    -198621.0000 -200865.88  1.13%     -    0s
     0     0 -200040.75    0   60 -198621.00 -200040.75  0.71%     -    0s

Cutting planes:
  Cover: 9
  MIR: 45

Explored 0 nodes (226 simplex iterations) in 0.07 seconds
Thread count was 16 (of 16 available processors)

Optimal solution found (tolerance 1.00e-02)
Best objective -1.986210000000e+05, best bound -2.000400000000e+05, gap 0.7144%
Changed value of parameter MIPGap to 0.01
   Prev: 0.0001  Min: 0.0  Max: 1e+100  Default: 0.0001
Changed value of parameter TimeLimit to 1800.0
   Prev: 1e+100  Min: 0.0  Max: 1e+100  Default: 1e+100
Changed value of parameter Method to 2
   Prev: -1  Min: -1  Max: 4  Default: -1
Changed value of parameter MIPFocus to 1
   Prev: 0  Min: 0  Max: 3  Default: 0
Optimize a model with 2354 rows, 3381 columns and 6762 nonzeros
Coefficient statistics:
  Matrix range    [1e+00, 2e+01]
  Objective range [5e+02, 1e+04]
  Bounds range    [1e+00, 1e+00]
  RHS range       [8e+01, 8e+01]
Found heuristic solution: objective 0
Presolve removed 2282 rows and 2499 columns
Presolve time: 0.01s
Presolved: 72 rows, 882 columns, 1585 nonzeros
Found heuristic solution: objective -1704308.000
Variable types: 0 continuous, 882 integer (766 binary)
Optimize a model with 72 rows, 882 columns and 1585 nonzeros
Coefficient statistics:
  Matrix range    [1e+00, 2e+01]
  Objective range [5e+02, 1e+04]
  Bounds range    [1e+00, 6e+00]
  RHS range       [1e+01, 8e+01]
Presolved: 72 rows, 882 columns, 1585 nonzeros

Root barrier log...

Ordering time: 0.00s

Barrier statistics:
 AA' NZ     : 6.700e+02
 Factor NZ  : 2.037e+03
 Factor Ops : 7.433e+04 (less than 1 second per iteration)
 Threads    : 1

                  Objective                Residual
Iter       Primal          Dual         Primal    Dual     Compl     Time
   0  -4.45296901e+06 -5.07238064e+06  1.95e+01 1.82e-12  7.13e+03     0s
   1  -1.90281582e+06 -3.72846212e+06  1.43e+00 9.43e+02  1.43e+03     0s
   2  -1.87719023e+06 -2.14841849e+06  1.96e-02 5.85e+01  1.52e+02     0s
   3  -1.97519443e+06 -2.02365507e+06  1.78e-03 6.62e+00  2.68e+01     0s
   4  -1.99648172e+06 -2.00837828e+06  3.73e-04 1.33e+00  6.57e+00     0s
   5  -2.00008696e+06 -2.00523935e+06  1.58e-04 4.47e-01  2.85e+00     0s
   6  -2.00140021e+06 -2.00397751e+06  9.01e-05 1.28e-01  1.43e+00     0s
   7  -2.00261905e+06 -2.00356317e+06  2.84e-05 3.94e-02  5.22e-01     0s
   8  -2.00311549e+06 -2.00332402e+06  6.23e-06 4.90e-03  1.15e-01     0s
   9  -2.00326502e+06 -2.00326847e+06  5.18e-09 3.64e-12  1.89e-03     0s
  10  -2.00326669e+06 -2.00326672e+06  0.00e+00 5.46e-12  1.70e-05     0s
  11  -2.00326670e+06 -2.00326670e+06  0.00e+00 3.64e-12  1.70e-08     0s
  12  -2.00326670e+06 -2.00326670e+06  4.95e-15 3.64e-12  1.70e-11     0s

Barrier solved model in 12 iterations and 0.02 seconds
Optimal objective -2.00326670e+06


Root relaxation: objective -2.003267e+06, 52 iterations, 0.01 seconds

    Nodes    |    Current Node    |     Objective Bounds      |     Work
 Expl Unexpl |  Obj  Depth IntInf | Incumbent    BestBd   Gap | It/Node Time

     0     0 -2003266.7    0   45 -1704308.0 -2003266.7  17.5%     -    0s
H    0     0                    -1958157.000 -2003266.7  2.30%     -    0s
H    0     0                    -1973641.000 -2003266.7  1.50%     -    0s
H    0     0                    -1981116.000 -2003266.7  1.12%     -    0s
H    0     0                    -1982113.000 -2003266.7  1.07%     -    0s
H    0     0                    -1983611.000 -2003266.7  0.99%     -    0s

Cutting planes:
  Cover: 9
  MIR: 44

Explored 0 nodes (94 simplex iterations) in 0.07 seconds
Thread count was 16 (of 16 available processors)

Optimal solution found (tolerance 1.00e-02)
Best objective -1.983611000000e+06, best bound -2.003266000000e+06, gap 0.9909%
