Changed value of parameter MIPGap to 0.01
   Prev: 0.0001  Min: 0.0  Max: 1e+100  Default: 0.0001
Changed value of parameter TimeLimit to 1800.0
   Prev: 1e+100  Min: 0.0  Max: 1e+100  Default: 1e+100
Changed value of parameter Method to 2
   Prev: -1  Min: -1  Max: 4  Default: -1
Changed value of parameter MIPFocus to 1
   Prev: 0  Min: 0  Max: 3  Default: 0
Optimize a model with 2408 rows, 7378 columns and 14756 nonzeros
Coefficient statistics:
  Matrix range    [1e+00, 4e+01]
  Objective range [1e+00, 1e+00]
  Bounds range    [1e+00, 1e+00]
  RHS range       [8e+01, 8e+01]
Found heuristic solution: objective 0
Presolve removed 148 rows and 541 columns
Presolve time: 0.11s
Presolved: 2260 rows, 6837 columns, 13674 nonzeros
Found heuristic solution: objective -968.0000000
Variable types: 0 continuous, 6837 integer (6837 binary)
Optimize a model with 2260 rows, 6837 columns and 13674 nonzeros
Coefficient statistics:
  Matrix range    [1e+00, 4e+01]
  Objective range [1e+00, 1e+00]
  Bounds range    [1e+00, 1e+00]
  RHS range       [1e+00, 8e+01]
Presolved: 2260 rows, 6837 columns, 13674 nonzeros

Root barrier log...

Ordering time: 0.00s

Barrier statistics:
 AA' NZ     : 6.837e+03
 Factor NZ  : 3.727e+04 (roughly 4 MBytes of memory)
 Factor Ops : 2.730e+06 (less than 1 second per iteration)
 Threads    : 1

                  Objective                Residual
Iter       Primal          Dual         Primal    Dual     Compl     Time
   0  -4.13959522e+03 -5.17618151e+03  1.90e+01 2.48e-01  1.87e+00     0s
   1  -1.47320524e+03 -3.85899984e+03  2.72e+00 6.66e-16  3.59e-01     0s
   2  -1.05127186e+03 -1.62133303e+03  2.98e-01 1.62e-14  5.08e-02     0s
   3  -1.00915488e+03 -1.09685218e+03  2.65e-02 6.66e-16  6.89e-03     0s
   4  -1.00855751e+03 -1.02261779e+03  5.70e-03 4.44e-16  1.13e-03     0s
   5  -1.00846662e+03 -1.01137288e+03  1.44e-03 6.66e-16  2.40e-04     0s
   6  -1.00844668e+03 -1.00848948e+03  1.94e-04 4.44e-16  7.63e-06     0s
   7  -1.00843870e+03 -1.00843990e+03  8.28e-12 4.44e-16  8.48e-08     0s
   8  -1.00843902e+03 -1.00843903e+03  4.19e-12 4.44e-16  8.48e-11     0s

Barrier solved model in 8 iterations and 0.26 seconds
Optimal objective -1.00843902e+03


Root relaxation: objective -1.008439e+03, 4986 iterations, 0.17 seconds

    Nodes    |    Current Node    |     Objective Bounds      |     Work
 Expl Unexpl |  Obj  Depth IntInf | Incumbent    BestBd   Gap | It/Node Time

     0     0 -1008.4390    0  200 -968.00000 -1008.4390  4.18%     -    0s
     0     0 -1006.6098    0  290 -968.00000 -1006.6098  3.99%     -    0s
H    0     0                    -987.0000000 -1006.6098  1.99%     -    0s
H    0     0                    -990.0000000 -1006.6098  1.68%     -    0s
     0     0 -1003.9370    0  276 -990.00000 -1003.9370  1.41%     -    0s
     0     0 -999.86833    0  220 -990.00000 -999.86833  1.00%     -    0s

Cutting planes:
  Gomory: 25
  Cover: 120
  MIR: 54

Explored 0 nodes (7657 simplex iterations) in 0.86 seconds
Thread count was 16 (of 16 available processors)

Optimal solution found (tolerance 1.00e-02)
Best objective -9.900000000000e+02, best bound -9.990000000000e+02, gap 0.9091%
Changed value of parameter MIPGap to 0.01
   Prev: 0.0001  Min: 0.0  Max: 1e+100  Default: 0.0001
Changed value of parameter TimeLimit to 1800.0
   Prev: 1e+100  Min: 0.0  Max: 1e+100  Default: 1e+100
Changed value of parameter Method to 2
   Prev: -1  Min: -1  Max: 4  Default: -1
Changed value of parameter MIPFocus to 1
   Prev: 0  Min: 0  Max: 3  Default: 0
Optimize a model with 2408 rows, 7378 columns and 14756 nonzeros
Coefficient statistics:
  Matrix range    [1e+00, 4e+01]
  Objective range [1e+00, 1e+00]
  Bounds range    [1e+00, 1e+00]
  RHS range       [8e+01, 8e+01]
Found heuristic solution: objective 0
Presolve removed 148 rows and 541 columns
Presolve time: 0.05s
Presolved: 2260 rows, 6837 columns, 13674 nonzeros
Found heuristic solution: objective -969.8490000
Variable types: 0 continuous, 6837 integer (6837 binary)
Optimize a model with 2260 rows, 6837 columns and 13674 nonzeros
Coefficient statistics:
  Matrix range    [1e+00, 4e+01]
  Objective range [1e+00, 1e+00]
  Bounds range    [1e+00, 1e+00]
  RHS range       [1e+00, 8e+01]
Presolved: 2260 rows, 6837 columns, 13674 nonzeros

Root barrier log...

Ordering time: 0.00s

Barrier statistics:
 AA' NZ     : 6.837e+03
 Factor NZ  : 3.727e+04 (roughly 4 MBytes of memory)
 Factor Ops : 2.730e+06 (less than 1 second per iteration)
 Threads    : 1

                  Objective                Residual
Iter       Primal          Dual         Primal    Dual     Compl     Time
   0  -4.14838385e+03 -5.18031651e+03  1.90e+01 2.48e-01  1.87e+00     0s
   1  -1.47841011e+03 -3.86243601e+03  2.73e+00 6.66e-16  3.60e-01     0s
   2  -1.05408608e+03 -1.62712364e+03  3.02e-01 2.84e-14  5.12e-02     0s
   3  -1.01116170e+03 -1.09968928e+03  2.62e-02 3.11e-15  6.94e-03     0s
   4  -1.01060185e+03 -1.02497469e+03  5.45e-03 2.89e-15  1.15e-03     0s
   5  -1.01050879e+03 -1.01325764e+03  1.47e-03 4.44e-16  2.30e-04     0s
   6  -1.01051448e+03 -1.01063423e+03  1.77e-04 3.33e-15  1.27e-05     0s
   7  -1.01050841e+03 -1.01050952e+03  4.04e-12 8.22e-15  7.88e-08     0s
   8  -1.01050891e+03 -1.01050892e+03  1.28e-10 4.44e-16  8.15e-11     0s

Barrier solved model in 8 iterations and 0.12 seconds
Optimal objective -1.01050891e+03


Root relaxation: objective -1.010509e+03, 4890 iterations, 0.09 seconds

    Nodes    |    Current Node    |     Objective Bounds      |     Work
 Expl Unexpl |  Obj  Depth IntInf | Incumbent    BestBd   Gap | It/Node Time

     0     0 -1010.5089    0  191 -969.84900 -1010.5089  4.19%     -    0s
H    0     0                    -985.8375000 -1010.5089  2.50%     -    0s
H    0     0                    -987.8575000 -1010.5089  2.29%     -    0s
     0     0 -1009.3757    0  276 -987.85750 -1009.3757  2.18%     -    0s
H    0     0                    -992.9110000 -1009.3757  1.66%     -    0s
     0     0 -1006.3597    0  310 -992.91100 -1006.3597  1.35%     -    0s
     0     0 -1003.2730    0  263 -992.91100 -1003.2730  1.04%     -    0s
     0     0 -1002.1334    0  222 -992.91100 -1002.1334  0.93%     -    0s

Cutting planes:
  Gomory: 29
  Cover: 125
  Clique: 2
  MIR: 51

Explored 0 nodes (7787 simplex iterations) in 0.64 seconds
Thread count was 16 (of 16 available processors)

Optimal solution found (tolerance 1.00e-02)
Best objective -9.929110000000e+02, best bound -1.002133391966e+03, gap 0.9288%
Changed value of parameter MIPGap to 0.01
   Prev: 0.0001  Min: 0.0  Max: 1e+100  Default: 0.0001
Changed value of parameter TimeLimit to 1800.0
   Prev: 1e+100  Min: 0.0  Max: 1e+100  Default: 1e+100
Changed value of parameter Method to 2
   Prev: -1  Min: -1  Max: 4  Default: -1
Changed value of parameter MIPFocus to 1
   Prev: 0  Min: 0  Max: 3  Default: 0
Optimize a model with 2408 rows, 7378 columns and 14756 nonzeros
Coefficient statistics:
  Matrix range    [1e+00, 4e+01]
  Objective range [1e+00, 1e+00]
  Bounds range    [1e+00, 1e+00]
  RHS range       [8e+01, 8e+01]
Found heuristic solution: objective 0
Presolve removed 148 rows and 541 columns
Presolve time: 0.05s
Presolved: 2260 rows, 6837 columns, 13674 nonzeros
Found heuristic solution: objective -971.6980000
Variable types: 0 continuous, 6837 integer (6837 binary)
Optimize a model with 2260 rows, 6837 columns and 13674 nonzeros
Coefficient statistics:
  Matrix range    [1e+00, 4e+01]
  Objective range [1e+00, 1e+00]
  Bounds range    [1e+00, 1e+00]
  RHS range       [1e+00, 8e+01]
Presolved: 2260 rows, 6837 columns, 13674 nonzeros

Root barrier log...

Ordering time: 0.00s

Barrier statistics:
 AA' NZ     : 6.837e+03
 Factor NZ  : 3.727e+04 (roughly 4 MBytes of memory)
 Factor Ops : 2.730e+06 (less than 1 second per iteration)
 Threads    : 1

                  Objective                Residual
Iter       Primal          Dual         Primal    Dual     Compl     Time
   0  -4.15717241e+03 -5.18445152e+03  1.90e+01 2.48e-01  1.87e+00     0s
   1  -1.48361476e+03 -3.86587367e+03  2.75e+00 6.66e-16  3.61e-01     0s
   2  -1.05689579e+03 -1.63289098e+03  3.05e-01 4.00e-14  5.15e-02     0s
   3  -1.01316263e+03 -1.10226953e+03  2.58e-02 4.88e-15  6.98e-03     0s
   4  -1.01271833e+03 -1.01991429e+03  6.55e-03 4.44e-16  6.66e-04     0s
   5  -1.01260245e+03 -1.01412196e+03  1.98e-03 4.44e-16  1.54e-04     0s
   6  -1.01258852e+03 -1.01261888e+03  2.11e-04 1.33e-15  7.12e-06     0s
   7  -1.01257836e+03 -1.01257941e+03  2.07e-11 3.77e-15  7.47e-08     0s
   8  -1.01257880e+03 -1.01257881e+03  8.71e-12 4.44e-16  7.47e-11     0s

Barrier solved model in 8 iterations and 0.12 seconds
Optimal objective -1.01257880e+03


Root relaxation: objective -1.012579e+03, 4891 iterations, 0.09 seconds

    Nodes    |    Current Node    |     Objective Bounds      |     Work
 Expl Unexpl |  Obj  Depth IntInf | Incumbent    BestBd   Gap | It/Node Time

     0     0 -1012.5788    0  184 -971.69800 -1012.5788  4.21%     -    0s
H    0     0                    -984.6340000 -1012.5788  2.84%     -    0s
H    0     0                    -987.6820000 -1012.5788  2.52%     -    0s
H    0     0                    -988.7020000 -1012.5788  2.41%     -    0s
     0     0 -1008.9466    0  290 -988.70200 -1008.9466  2.05%     -    0s
H    0     0                    -993.8020000 -1008.9466  1.52%     -    0s
     0     0 -1006.7928    0  276 -993.80200 -1006.7928  1.31%     -    0s
     0     0 -1004.9333    0  243 -993.80200 -1004.9333  1.12%     -    0s
H    0     0                    -996.8860000 -1004.9333  0.81%     -    0s

Cutting planes:
  Gomory: 16
  Cover: 100
  Clique: 1
  MIR: 36

Explored 0 nodes (7649 simplex iterations) in 0.60 seconds
Thread count was 16 (of 16 available processors)

Optimal solution found (tolerance 1.00e-02)
Best objective -9.968860000000e+02, best bound -1.004933344652e+03, gap 0.8072%
Changed value of parameter MIPGap to 0.01
   Prev: 0.0001  Min: 0.0  Max: 1e+100  Default: 0.0001
Changed value of parameter TimeLimit to 1800.0
   Prev: 1e+100  Min: 0.0  Max: 1e+100  Default: 1e+100
Changed value of parameter Method to 2
   Prev: -1  Min: -1  Max: 4  Default: -1
Changed value of parameter MIPFocus to 1
   Prev: 0  Min: 0  Max: 3  Default: 0
Optimize a model with 2408 rows, 7378 columns and 14756 nonzeros
Coefficient statistics:
  Matrix range    [1e+00, 4e+01]
  Objective range [1e+00, 1e+00]
  Bounds range    [1e+00, 1e+00]
  RHS range       [8e+01, 8e+01]
Found heuristic solution: objective 0
Presolve removed 148 rows and 541 columns
Presolve time: 0.05s
Presolved: 2260 rows, 6837 columns, 13674 nonzeros
Found heuristic solution: objective -975.3960000
Variable types: 0 continuous, 6837 integer (6837 binary)
Optimize a model with 2260 rows, 6837 columns and 13674 nonzeros
Coefficient statistics:
  Matrix range    [1e+00, 4e+01]
  Objective range [1e+00, 1e+00]
  Bounds range    [1e+00, 1e+00]
  RHS range       [1e+00, 8e+01]
Presolved: 2260 rows, 6837 columns, 13674 nonzeros

Root barrier log...

Ordering time: 0.00s

Barrier statistics:
 AA' NZ     : 6.837e+03
 Factor NZ  : 3.727e+04 (roughly 4 MBytes of memory)
 Factor Ops : 2.730e+06 (less than 1 second per iteration)
 Threads    : 1

                  Objective                Residual
Iter       Primal          Dual         Primal    Dual     Compl     Time
   0  -4.17474932e+03 -5.19272153e+03  1.90e+01 2.49e-01  1.87e+00     0s
   1  -1.49402336e+03 -3.87275342e+03  2.77e+00 6.66e-16  3.63e-01     0s
   2  -1.06250085e+03 -1.64435671e+03  3.11e-01 2.00e-15  5.22e-02     0s
   3  -1.01721158e+03 -1.10721096e+03  2.55e-02 6.66e-16  7.03e-03     0s
   4  -1.01683309e+03 -1.02431626e+03  6.40e-03 8.88e-16  6.83e-04     0s
   5  -1.01673400e+03 -1.01832797e+03  1.91e-03 1.11e-15  1.58e-04     0s
   6  -1.01672715e+03 -1.01677350e+03  2.12e-04 4.22e-15  8.30e-06     0s
   7  -1.01671798e+03 -1.01671944e+03  1.09e-11 2.89e-15  1.04e-07     0s
   8  -1.01671858e+03 -1.01671859e+03  4.00e-11 6.66e-16  1.08e-10     0s

Barrier solved model in 8 iterations and 0.12 seconds
Optimal objective -1.01671858e+03


Root relaxation: objective -1.016719e+03, 4928 iterations, 0.09 seconds

    Nodes    |    Current Node    |     Objective Bounds      |     Work
 Expl Unexpl |  Obj  Depth IntInf | Incumbent    BestBd   Gap | It/Node Time

     0     0 -1016.7186    0  231 -975.39600 -1016.7186  4.24%     -    0s
H    0     0                    -989.3180000 -1016.7186  2.77%     -    0s
H    0     0                    -990.3100000 -1016.7186  2.67%     -    0s
H    0     0                    -991.3500000 -1016.7186  2.56%     -    0s
     0     0 -1015.5264    0  341 -991.35000 -1015.5264  2.44%     -    0s
H    0     0                    -999.6700000 -1015.5264  1.59%     -    0s
     0     0 -1011.8109    0  320 -999.67000 -1011.8109  1.21%     -    0s
     0     0 -1008.8815    0  277 -999.67000 -1008.8815  0.92%     -    0s

Cutting planes:
  Gomory: 20
  Cover: 138
  Clique: 2
  MIR: 65

Explored 0 nodes (7555 simplex iterations) in 0.61 seconds
Thread count was 16 (of 16 available processors)

Optimal solution found (tolerance 1.00e-02)
Best objective -9.996700000000e+02, best bound -1.008881483896e+03, gap 0.9215%
Changed value of parameter MIPGap to 0.01
   Prev: 0.0001  Min: 0.0  Max: 1e+100  Default: 0.0001
Changed value of parameter TimeLimit to 1800.0
   Prev: 1e+100  Min: 0.0  Max: 1e+100  Default: 1e+100
Changed value of parameter Method to 2
   Prev: -1  Min: -1  Max: 4  Default: -1
Changed value of parameter MIPFocus to 1
   Prev: 0  Min: 0  Max: 3  Default: 0
Optimize a model with 2408 rows, 7378 columns and 14756 nonzeros
Coefficient statistics:
  Matrix range    [1e+00, 4e+01]
  Objective range [1e+00, 1e+00]
  Bounds range    [1e+00, 1e+00]
  RHS range       [8e+01, 8e+01]
Found heuristic solution: objective 0
Presolve removed 148 rows and 541 columns
Presolve time: 0.05s
Presolved: 2260 rows, 6837 columns, 13674 nonzeros
Found heuristic solution: objective -982.7920000
Variable types: 0 continuous, 6837 integer (6837 binary)
Optimize a model with 2260 rows, 6837 columns and 13674 nonzeros
Coefficient statistics:
  Matrix range    [1e+00, 4e+01]
  Objective range [1e+00, 1e+00]
  Bounds range    [1e+00, 1e+00]
  RHS range       [1e+00, 8e+01]
Presolved: 2260 rows, 6837 columns, 13674 nonzeros

Root barrier log...

Ordering time: 0.00s

Barrier statistics:
 AA' NZ     : 6.837e+03
 Factor NZ  : 3.727e+04 (roughly 4 MBytes of memory)
 Factor Ops : 2.730e+06 (less than 1 second per iteration)
 Threads    : 1

                  Objective                Residual
Iter       Primal          Dual         Primal    Dual     Compl     Time
   0  -4.20990231e+03 -5.20926155e+03  1.90e+01 2.49e-01  1.87e+00     0s
   1  -1.46540717e+03 -3.88655862e+03  2.91e+00 6.66e-16  3.70e-01     0s
   2  -1.05893594e+03 -1.78478549e+03  2.97e-01 1.09e-14  6.23e-02     0s
   3  -1.02399789e+03 -1.11607852e+03  2.09e-02 6.66e-16  7.03e-03     0s
   4  -1.02470883e+03 -1.03727916e+03  5.48e-03 8.88e-16  1.02e-03     0s
   5  -1.02484091e+03 -1.02694614e+03  2.37e-03 1.55e-15  2.03e-04     0s
   6  -1.02498875e+03 -1.02507870e+03  2.60e-04 6.66e-16  1.22e-05     0s
   7  -1.02499779e+03 -1.02499918e+03  8.64e-12 2.00e-15  9.87e-08     0s
   8  -1.02499815e+03 -1.02499815e+03  3.87e-11 4.44e-16  1.07e-10     0s

Barrier solved model in 8 iterations and 0.12 seconds
Optimal objective -1.02499815e+03


Root relaxation: objective -1.024998e+03, 5011 iterations, 0.09 seconds

    Nodes    |    Current Node    |     Objective Bounds      |     Work
 Expl Unexpl |  Obj  Depth IntInf | Incumbent    BestBd   Gap | It/Node Time

     0     0 -1024.9981    0  232 -982.79200 -1024.9981  4.29%     -    0s
     0     0 -1021.1260    0  282 -982.79200 -1021.1260  3.90%     -    0s
H    0     0                    -994.4760000 -1021.1260  2.68%     -    0s
H    0     0                    -994.6200000 -1021.1260  2.66%     -    0s
H    0     0                    -1007.320000 -1021.1260  1.37%     -    0s
     0     0 -1019.1877    0  281 -1007.3200 -1019.1877  1.18%     -    0s
     0     0 -1017.3119    0  235 -1007.3200 -1017.3119  0.99%     -    0s

Cutting planes:
  Gomory: 19
  Cover: 139
  Clique: 4
  MIR: 68

Explored 0 nodes (7159 simplex iterations) in 0.53 seconds
Thread count was 16 (of 16 available processors)

Optimal solution found (tolerance 1.00e-02)
Best objective -1.007320000000e+03, best bound -1.017311856948e+03, gap 0.9919%
Changed value of parameter MIPGap to 0.01
   Prev: 0.0001  Min: 0.0  Max: 1e+100  Default: 0.0001
Changed value of parameter TimeLimit to 1800.0
   Prev: 1e+100  Min: 0.0  Max: 1e+100  Default: 1e+100
Changed value of parameter Method to 2
   Prev: -1  Min: -1  Max: 4  Default: -1
Changed value of parameter MIPFocus to 1
   Prev: 0  Min: 0  Max: 3  Default: 0
Optimize a model with 2408 rows, 7378 columns and 14756 nonzeros
Coefficient statistics:
  Matrix range    [1e+00, 4e+01]
  Objective range [1e+00, 1e+00]
  Bounds range    [1e+00, 1e+00]
  RHS range       [8e+01, 8e+01]
Found heuristic solution: objective 0
Presolve removed 148 rows and 541 columns
Presolve time: 0.05s
Presolved: 2260 rows, 6837 columns, 13674 nonzeros
Found heuristic solution: objective -986.4900000
Variable types: 0 continuous, 6837 integer (6837 binary)
Optimize a model with 2260 rows, 6837 columns and 13674 nonzeros
Coefficient statistics:
  Matrix range    [1e+00, 4e+01]
  Objective range [1e+00, 1e+00]
  Bounds range    [1e+00, 1e+00]
  RHS range       [1e+00, 8e+01]
Presolved: 2260 rows, 6837 columns, 13674 nonzeros

Root barrier log...

Ordering time: 0.00s

Barrier statistics:
 AA' NZ     : 6.837e+03
 Factor NZ  : 3.727e+04 (roughly 4 MBytes of memory)
 Factor Ops : 2.730e+06 (less than 1 second per iteration)
 Threads    : 1

                  Objective                Residual
Iter       Primal          Dual         Primal    Dual     Compl     Time
   0  -4.22747840e+03 -5.21753156e+03  1.90e+01 2.49e-01  1.88e+00     0s
   1  -1.47508373e+03 -3.89345338e+03  2.94e+00 6.66e-16  3.71e-01     0s
   2  -1.06425689e+03 -1.80074916e+03  3.03e-01 3.06e-14  6.34e-02     0s
   3  -1.02802395e+03 -1.12083454e+03  2.04e-02 8.88e-16  7.07e-03     0s
   4  -1.02882086e+03 -1.04095874e+03  5.34e-03 1.55e-15  9.81e-04     0s
   5  -1.02897102e+03 -1.03106131e+03  2.28e-03 1.55e-15  1.99e-04     0s
   6  -1.02912750e+03 -1.02921331e+03  2.51e-04 9.10e-15  1.17e-05     0s
   7  -1.02913748e+03 -1.02913887e+03  9.35e-12 9.55e-15  9.86e-08     0s
   8  -1.02913793e+03 -1.02913793e+03  2.63e-11 4.44e-16  1.04e-10     0s

Barrier solved model in 8 iterations and 0.12 seconds
Optimal objective -1.02913793e+03


Root relaxation: objective -1.029138e+03, 5019 iterations, 0.09 seconds

    Nodes    |    Current Node    |     Objective Bounds      |     Work
 Expl Unexpl |  Obj  Depth IntInf | Incumbent    BestBd   Gap | It/Node Time

     0     0 -1029.1379    0  186 -986.49000 -1029.1379  4.32%     -    0s
H    0     0                    -995.8350000 -1029.1379  3.34%     -    0s
H    0     0                    -1000.115000 -1029.1379  2.90%     -    0s
     0     0 -1027.4477    0  286 -1000.1150 -1027.4477  2.73%     -    0s
H    0     0                    -1003.940000 -1027.4477  2.34%     -    0s
H    0     0                    -1007.100000 -1027.4477  2.02%     -    0s
     0     0 -1024.5573    0  291 -1007.1000 -1024.5573  1.73%     -    0s
     0     0 -1019.3640    0  264 -1007.1000 -1019.3640  1.22%     -    0s
H    0     0                    -1009.370000 -1019.3640  0.99%     -    0s

Cutting planes:
  Gomory: 23
  Cover: 126
  MIR: 20

Explored 0 nodes (8153 simplex iterations) in 0.64 seconds
Thread count was 16 (of 16 available processors)

Optimal solution found (tolerance 1.00e-02)
Best objective -1.009370000000e+03, best bound -1.019360000000e+03, gap 0.9897%
Changed value of parameter MIPGap to 0.01
   Prev: 0.0001  Min: 0.0  Max: 1e+100  Default: 0.0001
Changed value of parameter TimeLimit to 1800.0
   Prev: 1e+100  Min: 0.0  Max: 1e+100  Default: 1e+100
Changed value of parameter Method to 2
   Prev: -1  Min: -1  Max: 4  Default: -1
Changed value of parameter MIPFocus to 1
   Prev: 0  Min: 0  Max: 3  Default: 0
Optimize a model with 2408 rows, 7378 columns and 14756 nonzeros
Coefficient statistics:
  Matrix range    [1e+00, 4e+01]
  Objective range [1e+00, 1e+00]
  Bounds range    [1e+00, 1e+00]
  RHS range       [8e+01, 8e+01]
Found heuristic solution: objective 0
Presolve removed 148 rows and 541 columns
Presolve time: 0.05s
Presolved: 2260 rows, 6837 columns, 13674 nonzeros
Found heuristic solution: objective -1004.980000
Variable types: 0 continuous, 6837 integer (6837 binary)
Optimize a model with 2260 rows, 6837 columns and 13674 nonzeros
Coefficient statistics:
  Matrix range    [1e+00, 4e+01]
  Objective range [1e+00, 1e+00]
  Bounds range    [1e+00, 1e+00]
  RHS range       [1e+00, 8e+01]
Presolved: 2260 rows, 6837 columns, 13674 nonzeros

Root barrier log...

Ordering time: 0.00s

Barrier statistics:
 AA' NZ     : 6.837e+03
 Factor NZ  : 3.727e+04 (roughly 4 MBytes of memory)
 Factor Ops : 2.730e+06 (less than 1 second per iteration)
 Threads    : 1

                  Objective                Residual
Iter       Primal          Dual         Primal    Dual     Compl     Time
   0  -4.31539195e+03 -5.29430040e+03  1.90e+01 2.51e-01  1.90e+00     0s
   1  -1.54441262e+03 -3.95141065e+03  2.99e+00 6.66e-16  3.79e-01     0s
   2  -1.09689558e+03 -1.83925668e+03  3.33e-01 1.11e-15  6.54e-02     0s
   3  -1.04820438e+03 -1.13880876e+03  1.26e-02 1.55e-15  6.77e-03     0s
   4  -1.04943492e+03 -1.06157964e+03  2.73e-03 1.11e-15  9.35e-04     0s
   5  -1.04968467e+03 -1.05175898e+03  1.03e-03 8.88e-16  1.74e-04     0s
   6  -1.04982138e+03 -1.04986244e+03  1.49e-04 4.44e-16  6.83e-06     0s
   7  -1.04983623e+03 -1.04983790e+03  3.00e-11 1.55e-15  1.18e-07     0s
   8  -1.04983683e+03 -1.04983683e+03  2.26e-11 4.44e-16  1.38e-10     0s

Barrier solved model in 8 iterations and 0.12 seconds
Optimal objective -1.04983683e+03


Root relaxation: objective -1.049837e+03, 5001 iterations, 0.09 seconds

    Nodes    |    Current Node    |     Objective Bounds      |     Work
 Expl Unexpl |  Obj  Depth IntInf | Incumbent    BestBd   Gap | It/Node Time

     0     0 -1049.8368    0  184 -1004.9800 -1049.8368  4.46%     -    0s
     0     0 -1046.9226    0  284 -1004.9800 -1046.9226  4.17%     -    0s
H    0     0                    -1018.470000 -1046.9226  2.79%     -    0s
H    0     0                    -1027.830000 -1046.9226  1.86%     -    0s
     0     0 -1044.4875    0  296 -1027.8300 -1044.4875  1.62%     -    0s
     0     0 -1040.3159    0  222 -1027.8300 -1040.3159  1.21%     -    0s
H    0     0                    -1030.540000 -1040.3159  0.95%     -    0s

Cutting planes:
  Gomory: 19
  Cover: 116
  Clique: 1
  MIR: 38

Explored 0 nodes (8646 simplex iterations) in 0.57 seconds
Thread count was 16 (of 16 available processors)

Optimal solution found (tolerance 1.00e-02)
Best objective -1.030540000000e+03, best bound -1.040310000000e+03, gap 0.9480%
Changed value of parameter MIPGap to 0.01
   Prev: 0.0001  Min: 0.0  Max: 1e+100  Default: 0.0001
Changed value of parameter TimeLimit to 1800.0
   Prev: 1e+100  Min: 0.0  Max: 1e+100  Default: 1e+100
Changed value of parameter Method to 2
   Prev: -1  Min: -1  Max: 4  Default: -1
Changed value of parameter MIPFocus to 1
   Prev: 0  Min: 0  Max: 3  Default: 0
Optimize a model with 2408 rows, 7378 columns and 14756 nonzeros
Coefficient statistics:
  Matrix range    [1e+00, 4e+01]
  Objective range [1e+00, 1e+00]
  Bounds range    [1e+00, 1e+00]
  RHS range       [8e+01, 8e+01]
Found heuristic solution: objective 0
Presolve removed 148 rows and 541 columns
Presolve time: 0.05s
Presolved: 2260 rows, 6837 columns, 13674 nonzeros
Found heuristic solution: objective -1041.960000
Variable types: 0 continuous, 6837 integer (6837 binary)
Optimize a model with 2260 rows, 6837 columns and 13674 nonzeros
Coefficient statistics:
  Matrix range    [1e+00, 4e+01]
  Objective range [1e+00, 1e+00]
  Bounds range    [1e+00, 1e+00]
  RHS range       [1e+00, 8e+01]
Presolved: 2260 rows, 6837 columns, 13674 nonzeros

Root barrier log...

Ordering time: 0.00s

Barrier statistics:
 AA' NZ     : 6.837e+03
 Factor NZ  : 3.727e+04 (roughly 4 MBytes of memory)
 Factor Ops : 2.730e+06 (less than 1 second per iteration)
 Threads    : 1

                  Objective                Residual
Iter       Primal          Dual         Primal    Dual     Compl     Time
   0  -4.49185473e+03 -6.09261079e+03  1.90e+01 2.61e-01  2.23e+00     0s
   1  -1.55201710e+03 -4.49643283e+03  2.76e+00 6.66e-16  4.27e-01     0s
   2  -1.12493159e+03 -2.00749600e+03  2.96e-01 3.00e-14  7.49e-02     0s
   3  -1.08718829e+03 -1.18648543e+03  6.06e-03 1.78e-15  7.23e-03     0s
   4  -1.09046331e+03 -1.09432482e+03  1.09e-03 6.66e-16  3.05e-04     0s
   5  -1.09110148e+03 -1.09190464e+03  2.05e-04 2.00e-14  6.28e-05     0s
   6  -1.09121310e+03 -1.09134927e+03  3.72e-05 2.89e-15  1.07e-05     0s
   7  -1.09123849e+03 -1.09125858e+03  7.48e-13 1.33e-15  1.43e-06     0s
   8  -1.09123911e+03 -1.09124058e+03  1.38e-11 6.66e-16  1.04e-07     0s
   9  -1.09123922e+03 -1.09123928e+03  1.92e-13 6.66e-16  3.78e-09     0s
  10  -1.09123923e+03 -1.09123923e+03  1.12e-13 4.44e-16  7.20e-15     0s

Barrier solved model in 10 iterations and 0.13 seconds
Optimal objective -1.09123923e+03


Root relaxation: objective -1.091239e+03, 4334 iterations, 0.10 seconds

    Nodes    |    Current Node    |     Objective Bounds      |     Work
 Expl Unexpl |  Obj  Depth IntInf | Incumbent    BestBd   Gap | It/Node Time

     0     0 -1091.2392    0  196 -1041.9600 -1091.2392  4.73%     -    0s
H    0     0                    -1054.820000 -1091.2392  3.45%     -    0s
H    0     0                    -1058.700000 -1091.2392  3.07%     -    0s
H    0     0                    -1060.300000 -1091.2392  2.92%     -    0s
     0     0 -1089.4279    0  308 -1060.3000 -1089.4279  2.75%     -    0s
H    0     0                    -1065.600000 -1089.4279  2.24%     -    0s
     0     0 -1086.9099    0  288 -1065.6000 -1086.9099  2.00%     -    0s
     0     0 -1080.1638    0  228 -1065.6000 -1080.1638  1.37%     -    0s
H    0     0                    -1068.400000 -1080.1638  1.10%     -    0s
     0     0 -1079.3680    0  224 -1068.4000 -1079.3680  1.03%     -    0s
     0     0 -1078.8728    0  240 -1068.4000 -1078.8728  0.98%     -    0s

Cutting planes:
  Gomory: 17
  Cover: 140
  Clique: 3
  MIR: 69

Explored 0 nodes (7675 simplex iterations) in 0.82 seconds
Thread count was 16 (of 16 available processors)

Optimal solution found (tolerance 1.00e-02)
Best objective -1.068400000000e+03, best bound -1.078860000000e+03, gap 0.9790%
Changed value of parameter MIPGap to 0.01
   Prev: 0.0001  Min: 0.0  Max: 1e+100  Default: 0.0001
Changed value of parameter TimeLimit to 1800.0
   Prev: 1e+100  Min: 0.0  Max: 1e+100  Default: 1e+100
Changed value of parameter Method to 2
   Prev: -1  Min: -1  Max: 4  Default: -1
Changed value of parameter MIPFocus to 1
   Prev: 0  Min: 0  Max: 3  Default: 0
Optimize a model with 2408 rows, 7378 columns and 14756 nonzeros
Coefficient statistics:
  Matrix range    [1e+00, 4e+01]
  Objective range [1e+00, 2e+00]
  Bounds range    [1e+00, 1e+00]
  RHS range       [8e+01, 8e+01]
Found heuristic solution: objective 0
Presolve removed 148 rows and 541 columns
Presolve time: 0.05s
Presolved: 2260 rows, 6837 columns, 13674 nonzeros
Found heuristic solution: objective -1115.920000
Variable types: 0 continuous, 6837 integer (6837 binary)
Optimize a model with 2260 rows, 6837 columns and 13674 nonzeros
Coefficient statistics:
  Matrix range    [1e+00, 4e+01]
  Objective range [1e+00, 2e+00]
  Bounds range    [1e+00, 1e+00]
  RHS range       [1e+00, 8e+01]
Presolved: 2260 rows, 6837 columns, 13674 nonzeros

Root barrier log...

Ordering time: 0.00s

Barrier statistics:
 AA' NZ     : 6.837e+03
 Factor NZ  : 3.727e+04 (roughly 4 MBytes of memory)
 Factor Ops : 2.730e+06 (less than 1 second per iteration)
 Threads    : 1

                  Objective                Residual
Iter       Primal          Dual         Primal    Dual     Compl     Time
   0  -4.84464786e+03 -7.68923155e+03  1.90e+01 3.42e-01  2.90e+00     0s
   1  -1.60353715e+03 -5.58248492e+03  2.45e+00 8.88e-16  5.24e-01     0s
   2  -1.19206119e+03 -2.14362513e+03  2.61e-01 1.33e-15  7.90e-02     0s
   3  -1.16704240e+03 -1.27104711e+03  1.15e-02 5.77e-15  7.69e-03     0s
   4  -1.17358660e+03 -1.18333087e+03  1.46e-03 1.33e-15  7.29e-04     0s
   5  -1.17464439e+03 -1.17587064e+03  2.19e-04 4.53e-16  9.27e-05     0s
   6  -1.17481596e+03 -1.17486914e+03  3.18e-05 2.89e-15  4.60e-06     0s
   7  -1.17484277e+03 -1.17484318e+03  7.84e-12 3.38e-14  2.89e-08     0s
   8  -1.17484287e+03 -1.17484287e+03  8.51e-13 6.66e-16  2.89e-11     0s

Barrier solved model in 8 iterations and 0.12 seconds
Optimal objective -1.17484287e+03


Root relaxation: objective -1.174843e+03, 4781 iterations, 0.09 seconds

    Nodes    |    Current Node    |     Objective Bounds      |     Work
 Expl Unexpl |  Obj  Depth IntInf | Incumbent    BestBd   Gap | It/Node Time

     0     0 -1174.8429    0  217 -1115.9200 -1174.8429  5.28%     -    0s
     0     0 -1172.4751    0  293 -1115.9200 -1172.4751  5.07%     -    0s
H    0     0                    -1134.520000 -1172.4751  3.35%     -    0s
H    0     0                    -1142.560000 -1172.4751  2.62%     -    0s
     0     0 -1169.7861    0  290 -1142.5600 -1169.7861  2.38%     -    0s
     0     0 -1162.7139    0  239 -1142.5600 -1162.7139  1.76%     -    0s
H    0     0                    -1148.320000 -1162.7139  1.25%     -    0s
     0     0 -1159.0398    0  223 -1148.3200 -1159.0398  0.93%     -    0s

Cutting planes:
  Gomory: 29
  Cover: 123
  Clique: 3
  MIR: 52

Explored 0 nodes (7639 simplex iterations) in 0.69 seconds
Thread count was 16 (of 16 available processors)

Optimal solution found (tolerance 1.00e-02)
Best objective -1.148320000000e+03, best bound -1.159000000000e+03, gap 0.9301%
Changed value of parameter MIPGap to 0.01
   Prev: 0.0001  Min: 0.0  Max: 1e+100  Default: 0.0001
Changed value of parameter TimeLimit to 1800.0
   Prev: 1e+100  Min: 0.0  Max: 1e+100  Default: 1e+100
Changed value of parameter Method to 2
   Prev: -1  Min: -1  Max: 4  Default: -1
Changed value of parameter MIPFocus to 1
   Prev: 0  Min: 0  Max: 3  Default: 0
Optimize a model with 2408 rows, 7378 columns and 14756 nonzeros
Coefficient statistics:
  Matrix range    [1e+00, 4e+01]
  Objective range [1e+00, 2e+00]
  Bounds range    [1e+00, 1e+00]
  RHS range       [8e+01, 8e+01]
Found heuristic solution: objective 0
Presolve removed 148 rows and 541 columns
Presolve time: 0.05s
Presolved: 2260 rows, 6837 columns, 13674 nonzeros
Found heuristic solution: objective -1152.900000
Variable types: 0 continuous, 6837 integer (6837 binary)
Optimize a model with 2260 rows, 6837 columns and 13674 nonzeros
Coefficient statistics:
  Matrix range    [1e+00, 4e+01]
  Objective range [1e+00, 2e+00]
  Bounds range    [1e+00, 1e+00]
  RHS range       [1e+00, 8e+01]
Presolved: 2260 rows, 6837 columns, 13674 nonzeros

Root barrier log...

Ordering time: 0.00s

Barrier statistics:
 AA' NZ     : 6.837e+03
 Factor NZ  : 3.727e+04 (roughly 4 MBytes of memory)
 Factor Ops : 2.730e+06 (less than 1 second per iteration)
 Threads    : 1

                  Objective                Residual
Iter       Primal          Dual         Primal    Dual     Compl     Time
   0  -5.02100539e+03 -8.48754194e+03  1.90e+01 3.83e-01  3.24e+00     0s
   1  -1.65982964e+03 -6.12792388e+03  2.50e+00 1.11e-15  5.88e-01     0s
   2  -1.23066841e+03 -2.30357248e+03  2.74e-01 1.11e-15  8.91e-02     0s
   3  -1.20682116e+03 -1.31753392e+03  1.65e-02 2.22e-15  8.30e-03     0s
   4  -1.21493610e+03 -1.22761100e+03  2.31e-03 1.78e-15  9.59e-04     0s
   5  -1.21637591e+03 -1.21802112e+03  3.51e-04 4.44e-16  1.26e-04     0s
   6  -1.21660415e+03 -1.21666094e+03  5.57e-05 8.88e-16  5.46e-06     0s
   7  -1.21664458e+03 -1.21664531e+03  1.31e-11 8.88e-16  5.19e-08     0s
   8  -1.21664469e+03 -1.21664469e+03  2.71e-13 8.88e-16  5.19e-11     0s

Barrier solved model in 8 iterations and 0.12 seconds
Optimal objective -1.21664469e+03


Root relaxation: objective -1.216645e+03, 4946 iterations, 0.09 seconds

    Nodes    |    Current Node    |     Objective Bounds      |     Work
 Expl Unexpl |  Obj  Depth IntInf | Incumbent    BestBd   Gap | It/Node Time

     0     0 -1216.6447    0  190 -1152.9000 -1216.6447  5.53%     -    0s
H    0     0                    -1170.050000 -1216.6447  3.98%     -    0s
     0     0 -1213.9623    0  308 -1170.0500 -1213.9623  3.75%     -    0s
H    0     0                    -1188.650000 -1213.9623  2.13%     -    0s
     0     0 -1210.1740    0  315 -1188.6500 -1210.1740  1.81%     -    0s
     0     0 -1202.2593    0  255 -1188.6500 -1202.2593  1.14%     -    0s
H    0     0                    -1193.350000 -1202.2593  0.75%     -    0s

Cutting planes:
  Gomory: 19
  Cover: 110
  MIR: 27

Explored 0 nodes (8708 simplex iterations) in 0.70 seconds
Thread count was 16 (of 16 available processors)

Optimal solution found (tolerance 1.00e-02)
Best objective -1.193350000000e+03, best bound -1.202250000000e+03, gap 0.7458%
Changed value of parameter MIPGap to 0.01
   Prev: 0.0001  Min: 0.0  Max: 1e+100  Default: 0.0001
Changed value of parameter TimeLimit to 1800.0
   Prev: 1e+100  Min: 0.0  Max: 1e+100  Default: 1e+100
Changed value of parameter Method to 2
   Prev: -1  Min: -1  Max: 4  Default: -1
Changed value of parameter MIPFocus to 1
   Prev: 0  Min: 0  Max: 3  Default: 0
Optimize a model with 2408 rows, 7378 columns and 14756 nonzeros
Coefficient statistics:
  Matrix range    [1e+00, 4e+01]
  Objective range [1e+00, 3e+00]
  Bounds range    [1e+00, 1e+00]
  RHS range       [8e+01, 8e+01]
Found heuristic solution: objective 0
Presolve removed 148 rows and 541 columns
Presolve time: 0.05s
Presolved: 2260 rows, 6837 columns, 13674 nonzeros
Found heuristic solution: objective -1337.800000
Variable types: 0 continuous, 6837 integer (6837 binary)
Optimize a model with 2260 rows, 6837 columns and 13674 nonzeros
Coefficient statistics:
  Matrix range    [1e+00, 4e+01]
  Objective range [1e+00, 3e+00]
  Bounds range    [1e+00, 1e+00]
  RHS range       [1e+00, 8e+01]
Presolved: 2260 rows, 6837 columns, 13674 nonzeros

Root barrier log...

Ordering time: 0.00s

Barrier statistics:
 AA' NZ     : 6.837e+03
 Factor NZ  : 3.727e+04 (roughly 4 MBytes of memory)
 Factor Ops : 2.730e+06 (less than 1 second per iteration)
 Threads    : 1

                  Objective                Residual
Iter       Primal          Dual         Primal    Dual     Compl     Time
   0  -5.90261458e+03 -1.24790939e+04  1.90e+01 5.86e-01  4.91e+00     0s
   1  -1.89659079e+03 -8.89042175e+03  2.41e+00 1.55e-15  8.81e-01     0s
   2  -1.42138928e+03 -2.97101308e+03  2.81e-01 1.78e-15  1.27e-01     0s
   3  -1.40602005e+03 -1.56801310e+03  1.77e-02 2.66e-15  1.21e-02     0s
   4  -1.42196699e+03 -1.46582111e+03  3.07e-03 8.88e-16  3.21e-03     0s
   5  -1.42531414e+03 -1.43720894e+03  5.82e-04 8.88e-16  8.62e-04     0s
   6  -1.42571537e+03 -1.42880211e+03  3.35e-04 8.88e-16  2.29e-04     0s
   7  -1.42624944e+03 -1.42634261e+03  4.63e-06 8.88e-16  6.76e-06     0s
   8  -1.42626195e+03 -1.42626212e+03  2.79e-13 8.88e-16  1.20e-08     0s
   9  -1.42626198e+03 -1.42626198e+03  1.27e-13 8.88e-16  1.20e-11     0s

Barrier solved model in 9 iterations and 0.12 seconds
Optimal objective -1.42626198e+03


Root relaxation: objective -1.426262e+03, 4441 iterations, 0.09 seconds

    Nodes    |    Current Node    |     Objective Bounds      |     Work
 Expl Unexpl |  Obj  Depth IntInf | Incumbent    BestBd   Gap | It/Node Time

     0     0 -1426.2620    0  201 -1337.8000 -1426.2620  6.61%     -    0s
H    0     0                    -1355.400000 -1426.2620  5.23%     -    0s
H    0     0                    -1355.800000 -1426.2620  5.20%     -    0s
H    0     0                    -1358.800000 -1426.2620  4.96%     -    0s
     0     0 -1414.3373    0  279 -1358.8000 -1414.3373  4.09%     -    0s
H    0     0                    -1376.900000 -1414.3373  2.72%     -    0s
     0     0 -1411.1527    0  296 -1376.9000 -1411.1527  2.49%     -    0s
     0     0 -1401.0152    0  247 -1376.9000 -1401.0152  1.75%     -    0s
H    0     0                    -1384.600000 -1401.0152  1.19%     -    0s
     0     0 -1399.2293    0  227 -1384.6000 -1399.2293  1.06%     -    0s
     0     0 -1399.2293    0  267 -1384.6000 -1399.2293  1.06%     -    0s
H    0     0                    -1387.800000 -1399.2293  0.82%     -    0s

Cutting planes:
  Gomory: 17
  Cover: 138
  Clique: 2
  MIR: 46

Explored 0 nodes (7684 simplex iterations) in 0.81 seconds
Thread count was 16 (of 16 available processors)

Optimal solution found (tolerance 1.00e-02)
Best objective -1.387800000000e+03, best bound -1.399200000000e+03, gap 0.8214%
Changed value of parameter MIPGap to 0.01
   Prev: 0.0001  Min: 0.0  Max: 1e+100  Default: 0.0001
Changed value of parameter TimeLimit to 1800.0
   Prev: 1e+100  Min: 0.0  Max: 1e+100  Default: 1e+100
Changed value of parameter Method to 2
   Prev: -1  Min: -1  Max: 4  Default: -1
Changed value of parameter MIPFocus to 1
   Prev: 0  Min: 0  Max: 3  Default: 0
Optimize a model with 2408 rows, 7378 columns and 14756 nonzeros
Coefficient statistics:
  Matrix range    [1e+00, 4e+01]
  Objective range [1e+00, 5e+00]
  Bounds range    [1e+00, 1e+00]
  RHS range       [8e+01, 8e+01]
Found heuristic solution: objective 0
Presolve removed 148 rows and 541 columns
Presolve time: 0.05s
Presolved: 2260 rows, 6837 columns, 13674 nonzeros
Found heuristic solution: objective -1707.600000
Variable types: 0 continuous, 6837 integer (6837 binary)
Optimize a model with 2260 rows, 6837 columns and 13674 nonzeros
Coefficient statistics:
  Matrix range    [1e+00, 4e+01]
  Objective range [1e+00, 5e+00]
  Bounds range    [1e+00, 1e+00]
  RHS range       [1e+00, 8e+01]
Presolved: 2260 rows, 6837 columns, 13674 nonzeros

Root barrier log...

Ordering time: 0.00s

Barrier statistics:
 AA' NZ     : 6.837e+03
 Factor NZ  : 3.727e+04 (roughly 4 MBytes of memory)
 Factor Ops : 2.730e+06 (less than 1 second per iteration)
 Threads    : 1

                  Objective                Residual
Iter       Primal          Dual         Primal    Dual     Compl     Time
   0  -7.66551765e+03 -2.04621977e+04  1.90e+01 9.93e-01  8.27e+00     0s
   1  -2.39131516e+03 -1.44396509e+04  2.32e+00 2.66e-15  1.46e+00     0s
   2  -1.82067320e+03 -4.32490805e+03  2.81e-01 1.78e-15  2.04e-01     0s
   3  -1.80374474e+03 -2.05676703e+03  3.04e-03 3.55e-15  1.81e-02     0s
   4  -1.83046069e+03 -1.90729218e+03  1.15e-03 1.78e-15  5.51e-03     0s
   5  -1.84114503e+03 -1.86905877e+03  4.68e-04 8.88e-16  2.00e-03     0s
   6  -1.84758611e+03 -1.85144430e+03  4.06e-05 1.78e-15  2.76e-04     0s
   7  -1.84837539e+03 -1.84839087e+03  9.17e-08 1.78e-15  1.11e-06     0s
   8  -1.84837977e+03 -1.84837978e+03  7.22e-13 1.78e-15  1.11e-09     0s

Barrier solved model in 8 iterations and 0.12 seconds
Optimal objective -1.84837977e+03


Root relaxation: objective -1.848380e+03, 5051 iterations, 0.09 seconds

    Nodes    |    Current Node    |     Objective Bounds      |     Work
 Expl Unexpl |  Obj  Depth IntInf | Incumbent    BestBd   Gap | It/Node Time

     0     0 -1848.3798    0  212 -1707.6000 -1848.3798  8.24%     -    0s
H    0     0                    -1741.400000 -1848.3798  6.14%     -    0s
H    0     0                    -1757.000000 -1848.3798  5.20%     -    0s
     0     0 -1830.5590    0  278 -1757.0000 -1830.5590  4.19%     -    0s
H    0     0                    -1762.000000 -1830.5590  3.89%     -    0s
     0     0 -1827.1855    0  277 -1762.0000 -1827.1855  3.70%     -    0s
     0     0 -1805.1168    0  258 -1762.0000 -1805.1168  2.45%     -    0s
H    0     0                    -1781.000000 -1805.1168  1.35%     -    0s
     0     0 -1804.2619    0  264 -1781.0000 -1804.2619  1.31%     -    0s
     0     0 -1803.6948    0  266 -1781.0000 -1803.6948  1.27%     -    0s
H    0     0                    -1787.200000 -1803.6948  0.92%     -    0s

Cutting planes:
  Gomory: 12
  Cover: 130
  Clique: 2
  MIR: 35

Explored 0 nodes (8339 simplex iterations) in 0.87 seconds
Thread count was 16 (of 16 available processors)

Optimal solution found (tolerance 1.00e-02)
Best objective -1.787200000000e+03, best bound -1.803600000000e+03, gap 0.9176%
Changed value of parameter MIPGap to 0.01
   Prev: 0.0001  Min: 0.0  Max: 1e+100  Default: 0.0001
Changed value of parameter TimeLimit to 1800.0
   Prev: 1e+100  Min: 0.0  Max: 1e+100  Default: 1e+100
Changed value of parameter Method to 2
   Prev: -1  Min: -1  Max: 4  Default: -1
Changed value of parameter MIPFocus to 1
   Prev: 0  Min: 0  Max: 3  Default: 0
Optimize a model with 2408 rows, 7378 columns and 14756 nonzeros
Coefficient statistics:
  Matrix range    [1e+00, 4e+01]
  Objective range [1e+00, 9e+00]
  Bounds range    [1e+00, 1e+00]
  RHS range       [8e+01, 8e+01]
Found heuristic solution: objective 0
Presolve removed 148 rows and 541 columns
Presolve time: 0.05s
Presolved: 2260 rows, 6837 columns, 13674 nonzeros
Found heuristic solution: objective -2447.200000
Variable types: 0 continuous, 6837 integer (6837 binary)
Optimize a model with 2260 rows, 6837 columns and 13674 nonzeros
Coefficient statistics:
  Matrix range    [1e+00, 4e+01]
  Objective range [1e+00, 9e+00]
  Bounds range    [1e+00, 1e+00]
  RHS range       [1e+00, 8e+01]
Presolved: 2260 rows, 6837 columns, 13674 nonzeros

Root barrier log...

Ordering time: 0.00s

Barrier statistics:
 AA' NZ     : 6.837e+03
 Factor NZ  : 3.727e+04 (roughly 4 MBytes of memory)
 Factor Ops : 2.730e+06 (less than 1 second per iteration)
 Threads    : 1

                  Objective                Residual
Iter       Primal          Dual         Primal    Dual     Compl     Time
   0  -1.11910492e+04 -3.64284054e+04  1.90e+01 1.81e+00  1.50e+01     0s
   1  -3.43081433e+03 -2.55496837e+04  2.26e+00 6.22e-15  2.62e+00     0s
   2  -2.63815214e+03 -7.08763240e+03  2.73e-01 1.24e-14  3.57e-01     0s
   3  -2.61018109e+03 -3.09895614e+03  2.95e-04 3.55e-15  3.47e-02     0s
   4  -2.66856462e+03 -2.86408509e+03  5.26e-05 3.55e-15  1.39e-02     0s
   5  -2.68265056e+03 -2.76402606e+03  1.26e-05 3.55e-15  5.78e-03     0s
   6  -2.68962379e+03 -2.70718340e+03  4.60e-06 2.26e-15  1.25e-03     0s
   7  -2.69323138e+03 -2.69447422e+03  5.88e-07 3.55e-15  8.83e-05     0s
   8  -2.69381259e+03 -2.69383962e+03  8.10e-13 3.55e-15  1.92e-06     0s
   9  -2.69381792e+03 -2.69381805e+03  1.24e-13 3.55e-15  9.27e-09     0s
  10  -2.69381793e+03 -2.69381793e+03  1.71e-13 3.55e-15  9.64e-15     0s

Barrier solved model in 10 iterations and 0.13 seconds
Optimal objective -2.69381793e+03


Root relaxation: objective -2.693818e+03, 4443 iterations, 0.10 seconds

    Nodes    |    Current Node    |     Objective Bounds      |     Work
 Expl Unexpl |  Obj  Depth IntInf | Incumbent    BestBd   Gap | It/Node Time

     0     0 -2693.8179    0  247 -2447.2000 -2693.8179  10.1%     -    0s
H    0     0                    -2503.400000 -2693.8179  7.61%     -    0s
     0     0 -2659.0403    0  320 -2503.4000 -2659.0403  6.22%     -    0s
H    0     0                    -2536.600000 -2659.0403  4.83%     -    0s
     0     0 -2650.4664    0  310 -2536.6000 -2650.4664  4.49%     -    0s
H    0     0                    -2540.000000 -2650.4664  4.35%     -    0s
H    0     0                    -2544.800000 -2650.4664  4.15%     -    0s
     0     0 -2624.6864    0  275 -2544.8000 -2624.6864  3.14%     -    0s
H    0     0                    -2568.400000 -2624.6864  2.19%     -    0s
     0     0 -2613.1756    0  226 -2568.4000 -2613.1756  1.74%     -    0s
     0     0 -2611.1901    0  246 -2568.4000 -2611.1901  1.67%     -    0s
H    0     0                    -2572.600000 -2611.1901  1.50%     -    0s
H    0     0                    -2581.000000 -2611.1901  1.17%     -    0s
     0     0 -2609.6246    0  219 -2581.0000 -2609.6246  1.11%     -    0s
     0     0 -2609.6246    0  227 -2581.0000 -2609.6246  1.11%     -    0s
H    0     0                    -2583.400000 -2609.6246  1.02%     -    0s
     0     0 -2609.6246    0  226 -2583.4000 -2609.6246  1.02%     -    0s
     0     0 -2609.6246    0  117 -2583.4000 -2609.6246  1.02%     -    1s
     0     2 -2609.6246    0  104 -2583.4000 -2609.6246  1.02%     -    1s
H    1     3                    -2584.800000 -2609.6246  0.96%   718    1s

Cutting planes:
  Gomory: 17
  Cover: 137
  Clique: 7
  MIR: 42

Explored 2 nodes (9719 simplex iterations) in 1.52 seconds
Thread count was 16 (of 16 available processors)

Optimal solution found (tolerance 1.00e-02)
Best objective -2.584800000000e+03, best bound -2.609600000000e+03, gap 0.9595%
Changed value of parameter MIPGap to 0.01
   Prev: 0.0001  Min: 0.0  Max: 1e+100  Default: 0.0001
Changed value of parameter TimeLimit to 1800.0
   Prev: 1e+100  Min: 0.0  Max: 1e+100  Default: 1e+100
Changed value of parameter Method to 2
   Prev: -1  Min: -1  Max: 4  Default: -1
Changed value of parameter MIPFocus to 1
   Prev: 0  Min: 0  Max: 3  Default: 0
Optimize a model with 2408 rows, 7378 columns and 14756 nonzeros
Coefficient statistics:
  Matrix range    [1e+00, 4e+01]
  Objective range [2e+00, 1e+01]
  Bounds range    [1e+00, 1e+00]
  RHS range       [8e+01, 8e+01]
Found heuristic solution: objective 0
Presolve removed 148 rows and 541 columns
Presolve time: 0.05s
Presolved: 2260 rows, 6837 columns, 13674 nonzeros
Found heuristic solution: objective -2817.000000
Variable types: 0 continuous, 6837 integer (6837 binary)
Optimize a model with 2260 rows, 6837 columns and 13674 nonzeros
Coefficient statistics:
  Matrix range    [1e+00, 4e+01]
  Objective range [2e+00, 1e+01]
  Bounds range    [1e+00, 1e+00]
  RHS range       [1e+00, 8e+01]
Presolved: 2260 rows, 6837 columns, 13674 nonzeros

Root barrier log...

Ordering time: 0.00s

Barrier statistics:
 AA' NZ     : 6.837e+03
 Factor NZ  : 3.727e+04 (roughly 4 MBytes of memory)
 Factor Ops : 2.730e+06 (less than 1 second per iteration)
 Threads    : 1

                  Objective                Residual
Iter       Primal          Dual         Primal    Dual     Compl     Time
   0  -1.29537779e+04 -4.44115092e+04  1.90e+01 2.21e+00  1.83e+01     0s
   1  -3.95691335e+03 -3.11062872e+04  2.25e+00 5.33e-15  3.20e+00     0s
   2  -3.05118308e+03 -8.47622191e+03  2.69e-01 3.55e-15  4.34e-01     0s
   3  -3.02533890e+03 -3.59143824e+03  6.01e-03 5.33e-15  4.06e-02     0s
   4  -3.08271124e+03 -3.27880998e+03  2.06e-03 3.55e-15  1.41e-02     0s
   5  -3.10376179e+03 -3.19572869e+03  7.62e-04 3.55e-15  6.58e-03     0s
   6  -3.11295079e+03 -3.15114849e+03  2.19e-04 3.30e-15  2.73e-03     0s
   7  -3.11689586e+03 -3.12193361e+03  3.50e-06 3.55e-15  3.58e-04     0s
   8  -3.11712827e+03 -3.11718983e+03  3.83e-10 3.55e-15  4.37e-06     0s
   9  -3.11713342e+03 -3.11713349e+03  3.99e-13 3.55e-15  4.46e-09     0s
  10  -3.11713343e+03 -3.11713343e+03  6.11e-13 3.55e-15  4.65e-15     0s

Barrier solved model in 10 iterations and 0.13 seconds
Optimal objective -3.11713343e+03


Root relaxation: objective -3.117133e+03, 4498 iterations, 0.10 seconds

    Nodes    |    Current Node    |     Objective Bounds      |     Work
 Expl Unexpl |  Obj  Depth IntInf | Incumbent    BestBd   Gap | It/Node Time

     0     0 -3117.1334    0  227 -2817.0000 -3117.1334  10.7%     -    0s
     0     0 -3054.4275    0  278 -2817.0000 -3054.4275  8.43%     -    0s
     0     0 -3053.2529    0  249 -2817.0000 -3053.2529  8.39%     -    0s
     0     0 -3019.5610    0  222 -2817.0000 -3019.5610  7.19%     -    0s
H    0     0                    -2886.500000 -3019.5610  4.61%     -    0s
H    0     0                    -2936.000000 -3019.5610  2.85%     -    0s
     0     0 -3016.1751    0  245 -2936.0000 -3016.1751  2.73%     -    0s
     0     0 -3015.6980    0  240 -2936.0000 -3015.6980  2.71%     -    0s
H    0     0                    -2959.000000 -3015.6980  1.92%     -    0s
H    0     0                    -2972.000000 -3015.6980  1.47%     -    0s
     0     0 -3015.0699    0  238 -2972.0000 -3015.0699  1.45%     -    0s
     0     0 -3015.0699    0  227 -2972.0000 -3015.0699  1.45%     -    0s
H    0     0                    -2979.000000 -3015.0699  1.21%     -    0s
     0     0 -3014.2693    0  224 -2979.0000 -3014.2693  1.18%     -    0s
     0     0 -3014.2693    0  110 -2979.0000 -3014.2693  1.18%     -    0s
H    0     0                    -2984.000000 -3014.2693  1.01%     -    1s
     0     2 -3014.2693    0  103 -2984.0000 -3014.2693  1.01%     -    1s

Cutting planes:
  Gomory: 9
  Cover: 133
  Clique: 5
  MIR: 29

Explored 2 nodes (10592 simplex iterations) in 1.47 seconds
Thread count was 16 (of 16 available processors)

Optimal solution found (tolerance 1.00e-02)
Best objective -2.984000000000e+03, best bound -3.011500000000e+03, gap 0.9216%
Changed value of parameter MIPGap to 0.01
   Prev: 0.0001  Min: 0.0  Max: 1e+100  Default: 0.0001
Changed value of parameter TimeLimit to 1800.0
   Prev: 1e+100  Min: 0.0  Max: 1e+100  Default: 1e+100
Changed value of parameter Method to 2
   Prev: -1  Min: -1  Max: 4  Default: -1
Changed value of parameter MIPFocus to 1
   Prev: 0  Min: 0  Max: 3  Default: 0
Optimize a model with 2408 rows, 7378 columns and 14756 nonzeros
Coefficient statistics:
  Matrix range    [1e+00, 4e+01]
  Objective range [2e+00, 2e+01]
  Bounds range    [1e+00, 1e+00]
  RHS range       [8e+01, 8e+01]
Found heuristic solution: objective 0
Presolve removed 148 rows and 541 columns
Presolve time: 0.05s
Presolved: 2260 rows, 6837 columns, 13674 nonzeros
Found heuristic solution: objective -4666.000000
Variable types: 0 continuous, 6837 integer (6837 binary)
Optimize a model with 2260 rows, 6837 columns and 13674 nonzeros
Coefficient statistics:
  Matrix range    [1e+00, 4e+01]
  Objective range [2e+00, 2e+01]
  Bounds range    [1e+00, 1e+00]
  RHS range       [1e+00, 8e+01]
Presolved: 2260 rows, 6837 columns, 13674 nonzeros

Root barrier log...

Ordering time: 0.00s

Barrier statistics:
 AA' NZ     : 6.837e+03
 Factor NZ  : 3.727e+04 (roughly 4 MBytes of memory)
 Factor Ops : 2.730e+06 (less than 1 second per iteration)
 Threads    : 1

                  Objective                Residual
Iter       Primal          Dual         Primal    Dual     Compl     Time
   0  -2.17673345e+04 -8.43270284e+04  1.90e+01 4.25e+00  3.51e+01     0s
   1  -6.60395603e+03 -5.88931059e+04  2.22e+00 8.88e-15  6.11e+00     0s
   2  -5.13040864e+03 -1.54409414e+04  2.61e-01 1.07e-14  8.20e-01     0s
   3  -5.08504764e+03 -6.07323761e+03  8.05e-03 1.42e-14  7.12e-02     0s
   4  -5.20237288e+03 -5.55392589e+03  1.51e-03 7.11e-15  2.51e-02     0s
   5  -5.22568488e+03 -5.38837095e+03  6.50e-04 7.11e-15  1.16e-02     0s
   6  -5.23421146e+03 -5.29817643e+03  3.71e-04 7.11e-15  4.58e-03     0s
   7  -5.24343903e+03 -5.25200805e+03  7.34e-05 7.11e-15  6.17e-04     0s
   8  -5.24603486e+03 -5.24640551e+03  1.07e-06 7.11e-15  2.65e-05     0s
   9  -5.24610632e+03 -5.24610671e+03  3.09e-13 7.11e-15  2.76e-08     0s
  10  -5.24610641e+03 -5.24610641e+03  3.12e-13 7.11e-15  3.58e-14     0s

Barrier solved model in 10 iterations and 0.13 seconds
Optimal objective -5.24610641e+03


Root relaxation: objective -5.246106e+03, 4398 iterations, 0.10 seconds

    Nodes    |    Current Node    |     Objective Bounds      |     Work
 Expl Unexpl |  Obj  Depth IntInf | Incumbent    BestBd   Gap | It/Node Time

     0     0 -5246.1064    0  229 -4666.0000 -5246.1064  12.4%     -    0s
     0     0 -5149.3058    0  290 -4666.0000 -5149.3058  10.4%     -    0s
H    0     0                    -4809.000000 -5149.3058  7.08%     -    0s
H    0     0                    -4916.000000 -5149.3058  4.75%     -    0s
H    0     0                    -4964.000000 -5149.3058  3.73%     -    0s
     0     0 -5140.9231    0  313 -4964.0000 -5140.9231  3.56%     -    0s
     0     0 -5061.0170    0  242 -4964.0000 -5061.0170  1.95%     -    0s
H    0     0                    -4996.000000 -5061.0170  1.30%     -    0s
     0     0 -5045.9940    0  245 -4996.0000 -5045.9940  1.00%     -    0s
     0     0 -5041.8240    0  224 -4996.0000 -5041.8240  0.92%     -    0s

Cutting planes:
  Gomory: 10
  Cover: 169
  Clique: 4
  MIR: 76

Explored 0 nodes (7849 simplex iterations) in 0.71 seconds
Thread count was 16 (of 16 available processors)

Optimal solution found (tolerance 1.00e-02)
Best objective -4.996000000000e+03, best bound -5.041000000000e+03, gap 0.9007%
Changed value of parameter MIPGap to 0.01
   Prev: 0.0001  Min: 0.0  Max: 1e+100  Default: 0.0001
Changed value of parameter TimeLimit to 1800.0
   Prev: 1e+100  Min: 0.0  Max: 1e+100  Default: 1e+100
Changed value of parameter Method to 2
   Prev: -1  Min: -1  Max: 4  Default: -1
Changed value of parameter MIPFocus to 1
   Prev: 0  Min: 0  Max: 3  Default: 0
Optimize a model with 2408 rows, 7378 columns and 14756 nonzeros
Coefficient statistics:
  Matrix range    [1e+00, 4e+01]
  Objective range [3e+00, 4e+01]
  Bounds range    [1e+00, 1e+00]
  RHS range       [8e+01, 8e+01]
Found heuristic solution: objective 0
Presolve removed 148 rows and 541 columns
Presolve time: 0.05s
Presolved: 2260 rows, 6837 columns, 13674 nonzeros
Found heuristic solution: objective -8364.000000
Variable types: 0 continuous, 6837 integer (6837 binary)
Optimize a model with 2260 rows, 6837 columns and 13674 nonzeros
Coefficient statistics:
  Matrix range    [1e+00, 4e+01]
  Objective range [3e+00, 4e+01]
  Bounds range    [1e+00, 1e+00]
  RHS range       [1e+00, 8e+01]
Presolved: 2260 rows, 6837 columns, 13674 nonzeros

Root barrier log...

Ordering time: 0.00s

Barrier statistics:
 AA' NZ     : 6.837e+03
 Factor NZ  : 3.727e+04 (roughly 4 MBytes of memory)
 Factor Ops : 2.730e+06 (less than 1 second per iteration)
 Threads    : 1

                  Objective                Residual
Iter       Primal          Dual         Primal    Dual     Compl     Time
   0  -3.93943521e+04 -1.64158067e+05  1.90e+01 8.32e+00  6.86e+01     0s
   1  -1.19242674e+04 -1.14466952e+05  2.21e+00 2.84e-14  1.19e+01     0s
   2  -9.30673010e+03 -2.94516545e+04  2.56e-01 1.42e-14  1.60e+00     0s
   3  -9.23156846e+03 -1.10402681e+04  1.06e-02 2.13e-14  1.31e-01     0s
   4  -9.42963744e+03 -1.00946815e+04  2.46e-03 2.84e-14  4.77e-02     0s
   5  -9.49582089e+03 -9.60699281e+03  6.91e-04 1.42e-14  8.03e-03     0s
   6  -9.51930541e+03 -9.52657854e+03  6.16e-05 1.42e-14  5.29e-04     0s
   7  -9.52149742e+03 -9.52150541e+03  4.84e-13 1.42e-14  5.68e-07     0s
   8  -9.52150000e+03 -9.52150001e+03  4.45e-13 1.15e-14  5.68e-10     0s

Barrier solved model in 8 iterations and 0.12 seconds
Optimal objective -9.52150000e+03


Root relaxation: objective -9.521500e+03, 5041 iterations, 0.09 seconds

    Nodes    |    Current Node    |     Objective Bounds      |     Work
 Expl Unexpl |  Obj  Depth IntInf | Incumbent    BestBd   Gap | It/Node Time

     0     0 -9521.5000    0  227 -8364.0000 -9521.5000  13.8%     -    0s
     0     0 -9254.0000    0  287 -8364.0000 -9254.0000  10.6%     -    0s
H    0     0                    -8868.000000 -9254.0000  4.35%     -    0s
H    0     0                    -8980.000000 -9254.0000  3.05%     -    0s
     0     0 -9251.4677    0  288 -8980.0000 -9251.4677  3.02%     -    0s
     0     0 -9111.0000    0  185 -8980.0000 -9111.0000  1.46%     -    0s
     0     0 -9111.0000    0  180 -8980.0000 -9111.0000  1.46%     -    0s
     0     0 -9105.3415    0  194 -8980.0000 -9105.3415  1.40%     -    0s
H    0     0                    -9022.000000 -9105.3415  0.92%     -    0s

Cutting planes:
  Gomory: 6
  Cover: 146
  Clique: 3
  MIR: 34

Explored 0 nodes (8333 simplex iterations) in 0.72 seconds
Thread count was 16 (of 16 available processors)

Optimal solution found (tolerance 1.00e-02)
Best objective -9.022000000000e+03, best bound -9.105000000000e+03, gap 0.9200%
Changed value of parameter MIPGap to 0.01
   Prev: 0.0001  Min: 0.0  Max: 1e+100  Default: 0.0001
Changed value of parameter TimeLimit to 1800.0
   Prev: 1e+100  Min: 0.0  Max: 1e+100  Default: 1e+100
Changed value of parameter Method to 2
   Prev: -1  Min: -1  Max: 4  Default: -1
Changed value of parameter MIPFocus to 1
   Prev: 0  Min: 0  Max: 3  Default: 0
Optimize a model with 2408 rows, 7378 columns and 14756 nonzeros
Coefficient statistics:
  Matrix range    [1e+00, 4e+01]
  Objective range [5e+00, 8e+01]
  Bounds range    [1e+00, 1e+00]
  RHS range       [8e+01, 8e+01]
Found heuristic solution: objective 0
Presolve removed 148 rows and 541 columns
Presolve time: 0.05s
Presolved: 2260 rows, 6837 columns, 13674 nonzeros
Found heuristic solution: objective -15760.00000
Variable types: 0 continuous, 6837 integer (6837 binary)
Optimize a model with 2260 rows, 6837 columns and 13674 nonzeros
Coefficient statistics:
  Matrix range    [1e+00, 4e+01]
  Objective range [5e+00, 8e+01]
  Bounds range    [1e+00, 1e+00]
  RHS range       [1e+00, 8e+01]
Presolved: 2260 rows, 6837 columns, 13674 nonzeros

Root barrier log...

Ordering time: 0.00s

Barrier statistics:
 AA' NZ     : 6.837e+03
 Factor NZ  : 3.727e+04 (roughly 4 MBytes of memory)
 Factor Ops : 2.730e+06 (less than 1 second per iteration)
 Threads    : 1

                  Objective                Residual
Iter       Primal          Dual         Primal    Dual     Compl     Time
   0  -7.46483357e+04 -3.23820143e+05  1.90e+01 1.65e+01  1.36e+02     0s
   1  -2.25775246e+04 -2.25615281e+05  2.20e+00 4.26e-14  2.36e+01     0s
   2  -1.76702011e+04 -5.75099941e+04  2.53e-01 2.84e-14  3.15e+00     0s
   3  -1.75461252e+04 -2.11533121e+04  1.22e-02 5.68e-14  2.61e-01     0s
   4  -1.79658472e+04 -1.91533286e+04  2.05e-03 4.26e-14  8.51e-02     0s
   5  -1.80590792e+04 -1.85875763e+04  9.29e-04 2.84e-14  3.79e-02     0s
   6  -1.80943022e+04 -1.84053564e+04  5.78e-04 1.50e-14  2.23e-02     0s
   7  -1.81401908e+04 -1.81965431e+04  1.54e-04 2.84e-14  4.06e-03     0s
   8  -1.81578362e+04 -1.81686343e+04  1.69e-05 2.84e-14  7.73e-04     0s
   9  -1.81598946e+04 -1.81610675e+04  4.54e-06 2.84e-14  8.51e-05     0s
  10  -1.81605974e+04 -1.81607756e+04  2.85e-07 2.84e-14  1.28e-05     0s
  11  -1.81606615e+04 -1.81606629e+04  1.83e-10 2.84e-14  1.03e-07     0s
  12  -1.81606616e+04 -1.81606616e+04  1.56e-13 2.84e-14  1.03e-10     0s

Barrier solved model in 12 iterations and 0.14 seconds
Optimal objective -1.81606616e+04


Root relaxation: objective -1.816066e+04, 4316 iterations, 0.11 seconds

    Nodes    |    Current Node    |     Objective Bounds      |     Work
 Expl Unexpl |  Obj  Depth IntInf | Incumbent    BestBd   Gap | It/Node Time

     0     0 -18160.662    0  269 -15760.000 -18160.662  15.2%     -    0s
H    0     0                    -16506.00000 -18160.662  10.0%     -    0s
H    0     0                    -16511.00000 -18160.662  10.0%     -    0s
     0     0 -17466.439    0  262 -16511.000 -17466.439  5.79%     -    0s
H    0     0                    -16694.00000 -17466.439  4.63%     -    0s
     0     0 -17415.915    0  249 -16694.000 -17415.915  4.32%     -    0s
     0     0 -17302.741    0  250 -16694.000 -17302.741  3.65%     -    0s
H    0     0                    -16953.00000 -17302.741  2.06%     -    0s
     0     0 -17284.602    0  253 -16953.000 -17284.602  1.96%     -    0s
     0     0 -17273.849    0  203 -16953.000 -17273.849  1.89%     -    0s
H    0     0                    -17102.00000 -17273.849  1.00%     -    0s
     0     0 -17273.849    0  218 -17102.000 -17273.849  1.00%     -    0s
     0     0 -17244.958    0  214 -17102.000 -17244.958  0.84%     -    0s

Cutting planes:
  Gomory: 9
  Cover: 209
  Clique: 7
  MIR: 80

Explored 0 nodes (7935 simplex iterations) in 0.85 seconds
Thread count was 16 (of 16 available processors)

Optimal solution found (tolerance 1.00e-02)
Best objective -1.710200000000e+04, best bound -1.724400000000e+04, gap 0.8303%
Changed value of parameter MIPGap to 0.01
   Prev: 0.0001  Min: 0.0  Max: 1e+100  Default: 0.0001
Changed value of parameter TimeLimit to 1800.0
   Prev: 1e+100  Min: 0.0  Max: 1e+100  Default: 1e+100
Changed value of parameter Method to 2
   Prev: -1  Min: -1  Max: 4  Default: -1
Changed value of parameter MIPFocus to 1
   Prev: 0  Min: 0  Max: 3  Default: 0
Optimize a model with 2408 rows, 7378 columns and 14756 nonzeros
Coefficient statistics:
  Matrix range    [1e+00, 4e+01]
  Objective range [6e+00, 1e+02]
  Bounds range    [1e+00, 1e+00]
  RHS range       [8e+01, 8e+01]
Found heuristic solution: objective 0
Presolve removed 148 rows and 541 columns
Presolve time: 0.05s
Presolved: 2260 rows, 6837 columns, 13674 nonzeros
Found heuristic solution: objective -19458.00000
Variable types: 0 continuous, 6837 integer (6837 binary)
Optimize a model with 2260 rows, 6837 columns and 13674 nonzeros
Coefficient statistics:
  Matrix range    [1e+00, 4e+01]
  Objective range [6e+00, 1e+02]
  Bounds range    [1e+00, 1e+00]
  RHS range       [1e+00, 8e+01]
Presolved: 2260 rows, 6837 columns, 13674 nonzeros

Root barrier log...

Ordering time: 0.00s

Barrier statistics:
 AA' NZ     : 6.837e+03
 Factor NZ  : 3.727e+04 (roughly 4 MBytes of memory)
 Factor Ops : 2.730e+06 (less than 1 second per iteration)
 Threads    : 1

                  Objective                Residual
Iter       Primal          Dual         Primal    Dual     Compl     Time
   0  -9.22753221e+04 -4.03651182e+05  1.90e+01 2.05e+01  1.69e+02     0s
   1  -2.79051986e+04 -2.81189643e+05  2.20e+00 5.68e-14  2.94e+01     0s
   2  -2.18530829e+04 -7.15374917e+04  2.52e-01 1.71e-13  3.92e+00     0s
   3  -2.17060948e+04 -2.62008999e+04  1.25e-02 5.68e-14  3.26e-01     0s
   4  -2.22451530e+04 -2.37322767e+04  1.83e-03 2.84e-14  1.06e-01     0s
   5  -2.23659317e+04 -2.29712258e+04  8.30e-04 2.84e-14  4.34e-02     0s
   6  -2.24400196e+04 -2.27316833e+04  2.47e-04 2.84e-14  2.08e-02     0s
   7  -2.24611775e+04 -2.25213133e+04  1.13e-04 2.84e-14  4.32e-03     0s
   8  -2.24762751e+04 -2.24910774e+04  2.18e-05 1.42e-14  1.06e-03     0s
   9  -2.24778012e+04 -2.24808473e+04  1.44e-05 2.84e-14  2.23e-04     0s
  10  -2.24800109e+04 -2.24804320e+04  1.06e-06 2.84e-14  3.04e-05     0s
  11  -2.24802310e+04 -2.24802594e+04  2.55e-08 2.84e-14  2.03e-06     0s
  12  -2.24802425e+04 -2.24802425e+04  7.58e-14 2.84e-14  2.09e-09     0s

Barrier solved model in 12 iterations and 0.14 seconds
Optimal objective -2.24802425e+04


Root relaxation: objective -2.248024e+04, 4563 iterations, 0.11 seconds

    Nodes    |    Current Node    |     Objective Bounds      |     Work
 Expl Unexpl |  Obj  Depth IntInf | Incumbent    BestBd   Gap | It/Node Time

     0     0 -22480.242    0  232 -19458.000 -22480.242  15.5%     -    0s
H    0     0                    -20615.00000 -22480.242  9.05%     -    0s
H    0     0                    -20713.00000 -22480.242  8.53%     -    0s
H    0     0                    -20730.00000 -22480.242  8.44%     -    0s
     0     0 -21769.976    0  256 -20730.000 -21769.976  5.02%     -    0s
H    0     0                    -20764.00000 -21769.976  4.84%     -    0s
     0     0 -21694.068    0  260 -20764.000 -21694.068  4.48%     -    0s
     0     0 -21378.753    0  229 -20764.000 -21378.753  2.96%     -    0s
H    0     0                    -20886.00000 -21378.753  2.36%     -    0s
     0     0 -21371.874    0  227 -20886.000 -21371.874  2.33%     -    0s
     0     0 -21343.962    0  233 -20886.000 -21343.962  2.19%     -    0s
H    0     0                    -20949.00000 -21343.962  1.89%     -    0s
H    0     0                    -21186.00000 -21343.962  0.75%     -    0s

Cutting planes:
  Gomory: 5
  Cover: 159
  Clique: 6
  MIR: 33

Explored 0 nodes (8556 simplex iterations) in 0.81 seconds
Thread count was 16 (of 16 available processors)

Optimal solution found (tolerance 1.00e-02)
Best objective -2.118600000000e+04, best bound -2.134300000000e+04, gap 0.7411%
Changed value of parameter MIPGap to 0.01
   Prev: 0.0001  Min: 0.0  Max: 1e+100  Default: 0.0001
Changed value of parameter TimeLimit to 1800.0
   Prev: 1e+100  Min: 0.0  Max: 1e+100  Default: 1e+100
Changed value of parameter Method to 2
   Prev: -1  Min: -1  Max: 4  Default: -1
Changed value of parameter MIPFocus to 1
   Prev: 0  Min: 0  Max: 3  Default: 0
Optimize a model with 2408 rows, 7378 columns and 14756 nonzeros
Coefficient statistics:
  Matrix range    [1e+00, 4e+01]
  Objective range [1e+01, 2e+02]
  Bounds range    [1e+00, 1e+00]
  RHS range       [8e+01, 8e+01]
Found heuristic solution: objective 0
Presolve removed 148 rows and 541 columns
Presolve time: 0.05s
Presolved: 2260 rows, 6837 columns, 13674 nonzeros
Found heuristic solution: objective -37948.00000
Variable types: 0 continuous, 6837 integer (6837 binary)
Optimize a model with 2260 rows, 6837 columns and 13674 nonzeros
Coefficient statistics:
  Matrix range    [1e+00, 4e+01]
  Objective range [1e+01, 2e+02]
  Bounds range    [1e+00, 1e+00]
  RHS range       [1e+00, 8e+01]
Presolved: 2260 rows, 6837 columns, 13674 nonzeros

Root barrier log...

Ordering time: 0.00s

Barrier statistics:
 AA' NZ     : 6.837e+03
 Factor NZ  : 3.727e+04 (roughly 4 MBytes of memory)
 Factor Ops : 2.730e+06 (less than 1 second per iteration)
 Threads    : 1

                  Objective                Residual
Iter       Primal          Dual         Primal    Dual     Compl     Time
   0  -1.80410243e+05 -8.02806373e+05  1.90e+01 4.09e+01  3.37e+02     0s
   1  -5.45460845e+04 -5.59061616e+05  2.20e+00 9.95e-14  5.84e+01     0s
   2  -4.27699982e+04 -1.41675171e+05  2.51e-01 5.68e-14  7.81e+00     0s
   3  -4.24849605e+04 -5.16487648e+04  1.01e-02 1.99e-13  6.61e-01     0s
   4  -4.35635607e+04 -4.67052949e+04  1.65e-03 8.53e-14  2.25e-01     0s
   5  -4.38047954e+04 -4.51410962e+04  8.18e-04 5.68e-14  9.56e-02     0s
   6  -4.39415761e+04 -4.46003590e+04  3.79e-04 5.68e-14  4.71e-02     0s
   7  -4.40184161e+04 -4.42855498e+04  1.58e-04 5.68e-14  1.91e-02     0s
   8  -4.40636730e+04 -4.41003679e+04  3.61e-05 5.68e-14  2.64e-03     0s
   9  -4.40804808e+04 -4.40837324e+04  1.38e-06 5.68e-14  2.32e-04     0s
  10  -4.40814230e+04 -4.40815507e+04  2.00e-09 5.68e-14  9.07e-06     0s
  11  -4.40814369e+04 -4.40814369e+04  9.83e-14 5.68e-14  2.49e-11     0s

Barrier solved model in 11 iterations and 0.13 seconds
Optimal objective -4.40814369e+04


Root relaxation: objective -4.408144e+04, 4441 iterations, 0.10 seconds

    Nodes    |    Current Node    |     Objective Bounds      |     Work
 Expl Unexpl |  Obj  Depth IntInf | Incumbent    BestBd   Gap | It/Node Time

     0     0 -44081.437    0  225 -37948.000 -44081.437  16.2%     -    0s
     0     0 -42288.351    0  276 -37948.000 -42288.351  11.4%     -    0s
H    0     0                    -40441.00000 -42288.351  4.57%     -    0s
H    0     0                    -40850.00000 -42288.351  3.52%     -    0s
     0     0 -42059.526    0  274 -40850.000 -42059.526  2.96%     -    0s
     0     0 -41850.867    0  227 -40850.000 -41850.867  2.45%     -    0s
H    0     0                    -41004.00000 -41850.867  2.07%     -    0s
     0     0 -41779.886    0  233 -41004.000 -41779.886  1.89%     -    0s
     0     0 -41719.453    0  206 -41004.000 -41719.453  1.74%     -    0s
H    0     0                    -41117.00000 -41719.453  1.47%     -    0s
     0     0 -41708.883    0  252 -41117.000 -41708.883  1.44%     -    0s
     0     0 -41701.699    0  260 -41117.000 -41701.699  1.42%     -    0s
H    0     0                    -41173.00000 -41701.699  1.28%     -    0s
H    0     0                    -41250.00000 -41701.699  1.10%     -    0s
     0     0 -41696.209    0  255 -41250.000 -41696.209  1.08%     -    0s
     0     0 -41696.209    0  109 -41250.000 -41696.209  1.08%     -    1s
H    0     0                    -41261.00000 -41696.209  1.05%     -    1s
H    0     0                    -41462.00000 -41696.209  0.56%     -    1s

Cutting planes:
  Gomory: 8
  Cover: 152
  Clique: 6
  MIR: 28

Explored 0 nodes (10453 simplex iterations) in 1.08 seconds
Thread count was 16 (of 16 available processors)

Optimal solution found (tolerance 1.00e-02)
Best objective -4.146200000000e+04, best bound -4.169600000000e+04, gap 0.5644%
Changed value of parameter MIPGap to 0.01
   Prev: 0.0001  Min: 0.0  Max: 1e+100  Default: 0.0001
Changed value of parameter TimeLimit to 1800.0
   Prev: 1e+100  Min: 0.0  Max: 1e+100  Default: 1e+100
Changed value of parameter Method to 2
   Prev: -1  Min: -1  Max: 4  Default: -1
Changed value of parameter MIPFocus to 1
   Prev: 0  Min: 0  Max: 3  Default: 0
Optimize a model with 2408 rows, 7378 columns and 14756 nonzeros
Coefficient statistics:
  Matrix range    [1e+00, 4e+01]
  Objective range [2e+01, 4e+02]
  Bounds range    [1e+00, 1e+00]
  RHS range       [8e+01, 8e+01]
Found heuristic solution: objective 0
Presolve removed 148 rows and 541 columns
Presolve time: 0.05s
Presolved: 2260 rows, 6837 columns, 13674 nonzeros
Found heuristic solution: objective -74928.00000
Variable types: 0 continuous, 6837 integer (6837 binary)
Optimize a model with 2260 rows, 6837 columns and 13674 nonzeros
Coefficient statistics:
  Matrix range    [1e+00, 4e+01]
  Objective range [2e+01, 4e+02]
  Bounds range    [1e+00, 1e+00]
  RHS range       [1e+00, 8e+01]
Presolved: 2260 rows, 6837 columns, 13674 nonzeros

Root barrier log...

Ordering time: 0.00s

Barrier statistics:
 AA' NZ     : 6.837e+03
 Factor NZ  : 3.727e+04 (roughly 4 MBytes of memory)
 Factor Ops : 2.730e+06 (less than 1 second per iteration)
 Threads    : 1

                  Objective                Residual
Iter       Primal          Dual         Primal    Dual     Compl     Time
   0  -3.56680075e+05 -1.60111676e+06  1.90e+01 8.16e+01  6.72e+02     0s
   1  -1.07833256e+05 -1.11479863e+06  2.20e+00 2.27e-13  1.17e+02     0s
   2  -8.46069956e+04 -2.81948071e+05  2.50e-01 1.42e-13  1.56e+01     0s
   3  -8.40754876e+04 -1.02295795e+05  1.04e-02 1.14e-13  1.32e+00     0s
   4  -8.61771329e+04 -9.27186282e+04  1.99e-03 1.14e-13  4.68e-01     0s
   5  -8.66390678e+04 -8.92417272e+04  1.11e-03 1.14e-13  1.87e-01     0s
   6  -8.69721411e+04 -8.84240734e+04  5.08e-04 1.14e-13  1.04e-01     0s
   7  -8.71455194e+04 -8.75753412e+04  2.16e-04 1.14e-13  3.09e-02     0s
   8  -8.72426877e+04 -8.73457296e+04  6.19e-05 5.68e-14  7.43e-03     0s
   9  -8.72737807e+04 -8.72925994e+04  1.72e-05 1.14e-13  1.37e-03     0s
  10  -8.72863983e+04 -8.72870747e+04  2.00e-07 1.14e-13  4.84e-05     0s
  11  -8.72866189e+04 -8.72866191e+04  3.24e-12 1.14e-13  1.48e-08     0s
  12  -8.72866189e+04 -8.72866189e+04  3.32e-14 1.14e-13  1.48e-11     0s

Barrier solved model in 12 iterations and 0.14 seconds
Optimal objective -8.72866189e+04


Root relaxation: objective -8.728662e+04, 3990 iterations, 0.11 seconds

    Nodes    |    Current Node    |     Objective Bounds      |     Work
 Expl Unexpl |  Obj  Depth IntInf | Incumbent    BestBd   Gap | It/Node Time

     0     0 -87286.619    0  222 -74928.000 -87286.619  16.5%     -    0s
H    0     0                    -79586.00000 -87286.619  9.68%     -    0s
H    0     0                    -80175.00000 -87286.619  8.87%     -    0s
     0     0 -83810.943    0  281 -80175.000 -83810.943  4.54%     -    0s
     0     0 -83760.339    0  289 -80175.000 -83760.339  4.47%     -    0s
H    0     0                    -80541.00000 -83760.339  4.00%     -    0s
     0     0 -82751.408    0  224 -80541.000 -82751.408  2.74%     -    0s
H    0     0                    -81241.00000 -82751.408  1.86%     -    0s
H    0     0                    -81346.00000 -82751.408  1.73%     -    0s
     0     0 -82638.194    0  215 -81346.000 -82638.194  1.59%     -    0s
     0     0 -82519.060    0  204 -81346.000 -82519.060  1.44%     -    0s
H    0     0                    -81433.00000 -82519.060  1.33%     -    0s
H    0     0                    -81981.00000 -82519.060  0.66%     -    0s

Cutting planes:
  Gomory: 8
  Cover: 174
  Clique: 2
  MIR: 38

Explored 0 nodes (7743 simplex iterations) in 0.78 seconds
Thread count was 16 (of 16 available processors)

Optimal solution found (tolerance 1.00e-02)
Best objective -8.198100000000e+04, best bound -8.251900000000e+04, gap 0.6562%
Changed value of parameter MIPGap to 0.01
   Prev: 0.0001  Min: 0.0  Max: 1e+100  Default: 0.0001
Changed value of parameter TimeLimit to 1800.0
   Prev: 1e+100  Min: 0.0  Max: 1e+100  Default: 1e+100
Changed value of parameter Method to 2
   Prev: -1  Min: -1  Max: 4  Default: -1
Changed value of parameter MIPFocus to 1
   Prev: 0  Min: 0  Max: 3  Default: 0
Optimize a model with 2408 rows, 7378 columns and 14756 nonzeros
Coefficient statistics:
  Matrix range    [1e+00, 4e+01]
  Objective range [5e+01, 1e+03]
  Bounds range    [1e+00, 1e+00]
  RHS range       [8e+01, 8e+01]
Found heuristic solution: objective 0
Presolve removed 148 rows and 541 columns
Presolve time: 0.05s
Presolved: 2260 rows, 6837 columns, 13674 nonzeros
Found heuristic solution: objective -185868.0000
Variable types: 0 continuous, 6837 integer (6837 binary)
Optimize a model with 2260 rows, 6837 columns and 13674 nonzeros
Coefficient statistics:
  Matrix range    [1e+00, 4e+01]
  Objective range [5e+01, 1e+03]
  Bounds range    [1e+00, 1e+00]
  RHS range       [1e+00, 8e+01]
Presolved: 2260 rows, 6837 columns, 13674 nonzeros

Root barrier log...

Ordering time: 0.00s

Barrier statistics:
 AA' NZ     : 6.837e+03
 Factor NZ  : 3.727e+04 (roughly 4 MBytes of memory)
 Factor Ops : 2.730e+06 (less than 1 second per iteration)
 Threads    : 1

                  Objective                Residual
Iter       Primal          Dual         Primal    Dual     Compl     Time
   0  -8.85489561e+05 -3.99604791e+06  1.90e+01 2.04e+02  1.68e+03     0s
   1  -2.67702353e+05 -2.78199656e+06  2.20e+00 5.12e-13  2.91e+02     0s
   2  -2.10120766e+05 -7.02764768e+05  2.50e-01 2.84e-13  3.88e+01     0s
   3  -2.08852753e+05 -2.54244397e+05  1.06e-02 2.42e-13  3.28e+00     0s
   4  -2.13956448e+05 -2.30582095e+05  2.33e-03 3.41e-13  1.19e+00     0s
   5  -2.15104119e+05 -2.21842924e+05  1.37e-03 2.27e-13  4.85e-01     0s
   6  -2.16097832e+05 -2.19568517e+05  5.86e-04 2.27e-13  2.49e-01     0s
   7  -2.16743953e+05 -2.17968636e+05  6.94e-05 2.27e-13  8.73e-02     0s
   8  -2.16841999e+05 -2.17183578e+05  2.32e-05 2.27e-13  2.44e-02     0s
   9  -2.16866582e+05 -2.16988368e+05  1.43e-05 2.27e-13  8.72e-03     0s
  10  -2.16886923e+05 -2.16933822e+05  6.61e-06 2.27e-13  3.36e-03     0s
  11  -2.16902535e+05 -2.16908124e+05  1.06e-06 2.27e-13  4.03e-04     0s
  12  -2.16905735e+05 -2.16905745e+05  7.35e-10 2.27e-13  6.99e-07     0s
  13  -2.16905738e+05 -2.16905738e+05  1.36e-13 2.27e-13  6.99e-10     0s

Barrier solved model in 13 iterations and 0.14 seconds
Optimal objective -2.16905738e+05


Root relaxation: objective -2.169057e+05, 4328 iterations, 0.11 seconds

    Nodes    |    Current Node    |     Objective Bounds      |     Work
 Expl Unexpl |  Obj  Depth IntInf | Incumbent    BestBd   Gap | It/Node Time

     0     0 -216905.74    0  216 -185868.00 -216905.74  16.7%     -    0s
H    0     0                    -197597.0000 -216905.74  9.77%     -    0s
H    0     0                    -198598.0000 -216905.74  9.22%     -    0s
H    0     0                    -198802.0000 -216905.74  9.11%     -    0s
     0     0 -207464.08    0  260 -198802.00 -207464.08  4.36%     -    0s
     0     0 -207075.74    0  262 -198802.00 -207075.74  4.16%     -    0s
     0     0 -205007.42    0  187 -198802.00 -205007.42  3.12%     -    0s
H    0     0                    -203119.0000 -205007.42  0.93%     -    0s

Cutting planes:
  Gomory: 7
  Cover: 142
  Clique: 6
  MIR: 34

Explored 0 nodes (7801 simplex iterations) in 0.58 seconds
Thread count was 16 (of 16 available processors)

Optimal solution found (tolerance 1.00e-02)
Best objective -2.031190000000e+05, best bound -2.050070000000e+05, gap 0.9295%
Changed value of parameter MIPGap to 0.01
   Prev: 0.0001  Min: 0.0  Max: 1e+100  Default: 0.0001
Changed value of parameter TimeLimit to 1800.0
   Prev: 1e+100  Min: 0.0  Max: 1e+100  Default: 1e+100
Changed value of parameter Method to 2
   Prev: -1  Min: -1  Max: 4  Default: -1
Changed value of parameter MIPFocus to 1
   Prev: 0  Min: 0  Max: 3  Default: 0
Optimize a model with 2408 rows, 7378 columns and 14756 nonzeros
Coefficient statistics:
  Matrix range    [1e+00, 4e+01]
  Objective range [5e+02, 1e+04]
  Bounds range    [1e+00, 1e+00]
  RHS range       [8e+01, 8e+01]
Found heuristic solution: objective 0
Presolve removed 148 rows and 541 columns
Presolve time: 0.05s
Presolved: 2260 rows, 6837 columns, 13674 nonzeros
Found heuristic solution: objective -1849968.000
Variable types: 0 continuous, 6837 integer (6837 binary)
Optimize a model with 2260 rows, 6837 columns and 13674 nonzeros
Coefficient statistics:
  Matrix range    [1e+00, 4e+01]
  Objective range [5e+02, 1e+04]
  Bounds range    [1e+00, 1e+00]
  RHS range       [1e+00, 8e+01]
Presolved: 2260 rows, 6837 columns, 13674 nonzeros

Root barrier log...

Ordering time: 0.00s

Barrier statistics:
 AA' NZ     : 6.837e+03
 Factor NZ  : 3.727e+04 (roughly 4 MBytes of memory)
 Factor Ops : 2.730e+06 (less than 1 second per iteration)
 Threads    : 1

                  Objective                Residual
Iter       Primal          Dual         Primal    Dual     Compl     Time
   0  -8.81763181e+06 -3.99200152e+07  1.90e+01 2.03e+03  1.68e+04     0s
   1  -2.66574554e+06 -2.77899518e+07  2.20e+00 5.00e-12  2.91e+03     0s
   2  -2.09283449e+06 -7.01498566e+06  2.50e-01 3.64e-12  3.88e+02     0s
   3  -2.08052988e+06 -2.53696027e+06  1.07e-02 3.64e-12  3.30e+01     0s
   4  -2.13082100e+06 -2.29888859e+06  2.48e-03 5.46e-12  1.20e+01     0s
   5  -2.14232693e+06 -2.21043494e+06  1.49e-03 5.46e-12  4.90e+00     0s
   6  -2.15303712e+06 -2.19039510e+06  6.20e-04 1.82e-12  2.68e+00     0s
   7  -2.15900306e+06 -2.17354725e+06  1.27e-04 1.82e-12  1.04e+00     0s
   8  -2.16059972e+06 -2.16374591e+06  2.78e-05 3.64e-12  2.25e-01     0s
   9  -2.16088965e+06 -2.16200823e+06  1.40e-05 1.82e-12  8.01e-02     0s
  10  -2.16114012e+06 -2.16139937e+06  1.65e-06 1.82e-12  1.85e-02     0s
  11  -2.16120123e+06 -2.16121476e+06  1.07e-08 3.64e-12  9.62e-04     0s
  12  -2.16120328e+06 -2.16120334e+06  3.93e-13 3.64e-12  4.79e-06     0s
  13  -2.16120328e+06 -2.16120328e+06  4.42e-14 3.64e-12  4.79e-09     0s

Barrier solved model in 13 iterations and 0.14 seconds
Optimal objective -2.16120328e+06


Root relaxation: objective -2.161203e+06, 4276 iterations, 0.11 seconds

    Nodes    |    Current Node    |     Objective Bounds      |     Work
 Expl Unexpl |  Obj  Depth IntInf | Incumbent    BestBd   Gap | It/Node Time

     0     0 -2161203.3    0  222 -1849968.0 -2161203.3  16.8%     -    0s
H    0     0                    -1950445.000 -2161203.3  10.8%     -    0s
H    0     0                    -1964955.000 -2161203.3  10.0%     -    0s
     0     0 -2070136.3    0  240 -1964955.0 -2070136.3  5.35%     -    0s
H    0     0                    -1981457.000 -2070136.3  4.48%     -    0s
     0     0 -2065052.6    0  249 -1981457.0 -2065052.6  4.22%     -    0s
H    0     0                    -1984957.000 -2065052.6  4.04%     -    0s
     0     0 -2046945.1    0  220 -1984957.0 -2046945.1  3.12%     -    0s
     0     0 -2042901.1    0  235 -1984957.0 -2042901.1  2.92%     -    0s
     0     0 -2042208.7    0  216 -1984957.0 -2042208.7  2.88%     -    0s
     0     0 -2038807.9    0  223 -1984957.0 -2038807.9  2.71%     -    0s
     0     0 -2038807.9    0  243 -1984957.0 -2038807.9  2.71%     -    0s
H    0     0                    -1995943.000 -2038807.9  2.15%     -    0s
     0     0 -2038807.9    0  247 -1995943.0 -2038807.9  2.15%     -    0s
     0     0 -2038807.9    0  114 -1995943.0 -2038807.9  2.15%     -    0s
H    0     0                    -2026418.000 -2038807.9  0.61%     -    1s

Cutting planes:
  Gomory: 5
  Cover: 151
  Clique: 4
  MIR: 37

Explored 0 nodes (9873 simplex iterations) in 1.16 seconds
Thread count was 16 (of 16 available processors)

Optimal solution found (tolerance 1.00e-02)
Best objective -2.026418000000e+06, best bound -2.038807890244e+06, gap 0.6114%
