Changed value of parameter MIPGap to 0.01
   Prev: 0.0001  Min: 0.0  Max: 1e+100  Default: 0.0001
Changed value of parameter TimeLimit to 1800.0
   Prev: 1e+100  Min: 0.0  Max: 1e+100  Default: 1e+100
Changed value of parameter Method to 2
   Prev: -1  Min: -1  Max: 4  Default: -1
Changed value of parameter MIPFocus to 1
   Prev: 0  Min: 0  Max: 3  Default: 0
Optimize a model with 2368 rows, 3402 columns and 6804 nonzeros
Coefficient statistics:
  Matrix range    [1e+00, 2e+01]
  Objective range [1e+00, 1e+00]
  Bounds range    [1e+00, 1e+00]
  RHS range       [8e+01, 8e+01]
Found heuristic solution: objective 0
Presolve removed 2282 rows and 2392 columns
Presolve time: 0.01s
Presolved: 86 rows, 1010 columns, 1919 nonzeros
Found heuristic solution: objective -714.0000000
Variable types: 0 continuous, 1010 integer (926 binary)
Optimize a model with 86 rows, 1010 columns and 1919 nonzeros
Coefficient statistics:
  Matrix range    [1e+00, 2e+01]
  Objective range [1e+00, 1e+00]
  Bounds range    [1e+00, 5e+00]
  RHS range       [1e+01, 8e+01]
Presolved: 86 rows, 1010 columns, 1919 nonzeros

Root barrier log...

Ordering time: 0.00s

Barrier statistics:
 AA' NZ     : 8.850e+02
 Factor NZ  : 2.972e+03
 Factor Ops : 1.386e+05 (less than 1 second per iteration)
 Threads    : 1

                  Objective                Residual
Iter       Primal          Dual         Primal    Dual     Compl     Time
   0  -4.10402886e+03 -3.93376912e+03  2.06e+01 1.72e-01  6.05e+00     0s
   1  -1.19344446e+03 -2.43813237e+03  2.22e+00 1.10e+00  1.17e+00     0s
   2  -8.74083052e+02 -1.28185333e+03  2.04e-03 1.75e-01  2.05e-01     0s
   3  -9.20850115e+02 -9.74343850e+02  0.00e+00 4.48e-03  2.56e-02     0s
   4  -9.30887807e+02 -9.50942003e+02  0.00e+00 3.55e-15  9.58e-03     0s
   5  -9.36615318e+02 -9.45938119e+02  0.00e+00 1.78e-15  4.45e-03     0s
   6  -9.39321495e+02 -9.42472006e+02  0.00e+00 1.78e-15  1.50e-03     0s
   7  -9.40680824e+02 -9.40828030e+02  0.00e+00 3.55e-15  6.99e-05     0s
   8  -9.40738037e+02 -9.40738185e+02  0.00e+00 3.55e-15  7.01e-08     0s
   9  -9.40738095e+02 -9.40738095e+02  0.00e+00 3.55e-15  7.01e-14     0s

Barrier solved model in 9 iterations and 0.03 seconds
Optimal objective -9.40738095e+02


Root relaxation: objective -9.407381e+02, 224 iterations, 0.01 seconds

    Nodes    |    Current Node    |     Objective Bounds      |     Work
 Expl Unexpl |  Obj  Depth IntInf | Incumbent    BestBd   Gap | It/Node Time

     0     0 -940.73810    0   70 -714.00000 -940.73810  31.8%     -    0s
H    0     0                    -920.0000000 -940.73810  2.25%     -    0s
H    0     0                    -921.0000000 -940.73810  2.14%     -    0s
H    0     0                    -923.0000000 -940.73810  1.92%     -    0s
     0     0     cutoff    0      -923.00000 -923.99908  0.11%     -    0s

Cutting planes:
  Cover: 2
  MIR: 74

Explored 0 nodes (480 simplex iterations) in 0.08 seconds
Thread count was 16 (of 16 available processors)

Optimal solution found (tolerance 1.00e-02)
Best objective -9.230000000000e+02, best bound -9.230000000000e+02, gap 0.0%
Changed value of parameter MIPGap to 0.01
   Prev: 0.0001  Min: 0.0  Max: 1e+100  Default: 0.0001
Changed value of parameter TimeLimit to 1800.0
   Prev: 1e+100  Min: 0.0  Max: 1e+100  Default: 1e+100
Changed value of parameter Method to 2
   Prev: -1  Min: -1  Max: 4  Default: -1
Changed value of parameter MIPFocus to 1
   Prev: 0  Min: 0  Max: 3  Default: 0
Optimize a model with 2368 rows, 3402 columns and 6804 nonzeros
Coefficient statistics:
  Matrix range    [1e+00, 2e+01]
  Objective range [1e+00, 1e+00]
  Bounds range    [1e+00, 1e+00]
  RHS range       [8e+01, 8e+01]
Found heuristic solution: objective 0
Presolve removed 2282 rows and 2392 columns
Presolve time: 0.01s
Presolved: 86 rows, 1010 columns, 1919 nonzeros
Found heuristic solution: objective -715.8760000
Variable types: 0 continuous, 1010 integer (926 binary)
Optimize a model with 86 rows, 1010 columns and 1919 nonzeros
Coefficient statistics:
  Matrix range    [1e+00, 2e+01]
  Objective range [1e+00, 1e+00]
  Bounds range    [1e+00, 5e+00]
  RHS range       [1e+01, 8e+01]
Presolved: 86 rows, 1010 columns, 1919 nonzeros

Root barrier log...

Ordering time: 0.00s

Barrier statistics:
 AA' NZ     : 8.850e+02
 Factor NZ  : 2.972e+03
 Factor Ops : 1.386e+05 (less than 1 second per iteration)
 Threads    : 1

                  Objective                Residual
Iter       Primal          Dual         Primal    Dual     Compl     Time
   0  -4.10972656e+03 -3.93587307e+03  2.06e+01 1.69e-01  6.05e+00     0s
   1  -1.19544120e+03 -2.43976105e+03  2.22e+00 1.10e+00  1.17e+00     0s
   2  -8.75730740e+02 -1.28281345e+03  2.05e-03 1.74e-01  2.04e-01     0s
   3  -9.22745442e+02 -9.76396989e+02  0.00e+00 4.48e-03  2.57e-02     0s
   4  -9.32890541e+02 -9.52921780e+02  0.00e+00 1.78e-15  9.57e-03     0s
   5  -9.38573390e+02 -9.47873928e+02  0.00e+00 1.78e-15  4.44e-03     0s
   6  -9.41257968e+02 -9.44350882e+02  0.00e+00 3.55e-15  1.48e-03     0s
   7  -9.42605198e+02 -9.42727502e+02  0.00e+00 3.55e-15  5.81e-05     0s
   8  -9.42658422e+02 -9.42658547e+02  0.00e+00 3.55e-15  5.91e-08     0s
   9  -9.42658476e+02 -9.42658476e+02  0.00e+00 3.55e-15  5.92e-14     0s

Barrier solved model in 9 iterations and 0.02 seconds
Optimal objective -9.42658476e+02


Root relaxation: objective -9.426585e+02, 224 iterations, 0.01 seconds

    Nodes    |    Current Node    |     Objective Bounds      |     Work
 Expl Unexpl |  Obj  Depth IntInf | Incumbent    BestBd   Gap | It/Node Time

     0     0 -942.65848    0   74 -715.87600 -942.65848  31.7%     -    0s
H    0     0                    -922.7290000 -942.65848  2.16%     -    0s
H    0     0                    -924.7520000 -942.65848  1.94%     -    0s
     0     0 -925.28746    0   30 -924.75200 -925.28746  0.06%     -    0s

Cutting planes:
  Cover: 2
  MIR: 74

Explored 0 nodes (515 simplex iterations) in 0.07 seconds
Thread count was 16 (of 16 available processors)

Optimal solution found (tolerance 1.00e-02)
Best objective -9.247520000000e+02, best bound -9.252874615385e+02, gap 0.0579%
Changed value of parameter MIPGap to 0.01
   Prev: 0.0001  Min: 0.0  Max: 1e+100  Default: 0.0001
Changed value of parameter TimeLimit to 1800.0
   Prev: 1e+100  Min: 0.0  Max: 1e+100  Default: 1e+100
Changed value of parameter Method to 2
   Prev: -1  Min: -1  Max: 4  Default: -1
Changed value of parameter MIPFocus to 1
   Prev: 0  Min: 0  Max: 3  Default: 0
Optimize a model with 2368 rows, 3402 columns and 6804 nonzeros
Coefficient statistics:
  Matrix range    [1e+00, 2e+01]
  Objective range [1e+00, 1e+00]
  Bounds range    [1e+00, 1e+00]
  RHS range       [8e+01, 8e+01]
Found heuristic solution: objective 0
Presolve removed 2282 rows and 2392 columns
Presolve time: 0.01s
Presolved: 86 rows, 1010 columns, 1919 nonzeros
Found heuristic solution: objective -717.7520000
Variable types: 0 continuous, 1010 integer (926 binary)
Optimize a model with 86 rows, 1010 columns and 1919 nonzeros
Coefficient statistics:
  Matrix range    [1e+00, 2e+01]
  Objective range [1e+00, 1e+00]
  Bounds range    [1e+00, 5e+00]
  RHS range       [1e+01, 8e+01]
Presolved: 86 rows, 1010 columns, 1919 nonzeros

Root barrier log...

Ordering time: 0.00s

Barrier statistics:
 AA' NZ     : 8.850e+02
 Factor NZ  : 2.972e+03
 Factor Ops : 1.386e+05 (less than 1 second per iteration)
 Threads    : 1

                  Objective                Residual
Iter       Primal          Dual         Primal    Dual     Compl     Time
   0  -4.11542423e+03 -3.93797701e+03  2.06e+01 1.67e-01  6.05e+00     0s
   1  -1.19743842e+03 -2.44138987e+03  2.22e+00 1.10e+00  1.17e+00     0s
   2  -8.77378925e+02 -1.28377294e+03  2.07e-03 1.73e-01  2.04e-01     0s
   3  -9.24643878e+02 -9.78437042e+02  0.00e+00 4.47e-03  2.57e-02     0s
   4  -9.34916183e+02 -9.54899695e+02  0.00e+00 3.55e-15  9.55e-03     0s
   5  -9.40540979e+02 -9.49802359e+02  0.00e+00 3.55e-15  4.42e-03     0s
   6  -9.43200758e+02 -9.46213044e+02  0.00e+00 1.78e-15  1.44e-03     0s
   7  -9.44530739e+02 -9.44645359e+02  0.00e+00 3.55e-15  5.45e-05     0s
   8  -9.44578808e+02 -9.44578927e+02  0.00e+00 3.55e-15  5.63e-08     0s
   9  -9.44578857e+02 -9.44578857e+02  0.00e+00 3.55e-15  5.63e-14     0s

Barrier solved model in 9 iterations and 0.02 seconds
Optimal objective -9.44578857e+02


Root relaxation: objective -9.445789e+02, 225 iterations, 0.01 seconds

    Nodes    |    Current Node    |     Objective Bounds      |     Work
 Expl Unexpl |  Obj  Depth IntInf | Incumbent    BestBd   Gap | It/Node Time

     0     0 -944.57886    0   70 -717.75200 -944.57886  31.6%     -    0s
H    0     0                    -921.4740000 -944.57886  2.51%     -    0s
H    0     0                    -924.5220000 -944.57886  2.17%     -    0s
H    0     0                    -925.5230000 -944.57886  2.06%     -    0s
     0     0 -927.07492    0   40 -925.52300 -927.07492  0.17%     -    0s

Cutting planes:
  Cover: 2
  MIR: 74

Explored 0 nodes (558 simplex iterations) in 0.07 seconds
Thread count was 16 (of 16 available processors)

Optimal solution found (tolerance 1.00e-02)
Best objective -9.255230000000e+02, best bound -9.270749230769e+02, gap 0.1677%
Changed value of parameter MIPGap to 0.01
   Prev: 0.0001  Min: 0.0  Max: 1e+100  Default: 0.0001
Changed value of parameter TimeLimit to 1800.0
   Prev: 1e+100  Min: 0.0  Max: 1e+100  Default: 1e+100
Changed value of parameter Method to 2
   Prev: -1  Min: -1  Max: 4  Default: -1
Changed value of parameter MIPFocus to 1
   Prev: 0  Min: 0  Max: 3  Default: 0
Optimize a model with 2368 rows, 3402 columns and 6804 nonzeros
Coefficient statistics:
  Matrix range    [1e+00, 2e+01]
  Objective range [1e+00, 1e+00]
  Bounds range    [1e+00, 1e+00]
  RHS range       [8e+01, 8e+01]
Found heuristic solution: objective 0
Presolve removed 2282 rows and 2392 columns
Presolve time: 0.01s
Presolved: 86 rows, 1010 columns, 1919 nonzeros
Found heuristic solution: objective -721.5040000
Variable types: 0 continuous, 1010 integer (926 binary)
Optimize a model with 86 rows, 1010 columns and 1919 nonzeros
Coefficient statistics:
  Matrix range    [1e+00, 2e+01]
  Objective range [1e+00, 1e+00]
  Bounds range    [1e+00, 5e+00]
  RHS range       [1e+01, 8e+01]
Presolved: 86 rows, 1010 columns, 1919 nonzeros

Root barrier log...

Ordering time: 0.00s

Barrier statistics:
 AA' NZ     : 8.850e+02
 Factor NZ  : 2.972e+03
 Factor Ops : 1.386e+05 (less than 1 second per iteration)
 Threads    : 1

                  Objective                Residual
Iter       Primal          Dual         Primal    Dual     Compl     Time
   0  -4.12681947e+03 -3.94218491e+03  2.06e+01 1.63e-01  6.05e+00     0s
   1  -1.20143433e+03 -2.44464795e+03  2.22e+00 1.10e+00  1.17e+00     0s
   2  -8.80677285e+02 -1.28568641e+03  2.09e-03 1.72e-01  2.03e-01     0s
   3  -9.28447534e+02 -9.82487169e+02  0.00e+00 4.45e-03  2.58e-02     0s
   4  -9.39049756e+02 -9.58850084e+02  0.00e+00 3.55e-15  9.46e-03     0s
   5  -9.44441004e+02 -9.53626988e+02  0.00e+00 1.78e-15  4.39e-03     0s
   6  -9.47016479e+02 -9.49741664e+02  0.00e+00 3.55e-15  1.30e-03     0s
   7  -9.48399008e+02 -9.48467618e+02  0.00e+00 3.55e-15  3.26e-05     0s
   8  -9.48419598e+02 -9.48419667e+02  0.00e+00 3.55e-15  3.26e-08     0s
   9  -9.48419619e+02 -9.48419619e+02  0.00e+00 3.55e-15  3.26e-14     0s

Barrier solved model in 9 iterations and 0.02 seconds
Optimal objective -9.48419619e+02


Root relaxation: objective -9.484196e+02, 224 iterations, 0.01 seconds

    Nodes    |    Current Node    |     Objective Bounds      |     Work
 Expl Unexpl |  Obj  Depth IntInf | Incumbent    BestBd   Gap | It/Node Time

     0     0 -948.41962    0   67 -721.50400 -948.41962  31.5%     -    0s
H    0     0                    -924.9480000 -948.41962  2.54%     -    0s
H    0     0                    -929.9720000 -948.41962  1.98%     -    0s
     0     0 -930.64985    0   23 -929.97200 -930.64985  0.07%     -    0s

Cutting planes:
  Cover: 2
  MIR: 74

Explored 0 nodes (559 simplex iterations) in 0.07 seconds
Thread count was 16 (of 16 available processors)

Optimal solution found (tolerance 1.00e-02)
Best objective -9.299720000000e+02, best bound -9.306498461538e+02, gap 0.0729%
Changed value of parameter MIPGap to 0.01
   Prev: 0.0001  Min: 0.0  Max: 1e+100  Default: 0.0001
Changed value of parameter TimeLimit to 1800.0
   Prev: 1e+100  Min: 0.0  Max: 1e+100  Default: 1e+100
Changed value of parameter Method to 2
   Prev: -1  Min: -1  Max: 4  Default: -1
Changed value of parameter MIPFocus to 1
   Prev: 0  Min: 0  Max: 3  Default: 0
Optimize a model with 2368 rows, 3402 columns and 6804 nonzeros
Coefficient statistics:
  Matrix range    [1e+00, 2e+01]
  Objective range [1e+00, 1e+00]
  Bounds range    [1e+00, 1e+00]
  RHS range       [8e+01, 8e+01]
Found heuristic solution: objective 0
Presolve removed 2282 rows and 2392 columns
Presolve time: 0.01s
Presolved: 86 rows, 1010 columns, 1919 nonzeros
Found heuristic solution: objective -729.0080000
Variable types: 0 continuous, 1010 integer (926 binary)
Optimize a model with 86 rows, 1010 columns and 1919 nonzeros
Coefficient statistics:
  Matrix range    [1e+00, 2e+01]
  Objective range [1e+00, 1e+00]
  Bounds range    [1e+00, 5e+00]
  RHS range       [1e+01, 8e+01]
Presolved: 86 rows, 1010 columns, 1919 nonzeros

Root barrier log...

Ordering time: 0.00s

Barrier statistics:
 AA' NZ     : 8.850e+02
 Factor NZ  : 2.972e+03
 Factor Ops : 1.386e+05 (less than 1 second per iteration)
 Threads    : 1

                  Objective                Residual
Iter       Primal          Dual         Primal    Dual     Compl     Time
   0  -4.14960961e+03 -3.95060069e+03  2.06e+01 1.55e-01  6.05e+00     0s
   1  -1.20943272e+03 -2.45116579e+03  2.22e+00 1.09e+00  1.17e+00     0s
   2  -8.87087212e+02 -1.29042333e+03  2.21e-03 1.70e-01  2.02e-01     0s
   3  -9.36049861e+02 -9.90570002e+02  0.00e+00 4.40e-03  2.61e-02     0s
   4  -9.47033054e+02 -9.66759972e+02  0.00e+00 3.55e-15  9.42e-03     0s
   5  -9.52497870e+02 -9.61291147e+02  0.00e+00 1.78e-15  4.20e-03     0s
   6  -9.55166725e+02 -9.58273852e+02  0.00e+00 1.78e-15  1.48e-03     0s
   7  -9.56037822e+02 -9.56183135e+02  0.00e+00 3.55e-15  6.90e-05     0s
   8  -9.56101075e+02 -9.56101233e+02  0.00e+00 3.55e-15  7.48e-08     0s
   9  -9.56101143e+02 -9.56101143e+02  0.00e+00 3.55e-15  7.51e-14     0s

Barrier solved model in 9 iterations and 0.02 seconds
Optimal objective -9.56101143e+02


Root relaxation: objective -9.561011e+02, 224 iterations, 0.01 seconds

    Nodes    |    Current Node    |     Objective Bounds      |     Work
 Expl Unexpl |  Obj  Depth IntInf | Incumbent    BestBd   Gap | It/Node Time

     0     0 -956.10114    0   69 -729.00800 -956.10114  31.2%     -    0s
H    0     0                    -935.0880000 -956.10114  2.25%     -    0s
H    0     0                    -935.9880000 -956.10114  2.15%     -    0s
H    0     0                    -937.0200000 -956.10114  2.04%     -    0s
     0     0 -937.79969    0   24 -937.02000 -937.79969  0.08%     -    0s

Cutting planes:
  Cover: 2
  MIR: 74

Explored 0 nodes (604 simplex iterations) in 0.07 seconds
Thread count was 16 (of 16 available processors)

Optimal solution found (tolerance 1.00e-02)
Best objective -9.370200000000e+02, best bound -9.377996923077e+02, gap 0.0832%
Changed value of parameter MIPGap to 0.01
   Prev: 0.0001  Min: 0.0  Max: 1e+100  Default: 0.0001
Changed value of parameter TimeLimit to 1800.0
   Prev: 1e+100  Min: 0.0  Max: 1e+100  Default: 1e+100
Changed value of parameter Method to 2
   Prev: -1  Min: -1  Max: 4  Default: -1
Changed value of parameter MIPFocus to 1
   Prev: 0  Min: 0  Max: 3  Default: 0
Optimize a model with 2368 rows, 3402 columns and 6804 nonzeros
Coefficient statistics:
  Matrix range    [1e+00, 2e+01]
  Objective range [1e+00, 1e+00]
  Bounds range    [1e+00, 1e+00]
  RHS range       [8e+01, 8e+01]
Found heuristic solution: objective 0
Presolve removed 2282 rows and 2392 columns
Presolve time: 0.01s
Presolved: 86 rows, 1010 columns, 1919 nonzeros
Found heuristic solution: objective -732.7600000
Variable types: 0 continuous, 1010 integer (926 binary)
Optimize a model with 86 rows, 1010 columns and 1919 nonzeros
Coefficient statistics:
  Matrix range    [1e+00, 2e+01]
  Objective range [1e+00, 1e+00]
  Bounds range    [1e+00, 5e+00]
  RHS range       [1e+01, 8e+01]
Presolved: 86 rows, 1010 columns, 1919 nonzeros

Root barrier log...

Ordering time: 0.00s

Barrier statistics:
 AA' NZ     : 8.850e+02
 Factor NZ  : 2.972e+03
 Factor Ops : 1.386e+05 (less than 1 second per iteration)
 Threads    : 1

                  Objective                Residual
Iter       Primal          Dual         Primal    Dual     Compl     Time
   0  -4.16100450e+03 -3.95480859e+03  2.06e+01 1.50e-01  6.05e+00     0s
   1  -1.21343493e+03 -2.45442557e+03  2.22e+00 1.09e+00  1.17e+00     0s
   2  -8.90406959e+02 -1.29313649e+03  2.24e-03 1.69e-01  2.02e-01     0s
   3  -9.39836282e+02 -9.94593630e+02  0.00e+00 4.38e-03  2.62e-02     0s
   4  -9.50899166e+02 -9.70686926e+02  0.00e+00 3.55e-15  9.45e-03     0s
   5  -9.56369608e+02 -9.65129694e+02  0.00e+00 1.78e-15  4.19e-03     0s
   6  -9.59337851e+02 -9.61222664e+02  0.00e+00 3.55e-15  8.97e-04     0s
   7  -9.59932699e+02 -9.59976294e+02  0.00e+00 3.55e-15  2.07e-05     0s
   8  -9.59941896e+02 -9.59941939e+02  0.00e+00 3.55e-15  2.07e-08     0s
   9  -9.59941905e+02 -9.59941905e+02  0.00e+00 3.55e-15  2.07e-14     0s

Barrier solved model in 9 iterations and 0.02 seconds
Optimal objective -9.59941905e+02


Root relaxation: objective -9.599419e+02, 224 iterations, 0.01 seconds

    Nodes    |    Current Node    |     Objective Bounds      |     Work
 Expl Unexpl |  Obj  Depth IntInf | Incumbent    BestBd   Gap | It/Node Time

     0     0 -959.94190    0   70 -732.76000 -959.94190  31.0%     -    0s
H    0     0                    -938.5150000 -959.94190  2.28%     -    0s
H    0     0                    -940.5250000 -959.94190  2.06%     -    0s
     0     0 -941.37462    0   25 -940.52500 -941.37462  0.09%     -    0s

Cutting planes:
  Cover: 2
  MIR: 74

Explored 0 nodes (515 simplex iterations) in 0.07 seconds
Thread count was 16 (of 16 available processors)

Optimal solution found (tolerance 1.00e-02)
Best objective -9.405250000000e+02, best bound -9.413700000000e+02, gap 0.0898%
Changed value of parameter MIPGap to 0.01
   Prev: 0.0001  Min: 0.0  Max: 1e+100  Default: 0.0001
Changed value of parameter TimeLimit to 1800.0
   Prev: 1e+100  Min: 0.0  Max: 1e+100  Default: 1e+100
Changed value of parameter Method to 2
   Prev: -1  Min: -1  Max: 4  Default: -1
Changed value of parameter MIPFocus to 1
   Prev: 0  Min: 0  Max: 3  Default: 0
Optimize a model with 2368 rows, 3402 columns and 6804 nonzeros
Coefficient statistics:
  Matrix range    [1e+00, 2e+01]
  Objective range [1e+00, 1e+00]
  Bounds range    [1e+00, 1e+00]
  RHS range       [8e+01, 8e+01]
Found heuristic solution: objective 0
Presolve removed 2282 rows and 2392 columns
Presolve time: 0.01s
Presolved: 86 rows, 1010 columns, 1919 nonzeros
Found heuristic solution: objective -751.5200000
Variable types: 0 continuous, 1010 integer (926 binary)
Optimize a model with 86 rows, 1010 columns and 1919 nonzeros
Coefficient statistics:
  Matrix range    [1e+00, 2e+01]
  Objective range [1e+00, 1e+00]
  Bounds range    [1e+00, 5e+00]
  RHS range       [1e+01, 8e+01]
Presolved: 86 rows, 1010 columns, 1919 nonzeros

Root barrier log...

Ordering time: 0.00s

Barrier statistics:
 AA' NZ     : 8.850e+02
 Factor NZ  : 2.972e+03
 Factor Ops : 1.386e+05 (less than 1 second per iteration)
 Threads    : 1

                  Objective                Residual
Iter       Primal          Dual         Primal    Dual     Compl     Time
   0  -4.21797719e+03 -3.97584806e+03  2.06e+01 1.29e-01  6.05e+00     0s
   1  -1.23347509e+03 -2.47073327e+03  2.22e+00 1.08e+00  1.17e+00     0s
   2  -9.03114495e+02 -1.30684417e+03  2.58e-03 1.65e-01  2.03e-01     0s
   3  -9.58295071e+02 -1.01358144e+03  0.00e+00 3.04e-03  2.64e-02     0s
   4  -9.70189321e+02 -9.90028750e+02  0.00e+00 1.78e-15  9.47e-03     0s
   5  -9.75866469e+02 -9.84413570e+02  0.00e+00 1.78e-15  4.08e-03     0s
   6  -9.78434415e+02 -9.80681922e+02  0.00e+00 1.78e-15  1.07e-03     0s
   7  -9.79126195e+02 -9.79198701e+02  0.00e+00 3.55e-15  3.44e-05     0s
   8  -9.79145693e+02 -9.79145768e+02  0.00e+00 3.55e-15  3.58e-08     0s
   9  -9.79145714e+02 -9.79145714e+02  0.00e+00 3.55e-15  3.58e-14     0s

Barrier solved model in 9 iterations and 0.02 seconds
Optimal objective -9.79145714e+02


Root relaxation: objective -9.791457e+02, 223 iterations, 0.01 seconds

    Nodes    |    Current Node    |     Objective Bounds      |     Work
 Expl Unexpl |  Obj  Depth IntInf | Incumbent    BestBd   Gap | It/Node Time

     0     0 -979.14571    0   70 -751.52000 -979.14571  30.3%     -    0s
H    0     0                    -955.9600000 -979.14571  2.43%     -    0s
H    0     0                    -957.0400000 -979.14571  2.31%     -    0s
H    0     0                    -958.2400000 -979.14571  2.18%     -    0s
     0     0 -959.24923    0   30 -958.24000 -959.24923  0.11%     -    0s

Cutting planes:
  Cover: 2
  MIR: 74

Explored 0 nodes (573 simplex iterations) in 0.08 seconds
Thread count was 16 (of 16 available processors)

Optimal solution found (tolerance 1.00e-02)
Best objective -9.582400000000e+02, best bound -9.592400000000e+02, gap 0.1044%
Changed value of parameter MIPGap to 0.01
   Prev: 0.0001  Min: 0.0  Max: 1e+100  Default: 0.0001
Changed value of parameter TimeLimit to 1800.0
   Prev: 1e+100  Min: 0.0  Max: 1e+100  Default: 1e+100
Changed value of parameter Method to 2
   Prev: -1  Min: -1  Max: 4  Default: -1
Changed value of parameter MIPFocus to 1
   Prev: 0  Min: 0  Max: 3  Default: 0
Optimize a model with 2368 rows, 3402 columns and 6804 nonzeros
Coefficient statistics:
  Matrix range    [1e+00, 2e+01]
  Objective range [1e+00, 1e+00]
  Bounds range    [1e+00, 1e+00]
  RHS range       [8e+01, 8e+01]
Found heuristic solution: objective 0
Presolve removed 2282 rows and 2392 columns
Presolve time: 0.01s
Presolved: 86 rows, 1010 columns, 1919 nonzeros
Found heuristic solution: objective -789.0400000
Variable types: 0 continuous, 1010 integer (926 binary)
Optimize a model with 86 rows, 1010 columns and 1919 nonzeros
Coefficient statistics:
  Matrix range    [1e+00, 2e+01]
  Objective range [1e+00, 1e+00]
  Bounds range    [1e+00, 5e+00]
  RHS range       [1e+01, 8e+01]
Presolved: 86 rows, 1010 columns, 1919 nonzeros

Root barrier log...

Ordering time: 0.00s

Barrier statistics:
 AA' NZ     : 8.850e+02
 Factor NZ  : 2.972e+03
 Factor Ops : 1.386e+05 (less than 1 second per iteration)
 Threads    : 1

                  Objective                Residual
Iter       Primal          Dual         Primal    Dual     Compl     Time
   0  -4.33191375e+03 -4.01792699e+03  2.06e+01 8.69e-02  6.06e+00     0s
   1  -1.27368655e+03 -2.50339240e+03  2.22e+00 1.05e+00  1.17e+00     0s
   2  -9.35848858e+02 -1.33375329e+03  2.44e-03 1.57e-01  1.99e-01     0s
   3  -9.97455756e+02 -1.05307445e+03  0.00e+00 2.60e-03  2.65e-02     0s
   4  -1.01099360e+03 -1.03443954e+03  0.00e+00 3.55e-15  1.11e-02     0s
   5  -1.01430796e+03 -1.02344161e+03  0.00e+00 3.55e-15  4.34e-03     0s
   6  -1.01701804e+03 -1.01885344e+03  0.00e+00 3.55e-15  8.72e-04     0s
   7  -1.01755844e+03 -1.01838719e+03  0.00e+00 1.78e-15  3.94e-04     0s
   8  -1.01760221e+03 -1.01821139e+03  0.00e+00 1.78e-15  2.89e-04     0s
   9  -1.01755613e+03 -1.01792941e+03  0.00e+00 1.78e-15  1.77e-04     0s
  10  -1.01761807e+03 -1.01772520e+03  0.00e+00 3.55e-15  5.09e-05     0s
  11  -1.01763979e+03 -1.01764102e+03  0.00e+00 3.55e-15  5.88e-07     0s
  12  -1.01764000e+03 -1.01764000e+03  0.00e+00 3.55e-15  5.88e-10     0s

Barrier solved model in 12 iterations and 0.02 seconds
Optimal objective -1.01764000e+03


Root relaxation: objective -1.017640e+03, 220 iterations, 0.01 seconds

    Nodes    |    Current Node    |     Objective Bounds      |     Work
 Expl Unexpl |  Obj  Depth IntInf | Incumbent    BestBd   Gap | It/Node Time

     0     0 -1017.6400    0   74 -789.04000 -1017.6400  29.0%     -    0s
H    0     0                    -991.0600000 -1017.6400  2.68%     -    0s
H    0     0                    -993.4800000 -1017.6400  2.43%     -    0s
     0     0 -995.29410    0   42 -993.48000 -995.29410  0.18%     -    0s

Cutting planes:
  Cover: 3
  MIR: 74

Explored 0 nodes (478 simplex iterations) in 0.09 seconds
Thread count was 16 (of 16 available processors)

Optimal solution found (tolerance 1.00e-02)
Best objective -9.934800000000e+02, best bound -9.952800000000e+02, gap 0.1812%
Changed value of parameter MIPGap to 0.01
   Prev: 0.0001  Min: 0.0  Max: 1e+100  Default: 0.0001
Changed value of parameter TimeLimit to 1800.0
   Prev: 1e+100  Min: 0.0  Max: 1e+100  Default: 1e+100
Changed value of parameter Method to 2
   Prev: -1  Min: -1  Max: 4  Default: -1
Changed value of parameter MIPFocus to 1
   Prev: 0  Min: 0  Max: 3  Default: 0
Optimize a model with 2368 rows, 3402 columns and 6804 nonzeros
Coefficient statistics:
  Matrix range    [1e+00, 2e+01]
  Objective range [1e+00, 2e+00]
  Bounds range    [1e+00, 1e+00]
  RHS range       [8e+01, 8e+01]
Found heuristic solution: objective 0
Presolve removed 2282 rows and 2392 columns
Presolve time: 0.01s
Presolved: 86 rows, 1010 columns, 1919 nonzeros
Found heuristic solution: objective -864.0800000
Variable types: 0 continuous, 1010 integer (926 binary)
Optimize a model with 86 rows, 1010 columns and 1919 nonzeros
Coefficient statistics:
  Matrix range    [1e+00, 2e+01]
  Objective range [1e+00, 2e+00]
  Bounds range    [1e+00, 5e+00]
  RHS range       [1e+01, 8e+01]
Presolved: 86 rows, 1010 columns, 1919 nonzeros

Root barrier log...

Ordering time: 0.00s

Barrier statistics:
 AA' NZ     : 8.850e+02
 Factor NZ  : 2.972e+03
 Factor Ops : 1.386e+05 (less than 1 second per iteration)
 Threads    : 1

                  Objective                Residual
Iter       Primal          Dual         Primal    Dual     Compl     Time
   0  -4.55975166e+03 -4.10208486e+03  2.06e+01 2.34e-03  6.06e+00     0s
   1  -1.35466978e+03 -2.56888893e+03  2.22e+00 1.00e+00  1.17e+00     0s
   2  -1.00268523e+03 -1.38762445e+03  2.10e-03 1.39e-01  1.92e-01     0s
   3  -1.06975396e+03 -1.13644039e+03  1.26e-03 6.09e-04  3.25e-02     0s
   4  -1.08373543e+03 -1.11494859e+03  0.00e+00 3.55e-15  1.52e-02     0s
   5  -1.08966820e+03 -1.10572591e+03  0.00e+00 1.78e-15  7.80e-03     0s
   6  -1.09311549e+03 -1.09800926e+03  4.61e-05 1.78e-15  2.34e-03     0s
   7  -1.09413624e+03 -1.09605761e+03  1.83e-05 3.55e-15  9.19e-04     0s
   8  -1.09469581e+03 -1.09477684e+03  0.00e+00 3.55e-15  3.86e-05     0s
   9  -1.09470851e+03 -1.09470883e+03  0.00e+00 3.55e-15  1.49e-07     0s
  10  -1.09470857e+03 -1.09470857e+03  0.00e+00 3.55e-15  1.49e-10     0s

Barrier solved model in 10 iterations and 0.02 seconds
Optimal objective -1.09470857e+03


Root relaxation: objective -1.094709e+03, 222 iterations, 0.01 seconds

    Nodes    |    Current Node    |     Objective Bounds      |     Work
 Expl Unexpl |  Obj  Depth IntInf | Incumbent    BestBd   Gap | It/Node Time

     0     0 -1094.7086    0   73 -864.08000 -1094.7086  26.7%     -    0s
H    0     0                    -1060.840000 -1094.7086  3.19%     -    0s
H    0     0                    -1063.680000 -1094.7086  2.92%     -    0s
     0     0 -1067.5594    0   42 -1063.6800 -1067.5594  0.36%     -    0s

Cutting planes:
  Cover: 3
  MIR: 74

Explored 0 nodes (524 simplex iterations) in 0.07 seconds
Thread count was 16 (of 16 available processors)

Optimal solution found (tolerance 1.00e-02)
Best objective -1.063680000000e+03, best bound -1.067520000000e+03, gap 0.3610%
Changed value of parameter MIPGap to 0.01
   Prev: 0.0001  Min: 0.0  Max: 1e+100  Default: 0.0001
Changed value of parameter TimeLimit to 1800.0
   Prev: 1e+100  Min: 0.0  Max: 1e+100  Default: 1e+100
Changed value of parameter Method to 2
   Prev: -1  Min: -1  Max: 4  Default: -1
Changed value of parameter MIPFocus to 1
   Prev: 0  Min: 0  Max: 3  Default: 0
Optimize a model with 2368 rows, 3402 columns and 6804 nonzeros
Coefficient statistics:
  Matrix range    [1e+00, 2e+01]
  Objective range [1e+00, 2e+00]
  Bounds range    [1e+00, 1e+00]
  RHS range       [8e+01, 8e+01]
Found heuristic solution: objective 0
Presolve removed 2282 rows and 2392 columns
Presolve time: 0.01s
Presolved: 86 rows, 1010 columns, 1919 nonzeros
Found heuristic solution: objective -901.6000000
Variable types: 0 continuous, 1010 integer (926 binary)
Optimize a model with 86 rows, 1010 columns and 1919 nonzeros
Coefficient statistics:
  Matrix range    [1e+00, 2e+01]
  Objective range [1e+00, 2e+00]
  Bounds range    [1e+00, 5e+00]
  RHS range       [1e+01, 8e+01]
Presolved: 86 rows, 1010 columns, 1919 nonzeros

Root barrier log...

Ordering time: 0.00s

Barrier statistics:
 AA' NZ     : 8.850e+02
 Factor NZ  : 2.972e+03
 Factor Ops : 1.386e+05 (less than 1 second per iteration)
 Threads    : 1

                  Objective                Residual
Iter       Primal          Dual         Primal    Dual     Compl     Time
   0  -4.67365308e+03 -4.14416380e+03  2.06e+01 1.78e-15  6.07e+00     0s
   1  -1.39543878e+03 -2.60172848e+03  2.22e+00 9.75e-01  1.17e+00     0s
   2  -1.03655360e+03 -1.41573080e+03  1.83e-03 1.31e-01  1.88e-01     0s
   3  -1.10838978e+03 -1.17557856e+03  0.00e+00 3.91e-03  3.22e-02     0s
   4  -1.12225640e+03 -1.14509406e+03  0.00e+00 3.55e-15  1.10e-02     0s
   5  -1.12885533e+03 -1.13834486e+03  0.00e+00 1.78e-15  4.56e-03     0s
   6  -1.13009280e+03 -1.13721279e+03  0.00e+00 1.78e-15  3.42e-03     0s
   7  -1.13102704e+03 -1.13651238e+03  0.00e+00 1.78e-15  2.63e-03     0s
   8  -1.13136135e+03 -1.13556502e+03  0.00e+00 1.78e-15  2.02e-03     0s
   9  -1.13259326e+03 -1.13356524e+03  0.00e+00 3.55e-15  4.70e-04     0s
  10  -1.13324021e+03 -1.13324927e+03  0.00e+00 3.55e-15  4.32e-06     0s
  11  -1.13324285e+03 -1.13324286e+03  0.00e+00 3.55e-15  4.14e-09     0s

Barrier solved model in 11 iterations and 0.02 seconds
Optimal objective -1.13324285e+03


Root relaxation: objective -1.133243e+03, 224 iterations, 0.01 seconds

    Nodes    |    Current Node    |     Objective Bounds      |     Work
 Expl Unexpl |  Obj  Depth IntInf | Incumbent    BestBd   Gap | It/Node Time

     0     0 -1133.2429    0   68 -901.60000 -1133.2429  25.7%     -    0s
H    0     0                    -1096.650000 -1133.2429  3.34%     -    0s
H    0     0                    -1100.150000 -1133.2429  3.01%     -    0s
     0     0 -1104.0359    0   51 -1100.1500 -1104.0359  0.35%     -    0s

Cutting planes:
  Cover: 3
  MIR: 74

Explored 0 nodes (552 simplex iterations) in 0.07 seconds
Thread count was 16 (of 16 available processors)

Optimal solution found (tolerance 1.00e-02)
Best objective -1.100150000000e+03, best bound -1.104000000000e+03, gap 0.3500%
Changed value of parameter MIPGap to 0.01
   Prev: 0.0001  Min: 0.0  Max: 1e+100  Default: 0.0001
Changed value of parameter TimeLimit to 1800.0
   Prev: 1e+100  Min: 0.0  Max: 1e+100  Default: 1e+100
Changed value of parameter Method to 2
   Prev: -1  Min: -1  Max: 4  Default: -1
Changed value of parameter MIPFocus to 1
   Prev: 0  Min: 0  Max: 3  Default: 0
Optimize a model with 2368 rows, 3402 columns and 6804 nonzeros
Coefficient statistics:
  Matrix range    [1e+00, 2e+01]
  Objective range [1e+00, 3e+00]
  Bounds range    [1e+00, 1e+00]
  RHS range       [8e+01, 8e+01]
Found heuristic solution: objective 0
Presolve removed 2282 rows and 2392 columns
Presolve time: 0.01s
Presolved: 86 rows, 1010 columns, 1919 nonzeros
Found heuristic solution: objective -1089.200000
Variable types: 0 continuous, 1010 integer (926 binary)
Optimize a model with 86 rows, 1010 columns and 1919 nonzeros
Coefficient statistics:
  Matrix range    [1e+00, 2e+01]
  Objective range [1e+00, 3e+00]
  Bounds range    [1e+00, 5e+00]
  RHS range       [1e+01, 8e+01]
Presolved: 86 rows, 1010 columns, 1919 nonzeros

Root barrier log...

Ordering time: 0.00s

Barrier statistics:
 AA' NZ     : 8.850e+02
 Factor NZ  : 2.972e+03
 Factor Ops : 1.386e+05 (less than 1 second per iteration)
 Threads    : 1

                  Objective                Residual
Iter       Primal          Dual         Primal    Dual     Compl     Time
   0  -5.24298616e+03 -4.35455848e+03  2.06e+01 8.88e-16  6.08e+00     0s
   1  -1.60193964e+03 -2.76685981e+03  2.21e+00 8.51e-01  1.16e+00     0s
   2  -1.20454125e+03 -1.57495433e+03  7.95e-05 1.03e-01  1.78e-01     0s
   3  -1.28855347e+03 -1.37590870e+03  0.00e+00 5.33e-15  4.17e-02     0s
   4  -1.31056804e+03 -1.34135733e+03  0.00e+00 3.55e-15  1.47e-02     0s
   5  -1.31756991e+03 -1.33325483e+03  0.00e+00 3.55e-15  7.49e-03     0s
   6  -1.32226853e+03 -1.32789042e+03  0.00e+00 3.55e-15  2.69e-03     0s
   7  -1.32578798e+03 -1.32638757e+03  0.00e+00 1.78e-15  2.86e-04     0s
   8  -1.32596390e+03 -1.32596476e+03  0.00e+00 3.55e-15  4.07e-07     0s
   9  -1.32596429e+03 -1.32596429e+03  0.00e+00 3.55e-15  4.31e-13     0s

Barrier solved model in 9 iterations and 0.02 seconds
Optimal objective -1.32596429e+03


Root relaxation: objective -1.325964e+03, 220 iterations, 0.01 seconds

    Nodes    |    Current Node    |     Objective Bounds      |     Work
 Expl Unexpl |  Obj  Depth IntInf | Incumbent    BestBd   Gap | It/Node Time

     0     0 -1325.9643    0   75 -1089.2000 -1325.9643  21.7%     -    0s
H    0     0                    -1274.500000 -1325.9643  4.04%     -    0s
H    0     0                    -1276.700000 -1325.9643  3.86%     -    0s
     0     0 -1289.0885    0   56 -1276.7000 -1289.0885  0.97%     -    0s

Cutting planes:
  Cover: 3
  MIR: 74

Explored 0 nodes (508 simplex iterations) in 0.07 seconds
Thread count was 16 (of 16 available processors)

Optimal solution found (tolerance 1.00e-02)
Best objective -1.276700000000e+03, best bound -1.289000000000e+03, gap 0.9634%
Changed value of parameter MIPGap to 0.01
   Prev: 0.0001  Min: 0.0  Max: 1e+100  Default: 0.0001
Changed value of parameter TimeLimit to 1800.0
   Prev: 1e+100  Min: 0.0  Max: 1e+100  Default: 1e+100
Changed value of parameter Method to 2
   Prev: -1  Min: -1  Max: 4  Default: -1
Changed value of parameter MIPFocus to 1
   Prev: 0  Min: 0  Max: 3  Default: 0
Optimize a model with 2368 rows, 3402 columns and 6804 nonzeros
Coefficient statistics:
  Matrix range    [1e+00, 2e+01]
  Objective range [1e+00, 5e+00]
  Bounds range    [1e+00, 1e+00]
  RHS range       [8e+01, 8e+01]
Found heuristic solution: objective 0
Presolve removed 2282 rows and 2392 columns
Presolve time: 0.01s
Presolved: 86 rows, 1010 columns, 1919 nonzeros
Found heuristic solution: objective -1464.400000
Variable types: 0 continuous, 1010 integer (926 binary)
Optimize a model with 86 rows, 1010 columns and 1919 nonzeros
Coefficient statistics:
  Matrix range    [1e+00, 2e+01]
  Objective range [1e+00, 5e+00]
  Bounds range    [1e+00, 5e+00]
  RHS range       [1e+01, 8e+01]
Presolved: 86 rows, 1010 columns, 1919 nonzeros

Root barrier log...

Ordering time: 0.00s

Barrier statistics:
 AA' NZ     : 8.850e+02
 Factor NZ  : 2.972e+03
 Factor Ops : 1.386e+05 (less than 1 second per iteration)
 Threads    : 1

                  Objective                Residual
Iter       Primal          Dual         Primal    Dual     Compl     Time
   0  -6.38079480e+03 -4.77534784e+03  2.06e+01 1.78e-15  6.12e+00     0s
   1  -2.02702325e+03 -3.10206130e+03  2.17e+00 6.49e-01  1.13e+00     0s
   2  -1.58431691e+03 -1.88243614e+03  0.00e+00 4.18e-02  1.42e-01     0s
   3  -1.65840109e+03 -1.75119993e+03  0.00e+00 1.42e-14  4.41e-02     0s
   4  -1.68946009e+03 -1.72767522e+03  0.00e+00 5.33e-15  1.81e-02     0s
   5  -1.70501459e+03 -1.72085509e+03  0.00e+00 1.78e-15  7.52e-03     0s
   6  -1.70737244e+03 -1.71603263e+03  0.00e+00 1.78e-15  4.11e-03     0s
   7  -1.70912178e+03 -1.71408724e+03  0.00e+00 1.78e-15  2.36e-03     0s
   8  -1.71138583e+03 -1.71380987e+03  0.00e+00 1.78e-15  1.15e-03     0s
   9  -1.71204875e+03 -1.71281079e+03  0.00e+00 1.78e-15  3.62e-04     0s
  10  -1.71216721e+03 -1.71220321e+03  0.00e+00 1.78e-15  1.71e-05     0s
  11  -1.71218095e+03 -1.71218095e+03  0.00e+00 3.55e-15  5.63e-10     0s

Barrier solved model in 11 iterations and 0.02 seconds
Optimal objective -1.71218095e+03


Root relaxation: objective -1.712181e+03, 216 iterations, 0.01 seconds

    Nodes    |    Current Node    |     Objective Bounds      |     Work
 Expl Unexpl |  Obj  Depth IntInf | Incumbent    BestBd   Gap | It/Node Time

     0     0 -1712.1810    0   70 -1464.4000 -1712.1810  16.9%     -    0s
H    0     0                    -1629.600000 -1712.1810  5.07%     -    0s
H    0     0                    -1633.000000 -1712.1810  4.85%     -    0s
     0     0 -1673.6674    0   86 -1633.0000 -1673.6674  2.49%     -    0s
H    0     0                    -1647.200000 -1673.6674  1.61%     -    0s
H    0     0                    -1652.000000 -1673.6674  1.31%     -    0s
H    0     0                    -1655.800000 -1673.6674  1.08%     -    0s
     0     0 -1673.4565    0   90 -1655.8000 -1673.4565  1.07%     -    0s
     0     0 -1672.4785    0  107 -1655.8000 -1672.4785  1.01%     -    0s
H    0     0                    -1661.400000 -1672.4785  0.67%     -    0s

Cutting planes:
  Cover: 4
  MIR: 97
  Zero half: 1

Explored 0 nodes (715 simplex iterations) in 0.12 seconds
Thread count was 16 (of 16 available processors)

Optimal solution found (tolerance 1.00e-02)
Best objective -1.661400000000e+03, best bound -1.672400000000e+03, gap 0.6621%
Changed value of parameter MIPGap to 0.01
   Prev: 0.0001  Min: 0.0  Max: 1e+100  Default: 0.0001
Changed value of parameter TimeLimit to 1800.0
   Prev: 1e+100  Min: 0.0  Max: 1e+100  Default: 1e+100
Changed value of parameter Method to 2
   Prev: -1  Min: -1  Max: 4  Default: -1
Changed value of parameter MIPFocus to 1
   Prev: 0  Min: 0  Max: 3  Default: 0
Optimize a model with 2368 rows, 3402 columns and 6804 nonzeros
Coefficient statistics:
  Matrix range    [1e+00, 2e+01]
  Objective range [1e+00, 9e+00]
  Bounds range    [1e+00, 1e+00]
  RHS range       [8e+01, 8e+01]
Found heuristic solution: objective 0
Presolve removed 2282 rows and 2392 columns
Presolve time: 0.01s
Presolved: 86 rows, 1010 columns, 1919 nonzeros
Found heuristic solution: objective -2214.800000
Variable types: 0 continuous, 1010 integer (926 binary)
Optimize a model with 86 rows, 1010 columns and 1919 nonzeros
Coefficient statistics:
  Matrix range    [1e+00, 2e+01]
  Objective range [1e+00, 9e+00]
  Bounds range    [1e+00, 5e+00]
  RHS range       [1e+01, 8e+01]
Presolve removed 0 rows and 2 columns
Presolved: 86 rows, 1008 columns, 1917 nonzeros

Root barrier log...

Ordering time: 0.00s

Barrier statistics:
 AA' NZ     : 8.850e+02
 Factor NZ  : 2.972e+03
 Factor Ops : 1.386e+05 (less than 1 second per iteration)
 Threads    : 1

                  Objective                Residual
Iter       Primal          Dual         Primal    Dual     Compl     Time
   0  -8.64538429e+03 -5.62081556e+03  2.05e+01 8.88e-16  6.19e+00     0s
   1  -2.91715434e+03 -3.92821122e+03  2.03e+00 3.26e-01  1.12e+00     0s
   2  -2.45435794e+03 -2.77912862e+03  1.71e-01 3.33e-02  1.94e-01     0s
   3  -2.45813980e+03 -2.54306770e+03  7.50e-02 5.33e-15  5.54e-02     0s
   4  -2.47504598e+03 -2.50456560e+03  2.12e-02 3.55e-15  1.82e-02     0s
   5  -2.47973253e+03 -2.49639064e+03  1.32e-02 3.55e-15  1.05e-02     0s
   6  -2.48479205e+03 -2.49153453e+03  3.93e-03 3.55e-15  3.99e-03     0s
   7  -2.48575356e+03 -2.49003894e+03  1.98e-03 3.55e-15  2.44e-03     0s
   8  -2.48659275e+03 -2.48803737e+03  6.40e-05 3.55e-15  7.05e-04     0s
   9  -2.48669420e+03 -2.48741960e+03  2.07e-05 3.55e-15  3.52e-04     0s
  10  -2.48676128e+03 -2.48689965e+03  3.39e-07 3.55e-15  6.61e-05     0s
  11  -2.48676675e+03 -2.48676918e+03  0.00e+00 3.55e-15  1.17e-06     0s
  12  -2.48676786e+03 -2.48676786e+03  0.00e+00 3.55e-15  1.17e-09     0s

Barrier solved model in 12 iterations and 0.02 seconds
Optimal objective -2.48676786e+03


Root relaxation: objective -2.486768e+03, 222 iterations, 0.01 seconds

    Nodes    |    Current Node    |     Objective Bounds      |     Work
 Expl Unexpl |  Obj  Depth IntInf | Incumbent    BestBd   Gap | It/Node Time

     0     0 -2486.7679    0   70 -2214.8000 -2486.7679  12.3%     -    0s
H    0     0                    -2338.000000 -2486.7679  6.36%     -    0s
H    0     0                    -2367.400000 -2486.7679  5.04%     -    0s
H    0     0                    -2372.800000 -2486.7679  4.80%     -    0s
     0     0 -2469.5668    0  126 -2372.8000 -2469.5668  4.08%     -    0s
H    0     0                    -2393.800000 -2469.5668  3.17%     -    0s
H    0     0                    -2407.000000 -2469.5668  2.60%     -    0s
     0     0 -2469.5489    0  135 -2407.0000 -2469.5489  2.60%     -    0s
     0     0 -2467.2411    0  153 -2407.0000 -2467.2411  2.50%     -    0s
H    0     0                    -2422.800000 -2467.2411  1.83%     -    0s
     0     0 -2465.8082    0  134 -2422.8000 -2465.8082  1.78%     -    0s
     0     0 -2465.6113    0  172 -2422.8000 -2465.6113  1.77%     -    0s
H    0     0                    -2429.800000 -2465.6113  1.47%     -    0s
     0     0 -2464.7052    0  162 -2429.8000 -2464.7052  1.44%     -    0s
     0     0 -2464.5158    0  191 -2429.8000 -2464.5158  1.43%     -    0s
H    0     0                    -2438.800000 -2464.5158  1.05%     -    0s
     0     0 -2463.7922    0  170 -2438.8000 -2463.7922  1.02%     -    0s
     0     0 -2463.7310    0  136 -2438.8000 -2463.7310  1.02%     -    0s
H    0     0                    -2440.200000 -2463.7310  0.96%     -    0s

Cutting planes:
  Cover: 9
  MIR: 134
  Zero half: 2

Explored 0 nodes (2701 simplex iterations) in 0.47 seconds
Thread count was 16 (of 16 available processors)

Optimal solution found (tolerance 1.00e-02)
Best objective -2.440200000000e+03, best bound -2.463600000000e+03, gap 0.9589%
Changed value of parameter MIPGap to 0.01
   Prev: 0.0001  Min: 0.0  Max: 1e+100  Default: 0.0001
Changed value of parameter TimeLimit to 1800.0
   Prev: 1e+100  Min: 0.0  Max: 1e+100  Default: 1e+100
Changed value of parameter Method to 2
   Prev: -1  Min: -1  Max: 4  Default: -1
Changed value of parameter MIPFocus to 1
   Prev: 0  Min: 0  Max: 3  Default: 0
Optimize a model with 2368 rows, 3402 columns and 6804 nonzeros
Coefficient statistics:
  Matrix range    [1e+00, 2e+01]
  Objective range [2e+00, 1e+01]
  Bounds range    [1e+00, 1e+00]
  RHS range       [8e+01, 8e+01]
Found heuristic solution: objective 0
Presolve removed 2282 rows and 2394 columns
Presolve time: 0.01s
Presolved: 86 rows, 1008 columns, 1916 nonzeros
Found heuristic solution: objective -2593.000000
Variable types: 0 continuous, 1008 integer (923 binary)
Optimize a model with 86 rows, 1008 columns and 1916 nonzeros
Coefficient statistics:
  Matrix range    [1e+00, 2e+01]
  Objective range [2e+00, 1e+01]
  Bounds range    [1e+00, 5e+00]
  RHS range       [1e+01, 8e+01]
Presolved: 86 rows, 1008 columns, 1916 nonzeros

Root barrier log...

Ordering time: 0.00s

Barrier statistics:
 AA' NZ     : 8.850e+02
 Factor NZ  : 2.972e+03
 Factor Ops : 1.386e+05 (less than 1 second per iteration)
 Threads    : 1

                  Objective                Residual
Iter       Primal          Dual         Primal    Dual     Compl     Time
   0  -9.78438818e+03 -6.03747806e+03  2.06e+01 8.88e-16  6.22e+00     0s
   1  -3.37768104e+03 -4.25438010e+03  1.93e+00 1.92e-01  1.05e+00     0s
   2  -2.92558682e+03 -3.20142336e+03  2.55e-01 1.48e-02  1.94e-01     0s
   3  -2.89292695e+03 -2.95320152e+03  1.14e-01 3.55e-15  5.23e-02     0s
   4  -2.87956612e+03 -2.91730568e+03  4.54e-02 3.55e-15  2.72e-02     0s
   5  -2.87573569e+03 -2.89111427e+03  1.66e-02 3.55e-15  1.06e-02     0s
   6  -2.87633654e+03 -2.88438749e+03  6.14e-03 3.55e-15  5.06e-03     0s
   7  -2.87713435e+03 -2.88115325e+03  3.76e-03 3.55e-15  2.66e-03     0s
   8  -2.87783872e+03 -2.87986992e+03  2.27e-03 3.55e-15  1.42e-03     0s
   9  -2.87843743e+03 -2.87937327e+03  1.17e-03 3.55e-15  6.79e-04     0s
  10  -2.87877081e+03 -2.87910118e+03  4.73e-04 3.55e-15  2.52e-04     0s
  11  -2.87885029e+03 -2.87897609e+03  2.40e-04 3.55e-15  1.08e-04     0s
  12  -2.87892524e+03 -2.87892909e+03  0.00e+00 3.55e-15  1.83e-06     0s
  13  -2.87892667e+03 -2.87892667e+03  0.00e+00 3.55e-15  1.83e-09     0s

Barrier solved model in 13 iterations and 0.02 seconds
Optimal objective -2.87892667e+03


Root relaxation: objective -2.878927e+03, 277 iterations, 0.01 seconds

    Nodes    |    Current Node    |     Objective Bounds      |     Work
 Expl Unexpl |  Obj  Depth IntInf | Incumbent    BestBd   Gap | It/Node Time

     0     0 -2878.9267    0   68 -2593.0000 -2878.9267  11.0%     -    0s
H    0     0                    -2748.500000 -2878.9267  4.75%     -    0s
H    0     0                    -2768.500000 -2878.9267  3.99%     -    0s
H    0     0                    -2772.000000 -2878.9267  3.86%     -    0s
     0     0 -2876.3776    0  103 -2772.0000 -2876.3776  3.77%     -    0s
H    0     0                    -2803.500000 -2876.3776  2.60%     -    0s
H    0     0                    -2822.500000 -2876.3776  1.91%     -    0s
     0     0 -2876.3700    0  124 -2822.5000 -2876.3700  1.91%     -    0s
     0     0 -2875.6411    0  148 -2822.5000 -2875.6411  1.88%     -    0s
     0     0 -2875.1074    0  135 -2822.5000 -2875.1074  1.86%     -    0s
     0     0 -2875.0769    0  163 -2822.5000 -2875.0769  1.86%     -    0s
     0     0 -2874.8920    0  161 -2822.5000 -2874.8920  1.86%     -    0s
H    0     0                    -2825.000000 -2874.8920  1.77%     -    0s
     0     0 -2874.8665    0  172 -2825.0000 -2874.8665  1.77%     -    0s
     0     0 -2874.6859    0  146 -2825.0000 -2874.6859  1.76%     -    0s
H    0     0                    -2837.500000 -2874.6859  1.31%     -    0s
     0     0 -2874.6731    0  129 -2837.5000 -2874.6731  1.31%     -    0s
H    0     0                    -2840.500000 -2874.6731  1.20%     -    0s
H    0     0                    -2852.000000 -2874.6731  0.79%     -    1s

Cutting planes:
  Cover: 7
  MIR: 110
  Zero half: 5

Explored 0 nodes (3149 simplex iterations) in 1.46 seconds
Thread count was 16 (of 16 available processors)

Optimal solution found (tolerance 1.00e-02)
Best objective -2.852000000000e+03, best bound -2.874500000000e+03, gap 0.7889%
Changed value of parameter MIPGap to 0.01
   Prev: 0.0001  Min: 0.0  Max: 1e+100  Default: 0.0001
Changed value of parameter TimeLimit to 1800.0
   Prev: 1e+100  Min: 0.0  Max: 1e+100  Default: 1e+100
Changed value of parameter Method to 2
   Prev: -1  Min: -1  Max: 4  Default: -1
Changed value of parameter MIPFocus to 1
   Prev: 0  Min: 0  Max: 3  Default: 0
Optimize a model with 2368 rows, 3402 columns and 6804 nonzeros
Coefficient statistics:
  Matrix range    [1e+00, 2e+01]
  Objective range [2e+00, 2e+01]
  Bounds range    [1e+00, 1e+00]
  RHS range       [8e+01, 8e+01]
Found heuristic solution: objective 0
Presolve removed 2282 rows and 2392 columns
Presolve time: 0.01s
Presolved: 86 rows, 1010 columns, 1919 nonzeros
Found heuristic solution: objective -4467.000000
Variable types: 0 continuous, 1010 integer (926 binary)
Optimize a model with 86 rows, 1010 columns and 1919 nonzeros
Coefficient statistics:
  Matrix range    [1e+00, 2e+01]
  Objective range [2e+00, 2e+01]
  Bounds range    [1e+00, 5e+00]
  RHS range       [1e+01, 8e+01]
Presolve removed 0 rows and 4 columns
Presolved: 86 rows, 1006 columns, 1913 nonzeros

Root barrier log...

Ordering time: 0.00s

Barrier statistics:
 AA' NZ     : 8.850e+02
 Factor NZ  : 2.972e+03
 Factor Ops : 1.386e+05 (less than 1 second per iteration)
 Threads    : 1

                  Objective                Residual
Iter       Primal          Dual         Primal    Dual     Compl     Time
   0  -1.56877401e+04 -1.14389425e+04  2.05e+01 1.78e-15  1.27e+01     0s
   1  -5.83375117e+03 -8.01361321e+03  1.97e+00 4.42e-01  2.22e+00     0s
   2  -5.18523960e+03 -5.66559740e+03  2.17e-01 2.35e-02  3.16e-01     0s
   3  -5.23555285e+03 -5.39843996e+03  3.03e-02 7.11e-15  8.90e-02     0s
   4  -5.26029618e+03 -5.32091913e+03  1.48e-02 7.11e-15  3.44e-02     0s
   5  -5.27587927e+03 -5.30841293e+03  5.80e-03 7.11e-15  1.77e-02     0s
   6  -5.28166793e+03 -5.29041277e+03  2.05e-03 7.11e-15  4.95e-03     0s
   7  -5.28492566e+03 -5.28596866e+03  2.85e-04 7.11e-15  6.11e-04     0s
   8  -5.28559907e+03 -5.28560056e+03  0.00e+00 7.11e-15  7.11e-07     0s
   9  -5.28560000e+03 -5.28560000e+03  0.00e+00 7.11e-15  7.80e-13     0s

Barrier solved model in 9 iterations and 0.02 seconds
Optimal objective -5.28560000e+03


Root relaxation: objective -5.285600e+03, 293 iterations, 0.01 seconds

    Nodes    |    Current Node    |     Objective Bounds      |     Work
 Expl Unexpl |  Obj  Depth IntInf | Incumbent    BestBd   Gap | It/Node Time

     0     0 -5285.6000    0   65 -4467.0000 -5285.6000  18.3%     -    0s
H    0     0                    -5021.000000 -5285.6000  5.27%     -    0s
H    0     0                    -5173.000000 -5285.6000  2.18%     -    0s
H    0     0                    -5177.000000 -5285.6000  2.10%     -    0s
     0     0 -5251.6573    0  129 -5177.0000 -5251.6573  1.44%     -    0s
H    0     0                    -5186.000000 -5251.6573  1.27%     -    0s
     0     0 -5249.5768    0  131 -5186.0000 -5249.5768  1.23%     -    0s
     0     0 -5239.6302    0  160 -5186.0000 -5239.6302  1.03%     -    0s
H    0     0                    -5187.000000 -5239.6302  1.01%     -    0s
     0     0 -5234.8515    0  160 -5187.0000 -5234.8515  0.92%     -    0s

Cutting planes:
  Cover: 48
  MIR: 120
  Zero half: 2

Explored 0 nodes (1346 simplex iterations) in 0.14 seconds
Thread count was 16 (of 16 available processors)

Optimal solution found (tolerance 1.00e-02)
Best objective -5.187000000000e+03, best bound -5.234000000000e+03, gap 0.9061%
Changed value of parameter MIPGap to 0.01
   Prev: 0.0001  Min: 0.0  Max: 1e+100  Default: 0.0001
Changed value of parameter TimeLimit to 1800.0
   Prev: 1e+100  Min: 0.0  Max: 1e+100  Default: 1e+100
Changed value of parameter Method to 2
   Prev: -1  Min: -1  Max: 4  Default: -1
Changed value of parameter MIPFocus to 1
   Prev: 0  Min: 0  Max: 3  Default: 0
Optimize a model with 2368 rows, 3402 columns and 6804 nonzeros
Coefficient statistics:
  Matrix range    [1e+00, 2e+01]
  Objective range [3e+00, 4e+01]
  Bounds range    [1e+00, 1e+00]
  RHS range       [8e+01, 8e+01]
Found heuristic solution: objective 0
Presolve removed 2282 rows and 2392 columns
Presolve time: 0.01s
Presolved: 86 rows, 1010 columns, 1919 nonzeros
Found heuristic solution: objective -8221.000000
Variable types: 0 continuous, 1010 integer (926 binary)
Optimize a model with 86 rows, 1010 columns and 1919 nonzeros
Coefficient statistics:
  Matrix range    [1e+00, 2e+01]
  Objective range [3e+00, 4e+01]
  Bounds range    [1e+00, 5e+00]
  RHS range       [1e+01, 8e+01]
Presolved: 86 rows, 1010 columns, 1919 nonzeros

Root barrier log...

Ordering time: 0.00s

Barrier statistics:
 AA' NZ     : 8.850e+02
 Factor NZ  : 2.972e+03
 Factor Ops : 1.386e+05 (less than 1 second per iteration)
 Threads    : 1

                  Objective                Residual
Iter       Primal          Dual         Primal    Dual     Compl     Time
   0  -2.69393804e+04 -2.33978043e+04  2.06e+01 3.55e-15  2.72e+01     0s
   1  -1.08701259e+04 -1.61927227e+04  2.12e+00 1.23e+00  4.98e+00     0s
   2  -9.82100304e+03 -1.09861219e+04  1.86e-01 7.08e-02  6.94e-01     0s
   3  -1.00647398e+04 -1.03795458e+04  1.78e-02 3.03e-04  1.62e-01     0s
   4  -1.00935283e+04 -1.02350682e+04  9.99e-03 1.42e-14  7.43e-02     0s
   5  -1.01129602e+04 -1.01949776e+04  5.26e-03 1.42e-14  4.27e-02     0s
   6  -1.01216636e+04 -1.01734463e+04  3.22e-03 1.42e-14  2.69e-02     0s
   7  -1.01258900e+04 -1.01473532e+04  2.04e-03 1.42e-14  1.17e-02     0s
   8  -1.01341451e+04 -1.01349398e+04  0.00e+00 1.42e-14  3.77e-04     0s
   9  -1.01344333e+04 -1.01344336e+04  0.00e+00 1.42e-14  1.36e-07     0s
  10  -1.01344333e+04 -1.01344333e+04  0.00e+00 1.42e-14  1.36e-10     0s

Barrier solved model in 10 iterations and 0.02 seconds
Optimal objective -1.01344333e+04


Root relaxation: objective -1.013443e+04, 292 iterations, 0.01 seconds

    Nodes    |    Current Node    |     Objective Bounds      |     Work
 Expl Unexpl |  Obj  Depth IntInf | Incumbent    BestBd   Gap | It/Node Time

     0     0 -10134.433    0   70 -8221.0000 -10134.433  23.3%     -    0s
H    0     0                    -9539.000000 -10134.433  6.24%     -    0s
H    0     0                    -9875.000000 -10134.433  2.63%     -    0s
     0     0 -10072.127    0  111 -9875.0000 -10072.127  2.00%     -    0s
H    0     0                    -9935.000000 -10072.127  1.38%     -    0s
     0     0 -10067.460    0  120 -9935.0000 -10067.460  1.33%     -    0s
     0     0 -10051.095    0  125 -9935.0000 -10051.095  1.17%     -    0s
H    0     0                    -9937.000000 -10051.095  1.15%     -    0s
     0     0 -10038.412    0  167 -9937.0000 -10038.412  1.02%     -    0s
     0     0 -10025.285    0  178 -9937.0000 -10025.285  0.89%     -    0s

Cutting planes:
  Cover: 81
  MIR: 142

Explored 0 nodes (1284 simplex iterations) in 0.16 seconds
Thread count was 16 (of 16 available processors)

Optimal solution found (tolerance 1.00e-02)
Best objective -9.937000000000e+03, best bound -1.002500000000e+04, gap 0.8856%
Changed value of parameter MIPGap to 0.01
   Prev: 0.0001  Min: 0.0  Max: 1e+100  Default: 0.0001
Changed value of parameter TimeLimit to 1800.0
   Prev: 1e+100  Min: 0.0  Max: 1e+100  Default: 1e+100
Changed value of parameter Method to 2
   Prev: -1  Min: -1  Max: 4  Default: -1
Changed value of parameter MIPFocus to 1
   Prev: 0  Min: 0  Max: 3  Default: 0
Optimize a model with 2368 rows, 3402 columns and 6804 nonzeros
Coefficient statistics:
  Matrix range    [1e+00, 2e+01]
  Objective range [5e+00, 8e+01]
  Bounds range    [1e+00, 1e+00]
  RHS range       [8e+01, 8e+01]
Found heuristic solution: objective 0
Presolve removed 2282 rows and 2392 columns
Presolve time: 0.01s
Presolved: 86 rows, 1010 columns, 1919 nonzeros
Found heuristic solution: objective -15736.00000
Variable types: 0 continuous, 1010 integer (926 binary)
Optimize a model with 86 rows, 1010 columns and 1919 nonzeros
Coefficient statistics:
  Matrix range    [1e+00, 2e+01]
  Objective range [5e+00, 8e+01]
  Bounds range    [1e+00, 5e+00]
  RHS range       [1e+01, 8e+01]
Presolved: 86 rows, 1010 columns, 1919 nonzeros

Root barrier log...

Ordering time: 0.00s

Barrier statistics:
 AA' NZ     : 8.850e+02
 Factor NZ  : 2.972e+03
 Factor Ops : 1.386e+05 (less than 1 second per iteration)
 Threads    : 1

                  Objective                Residual
Iter       Primal          Dual         Primal    Dual     Compl     Time
   0  -4.97974094e+04 -4.73578936e+04  2.06e+01 1.42e-14  5.67e+01     0s
   1  -2.09616910e+04 -3.26224455e+04  2.17e+00 2.83e+00  1.06e+01     0s
   2  -1.91278927e+04 -2.16834981e+04  1.47e-01 1.79e-01  1.43e+00     0s
   3  -1.97561052e+04 -2.03949076e+04  9.55e-03 2.64e-02  3.18e-01     0s
   4  -1.98219928e+04 -2.01440242e+04  4.18e-03 1.54e-02  1.59e-01     0s
   5  -1.98596657e+04 -2.00045820e+04  1.40e-03 8.28e-03  7.10e-02     0s
   6  -1.98717636e+04 -1.99580751e+04  8.60e-04 3.38e-03  4.24e-02     0s
   7  -1.98839949e+04 -1.99282820e+04  3.98e-04 1.84e-03  2.17e-02     0s
   8  -1.98930333e+04 -1.99042259e+04  4.04e-05 1.32e-04  5.41e-03     0s
   9  -1.98950224e+04 -1.98951985e+04  3.07e-07 2.84e-14  8.57e-05     0s
  10  -1.98950999e+04 -1.98951001e+04  0.00e+00 2.84e-14  8.57e-08     0s
  11  -1.98951000e+04 -1.98951000e+04  2.75e-15 2.84e-14  9.53e-14     0s

Barrier solved model in 11 iterations and 0.02 seconds
Optimal objective -1.98951000e+04


Root relaxation: objective -1.989510e+04, 179 iterations, 0.01 seconds

    Nodes    |    Current Node    |     Objective Bounds      |     Work
 Expl Unexpl |  Obj  Depth IntInf | Incumbent    BestBd   Gap | It/Node Time

     0     0 -19895.100    0   56 -15736.000 -19895.100  26.4%     -    0s
H    0     0                    -19325.00000 -19895.100  2.95%     -    0s
H    0     0                    -19448.00000 -19895.100  2.30%     -    0s
H    0     0                    -19452.00000 -19895.100  2.28%     -    0s
     0     0 -19706.958    0   74 -19452.000 -19706.958  1.31%     -    0s
H    0     0                    -19543.00000 -19706.958  0.84%     -    0s

Cutting planes:
  Cover: 53
  MIR: 22

Explored 0 nodes (460 simplex iterations) in 0.08 seconds
Thread count was 16 (of 16 available processors)

Optimal solution found (tolerance 1.00e-02)
Best objective -1.954300000000e+04, best bound -1.970600000000e+04, gap 0.8341%
Changed value of parameter MIPGap to 0.01
   Prev: 0.0001  Min: 0.0  Max: 1e+100  Default: 0.0001
Changed value of parameter TimeLimit to 1800.0
   Prev: 1e+100  Min: 0.0  Max: 1e+100  Default: 1e+100
Changed value of parameter Method to 2
   Prev: -1  Min: -1  Max: 4  Default: -1
Changed value of parameter MIPFocus to 1
   Prev: 0  Min: 0  Max: 3  Default: 0
Optimize a model with 2368 rows, 3402 columns and 6804 nonzeros
Coefficient statistics:
  Matrix range    [1e+00, 2e+01]
  Objective range [6e+00, 1e+02]
  Bounds range    [1e+00, 1e+00]
  RHS range       [8e+01, 8e+01]
Found heuristic solution: objective 0
Presolve removed 2282 rows and 2392 columns
Presolve time: 0.01s
Presolved: 86 rows, 1010 columns, 1919 nonzeros
Found heuristic solution: objective -19492.00000
Variable types: 0 continuous, 1010 integer (926 binary)
Optimize a model with 86 rows, 1010 columns and 1919 nonzeros
Coefficient statistics:
  Matrix range    [1e+00, 2e+01]
  Objective range [6e+00, 1e+02]
  Bounds range    [1e+00, 5e+00]
  RHS range       [1e+01, 8e+01]
Presolved: 86 rows, 1010 columns, 1919 nonzeros

Root barrier log...

Ordering time: 0.00s

Barrier statistics:
 AA' NZ     : 8.850e+02
 Factor NZ  : 2.972e+03
 Factor Ops : 1.386e+05 (less than 1 second per iteration)
 Threads    : 1

                  Objective                Residual
Iter       Primal          Dual         Primal    Dual     Compl     Time
   0  -6.12255696e+04 -5.93379382e+04  2.06e+01 1.42e-14  7.14e+01     0s
   1  -2.60090300e+04 -4.08378461e+04  2.18e+00 3.75e+00  1.33e+01     0s
   2  -2.38005306e+04 -2.70273257e+04  1.51e-01 2.31e-01  1.81e+00     0s
   3  -2.46048571e+04 -2.53991855e+04  1.07e-02 3.99e-02  3.97e-01     0s
   4  -2.46738216e+04 -2.49607816e+04  6.11e-03 1.37e-02  1.47e-01     0s
   5  -2.47203627e+04 -2.48958365e+04  3.68e-03 5.12e-03  9.00e-02     0s
   6  -2.47548199e+04 -2.48551385e+04  2.00e-03 2.91e-03  5.13e-02     0s
   7  -2.47764732e+04 -2.48217359e+04  9.64e-04 1.07e-03  2.33e-02     0s
   8  -2.47950458e+04 -2.48024587e+04  9.62e-06 2.81e-05  3.55e-03     0s
   9  -2.47964101e+04 -2.47967012e+04  0.00e+00 3.55e-14  1.38e-04     0s
  10  -2.47964333e+04 -2.47964336e+04  0.00e+00 2.84e-14  1.39e-07     0s
  11  -2.47964333e+04 -2.47964333e+04  4.15e-15 2.84e-14  1.40e-13     0s

Barrier solved model in 11 iterations and 0.02 seconds
Optimal objective -2.47964333e+04


Root relaxation: objective -2.479643e+04, 179 iterations, 0.01 seconds

    Nodes    |    Current Node    |     Objective Bounds      |     Work
 Expl Unexpl |  Obj  Depth IntInf | Incumbent    BestBd   Gap | It/Node Time

     0     0 -24796.433    0   62 -19492.000 -24796.433  27.2%     -    0s
H    0     0                    -24039.00000 -24796.433  3.15%     -    0s
H    0     0                    -24238.00000 -24796.433  2.30%     -    0s
     0     0 -24530.847    0   83 -24238.000 -24530.847  1.21%     -    0s
H    0     0                    -24347.00000 -24530.847  0.76%     -    0s

Cutting planes:
  Cover: 53
  MIR: 22

Explored 0 nodes (453 simplex iterations) in 0.08 seconds
Thread count was 16 (of 16 available processors)

Optimal solution found (tolerance 1.00e-02)
Best objective -2.434700000000e+04, best bound -2.453000000000e+04, gap 0.7516%
Changed value of parameter MIPGap to 0.01
   Prev: 0.0001  Min: 0.0  Max: 1e+100  Default: 0.0001
Changed value of parameter TimeLimit to 1800.0
   Prev: 1e+100  Min: 0.0  Max: 1e+100  Default: 1e+100
Changed value of parameter Method to 2
   Prev: -1  Min: -1  Max: 4  Default: -1
Changed value of parameter MIPFocus to 1
   Prev: 0  Min: 0  Max: 3  Default: 0
Optimize a model with 2368 rows, 3402 columns and 6804 nonzeros
Coefficient statistics:
  Matrix range    [1e+00, 2e+01]
  Objective range [1e+01, 2e+02]
  Bounds range    [1e+00, 1e+00]
  RHS range       [8e+01, 8e+01]
Found heuristic solution: objective 0
Presolve removed 2282 rows and 2392 columns
Presolve time: 0.01s
Presolved: 86 rows, 1010 columns, 1919 nonzeros
Found heuristic solution: objective -38272.00000
Variable types: 0 continuous, 1010 integer (926 binary)
Optimize a model with 86 rows, 1010 columns and 1919 nonzeros
Coefficient statistics:
  Matrix range    [1e+00, 2e+01]
  Objective range [1e+01, 2e+02]
  Bounds range    [1e+00, 5e+00]
  RHS range       [1e+01, 8e+01]
Presolved: 86 rows, 1010 columns, 1919 nonzeros

Root barrier log...

Ordering time: 0.00s

Barrier statistics:
 AA' NZ     : 8.850e+02
 Factor NZ  : 2.972e+03
 Factor Ops : 1.386e+05 (less than 1 second per iteration)
 Threads    : 1

                  Objective                Residual
Iter       Primal          Dual         Primal    Dual     Compl     Time
   0  -1.18364763e+05 -1.19238161e+05  2.06e+01 2.84e-14  1.45e+02     0s
   1  -5.12495772e+04 -8.19158415e+04  2.20e+00 8.37e+00  2.72e+01     0s
   2  -4.71629180e+04 -5.37471296e+04  1.56e-01 4.93e-01  3.70e+00     0s
   3  -4.88602412e+04 -5.06160742e+04  1.22e-02 1.35e-01  8.78e-01     0s
   4  -4.90889537e+04 -4.97808583e+04  4.66e-03 5.10e-02  3.46e-01     0s
   5  -4.91623921e+04 -4.95211157e+04  2.97e-03 2.07e-02  1.81e-01     0s
   6  -4.92333753e+04 -4.94254613e+04  1.55e-03 8.24e-03  9.69e-02     0s
   7  -4.92771540e+04 -4.93471821e+04  5.92e-04 2.26e-03  3.55e-02     0s
   8  -4.93022411e+04 -4.93040979e+04  0.00e+00 7.11e-14  8.82e-04     0s
   9  -4.93031000e+04 -4.93031000e+04  0.00e+00 5.68e-14  2.54e-08     0s
  10  -4.93031000e+04 -4.93031000e+04  0.00e+00 5.68e-14  2.54e-11     0s

Barrier solved model in 10 iterations and 0.02 seconds
Optimal objective -4.93031000e+04


Root relaxation: objective -4.930310e+04, 179 iterations, 0.01 seconds

    Nodes    |    Current Node    |     Objective Bounds      |     Work
 Expl Unexpl |  Obj  Depth IntInf | Incumbent    BestBd   Gap | It/Node Time

     0     0 -49303.100    0   55 -38272.000 -49303.100  28.8%     -    0s
H    0     0                    -48027.00000 -49303.100  2.66%     -    0s
H    0     0                    -48187.00000 -49303.100  2.32%     -    0s
     0     0 -48650.292    0   74 -48187.000 -48650.292  0.96%     -    0s

Cutting planes:
  Cover: 54
  MIR: 22

Explored 0 nodes (470 simplex iterations) in 0.06 seconds
Thread count was 16 (of 16 available processors)

Optimal solution found (tolerance 1.00e-02)
Best objective -4.818700000000e+04, best bound -4.865000000000e+04, gap 0.9608%
Changed value of parameter MIPGap to 0.01
   Prev: 0.0001  Min: 0.0  Max: 1e+100  Default: 0.0001
Changed value of parameter TimeLimit to 1800.0
   Prev: 1e+100  Min: 0.0  Max: 1e+100  Default: 1e+100
Changed value of parameter Method to 2
   Prev: -1  Min: -1  Max: 4  Default: -1
Changed value of parameter MIPFocus to 1
   Prev: 0  Min: 0  Max: 3  Default: 0
Optimize a model with 2368 rows, 3402 columns and 6804 nonzeros
Coefficient statistics:
  Matrix range    [1e+00, 2e+01]
  Objective range [2e+01, 4e+02]
  Bounds range    [1e+00, 1e+00]
  RHS range       [8e+01, 8e+01]
Found heuristic solution: objective 0
Presolve removed 2282 rows and 2392 columns
Presolve time: 0.01s
Presolved: 86 rows, 1010 columns, 1919 nonzeros
Found heuristic solution: objective -75832.00000
Variable types: 0 continuous, 1010 integer (926 binary)
Optimize a model with 86 rows, 1010 columns and 1919 nonzeros
Coefficient statistics:
  Matrix range    [1e+00, 2e+01]
  Objective range [2e+01, 4e+02]
  Bounds range    [1e+00, 5e+00]
  RHS range       [1e+01, 8e+01]
Presolved: 86 rows, 1010 columns, 1919 nonzeros

Root barrier log...

Ordering time: 0.00s

Barrier statistics:
 AA' NZ     : 8.850e+02
 Factor NZ  : 2.972e+03
 Factor Ops : 1.386e+05 (less than 1 second per iteration)
 Threads    : 1

                  Objective                Residual
Iter       Primal          Dual         Primal    Dual     Compl     Time
   0  -2.32641587e+05 -2.39038607e+05  2.06e+01 5.68e-14  2.93e+02     0s
   1  -1.01734253e+05 -1.64072887e+05  2.21e+00 1.76e+01  5.50e+01     0s
   2  -9.38953327e+04 -1.07375984e+05  1.58e-01 1.06e+00  7.56e+00     0s
   3  -9.73849679e+04 -1.00938076e+05  1.26e-02 2.89e-01  1.78e+00     0s
   4  -9.78849711e+04 -9.93765551e+04  4.67e-03 1.03e-01  7.42e-01     0s
   5  -9.80714611e+04 -9.88387124e+04  2.55e-03 3.97e-02  3.83e-01     0s
   6  -9.82118565e+04 -9.86171829e+04  1.13e-03 1.74e-02  2.01e-01     0s
   7  -9.82954075e+04 -9.83995490e+04  1.99e-04 2.86e-03  5.12e-02     0s
   8  -9.83162641e+04 -9.83169651e+04  0.00e+00 1.42e-13  3.33e-04     0s
   9  -9.83164333e+04 -9.83164333e+04  0.00e+00 1.71e-13  5.59e-09     0s

Barrier solved model in 9 iterations and 0.02 seconds
Optimal objective -9.83164333e+04


Root relaxation: objective -9.831643e+04, 178 iterations, 0.01 seconds

    Nodes    |    Current Node    |     Objective Bounds      |     Work
 Expl Unexpl |  Obj  Depth IntInf | Incumbent    BestBd   Gap | It/Node Time

     0     0 -98316.433    0   56 -75832.000 -98316.433  29.7%     -    0s
H    0     0                    -95400.00000 -98316.433  3.06%     -    0s
H    0     0                    -95949.00000 -98316.433  2.47%     -    0s
     0     0 -96920.681    0   60 -95949.000 -96920.681  1.01%     -    0s
H    0     0                    -96167.00000 -96920.681  0.78%     -    0s

Cutting planes:
  Cover: 54
  MIR: 21

Explored 0 nodes (439 simplex iterations) in 0.08 seconds
Thread count was 16 (of 16 available processors)

Optimal solution found (tolerance 1.00e-02)
Best objective -9.616700000000e+04, best bound -9.692000000000e+04, gap 0.7830%
Changed value of parameter MIPGap to 0.01
   Prev: 0.0001  Min: 0.0  Max: 1e+100  Default: 0.0001
Changed value of parameter TimeLimit to 1800.0
   Prev: 1e+100  Min: 0.0  Max: 1e+100  Default: 1e+100
Changed value of parameter Method to 2
   Prev: -1  Min: -1  Max: 4  Default: -1
Changed value of parameter MIPFocus to 1
   Prev: 0  Min: 0  Max: 3  Default: 0
Optimize a model with 2368 rows, 3402 columns and 6804 nonzeros
Coefficient statistics:
  Matrix range    [1e+00, 2e+01]
  Objective range [5e+01, 1e+03]
  Bounds range    [1e+00, 1e+00]
  RHS range       [8e+01, 8e+01]
Found heuristic solution: objective 0
Presolve removed 2282 rows and 2392 columns
Presolve time: 0.01s
Presolved: 86 rows, 1010 columns, 1919 nonzeros
Found heuristic solution: objective -188512.0000
Variable types: 0 continuous, 1010 integer (926 binary)
Optimize a model with 86 rows, 1010 columns and 1919 nonzeros
Coefficient statistics:
  Matrix range    [1e+00, 2e+01]
  Objective range [5e+01, 1e+03]
  Bounds range    [1e+00, 5e+00]
  RHS range       [1e+01, 8e+01]
Presolved: 86 rows, 1010 columns, 1919 nonzeros

Root barrier log...

Ordering time: 0.00s

Barrier statistics:
 AA' NZ     : 8.850e+02
 Factor NZ  : 2.972e+03
 Factor Ops : 1.386e+05 (less than 1 second per iteration)
 Threads    : 1

                  Objective                Residual
Iter       Primal          Dual         Primal    Dual     Compl     Time
   0  -5.75470846e+05 -5.98439946e+05  2.06e+01 1.14e-13  7.35e+02     0s
   1  -2.53190944e+05 -4.10544660e+05  2.21e+00 4.53e+01  1.38e+02     0s
   2  -2.34095169e+05 -2.68263312e+05  1.60e-01 2.78e+00  1.92e+01     0s
   3  -2.42972169e+05 -2.51902517e+05  1.27e-02 7.49e-01  4.47e+00     0s
   4  -2.43913888e+05 -2.47514776e+05  6.93e-03 2.37e-01  1.83e+00     0s
   5  -2.44562359e+05 -2.46439273e+05  3.78e-03 8.41e-02  9.58e-01     0s
   6  -2.45038998e+05 -2.46011814e+05  1.62e-03 4.57e-02  4.91e-01     0s
   7  -2.45294389e+05 -2.45573192e+05  2.80e-04 1.22e-02  1.38e-01     0s
   8  -2.45355031e+05 -2.45359096e+05  0.00e+00 3.98e-13  1.93e-03     0s
   9  -2.45356433e+05 -2.45356434e+05  0.00e+00 5.12e-13  4.73e-07     0s
  10  -2.45356433e+05 -2.45356433e+05  0.00e+00 5.12e-13  4.73e-10     0s

Barrier solved model in 10 iterations and 0.02 seconds
Optimal objective -2.45356433e+05


Root relaxation: objective -2.453564e+05, 179 iterations, 0.01 seconds

    Nodes    |    Current Node    |     Objective Bounds      |     Work
 Expl Unexpl |  Obj  Depth IntInf | Incumbent    BestBd   Gap | It/Node Time

     0     0 -245356.43    0   52 -188512.00 -245356.43  30.2%     -    0s
H    0     0                    -236915.0000 -245356.43  3.56%     -    0s
H    0     0                    -238898.0000 -245356.43  2.70%     -    0s
     0     0 -241605.85    0   79 -238898.00 -241605.85  1.13%     -    0s
H    0     0                    -239736.0000 -241605.85  0.78%     -    0s

Cutting planes:
  Cover: 53
  MIR: 22

Explored 0 nodes (476 simplex iterations) in 0.09 seconds
Thread count was 16 (of 16 available processors)

Optimal solution found (tolerance 1.00e-02)
Best objective -2.397360000000e+05, best bound -2.416050000000e+05, gap 0.7796%
Changed value of parameter MIPGap to 0.01
   Prev: 0.0001  Min: 0.0  Max: 1e+100  Default: 0.0001
Changed value of parameter TimeLimit to 1800.0
   Prev: 1e+100  Min: 0.0  Max: 1e+100  Default: 1e+100
Changed value of parameter Method to 2
   Prev: -1  Min: -1  Max: 4  Default: -1
Changed value of parameter MIPFocus to 1
   Prev: 0  Min: 0  Max: 3  Default: 0
Optimize a model with 2368 rows, 3402 columns and 6804 nonzeros
Coefficient statistics:
  Matrix range    [1e+00, 2e+01]
  Objective range [5e+02, 1e+04]
  Bounds range    [1e+00, 1e+00]
  RHS range       [8e+01, 8e+01]
Found heuristic solution: objective 0
Presolve removed 2282 rows and 2392 columns
Presolve time: 0.01s
Presolved: 86 rows, 1010 columns, 1919 nonzeros
Found heuristic solution: objective -1878712.000
Variable types: 0 continuous, 1010 integer (926 binary)
Optimize a model with 86 rows, 1010 columns and 1919 nonzeros
Coefficient statistics:
  Matrix range    [1e+00, 2e+01]
  Objective range [5e+02, 1e+04]
  Bounds range    [1e+00, 5e+00]
  RHS range       [1e+01, 8e+01]
Presolved: 86 rows, 1010 columns, 1919 nonzeros

Root barrier log...

Ordering time: 0.00s

Barrier statistics:
 AA' NZ     : 8.850e+02
 Factor NZ  : 2.972e+03
 Factor Ops : 1.386e+05 (less than 1 second per iteration)
 Threads    : 1

                  Objective                Residual
Iter       Primal          Dual         Primal    Dual     Compl     Time
   0  -5.71790540e+06 -5.98946002e+06  2.06e+01 1.82e-12  7.37e+03     0s
   1  -2.52505051e+06 -4.10762276e+06  2.21e+00 4.61e+02  1.39e+03     0s
   2  -2.33710310e+06 -2.68159024e+06  1.61e-01 2.85e+01  1.93e+02     0s
   3  -2.42682144e+06 -2.51638376e+06  1.28e-02 7.63e+00  4.48e+01     0s
   4  -2.43858562e+06 -2.48090732e+06  5.47e-03 3.52e+00  2.11e+01     0s
   5  -2.44485788e+06 -2.46515245e+06  2.65e-03 1.30e+00  1.01e+01     0s
   6  -2.44843441e+06 -2.45945277e+06  1.10e-03 6.70e-01  5.45e+00     0s
   7  -2.45056825e+06 -2.45407676e+06  1.17e-04 1.99e-01  1.70e+00     0s
   8  -2.45094853e+06 -2.45096575e+06  0.00e+00 4.55e-12  8.17e-03     0s
   9  -2.45095643e+06 -2.45095644e+06  0.00e+00 3.64e-12  3.59e-06     0s
  10  -2.45095643e+06 -2.45095643e+06  0.00e+00 4.55e-12  3.59e-09     0s

Barrier solved model in 10 iterations and 0.02 seconds
Optimal objective -2.45095643e+06


Root relaxation: objective -2.450956e+06, 179 iterations, 0.01 seconds

    Nodes    |    Current Node    |     Objective Bounds      |     Work
 Expl Unexpl |  Obj  Depth IntInf | Incumbent    BestBd   Gap | It/Node Time

     0     0 -2450956.4    0   56 -1878712.0 -2450956.4  30.5%     -    0s
H    0     0                    -2384396.000 -2450956.4  2.79%     -    0s
H    0     0                    -2390389.000 -2450956.4  2.53%     -    0s
     0     0 -2412355.8    0   82 -2390389.0 -2412355.8  0.92%     -    0s

Cutting planes:
  Cover: 54
  MIR: 22

Explored 0 nodes (501 simplex iterations) in 0.07 seconds
Thread count was 16 (of 16 available processors)

Optimal solution found (tolerance 1.00e-02)
Best objective -2.390389000000e+06, best bound -2.412355847222e+06, gap 0.9190%
