Changed value of parameter MIPGap to 0.01
   Prev: 0.0001  Min: 0.0  Max: 1e+100  Default: 0.0001
Changed value of parameter TimeLimit to 1800.0
   Prev: 1e+100  Min: 0.0  Max: 1e+100  Default: 1e+100
Changed value of parameter Method to 2
   Prev: -1  Min: -1  Max: 4  Default: -1
Changed value of parameter MIPFocus to 1
   Prev: 0  Min: 0  Max: 3  Default: 0
Optimize a model with 2282 rows, 3273 columns and 6546 nonzeros
Coefficient statistics:
  Matrix range    [1e+00, 2e+01]
  Objective range [1e+00, 1e+00]
  Bounds range    [1e+00, 1e+00]
  RHS range       [8e+01, 8e+01]
Found heuristic solution: objective 0
Presolve removed 2212 rows and 2444 columns
Presolve time: 0.06s
Presolved: 70 rows, 829 columns, 1496 nonzeros
Found heuristic solution: objective -835.0000000
Variable types: 0 continuous, 829 integer (725 binary)
Optimize a model with 70 rows, 829 columns and 1496 nonzeros
Coefficient statistics:
  Matrix range    [1e+00, 2e+01]
  Objective range [1e+00, 1e+00]
  Bounds range    [1e+00, 8e+00]
  RHS range       [1e+01, 8e+01]
Presolved: 70 rows, 829 columns, 1496 nonzeros

Root barrier log...

Ordering time: 0.00s

Barrier statistics:
 AA' NZ     : 6.400e+02
 Factor NZ  : 2.160e+03
 Factor Ops : 8.854e+04 (less than 1 second per iteration)
 Threads    : 1

                  Objective                Residual
Iter       Primal          Dual         Primal    Dual     Compl     Time
   0  -3.36748910e+03 -3.49595153e+03  2.02e+01 8.88e-16  6.88e+00     0s
   1  -9.92131696e+02 -2.36106101e+03  1.27e+00 9.40e-01  1.23e+00     0s
   2  -8.61088192e+02 -1.10853977e+03  0.00e+00 7.07e-02  1.45e-01     0s
   3  -9.44658390e+02 -9.94076699e+02  0.00e+00 5.12e-03  2.87e-02     0s
   4  -9.65553414e+02 -9.79582483e+02  0.00e+00 3.55e-15  8.13e-03     0s
   5  -9.71150160e+02 -9.76301693e+02  0.00e+00 3.55e-15  2.98e-03     0s
   6  -9.74257533e+02 -9.75208047e+02  0.00e+00 1.78e-15  5.51e-04     0s
   7  -9.74736231e+02 -9.74859000e+02  0.00e+00 1.78e-15  7.11e-05     0s
   8  -9.74806659e+02 -9.74807424e+02  0.00e+00 5.09e-08  4.43e-07     0s
   9  -9.74806984e+02 -9.74806985e+02  0.00e+00 3.55e-15  4.43e-10     0s

Barrier solved model in 9 iterations and 0.16 seconds
Optimal objective -9.74806984e+02


Root relaxation: objective -9.748070e+02, 62 iterations, 0.09 seconds

    Nodes    |    Current Node    |     Objective Bounds      |     Work
 Expl Unexpl |  Obj  Depth IntInf | Incumbent    BestBd   Gap | It/Node Time

     0     0 -974.80698    0   45 -835.00000 -974.80698  16.7%     -    0s
H    0     0                    -956.0000000 -974.80698  1.97%     -    0s
H    0     0                    -960.0000000 -974.80698  1.54%     -    0s
H    0     0                    -962.0000000 -974.80698  1.33%     -    0s
H    0     0                    -963.0000000 -974.80698  1.23%     -    0s
     0     0 -965.88337    0   38 -963.00000 -965.88337  0.30%     -    0s

Cutting planes:
  Gomory: 4
  Cover: 2
  MIR: 44

Explored 0 nodes (223 simplex iterations) in 0.27 seconds
Thread count was 16 (of 16 available processors)

Optimal solution found (tolerance 1.00e-02)
Best objective -9.630000000000e+02, best bound -9.650000000000e+02, gap 0.2077%
Changed value of parameter MIPGap to 0.01
   Prev: 0.0001  Min: 0.0  Max: 1e+100  Default: 0.0001
Changed value of parameter TimeLimit to 1800.0
   Prev: 1e+100  Min: 0.0  Max: 1e+100  Default: 1e+100
Changed value of parameter Method to 2
   Prev: -1  Min: -1  Max: 4  Default: -1
Changed value of parameter MIPFocus to 1
   Prev: 0  Min: 0  Max: 3  Default: 0
Optimize a model with 2282 rows, 3273 columns and 6546 nonzeros
Coefficient statistics:
  Matrix range    [1e+00, 2e+01]
  Objective range [1e+00, 1e+00]
  Bounds range    [1e+00, 1e+00]
  RHS range       [8e+01, 8e+01]
Found heuristic solution: objective 0
Presolve removed 2212 rows and 2429 columns
Presolve time: 0.01s
Presolved: 70 rows, 844 columns, 1511 nonzeros
Found heuristic solution: objective -837.6650000
Variable types: 0 continuous, 844 integer (739 binary)
Optimize a model with 70 rows, 844 columns and 1511 nonzeros
Coefficient statistics:
  Matrix range    [1e+00, 2e+01]
  Objective range [1e+00, 1e+00]
  Bounds range    [1e+00, 8e+00]
  RHS range       [1e+01, 8e+01]
Presolved: 70 rows, 844 columns, 1511 nonzeros

Root barrier log...

Ordering time: 0.00s

Barrier statistics:
 AA' NZ     : 6.400e+02
 Factor NZ  : 2.066e+03
 Factor Ops : 7.839e+04 (less than 1 second per iteration)
 Threads    : 1

                  Objective                Residual
Iter       Primal          Dual         Primal    Dual     Compl     Time
   0  -3.38780380e+03 -3.53552419e+03  2.00e+01 1.78e-15  6.80e+00     0s
   1  -9.96665574e+02 -2.37344651e+03  1.27e+00 9.33e-01  1.21e+00     0s
   2  -8.61829082e+02 -1.11198697e+03  0.00e+00 7.05e-02  1.44e-01     0s
   3  -9.45974294e+02 -9.96319957e+02  0.00e+00 5.32e-03  2.87e-02     0s
   4  -9.66990716e+02 -9.81205382e+02  0.00e+00 3.55e-15  8.10e-03     0s
   5  -9.72627922e+02 -9.77821899e+02  0.00e+00 1.78e-15  2.96e-03     0s
   6  -9.75769155e+02 -9.76735394e+02  0.00e+00 1.78e-15  5.50e-04     0s
   7  -9.76243253e+02 -9.76370892e+02  0.00e+00 3.55e-15  7.27e-05     0s
   8  -9.76314905e+02 -9.76315772e+02  0.00e+00 6.23e-08  4.93e-07     0s
   9  -9.76315225e+02 -9.76315226e+02  0.00e+00 3.55e-15  4.93e-10     0s

Barrier solved model in 9 iterations and 0.02 seconds
Optimal objective -9.76315225e+02


Root relaxation: objective -9.763152e+02, 62 iterations, 0.01 seconds

    Nodes    |    Current Node    |     Objective Bounds      |     Work
 Expl Unexpl |  Obj  Depth IntInf | Incumbent    BestBd   Gap | It/Node Time

     0     0 -976.31523    0   45 -837.66500 -976.31523  16.6%     -    0s
H    0     0                    -958.4540000 -976.31523  1.86%     -    0s
H    0     0                    -958.4985000 -976.31523  1.86%     -    0s
H    0     0                    -961.4480000 -976.31523  1.55%     -    0s
     0     0 -967.41925    0   40 -961.44800 -967.41925  0.62%     -    0s

Cutting planes:
  Gomory: 3
  Cover: 2
  MIR: 45

Explored 0 nodes (232 simplex iterations) in 0.06 seconds
Thread count was 16 (of 16 available processors)

Optimal solution found (tolerance 1.00e-02)
Best objective -9.614480000000e+02, best bound -9.674192514499e+02, gap 0.6211%
Changed value of parameter MIPGap to 0.01
   Prev: 0.0001  Min: 0.0  Max: 1e+100  Default: 0.0001
Changed value of parameter TimeLimit to 1800.0
   Prev: 1e+100  Min: 0.0  Max: 1e+100  Default: 1e+100
Changed value of parameter Method to 2
   Prev: -1  Min: -1  Max: 4  Default: -1
Changed value of parameter MIPFocus to 1
   Prev: 0  Min: 0  Max: 3  Default: 0
Optimize a model with 2282 rows, 3273 columns and 6546 nonzeros
Coefficient statistics:
  Matrix range    [1e+00, 2e+01]
  Objective range [1e+00, 1e+00]
  Bounds range    [1e+00, 1e+00]
  RHS range       [8e+01, 8e+01]
Found heuristic solution: objective 0
Presolve removed 2212 rows and 2429 columns
Presolve time: 0.01s
Presolved: 70 rows, 844 columns, 1511 nonzeros
Found heuristic solution: objective -839.3300000
Variable types: 0 continuous, 844 integer (739 binary)
Optimize a model with 70 rows, 844 columns and 1511 nonzeros
Coefficient statistics:
  Matrix range    [1e+00, 2e+01]
  Objective range [1e+00, 1e+00]
  Bounds range    [1e+00, 8e+00]
  RHS range       [1e+01, 8e+01]
Presolved: 70 rows, 844 columns, 1511 nonzeros

Root barrier log...

Ordering time: 0.00s

Barrier statistics:
 AA' NZ     : 6.400e+02
 Factor NZ  : 2.066e+03
 Factor Ops : 7.839e+04 (less than 1 second per iteration)
 Threads    : 1

                  Objective                Residual
Iter       Primal          Dual         Primal    Dual     Compl     Time
   0  -3.39255572e+03 -3.53696953e+03  2.00e+01 1.33e-15  6.80e+00     0s
   1  -9.98363070e+02 -2.37474808e+03  1.27e+00 9.32e-01  1.21e+00     0s
   2  -8.63311071e+02 -1.11319062e+03  0.00e+00 7.02e-02  1.44e-01     0s
   3  -9.47433161e+02 -9.97925027e+02  0.00e+00 5.33e-03  2.88e-02     0s
   4  -9.68342410e+02 -9.82645009e+02  0.00e+00 3.55e-15  8.15e-03     0s
   5  -9.74113976e+02 -9.79282485e+02  0.00e+00 1.78e-15  2.94e-03     0s
   6  -9.77277142e+02 -9.78239304e+02  0.00e+00 1.78e-15  5.48e-04     0s
   7  -9.77750844e+02 -9.77879086e+02  0.00e+00 1.78e-15  7.30e-05     0s
   8  -9.77823116e+02 -9.77824208e+02  0.00e+00 7.33e-08  6.22e-07     0s
   9  -9.77823466e+02 -9.77823467e+02  0.00e+00 3.55e-15  6.22e-10     0s

Barrier solved model in 9 iterations and 0.02 seconds
Optimal objective -9.77823466e+02


Root relaxation: objective -9.778235e+02, 62 iterations, 0.01 seconds

    Nodes    |    Current Node    |     Objective Bounds      |     Work
 Expl Unexpl |  Obj  Depth IntInf | Incumbent    BestBd   Gap | It/Node Time

     0     0 -977.82347    0   47 -839.33000 -977.82347  16.5%     -    0s
H    0     0                    -959.9110000 -977.82347  1.87%     -    0s
H    0     0                    -962.9840000 -977.82347  1.54%     -    0s
H    0     0                    -965.9710000 -977.82347  1.23%     -    0s
     0     0 -969.07739    0   32 -965.97100 -969.07739  0.32%     -    0s

Cutting planes:
  Gomory: 3
  Cover: 2
  MIR: 45

Explored 0 nodes (204 simplex iterations) in 0.05 seconds
Thread count was 16 (of 16 available processors)

Optimal solution found (tolerance 1.00e-02)
Best objective -9.659710000000e+02, best bound -9.690773931624e+02, gap 0.3216%
Changed value of parameter MIPGap to 0.01
   Prev: 0.0001  Min: 0.0  Max: 1e+100  Default: 0.0001
Changed value of parameter TimeLimit to 1800.0
   Prev: 1e+100  Min: 0.0  Max: 1e+100  Default: 1e+100
Changed value of parameter Method to 2
   Prev: -1  Min: -1  Max: 4  Default: -1
Changed value of parameter MIPFocus to 1
   Prev: 0  Min: 0  Max: 3  Default: 0
Optimize a model with 2282 rows, 3273 columns and 6546 nonzeros
Coefficient statistics:
  Matrix range    [1e+00, 2e+01]
  Objective range [1e+00, 1e+00]
  Bounds range    [1e+00, 1e+00]
  RHS range       [8e+01, 8e+01]
Found heuristic solution: objective 0
Presolve removed 2212 rows and 2429 columns
Presolve time: 0.01s
Presolved: 70 rows, 844 columns, 1511 nonzeros
Found heuristic solution: objective -842.6600000
Variable types: 0 continuous, 844 integer (739 binary)
Optimize a model with 70 rows, 844 columns and 1511 nonzeros
Coefficient statistics:
  Matrix range    [1e+00, 2e+01]
  Objective range [1e+00, 1e+00]
  Bounds range    [1e+00, 8e+00]
  RHS range       [1e+01, 8e+01]
Presolved: 70 rows, 844 columns, 1511 nonzeros

Root barrier log...

Ordering time: 0.00s

Barrier statistics:
 AA' NZ     : 6.400e+02
 Factor NZ  : 2.066e+03
 Factor Ops : 7.839e+04 (less than 1 second per iteration)
 Threads    : 1

                  Objective                Residual
Iter       Primal          Dual         Primal    Dual     Compl     Time
   0  -3.40205948e+03 -3.53986020e+03  2.00e+01 1.78e-15  6.80e+00     0s
   1  -1.00175931e+03 -2.37735152e+03  1.27e+00 9.30e-01  1.21e+00     0s
   2  -8.66580256e+02 -1.11844713e+03  0.00e+00 7.16e-02  1.45e-01     0s
   3  -9.50299505e+02 -1.00120545e+03  0.00e+00 5.44e-03  2.91e-02     0s
   4  -9.70741730e+02 -9.86182017e+02  0.00e+00 1.78e-15  8.82e-03     0s
   5  -9.77130753e+02 -9.82230963e+02  0.00e+00 1.78e-15  2.91e-03     0s
   6  -9.80245066e+02 -9.81258600e+02  0.00e+00 1.78e-15  5.78e-04     0s
   7  -9.80767687e+02 -9.80892306e+02  0.00e+00 1.78e-15  7.11e-05     0s
   8  -9.80839302e+02 -9.80843390e+02  0.00e+00 1.78e-15  2.33e-06     0s
   9  -9.80839949e+02 -9.80839953e+02  0.00e+00 3.55e-15  2.34e-09     0s

Barrier solved model in 9 iterations and 0.02 seconds
Optimal objective -9.80839949e+02


Root relaxation: objective -9.808399e+02, 63 iterations, 0.01 seconds

    Nodes    |    Current Node    |     Objective Bounds      |     Work
 Expl Unexpl |  Obj  Depth IntInf | Incumbent    BestBd   Gap | It/Node Time

     0     0 -980.83995    0   45 -842.66000 -980.83995  16.4%     -    0s
H    0     0                    -962.8160000 -980.83995  1.87%     -    0s
H    0     0                    -965.7980000 -980.83995  1.56%     -    0s
H    0     0                    -966.8520000 -980.83995  1.45%     -    0s
     0     0 -972.06273    0   42 -966.85200 -972.06273  0.54%     -    0s

Cutting planes:
  Gomory: 4
  Cover: 2
  MIR: 44

Explored 0 nodes (208 simplex iterations) in 0.05 seconds
Thread count was 16 (of 16 available processors)

Optimal solution found (tolerance 1.00e-02)
Best objective -9.668520000000e+02, best bound -9.720627269120e+02, gap 0.5389%
Changed value of parameter MIPGap to 0.01
   Prev: 0.0001  Min: 0.0  Max: 1e+100  Default: 0.0001
Changed value of parameter TimeLimit to 1800.0
   Prev: 1e+100  Min: 0.0  Max: 1e+100  Default: 1e+100
Changed value of parameter Method to 2
   Prev: -1  Min: -1  Max: 4  Default: -1
Changed value of parameter MIPFocus to 1
   Prev: 0  Min: 0  Max: 3  Default: 0
Optimize a model with 2282 rows, 3273 columns and 6546 nonzeros
Coefficient statistics:
  Matrix range    [1e+00, 2e+01]
  Objective range [1e+00, 1e+00]
  Bounds range    [1e+00, 1e+00]
  RHS range       [8e+01, 8e+01]
Found heuristic solution: objective 0
Presolve removed 2212 rows and 2429 columns
Presolve time: 0.01s
Presolved: 70 rows, 844 columns, 1511 nonzeros
Found heuristic solution: objective -849.3200000
Variable types: 0 continuous, 844 integer (739 binary)
Optimize a model with 70 rows, 844 columns and 1511 nonzeros
Coefficient statistics:
  Matrix range    [1e+00, 2e+01]
  Objective range [1e+00, 1e+00]
  Bounds range    [1e+00, 8e+00]
  RHS range       [1e+01, 8e+01]
Presolved: 70 rows, 844 columns, 1511 nonzeros

Root barrier log...

Ordering time: 0.00s

Barrier statistics:
 AA' NZ     : 6.400e+02
 Factor NZ  : 2.066e+03
 Factor Ops : 7.839e+04 (less than 1 second per iteration)
 Threads    : 1

                  Objective                Residual
Iter       Primal          Dual         Primal    Dual     Compl     Time
   0  -3.42106669e+03 -3.54564154e+03  2.00e+01 1.33e-15  6.80e+00     0s
   1  -1.00855675e+03 -2.38255972e+03  1.28e+00 9.27e-01  1.21e+00     0s
   2  -8.72528701e+02 -1.12405680e+03  0.00e+00 7.09e-02  1.45e-01     0s
   3  -9.56137608e+02 -1.00756636e+03  0.00e+00 5.44e-03  2.94e-02     0s
   4  -9.76068540e+02 -9.92397036e+02  0.00e+00 3.55e-15  9.33e-03     0s
   5  -9.83065072e+02 -9.88110352e+02  0.00e+00 1.78e-15  2.88e-03     0s
   6  -9.86333739e+02 -9.87343123e+02  0.00e+00 1.78e-15  5.76e-04     0s
   7  -9.86821245e+02 -9.86926964e+02  0.00e+00 1.78e-15  6.03e-05     0s
   8  -9.86872142e+02 -9.86878202e+02  0.00e+00 3.55e-15  3.45e-06     0s
   9  -9.86872913e+02 -9.86872920e+02  0.00e+00 3.55e-15  3.76e-09     0s

Barrier solved model in 9 iterations and 0.02 seconds
Optimal objective -9.86872913e+02


Root relaxation: objective -9.868729e+02, 65 iterations, 0.01 seconds

    Nodes    |    Current Node    |     Objective Bounds      |     Work
 Expl Unexpl |  Obj  Depth IntInf | Incumbent    BestBd   Gap | It/Node Time

     0     0 -986.87291    0   47 -849.32000 -986.87291  16.2%     -    0s
H    0     0                    -968.6440000 -986.87291  1.88%     -    0s
H    0     0                    -971.9360000 -986.87291  1.54%     -    0s
H    0     0                    -972.9160000 -986.87291  1.43%     -    0s
H    0     0                    -974.7400000 -986.87291  1.24%     -    0s
     0     0 -978.25238    0   53 -974.74000 -978.25238  0.36%     -    0s

Cutting planes:
  Gomory: 3
  Cover: 2
  MIR: 45

Explored 0 nodes (219 simplex iterations) in 0.05 seconds
Thread count was 16 (of 16 available processors)

Optimal solution found (tolerance 1.00e-02)
Best objective -9.747400000000e+02, best bound -9.782523807859e+02, gap 0.3603%
Changed value of parameter MIPGap to 0.01
   Prev: 0.0001  Min: 0.0  Max: 1e+100  Default: 0.0001
Changed value of parameter TimeLimit to 1800.0
   Prev: 1e+100  Min: 0.0  Max: 1e+100  Default: 1e+100
Changed value of parameter Method to 2
   Prev: -1  Min: -1  Max: 4  Default: -1
Changed value of parameter MIPFocus to 1
   Prev: 0  Min: 0  Max: 3  Default: 0
Optimize a model with 2282 rows, 3273 columns and 6546 nonzeros
Coefficient statistics:
  Matrix range    [1e+00, 2e+01]
  Objective range [1e+00, 1e+00]
  Bounds range    [1e+00, 1e+00]
  RHS range       [8e+01, 8e+01]
Found heuristic solution: objective 0
Presolve removed 2212 rows and 2429 columns
Presolve time: 0.01s
Presolved: 70 rows, 844 columns, 1511 nonzeros
Found heuristic solution: objective -852.6500000
Variable types: 0 continuous, 844 integer (739 binary)
Optimize a model with 70 rows, 844 columns and 1511 nonzeros
Coefficient statistics:
  Matrix range    [1e+00, 2e+01]
  Objective range [1e+00, 1e+00]
  Bounds range    [1e+00, 8e+00]
  RHS range       [1e+01, 8e+01]
Presolved: 70 rows, 844 columns, 1511 nonzeros

Root barrier log...

Ordering time: 0.00s

Barrier statistics:
 AA' NZ     : 6.400e+02
 Factor NZ  : 2.066e+03
 Factor Ops : 7.839e+04 (less than 1 second per iteration)
 Threads    : 1

                  Objective                Residual
Iter       Primal          Dual         Primal    Dual     Compl     Time
   0  -3.43057014e+03 -3.54853221e+03  2.00e+01 1.33e-15  6.80e+00     0s
   1  -1.01195795e+03 -2.38516447e+03  1.28e+00 9.25e-01  1.21e+00     0s
   2  -8.75508827e+02 -1.12685602e+03  0.00e+00 7.06e-02  1.45e-01     0s
   3  -9.59070557e+02 -1.01072011e+03  0.00e+00 5.42e-03  2.95e-02     0s
   4  -9.78730324e+02 -9.95424233e+02  0.00e+00 1.78e-15  9.54e-03     0s
   5  -9.86032859e+02 -9.91161405e+02  0.00e+00 1.78e-15  2.93e-03     0s
   6  -9.89340319e+02 -9.90381600e+02  0.00e+00 1.78e-15  5.94e-04     0s
   7  -9.89862307e+02 -9.89941570e+02  0.00e+00 3.55e-15  4.52e-05     0s
   8  -9.89888555e+02 -9.89896786e+02  0.00e+00 3.55e-15  4.69e-06     0s
   9  -9.89889389e+02 -9.89889407e+02  0.00e+00 3.55e-15  1.05e-08     0s
  10  -9.89889397e+02 -9.89889397e+02  0.00e+00 1.78e-15  1.05e-11     0s

Barrier solved model in 10 iterations and 0.02 seconds
Optimal objective -9.89889397e+02


Root relaxation: objective -9.898894e+02, 62 iterations, 0.01 seconds

    Nodes    |    Current Node    |     Objective Bounds      |     Work
 Expl Unexpl |  Obj  Depth IntInf | Incumbent    BestBd   Gap | It/Node Time

     0     0 -989.88940    0   46 -852.65000 -989.88940  16.1%     -    0s
H    0     0                    -972.4700000 -989.88940  1.79%     -    0s
H    0     0                    -974.8600000 -989.88940  1.54%     -    0s
H    0     0                    -977.8500000 -989.88940  1.23%     -    0s
     0     0 -981.65240    0   48 -977.85000 -981.65240  0.39%     -    0s

Cutting planes:
  Gomory: 3
  Cover: 2
  MIR: 44

Explored 0 nodes (206 simplex iterations) in 0.05 seconds
Thread count was 16 (of 16 available processors)

Optimal solution found (tolerance 1.00e-02)
Best objective -9.778500000000e+02, best bound -9.816500000000e+02, gap 0.3886%
Changed value of parameter MIPGap to 0.01
   Prev: 0.0001  Min: 0.0  Max: 1e+100  Default: 0.0001
Changed value of parameter TimeLimit to 1800.0
   Prev: 1e+100  Min: 0.0  Max: 1e+100  Default: 1e+100
Changed value of parameter Method to 2
   Prev: -1  Min: -1  Max: 4  Default: -1
Changed value of parameter MIPFocus to 1
   Prev: 0  Min: 0  Max: 3  Default: 0
Optimize a model with 2282 rows, 3273 columns and 6546 nonzeros
Coefficient statistics:
  Matrix range    [1e+00, 2e+01]
  Objective range [1e+00, 1e+00]
  Bounds range    [1e+00, 1e+00]
  RHS range       [8e+01, 8e+01]
Found heuristic solution: objective 0
Presolve removed 2212 rows and 2429 columns
Presolve time: 0.01s
Presolved: 70 rows, 844 columns, 1511 nonzeros
Found heuristic solution: objective -869.3000000
Variable types: 0 continuous, 844 integer (739 binary)
Optimize a model with 70 rows, 844 columns and 1511 nonzeros
Coefficient statistics:
  Matrix range    [1e+00, 2e+01]
  Objective range [1e+00, 1e+00]
  Bounds range    [1e+00, 8e+00]
  RHS range       [1e+01, 8e+01]
Presolved: 70 rows, 844 columns, 1511 nonzeros

Root barrier log...

Ordering time: 0.00s

Barrier statistics:
 AA' NZ     : 6.400e+02
 Factor NZ  : 2.066e+03
 Factor Ops : 7.839e+04 (less than 1 second per iteration)
 Threads    : 1

                  Objective                Residual
Iter       Primal          Dual         Primal    Dual     Compl     Time
   0  -3.47808587e+03 -3.56298556e+03  2.00e+01 1.78e-15  6.79e+00     0s
   1  -1.02898852e+03 -2.39819475e+03  1.28e+00 9.16e-01  1.21e+00     0s
   2  -8.90468020e+02 -1.14088938e+03  0.00e+00 6.90e-02  1.44e-01     0s
   3  -9.76205872e+02 -1.02389292e+03  0.00e+00 3.59e-03  2.73e-02     0s
   4  -9.94126929e+02 -1.00939532e+03  0.00e+00 3.55e-15  8.72e-03     0s
   5  -1.00169023e+03 -1.00661982e+03  0.00e+00 1.78e-15  2.82e-03     0s
   6  -1.00386688e+03 -1.00585786e+03  0.00e+00 1.78e-15  1.14e-03     0s
   7  -1.00483194e+03 -1.00553226e+03  0.00e+00 1.78e-15  4.00e-04     0s
   8  -1.00528254e+03 -1.00544032e+03  0.00e+00 1.78e-15  9.00e-05     0s
   9  -1.00535570e+03 -1.00537032e+03  0.00e+00 1.78e-15  8.33e-06     0s
  10  -1.00536419e+03 -1.00536441e+03  0.00e+00 1.78e-15  1.26e-07     0s
  11  -1.00536428e+03 -1.00536428e+03  0.00e+00 3.55e-15  1.42e-10     0s

Barrier solved model in 11 iterations and 0.02 seconds
Optimal objective -1.00536428e+03


Root relaxation: objective -1.005364e+03, 37 iterations, 0.01 seconds

    Nodes    |    Current Node    |     Objective Bounds      |     Work
 Expl Unexpl |  Obj  Depth IntInf | Incumbent    BestBd   Gap | It/Node Time

     0     0 -1005.3643    0   51 -869.30000 -1005.3643  15.7%     -    0s
H    0     0                    -987.4900000 -1005.3643  1.81%     -    0s
H    0     0                    -989.3800000 -1005.3643  1.62%     -    0s
     0     0 -997.66365    0   57 -989.38000 -997.66365  0.84%     -    0s

Cutting planes:
  Gomory: 2
  Cover: 2
  MIR: 49

Explored 0 nodes (160 simplex iterations) in 0.06 seconds
Thread count was 16 (of 16 available processors)

Optimal solution found (tolerance 1.00e-02)
Best objective -9.893800000000e+02, best bound -9.976600000000e+02, gap 0.8369%
Changed value of parameter MIPGap to 0.01
   Prev: 0.0001  Min: 0.0  Max: 1e+100  Default: 0.0001
Changed value of parameter TimeLimit to 1800.0
   Prev: 1e+100  Min: 0.0  Max: 1e+100  Default: 1e+100
Changed value of parameter Method to 2
   Prev: -1  Min: -1  Max: 4  Default: -1
Changed value of parameter MIPFocus to 1
   Prev: 0  Min: 0  Max: 3  Default: 0
Optimize a model with 2282 rows, 3273 columns and 6546 nonzeros
Coefficient statistics:
  Matrix range    [1e+00, 2e+01]
  Objective range [1e+00, 1e+00]
  Bounds range    [1e+00, 1e+00]
  RHS range       [8e+01, 8e+01]
Found heuristic solution: objective 0
Presolve removed 2212 rows and 2429 columns
Presolve time: 0.01s
Presolved: 70 rows, 844 columns, 1511 nonzeros
Found heuristic solution: objective -902.6000000
Variable types: 0 continuous, 844 integer (739 binary)
Optimize a model with 70 rows, 844 columns and 1511 nonzeros
Coefficient statistics:
  Matrix range    [1e+00, 2e+01]
  Objective range [1e+00, 1e+00]
  Bounds range    [1e+00, 8e+00]
  RHS range       [1e+01, 8e+01]
Presolved: 70 rows, 844 columns, 1511 nonzeros

Root barrier log...

Ordering time: 0.00s

Barrier statistics:
 AA' NZ     : 6.400e+02
 Factor NZ  : 2.066e+03
 Factor Ops : 7.839e+04 (less than 1 second per iteration)
 Threads    : 1

                  Objective                Residual
Iter       Primal          Dual         Primal    Dual     Compl     Time
   0  -3.57310970e+03 -3.59189226e+03  2.00e+01 1.33e-15  6.79e+00     0s
   1  -1.06316752e+03 -2.42428681e+03  1.29e+00 9.00e-01  1.21e+00     0s
   2  -9.20678254e+02 -1.16862151e+03  0.00e+00 6.55e-02  1.43e-01     0s
   3  -1.00671949e+03 -1.05415777e+03  0.00e+00 2.48e-03  2.71e-02     0s
   4  -1.02249481e+03 -1.03918427e+03  0.00e+00 3.55e-15  9.54e-03     0s
   5  -1.03253799e+03 -1.03743391e+03  0.00e+00 1.78e-15  2.80e-03     0s
   6  -1.03466536e+03 -1.03687078e+03  0.00e+00 1.78e-15  1.26e-03     0s
   7  -1.03615699e+03 -1.03670655e+03  0.00e+00 1.78e-15  3.14e-04     0s
   8  -1.03650563e+03 -1.03658854e+03  0.00e+00 3.55e-15  4.73e-05     0s
   9  -1.03657550e+03 -1.03657574e+03  0.00e+00 3.55e-15  1.37e-07     0s
  10  -1.03657568e+03 -1.03657568e+03  0.00e+00 3.55e-15  1.37e-10     0s

Barrier solved model in 10 iterations and 0.02 seconds
Optimal objective -1.03657568e+03


Root relaxation: objective -1.036576e+03, 37 iterations, 0.01 seconds

    Nodes    |    Current Node    |     Objective Bounds      |     Work
 Expl Unexpl |  Obj  Depth IntInf | Incumbent    BestBd   Gap | It/Node Time

     0     0 -1036.5757    0   51 -902.60000 -1036.5757  14.8%     -    0s
H    0     0                    -1017.100000 -1036.5757  1.91%     -    0s
H    0     0                    -1019.480000 -1036.5757  1.68%     -    0s
     0     0 -1028.2676    0   59 -1019.4800 -1028.2676  0.86%     -    0s

Cutting planes:
  Gomory: 2
  Cover: 2
  MIR: 49

Explored 0 nodes (173 simplex iterations) in 0.06 seconds
Thread count was 16 (of 16 available processors)

Optimal solution found (tolerance 1.00e-02)
Best objective -1.019480000000e+03, best bound -1.028260000000e+03, gap 0.8612%
Changed value of parameter MIPGap to 0.01
   Prev: 0.0001  Min: 0.0  Max: 1e+100  Default: 0.0001
Changed value of parameter TimeLimit to 1800.0
   Prev: 1e+100  Min: 0.0  Max: 1e+100  Default: 1e+100
Changed value of parameter Method to 2
   Prev: -1  Min: -1  Max: 4  Default: -1
Changed value of parameter MIPFocus to 1
   Prev: 0  Min: 0  Max: 3  Default: 0
Optimize a model with 2282 rows, 3273 columns and 6546 nonzeros
Coefficient statistics:
  Matrix range    [1e+00, 2e+01]
  Objective range [1e+00, 2e+00]
  Bounds range    [1e+00, 1e+00]
  RHS range       [8e+01, 8e+01]
Found heuristic solution: objective 0
Presolve removed 2212 rows and 2429 columns
Presolve time: 0.01s
Presolved: 70 rows, 844 columns, 1511 nonzeros
Found heuristic solution: objective -969.2000000
Variable types: 0 continuous, 844 integer (739 binary)
Optimize a model with 70 rows, 844 columns and 1511 nonzeros
Coefficient statistics:
  Matrix range    [1e+00, 2e+01]
  Objective range [1e+00, 2e+00]
  Bounds range    [1e+00, 8e+00]
  RHS range       [1e+01, 8e+01]
Presolved: 70 rows, 844 columns, 1511 nonzeros

Root barrier log...

Ordering time: 0.00s

Barrier statistics:
 AA' NZ     : 6.400e+02
 Factor NZ  : 2.066e+03
 Factor Ops : 7.839e+04 (less than 1 second per iteration)
 Threads    : 1

                  Objective                Residual
Iter       Primal          Dual         Primal    Dual     Compl     Time
   0  -3.76312677e+03 -3.64970567e+03  2.00e+01 1.33e-15  6.77e+00     0s
   1  -1.13346688e+03 -2.47654594e+03  1.31e+00 8.66e-01  1.21e+00     0s
   2  -9.81753702e+02 -1.22357261e+03  0.00e+00 5.74e-02  1.39e-01     0s
   3  -1.07139238e+03 -1.11721424e+03  0.00e+00 8.88e-15  2.61e-02     0s
   4  -1.09118467e+03 -1.10436078e+03  0.00e+00 1.78e-15  7.50e-03     0s
   5  -1.09650919e+03 -1.10035340e+03  0.00e+00 3.55e-15  2.19e-03     0s
   6  -1.09840291e+03 -1.09950957e+03  0.00e+00 1.78e-15  6.30e-04     0s
   7  -1.09884004e+03 -1.09930048e+03  0.00e+00 1.78e-15  2.62e-04     0s
   8  -1.09894375e+03 -1.09910007e+03  0.00e+00 3.55e-15  8.89e-05     0s
   9  -1.09903909e+03 -1.09904432e+03  0.00e+00 3.55e-15  2.97e-06     0s
  10  -1.09904078e+03 -1.09904078e+03  0.00e+00 3.55e-15  3.10e-09     0s

Barrier solved model in 10 iterations and 0.02 seconds
Optimal objective -1.09904078e+03


Root relaxation: objective -1.099041e+03, 29 iterations, 0.01 seconds

    Nodes    |    Current Node    |     Objective Bounds      |     Work
 Expl Unexpl |  Obj  Depth IntInf | Incumbent    BestBd   Gap | It/Node Time

     0     0 -1099.0408    0   53 -969.20000 -1099.0408  13.4%     -    0s
H    0     0                    -1076.680000 -1099.0408  2.08%     -    0s
H    0     0                    -1079.800000 -1099.0408  1.78%     -    0s
     0     0 -1089.8568    0   68 -1079.8000 -1089.8568  0.93%     -    0s

Cutting planes:
  Gomory: 2
  Cover: 3
  MIR: 49

Explored 0 nodes (182 simplex iterations) in 0.07 seconds
Thread count was 16 (of 16 available processors)

Optimal solution found (tolerance 1.00e-02)
Best objective -1.079800000000e+03, best bound -1.089840000000e+03, gap 0.9298%
Changed value of parameter MIPGap to 0.01
   Prev: 0.0001  Min: 0.0  Max: 1e+100  Default: 0.0001
Changed value of parameter TimeLimit to 1800.0
   Prev: 1e+100  Min: 0.0  Max: 1e+100  Default: 1e+100
Changed value of parameter Method to 2
   Prev: -1  Min: -1  Max: 4  Default: -1
Changed value of parameter MIPFocus to 1
   Prev: 0  Min: 0  Max: 3  Default: 0
Optimize a model with 2282 rows, 3273 columns and 6546 nonzeros
Coefficient statistics:
  Matrix range    [1e+00, 2e+01]
  Objective range [1e+00, 2e+00]
  Bounds range    [1e+00, 1e+00]
  RHS range       [8e+01, 8e+01]
Found heuristic solution: objective 0
Presolve removed 2212 rows and 2429 columns
Presolve time: 0.01s
Presolved: 70 rows, 844 columns, 1511 nonzeros
Found heuristic solution: objective -1002.500000
Variable types: 0 continuous, 844 integer (739 binary)
Optimize a model with 70 rows, 844 columns and 1511 nonzeros
Coefficient statistics:
  Matrix range    [1e+00, 2e+01]
  Objective range [1e+00, 2e+00]
  Bounds range    [1e+00, 8e+00]
  RHS range       [1e+01, 8e+01]
Presolved: 70 rows, 844 columns, 1511 nonzeros

Root barrier log...

Ordering time: 0.00s

Barrier statistics:
 AA' NZ     : 6.400e+02
 Factor NZ  : 2.066e+03
 Factor Ops : 7.839e+04 (less than 1 second per iteration)
 Threads    : 1

                  Objective                Residual
Iter       Primal          Dual         Primal    Dual     Compl     Time
   0  -3.85811998e+03 -3.67861237e+03  2.00e+01 1.78e-15  6.77e+00     0s
   1  -1.16902133e+03 -2.50276292e+03  1.32e+00 8.50e-01  1.20e+00     0s
   2  -1.01946503e+03 -1.25518906e+03  0.00e+00 5.59e-02  1.35e-01     0s
   3  -1.10478383e+03 -1.14807456e+03  0.00e+00 1.78e-15  2.46e-02     0s
   4  -1.12297307e+03 -1.13396433e+03  0.00e+00 1.78e-15  6.25e-03     0s
   5  -1.12711889e+03 -1.13121485e+03  0.00e+00 1.78e-15  2.33e-03     0s
   6  -1.12988036e+03 -1.13070464e+03  0.00e+00 3.55e-15  4.69e-04     0s
   7  -1.13023566e+03 -1.13044764e+03  0.00e+00 1.78e-15  1.21e-04     0s
   8  -1.13036734e+03 -1.13039247e+03  0.00e+00 1.78e-15  1.43e-05     0s
   9  -1.13037212e+03 -1.13037214e+03  0.00e+00 2.66e-15  1.48e-08     0s
  10  -1.13037212e+03 -1.13037212e+03  0.00e+00 1.78e-15  1.48e-11     0s

Barrier solved model in 10 iterations and 0.02 seconds
Optimal objective -1.13037212e+03


Root relaxation: objective -1.130372e+03, 27 iterations, 0.01 seconds

    Nodes    |    Current Node    |     Objective Bounds      |     Work
 Expl Unexpl |  Obj  Depth IntInf | Incumbent    BestBd   Gap | It/Node Time

     0     0 -1130.3721    0   57 -1002.5000 -1130.3721  12.8%     -    0s
H    0     0                    -1105.650000 -1130.3721  2.24%     -    0s
H    0     0                    -1111.050000 -1130.3721  1.74%     -    0s
     0     0 -1120.5559    0   58 -1111.0500 -1120.5559  0.86%     -    0s

Cutting planes:
  Gomory: 2
  Cover: 3
  MIR: 51

Explored 0 nodes (177 simplex iterations) in 0.07 seconds
Thread count was 16 (of 16 available processors)

Optimal solution found (tolerance 1.00e-02)
Best objective -1.111050000000e+03, best bound -1.120550000000e+03, gap 0.8550%
Changed value of parameter MIPGap to 0.01
   Prev: 0.0001  Min: 0.0  Max: 1e+100  Default: 0.0001
Changed value of parameter TimeLimit to 1800.0
   Prev: 1e+100  Min: 0.0  Max: 1e+100  Default: 1e+100
Changed value of parameter Method to 2
   Prev: -1  Min: -1  Max: 4  Default: -1
Changed value of parameter MIPFocus to 1
   Prev: 0  Min: 0  Max: 3  Default: 0
Optimize a model with 2282 rows, 3273 columns and 6546 nonzeros
Coefficient statistics:
  Matrix range    [1e+00, 2e+01]
  Objective range [1e+00, 3e+00]
  Bounds range    [1e+00, 1e+00]
  RHS range       [8e+01, 8e+01]
Found heuristic solution: objective 0
Presolve removed 2212 rows and 2429 columns
Presolve time: 0.01s
Presolved: 70 rows, 844 columns, 1511 nonzeros
Found heuristic solution: objective -1168.400000
Variable types: 0 continuous, 844 integer (739 binary)
Optimize a model with 70 rows, 844 columns and 1511 nonzeros
Coefficient statistics:
  Matrix range    [1e+00, 2e+01]
  Objective range [1e+00, 3e+00]
  Bounds range    [1e+00, 8e+00]
  RHS range       [1e+01, 8e+01]
Presolved: 70 rows, 844 columns, 1511 nonzeros

Root barrier log...

Ordering time: 0.00s

Barrier statistics:
 AA' NZ     : 6.400e+02
 Factor NZ  : 2.066e+03
 Factor Ops : 7.839e+04 (less than 1 second per iteration)
 Threads    : 1

                  Objective                Residual
Iter       Primal          Dual         Primal    Dual     Compl     Time
   0  -4.33293211e+03 -3.82314589e+03  1.99e+01 1.33e-15  6.73e+00     0s
   1  -1.34976831e+03 -2.63452818e+03  1.38e+00 7.68e-01  1.19e+00     0s
   2  -1.18083088e+03 -1.42140331e+03  0.00e+00 5.11e-02  1.37e-01     0s
   3  -1.25224734e+03 -1.30661084e+03  0.00e+00 5.33e-15  3.09e-02     0s
   4  -1.27524330e+03 -1.29397169e+03  0.00e+00 3.55e-15  1.07e-02     0s
   5  -1.28201943e+03 -1.29116234e+03  0.00e+00 3.55e-15  5.20e-03     0s
   6  -1.28662161e+03 -1.29015873e+03  0.00e+00 3.55e-15  2.01e-03     0s
   7  -1.28868270e+03 -1.28944935e+03  0.00e+00 1.78e-15  4.36e-04     0s
   8  -1.28926540e+03 -1.28929525e+03  0.00e+00 3.55e-15  1.70e-05     0s
   9  -1.28927189e+03 -1.28927193e+03  0.00e+00 3.55e-15  2.09e-08     0s
  10  -1.28927190e+03 -1.28927190e+03  0.00e+00 3.55e-15  2.09e-11     0s

Barrier solved model in 10 iterations and 0.02 seconds
Optimal objective -1.28927190e+03


Root relaxation: objective -1.289272e+03, 45 iterations, 0.01 seconds

    Nodes    |    Current Node    |     Objective Bounds      |     Work
 Expl Unexpl |  Obj  Depth IntInf | Incumbent    BestBd   Gap | It/Node Time

     0     0 -1289.2719    0   55 -1168.4000 -1289.2719  10.3%     -    0s
H    0     0                    -1259.200000 -1289.2719  2.39%     -    0s
H    0     0                    -1265.100000 -1289.2719  1.91%     -    0s
     0     0 -1279.9892    0   69 -1265.1000 -1279.9892  1.18%     -    0s
H    0     0                    -1269.600000 -1279.9892  0.82%     -    0s

Cutting planes:
  Gomory: 2
  Cover: 1
  MIR: 47

Explored 0 nodes (228 simplex iterations) in 0.10 seconds
Thread count was 16 (of 16 available processors)

Optimal solution found (tolerance 1.00e-02)
Best objective -1.269600000000e+03, best bound -1.279900000000e+03, gap 0.8113%
Changed value of parameter MIPGap to 0.01
   Prev: 0.0001  Min: 0.0  Max: 1e+100  Default: 0.0001
Changed value of parameter TimeLimit to 1800.0
   Prev: 1e+100  Min: 0.0  Max: 1e+100  Default: 1e+100
Changed value of parameter Method to 2
   Prev: -1  Min: -1  Max: 4  Default: -1
Changed value of parameter MIPFocus to 1
   Prev: 0  Min: 0  Max: 3  Default: 0
Optimize a model with 2282 rows, 3273 columns and 6546 nonzeros
Coefficient statistics:
  Matrix range    [1e+00, 2e+01]
  Objective range [1e+00, 5e+00]
  Bounds range    [1e+00, 1e+00]
  RHS range       [8e+01, 8e+01]
Found heuristic solution: objective 0
Presolve removed 2212 rows and 2429 columns
Presolve time: 0.01s
Presolved: 70 rows, 844 columns, 1511 nonzeros
Found heuristic solution: objective -1501.800000
Variable types: 0 continuous, 844 integer (739 binary)
Optimize a model with 70 rows, 844 columns and 1511 nonzeros
Coefficient statistics:
  Matrix range    [1e+00, 2e+01]
  Objective range [1e+00, 5e+00]
  Bounds range    [1e+00, 8e+00]
  RHS range       [1e+01, 8e+01]
Presolved: 70 rows, 844 columns, 1511 nonzeros

Root barrier log...

Ordering time: 0.00s

Barrier statistics:
 AA' NZ     : 6.400e+02
 Factor NZ  : 2.066e+03
 Factor Ops : 7.839e+04 (less than 1 second per iteration)
 Threads    : 1

                  Objective                Residual
Iter       Primal          Dual         Primal    Dual     Compl     Time
   0  -5.28178053e+03 -4.11221292e+03  1.99e+01 1.78e-15  6.67e+00     0s
   1  -1.72519561e+03 -3.03766191e+03  1.49e+00 6.20e-01  1.26e+00     0s
   2  -1.53066037e+03 -1.76103260e+03  5.08e-02 3.48e-02  1.44e-01     0s
   3  -1.57811586e+03 -1.64591843e+03  1.95e-02 1.60e-14  4.32e-02     0s
   4  -1.60372266e+03 -1.62443675e+03  4.85e-03 5.33e-15  1.30e-02     0s
   5  -1.61145318e+03 -1.62096417e+03  2.12e-03 1.78e-15  5.96e-03     0s
   6  -1.61560753e+03 -1.61913129e+03  7.29e-04 1.78e-15  2.20e-03     0s
   7  -1.61673642e+03 -1.61858565e+03  3.92e-04 1.78e-15  1.16e-03     0s
   8  -1.61777626e+03 -1.61837629e+03  9.41e-05 1.78e-15  3.69e-04     0s
   9  -1.61817434e+03 -1.61819547e+03  2.09e-06 3.55e-15  1.27e-05     0s
  10  -1.61818548e+03 -1.61818552e+03  0.00e+00 1.78e-15  2.28e-08     0s
  11  -1.61818550e+03 -1.61818550e+03  0.00e+00 1.78e-15  2.28e-11     0s

Barrier solved model in 11 iterations and 0.02 seconds
Optimal objective -1.61818550e+03


Root relaxation: objective -1.618186e+03, 21 iterations, 0.01 seconds

    Nodes    |    Current Node    |     Objective Bounds      |     Work
 Expl Unexpl |  Obj  Depth IntInf | Incumbent    BestBd   Gap | It/Node Time

     0     0 -1618.1855    0   57 -1501.8000 -1618.1855  7.75%     -    0s
H    0     0                    -1573.600000 -1618.1855  2.83%     -    0s
H    0     0                    -1582.600000 -1618.1855  2.25%     -    0s
H    0     0                    -1587.200000 -1618.1855  1.95%     -    0s
     0     0 -1610.8445    0   89 -1587.2000 -1610.8445  1.49%     -    0s
H    0     0                    -1591.000000 -1610.8445  1.25%     -    0s
     0     0 -1610.4705    0   91 -1591.0000 -1610.4705  1.22%     -    0s
H    0     0                    -1592.600000 -1610.4705  1.12%     -    0s
     0     0 -1608.8388    0  107 -1592.6000 -1608.8388  1.02%     -    0s
     0     0 -1608.4494    0   98 -1592.6000 -1608.4494  1.00%     -    0s

Cutting planes:
  Gomory: 11
  Cover: 5
  MIR: 82

Explored 0 nodes (646 simplex iterations) in 0.15 seconds
Thread count was 16 (of 16 available processors)

Optimal solution found (tolerance 1.00e-02)
Best objective -1.592600000000e+03, best bound -1.608400000000e+03, gap 0.9921%
Changed value of parameter MIPGap to 0.01
   Prev: 0.0001  Min: 0.0  Max: 1e+100  Default: 0.0001
Changed value of parameter TimeLimit to 1800.0
   Prev: 1e+100  Min: 0.0  Max: 1e+100  Default: 1e+100
Changed value of parameter Method to 2
   Prev: -1  Min: -1  Max: 4  Default: -1
Changed value of parameter MIPFocus to 1
   Prev: 0  Min: 0  Max: 3  Default: 0
Optimize a model with 2282 rows, 3273 columns and 6546 nonzeros
Coefficient statistics:
  Matrix range    [1e+00, 2e+01]
  Objective range [1e+00, 9e+00]
  Bounds range    [1e+00, 1e+00]
  RHS range       [8e+01, 8e+01]
Found heuristic solution: objective 0
Presolve removed 2212 rows and 2431 columns
Presolve time: 0.01s
Presolved: 70 rows, 842 columns, 1509 nonzeros
Found heuristic solution: objective -2164.800000
Variable types: 0 continuous, 842 integer (738 binary)
Optimize a model with 70 rows, 842 columns and 1509 nonzeros
Coefficient statistics:
  Matrix range    [1e+00, 2e+01]
  Objective range [1e+00, 9e+00]
  Bounds range    [1e+00, 2e+01]
  RHS range       [1e+01, 8e+01]
Presolve removed 0 rows and 49 columns
Presolved: 70 rows, 793 columns, 1454 nonzeros

Root barrier log...

Ordering time: 0.00s

Barrier statistics:
 AA' NZ     : 6.400e+02
 Factor NZ  : 2.160e+03
 Factor Ops : 8.854e+04 (less than 1 second per iteration)
 Threads    : 1

                  Objective                Residual
Iter       Primal          Dual         Primal    Dual     Compl     Time
   0  -6.91554249e+03 -4.89425048e+03  1.88e+01 1.33e-15  7.13e+00     0s
   1  -2.46827696e+03 -3.61659573e+03  1.44e+00 4.44e-01  1.27e+00     0s
   2  -2.24294884e+03 -2.49720295e+03  4.45e-02 2.73e-02  1.66e-01     0s
   3  -2.26724516e+03 -2.33270361e+03  1.67e-02 1.42e-14  4.37e-02     0s
   4  -2.28062953e+03 -2.31365099e+03  7.23e-03 7.11e-15  2.18e-02     0s
   5  -2.28694940e+03 -2.30379586e+03  3.61e-03 3.55e-15  1.11e-02     0s
   6  -2.29122422e+03 -2.29588639e+03  1.04e-03 3.55e-15  3.09e-03     0s
   7  -2.29314311e+03 -2.29347279e+03  2.12e-05 3.55e-15  2.07e-04     0s
   8  -2.29321996e+03 -2.29322027e+03  5.48e-09 3.55e-15  1.89e-07     0s
   9  -2.29322000e+03 -2.29322000e+03  0.00e+00 5.33e-15  1.89e-10     0s

Barrier solved model in 9 iterations and 0.02 seconds
Optimal objective -2.29322000e+03


Root relaxation: objective -2.293220e+03, 323 iterations, 0.01 seconds

    Nodes    |    Current Node    |     Objective Bounds      |     Work
 Expl Unexpl |  Obj  Depth IntInf | Incumbent    BestBd   Gap | It/Node Time

     0     0 -2293.2200    0   44 -2164.8000 -2293.2200  5.93%     -    0s
H    0     0                    -2250.200000 -2293.2200  1.91%     -    0s
H    0     0                    -2260.200000 -2293.2200  1.46%     -    0s
H    0     0                    -2267.000000 -2293.2200  1.16%     -    0s
     0     0 -2292.9000    0   85 -2267.0000 -2292.9000  1.14%     -    0s
     0     0 -2292.9000    0   73 -2267.0000 -2292.9000  1.14%     -    0s
H    0     0                    -2268.400000 -2292.9000  1.08%     -    0s
     0     0 -2292.5841    0   94 -2268.4000 -2292.5841  1.07%     -    0s
     0     0 -2292.5341    0   81 -2268.4000 -2292.5341  1.06%     -    0s
H    0     0                    -2270.800000 -2292.5341  0.96%     -    0s
H    0     0                    -2271.600000 -2292.5341  0.92%     -    0s

Cutting planes:
  Gomory: 1
  Cover: 4
  MIR: 82

Explored 0 nodes (1215 simplex iterations) in 0.18 seconds
Thread count was 16 (of 16 available processors)

Optimal solution found (tolerance 1.00e-02)
Best objective -2.271600000000e+03, best bound -2.292400000000e+03, gap 0.9157%
Changed value of parameter MIPGap to 0.01
   Prev: 0.0001  Min: 0.0  Max: 1e+100  Default: 0.0001
Changed value of parameter TimeLimit to 1800.0
   Prev: 1e+100  Min: 0.0  Max: 1e+100  Default: 1e+100
Changed value of parameter Method to 2
   Prev: -1  Min: -1  Max: 4  Default: -1
Changed value of parameter MIPFocus to 1
   Prev: 0  Min: 0  Max: 3  Default: 0
Optimize a model with 2282 rows, 3273 columns and 6546 nonzeros
Coefficient statistics:
  Matrix range    [1e+00, 2e+01]
  Objective range [2e+00, 1e+01]
  Bounds range    [1e+00, 1e+00]
  RHS range       [8e+01, 8e+01]
Found heuristic solution: objective 0
Presolve removed 2212 rows and 2431 columns
Presolve time: 0.01s
Presolved: 70 rows, 842 columns, 1507 nonzeros
Found heuristic solution: objective -2499.000000
Variable types: 0 continuous, 842 integer (735 binary)
Optimize a model with 70 rows, 842 columns and 1507 nonzeros
Coefficient statistics:
  Matrix range    [1e+00, 2e+01]
  Objective range [2e+00, 1e+01]
  Bounds range    [1e+00, 8e+00]
  RHS range       [1e+01, 8e+01]
Presolve removed 0 rows and 5 columns
Presolved: 70 rows, 837 columns, 1502 nonzeros

Root barrier log...

Ordering time: 0.00s

Barrier statistics:
 AA' NZ     : 6.400e+02
 Factor NZ  : 2.160e+03
 Factor Ops : 8.854e+04 (less than 1 second per iteration)
 Threads    : 1

                  Objective                Residual
Iter       Primal          Dual         Primal    Dual     Compl     Time
   0  -8.37106246e+03 -5.25348057e+03  2.09e+01 8.88e-16  7.45e+00     0s
   1  -2.88618998e+03 -4.04899736e+03  1.57e+00 3.74e-01  1.27e+00     0s
   2  -2.60358319e+03 -2.87151536e+03  6.50e-02 2.41e-02  1.71e-01     0s
   3  -2.62840643e+03 -2.69030395e+03  2.63e-02 2.13e-14  4.16e-02     0s
   4  -2.65115958e+03 -2.67233994e+03  4.38e-03 8.88e-15  1.32e-02     0s
   5  -2.65649962e+03 -2.66584828e+03  1.92e-03 5.33e-15  5.82e-03     0s
   6  -2.65968900e+03 -2.66329154e+03  6.76e-04 3.55e-15  2.23e-03     0s
   7  -2.66102398e+03 -2.66227939e+03  2.14e-04 3.55e-15  7.72e-04     0s
   8  -2.66135738e+03 -2.66186255e+03  1.06e-04 3.55e-15  3.16e-04     0s
   9  -2.66167065e+03 -2.66172449e+03  7.03e-06 3.55e-15  3.31e-05     0s
  10  -2.66171067e+03 -2.66171073e+03  0.00e+00 3.55e-15  3.73e-08     0s
  11  -2.66171071e+03 -2.66171071e+03  0.00e+00 3.55e-15  3.73e-11     0s

Barrier solved model in 11 iterations and 0.02 seconds
Optimal objective -2.66171071e+03


Root relaxation: objective -2.661711e+03, 47 iterations, 0.01 seconds

    Nodes    |    Current Node    |     Objective Bounds      |     Work
 Expl Unexpl |  Obj  Depth IntInf | Incumbent    BestBd   Gap | It/Node Time

     0     0 -2661.7107    0   47 -2499.0000 -2661.7107  6.51%     -    0s
H    0     0                    -2623.000000 -2661.7107  1.48%     -    0s
H    0     0                    -2625.000000 -2661.7107  1.40%     -    0s
     0     0 -2659.2439    0   89 -2625.0000 -2659.2439  1.30%     -    0s
     0     0 -2659.1785    0   96 -2625.0000 -2659.1785  1.30%     -    0s
H    0     0                    -2637.500000 -2659.1785  0.82%     -    0s
H    0     0                    -2639.000000 -2659.1785  0.76%     -    0s

Cutting planes:
  Gomory: 4
  Cover: 7
  MIR: 87
  Zero half: 2

Explored 0 nodes (318 simplex iterations) in 0.10 seconds
Thread count was 16 (of 16 available processors)

Optimal solution found (tolerance 1.00e-02)
Best objective -2.639000000000e+03, best bound -2.659000000000e+03, gap 0.7579%
Changed value of parameter MIPGap to 0.01
   Prev: 0.0001  Min: 0.0  Max: 1e+100  Default: 0.0001
Changed value of parameter TimeLimit to 1800.0
   Prev: 1e+100  Min: 0.0  Max: 1e+100  Default: 1e+100
Changed value of parameter Method to 2
   Prev: -1  Min: -1  Max: 4  Default: -1
Changed value of parameter MIPFocus to 1
   Prev: 0  Min: 0  Max: 3  Default: 0
Optimize a model with 2282 rows, 3273 columns and 6546 nonzeros
Coefficient statistics:
  Matrix range    [1e+00, 2e+01]
  Objective range [2e+00, 2e+01]
  Bounds range    [1e+00, 1e+00]
  RHS range       [8e+01, 8e+01]
Found heuristic solution: objective 0
Presolve removed 2212 rows and 2429 columns
Presolve time: 0.01s
Presolved: 70 rows, 844 columns, 1511 nonzeros
Found heuristic solution: objective -4172.000000
Variable types: 0 continuous, 844 integer (739 binary)
Optimize a model with 70 rows, 844 columns and 1511 nonzeros
Coefficient statistics:
  Matrix range    [1e+00, 2e+01]
  Objective range [2e+00, 2e+01]
  Bounds range    [1e+00, 8e+00]
  RHS range       [1e+01, 8e+01]
Presolve removed 0 rows and 61 columns
Presolved: 70 rows, 783 columns, 1441 nonzeros

Root barrier log...

Ordering time: 0.00s

Barrier statistics:
 AA' NZ     : 6.400e+02
 Factor NZ  : 2.066e+03
 Factor Ops : 7.839e+04 (less than 1 second per iteration)
 Threads    : 1

                  Objective                Residual
Iter       Primal          Dual         Primal    Dual     Compl     Time
   0  -1.26675287e+04 -1.04923723e+04  1.95e+01 3.55e-15  1.72e+01     0s
   1  -4.39892055e+03 -7.79028854e+03  7.81e-01 1.22e+00  2.84e+00     0s
   2  -4.37904281e+03 -4.92807407e+03  4.49e-02 9.99e-02  3.62e-01     0s
   3  -4.52020257e+03 -4.66025660e+03  1.20e-02 7.11e-15  9.18e-02     0s
   4  -4.57160453e+03 -4.60822744e+03  2.70e-03 7.11e-15  2.38e-02     0s
   5  -4.58566044e+03 -4.59827997e+03  8.33e-04 7.11e-15  8.16e-03     0s
   6  -4.59081674e+03 -4.59443124e+03  2.05e-04 7.11e-15  2.32e-03     0s
   7  -4.59176145e+03 -4.59301382e+03  9.91e-05 7.11e-15  8.23e-04     0s
   8  -4.59271222e+03 -4.59274818e+03  0.00e+00 7.11e-15  2.24e-05     0s
   9  -4.59272855e+03 -4.59272859e+03  0.00e+00 7.11e-15  2.24e-08     0s
  10  -4.59272857e+03 -4.59272857e+03  0.00e+00 7.11e-15  2.24e-11     0s

Barrier solved model in 10 iterations and 0.02 seconds
Optimal objective -4.59272857e+03


Root relaxation: objective -4.592729e+03, 70 iterations, 0.01 seconds

    Nodes    |    Current Node    |     Objective Bounds      |     Work
 Expl Unexpl |  Obj  Depth IntInf | Incumbent    BestBd   Gap | It/Node Time

     0     0 -4592.7286    0   47 -4172.0000 -4592.7286  10.1%     -    0s
H    0     0                    -4483.000000 -4592.7286  2.45%     -    0s
H    0     0                    -4531.000000 -4592.7286  1.36%     -    0s
H    0     0                    -4533.000000 -4592.7286  1.32%     -    0s
     0     0 -4581.8054    0   97 -4533.0000 -4581.8054  1.08%     -    0s
     0     0 -4581.4926    0   95 -4533.0000 -4581.4926  1.07%     -    0s
H    0     0                    -4534.000000 -4581.4926  1.05%     -    0s
     0     0 -4578.6644    0  107 -4534.0000 -4578.6644  0.99%     -    0s

Cutting planes:
  Gomory: 2
  Cover: 6
  MIR: 86
  Zero half: 1

Explored 0 nodes (557 simplex iterations) in 0.11 seconds
Thread count was 16 (of 16 available processors)

Optimal solution found (tolerance 1.00e-02)
Best objective -4.534000000000e+03, best bound -4.578000000000e+03, gap 0.9704%
Changed value of parameter MIPGap to 0.01
   Prev: 0.0001  Min: 0.0  Max: 1e+100  Default: 0.0001
Changed value of parameter TimeLimit to 1800.0
   Prev: 1e+100  Min: 0.0  Max: 1e+100  Default: 1e+100
Changed value of parameter Method to 2
   Prev: -1  Min: -1  Max: 4  Default: -1
Changed value of parameter MIPFocus to 1
   Prev: 0  Min: 0  Max: 3  Default: 0
Optimize a model with 2282 rows, 3273 columns and 6546 nonzeros
Coefficient statistics:
  Matrix range    [1e+00, 2e+01]
  Objective range [3e+00, 4e+01]
  Bounds range    [1e+00, 1e+00]
  RHS range       [8e+01, 8e+01]
Found heuristic solution: objective 0
Presolve removed 2212 rows and 2429 columns
Presolve time: 0.01s
Presolved: 70 rows, 844 columns, 1511 nonzeros
Found heuristic solution: objective -7516.000000
Variable types: 0 continuous, 844 integer (739 binary)
Optimize a model with 70 rows, 844 columns and 1511 nonzeros
Coefficient statistics:
  Matrix range    [1e+00, 2e+01]
  Objective range [3e+00, 4e+01]
  Bounds range    [1e+00, 8e+00]
  RHS range       [1e+01, 8e+01]
Presolved: 70 rows, 844 columns, 1511 nonzeros

Root barrier log...

Ordering time: 0.00s

Barrier statistics:
 AA' NZ     : 6.400e+02
 Factor NZ  : 2.066e+03
 Factor Ops : 7.839e+04 (less than 1 second per iteration)
 Threads    : 1

                  Objective                Residual
Iter       Primal          Dual         Primal    Dual     Compl     Time
   0  -2.24220521e+04 -2.06475245e+04  2.00e+01 7.11e-15  3.37e+01     0s
   1  -7.78324317e+03 -1.53064328e+04  5.36e-01 2.86e+00  5.40e+00     0s
   2  -7.98683557e+03 -9.12865160e+03  1.51e-02 2.40e-01  6.67e-01     0s
   3  -8.39664084e+03 -8.66072786e+03  9.88e-04 2.92e-02  1.52e-01     0s
   4  -8.44658488e+03 -8.53167159e+03  3.68e-04 1.42e-14  4.90e-02     0s
   5  -8.47996543e+03 -8.50472316e+03  8.88e-05 1.07e-14  1.43e-02     0s
   6  -8.48984097e+03 -8.49794621e+03  2.31e-05 1.42e-14  4.66e-03     0s
   7  -8.49382195e+03 -8.49527196e+03  0.00e+00 1.42e-14  8.30e-04     0s
   8  -8.49424788e+03 -8.49469173e+03  0.00e+00 1.42e-14  2.54e-04     0s
   9  -8.49437217e+03 -8.49439733e+03  0.00e+00 1.42e-14  1.44e-05     0s
  10  -8.49438808e+03 -8.49438812e+03  0.00e+00 1.42e-14  2.30e-08     0s
  11  -8.49438810e+03 -8.49438810e+03  0.00e+00 1.42e-14  2.30e-11     0s

Barrier solved model in 11 iterations and 0.02 seconds
Optimal objective -8.49438810e+03


Root relaxation: objective -8.494388e+03, 31 iterations, 0.01 seconds

    Nodes    |    Current Node    |     Objective Bounds      |     Work
 Expl Unexpl |  Obj  Depth IntInf | Incumbent    BestBd   Gap | It/Node Time

     0     0 -8494.3881    0   52 -7516.0000 -8494.3881  13.0%     -    0s
H    0     0                    -8317.000000 -8494.3881  2.13%     -    0s
H    0     0                    -8389.000000 -8494.3881  1.26%     -    0s
H    0     0                    -8402.000000 -8494.3881  1.10%     -    0s
     0     0 -8469.3121    0   93 -8402.0000 -8469.3121  0.80%     -    0s

Cutting planes:
  Gomory: 1
  Cover: 4
  MIR: 47

Explored 0 nodes (230 simplex iterations) in 0.07 seconds
Thread count was 16 (of 16 available processors)

Optimal solution found (tolerance 1.00e-02)
Best objective -8.402000000000e+03, best bound -8.469000000000e+03, gap 0.7974%
Changed value of parameter MIPGap to 0.01
   Prev: 0.0001  Min: 0.0  Max: 1e+100  Default: 0.0001
Changed value of parameter TimeLimit to 1800.0
   Prev: 1e+100  Min: 0.0  Max: 1e+100  Default: 1e+100
Changed value of parameter Method to 2
   Prev: -1  Min: -1  Max: 4  Default: -1
Changed value of parameter MIPFocus to 1
   Prev: 0  Min: 0  Max: 3  Default: 0
Optimize a model with 2282 rows, 3273 columns and 6546 nonzeros
Coefficient statistics:
  Matrix range    [1e+00, 2e+01]
  Objective range [5e+00, 8e+01]
  Bounds range    [1e+00, 1e+00]
  RHS range       [8e+01, 8e+01]
Found heuristic solution: objective 0
Presolve removed 2212 rows and 2429 columns
Presolve time: 0.01s
Presolved: 70 rows, 844 columns, 1511 nonzeros
Found heuristic solution: objective -14227.00000
Variable types: 0 continuous, 844 integer (739 binary)
Optimize a model with 70 rows, 844 columns and 1511 nonzeros
Coefficient statistics:
  Matrix range    [1e+00, 2e+01]
  Objective range [5e+00, 8e+01]
  Bounds range    [1e+00, 8e+00]
  RHS range       [1e+01, 8e+01]
Presolved: 70 rows, 844 columns, 1511 nonzeros

Root barrier log...

Ordering time: 0.00s

Barrier statistics:
 AA' NZ     : 6.400e+02
 Factor NZ  : 2.066e+03
 Factor Ops : 7.839e+04 (less than 1 second per iteration)
 Threads    : 1

                  Objective                Residual
Iter       Primal          Dual         Primal    Dual     Compl     Time
   0  -4.14734656e+04 -4.11635885e+04  2.00e+01 1.42e-14  6.90e+01     0s
   1  -1.47894424e+04 -3.03517819e+04  5.55e-01 6.99e+00  1.12e+01     0s
   2  -1.53474447e+04 -1.76552866e+04  1.59e-02 5.79e-01  1.35e+00     0s
   3  -1.61430840e+04 -1.66851144e+04  8.50e-05 8.93e-02  3.09e-01     0s
   4  -1.63033427e+04 -1.64602108e+04  0.00e+00 1.18e-02  8.93e-02     0s
   5  -1.63266605e+04 -1.63747800e+04  0.00e+00 2.84e-14  2.74e-02     0s
   6  -1.63346309e+04 -1.63472375e+04  0.00e+00 1.16e-03  7.18e-03     0s
   7  -1.63375022e+04 -1.63399956e+04  0.00e+00 2.84e-14  1.42e-03     0s
   8  -1.63381634e+04 -1.63384166e+04  0.00e+00 2.84e-14  1.44e-04     0s
   9  -1.63382642e+04 -1.63382645e+04  0.00e+00 2.84e-14  1.90e-07     0s
  10  -1.63382643e+04 -1.63382643e+04  0.00e+00 2.84e-14  1.90e-10     0s

Barrier solved model in 10 iterations and 0.02 seconds
Optimal objective -1.63382643e+04


Root relaxation: objective -1.633826e+04, 31 iterations, 0.01 seconds

    Nodes    |    Current Node    |     Objective Bounds      |     Work
 Expl Unexpl |  Obj  Depth IntInf | Incumbent    BestBd   Gap | It/Node Time

     0     0 -16338.264    0   54 -14227.000 -16338.264  14.8%     -    0s
H    0     0                    -16005.00000 -16338.264  2.08%     -    0s
H    0     0                    -16174.00000 -16338.264  1.02%     -    0s
H    0     0                    -16178.00000 -16338.264  0.99%     -    0s

Explored 0 nodes (41 simplex iterations) in 0.04 seconds
Thread count was 16 (of 16 available processors)

Optimal solution found (tolerance 1.00e-02)
Best objective -1.617800000000e+04, best bound -1.633800000000e+04, gap 0.9890%
Changed value of parameter MIPGap to 0.01
   Prev: 0.0001  Min: 0.0  Max: 1e+100  Default: 0.0001
Changed value of parameter TimeLimit to 1800.0
   Prev: 1e+100  Min: 0.0  Max: 1e+100  Default: 1e+100
Changed value of parameter Method to 2
   Prev: -1  Min: -1  Max: 4  Default: -1
Changed value of parameter MIPFocus to 1
   Prev: 0  Min: 0  Max: 3  Default: 0
Optimize a model with 2282 rows, 3273 columns and 6546 nonzeros
Coefficient statistics:
  Matrix range    [1e+00, 2e+01]
  Objective range [6e+00, 1e+02]
  Bounds range    [1e+00, 1e+00]
  RHS range       [8e+01, 8e+01]
Found heuristic solution: objective 0
Presolve removed 2212 rows and 2429 columns
Presolve time: 0.01s
Presolved: 70 rows, 844 columns, 1511 nonzeros
Found heuristic solution: objective -17584.00000
Variable types: 0 continuous, 844 integer (739 binary)
Optimize a model with 70 rows, 844 columns and 1511 nonzeros
Coefficient statistics:
  Matrix range    [1e+00, 2e+01]
  Objective range [6e+00, 1e+02]
  Bounds range    [1e+00, 8e+00]
  RHS range       [1e+01, 8e+01]
Presolved: 70 rows, 844 columns, 1511 nonzeros

Root barrier log...

Ordering time: 0.00s

Barrier statistics:
 AA' NZ     : 6.400e+02
 Factor NZ  : 2.066e+03
 Factor Ops : 7.839e+04 (less than 1 second per iteration)
 Threads    : 1

                  Objective                Residual
Iter       Primal          Dual         Primal    Dual     Compl     Time
   0  -5.09988029e+04 -5.14216205e+04  2.00e+01 1.42e-14  8.66e+01     0s
   1  -1.82945017e+04 -3.78748986e+04  5.58e-01 9.05e+00  1.41e+01     0s
   2  -1.90185662e+04 -2.19217065e+04  1.43e-02 7.82e-01  1.69e+00     0s
   3  -2.00262019e+04 -2.06964836e+04  5.41e-05 1.17e-01  3.82e-01     0s
   4  -2.02215772e+04 -2.04283299e+04  0.00e+00 2.82e-02  1.18e-01     0s
   5  -2.02515095e+04 -2.03151993e+04  0.00e+00 2.84e-14  3.63e-02     0s
   6  -2.02620015e+04 -2.02777238e+04  0.00e+00 2.84e-14  8.95e-03     0s
   7  -2.02658848e+04 -2.02687990e+04  0.00e+00 2.84e-14  1.66e-03     0s
   8  -2.02666227e+04 -2.02667617e+04  0.00e+00 3.55e-14  7.92e-05     0s
   9  -2.02667237e+04 -2.02667238e+04  0.00e+00 2.84e-14  7.92e-08     0s
  10  -2.02667238e+04 -2.02667238e+04  0.00e+00 3.55e-14  7.92e-11     0s

Barrier solved model in 10 iterations and 0.02 seconds
Optimal objective -2.02667238e+04


Root relaxation: objective -2.026672e+04, 35 iterations, 0.01 seconds

    Nodes    |    Current Node    |     Objective Bounds      |     Work
 Expl Unexpl |  Obj  Depth IntInf | Incumbent    BestBd   Gap | It/Node Time

     0     0 -20266.724    0   52 -17584.000 -20266.724  15.3%     -    0s
H    0     0                    -19889.00000 -20266.724  1.90%     -    0s
H    0     0                    -20049.00000 -20266.724  1.09%     -    0s
     0     0 -20192.666    0   70 -20049.000 -20192.666  0.72%     -    0s

Cutting planes:
  Cover: 4
  MIR: 42

Explored 0 nodes (173 simplex iterations) in 0.07 seconds
Thread count was 16 (of 16 available processors)

Optimal solution found (tolerance 1.00e-02)
Best objective -2.004900000000e+04, best bound -2.019200000000e+04, gap 0.7133%
Changed value of parameter MIPGap to 0.01
   Prev: 0.0001  Min: 0.0  Max: 1e+100  Default: 0.0001
Changed value of parameter TimeLimit to 1800.0
   Prev: 1e+100  Min: 0.0  Max: 1e+100  Default: 1e+100
Changed value of parameter Method to 2
   Prev: -1  Min: -1  Max: 4  Default: -1
Changed value of parameter MIPFocus to 1
   Prev: 0  Min: 0  Max: 3  Default: 0
Optimize a model with 2282 rows, 3273 columns and 6546 nonzeros
Coefficient statistics:
  Matrix range    [1e+00, 2e+01]
  Objective range [1e+01, 2e+02]
  Bounds range    [1e+00, 1e+00]
  RHS range       [8e+01, 8e+01]
Found heuristic solution: objective 0
Presolve removed 2212 rows and 2429 columns
Presolve time: 0.01s
Presolved: 70 rows, 844 columns, 1511 nonzeros
Found heuristic solution: objective -34369.00000
Variable types: 0 continuous, 844 integer (739 binary)
Optimize a model with 70 rows, 844 columns and 1511 nonzeros
Coefficient statistics:
  Matrix range    [1e+00, 2e+01]
  Objective range [1e+01, 2e+02]
  Bounds range    [1e+00, 8e+00]
  RHS range       [1e+01, 8e+01]
Presolved: 70 rows, 844 columns, 1511 nonzeros

Root barrier log...

Ordering time: 0.00s

Barrier statistics:
 AA' NZ     : 6.400e+02
 Factor NZ  : 2.066e+03
 Factor Ops : 7.839e+04 (less than 1 second per iteration)
 Threads    : 1

                  Objective                Residual
Iter       Primal          Dual         Primal    Dual     Compl     Time
   0  -9.86247755e+04 -1.02711780e+05  2.00e+01 2.84e-14  1.75e+02     0s
   1  -3.58243040e+04 -7.55443588e+04  5.65e-01 1.93e+01  2.86e+01     0s
   2  -3.73819647e+04 -4.32727645e+04  1.10e-02 1.74e+00  3.41e+00     0s
   3  -3.94259742e+04 -4.07539785e+04  7.02e-05 2.71e-01  7.57e-01     0s
   4  -3.98354871e+04 -4.02401128e+04  0.00e+00 1.05e-01  2.30e-01     0s
   5  -3.98855139e+04 -4.00018336e+04  0.00e+00 2.16e-02  6.62e-02     0s
   6  -3.99056114e+04 -3.99355794e+04  0.00e+00 2.25e-03  1.71e-02     0s
   7  -3.99103061e+04 -3.99210748e+04  0.00e+00 1.89e-04  6.13e-03     0s
   8  -3.99124995e+04 -3.99131266e+04  0.00e+00 5.68e-14  3.57e-04     0s
   9  -3.99127497e+04 -3.99127504e+04  0.00e+00 5.68e-14  3.57e-07     0s
  10  -3.99127500e+04 -3.99127500e+04  0.00e+00 8.53e-14  3.57e-10     0s

Barrier solved model in 10 iterations and 0.02 seconds
Optimal objective -3.99127500e+04


Root relaxation: objective -3.991275e+04, 35 iterations, 0.01 seconds

    Nodes    |    Current Node    |     Objective Bounds      |     Work
 Expl Unexpl |  Obj  Depth IntInf | Incumbent    BestBd   Gap | It/Node Time

     0     0 -39912.750    0   48 -34369.000 -39912.750  16.1%     -    0s
H    0     0                    -39131.00000 -39912.750  2.00%     -    0s
H    0     0                    -39468.00000 -39912.750  1.13%     -    0s
H    0     0                    -39535.00000 -39912.750  0.96%     -    0s

Explored 0 nodes (45 simplex iterations) in 0.04 seconds
Thread count was 16 (of 16 available processors)

Optimal solution found (tolerance 1.00e-02)
Best objective -3.953500000000e+04, best bound -3.991200000000e+04, gap 0.9536%
Changed value of parameter MIPGap to 0.01
   Prev: 0.0001  Min: 0.0  Max: 1e+100  Default: 0.0001
Changed value of parameter TimeLimit to 1800.0
   Prev: 1e+100  Min: 0.0  Max: 1e+100  Default: 1e+100
Changed value of parameter Method to 2
   Prev: -1  Min: -1  Max: 4  Default: -1
Changed value of parameter MIPFocus to 1
   Prev: 0  Min: 0  Max: 3  Default: 0
Optimize a model with 2282 rows, 3273 columns and 6546 nonzeros
Coefficient statistics:
  Matrix range    [1e+00, 2e+01]
  Objective range [2e+01, 4e+02]
  Bounds range    [1e+00, 1e+00]
  RHS range       [8e+01, 8e+01]
Found heuristic solution: objective 0
Presolve removed 2212 rows and 2429 columns
Presolve time: 0.01s
Presolved: 70 rows, 844 columns, 1511 nonzeros
Found heuristic solution: objective -67939.00000
Variable types: 0 continuous, 844 integer (739 binary)
Optimize a model with 70 rows, 844 columns and 1511 nonzeros
Coefficient statistics:
  Matrix range    [1e+00, 2e+01]
  Objective range [2e+01, 4e+02]
  Bounds range    [1e+00, 8e+00]
  RHS range       [1e+01, 8e+01]
Presolved: 70 rows, 844 columns, 1511 nonzeros

Root barrier log...

Ordering time: 0.00s

Barrier statistics:
 AA' NZ     : 6.400e+02
 Factor NZ  : 2.066e+03
 Factor Ops : 7.839e+04 (less than 1 second per iteration)
 Threads    : 1

                  Objective                Residual
Iter       Primal          Dual         Primal    Dual     Compl     Time
   0  -1.93876019e+05 -2.05292100e+05  2.00e+01 5.68e-14  3.52e+02     0s
   1  -7.08887364e+04 -1.50931024e+05  5.68e-01 3.97e+01  5.76e+01     0s
   2  -7.41062413e+04 -8.59854857e+04  1.13e-02 3.60e+00  6.88e+00     0s
   3  -7.82987058e+04 -8.09684186e+04  0.00e+00 6.32e-01  1.52e+00     0s
   4  -7.90393986e+04 -7.96679971e+04  0.00e+00 1.61e-01  3.58e-01     0s
   5  -7.91519993e+04 -7.93249472e+04  0.00e+00 3.33e-02  9.85e-02     0s
   6  -7.91836794e+04 -7.92367506e+04  0.00e+00 3.03e-03  3.02e-02     0s
   7  -7.92014490e+04 -7.92160071e+04  0.00e+00 8.53e-14  8.29e-03     0s
   8  -7.92032356e+04 -7.92059492e+04  0.00e+00 1.14e-13  1.54e-03     0s
   9  -7.92052108e+04 -7.92054038e+04  0.00e+00 1.14e-13  1.10e-04     0s
  10  -7.92052467e+04 -7.92052529e+04  0.00e+00 1.42e-13  3.58e-06     0s
  11  -7.92052500e+04 -7.92052500e+04  0.00e+00 1.14e-13  3.58e-09     0s

Barrier solved model in 11 iterations and 0.02 seconds
Optimal objective -7.92052500e+04


Root relaxation: objective -7.920525e+04, 35 iterations, 0.01 seconds

    Nodes    |    Current Node    |     Objective Bounds      |     Work
 Expl Unexpl |  Obj  Depth IntInf | Incumbent    BestBd   Gap | It/Node Time

     0     0 -79205.250    0   50 -67939.000 -79205.250  16.6%     -    0s
H    0     0                    -77602.00000 -79205.250  2.07%     -    0s
H    0     0                    -78265.00000 -79205.250  1.20%     -    0s
H    0     0                    -78390.00000 -79205.250  1.04%     -    0s
H    0     0                    -78520.00000 -79205.250  0.87%     -    0s
H    0     0                    -78533.00000 -79205.250  0.86%     -    0s

Cutting planes:
  Cover: 4
  MIR: 42

Explored 0 nodes (48 simplex iterations) in 0.07 seconds
Thread count was 16 (of 16 available processors)

Optimal solution found (tolerance 1.00e-02)
Best objective -7.853300000000e+04, best bound -7.919400000000e+04, gap 0.8417%
Changed value of parameter MIPGap to 0.01
   Prev: 0.0001  Min: 0.0  Max: 1e+100  Default: 0.0001
Changed value of parameter TimeLimit to 1800.0
   Prev: 1e+100  Min: 0.0  Max: 1e+100  Default: 1e+100
Changed value of parameter Method to 2
   Prev: -1  Min: -1  Max: 4  Default: -1
Changed value of parameter MIPFocus to 1
   Prev: 0  Min: 0  Max: 3  Default: 0
Optimize a model with 2282 rows, 3273 columns and 6546 nonzeros
Coefficient statistics:
  Matrix range    [1e+00, 2e+01]
  Objective range [5e+01, 1e+03]
  Bounds range    [1e+00, 1e+00]
  RHS range       [8e+01, 8e+01]
Found heuristic solution: objective 0
Presolve removed 2212 rows and 2429 columns
Presolve time: 0.01s
Presolved: 70 rows, 844 columns, 1511 nonzeros
Found heuristic solution: objective -168649.0000
Variable types: 0 continuous, 844 integer (739 binary)
Optimize a model with 70 rows, 844 columns and 1511 nonzeros
Coefficient statistics:
  Matrix range    [1e+00, 2e+01]
  Objective range [5e+01, 1e+03]
  Bounds range    [1e+00, 8e+00]
  RHS range       [1e+01, 8e+01]
Presolved: 70 rows, 844 columns, 1511 nonzeros

Root barrier log...

Ordering time: 0.00s

Barrier statistics:
 AA' NZ     : 6.400e+02
 Factor NZ  : 2.066e+03
 Factor Ops : 7.839e+04 (less than 1 second per iteration)
 Threads    : 1

                  Objective                Residual
Iter       Primal          Dual         Primal    Dual     Compl     Time
   0  -4.79629199e+05 -5.13033060e+05  2.00e+01 1.14e-13  8.81e+02     0s
   1  -1.76085321e+05 -3.77090272e+05  5.69e-01 1.01e+02  1.45e+02     0s
   2  -1.84286805e+05 -2.14125141e+05  1.16e-02 9.18e+00  1.73e+01     0s
   3  -1.94849702e+05 -2.01445650e+05  0.00e+00 1.62e+00  3.76e+00     0s
   4  -1.96679259e+05 -1.97950945e+05  0.00e+00 2.94e-01  7.25e-01     0s
   5  -1.96954364e+05 -1.97311931e+05  0.00e+00 6.34e-02  2.04e-01     0s
   6  -1.97024374e+05 -1.97142530e+05  0.00e+00 5.50e-03  6.73e-02     0s
   7  -1.97070167e+05 -1.97102679e+05  0.00e+00 2.84e-13  1.85e-02     0s
   8  -1.97083248e+05 -1.97085305e+05  0.00e+00 2.84e-13  1.17e-03     0s
   9  -1.97084301e+05 -1.97084303e+05  0.00e+00 3.41e-13  1.17e-06     0s
  10  -1.97084302e+05 -1.97084302e+05  0.00e+00 3.41e-13  1.17e-09     0s

Barrier solved model in 10 iterations and 0.02 seconds
Optimal objective -1.97084302e+05


Root relaxation: objective -1.970843e+05, 38 iterations, 0.01 seconds

    Nodes    |    Current Node    |     Objective Bounds      |     Work
 Expl Unexpl |  Obj  Depth IntInf | Incumbent    BestBd   Gap | It/Node Time

     0     0 -197084.30    0   49 -168649.00 -197084.30  16.9%     -    0s
H    0     0                    -193463.0000 -197084.30  1.87%     -    0s
H    0     0                    -193710.0000 -197084.30  1.74%     -    0s
H    0     0                    -194772.0000 -197084.30  1.19%     -    0s
H    0     0                    -194916.0000 -197084.30  1.11%     -    0s
     0     0 -196350.90    0   59 -194916.00 -196350.90  0.74%     -    0s

Cutting planes:
  Gomory: 1
  Cover: 3
  MIR: 46

Explored 0 nodes (154 simplex iterations) in 0.06 seconds
Thread count was 16 (of 16 available processors)

Optimal solution found (tolerance 1.00e-02)
Best objective -1.949160000000e+05, best bound -1.963500000000e+05, gap 0.7357%
Changed value of parameter MIPGap to 0.01
   Prev: 0.0001  Min: 0.0  Max: 1e+100  Default: 0.0001
Changed value of parameter TimeLimit to 1800.0
   Prev: 1e+100  Min: 0.0  Max: 1e+100  Default: 1e+100
Changed value of parameter Method to 2
   Prev: -1  Min: -1  Max: 4  Default: -1
Changed value of parameter MIPFocus to 1
   Prev: 0  Min: 0  Max: 3  Default: 0
Optimize a model with 2282 rows, 3273 columns and 6546 nonzeros
Coefficient statistics:
  Matrix range    [1e+00, 2e+01]
  Objective range [5e+02, 1e+04]
  Bounds range    [1e+00, 1e+00]
  RHS range       [8e+01, 8e+01]
Found heuristic solution: objective 0
Presolve removed 2212 rows and 2429 columns
Presolve time: 0.01s
Presolved: 70 rows, 844 columns, 1511 nonzeros
Found heuristic solution: objective -1679299.000
Variable types: 0 continuous, 844 integer (739 binary)
Optimize a model with 70 rows, 844 columns and 1511 nonzeros
Coefficient statistics:
  Matrix range    [1e+00, 2e+01]
  Objective range [5e+02, 1e+04]
  Bounds range    [1e+00, 8e+00]
  RHS range       [1e+01, 8e+01]
Presolved: 70 rows, 844 columns, 1511 nonzeros

Root barrier log...

Ordering time: 0.00s

Barrier statistics:
 AA' NZ     : 6.400e+02
 Factor NZ  : 2.066e+03
 Factor Ops : 7.839e+04 (less than 1 second per iteration)
 Threads    : 1

                  Objective                Residual
Iter       Primal          Dual         Primal    Dual     Compl     Time
   0  -4.76592491e+06 -5.12914745e+06  2.00e+01 1.82e-12  8.83e+03     0s
   1  -1.75404602e+06 -3.76947633e+06  5.70e-01 1.02e+03  1.45e+03     0s
   2  -1.83677220e+06 -2.14131984e+06  1.34e-02 9.58e+01  1.77e+02     0s
   3  -1.94278647e+06 -2.00929490e+06  1.56e-05 1.67e+01  3.79e+01     0s
   4  -1.96127224e+06 -1.97397058e+06  0.00e+00 2.90e+00  7.24e+00     0s
   5  -1.96401354e+06 -1.96735267e+06  0.00e+00 5.90e-01  1.90e+00     0s
   6  -1.96485004e+06 -1.96587901e+06  0.00e+00 1.13e-01  5.86e-01     0s
   7  -1.96518791e+06 -1.96541577e+06  0.00e+00 3.18e-12  1.30e-01     0s
   8  -1.96526363e+06 -1.96530830e+06  0.00e+00 2.73e-12  2.54e-02     0s
   9  -1.96527322e+06 -1.96527571e+06  0.00e+00 3.64e-12  1.41e-03     0s
  10  -1.96527359e+06 -1.96527359e+06  0.00e+00 3.64e-12  2.34e-06     0s
  11  -1.96527359e+06 -1.96527359e+06  0.00e+00 2.73e-12  2.34e-09     0s

Barrier solved model in 11 iterations and 0.02 seconds
Optimal objective -1.96527359e+06


Root relaxation: objective -1.965274e+06, 37 iterations, 0.01 seconds

    Nodes    |    Current Node    |     Objective Bounds      |     Work
 Expl Unexpl |  Obj  Depth IntInf | Incumbent    BestBd   Gap | It/Node Time

     0     0 -1965273.6    0   45 -1679299.0 -1965273.6  17.0%     -    0s
H    0     0                    -1922168.000 -1965273.6  2.24%     -    0s
H    0     0                    -1944620.000 -1965273.6  1.06%     -    0s
H    0     0                    -1949118.000 -1965273.6  0.83%     -    0s

Explored 0 nodes (57 simplex iterations) in 0.05 seconds
Thread count was 16 (of 16 available processors)

Optimal solution found (tolerance 1.00e-02)
Best objective -1.949118000000e+06, best bound -1.965273000000e+06, gap 0.8288%
