Changed value of parameter MIPGap to 0.01
   Prev: 0.0001  Min: 0.0  Max: 1e+100  Default: 0.0001
Changed value of parameter TimeLimit to 1800.0
   Prev: 1e+100  Min: 0.0  Max: 1e+100  Default: 1e+100
Changed value of parameter Method to 2
   Prev: -1  Min: -1  Max: 4  Default: -1
Changed value of parameter MIPFocus to 1
   Prev: 0  Min: 0  Max: 3  Default: 0
Optimize a model with 2426 rows, 7441 columns and 14882 nonzeros
Coefficient statistics:
  Matrix range    [1e+00, 4e+01]
  Objective range [1e+00, 1e+00]
  Bounds range    [1e+00, 1e+00]
  RHS range       [8e+01, 8e+01]
Found heuristic solution: objective 0
Presolve removed 378 rows and 1447 columns
Presolve time: 0.05s
Presolved: 2048 rows, 5994 columns, 11988 nonzeros
Found heuristic solution: objective -848.0000000
Variable types: 0 continuous, 5994 integer (5994 binary)
Optimize a model with 2048 rows, 5994 columns and 11988 nonzeros
Coefficient statistics:
  Matrix range    [1e+00, 4e+01]
  Objective range [1e+00, 1e+00]
  Bounds range    [1e+00, 1e+00]
  RHS range       [1e+00, 8e+01]
Presolved: 2048 rows, 5994 columns, 11988 nonzeros

Root barrier log...

Ordering time: 0.00s

Barrier statistics:
 AA' NZ     : 5.994e+03
 Factor NZ  : 3.144e+04 (roughly 4 MBytes of memory)
 Factor Ops : 1.772e+06 (less than 1 second per iteration)
 Threads    : 1

                  Objective                Residual
Iter       Primal          Dual         Primal    Dual     Compl     Time
   0  -4.23045860e+03 -3.81037487e+03  2.82e+01 2.48e-01  1.46e+00     0s
   1  -1.31259315e+03 -2.88005317e+03  3.74e+00 5.55e-16  2.74e-01     0s
   2  -9.01914905e+02 -1.20681585e+03  1.61e-01 8.88e-16  2.76e-02     0s
   3  -9.05849795e+02 -9.52880267e+02  4.32e-02 4.44e-16  4.44e-03     0s
   4  -9.07481736e+02 -9.16960936e+02  1.78e-02 2.22e-16  1.03e-03     0s
   5  -9.08085609e+02 -9.08346107e+02  6.71e-04 2.22e-16  3.13e-05     0s
   6  -9.08121910e+02 -9.08122012e+02  5.73e-07 2.22e-16  1.73e-08     0s
   7  -9.08121951e+02 -9.08121951e+02  4.08e-13 4.44e-16  1.73e-11     0s

Barrier solved model in 7 iterations and 0.12 seconds
Optimal objective -9.08121951e+02


Root relaxation: objective -9.081220e+02, 4366 iterations, 0.10 seconds

    Nodes    |    Current Node    |     Objective Bounds      |     Work
 Expl Unexpl |  Obj  Depth IntInf | Incumbent    BestBd   Gap | It/Node Time

     0     0 -908.12195    0  396 -848.00000 -908.12195  7.09%     -    0s
     0     0 -882.09756    0  224 -848.00000 -882.09756  4.02%     -    0s
H    0     0                    -859.0000000 -882.09756  2.69%     -    0s
H    0     0                    -863.0000000 -882.09756  2.21%     -    0s
     0     0 -882.09756    0  226 -863.00000 -882.09756  2.21%     -    0s
     0     0 -865.50000    0   11 -863.00000 -865.50000  0.29%     -    0s

Cutting planes:
  Gomory: 17
  Cover: 177
  MIR: 1

Explored 0 nodes (7913 simplex iterations) in 0.81 seconds
Thread count was 16 (of 16 available processors)

Optimal solution found (tolerance 1.00e-02)
Best objective -8.630000000000e+02, best bound -8.650000000000e+02, gap 0.2317%
Changed value of parameter MIPGap to 0.01
   Prev: 0.0001  Min: 0.0  Max: 1e+100  Default: 0.0001
Changed value of parameter TimeLimit to 1800.0
   Prev: 1e+100  Min: 0.0  Max: 1e+100  Default: 1e+100
Changed value of parameter Method to 2
   Prev: -1  Min: -1  Max: 4  Default: -1
Changed value of parameter MIPFocus to 1
   Prev: 0  Min: 0  Max: 3  Default: 0
Optimize a model with 2426 rows, 7441 columns and 14882 nonzeros
Coefficient statistics:
  Matrix range    [1e+00, 4e+01]
  Objective range [1e+00, 1e+00]
  Bounds range    [1e+00, 1e+00]
  RHS range       [8e+01, 8e+01]
Found heuristic solution: objective 0
Presolve removed 378 rows and 1447 columns
Presolve time: 0.05s
Presolved: 2048 rows, 5994 columns, 11988 nonzeros
Found heuristic solution: objective -849.6615000
Variable types: 0 continuous, 5994 integer (5994 binary)
Optimize a model with 2048 rows, 5994 columns and 11988 nonzeros
Coefficient statistics:
  Matrix range    [1e+00, 4e+01]
  Objective range [1e+00, 1e+00]
  Bounds range    [1e+00, 1e+00]
  RHS range       [1e+00, 8e+01]
Presolved: 2048 rows, 5994 columns, 11988 nonzeros

Root barrier log...

Ordering time: 0.00s

Barrier statistics:
 AA' NZ     : 5.994e+03
 Factor NZ  : 3.144e+04 (roughly 4 MBytes of memory)
 Factor Ops : 1.772e+06 (less than 1 second per iteration)
 Threads    : 1

                  Objective                Residual
Iter       Primal          Dual         Primal    Dual     Compl     Time
   0  -4.24174095e+03 -3.81412145e+03  2.82e+01 2.48e-01  1.46e+00     0s
   1  -1.31741299e+03 -2.88321302e+03  3.75e+00 6.66e-16  2.74e-01     0s
   2  -9.04696001e+02 -1.26412968e+03  1.66e-01 6.66e-16  3.22e-02     0s
   3  -9.07624509e+02 -9.63864053e+02  2.10e-02 2.89e-15  4.83e-03     0s
   4  -9.09602826e+02 -9.18307411e+02  7.68e-03 2.22e-16  8.20e-04     0s
   5  -9.10350884e+02 -9.10563329e+02  2.26e-04 4.44e-16  2.08e-05     0s
   6  -9.10384650e+02 -9.10384690e+02  1.04e-07 4.44e-16  5.01e-09     0s
   7  -9.10384671e+02 -9.10384671e+02  5.36e-13 4.44e-16  5.01e-12     0s

Barrier solved model in 7 iterations and 0.11 seconds
Optimal objective -9.10384671e+02


Root relaxation: objective -9.103847e+02, 4334 iterations, 0.09 seconds

    Nodes    |    Current Node    |     Objective Bounds      |     Work
 Expl Unexpl |  Obj  Depth IntInf | Incumbent    BestBd   Gap | It/Node Time

     0     0 -910.38467    0  310 -849.66150 -910.38467  7.15%     -    0s
     0     0 -893.15309    0  244 -849.66150 -893.15309  5.12%     -    0s
H    0     0                    -857.7415000 -893.15309  4.13%     -    0s
H    0     0                    -865.8215000 -893.15309  3.16%     -    0s
     0     0 -892.68504    0  243 -865.82150 -892.68504  3.10%     -    0s
     0     0 -867.33650    0   11 -865.82150 -867.33650  0.17%     -    0s

Cutting planes:
  Gomory: 14
  Cover: 177

Explored 0 nodes (9213 simplex iterations) in 0.68 seconds
Thread count was 16 (of 16 available processors)

Optimal solution found (tolerance 1.00e-02)
Best objective -8.658215000000e+02, best bound -8.673365000000e+02, gap 0.1750%
Changed value of parameter MIPGap to 0.01
   Prev: 0.0001  Min: 0.0  Max: 1e+100  Default: 0.0001
Changed value of parameter TimeLimit to 1800.0
   Prev: 1e+100  Min: 0.0  Max: 1e+100  Default: 1e+100
Changed value of parameter Method to 2
   Prev: -1  Min: -1  Max: 4  Default: -1
Changed value of parameter MIPFocus to 1
   Prev: 0  Min: 0  Max: 3  Default: 0
Optimize a model with 2426 rows, 7441 columns and 14882 nonzeros
Coefficient statistics:
  Matrix range    [1e+00, 4e+01]
  Objective range [1e+00, 1e+00]
  Bounds range    [1e+00, 1e+00]
  RHS range       [8e+01, 8e+01]
Found heuristic solution: objective 0
Presolve removed 378 rows and 1447 columns
Presolve time: 0.05s
Presolved: 2048 rows, 5994 columns, 11988 nonzeros
Found heuristic solution: objective -851.3230000
Variable types: 0 continuous, 5994 integer (5994 binary)
Optimize a model with 2048 rows, 5994 columns and 11988 nonzeros
Coefficient statistics:
  Matrix range    [1e+00, 4e+01]
  Objective range [1e+00, 1e+00]
  Bounds range    [1e+00, 1e+00]
  RHS range       [1e+00, 8e+01]
Presolved: 2048 rows, 5994 columns, 11988 nonzeros

Root barrier log...

Ordering time: 0.00s

Barrier statistics:
 AA' NZ     : 5.994e+03
 Factor NZ  : 3.144e+04 (roughly 4 MBytes of memory)
 Factor Ops : 1.772e+06 (less than 1 second per iteration)
 Threads    : 1

                  Objective                Residual
Iter       Primal          Dual         Primal    Dual     Compl     Time
   0  -4.25302316e+03 -3.81786802e+03  2.82e+01 2.48e-01  1.46e+00     0s
   1  -1.32218803e+03 -2.88637396e+03  3.76e+00 8.88e-16  2.75e-01     0s
   2  -9.07396235e+02 -1.26791081e+03  1.69e-01 8.88e-16  3.24e-02     0s
   3  -9.09961444e+02 -9.66759308e+02  2.16e-02 8.88e-16  4.89e-03     0s
   4  -9.11920965e+02 -9.20665455e+02  7.64e-03 4.44e-16  8.23e-04     0s
   5  -9.12596123e+02 -9.12832460e+02  4.39e-04 4.44e-16  2.61e-05     0s
   6  -9.12647382e+02 -9.12647409e+02  5.61e-08 4.44e-16  3.14e-09     0s
   7  -9.12647390e+02 -9.12647390e+02  5.60e-13 4.44e-16  3.14e-12     0s

Barrier solved model in 7 iterations and 0.11 seconds
Optimal objective -9.12647390e+02


Root relaxation: objective -9.126474e+02, 4295 iterations, 0.09 seconds

    Nodes    |    Current Node    |     Objective Bounds      |     Work
 Expl Unexpl |  Obj  Depth IntInf | Incumbent    BestBd   Gap | It/Node Time

     0     0 -912.64739    0  383 -851.32300 -912.64739  7.20%     -    0s
     0     0 -882.14690    0  236 -851.32300 -882.14690  3.62%     -    0s
H    0     0                    -864.5830000 -882.14690  2.03%     -    0s
H    0     0                    -867.6430000 -882.14690  1.67%     -    0s
     0     0 -881.67422    0  213 -867.64300 -881.67422  1.62%     -    0s
     0     0 -869.17300    0   25 -867.64300 -869.17300  0.18%     -    0s

Cutting planes:
  Gomory: 12
  Cover: 177
  MIR: 1

Explored 0 nodes (7797 simplex iterations) in 0.79 seconds
Thread count was 16 (of 16 available processors)

Optimal solution found (tolerance 1.00e-02)
Best objective -8.676430000000e+02, best bound -8.691730000000e+02, gap 0.1763%
Changed value of parameter MIPGap to 0.01
   Prev: 0.0001  Min: 0.0  Max: 1e+100  Default: 0.0001
Changed value of parameter TimeLimit to 1800.0
   Prev: 1e+100  Min: 0.0  Max: 1e+100  Default: 1e+100
Changed value of parameter Method to 2
   Prev: -1  Min: -1  Max: 4  Default: -1
Changed value of parameter MIPFocus to 1
   Prev: 0  Min: 0  Max: 3  Default: 0
Optimize a model with 2426 rows, 7441 columns and 14882 nonzeros
Coefficient statistics:
  Matrix range    [1e+00, 4e+01]
  Objective range [1e+00, 1e+00]
  Bounds range    [1e+00, 1e+00]
  RHS range       [8e+01, 8e+01]
Found heuristic solution: objective 0
Presolve removed 378 rows and 1447 columns
Presolve time: 0.05s
Presolved: 2048 rows, 5994 columns, 11988 nonzeros
Found heuristic solution: objective -854.6460000
Variable types: 0 continuous, 5994 integer (5994 binary)
Optimize a model with 2048 rows, 5994 columns and 11988 nonzeros
Coefficient statistics:
  Matrix range    [1e+00, 4e+01]
  Objective range [1e+00, 1e+00]
  Bounds range    [1e+00, 1e+00]
  RHS range       [1e+00, 8e+01]
Presolved: 2048 rows, 5994 columns, 11988 nonzeros

Root barrier log...

Ordering time: 0.00s

Barrier statistics:
 AA' NZ     : 5.994e+03
 Factor NZ  : 3.144e+04 (roughly 4 MBytes of memory)
 Factor Ops : 1.772e+06 (less than 1 second per iteration)
 Threads    : 1

                  Objective                Residual
Iter       Primal          Dual         Primal    Dual     Compl     Time
   0  -4.27558713e+03 -3.82536117e+03  2.82e+01 2.48e-01  1.46e+00     0s
   1  -1.33160574e+03 -2.89270138e+03  3.78e+00 6.66e-16  2.75e-01     0s
   2  -9.12754194e+02 -1.32964392e+03  1.66e-01 6.66e-16  3.69e-02     0s
   3  -9.14370599e+02 -9.73777125e+02  1.68e-02 1.78e-15  5.01e-03     0s
   4  -9.16488222e+02 -9.25671550e+02  5.41e-03 4.44e-16  8.22e-04     0s
   5  -9.17151787e+02 -9.17337396e+02  9.30e-05 4.44e-16  1.64e-05     0s
   6  -9.17172828e+02 -9.17172845e+02  1.62e-09 7.55e-15  1.32e-09     0s
   7  -9.17172829e+02 -9.17172829e+02  6.51e-14 4.44e-16  1.32e-12     0s

Barrier solved model in 7 iterations and 0.11 seconds
Optimal objective -9.17172829e+02


Root relaxation: objective -9.171728e+02, 4283 iterations, 0.09 seconds

    Nodes    |    Current Node    |     Objective Bounds      |     Work
 Expl Unexpl |  Obj  Depth IntInf | Incumbent    BestBd   Gap | It/Node Time

     0     0 -917.17283    0  324 -854.64600 -917.17283  7.32%     -    0s
     0     0 -897.94551    0  230 -854.64600 -897.94551  5.07%     -    0s
H    0     0                    -864.0060000 -897.94551  3.93%     -    0s
H    0     0                    -868.1660000 -897.94551  3.43%     -    0s
     0     0 -897.46356    0  235 -868.16600 -897.46356  3.37%     -    0s
     0     0 -873.26454    0   62 -868.16600 -873.26454  0.59%     -    0s

Cutting planes:
  Gomory: 21
  Cover: 175
  MIR: 1

Explored 0 nodes (8517 simplex iterations) in 0.67 seconds
Thread count was 16 (of 16 available processors)

Optimal solution found (tolerance 1.00e-02)
Best objective -8.681660000000e+02, best bound -8.732645365854e+02, gap 0.5873%
Changed value of parameter MIPGap to 0.01
   Prev: 0.0001  Min: 0.0  Max: 1e+100  Default: 0.0001
Changed value of parameter TimeLimit to 1800.0
   Prev: 1e+100  Min: 0.0  Max: 1e+100  Default: 1e+100
Changed value of parameter Method to 2
   Prev: -1  Min: -1  Max: 4  Default: -1
Changed value of parameter MIPFocus to 1
   Prev: 0  Min: 0  Max: 3  Default: 0
Optimize a model with 2426 rows, 7441 columns and 14882 nonzeros
Coefficient statistics:
  Matrix range    [1e+00, 4e+01]
  Objective range [1e+00, 1e+00]
  Bounds range    [1e+00, 1e+00]
  RHS range       [8e+01, 8e+01]
Found heuristic solution: objective 0
Presolve removed 378 rows and 1447 columns
Presolve time: 0.05s
Presolved: 2048 rows, 5994 columns, 11988 nonzeros
Found heuristic solution: objective -861.2920000
Variable types: 0 continuous, 5994 integer (5994 binary)
Optimize a model with 2048 rows, 5994 columns and 11988 nonzeros
Coefficient statistics:
  Matrix range    [1e+00, 4e+01]
  Objective range [1e+00, 1e+00]
  Bounds range    [1e+00, 1e+00]
  RHS range       [1e+00, 8e+01]
Presolved: 2048 rows, 5994 columns, 11988 nonzeros

Root barrier log...

Ordering time: 0.00s

Barrier statistics:
 AA' NZ     : 5.994e+03
 Factor NZ  : 3.144e+04 (roughly 4 MBytes of memory)
 Factor Ops : 1.772e+06 (less than 1 second per iteration)
 Threads    : 1

                  Objective                Residual
Iter       Primal          Dual         Primal    Dual     Compl     Time
   0  -4.32071330e+03 -3.84034746e+03  2.81e+01 2.48e-01  1.47e+00     0s
   1  -1.35277670e+03 -2.90562257e+03  3.83e+00 6.66e-16  2.77e-01     0s
   2  -9.23748383e+02 -1.34668058e+03  1.81e-01 6.66e-16  3.78e-02     0s
   3  -9.23686843e+02 -9.85283514e+02  2.09e-02 4.44e-15  5.26e-03     0s
   4  -9.25569280e+02 -9.34818563e+02  7.04e-03 4.44e-16  8.52e-04     0s
   5  -9.26197029e+02 -9.26421524e+02  2.36e-04 6.66e-16  2.18e-05     0s
   6  -9.26223704e+02 -9.26223734e+02  1.79e-08 2.22e-15  2.70e-09     0s
   7  -9.26223707e+02 -9.26223707e+02  2.71e-14 4.44e-16  2.70e-12     0s

Barrier solved model in 7 iterations and 0.11 seconds
Optimal objective -9.26223707e+02


Root relaxation: objective -9.262237e+02, 4300 iterations, 0.09 seconds

    Nodes    |    Current Node    |     Objective Bounds      |     Work
 Expl Unexpl |  Obj  Depth IntInf | Incumbent    BestBd   Gap | It/Node Time

     0     0 -926.22371    0  334 -861.29200 -926.22371  7.54%     -    0s
H    0     0                    -863.4520000 -926.22371  7.27%     -    0s
     0     0 -904.71590    0  267 -863.45200 -904.71590  4.78%     -    0s
H    0     0                    -873.1720000 -904.71590  3.61%     -    0s
H    0     0                    -877.4920000 -904.71590  3.10%     -    0s
     0     0 -904.21541    0  264 -877.49200 -904.21541  3.05%     -    0s
     0     0 -880.19200    0   37 -877.49200 -880.19200  0.31%     -    0s

Cutting planes:
  Gomory: 16
  Cover: 175

Explored 0 nodes (8729 simplex iterations) in 0.67 seconds
Thread count was 16 (of 16 available processors)

Optimal solution found (tolerance 1.00e-02)
Best objective -8.774920000000e+02, best bound -8.801920000000e+02, gap 0.3077%
Changed value of parameter MIPGap to 0.01
   Prev: 0.0001  Min: 0.0  Max: 1e+100  Default: 0.0001
Changed value of parameter TimeLimit to 1800.0
   Prev: 1e+100  Min: 0.0  Max: 1e+100  Default: 1e+100
Changed value of parameter Method to 2
   Prev: -1  Min: -1  Max: 4  Default: -1
Changed value of parameter MIPFocus to 1
   Prev: 0  Min: 0  Max: 3  Default: 0
Optimize a model with 2426 rows, 7441 columns and 14882 nonzeros
Coefficient statistics:
  Matrix range    [1e+00, 4e+01]
  Objective range [1e+00, 1e+00]
  Bounds range    [1e+00, 1e+00]
  RHS range       [8e+01, 8e+01]
Found heuristic solution: objective 0
Presolve removed 378 rows and 1447 columns
Presolve time: 0.05s
Presolved: 2048 rows, 5994 columns, 11988 nonzeros
Found heuristic solution: objective -864.6150000
Variable types: 0 continuous, 5994 integer (5994 binary)
Optimize a model with 2048 rows, 5994 columns and 11988 nonzeros
Coefficient statistics:
  Matrix range    [1e+00, 4e+01]
  Objective range [1e+00, 1e+00]
  Bounds range    [1e+00, 1e+00]
  RHS range       [1e+00, 8e+01]
Presolved: 2048 rows, 5994 columns, 11988 nonzeros

Root barrier log...

Ordering time: 0.00s

Barrier statistics:
 AA' NZ     : 5.994e+03
 Factor NZ  : 3.144e+04 (roughly 4 MBytes of memory)
 Factor Ops : 1.772e+06 (less than 1 second per iteration)
 Threads    : 1

                  Objective                Residual
Iter       Primal          Dual         Primal    Dual     Compl     Time
   0  -4.34327551e+03 -3.84784061e+03  2.81e+01 2.49e-01  1.47e+00     0s
   1  -1.36778170e+03 -2.91198346e+03  3.89e+00 8.88e-16  2.80e-01     0s
   2  -9.29515099e+02 -1.35798143e+03  1.90e-01 6.66e-16  3.85e-02     0s
   3  -9.28354073e+02 -9.91116114e+02  2.20e-02 6.88e-15  5.37e-03     0s
   4  -9.30123131e+02 -9.39493959e+02  7.44e-03 4.44e-16  8.69e-04     0s
   5  -9.30721531e+02 -9.30959144e+02  2.95e-04 4.44e-16  2.38e-05     0s
   6  -9.30749141e+02 -9.30749175e+02  3.33e-08 1.33e-15  3.25e-09     0s
   7  -9.30749146e+02 -9.30749146e+02  4.70e-14 4.44e-16  3.25e-12     0s

Barrier solved model in 7 iterations and 0.11 seconds
Optimal objective -9.30749146e+02


Root relaxation: objective -9.307491e+02, 4313 iterations, 0.09 seconds

    Nodes    |    Current Node    |     Objective Bounds      |     Work
 Expl Unexpl |  Obj  Depth IntInf | Incumbent    BestBd   Gap | It/Node Time

     0     0 -930.74915    0  330 -864.61500 -930.74915  7.65%     -    0s
     0     0 -902.04183    0  234 -864.61500 -902.04183  4.33%     -    0s
H    0     0                    -876.7150000 -902.04183  2.89%     -    0s
H    0     0                    -880.0150000 -902.04183  2.50%     -    0s
     0     0 -901.53207    0  245 -880.01500 -901.53207  2.45%     -    0s
     0     0 -883.86500    0   25 -880.01500 -883.86500  0.44%     -    0s

Cutting planes:
  Gomory: 16
  Cover: 175
  MIR: 1

Explored 0 nodes (8703 simplex iterations) in 0.60 seconds
Thread count was 16 (of 16 available processors)

Optimal solution found (tolerance 1.00e-02)
Best objective -8.800150000000e+02, best bound -8.838650000000e+02, gap 0.4375%
Changed value of parameter MIPGap to 0.01
   Prev: 0.0001  Min: 0.0  Max: 1e+100  Default: 0.0001
Changed value of parameter TimeLimit to 1800.0
   Prev: 1e+100  Min: 0.0  Max: 1e+100  Default: 1e+100
Changed value of parameter Method to 2
   Prev: -1  Min: -1  Max: 4  Default: -1
Changed value of parameter MIPFocus to 1
   Prev: 0  Min: 0  Max: 3  Default: 0
Optimize a model with 2426 rows, 7441 columns and 14882 nonzeros
Coefficient statistics:
  Matrix range    [1e+00, 4e+01]
  Objective range [1e+00, 1e+00]
  Bounds range    [1e+00, 1e+00]
  RHS range       [8e+01, 8e+01]
Found heuristic solution: objective 0
Presolve removed 378 rows and 1447 columns
Presolve time: 0.05s
Presolved: 2048 rows, 5994 columns, 11988 nonzeros
Found heuristic solution: objective -881.2300000
Variable types: 0 continuous, 5994 integer (5994 binary)
Optimize a model with 2048 rows, 5994 columns and 11988 nonzeros
Coefficient statistics:
  Matrix range    [1e+00, 4e+01]
  Objective range [1e+00, 1e+00]
  Bounds range    [1e+00, 1e+00]
  RHS range       [1e+00, 8e+01]
Presolved: 2048 rows, 5994 columns, 11988 nonzeros

Root barrier log...

Ordering time: 0.00s

Barrier statistics:
 AA' NZ     : 5.994e+03
 Factor NZ  : 3.144e+04 (roughly 4 MBytes of memory)
 Factor Ops : 1.772e+06 (less than 1 second per iteration)
 Threads    : 1

                  Objective                Residual
Iter       Primal          Dual         Primal    Dual     Compl     Time
   0  -4.45607783e+03 -3.88530635e+03  2.81e+01 2.50e-01  1.47e+00     0s
   1  -1.44211248e+03 -2.94385319e+03  4.18e+00 6.66e-16  2.90e-01     0s
   2  -9.54972671e+02 -1.29842231e+03  2.18e-01 6.66e-16  3.22e-02     0s
   3  -9.52734315e+02 -1.00809436e+03  4.78e-02 4.44e-16  5.23e-03     0s
   4  -9.53392485e+02 -9.57287120e+02  2.11e-02 6.66e-16  6.51e-04     0s
   5  -9.53353404e+02 -9.53473372e+02  1.87e-04 6.66e-16  1.29e-05     0s
   6  -9.53376337e+02 -9.53376352e+02  1.85e-08 4.44e-16  1.58e-09     0s
   7  -9.53376341e+02 -9.53376341e+02  1.03e-12 4.44e-16  1.58e-12     0s

Barrier solved model in 7 iterations and 0.11 seconds
Optimal objective -9.53376341e+02


Root relaxation: objective -9.533763e+02, 4292 iterations, 0.09 seconds

    Nodes    |    Current Node    |     Objective Bounds      |     Work
 Expl Unexpl |  Obj  Depth IntInf | Incumbent    BestBd   Gap | It/Node Time

     0     0 -953.37634    0  319 -881.23000 -953.37634  8.19%     -    0s
     0     0 -932.90317    0  281 -881.23000 -932.90317  5.86%     -    0s
H    0     0                    -892.0300000 -932.90317  4.58%     -    0s
     0     0 -902.23000    0   77 -892.03000 -902.23000  1.14%     -    0s
H    0     0                    -900.4300000 -902.23000  0.20%     -    0s

Cutting planes:
  Gomory: 8
  Cover: 175

Explored 0 nodes (8810 simplex iterations) in 0.62 seconds
Thread count was 16 (of 16 available processors)

Optimal solution found (tolerance 1.00e-02)
Best objective -9.004300000000e+02, best bound -9.022300000000e+02, gap 0.1999%
Changed value of parameter MIPGap to 0.01
   Prev: 0.0001  Min: 0.0  Max: 1e+100  Default: 0.0001
Changed value of parameter TimeLimit to 1800.0
   Prev: 1e+100  Min: 0.0  Max: 1e+100  Default: 1e+100
Changed value of parameter Method to 2
   Prev: -1  Min: -1  Max: 4  Default: -1
Changed value of parameter MIPFocus to 1
   Prev: 0  Min: 0  Max: 3  Default: 0
Optimize a model with 2426 rows, 7441 columns and 14882 nonzeros
Coefficient statistics:
  Matrix range    [1e+00, 4e+01]
  Objective range [1e+00, 1e+00]
  Bounds range    [1e+00, 1e+00]
  RHS range       [8e+01, 8e+01]
Found heuristic solution: objective 0
Presolve removed 378 rows and 1447 columns
Presolve time: 0.05s
Presolved: 2048 rows, 5994 columns, 11988 nonzeros
Found heuristic solution: objective -914.4600000
Variable types: 0 continuous, 5994 integer (5994 binary)
Optimize a model with 2048 rows, 5994 columns and 11988 nonzeros
Coefficient statistics:
  Matrix range    [1e+00, 4e+01]
  Objective range [1e+00, 1e+00]
  Bounds range    [1e+00, 1e+00]
  RHS range       [1e+00, 8e+01]
Presolved: 2048 rows, 5994 columns, 11988 nonzeros

Root barrier log...

Ordering time: 0.00s

Barrier statistics:
 AA' NZ     : 5.994e+03
 Factor NZ  : 3.144e+04 (roughly 4 MBytes of memory)
 Factor Ops : 1.772e+06 (less than 1 second per iteration)
 Threads    : 1

                  Objective                Residual
Iter       Primal          Dual         Primal    Dual     Compl     Time
   0  -4.68163956e+03 -3.96023783e+03  2.81e+01 2.58e-01  1.48e+00     0s
   1  -1.58706531e+03 -3.00784246e+03  4.68e+00 6.66e-16  3.09e-01     0s
   2  -1.00162155e+03 -1.45055856e+03  2.12e-01 6.66e-16  4.10e-02     0s
   3  -9.97369982e+02 -1.05353103e+03  3.49e-02 4.44e-16  5.12e-03     0s
   4  -9.98303642e+02 -1.00154226e+03  7.83e-03 1.11e-15  4.00e-04     0s
   5  -9.98613466e+02 -9.98678388e+02  2.59e-05 4.44e-16  5.75e-06     0s
   6  -9.98630731e+02 -9.98630732e+02  7.05e-10 2.66e-15  1.01e-10     0s

Barrier solved model in 6 iterations and 0.10 seconds
Optimal objective -9.98630731e+02


Root relaxation: objective -9.986307e+02, 4756 iterations, 0.09 seconds

    Nodes    |    Current Node    |     Objective Bounds      |     Work
 Expl Unexpl |  Obj  Depth IntInf | Incumbent    BestBd   Gap | It/Node Time

     0     0 -998.63073    0  360 -914.46000 -998.63073  9.20%     -    0s
     0     0 -968.08683    0  263 -914.46000 -968.08683  5.86%     -    0s
H    0     0                    -928.4600000 -968.08683  4.27%     -    0s
H    0     0                    -936.8600000 -968.08683  3.33%     -    0s
     0     0 -938.96000    0   43 -936.86000 -938.96000  0.22%     -    0s

Cutting planes:
  Gomory: 16
  Cover: 179

Explored 0 nodes (8409 simplex iterations) in 0.64 seconds
Thread count was 16 (of 16 available processors)

Optimal solution found (tolerance 1.00e-02)
Best objective -9.368600000000e+02, best bound -9.389600000000e+02, gap 0.2242%
Changed value of parameter MIPGap to 0.01
   Prev: 0.0001  Min: 0.0  Max: 1e+100  Default: 0.0001
Changed value of parameter TimeLimit to 1800.0
   Prev: 1e+100  Min: 0.0  Max: 1e+100  Default: 1e+100
Changed value of parameter Method to 2
   Prev: -1  Min: -1  Max: 4  Default: -1
Changed value of parameter MIPFocus to 1
   Prev: 0  Min: 0  Max: 3  Default: 0
Optimize a model with 2426 rows, 7441 columns and 14882 nonzeros
Coefficient statistics:
  Matrix range    [1e+00, 4e+01]
  Objective range [1e+00, 2e+00]
  Bounds range    [1e+00, 1e+00]
  RHS range       [8e+01, 8e+01]
Found heuristic solution: objective 0
Presolve removed 378 rows and 1447 columns
Presolve time: 0.05s
Presolved: 2048 rows, 5994 columns, 11988 nonzeros
Found heuristic solution: objective -980.9200000
Variable types: 0 continuous, 5994 integer (5994 binary)
Optimize a model with 2048 rows, 5994 columns and 11988 nonzeros
Coefficient statistics:
  Matrix range    [1e+00, 4e+01]
  Objective range [1e+00, 2e+00]
  Bounds range    [1e+00, 1e+00]
  RHS range       [1e+00, 8e+01]
Presolved: 2048 rows, 5994 columns, 11988 nonzeros

Root barrier log...

Ordering time: 0.00s

Barrier statistics:
 AA' NZ     : 5.994e+03
 Factor NZ  : 3.144e+04 (roughly 4 MBytes of memory)
 Factor Ops : 1.772e+06 (less than 1 second per iteration)
 Threads    : 1

                  Objective                Residual
Iter       Primal          Dual         Primal    Dual     Compl     Time
   0  -5.13450546e+03 -4.94901358e+03  2.81e+01 3.37e-01  1.92e+00     0s
   1  -1.72414933e+03 -3.70300469e+03  4.62e+00 8.88e-16  3.96e-01     0s
   2  -1.08294146e+03 -1.67741541e+03  2.12e-01 6.66e-16  5.35e-02     0s
   3  -1.08481451e+03 -1.16011507e+03  3.42e-02 6.66e-16  6.70e-03     0s
   4  -1.08803310e+03 -1.09293680e+03  8.01e-03 8.88e-16  5.49e-04     0s
   5  -1.08911184e+03 -1.08920426e+03  3.19e-05 6.66e-16  8.12e-06     0s
   6  -1.08913951e+03 -1.08913951e+03  1.07e-09 3.77e-15  1.78e-10     0s

Barrier solved model in 6 iterations and 0.10 seconds
Optimal objective -1.08913951e+03


Root relaxation: objective -1.089140e+03, 4743 iterations, 0.09 seconds

    Nodes    |    Current Node    |     Objective Bounds      |     Work
 Expl Unexpl |  Obj  Depth IntInf | Incumbent    BestBd   Gap | It/Node Time

     0     0 -1089.1395    0  373 -980.92000 -1089.1395  11.0%     -    0s
     0     0 -1041.3078    0  218 -980.92000 -1041.3078  6.16%     -    0s
H    0     0                    -1002.520000 -1041.3078  3.87%     -    0s
H    0     0                    -1006.120000 -1041.3078  3.50%     -    0s
     0     0 -1012.4200    0   77 -1006.1200 -1012.4200  0.63%     -    0s

Cutting planes:
  Gomory: 12
  Cover: 178

Explored 0 nodes (8832 simplex iterations) in 0.59 seconds
Thread count was 16 (of 16 available processors)

Optimal solution found (tolerance 1.00e-02)
Best objective -1.006120000000e+03, best bound -1.012400000000e+03, gap 0.6242%
Changed value of parameter MIPGap to 0.01
   Prev: 0.0001  Min: 0.0  Max: 1e+100  Default: 0.0001
Changed value of parameter TimeLimit to 1800.0
   Prev: 1e+100  Min: 0.0  Max: 1e+100  Default: 1e+100
Changed value of parameter Method to 2
   Prev: -1  Min: -1  Max: 4  Default: -1
Changed value of parameter MIPFocus to 1
   Prev: 0  Min: 0  Max: 3  Default: 0
Optimize a model with 2426 rows, 7441 columns and 14882 nonzeros
Coefficient statistics:
  Matrix range    [1e+00, 4e+01]
  Objective range [1e+00, 2e+00]
  Bounds range    [1e+00, 1e+00]
  RHS range       [8e+01, 8e+01]
Found heuristic solution: objective 0
Presolve removed 378 rows and 1447 columns
Presolve time: 0.05s
Presolved: 2048 rows, 5994 columns, 11988 nonzeros
Found heuristic solution: objective -1014.150000
Variable types: 0 continuous, 5994 integer (5994 binary)
Optimize a model with 2048 rows, 5994 columns and 11988 nonzeros
Coefficient statistics:
  Matrix range    [1e+00, 4e+01]
  Objective range [1e+00, 2e+00]
  Bounds range    [1e+00, 1e+00]
  RHS range       [1e+00, 8e+01]
Presolved: 2048 rows, 5994 columns, 11988 nonzeros

Root barrier log...

Ordering time: 0.00s

Barrier statistics:
 AA' NZ     : 5.994e+03
 Factor NZ  : 3.144e+04 (roughly 4 MBytes of memory)
 Factor Ops : 1.772e+06 (less than 1 second per iteration)
 Threads    : 1

                  Objective                Residual
Iter       Primal          Dual         Primal    Dual     Compl     Time
   0  -5.36091888e+03 -5.44885507e+03  2.81e+01 3.76e-01  2.15e+00     0s
   1  -1.82894940e+03 -4.04724219e+03  4.53e+00 8.88e-16  4.30e-01     0s
   2  -1.13043079e+03 -1.68551856e+03  2.26e-01 8.88e-16  5.08e-02     0s
   3  -1.13040050e+03 -1.21331598e+03  3.70e-02 8.88e-16  7.36e-03     0s
   4  -1.13348024e+03 -1.13852489e+03  7.30e-03 8.88e-16  5.43e-04     0s
   5  -1.13436709e+03 -1.13450314e+03  3.04e-05 4.44e-16  1.15e-05     0s
   6  -1.13439390e+03 -1.13439391e+03  5.53e-10 8.88e-16  3.99e-10     0s

Barrier solved model in 6 iterations and 0.10 seconds
Optimal objective -1.13439390e+03


Root relaxation: objective -1.134394e+03, 4732 iterations, 0.09 seconds

    Nodes    |    Current Node    |     Objective Bounds      |     Work
 Expl Unexpl |  Obj  Depth IntInf | Incumbent    BestBd   Gap | It/Node Time

     0     0 -1134.3939    0  339 -1014.1500 -1134.3939  11.9%     -    0s
     0     0 -1100.2720    0  279 -1014.1500 -1100.2720  8.49%     -    0s
H    0     0                    -1034.150000 -1100.2720  6.39%     -    0s
H    0     0                    -1042.150000 -1100.2720  5.58%     -    0s
     0     0 -1099.3672    0  277 -1042.1500 -1099.3672  5.49%     -    0s
     0     0 -1049.1500    0   27 -1042.1500 -1049.1500  0.67%     -    0s

Cutting planes:
  Gomory: 13
  Cover: 177

Explored 0 nodes (9834 simplex iterations) in 0.69 seconds
Thread count was 16 (of 16 available processors)

Optimal solution found (tolerance 1.00e-02)
Best objective -1.042150000000e+03, best bound -1.049150000000e+03, gap 0.6717%
Changed value of parameter MIPGap to 0.01
   Prev: 0.0001  Min: 0.0  Max: 1e+100  Default: 0.0001
Changed value of parameter TimeLimit to 1800.0
   Prev: 1e+100  Min: 0.0  Max: 1e+100  Default: 1e+100
Changed value of parameter Method to 2
   Prev: -1  Min: -1  Max: 4  Default: -1
Changed value of parameter MIPFocus to 1
   Prev: 0  Min: 0  Max: 3  Default: 0
Optimize a model with 2426 rows, 7441 columns and 14882 nonzeros
Coefficient statistics:
  Matrix range    [1e+00, 4e+01]
  Objective range [1e+00, 3e+00]
  Bounds range    [1e+00, 1e+00]
  RHS range       [8e+01, 8e+01]
Found heuristic solution: objective 0
Presolve removed 378 rows and 1447 columns
Presolve time: 0.05s
Presolved: 2048 rows, 5994 columns, 11988 nonzeros
Found heuristic solution: objective -1180.300000
Variable types: 0 continuous, 5994 integer (5994 binary)
Optimize a model with 2048 rows, 5994 columns and 11988 nonzeros
Coefficient statistics:
  Matrix range    [1e+00, 4e+01]
  Objective range [1e+00, 3e+00]
  Bounds range    [1e+00, 1e+00]
  RHS range       [1e+00, 8e+01]
Presolved: 2048 rows, 5994 columns, 11988 nonzeros

Root barrier log...

Ordering time: 0.00s

Barrier statistics:
 AA' NZ     : 5.994e+03
 Factor NZ  : 3.144e+04 (roughly 4 MBytes of memory)
 Factor Ops : 1.772e+06 (less than 1 second per iteration)
 Threads    : 1

                  Objective                Residual
Iter       Primal          Dual         Primal    Dual     Compl     Time
   0  -6.49284132e+03 -7.94806252e+03  2.81e+01 5.71e-01  3.27e+00     0s
   1  -2.17481441e+03 -5.78384152e+03  4.55e+00 1.22e-15  6.56e-01     0s
   2  -1.33611338e+03 -2.22021384e+03  2.17e-01 1.11e-15  7.91e-02     0s
   3  -1.34925960e+03 -1.48064860e+03  3.18e-02 8.88e-16  1.13e-02     0s
   4  -1.35783094e+03 -1.36691882e+03  7.06e-03 1.33e-15  9.01e-04     0s
   5  -1.36061489e+03 -1.36085742e+03  2.26e-05 8.88e-16  2.00e-05     0s
   6  -1.36066585e+03 -1.36066586e+03  5.67e-10 1.64e-14  9.77e-10     0s

Barrier solved model in 6 iterations and 0.10 seconds
Optimal objective -1.36066585e+03


Root relaxation: objective -1.360666e+03, 4722 iterations, 0.08 seconds

    Nodes    |    Current Node    |     Objective Bounds      |     Work
 Expl Unexpl |  Obj  Depth IntInf | Incumbent    BestBd   Gap | It/Node Time

     0     0 -1360.6659    0  368 -1180.3000 -1360.6659  15.3%     -    0s
H    0     0                    -1207.300000 -1360.6659  12.7%     -    0s
H    0     0                    -1216.300000 -1360.6659  11.9%     -    0s
     0     0 -1286.9098    0  241 -1216.3000 -1286.9098  5.81%     -    0s
     0     0 -1285.6927    0  243 -1216.3000 -1285.6927  5.71%     -    0s
H    0     0                    -1222.300000 -1285.6927  5.19%     -    0s
H    0     0                    -1225.300000 -1285.6927  4.93%     -    0s
     0     0 -1232.8000    0   53 -1225.3000 -1232.8000  0.61%     -    0s

Cutting planes:
  Gomory: 15
  Cover: 176

Explored 0 nodes (8927 simplex iterations) in 0.69 seconds
Thread count was 16 (of 16 available processors)

Optimal solution found (tolerance 1.00e-02)
Best objective -1.225300000000e+03, best bound -1.232800000000e+03, gap 0.6121%
Changed value of parameter MIPGap to 0.01
   Prev: 0.0001  Min: 0.0  Max: 1e+100  Default: 0.0001
Changed value of parameter TimeLimit to 1800.0
   Prev: 1e+100  Min: 0.0  Max: 1e+100  Default: 1e+100
Changed value of parameter Method to 2
   Prev: -1  Min: -1  Max: 4  Default: -1
Changed value of parameter MIPFocus to 1
   Prev: 0  Min: 0  Max: 3  Default: 0
Optimize a model with 2426 rows, 7441 columns and 14882 nonzeros
Coefficient statistics:
  Matrix range    [1e+00, 4e+01]
  Objective range [1e+00, 5e+00]
  Bounds range    [1e+00, 1e+00]
  RHS range       [8e+01, 8e+01]
Found heuristic solution: objective 0
Presolve removed 378 rows and 1447 columns
Presolve time: 0.05s
Presolved: 2048 rows, 5994 columns, 11988 nonzeros
Found heuristic solution: objective -1512.600000
Variable types: 0 continuous, 5994 integer (5994 binary)
Optimize a model with 2048 rows, 5994 columns and 11988 nonzeros
Coefficient statistics:
  Matrix range    [1e+00, 4e+01]
  Objective range [1e+00, 5e+00]
  Bounds range    [1e+00, 1e+00]
  RHS range       [1e+00, 8e+01]
Presolved: 2048 rows, 5994 columns, 11988 nonzeros

Root barrier log...

Ordering time: 0.00s

Barrier statistics:
 AA' NZ     : 5.994e+03
 Factor NZ  : 3.144e+04 (roughly 4 MBytes of memory)
 Factor Ops : 1.772e+06 (less than 1 second per iteration)
 Threads    : 1

                  Objective                Residual
Iter       Primal          Dual         Primal    Dual     Compl     Time
   0  -8.75646041e+03 -1.29775545e+04  2.81e+01 9.62e-01  5.53e+00     0s
   1  -2.87677378e+03 -9.32532352e+03  4.46e+00 3.11e-15  1.10e+00     0s
   2  -1.76381414e+03 -3.27284747e+03  2.15e-01 1.78e-15  1.33e-01     0s
   3  -1.78880929e+03 -2.02862796e+03  3.11e-02 5.51e-14  2.02e-02     0s
   4  -1.80596494e+03 -1.83356190e+03  6.01e-03 7.11e-15  2.41e-03     0s
   5  -1.81275281e+03 -1.81386574e+03  3.75e-04 1.78e-15  1.02e-04     0s
   6  -1.81320966e+03 -1.81320997e+03  4.20e-08 1.78e-15  2.61e-08     0s
   7  -1.81320976e+03 -1.81320976e+03  3.99e-13 1.78e-15  2.61e-11     0s

Barrier solved model in 7 iterations and 0.11 seconds
Optimal objective -1.81320976e+03


Root relaxation: objective -1.813210e+03, 4345 iterations, 0.09 seconds

    Nodes    |    Current Node    |     Objective Bounds      |     Work
 Expl Unexpl |  Obj  Depth IntInf | Incumbent    BestBd   Gap | It/Node Time

     0     0 -1813.2098    0  324 -1512.6000 -1813.2098  19.9%     -    0s
     0     0 -1720.7707    0  238 -1512.6000 -1720.7707  13.8%     -    0s
H    0     0                    -1547.600000 -1720.7707  11.2%     -    0s
H    0     0                    -1587.600000 -1720.7707  8.39%     -    0s
     0     0 -1720.7707    0  242 -1587.6000 -1720.7707  8.39%     -    0s
     0     0 -1600.1000    0   13 -1587.6000 -1600.1000  0.79%     -    0s

Cutting planes:
  Gomory: 12
  Cover: 175
  MIR: 1

Explored 0 nodes (9031 simplex iterations) in 0.61 seconds
Thread count was 16 (of 16 available processors)

Optimal solution found (tolerance 1.00e-02)
Best objective -1.587600000000e+03, best bound -1.600000000000e+03, gap 0.7811%
Changed value of parameter MIPGap to 0.01
   Prev: 0.0001  Min: 0.0  Max: 1e+100  Default: 0.0001
Changed value of parameter TimeLimit to 1800.0
   Prev: 1e+100  Min: 0.0  Max: 1e+100  Default: 1e+100
Changed value of parameter Method to 2
   Prev: -1  Min: -1  Max: 4  Default: -1
Changed value of parameter MIPFocus to 1
   Prev: 0  Min: 0  Max: 3  Default: 0
Optimize a model with 2426 rows, 7441 columns and 14882 nonzeros
Coefficient statistics:
  Matrix range    [1e+00, 4e+01]
  Objective range [1e+00, 9e+00]
  Bounds range    [1e+00, 1e+00]
  RHS range       [8e+01, 8e+01]
Found heuristic solution: objective 0
Presolve removed 378 rows and 1447 columns
Presolve time: 0.05s
Presolved: 2048 rows, 5994 columns, 11988 nonzeros
Found heuristic solution: objective -2177.200000
Variable types: 0 continuous, 5994 integer (5994 binary)
Optimize a model with 2048 rows, 5994 columns and 11988 nonzeros
Coefficient statistics:
  Matrix range    [1e+00, 4e+01]
  Objective range [1e+00, 9e+00]
  Bounds range    [1e+00, 1e+00]
  RHS range       [1e+00, 8e+01]
Presolved: 2048 rows, 5994 columns, 11988 nonzeros

Root barrier log...

Ordering time: 0.00s

Barrier statistics:
 AA' NZ     : 5.994e+03
 Factor NZ  : 3.144e+04 (roughly 4 MBytes of memory)
 Factor Ops : 1.772e+06 (less than 1 second per iteration)
 Threads    : 1

                  Objective                Residual
Iter       Primal          Dual         Primal    Dual     Compl     Time
   0  -1.32835772e+04 -2.31908610e+04  2.81e+01 1.74e+00  1.01e+01     0s
   1  -4.29335284e+03 -1.65302336e+04  4.38e+00 4.00e-15  2.00e+00     0s
   2  -2.63696251e+03 -5.39376260e+03  2.15e-01 3.55e-15  2.41e-01     0s
   3  -2.67162943e+03 -3.09514663e+03  3.14e-02 1.95e-14  3.55e-02     0s
   4  -2.70172248e+03 -2.76883145e+03  7.91e-03 1.24e-14  5.75e-03     0s
   5  -2.71721305e+03 -2.72027181e+03  4.75e-04 3.55e-15  2.68e-04     0s
   6  -2.71829694e+03 -2.71829943e+03  1.76e-07 3.55e-15  2.08e-07     0s
   7  -2.71829756e+03 -2.71829756e+03  1.19e-13 3.55e-15  2.08e-10     0s

Barrier solved model in 7 iterations and 0.11 seconds
Optimal objective -2.71829756e+03


Root relaxation: objective -2.718298e+03, 4560 iterations, 0.09 seconds

    Nodes    |    Current Node    |     Objective Bounds      |     Work
 Expl Unexpl |  Obj  Depth IntInf | Incumbent    BestBd   Gap | It/Node Time

     0     0 -2718.2976    0  338 -2177.2000 -2718.2976  24.9%     -    0s
     0     0 -2509.1024    0  215 -2177.2000 -2509.1024  15.2%     -    0s
     0     0 -2509.1024    0  217 -2177.2000 -2509.1024  15.2%     -    0s
     0     0 -2334.7000    0   41 -2177.2000 -2334.7000  7.23%     -    0s
H    0     0                    -2330.200000 -2334.7000  0.19%     -    0s

Cutting planes:
  Gomory: 12
  Cover: 175

Explored 0 nodes (9003 simplex iterations) in 0.65 seconds
Thread count was 16 (of 16 available processors)

Optimal solution found (tolerance 1.00e-02)
Best objective -2.330200000000e+03, best bound -2.334600000000e+03, gap 0.1888%
Changed value of parameter MIPGap to 0.01
   Prev: 0.0001  Min: 0.0  Max: 1e+100  Default: 0.0001
Changed value of parameter TimeLimit to 1800.0
   Prev: 1e+100  Min: 0.0  Max: 1e+100  Default: 1e+100
Changed value of parameter Method to 2
   Prev: -1  Min: -1  Max: 4  Default: -1
Changed value of parameter MIPFocus to 1
   Prev: 0  Min: 0  Max: 3  Default: 0
Optimize a model with 2426 rows, 7441 columns and 14882 nonzeros
Coefficient statistics:
  Matrix range    [1e+00, 4e+01]
  Objective range [2e+00, 1e+01]
  Bounds range    [1e+00, 1e+00]
  RHS range       [8e+01, 8e+01]
Found heuristic solution: objective 0
Presolve removed 378 rows and 1447 columns
Presolve time: 0.05s
Presolved: 2048 rows, 5994 columns, 11988 nonzeros
Found heuristic solution: objective -2509.500000
Variable types: 0 continuous, 5994 integer (5994 binary)
Optimize a model with 2048 rows, 5994 columns and 11988 nonzeros
Coefficient statistics:
  Matrix range    [1e+00, 4e+01]
  Objective range [2e+00, 1e+01]
  Bounds range    [1e+00, 1e+00]
  RHS range       [1e+00, 8e+01]
Presolved: 2048 rows, 5994 columns, 11988 nonzeros

Root barrier log...

Ordering time: 0.00s

Barrier statistics:
 AA' NZ     : 5.994e+03
 Factor NZ  : 3.144e+04 (roughly 4 MBytes of memory)
 Factor Ops : 1.772e+06 (less than 1 second per iteration)
 Threads    : 1

                  Objective                Residual
Iter       Primal          Dual         Primal    Dual     Compl     Time
   0  -1.55471057e+04 -2.83136747e+04  2.81e+01 2.13e+00  1.24e+01     0s
   1  -5.00750704e+03 -2.01461379e+04  4.35e+00 5.33e-15  2.45e+00     0s
   2  -3.07812291e+03 -6.45881668e+03  2.15e-01 5.33e-15  2.95e-01     0s
   3  -3.11540183e+03 -3.63521015e+03  3.16e-02 5.33e-15  4.35e-02     0s
   4  -3.15012242e+03 -3.23348691e+03  8.46e-03 3.55e-15  7.14e-03     0s
   5  -3.16947528e+03 -3.17391316e+03  5.02e-04 1.07e-14  3.84e-04     0s
   6  -3.17084044e+03 -3.17084599e+03  2.28e-07 3.55e-15  4.56e-07     0s
   7  -3.17084146e+03 -3.17084147e+03  7.32e-14 3.55e-15  4.56e-10     0s

Barrier solved model in 7 iterations and 0.11 seconds
Optimal objective -3.17084146e+03


Root relaxation: objective -3.170841e+03, 4682 iterations, 0.09 seconds

    Nodes    |    Current Node    |     Objective Bounds      |     Work
 Expl Unexpl |  Obj  Depth IntInf | Incumbent    BestBd   Gap | It/Node Time

     0     0 -3170.8415    0  378 -2509.5000 -3170.8415  26.4%     -    0s
H    0     0                    -2597.500000 -3170.8415  22.1%     -    0s
H    0     0                    -2652.500000 -3170.8415  19.5%     -    0s
     0     0 -2863.3780    0  183 -2652.5000 -2863.3780  7.95%     -    0s
     0     0 -2863.3780    0  187 -2652.5000 -2863.3780  7.95%     -    0s
     0     0 -2702.0000    0   19 -2652.5000 -2702.0000  1.87%     -    0s
H    0     0                    -2696.500000 -2702.0000  0.20%     -    0s

Cutting planes:
  Gomory: 12
  Cover: 175

Explored 0 nodes (7958 simplex iterations) in 0.65 seconds
Thread count was 16 (of 16 available processors)

Optimal solution found (tolerance 1.00e-02)
Best objective -2.696500000000e+03, best bound -2.702000000000e+03, gap 0.2040%
Changed value of parameter MIPGap to 0.01
   Prev: 0.0001  Min: 0.0  Max: 1e+100  Default: 0.0001
Changed value of parameter TimeLimit to 1800.0
   Prev: 1e+100  Min: 0.0  Max: 1e+100  Default: 1e+100
Changed value of parameter Method to 2
   Prev: -1  Min: -1  Max: 4  Default: -1
Changed value of parameter MIPFocus to 1
   Prev: 0  Min: 0  Max: 3  Default: 0
Optimize a model with 2426 rows, 7441 columns and 14882 nonzeros
Coefficient statistics:
  Matrix range    [1e+00, 4e+01]
  Objective range [2e+00, 2e+01]
  Bounds range    [1e+00, 1e+00]
  RHS range       [8e+01, 8e+01]
Found heuristic solution: objective 0
Presolve removed 378 rows and 1447 columns
Presolve time: 0.05s
Presolved: 2048 rows, 5994 columns, 11988 nonzeros
Found heuristic solution: objective -4171.000000
Variable types: 0 continuous, 5994 integer (5994 binary)
Optimize a model with 2048 rows, 5994 columns and 11988 nonzeros
Coefficient statistics:
  Matrix range    [1e+00, 4e+01]
  Objective range [2e+00, 2e+01]
  Bounds range    [1e+00, 1e+00]
  RHS range       [1e+00, 8e+01]
Presolved: 2048 rows, 5994 columns, 11988 nonzeros

Root barrier log...

Ordering time: 0.00s

Barrier statistics:
 AA' NZ     : 5.994e+03
 Factor NZ  : 3.144e+04 (roughly 4 MBytes of memory)
 Factor Ops : 1.772e+06 (less than 1 second per iteration)
 Threads    : 1

                  Objective                Residual
Iter       Primal          Dual         Primal    Dual     Compl     Time
   0  -2.68646427e+04 -5.39277433e+04  2.82e+01 4.09e+00  2.40e+01     0s
   1  -8.59912259e+03 -3.82304921e+04  4.31e+00 8.88e-15  4.69e+00     0s
   2  -5.29945757e+03 -1.17906216e+04  2.16e-01 7.11e-15  5.65e-01     0s
   3  -5.34946346e+03 -6.33979658e+03  3.21e-02 1.78e-14  8.26e-02     0s
   4  -5.39631867e+03 -5.55115984e+03  9.46e-03 7.11e-15  1.33e-02     0s
   5  -5.43075086e+03 -5.44797275e+03  5.82e-04 7.11e-15  1.43e-03     0s
   6  -5.43353620e+03 -5.43368366e+03  3.78e-06 7.11e-15  1.22e-05     0s
   7  -5.43356095e+03 -5.43356110e+03  6.88e-15 7.11e-15  1.22e-08     0s
   8  -5.43356098e+03 -5.43356098e+03  5.66e-15 7.11e-15  1.22e-11     0s

Barrier solved model in 8 iterations and 0.11 seconds
Optimal objective -5.43356098e+03


Root relaxation: objective -5.433561e+03, 4372 iterations, 0.09 seconds

    Nodes    |    Current Node    |     Objective Bounds      |     Work
 Expl Unexpl |  Obj  Depth IntInf | Incumbent    BestBd   Gap | It/Node Time

     0     0 -5433.5610    0  316 -4171.0000 -5433.5610  30.3%     -    0s
H    0     0                    -4192.000000 -5433.5610  29.6%     -    0s
     0     0 -5015.3537    0  270 -4192.0000 -5015.3537  19.6%     -    0s
H    0     0                    -4339.000000 -5015.3537  15.6%     -    0s
H    0     0                    -4507.000000 -5015.3537  11.3%     -    0s
     0     0 -4538.5000    0   45 -4507.0000 -4538.5000  0.70%     -    0s

Cutting planes:
  Gomory: 16
  Cover: 177

Explored 0 nodes (9645 simplex iterations) in 0.70 seconds
Thread count was 16 (of 16 available processors)

Optimal solution found (tolerance 1.00e-02)
Best objective -4.507000000000e+03, best bound -4.538000000000e+03, gap 0.6878%
Changed value of parameter MIPGap to 0.01
   Prev: 0.0001  Min: 0.0  Max: 1e+100  Default: 0.0001
Changed value of parameter TimeLimit to 1800.0
   Prev: 1e+100  Min: 0.0  Max: 1e+100  Default: 1e+100
Changed value of parameter Method to 2
   Prev: -1  Min: -1  Max: 4  Default: -1
Changed value of parameter MIPFocus to 1
   Prev: 0  Min: 0  Max: 3  Default: 0
Optimize a model with 2426 rows, 7441 columns and 14882 nonzeros
Coefficient statistics:
  Matrix range    [1e+00, 4e+01]
  Objective range [3e+00, 4e+01]
  Bounds range    [1e+00, 1e+00]
  RHS range       [8e+01, 8e+01]
Found heuristic solution: objective 0
Presolve removed 378 rows and 1447 columns
Presolve time: 0.05s
Presolved: 2048 rows, 5994 columns, 11988 nonzeros
Found heuristic solution: objective -7494.000000
Variable types: 0 continuous, 5994 integer (5994 binary)
Optimize a model with 2048 rows, 5994 columns and 11988 nonzeros
Coefficient statistics:
  Matrix range    [1e+00, 4e+01]
  Objective range [3e+00, 4e+01]
  Bounds range    [1e+00, 1e+00]
  RHS range       [1e+00, 8e+01]
Presolved: 2048 rows, 5994 columns, 11988 nonzeros

Root barrier log...

Ordering time: 0.00s

Barrier statistics:
 AA' NZ     : 5.994e+03
 Factor NZ  : 3.144e+04 (roughly 4 MBytes of memory)
 Factor Ops : 1.772e+06 (less than 1 second per iteration)
 Threads    : 1

                  Objective                Residual
Iter       Primal          Dual         Primal    Dual     Compl     Time
   0  -4.94996030e+04 -1.05155881e+05  2.82e+01 7.99e+00  4.71e+01     0s
   1  -1.58010028e+04 -7.43688050e+04  4.28e+00 1.78e-14  9.18e+00     0s
   2  -9.76109048e+03 -2.24443067e+04  2.16e-01 1.78e-14  1.10e+00     0s
   3  -9.84540463e+03 -1.17849821e+04  3.25e-02 6.11e-13  1.62e-01     0s
   4  -9.91046365e+03 -1.01121146e+04  9.67e-03 1.42e-14  1.78e-02     0s
   5  -9.95566162e+03 -9.96673079e+03  6.41e-04 1.42e-14  9.98e-04     0s
   6  -9.95899709e+03 -9.95900803e+03  1.78e-07 1.42e-14  9.05e-07     0s
   7  -9.95900000e+03 -9.95900001e+03  1.22e-13 1.42e-14  9.05e-10     0s

Barrier solved model in 7 iterations and 0.10 seconds
Optimal objective -9.95900000e+03


Root relaxation: objective -9.959000e+03, 4902 iterations, 0.09 seconds

    Nodes    |    Current Node    |     Objective Bounds      |     Work
 Expl Unexpl |  Obj  Depth IntInf | Incumbent    BestBd   Gap | It/Node Time

     0     0 -9959.0000    0  362 -7494.0000 -9959.0000  32.9%     -    0s
     0     0 -8869.5000    0  218 -7494.0000 -8869.5000  18.4%     -    0s
H    0     0                    -7945.000000 -8869.5000  11.6%     -    0s
H    0     0                    -8191.000000 -8869.5000  8.28%     -    0s
     0     0 -8211.5000    0   19 -8191.0000 -8211.5000  0.25%     -    0s

Cutting planes:
  Gomory: 15
  Cover: 177

Explored 0 nodes (9274 simplex iterations) in 0.68 seconds
Thread count was 16 (of 16 available processors)

Optimal solution found (tolerance 1.00e-02)
Best objective -8.191000000000e+03, best bound -8.211000000000e+03, gap 0.2442%
Changed value of parameter MIPGap to 0.01
   Prev: 0.0001  Min: 0.0  Max: 1e+100  Default: 0.0001
Changed value of parameter TimeLimit to 1800.0
   Prev: 1e+100  Min: 0.0  Max: 1e+100  Default: 1e+100
Changed value of parameter Method to 2
   Prev: -1  Min: -1  Max: 4  Default: -1
Changed value of parameter MIPFocus to 1
   Prev: 0  Min: 0  Max: 3  Default: 0
Optimize a model with 2426 rows, 7441 columns and 14882 nonzeros
Coefficient statistics:
  Matrix range    [1e+00, 4e+01]
  Objective range [5e+00, 8e+01]
  Bounds range    [1e+00, 1e+00]
  RHS range       [8e+01, 8e+01]
Found heuristic solution: objective 0
Presolve removed 378 rows and 1447 columns
Presolve time: 0.05s
Presolved: 2048 rows, 5994 columns, 11988 nonzeros
Found heuristic solution: objective -14140.00000
Variable types: 0 continuous, 5994 integer (5994 binary)
Optimize a model with 2048 rows, 5994 columns and 11988 nonzeros
Coefficient statistics:
  Matrix range    [1e+00, 4e+01]
  Objective range [5e+00, 8e+01]
  Bounds range    [1e+00, 1e+00]
  RHS range       [1e+00, 8e+01]
Presolved: 2048 rows, 5994 columns, 11988 nonzeros

Root barrier log...

Ordering time: 0.00s

Barrier statistics:
 AA' NZ     : 5.994e+03
 Factor NZ  : 3.144e+04 (roughly 4 MBytes of memory)
 Factor Ops : 1.772e+06 (less than 1 second per iteration)
 Threads    : 1

                  Objective                Residual
Iter       Primal          Dual         Primal    Dual     Compl     Time
   0  -9.47694630e+04 -2.07612155e+05  2.82e+01 1.58e+01  9.32e+01     0s
   1  -3.02114674e+04 -1.46654089e+05  4.26e+00 3.91e-14  1.81e+01     0s
   2  -1.86975210e+04 -4.37373171e+04  2.16e-01 2.84e-14  2.17e+00     0s
   3  -1.88615337e+04 -2.27226060e+04  3.28e-02 5.54e-13  3.21e-01     0s
   4  -1.89790712e+04 -1.99624515e+04  9.12e-03 8.53e-14  8.16e-02     0s
   5  -1.91362538e+04 -1.95824086e+04  2.58e-03 2.84e-14  3.65e-02     0s
   6  -1.91856403e+04 -1.94070182e+04  1.57e-03 2.84e-14  1.82e-02     0s
   7  -1.92256423e+04 -1.93212827e+04  7.33e-04 2.84e-14  7.88e-03     0s
   8  -1.92481720e+04 -1.92767534e+04  2.66e-04 2.84e-14  2.37e-03     0s
   9  -1.92595393e+04 -1.92652604e+04  3.33e-05 2.84e-14  4.69e-04     0s
  10  -1.92605709e+04 -1.92638194e+04  1.89e-05 2.84e-14  2.66e-04     0s
  11  -1.92613001e+04 -1.92631018e+04  7.35e-06 2.84e-14  1.46e-04     0s
  12  -1.92617579e+04 -1.92617750e+04  1.59e-08 2.84e-14  1.37e-06     0s
  13  -1.92617642e+04 -1.92617642e+04  3.45e-13 2.84e-14  1.37e-09     0s

Barrier solved model in 13 iterations and 0.13 seconds
Optimal objective -1.92617642e+04


Root relaxation: objective -1.926176e+04, 3665 iterations, 0.11 seconds

    Nodes    |    Current Node    |     Objective Bounds      |     Work
 Expl Unexpl |  Obj  Depth IntInf | Incumbent    BestBd   Gap | It/Node Time

     0     0 -19261.764    0  400 -14140.000 -19261.764  36.2%     -    0s
     0     0 -15673.073    0   45 -14140.000 -15673.073  10.8%     -    0s
H    0     0                    -15517.00000 -15673.073  1.01%     -    0s
     0     0 -15557.500    0   29 -15517.000 -15557.500  0.26%     -    0s

Cutting planes:
  Gomory: 2
  Cover: 174

Explored 0 nodes (8357 simplex iterations) in 0.64 seconds
Thread count was 16 (of 16 available processors)

Optimal solution found (tolerance 1.00e-02)
Best objective -1.551700000000e+04, best bound -1.555700000000e+04, gap 0.2578%
Changed value of parameter MIPGap to 0.01
   Prev: 0.0001  Min: 0.0  Max: 1e+100  Default: 0.0001
Changed value of parameter TimeLimit to 1800.0
   Prev: 1e+100  Min: 0.0  Max: 1e+100  Default: 1e+100
Changed value of parameter Method to 2
   Prev: -1  Min: -1  Max: 4  Default: -1
Changed value of parameter MIPFocus to 1
   Prev: 0  Min: 0  Max: 3  Default: 0
Optimize a model with 2426 rows, 7441 columns and 14882 nonzeros
Coefficient statistics:
  Matrix range    [1e+00, 4e+01]
  Objective range [6e+00, 1e+02]
  Bounds range    [1e+00, 1e+00]
  RHS range       [8e+01, 8e+01]
Found heuristic solution: objective 0
Presolve removed 378 rows and 1447 columns
Presolve time: 0.05s
Presolved: 2048 rows, 5994 columns, 11988 nonzeros
Found heuristic solution: objective -17463.00000
Variable types: 0 continuous, 5994 integer (5994 binary)
Optimize a model with 2048 rows, 5994 columns and 11988 nonzeros
Coefficient statistics:
  Matrix range    [1e+00, 4e+01]
  Objective range [6e+00, 1e+02]
  Bounds range    [1e+00, 1e+00]
  RHS range       [1e+00, 8e+01]
Presolved: 2048 rows, 5994 columns, 11988 nonzeros

Root barrier log...

Ordering time: 0.00s

Barrier statistics:
 AA' NZ     : 5.994e+03
 Factor NZ  : 3.144e+04 (roughly 4 MBytes of memory)
 Factor Ops : 1.772e+06 (less than 1 second per iteration)
 Threads    : 1

                  Objective                Residual
Iter       Primal          Dual         Primal    Dual     Compl     Time
   0  -1.17404387e+05 -2.58840293e+05  2.82e+01 1.97e+01  1.16e+02     0s
   1  -3.74184746e+04 -1.82797184e+05  4.26e+00 4.62e-14  2.26e+01     0s
   2  -2.31672409e+04 -5.43844034e+04  2.16e-01 3.20e-14  2.71e+00     0s
   3  -2.33728083e+04 -2.81924208e+04  3.28e-02 7.11e-13  4.01e-01     0s
   4  -2.35291757e+04 -2.48827327e+04  8.91e-03 1.71e-13  1.12e-01     0s
   5  -2.37426451e+04 -2.43935271e+04  2.54e-03 1.56e-13  5.30e-02     0s
   6  -2.38229914e+04 -2.41266584e+04  1.25e-03 8.53e-14  2.47e-02     0s
   7  -2.38700380e+04 -2.40014816e+04  5.71e-04 2.84e-14  1.07e-02     0s
   8  -2.39013196e+04 -2.39471634e+04  1.30e-04 2.84e-14  3.71e-03     0s
   9  -2.39124558e+04 -2.39260349e+04  8.43e-14 2.84e-14  1.08e-03     0s
  10  -2.39127834e+04 -2.39135904e+04  8.60e-14 2.84e-14  6.42e-05     0s
  11  -2.39131407e+04 -2.39131582e+04  7.28e-12 2.84e-14  1.39e-06     0s
  12  -2.39131463e+04 -2.39131463e+04  2.82e-11 2.84e-14  1.88e-11     0s

Barrier solved model in 12 iterations and 0.13 seconds
Optimal objective -2.39131463e+04


Root relaxation: objective -2.391315e+04, 3661 iterations, 0.10 seconds

    Nodes    |    Current Node    |     Objective Bounds      |     Work
 Expl Unexpl |  Obj  Depth IntInf | Incumbent    BestBd   Gap | It/Node Time

     0     0 -23913.146    0  379 -17463.000 -23913.146  36.9%     -    0s
     0     0 -19422.646    0  150 -17463.000 -19422.646  11.2%     -    0s
H    0     0                    -18978.00000 -19422.646  2.34%     -    0s
H    0     0                    -19180.00000 -19422.646  1.27%     -    0s
     0     0 -19230.500    0   23 -19180.000 -19230.500  0.26%     -    0s

Cutting planes:
  Gomory: 5
  Cover: 175

Explored 0 nodes (8197 simplex iterations) in 0.67 seconds
Thread count was 16 (of 16 available processors)

Optimal solution found (tolerance 1.00e-02)
Best objective -1.918000000000e+04, best bound -1.923000000000e+04, gap 0.2607%
Changed value of parameter MIPGap to 0.01
   Prev: 0.0001  Min: 0.0  Max: 1e+100  Default: 0.0001
Changed value of parameter TimeLimit to 1800.0
   Prev: 1e+100  Min: 0.0  Max: 1e+100  Default: 1e+100
Changed value of parameter Method to 2
   Prev: -1  Min: -1  Max: 4  Default: -1
Changed value of parameter MIPFocus to 1
   Prev: 0  Min: 0  Max: 3  Default: 0
Optimize a model with 2426 rows, 7441 columns and 14882 nonzeros
Coefficient statistics:
  Matrix range    [1e+00, 4e+01]
  Objective range [1e+01, 2e+02]
  Bounds range    [1e+00, 1e+00]
  RHS range       [8e+01, 8e+01]
Found heuristic solution: objective 0
Presolve removed 378 rows and 1447 columns
Presolve time: 0.05s
Presolved: 2048 rows, 5994 columns, 11988 nonzeros
Found heuristic solution: objective -34078.00000
Variable types: 0 continuous, 5994 integer (5994 binary)
Optimize a model with 2048 rows, 5994 columns and 11988 nonzeros
Coefficient statistics:
  Matrix range    [1e+00, 4e+01]
  Objective range [1e+01, 2e+02]
  Bounds range    [1e+00, 1e+00]
  RHS range       [1e+00, 8e+01]
Presolved: 2048 rows, 5994 columns, 11988 nonzeros

Root barrier log...

Ordering time: 0.00s

Barrier statistics:
 AA' NZ     : 5.994e+03
 Factor NZ  : 3.144e+04 (roughly 4 MBytes of memory)
 Factor Ops : 1.772e+06 (less than 1 second per iteration)
 Threads    : 1

                  Objective                Residual
Iter       Primal          Dual         Primal    Dual     Compl     Time
   0  -2.30578992e+05 -5.14980979e+05  2.82e+01 3.92e+01  2.32e+02     0s
   1  -7.34572116e+04 -3.63513557e+05  4.25e+00 1.14e-13  4.50e+01     0s
   2  -4.55190361e+04 -1.07621241e+05  2.16e-01 6.39e-14  5.39e+00     0s
   3  -4.59364291e+04 -5.55486930e+04  3.29e-02 8.53e-14  8.00e-01     0s
   4  -4.63033008e+04 -4.92826751e+04  8.69e-03 5.68e-14  2.45e-01     0s
   5  -4.67210552e+04 -4.81883867e+04  3.23e-03 5.68e-14  1.20e-01     0s
   6  -4.69393146e+04 -4.75680028e+04  1.55e-03 5.68e-14  5.14e-02     0s
   7  -4.70542354e+04 -4.73219446e+04  7.48e-04 5.68e-14  2.20e-02     0s
   8  -4.71529241e+04 -4.72019193e+04  9.15e-05 5.68e-14  3.99e-03     0s
   9  -4.71656259e+04 -4.71724277e+04  2.43e-05 5.68e-14  5.65e-04     0s
  10  -4.71696543e+04 -4.71703043e+04  2.02e-06 5.68e-14  5.38e-05     0s
  11  -4.71700569e+04 -4.71700569e+04  4.23e-11 5.68e-14  1.04e-09     0s

Barrier solved model in 11 iterations and 0.12 seconds
Optimal objective -4.71700569e+04


Root relaxation: objective -4.717006e+04, 3660 iterations, 0.09 seconds

    Nodes    |    Current Node    |     Objective Bounds      |     Work
 Expl Unexpl |  Obj  Depth IntInf | Incumbent    BestBd   Gap | It/Node Time

     0     0 -47170.057    0  397 -34078.000 -47170.057  38.4%     -    0s
     0     0 -37882.293    0   74 -34078.000 -37882.293  11.2%     -    0s
H    0     0                    -37093.00000 -37882.293  2.13%     -    0s
H    0     0                    -37294.00000 -37882.293  1.58%     -    0s
     0     0 -37595.500    0   27 -37294.000 -37595.500  0.81%     -    0s

Cutting planes:
  Gomory: 4
  Cover: 175

Explored 0 nodes (7210 simplex iterations) in 0.72 seconds
Thread count was 16 (of 16 available processors)

Optimal solution found (tolerance 1.00e-02)
Best objective -3.729400000000e+04, best bound -3.759500000000e+04, gap 0.8071%
Changed value of parameter MIPGap to 0.01
   Prev: 0.0001  Min: 0.0  Max: 1e+100  Default: 0.0001
Changed value of parameter TimeLimit to 1800.0
   Prev: 1e+100  Min: 0.0  Max: 1e+100  Default: 1e+100
Changed value of parameter Method to 2
   Prev: -1  Min: -1  Max: 4  Default: -1
Changed value of parameter MIPFocus to 1
   Prev: 0  Min: 0  Max: 3  Default: 0
Optimize a model with 2426 rows, 7441 columns and 14882 nonzeros
Coefficient statistics:
  Matrix range    [1e+00, 4e+01]
  Objective range [2e+01, 4e+02]
  Bounds range    [1e+00, 1e+00]
  RHS range       [8e+01, 8e+01]
Found heuristic solution: objective 0
Presolve removed 378 rows and 1447 columns
Presolve time: 0.05s
Presolved: 2048 rows, 5994 columns, 11988 nonzeros
Found heuristic solution: objective -67308.00000
Variable types: 0 continuous, 5994 integer (5994 binary)
Optimize a model with 2048 rows, 5994 columns and 11988 nonzeros
Coefficient statistics:
  Matrix range    [1e+00, 4e+01]
  Objective range [2e+01, 4e+02]
  Bounds range    [1e+00, 1e+00]
  RHS range       [1e+00, 8e+01]
Presolved: 2048 rows, 5994 columns, 11988 nonzeros

Root barrier log...

Ordering time: 0.00s

Barrier statistics:
 AA' NZ     : 5.994e+03
 Factor NZ  : 3.144e+04 (roughly 4 MBytes of memory)
 Factor Ops : 1.772e+06 (less than 1 second per iteration)
 Threads    : 1

                  Objective                Residual
Iter       Primal          Dual         Primal    Dual     Compl     Time
   0  -4.56928191e+05 -1.02726235e+06  2.82e+01 7.83e+01  4.62e+02     0s
   1  -1.45538447e+05 -7.24946979e+05  4.25e+00 2.27e-13  8.98e+01     0s
   2  -9.02259108e+04 -2.14095763e+05  2.16e-01 1.14e-13  1.08e+01     0s
   3  -9.10712962e+04 -1.10274702e+05  3.29e-02 4.66e-12  1.60e+00     0s
   4  -9.18790421e+04 -9.80893633e+04  8.53e-03 1.25e-12  5.10e-01     0s
   5  -9.26855185e+04 -9.57909519e+04  3.62e-03 4.55e-13  2.54e-01     0s
   6  -9.30823413e+04 -9.45297603e+04  2.09e-03 1.14e-13  1.19e-01     0s
   7  -9.33554890e+04 -9.40154490e+04  1.12e-03 1.14e-13  5.45e-02     0s
   8  -9.36244149e+04 -9.37566873e+04  1.78e-04 2.27e-13  1.09e-02     0s
   9  -9.36788271e+04 -9.37074082e+04  1.38e-05 1.14e-13  2.30e-03     0s
  10  -9.36818763e+04 -9.36905880e+04  4.30e-06 1.14e-13  7.02e-04     0s
  11  -9.36837032e+04 -9.36839649e+04  1.47e-07 1.14e-13  2.12e-05     0s
  12  -9.36838780e+04 -9.36838782e+04  1.05e-10 1.14e-13  1.61e-08     0s
  13  -9.36838780e+04 -9.36838780e+04  2.66e-10 1.14e-13  1.61e-11     0s

Barrier solved model in 13 iterations and 0.13 seconds
Optimal objective -9.36838780e+04


Root relaxation: objective -9.368388e+04, 3662 iterations, 0.10 seconds

    Nodes    |    Current Node    |     Objective Bounds      |     Work
 Expl Unexpl |  Obj  Depth IntInf | Incumbent    BestBd   Gap | It/Node Time

     0     0 -93683.878    0  378 -67308.000 -93683.878  39.2%     -    0s
     0     0 -75279.098    0   91 -67308.000 -75279.098  11.8%     -    0s
H    0     0                    -73323.00000 -75279.098  2.67%     -    0s
H    0     0                    -74125.00000 -75279.098  1.56%     -    0s
     0     0 -74325.500    0   35 -74125.000 -74325.500  0.27%     -    0s

Cutting planes:
  Gomory: 3
  Cover: 175

Explored 0 nodes (7973 simplex iterations) in 0.58 seconds
Thread count was 16 (of 16 available processors)

Optimal solution found (tolerance 1.00e-02)
Best objective -7.412500000000e+04, best bound -7.432500000000e+04, gap 0.2698%
Changed value of parameter MIPGap to 0.01
   Prev: 0.0001  Min: 0.0  Max: 1e+100  Default: 0.0001
Changed value of parameter TimeLimit to 1800.0
   Prev: 1e+100  Min: 0.0  Max: 1e+100  Default: 1e+100
Changed value of parameter Method to 2
   Prev: -1  Min: -1  Max: 4  Default: -1
Changed value of parameter MIPFocus to 1
   Prev: 0  Min: 0  Max: 3  Default: 0
Optimize a model with 2426 rows, 7441 columns and 14882 nonzeros
Coefficient statistics:
  Matrix range    [1e+00, 4e+01]
  Objective range [5e+01, 1e+03]
  Bounds range    [1e+00, 1e+00]
  RHS range       [8e+01, 8e+01]
Found heuristic solution: objective 0
Presolve removed 378 rows and 1447 columns
Presolve time: 0.05s
Presolved: 2048 rows, 5994 columns, 11988 nonzeros
Found heuristic solution: objective -166998.0000
Variable types: 0 continuous, 5994 integer (5994 binary)
Optimize a model with 2048 rows, 5994 columns and 11988 nonzeros
Coefficient statistics:
  Matrix range    [1e+00, 4e+01]
  Objective range [5e+01, 1e+03]
  Bounds range    [1e+00, 1e+00]
  RHS range       [1e+00, 8e+01]
Presolved: 2048 rows, 5994 columns, 11988 nonzeros

Root barrier log...

Ordering time: 0.00s

Barrier statistics:
 AA' NZ     : 5.994e+03
 Factor NZ  : 3.144e+04 (roughly 4 MBytes of memory)
 Factor Ops : 1.772e+06 (less than 1 second per iteration)
 Threads    : 1

                  Objective                Residual
Iter       Primal          Dual         Primal    Dual     Compl     Time
   0  -1.13597578e+06 -2.56410647e+06  2.82e+01 1.96e+02  1.15e+03     0s
   1  -3.61785231e+05 -1.80924796e+06  4.24e+00 4.55e-13  2.24e+02     0s
   2  -2.24349221e+05 -5.33520205e+05  2.16e-01 3.41e-13  2.68e+01     0s
   3  -2.26482423e+05 -2.74464339e+05  3.30e-02 1.17e-11  3.99e+00     0s
   4  -2.28628587e+05 -2.44464881e+05  8.42e-03 2.73e-12  1.30e+00     0s
   5  -2.30590695e+05 -2.38364073e+05  3.81e-03 6.82e-13  6.36e-01     0s
   6  -2.31481295e+05 -2.35321146e+05  2.45e-03 2.27e-13  3.16e-01     0s
   7  -2.32449749e+05 -2.33867639e+05  1.06e-03 2.27e-13  1.18e-01     0s
   8  -2.33130049e+05 -2.33270486e+05  8.30e-05 4.55e-13  1.16e-02     0s
   9  -2.33201861e+05 -2.33236046e+05  2.16e-05 2.27e-13  2.83e-03     0s
  10  -2.33221934e+05 -2.33226287e+05  3.05e-06 2.27e-13  3.62e-04     0s
  11  -2.33225341e+05 -2.33225342e+05  2.70e-10 4.55e-13  1.11e-07     0s
  12  -2.33225341e+05 -2.33225341e+05  1.16e-11 2.27e-13  8.59e-13     0s

Barrier solved model in 12 iterations and 0.13 seconds
Optimal objective -2.33225341e+05


Root relaxation: objective -2.332253e+05, 3660 iterations, 0.10 seconds

    Nodes    |    Current Node    |     Objective Bounds      |     Work
 Expl Unexpl |  Obj  Depth IntInf | Incumbent    BestBd   Gap | It/Node Time

     0     0 -233225.34    0  383 -166998.00 -233225.34  39.7%     -    0s
     0     0 -186895.93    0  120 -166998.00 -186895.93  11.9%     -    0s
H    0     0                    -181012.0000 -186895.93  3.25%     -    0s
H    0     0                    -182013.0000 -186895.93  2.68%     -    0s
H    0     0                    -184015.0000 -186895.93  1.57%     -    0s
     0     0 -184515.50    0   76 -184015.00 -184515.50  0.27%     -    0s

Cutting planes:
  Gomory: 4
  Cover: 178
  MIR: 2

Explored 0 nodes (7905 simplex iterations) in 0.71 seconds
Thread count was 16 (of 16 available processors)

Optimal solution found (tolerance 1.00e-02)
Best objective -1.840150000000e+05, best bound -1.845150000000e+05, gap 0.2717%
Changed value of parameter MIPGap to 0.01
   Prev: 0.0001  Min: 0.0  Max: 1e+100  Default: 0.0001
Changed value of parameter TimeLimit to 1800.0
   Prev: 1e+100  Min: 0.0  Max: 1e+100  Default: 1e+100
Changed value of parameter Method to 2
   Prev: -1  Min: -1  Max: 4  Default: -1
Changed value of parameter MIPFocus to 1
   Prev: 0  Min: 0  Max: 3  Default: 0
Optimize a model with 2426 rows, 7441 columns and 14882 nonzeros
Coefficient statistics:
  Matrix range    [1e+00, 4e+01]
  Objective range [5e+02, 1e+04]
  Bounds range    [1e+00, 1e+00]
  RHS range       [8e+01, 8e+01]
Found heuristic solution: objective 0
Presolve removed 378 rows and 1447 columns
Presolve time: 0.05s
Presolved: 2048 rows, 5994 columns, 11988 nonzeros
Found heuristic solution: objective -1662348.000
Variable types: 0 continuous, 5994 integer (5994 binary)
Optimize a model with 2048 rows, 5994 columns and 11988 nonzeros
Coefficient statistics:
  Matrix range    [1e+00, 4e+01]
  Objective range [5e+02, 1e+04]
  Bounds range    [1e+00, 1e+00]
  RHS range       [1e+00, 8e+01]
Presolved: 2048 rows, 5994 columns, 11988 nonzeros

Root barrier log...

Ordering time: 0.00s

Barrier statistics:
 AA' NZ     : 5.994e+03
 Factor NZ  : 3.144e+04 (roughly 4 MBytes of memory)
 Factor Ops : 1.772e+06 (less than 1 second per iteration)
 Threads    : 1

                  Objective                Residual
Iter       Primal          Dual         Primal    Dual     Compl     Time
   0  -1.13216895e+07 -2.56167683e+07  2.82e+01 1.95e+03  1.15e+04     0s
   1  -3.60549819e+06 -1.80737655e+07  4.24e+00 4.55e-12  2.24e+03     0s
   2  -2.23618236e+06 -5.32464539e+06  2.16e-01 3.64e-12  2.68e+02     0s
   3  -2.25766986e+06 -2.73731912e+06  3.30e-02 3.64e-12  3.99e+01     0s
   4  -2.27996381e+06 -2.43971638e+06  8.38e-03 3.64e-12  1.31e+01     0s
   5  -2.29919763e+06 -2.37523139e+06  3.93e-03 7.28e-12  6.23e+00     0s
   6  -2.30716397e+06 -2.34642333e+06  2.65e-03 3.64e-12  3.24e+00     0s
   7  -2.31776882e+06 -2.33198606e+06  1.16e-03 3.64e-12  1.18e+00     0s
   8  -2.32550152e+06 -2.32747856e+06  6.77e-05 3.64e-12  1.61e-01     0s
   9  -2.32617517e+06 -2.32656692e+06  1.41e-05 3.64e-12  3.19e-02     0s
  10  -2.32631122e+06 -2.32635694e+06  2.41e-06 3.64e-12  3.77e-03     0s
  11  -2.32634713e+06 -2.32634738e+06  1.25e-08 3.64e-12  2.06e-05     0s
  12  -2.32634729e+06 -2.32634729e+06  8.58e-11 3.64e-12  3.17e-10     0s

Barrier solved model in 12 iterations and 0.13 seconds
Optimal objective -2.32634729e+06


Root relaxation: objective -2.326347e+06, 3660 iterations, 0.10 seconds

    Nodes    |    Current Node    |     Objective Bounds      |     Work
 Expl Unexpl |  Obj  Depth IntInf | Incumbent    BestBd   Gap | It/Node Time

     0     0 -2326347.3    0  364 -1662348.0 -2326347.3  39.9%     -    0s
     0     0 -1865173.2    0   92 -1662348.0 -1865173.2  12.2%     -    0s
H    0     0                    -1812363.000 -1865173.2  2.91%     -    0s
H    0     0                    -1822364.000 -1865173.2  2.35%     -    0s
     0     0 -1837365.5    0   82 -1822364.0 -1837365.5  0.82%     -    0s

Cutting planes:
  Gomory: 5
  Cover: 174

Explored 0 nodes (8084 simplex iterations) in 0.54 seconds
Thread count was 16 (of 16 available processors)

Optimal solution found (tolerance 1.00e-02)
Best objective -1.822364000000e+06, best bound -1.837365000000e+06, gap 0.8232%
