Changed value of parameter MIPGap to 0.01
   Prev: 0.0001  Min: 0.0  Max: 1e+100  Default: 0.0001
Changed value of parameter TimeLimit to 1800.0
   Prev: 1e+100  Min: 0.0  Max: 1e+100  Default: 1e+100
Changed value of parameter Method to 2
   Prev: -1  Min: -1  Max: 4  Default: -1
Changed value of parameter MIPFocus to 1
   Prev: 0  Min: 0  Max: 3  Default: 0
Optimize a model with 2432 rows, 7462 columns and 14924 nonzeros
Coefficient statistics:
  Matrix range    [1e+00, 4e+01]
  Objective range [1e+00, 1e+00]
  Bounds range    [1e+00, 1e+00]
  RHS range       [8e+01, 8e+01]
Found heuristic solution: objective 0
Presolve removed 81 rows and 263 columns
Presolve time: 0.10s
Presolved: 2351 rows, 7199 columns, 14398 nonzeros
Found heuristic solution: objective -951.0000000
Variable types: 0 continuous, 7199 integer (7199 binary)
Optimize a model with 2351 rows, 7199 columns and 14398 nonzeros
Coefficient statistics:
  Matrix range    [1e+00, 4e+01]
  Objective range [1e+00, 1e+00]
  Bounds range    [1e+00, 1e+00]
  RHS range       [1e+00, 8e+01]
Presolved: 2351 rows, 7199 columns, 14398 nonzeros

Root barrier log...

Ordering time: 0.00s

Barrier statistics:
 AA' NZ     : 7.199e+03
 Factor NZ  : 4.118e+04 (roughly 4 MBytes of memory)
 Factor Ops : 3.351e+06 (less than 1 second per iteration)
 Threads    : 1

                  Objective                Residual
Iter       Primal          Dual         Primal    Dual     Compl     Time
   0  -3.74060597e+03 -5.63776397e+03  1.91e+01 2.48e-01  1.84e+00     0s
   1  -1.43675640e+03 -4.04293709e+03  3.03e+00 6.66e-16  3.67e-01     0s
   2  -1.05039066e+03 -1.88375965e+03  3.35e-01 1.33e-15  6.76e-02     0s
   3  -1.01360347e+03 -1.08506779e+03  2.49e-02 1.33e-15  5.33e-03     0s
   4  -1.01327107e+03 -1.03091379e+03  2.92e-03 6.66e-16  1.25e-03     0s
   5  -1.01329966e+03 -1.01365850e+03  2.54e-04 4.44e-16  2.91e-05     0s
   6  -1.01331693e+03 -1.01331993e+03  1.79e-07 4.44e-16  2.07e-07     0s
   7  -1.01331707e+03 -1.01331708e+03  1.51e-13 6.66e-16  2.07e-10     0s

Barrier solved model in 7 iterations and 0.25 seconds
Optimal objective -1.01331707e+03


Root relaxation: objective -1.013317e+03, 5358 iterations, 0.17 seconds

    Nodes    |    Current Node    |     Objective Bounds      |     Work
 Expl Unexpl |  Obj  Depth IntInf | Incumbent    BestBd   Gap | It/Node Time

     0     0 -1013.3171    0  176 -951.00000 -1013.3171  6.55%     -    0s
H    0     0                    -988.0000000 -1013.3171  2.56%     -    0s
H    0     0                    -991.0000000 -1013.3171  2.25%     -    0s
H    0     0                    -992.0000000 -1013.3171  2.15%     -    0s
     0     0 -1012.5854    0  277 -992.00000 -1012.5854  2.08%     -    0s
H    0     0                    -995.0000000 -1012.5854  1.77%     -    0s
     0     0 -1008.5070    0  283 -995.00000 -1008.5070  1.36%     -    0s
     0     0 -1007.1728    0  260 -995.00000 -1007.1728  1.22%     -    0s
H    0     0                    -997.0000000 -1007.1728  1.02%     -    0s
     0     0 -1007.0752    0  240 -997.00000 -1007.0752  1.01%     -    0s
     0     0 -1007.0752    0  258 -997.00000 -1007.0752  1.01%     -    0s
     0     0 -1007.0752    0  269 -997.00000 -1007.0752  1.01%     -    0s
     0     0 -1007.0752    0  218 -997.00000 -1007.0752  1.01%     -    1s
H    0     0                    -999.0000000 -1007.0752  0.81%     -    1s

Cutting planes:
  Gomory: 20
  Cover: 136
  Clique: 2
  MIR: 60

Explored 0 nodes (9413 simplex iterations) in 1.08 seconds
Thread count was 16 (of 16 available processors)

Optimal solution found (tolerance 1.00e-02)
Best objective -9.990000000000e+02, best bound -1.007000000000e+03, gap 0.8008%
Changed value of parameter MIPGap to 0.01
   Prev: 0.0001  Min: 0.0  Max: 1e+100  Default: 0.0001
Changed value of parameter TimeLimit to 1800.0
   Prev: 1e+100  Min: 0.0  Max: 1e+100  Default: 1e+100
Changed value of parameter Method to 2
   Prev: -1  Min: -1  Max: 4  Default: -1
Changed value of parameter MIPFocus to 1
   Prev: 0  Min: 0  Max: 3  Default: 0
Optimize a model with 2432 rows, 7462 columns and 14924 nonzeros
Coefficient statistics:
  Matrix range    [1e+00, 4e+01]
  Objective range [1e+00, 1e+00]
  Bounds range    [1e+00, 1e+00]
  RHS range       [8e+01, 8e+01]
Found heuristic solution: objective 0
Presolve removed 81 rows and 263 columns
Presolve time: 0.05s
Presolved: 2351 rows, 7199 columns, 14398 nonzeros
Found heuristic solution: objective -952.9610000
Variable types: 0 continuous, 7199 integer (7199 binary)
Optimize a model with 2351 rows, 7199 columns and 14398 nonzeros
Coefficient statistics:
  Matrix range    [1e+00, 4e+01]
  Objective range [1e+00, 1e+00]
  Bounds range    [1e+00, 1e+00]
  RHS range       [1e+00, 8e+01]
Presolved: 2351 rows, 7199 columns, 14398 nonzeros

Root barrier log...

Ordering time: 0.00s

Barrier statistics:
 AA' NZ     : 7.199e+03
 Factor NZ  : 4.118e+04 (roughly 4 MBytes of memory)
 Factor Ops : 3.351e+06 (less than 1 second per iteration)
 Threads    : 1

                  Objective                Residual
Iter       Primal          Dual         Primal    Dual     Compl     Time
   0  -3.74935649e+03 -5.64205348e+03  1.91e+01 2.48e-01  1.84e+00     0s
   1  -1.44138801e+03 -4.04642654e+03  3.04e+00 6.66e-16  3.67e-01     0s
   2  -1.05308601e+03 -1.89082222e+03  3.38e-01 2.00e-15  6.80e-02     0s
   3  -1.01578164e+03 -1.08815526e+03  2.56e-02 1.11e-15  5.40e-03     0s
   4  -1.01537856e+03 -1.03320219e+03  2.99e-03 6.66e-16  1.27e-03     0s
   5  -1.01539945e+03 -1.01576530e+03  2.54e-04 4.44e-16  2.96e-05     0s
   6  -1.01541610e+03 -1.01541939e+03  1.87e-07 6.66e-16  2.27e-07     0s
   7  -1.01541624e+03 -1.01541625e+03  2.95e-13 4.44e-16  2.27e-10     0s

Barrier solved model in 7 iterations and 0.11 seconds
Optimal objective -1.01541624e+03


Root relaxation: objective -1.015416e+03, 5328 iterations, 0.08 seconds

    Nodes    |    Current Node    |     Objective Bounds      |     Work
 Expl Unexpl |  Obj  Depth IntInf | Incumbent    BestBd   Gap | It/Node Time

     0     0 -1015.4162    0  198 -952.96100 -1015.4162  6.55%     -    0s
H    0     0                    -986.8645000 -1015.4162  2.89%     -    0s
H    0     0                    -989.8765000 -1015.4162  2.58%     -    0s
     0     0 -1013.8021    0  328 -989.87650 -1013.8021  2.42%     -    0s
H    0     0                    -993.9075000 -1013.8021  2.00%     -    0s
     0     0 -1011.3584    0  316 -993.90750 -1011.3584  1.76%     -    0s
     0     0 -1010.1352    0  305 -993.90750 -1010.1352  1.63%     -    0s
H    0     0                    -998.9635000 -1010.1352  1.12%     -    0s
     0     0 -1007.4017    0  286 -998.96350 -1007.4017  0.84%     -    0s

Cutting planes:
  Gomory: 41
  Cover: 117
  Clique: 2
  MIR: 63

Explored 0 nodes (8470 simplex iterations) in 0.61 seconds
Thread count was 16 (of 16 available processors)

Optimal solution found (tolerance 1.00e-02)
Best objective -9.989635000000e+02, best bound -1.007401663794e+03, gap 0.8447%
Changed value of parameter MIPGap to 0.01
   Prev: 0.0001  Min: 0.0  Max: 1e+100  Default: 0.0001
Changed value of parameter TimeLimit to 1800.0
   Prev: 1e+100  Min: 0.0  Max: 1e+100  Default: 1e+100
Changed value of parameter Method to 2
   Prev: -1  Min: -1  Max: 4  Default: -1
Changed value of parameter MIPFocus to 1
   Prev: 0  Min: 0  Max: 3  Default: 0
Optimize a model with 2432 rows, 7462 columns and 14924 nonzeros
Coefficient statistics:
  Matrix range    [1e+00, 4e+01]
  Objective range [1e+00, 1e+00]
  Bounds range    [1e+00, 1e+00]
  RHS range       [8e+01, 8e+01]
Found heuristic solution: objective 0
Presolve removed 81 rows and 263 columns
Presolve time: 0.05s
Presolved: 2351 rows, 7199 columns, 14398 nonzeros
Found heuristic solution: objective -954.9220000
Variable types: 0 continuous, 7199 integer (7199 binary)
Optimize a model with 2351 rows, 7199 columns and 14398 nonzeros
Coefficient statistics:
  Matrix range    [1e+00, 4e+01]
  Objective range [1e+00, 1e+00]
  Bounds range    [1e+00, 1e+00]
  RHS range       [1e+00, 8e+01]
Presolved: 2351 rows, 7199 columns, 14398 nonzeros

Root barrier log...

Ordering time: 0.00s

Barrier statistics:
 AA' NZ     : 7.199e+03
 Factor NZ  : 4.118e+04 (roughly 4 MBytes of memory)
 Factor Ops : 3.351e+06 (less than 1 second per iteration)
 Threads    : 1

                  Objective                Residual
Iter       Primal          Dual         Primal    Dual     Compl     Time
   0  -3.75810692e+03 -5.64634299e+03  1.91e+01 2.48e-01  1.84e+00     0s
   1  -1.44601957e+03 -4.04991734e+03  3.05e+00 6.66e-16  3.68e-01     0s
   2  -1.05577583e+03 -1.89785154e+03  3.41e-01 1.27e-14  6.85e-02     0s
   3  -1.01797116e+03 -1.09123524e+03  2.64e-02 3.11e-15  5.48e-03     0s
   4  -1.01748736e+03 -1.03548327e+03  3.08e-03 2.00e-15  1.28e-03     0s
   5  -1.01749934e+03 -1.01787088e+03  2.57e-04 4.44e-16  3.00e-05     0s
   6  -1.01751526e+03 -1.01751888e+03  1.98e-07 1.11e-15  2.49e-07     0s
   7  -1.01751541e+03 -1.01751542e+03  3.04e-13 4.44e-16  2.49e-10     0s

Barrier solved model in 7 iterations and 0.11 seconds
Optimal objective -1.01751541e+03


Root relaxation: objective -1.017515e+03, 5348 iterations, 0.08 seconds

    Nodes    |    Current Node    |     Objective Bounds      |     Work
 Expl Unexpl |  Obj  Depth IntInf | Incumbent    BestBd   Gap | It/Node Time

     0     0 -1017.5154    0  164 -954.92200 -1017.5154  6.55%     -    0s
H    0     0                    -994.8280000 -1017.5154  2.28%     -    0s
H    0     0                    -996.8560000 -1017.5154  2.07%     -    0s
H    0     0                    -996.8680000 -1017.5154  2.07%     -    0s
     0     0 -1015.1394    0  275 -996.86800 -1015.1394  1.83%     -    0s
H    0     0                    -999.9280000 -1015.1394  1.52%     -    0s
     0     0 -1013.7240    0  303 -999.92800 -1013.7240  1.38%     -    0s
     0     0 -1012.5252    0  303 -999.92800 -1012.5252  1.26%     -    0s
H    0     0                    -1002.994000 -1012.5252  0.95%     -    0s

Cutting planes:
  Gomory: 25
  Cover: 90
  MIR: 44

Explored 0 nodes (8762 simplex iterations) in 0.59 seconds
Thread count was 16 (of 16 available processors)

Optimal solution found (tolerance 1.00e-02)
Best objective -1.002994000000e+03, best bound -1.012525238485e+03, gap 0.9503%
Changed value of parameter MIPGap to 0.01
   Prev: 0.0001  Min: 0.0  Max: 1e+100  Default: 0.0001
Changed value of parameter TimeLimit to 1800.0
   Prev: 1e+100  Min: 0.0  Max: 1e+100  Default: 1e+100
Changed value of parameter Method to 2
   Prev: -1  Min: -1  Max: 4  Default: -1
Changed value of parameter MIPFocus to 1
   Prev: 0  Min: 0  Max: 3  Default: 0
Optimize a model with 2432 rows, 7462 columns and 14924 nonzeros
Coefficient statistics:
  Matrix range    [1e+00, 4e+01]
  Objective range [1e+00, 1e+00]
  Bounds range    [1e+00, 1e+00]
  RHS range       [8e+01, 8e+01]
Found heuristic solution: objective 0
Presolve removed 81 rows and 263 columns
Presolve time: 0.05s
Presolved: 2351 rows, 7199 columns, 14398 nonzeros
Found heuristic solution: objective -958.8440000
Variable types: 0 continuous, 7199 integer (7199 binary)
Optimize a model with 2351 rows, 7199 columns and 14398 nonzeros
Coefficient statistics:
  Matrix range    [1e+00, 4e+01]
  Objective range [1e+00, 1e+00]
  Bounds range    [1e+00, 1e+00]
  RHS range       [1e+00, 8e+01]
Presolved: 2351 rows, 7199 columns, 14398 nonzeros

Root barrier log...

Ordering time: 0.00s

Barrier statistics:
 AA' NZ     : 7.199e+03
 Factor NZ  : 4.118e+04 (roughly 4 MBytes of memory)
 Factor Ops : 3.351e+06 (less than 1 second per iteration)
 Threads    : 1

                  Objective                Residual
Iter       Primal          Dual         Primal    Dual     Compl     Time
   0  -3.77560757e+03 -5.65492201e+03  1.91e+01 2.48e-01  1.84e+00     0s
   1  -1.45528252e+03 -4.05690298e+03  3.07e+00 6.66e-16  3.69e-01     0s
   2  -1.06114193e+03 -1.91181074e+03  3.46e-01 9.55e-15  6.93e-02     0s
   3  -1.02223275e+03 -1.09722493e+03  2.72e-02 1.78e-15  5.61e-03     0s
   4  -1.02168786e+03 -1.03984430e+03  3.14e-03 8.88e-16  1.29e-03     0s
   5  -1.02169544e+03 -1.02217333e+03  2.94e-04 6.66e-16  3.79e-05     0s
   6  -1.02171354e+03 -1.02171976e+03  3.32e-07 1.11e-15  4.28e-07     0s
   7  -1.02171376e+03 -1.02171376e+03  3.50e-13 4.44e-16  4.28e-10     0s

Barrier solved model in 7 iterations and 0.11 seconds
Optimal objective -1.02171376e+03


Root relaxation: objective -1.021714e+03, 5371 iterations, 0.09 seconds

    Nodes    |    Current Node    |     Objective Bounds      |     Work
 Expl Unexpl |  Obj  Depth IntInf | Incumbent    BestBd   Gap | It/Node Time

     0     0 -1021.7138    0  180 -958.84400 -1021.7138  6.56%     -    0s
H    0     0                    -994.5360000 -1021.7138  2.73%     -    0s
H    0     0                    -995.5400000 -1021.7138  2.63%     -    0s
H    0     0                    -995.6100000 -1021.7138  2.62%     -    0s
H    0     0                    -996.6500000 -1021.7138  2.51%     -    0s
     0     0 -1020.6908    0  299 -996.65000 -1020.6908  2.41%     -    0s
H    0     0                    -1001.764000 -1020.6908  1.89%     -    0s
     0     0 -1018.4458    0  314 -1001.7640 -1018.4458  1.67%     -    0s
     0     0 -1017.4010    0  291 -1001.7640 -1017.4010  1.56%     -    0s
H    0     0                    -1007.992000 -1017.4010  0.93%     -    0s

Cutting planes:
  Gomory: 15
  Cover: 89
  MIR: 39

Explored 0 nodes (9334 simplex iterations) in 0.62 seconds
Thread count was 16 (of 16 available processors)

Optimal solution found (tolerance 1.00e-02)
Best objective -1.007992000000e+03, best bound -1.017400969073e+03, gap 0.9334%
Changed value of parameter MIPGap to 0.01
   Prev: 0.0001  Min: 0.0  Max: 1e+100  Default: 0.0001
Changed value of parameter TimeLimit to 1800.0
   Prev: 1e+100  Min: 0.0  Max: 1e+100  Default: 1e+100
Changed value of parameter Method to 2
   Prev: -1  Min: -1  Max: 4  Default: -1
Changed value of parameter MIPFocus to 1
   Prev: 0  Min: 0  Max: 3  Default: 0
Optimize a model with 2432 rows, 7462 columns and 14924 nonzeros
Coefficient statistics:
  Matrix range    [1e+00, 4e+01]
  Objective range [1e+00, 1e+00]
  Bounds range    [1e+00, 1e+00]
  RHS range       [8e+01, 8e+01]
Found heuristic solution: objective 0
Presolve removed 81 rows and 263 columns
Presolve time: 0.05s
Presolved: 2351 rows, 7199 columns, 14398 nonzeros
Found heuristic solution: objective -966.6880000
Variable types: 0 continuous, 7199 integer (7199 binary)
Optimize a model with 2351 rows, 7199 columns and 14398 nonzeros
Coefficient statistics:
  Matrix range    [1e+00, 4e+01]
  Objective range [1e+00, 1e+00]
  Bounds range    [1e+00, 1e+00]
  RHS range       [1e+00, 8e+01]
Presolved: 2351 rows, 7199 columns, 14398 nonzeros

Root barrier log...

Ordering time: 0.00s

Barrier statistics:
 AA' NZ     : 7.199e+03
 Factor NZ  : 4.118e+04 (roughly 4 MBytes of memory)
 Factor Ops : 3.351e+06 (less than 1 second per iteration)
 Threads    : 1

                  Objective                Residual
Iter       Primal          Dual         Primal    Dual     Compl     Time
   0  -3.81060795e+03 -5.67208004e+03  1.91e+01 2.49e-01  1.84e+00     0s
   1  -1.47380759e+03 -4.07089024e+03  3.11e+00 6.66e-16  3.72e-01     0s
   2  -1.07181982e+03 -1.93933358e+03  3.56e-01 4.88e-15  7.09e-02     0s
   3  -1.03054772e+03 -1.10955564e+03  2.67e-02 1.11e-15  5.88e-03     0s
   4  -1.03007216e+03 -1.04880972e+03  2.91e-03 4.44e-16  1.33e-03     0s
   5  -1.03009506e+03 -1.03121540e+03  1.53e-04 6.66e-16  7.89e-05     0s
   6  -1.03011027e+03 -1.03012707e+03  2.79e-08 1.78e-15  1.14e-06     0s
   7  -1.03011044e+03 -1.03011046e+03  1.09e-13 4.44e-16  1.14e-09     0s
   8  -1.03011044e+03 -1.03011044e+03  3.76e-14 4.44e-16  1.14e-12     0s

Barrier solved model in 8 iterations and 0.12 seconds
Optimal objective -1.03011044e+03


Root relaxation: objective -1.030110e+03, 4855 iterations, 0.09 seconds

    Nodes    |    Current Node    |     Objective Bounds      |     Work
 Expl Unexpl |  Obj  Depth IntInf | Incumbent    BestBd   Gap | It/Node Time

     0     0 -1030.1104    0  174 -966.68800 -1030.1104  6.56%     -    0s
H    0     0                    -1002.976000 -1030.1104  2.71%     -    0s
H    0     0                    -1005.136000 -1030.1104  2.48%     -    0s
     0     0 -1027.4280    0  271 -1005.1360 -1027.4280  2.22%     -    0s
H    0     0                    -1010.536000 -1027.4280  1.67%     -    0s
     0     0 -1025.3933    0  292 -1010.5360 -1025.3933  1.47%     -    0s
     0     0 -1025.1715    0  306 -1010.5360 -1025.1715  1.45%     -    0s
H    0     0                    -1014.976000 -1025.1715  1.00%     -    0s
     0     0 -1022.3633    0  259 -1014.9760 -1022.3633  0.73%     -    0s

Cutting planes:
  Gomory: 38
  Cover: 92
  Clique: 1
  MIR: 67

Explored 0 nodes (8232 simplex iterations) in 0.63 seconds
Thread count was 16 (of 16 available processors)

Optimal solution found (tolerance 1.00e-02)
Best objective -1.014976000000e+03, best bound -1.022363286154e+03, gap 0.7278%
Changed value of parameter MIPGap to 0.01
   Prev: 0.0001  Min: 0.0  Max: 1e+100  Default: 0.0001
Changed value of parameter TimeLimit to 1800.0
   Prev: 1e+100  Min: 0.0  Max: 1e+100  Default: 1e+100
Changed value of parameter Method to 2
   Prev: -1  Min: -1  Max: 4  Default: -1
Changed value of parameter MIPFocus to 1
   Prev: 0  Min: 0  Max: 3  Default: 0
Optimize a model with 2432 rows, 7462 columns and 14924 nonzeros
Coefficient statistics:
  Matrix range    [1e+00, 4e+01]
  Objective range [1e+00, 1e+00]
  Bounds range    [1e+00, 1e+00]
  RHS range       [8e+01, 8e+01]
Found heuristic solution: objective 0
Presolve removed 81 rows and 263 columns
Presolve time: 0.05s
Presolved: 2351 rows, 7199 columns, 14398 nonzeros
Found heuristic solution: objective -970.6100000
Variable types: 0 continuous, 7199 integer (7199 binary)
Optimize a model with 2351 rows, 7199 columns and 14398 nonzeros
Coefficient statistics:
  Matrix range    [1e+00, 4e+01]
  Objective range [1e+00, 1e+00]
  Bounds range    [1e+00, 1e+00]
  RHS range       [1e+00, 8e+01]
Presolved: 2351 rows, 7199 columns, 14398 nonzeros

Root barrier log...

Ordering time: 0.00s

Barrier statistics:
 AA' NZ     : 7.199e+03
 Factor NZ  : 4.118e+04 (roughly 4 MBytes of memory)
 Factor Ops : 3.351e+06 (less than 1 second per iteration)
 Threads    : 1

                  Objective                Residual
Iter       Primal          Dual         Primal    Dual     Compl     Time
   0  -3.82810769e+03 -5.68065906e+03  1.91e+01 2.49e-01  1.85e+00     0s
   1  -1.48306961e+03 -4.07789177e+03  3.12e+00 6.66e-16  3.73e-01     0s
   2  -1.07713628e+03 -1.95289862e+03  3.61e-01 1.78e-15  7.17e-02     0s
   3  -1.03487797e+03 -1.11722854e+03  2.78e-02 8.88e-16  6.13e-03     0s
   4  -1.03428429e+03 -1.05349106e+03  3.02e-03 1.11e-15  1.36e-03     0s
   5  -1.03429399e+03 -1.03565209e+03  1.57e-04 6.66e-16  9.51e-05     0s
   6  -1.03430857e+03 -1.03433304e+03  3.21e-08 8.88e-16  1.66e-06     0s
   7  -1.03430878e+03 -1.03430880e+03  8.14e-14 4.44e-16  1.66e-09     0s
   8  -1.03430878e+03 -1.03430878e+03  7.70e-14 6.66e-16  1.66e-12     0s

Barrier solved model in 8 iterations and 0.12 seconds
Optimal objective -1.03430878e+03


Root relaxation: objective -1.034309e+03, 4826 iterations, 0.09 seconds

    Nodes    |    Current Node    |     Objective Bounds      |     Work
 Expl Unexpl |  Obj  Depth IntInf | Incumbent    BestBd   Gap | It/Node Time

     0     0 -1034.3088    0  192 -970.61000 -1034.3088  6.56%     -    0s
H    0     0                    -1010.120000 -1034.3088  2.39%     -    0s
H    0     0                    -1011.090000 -1034.3088  2.30%     -    0s
H    0     0                    -1012.190000 -1034.3088  2.19%     -    0s
     0     0 -1031.4654    0  322 -1012.1900 -1031.4654  1.90%     -    0s
H    0     0                    -1015.430000 -1031.4654  1.58%     -    0s
     0     0 -1029.0792    0  328 -1015.4300 -1029.0792  1.34%     -    0s
     0     0 -1028.2749    0  323 -1015.4300 -1028.2749  1.26%     -    0s
H    0     0                    -1016.710000 -1028.2749  1.14%     -    0s
     0     0 -1027.3634    0  350 -1016.7100 -1027.3634  1.05%     -    0s
     0     0 -1027.3634    0  339 -1016.7100 -1027.3634  1.05%     -    0s
H    0     0                    -1019.000000 -1027.3634  0.82%     -    0s

Cutting planes:
  Gomory: 21
  Cover: 116
  MIR: 49

Explored 0 nodes (8681 simplex iterations) in 0.77 seconds
Thread count was 16 (of 16 available processors)

Optimal solution found (tolerance 1.00e-02)
Best objective -1.019000000000e+03, best bound -1.027360000000e+03, gap 0.8204%
Changed value of parameter MIPGap to 0.01
   Prev: 0.0001  Min: 0.0  Max: 1e+100  Default: 0.0001
Changed value of parameter TimeLimit to 1800.0
   Prev: 1e+100  Min: 0.0  Max: 1e+100  Default: 1e+100
Changed value of parameter Method to 2
   Prev: -1  Min: -1  Max: 4  Default: -1
Changed value of parameter MIPFocus to 1
   Prev: 0  Min: 0  Max: 3  Default: 0
Optimize a model with 2432 rows, 7462 columns and 14924 nonzeros
Coefficient statistics:
  Matrix range    [1e+00, 4e+01]
  Objective range [1e+00, 1e+00]
  Bounds range    [1e+00, 1e+00]
  RHS range       [8e+01, 8e+01]
Found heuristic solution: objective 0
Presolve removed 81 rows and 263 columns
Presolve time: 0.05s
Presolved: 2351 rows, 7199 columns, 14398 nonzeros
Found heuristic solution: objective -990.2200000
Variable types: 0 continuous, 7199 integer (7199 binary)
Optimize a model with 2351 rows, 7199 columns and 14398 nonzeros
Coefficient statistics:
  Matrix range    [1e+00, 4e+01]
  Objective range [1e+00, 1e+00]
  Bounds range    [1e+00, 1e+00]
  RHS range       [1e+00, 8e+01]
Presolved: 2351 rows, 7199 columns, 14398 nonzeros

Root barrier log...

Ordering time: 0.00s

Barrier statistics:
 AA' NZ     : 7.199e+03
 Factor NZ  : 4.118e+04 (roughly 4 MBytes of memory)
 Factor Ops : 3.351e+06 (less than 1 second per iteration)
 Threads    : 1

                  Objective                Residual
Iter       Primal          Dual         Primal    Dual     Compl     Time
   0  -3.91560188e+03 -5.72355415e+03  1.91e+01 2.52e-01  1.85e+00     0s
   1  -1.52940363e+03 -4.11298701e+03  3.21e+00 6.66e-16  3.79e-01     0s
   2  -1.10345609e+03 -2.01879164e+03  3.83e-01 2.00e-15  7.55e-02     0s
   3  -1.05670254e+03 -1.14412885e+03  3.41e-02 1.33e-15  6.61e-03     0s
   4  -1.05535189e+03 -1.07489645e+03  3.54e-03 8.88e-16  1.39e-03     0s
   5  -1.05528438e+03 -1.05733324e+03  1.48e-04 8.88e-16  1.42e-04     0s
   6  -1.05530004e+03 -1.05536533e+03  3.75e-14 1.78e-15  4.43e-06     0s
   7  -1.05530049e+03 -1.05530055e+03  1.99e-14 6.66e-16  4.43e-09     0s
   8  -1.05530049e+03 -1.05530049e+03  2.08e-14 4.44e-16  4.43e-12     0s

Barrier solved model in 8 iterations and 0.12 seconds
Optimal objective -1.05530049e+03


Root relaxation: objective -1.055300e+03, 4899 iterations, 0.09 seconds

    Nodes    |    Current Node    |     Objective Bounds      |     Work
 Expl Unexpl |  Obj  Depth IntInf | Incumbent    BestBd   Gap | It/Node Time

     0     0 -1055.3005    0  148 -990.22000 -1055.3005  6.57%     -    0s
H    0     0                    -1028.410000 -1055.3005  2.61%     -    0s
H    0     0                    -1031.650000 -1055.3005  2.29%     -    0s
H    0     0                    -1032.780000 -1055.3005  2.18%     -    0s
     0     0 -1053.4581    0  248 -1032.7800 -1053.4581  2.00%     -    0s
H    0     0                    -1035.310000 -1053.4581  1.75%     -    0s
     0     0 -1050.9064    0  282 -1035.3100 -1050.9064  1.51%     -    0s
     0     0 -1049.6094    0  310 -1035.3100 -1049.6094  1.38%     -    0s
H    0     0                    -1039.020000 -1049.6094  1.02%     -    0s
     0     0 -1047.9409    0  283 -1039.0200 -1047.9409  0.86%     -    0s

Cutting planes:
  Gomory: 31
  Cover: 91
  Clique: 1
  MIR: 58

Explored 0 nodes (8227 simplex iterations) in 0.57 seconds
Thread count was 16 (of 16 available processors)

Optimal solution found (tolerance 1.00e-02)
Best objective -1.039020000000e+03, best bound -1.047940000000e+03, gap 0.8585%
Changed value of parameter MIPGap to 0.01
   Prev: 0.0001  Min: 0.0  Max: 1e+100  Default: 0.0001
Changed value of parameter TimeLimit to 1800.0
   Prev: 1e+100  Min: 0.0  Max: 1e+100  Default: 1e+100
Changed value of parameter Method to 2
   Prev: -1  Min: -1  Max: 4  Default: -1
Changed value of parameter MIPFocus to 1
   Prev: 0  Min: 0  Max: 3  Default: 0
Optimize a model with 2432 rows, 7462 columns and 14924 nonzeros
Coefficient statistics:
  Matrix range    [1e+00, 4e+01]
  Objective range [1e+00, 1e+00]
  Bounds range    [1e+00, 1e+00]
  RHS range       [8e+01, 8e+01]
Found heuristic solution: objective 0
Presolve removed 81 rows and 263 columns
Presolve time: 0.05s
Presolved: 2351 rows, 7199 columns, 14398 nonzeros
Found heuristic solution: objective -1029.440000
Variable types: 0 continuous, 7199 integer (7199 binary)
Optimize a model with 2351 rows, 7199 columns and 14398 nonzeros
Coefficient statistics:
  Matrix range    [1e+00, 4e+01]
  Objective range [1e+00, 1e+00]
  Bounds range    [1e+00, 1e+00]
  RHS range       [1e+00, 8e+01]
Presolved: 2351 rows, 7199 columns, 14398 nonzeros

Root barrier log...

Ordering time: 0.00s

Barrier statistics:
 AA' NZ     : 7.199e+03
 Factor NZ  : 4.118e+04 (roughly 4 MBytes of memory)
 Factor Ops : 3.351e+06 (less than 1 second per iteration)
 Threads    : 1

                  Objective                Residual
Iter       Primal          Dual         Primal    Dual     Compl     Time
   0  -4.09099112e+03 -6.24005908e+03  1.91e+01 2.88e-01  2.04e+00     0s
   1  -1.57850885e+03 -4.46004924e+03  3.10e+00 8.88e-16  4.11e-01     0s
   2  -1.14526222e+03 -2.06599714e+03  3.71e-01 1.55e-15  7.63e-02     0s
   3  -1.09831987e+03 -1.17439783e+03  3.37e-02 1.11e-15  5.89e-03     0s
   4  -1.09738748e+03 -1.10805722e+03  5.63e-03 6.66e-16  8.39e-04     0s
   5  -1.09729404e+03 -1.09832037e+03  4.80e-04 1.11e-15  7.94e-05     0s
   6  -1.09728666e+03 -1.09766116e+03  7.35e-06 8.88e-16  2.56e-05     0s
   7  -1.09728981e+03 -1.09737308e+03  1.59e-06 4.44e-16  5.69e-06     0s
   8  -1.09729145e+03 -1.09731197e+03  2.70e-07 3.33e-16  1.40e-06     0s
   9  -1.09729211e+03 -1.09729349e+03  4.53e-10 4.44e-16  9.34e-08     0s
  10  -1.09729222e+03 -1.09729222e+03  2.79e-13 6.66e-16  7.42e-11     0s

Barrier solved model in 10 iterations and 0.13 seconds
Optimal objective -1.09729222e+03


Root relaxation: objective -1.097292e+03, 5230 iterations, 0.10 seconds

    Nodes    |    Current Node    |     Objective Bounds      |     Work
 Expl Unexpl |  Obj  Depth IntInf | Incumbent    BestBd   Gap | It/Node Time

     0     0 -1097.2922    0  221 -1029.4400 -1097.2922  6.59%     -    0s
H    0     0                    -1064.000000 -1097.2922  3.13%     -    0s
H    0     0                    -1067.480000 -1097.2922  2.79%     -    0s
H    0     0                    -1069.480000 -1097.2922  2.60%     -    0s
     0     0 -1096.2678    0  358 -1069.4800 -1096.2678  2.50%     -    0s
H    0     0                    -1074.040000 -1096.2678  2.07%     -    0s
     0     0 -1094.6013    0  342 -1074.0400 -1094.6013  1.91%     -    0s
     0     0 -1092.5133    0  328 -1074.0400 -1092.5133  1.72%     -    0s
H    0     0                    -1079.400000 -1092.5133  1.21%     -    0s
     0     0 -1091.3558    0  322 -1079.4000 -1091.3558  1.11%     -    0s
     0     0 -1091.3558    0  347 -1079.4000 -1091.3558  1.11%     -    0s
H    0     0                    -1080.800000 -1091.3558  0.98%     -    0s

Cutting planes:
  Gomory: 21
  Cover: 122
  Clique: 4
  MIR: 47

Explored 0 nodes (8424 simplex iterations) in 0.80 seconds
Thread count was 16 (of 16 available processors)

Optimal solution found (tolerance 1.00e-02)
Best objective -1.080800000000e+03, best bound -1.091340000000e+03, gap 0.9752%
Changed value of parameter MIPGap to 0.01
   Prev: 0.0001  Min: 0.0  Max: 1e+100  Default: 0.0001
Changed value of parameter TimeLimit to 1800.0
   Prev: 1e+100  Min: 0.0  Max: 1e+100  Default: 1e+100
Changed value of parameter Method to 2
   Prev: -1  Min: -1  Max: 4  Default: -1
Changed value of parameter MIPFocus to 1
   Prev: 0  Min: 0  Max: 3  Default: 0
Optimize a model with 2432 rows, 7462 columns and 14924 nonzeros
Coefficient statistics:
  Matrix range    [1e+00, 4e+01]
  Objective range [1e+00, 2e+00]
  Bounds range    [1e+00, 1e+00]
  RHS range       [8e+01, 8e+01]
Found heuristic solution: objective 0
Presolve removed 81 rows and 263 columns
Presolve time: 0.04s
Presolved: 2351 rows, 7199 columns, 14398 nonzeros
Found heuristic solution: objective -1107.880000
Variable types: 0 continuous, 7199 integer (7199 binary)
Optimize a model with 2351 rows, 7199 columns and 14398 nonzeros
Coefficient statistics:
  Matrix range    [1e+00, 4e+01]
  Objective range [1e+00, 2e+00]
  Bounds range    [1e+00, 1e+00]
  RHS range       [1e+00, 8e+01]
Presolved: 2351 rows, 7199 columns, 14398 nonzeros

Root barrier log...

Ordering time: 0.00s

Barrier statistics:
 AA' NZ     : 7.199e+03
 Factor NZ  : 4.118e+04 (roughly 4 MBytes of memory)
 Factor Ops : 3.351e+06 (less than 1 second per iteration)
 Threads    : 1

                  Objective                Residual
Iter       Primal          Dual         Primal    Dual     Compl     Time
   0  -4.44227285e+03 -7.93823625e+03  1.91e+01 3.75e-01  2.67e+00     0s
   1  -1.68610001e+03 -5.57197976e+03  3.18e+00 7.77e-16  5.42e-01     0s
   2  -1.22108670e+03 -2.40281240e+03  3.93e-01 1.11e-15  9.70e-02     0s
   3  -1.18129290e+03 -1.27145898e+03  4.50e-02 1.55e-15  7.10e-03     0s
   4  -1.18204744e+03 -1.20821339e+03  7.18e-03 6.66e-16  1.93e-03     0s
   5  -1.18248813e+03 -1.19233587e+03  2.79e-03 8.88e-16  7.26e-04     0s
   6  -1.18264388e+03 -1.18511487e+03  9.61e-04 1.55e-15  1.87e-04     0s
   7  -1.18271558e+03 -1.18281263e+03  2.68e-14 1.11e-15  6.58e-06     0s
   8  -1.18272361e+03 -1.18272370e+03  1.68e-14 6.66e-16  6.58e-09     0s
   9  -1.18272362e+03 -1.18272362e+03  1.48e-14 6.66e-16  6.58e-12     0s

Barrier solved model in 9 iterations and 0.12 seconds
Optimal objective -1.18272362e+03


Root relaxation: objective -1.182724e+03, 4905 iterations, 0.09 seconds

    Nodes    |    Current Node    |     Objective Bounds      |     Work
 Expl Unexpl |  Obj  Depth IntInf | Incumbent    BestBd   Gap | It/Node Time

     0     0 -1182.7236    0  194 -1107.8800 -1182.7236  6.76%     -    0s
H    0     0                    -1144.840000 -1182.7236  3.31%     -    0s
H    0     0                    -1146.720000 -1182.7236  3.14%     -    0s
     0     0 -1181.1729    0  358 -1146.7200 -1181.1729  3.00%     -    0s
H    0     0                    -1149.000000 -1181.1729  2.80%     -    0s
     0     0 -1177.6377    0  336 -1149.0000 -1177.6377  2.49%     -    0s
     0     0 -1175.2928    0  335 -1149.0000 -1175.2928  2.29%     -    0s
H    0     0                    -1159.080000 -1175.2928  1.40%     -    0s
     0     0 -1173.9185    0  300 -1159.0800 -1173.9185  1.28%     -    0s
     0     0 -1173.5096    0  274 -1159.0800 -1173.5096  1.24%     -    0s
H    0     0                    -1161.040000 -1173.5096  1.07%     -    0s
     0     0 -1173.2005    0  314 -1161.0400 -1173.2005  1.05%     -    0s
     0     0 -1173.1018    0  313 -1161.0400 -1173.1018  1.04%     -    0s
H    0     0                    -1163.320000 -1173.1018  0.84%     -    0s

Cutting planes:
  Gomory: 19
  Cover: 119
  Clique: 5
  MIR: 48

Explored 0 nodes (8858 simplex iterations) in 0.94 seconds
Thread count was 16 (of 16 available processors)

Optimal solution found (tolerance 1.00e-02)
Best objective -1.163320000000e+03, best bound -1.173080000000e+03, gap 0.8390%
Changed value of parameter MIPGap to 0.01
   Prev: 0.0001  Min: 0.0  Max: 1e+100  Default: 0.0001
Changed value of parameter TimeLimit to 1800.0
   Prev: 1e+100  Min: 0.0  Max: 1e+100  Default: 1e+100
Changed value of parameter Method to 2
   Prev: -1  Min: -1  Max: 4  Default: -1
Changed value of parameter MIPFocus to 1
   Prev: 0  Min: 0  Max: 3  Default: 0
Optimize a model with 2432 rows, 7462 columns and 14924 nonzeros
Coefficient statistics:
  Matrix range    [1e+00, 4e+01]
  Objective range [1e+00, 2e+00]
  Bounds range    [1e+00, 1e+00]
  RHS range       [8e+01, 8e+01]
Found heuristic solution: objective 0
Presolve removed 81 rows and 263 columns
Presolve time: 0.04s
Presolved: 2351 rows, 7199 columns, 14398 nonzeros
Found heuristic solution: objective -1147.100000
Variable types: 0 continuous, 7199 integer (7199 binary)
Optimize a model with 2351 rows, 7199 columns and 14398 nonzeros
Coefficient statistics:
  Matrix range    [1e+00, 4e+01]
  Objective range [1e+00, 2e+00]
  Bounds range    [1e+00, 1e+00]
  RHS range       [1e+00, 8e+01]
Presolved: 2351 rows, 7199 columns, 14398 nonzeros

Root barrier log...

Ordering time: 0.00s

Barrier statistics:
 AA' NZ     : 7.199e+03
 Factor NZ  : 4.118e+04 (roughly 4 MBytes of memory)
 Factor Ops : 3.351e+06 (less than 1 second per iteration)
 Threads    : 1

                  Objective                Residual
Iter       Primal          Dual         Primal    Dual     Compl     Time
   0  -4.61786360e+03 -8.78732483e+03  1.91e+01 4.18e-01  2.99e+00     0s
   1  -1.73717756e+03 -6.13805915e+03  3.17e+00 1.11e-15  6.06e-01     0s
   2  -1.25850206e+03 -2.56904127e+03  3.91e-01 2.66e-15  1.07e-01     0s
   3  -1.22139171e+03 -1.33106747e+03  4.28e-02 1.11e-15  8.43e-03     0s
   4  -1.22438320e+03 -1.24579386e+03  8.24e-03 9.99e-15  1.63e-03     0s
   5  -1.22496142e+03 -1.23020733e+03  4.10e-03 2.66e-15  4.43e-04     0s
   6  -1.22536288e+03 -1.22572757e+03  6.20e-04 2.00e-15  3.80e-05     0s
   7  -1.22543904e+03 -1.22543960e+03  4.75e-14 8.88e-16  3.83e-08     0s
   8  -1.22543931e+03 -1.22543931e+03  6.38e-14 4.44e-16  3.83e-11     0s

Barrier solved model in 8 iterations and 0.11 seconds
Optimal objective -1.22543931e+03


Root relaxation: objective -1.225439e+03, 5259 iterations, 0.09 seconds

    Nodes    |    Current Node    |     Objective Bounds      |     Work
 Expl Unexpl |  Obj  Depth IntInf | Incumbent    BestBd   Gap | It/Node Time

     0     0 -1225.4393    0  219 -1147.1000 -1225.4393  6.83%     -    0s
H    0     0                    -1168.400000 -1225.4393  4.88%     -    0s
H    0     0                    -1174.300000 -1225.4393  4.35%     -    0s
H    0     0                    -1175.300000 -1225.4393  4.27%     -    0s
H    0     0                    -1179.300000 -1225.4393  3.91%     -    0s
     0     0 -1223.9759    0  316 -1179.3000 -1223.9759  3.79%     -    0s
H    0     0                    -1191.800000 -1223.9759  2.70%     -    0s
H    0     0                    -1197.500000 -1223.9759  2.21%     -    0s
     0     0 -1220.5919    0  299 -1197.5000 -1220.5919  1.93%     -    0s
     0     0 -1217.4549    0  289 -1197.5000 -1217.4549  1.67%     -    0s
H    0     0                    -1201.200000 -1217.4549  1.35%     -    0s
     0     0 -1216.4739    0  310 -1201.2000 -1216.4739  1.27%     -    0s
     0     0 -1216.3298    0  294 -1201.2000 -1216.3298  1.26%     -    0s
     0     0 -1216.3298    0  296 -1201.2000 -1216.3298  1.26%     -    0s
     0     0 -1216.3298    0  292 -1201.2000 -1216.3298  1.26%     -    0s
H    0     0                    -1203.000000 -1216.3298  1.11%     -    0s
     0     0 -1216.1673    0  303 -1203.0000 -1216.1673  1.09%     -    0s
     0     0 -1216.1673    0  141 -1203.0000 -1216.1673  1.09%     -    1s
H    0     0                    -1204.050000 -1216.1673  1.01%     -    1s
     0     2 -1216.1673    0  141 -1204.0500 -1216.1673  1.01%     -    1s

Cutting planes:
  Gomory: 28
  Cover: 120
  Clique: 5
  MIR: 42
  Zero half: 1

Explored 32 nodes (13151 simplex iterations) in 1.88 seconds
Thread count was 16 (of 16 available processors)

Optimal solution found (tolerance 1.00e-02)
Best objective -1.204050000000e+03, best bound -1.215950000000e+03, gap 0.9883%
Changed value of parameter MIPGap to 0.01
   Prev: 0.0001  Min: 0.0  Max: 1e+100  Default: 0.0001
Changed value of parameter TimeLimit to 1800.0
   Prev: 1e+100  Min: 0.0  Max: 1e+100  Default: 1e+100
Changed value of parameter Method to 2
   Prev: -1  Min: -1  Max: 4  Default: -1
Changed value of parameter MIPFocus to 1
   Prev: 0  Min: 0  Max: 3  Default: 0
Optimize a model with 2432 rows, 7462 columns and 14924 nonzeros
Coefficient statistics:
  Matrix range    [1e+00, 4e+01]
  Objective range [1e+00, 3e+00]
  Bounds range    [1e+00, 1e+00]
  RHS range       [8e+01, 8e+01]
Found heuristic solution: objective 0
Presolve removed 81 rows and 263 columns
Presolve time: 0.04s
Presolved: 2351 rows, 7199 columns, 14398 nonzeros
Found heuristic solution: objective -1343.200000
Variable types: 0 continuous, 7199 integer (7199 binary)
Optimize a model with 2351 rows, 7199 columns and 14398 nonzeros
Coefficient statistics:
  Matrix range    [1e+00, 4e+01]
  Objective range [1e+00, 3e+00]
  Bounds range    [1e+00, 1e+00]
  RHS range       [1e+00, 8e+01]
Presolved: 2351 rows, 7199 columns, 14398 nonzeros

Root barrier log...

Ordering time: 0.00s

Barrier statistics:
 AA' NZ     : 7.199e+03
 Factor NZ  : 4.118e+04 (roughly 4 MBytes of memory)
 Factor Ops : 3.351e+06 (less than 1 second per iteration)
 Threads    : 1

                  Objective                Residual
Iter       Primal          Dual         Primal    Dual     Compl     Time
   0  -5.49559317e+03 -1.30327677e+04  1.91e+01 6.35e-01  4.58e+00     0s
   1  -2.00284315e+03 -8.97679344e+03  3.13e+00 1.55e-15  9.23e-01     0s
   2  -1.44944184e+03 -3.26444174e+03  3.70e-01 1.11e-15  1.46e-01     0s
   3  -1.41802005e+03 -1.68606678e+03  2.38e-02 1.33e-15  1.89e-02     0s
   4  -1.43409703e+03 -1.49760298e+03  3.60e-03 1.33e-15  4.40e-03     0s
   5  -1.43734308e+03 -1.45896431e+03  1.29e-03 1.33e-15  1.50e-03     0s
   6  -1.43899859e+03 -1.44951198e+03  1.91e-04 8.88e-16  7.18e-04     0s
   7  -1.43930856e+03 -1.44176897e+03  2.28e-05 8.88e-16  1.67e-04     0s
   8  -1.43937612e+03 -1.43944790e+03  2.99e-14 8.88e-16  4.87e-06     0s
   9  -1.43938192e+03 -1.43938199e+03  5.81e-14 8.88e-16  4.87e-09     0s
  10  -1.43938192e+03 -1.43938192e+03  8.15e-14 8.88e-16  4.91e-15     0s

Barrier solved model in 10 iterations and 0.13 seconds
Optimal objective -1.43938192e+03


Root relaxation: objective -1.439382e+03, 4784 iterations, 0.10 seconds

    Nodes    |    Current Node    |     Objective Bounds      |     Work
 Expl Unexpl |  Obj  Depth IntInf | Incumbent    BestBd   Gap | It/Node Time

     0     0 -1439.3819    0  230 -1343.2000 -1439.3819  7.16%     -    0s
H    0     0                    -1371.100000 -1439.3819  4.98%     -    0s
H    0     0                    -1381.900000 -1439.3819  4.16%     -    0s
H    0     0                    -1385.000000 -1439.3819  3.93%     -    0s
     0     0 -1433.5110    0  343 -1385.0000 -1433.5110  3.50%     -    0s
H    0     0                    -1391.600000 -1433.5110  3.01%     -    0s
     0     0 -1429.1320    0  351 -1391.6000 -1429.1320  2.70%     -    0s
     0     0 -1428.0454    0  327 -1391.6000 -1428.0454  2.62%     -    0s
H    0     0                    -1397.900000 -1428.0454  2.16%     -    0s
     0     0 -1425.6183    0  294 -1397.9000 -1425.6183  1.98%     -    0s
     0     0 -1425.5760    0  314 -1397.9000 -1425.5760  1.98%     -    0s
H    0     0                    -1408.100000 -1425.5760  1.24%     -    0s
     0     0 -1425.4685    0  341 -1408.1000 -1425.4685  1.23%     -    0s
     0     0 -1425.4685    0  350 -1408.1000 -1425.4685  1.23%     -    1s
     0     0 -1425.4685    0  340 -1408.1000 -1425.4685  1.23%     -    1s
     0     0 -1425.4685    0  158 -1408.1000 -1425.4685  1.23%     -    1s
H    0     2                    -1411.000000 -1425.4685  1.03%     -    1s
     0     2 -1425.4685    0  143 -1411.0000 -1425.4685  1.03%     -    1s
H  141   141                    -1412.200000 -1425.3762  0.93%  19.2    2s

Cutting planes:
  Gomory: 27
  Cover: 131
  Clique: 5
  MIR: 62

Explored 146 nodes (13878 simplex iterations) in 2.60 seconds
Thread count was 16 (of 16 available processors)

Optimal solution found (tolerance 1.00e-02)
Best objective -1.412200000000e+03, best bound -1.425300000000e+03, gap 0.9276%
Changed value of parameter MIPGap to 0.01
   Prev: 0.0001  Min: 0.0  Max: 1e+100  Default: 0.0001
Changed value of parameter TimeLimit to 1800.0
   Prev: 1e+100  Min: 0.0  Max: 1e+100  Default: 1e+100
Changed value of parameter Method to 2
   Prev: -1  Min: -1  Max: 4  Default: -1
Changed value of parameter MIPFocus to 1
   Prev: 0  Min: 0  Max: 3  Default: 0
Optimize a model with 2432 rows, 7462 columns and 14924 nonzeros
Coefficient statistics:
  Matrix range    [1e+00, 4e+01]
  Objective range [1e+00, 5e+00]
  Bounds range    [1e+00, 1e+00]
  RHS range       [8e+01, 8e+01]
Found heuristic solution: objective 0
Presolve removed 81 rows and 263 columns
Presolve time: 0.04s
Presolved: 2351 rows, 7199 columns, 14398 nonzeros
Found heuristic solution: objective -1735.400000
Variable types: 0 continuous, 7199 integer (7199 binary)
Optimize a model with 2351 rows, 7199 columns and 14398 nonzeros
Coefficient statistics:
  Matrix range    [1e+00, 4e+01]
  Objective range [1e+00, 5e+00]
  Bounds range    [1e+00, 1e+00]
  RHS range       [1e+00, 8e+01]
Presolved: 2351 rows, 7199 columns, 14398 nonzeros

Root barrier log...

Ordering time: 0.00s

Barrier statistics:
 AA' NZ     : 7.199e+03
 Factor NZ  : 4.118e+04 (roughly 4 MBytes of memory)
 Factor Ops : 3.351e+06 (less than 1 second per iteration)
 Threads    : 1

                  Objective                Residual
Iter       Primal          Dual         Primal    Dual     Compl     Time
   0  -7.25066417e+03 -2.15236536e+04  1.91e+01 1.07e+00  7.76e+00     0s
   1  -2.56705978e+03 -1.46665181e+04  3.09e+00 2.66e-15  1.55e+00     0s
   2  -1.85289415e+03 -5.51044715e+03  3.40e-01 2.44e-15  2.83e-01     0s
   3  -1.82159049e+03 -2.24477585e+03  2.79e-02 3.55e-15  2.98e-02     0s
   4  -1.85526715e+03 -1.99989622e+03  6.78e-03 2.66e-15  1.01e-02     0s
   5  -1.86438984e+03 -1.90276619e+03  2.18e-03 1.78e-15  2.68e-03     0s
   6  -1.86847850e+03 -1.88226636e+03  2.60e-04 8.88e-16  9.44e-04     0s
   7  -1.86894423e+03 -1.86972128e+03  6.94e-05 8.88e-16  5.51e-05     0s
   8  -1.86911817e+03 -1.86912047e+03  6.05e-14 1.78e-15  1.56e-07     0s
   9  -1.86911865e+03 -1.86911865e+03  4.64e-14 1.78e-15  1.56e-10     0s

Barrier solved model in 9 iterations and 0.12 seconds
Optimal objective -1.86911865e+03


Root relaxation: objective -1.869119e+03, 5190 iterations, 0.09 seconds

    Nodes    |    Current Node    |     Objective Bounds      |     Work
 Expl Unexpl |  Obj  Depth IntInf | Incumbent    BestBd   Gap | It/Node Time

     0     0 -1869.1187    0  234 -1735.4000 -1869.1187  7.71%     -    0s
     0     0 -1863.4454    0  350 -1735.4000 -1863.4454  7.38%     -    0s
H    0     0                    -1765.200000 -1863.4454  5.57%     -    0s
H    0     0                    -1792.000000 -1863.4454  3.99%     -    0s
     0     0 -1859.4996    0  355 -1792.0000 -1859.4996  3.77%     -    0s
     0     0 -1851.6856    0  319 -1792.0000 -1851.6856  3.33%     -    0s
H    0     0                    -1811.400000 -1851.6856  2.22%     -    0s
     0     0 -1847.7728    0  282 -1811.4000 -1847.7728  2.01%     -    0s
     0     0 -1847.7728    0  309 -1811.4000 -1847.7728  2.01%     -    0s
H    0     0                    -1814.000000 -1847.7728  1.86%     -    0s
     0     0 -1847.0428    0  312 -1814.0000 -1847.0428  1.82%     -    0s
     0     0 -1846.6687    0  320 -1814.0000 -1846.6687  1.80%     -    1s
H    0     0                    -1823.400000 -1846.6687  1.28%     -    1s
     0     0 -1846.6687    0  323 -1823.4000 -1846.6687  1.28%     -    1s
     0     0 -1846.5402    0  187 -1823.4000 -1846.5402  1.27%     -    1s
H    0     0                    -1823.800000 -1846.5402  1.25%     -    1s
H    0     2                    -1824.400000 -1846.5402  1.21%     -    1s
     0     2 -1846.5402    0  180 -1824.4000 -1846.5402  1.21%     -    1s
H  169   170                    -1824.800000 -1846.3634  1.18%  21.5    3s
H  172   173                    -1825.000000 -1846.3634  1.17%  21.2    3s
H  208   209                    -1826.000000 -1846.3634  1.12%  19.0    3s
H  256   258                    -1826.200000 -1846.3634  1.10%  16.9    3s
H  392   393                    -1828.600000 -1846.3634  0.97%  13.8    4s

Cutting planes:
  Gomory: 22
  Cover: 135
  Clique: 6
  MIR: 49

Explored 403 nodes (17204 simplex iterations) in 4.50 seconds
Thread count was 16 (of 16 available processors)

Optimal solution found (tolerance 1.00e-02)
Best objective -1.828600000000e+03, best bound -1.846200000000e+03, gap 0.9625%
Changed value of parameter MIPGap to 0.01
   Prev: 0.0001  Min: 0.0  Max: 1e+100  Default: 0.0001
Changed value of parameter TimeLimit to 1800.0
   Prev: 1e+100  Min: 0.0  Max: 1e+100  Default: 1e+100
Changed value of parameter Method to 2
   Prev: -1  Min: -1  Max: 4  Default: -1
Changed value of parameter MIPFocus to 1
   Prev: 0  Min: 0  Max: 3  Default: 0
Optimize a model with 2432 rows, 7462 columns and 14924 nonzeros
Coefficient statistics:
  Matrix range    [1e+00, 4e+01]
  Objective range [1e+00, 9e+00]
  Bounds range    [1e+00, 1e+00]
  RHS range       [8e+01, 8e+01]
Found heuristic solution: objective 0
Presolve removed 81 rows and 263 columns
Presolve time: 0.04s
Presolved: 2351 rows, 7199 columns, 14398 nonzeros
Found heuristic solution: objective -2519.800000
Variable types: 0 continuous, 7199 integer (7199 binary)
Optimize a model with 2351 rows, 7199 columns and 14398 nonzeros
Coefficient statistics:
  Matrix range    [1e+00, 4e+01]
  Objective range [1e+00, 9e+00]
  Bounds range    [1e+00, 1e+00]
  RHS range       [1e+00, 8e+01]
Presolved: 2351 rows, 7199 columns, 14398 nonzeros

Root barrier log...

Ordering time: 0.00s

Barrier statistics:
 AA' NZ     : 7.199e+03
 Factor NZ  : 4.118e+04 (roughly 4 MBytes of memory)
 Factor Ops : 3.351e+06 (less than 1 second per iteration)
 Threads    : 1

                  Objective                Residual
Iter       Primal          Dual         Primal    Dual     Compl     Time
   0  -1.07604754e+04 -3.85054252e+04  1.91e+01 1.94e+00  1.41e+01     0s
   1  -3.73032146e+03 -2.60568252e+04  3.06e+00 4.00e-15  2.82e+00     0s
   2  -2.68792281e+03 -9.22405668e+03  3.06e-01 3.55e-15  4.98e-01     0s
   3  -2.64877260e+03 -3.24492741e+03  1.69e-02 8.88e-15  4.14e-02     0s
   4  -2.70089378e+03 -2.89367203e+03  5.70e-03 5.33e-15  1.34e-02     0s
   5  -2.72086786e+03 -2.79605923e+03  1.80e-03 3.55e-15  5.19e-03     0s
   6  -2.72883268e+03 -2.75995524e+03  3.93e-04 1.78e-15  2.13e-03     0s
   7  -2.73079772e+03 -2.73608412e+03  5.86e-05 3.55e-15  3.62e-04     0s
   8  -2.73136325e+03 -2.73139410e+03  5.77e-14 1.78e-15  2.09e-06     0s
   9  -2.73136573e+03 -2.73136576e+03  7.13e-14 3.55e-15  2.09e-09     0s
  10  -2.73136573e+03 -2.73136573e+03  6.23e-14 3.55e-15  2.34e-15     0s

Barrier solved model in 10 iterations and 0.13 seconds
Optimal objective -2.73136573e+03


Root relaxation: objective -2.731366e+03, 4704 iterations, 0.10 seconds

    Nodes    |    Current Node    |     Objective Bounds      |     Work
 Expl Unexpl |  Obj  Depth IntInf | Incumbent    BestBd   Gap | It/Node Time

     0     0 -2731.3657    0  226 -2519.8000 -2731.3657  8.40%     -    0s
H    0     0                    -2574.800000 -2731.3657  6.08%     -    0s
     0     0 -2715.5290    0  348 -2574.8000 -2715.5290  5.47%     -    0s
H    0     0                    -2620.400000 -2715.5290  3.63%     -    0s
     0     0 -2710.0568    0  356 -2620.4000 -2710.0568  3.42%     -    0s
     0     0 -2698.5125    0  323 -2620.4000 -2698.5125  2.98%     -    0s
H    0     0                    -2644.000000 -2698.5125  2.06%     -    0s
     0     0 -2692.5512    0  310 -2644.0000 -2692.5512  1.84%     -    0s
     0     0 -2692.5512    0  322 -2644.0000 -2692.5512  1.84%     -    0s
H    0     0                    -2646.600000 -2692.5512  1.74%     -    0s
     0     0 -2692.1971    0  341 -2646.6000 -2692.1971  1.72%     -    0s
     0     0 -2692.1971    0  359 -2646.6000 -2692.1971  1.72%     -    1s
H    0     0                    -2651.000000 -2692.1971  1.55%     -    1s
     0     0 -2691.5546    0  350 -2651.0000 -2691.5546  1.53%     -    1s
     0     0 -2691.5546    0  210 -2651.0000 -2691.5546  1.53%     -    1s
H    0     0                    -2651.800000 -2691.5546  1.50%     -    1s
H    0     2                    -2654.600000 -2691.5546  1.39%     -    1s
     0     2 -2691.5546    0  174 -2654.6000 -2691.5546  1.39%     -    1s
H    2     4                    -2655.400000 -2691.5546  1.36%   264    1s
H   13    17                    -2658.000000 -2691.3396  1.25%   116    2s
H   81    82                    -2658.400000 -2690.4709  1.21%  38.1    2s
H  118   119                    -2659.000000 -2690.4709  1.18%  30.2    2s
H  167   166                    -2660.400000 -2690.4709  1.13%  23.3    2s
H  199   200                    -2669.400000 -2690.4709  0.79%  20.2    3s

Cutting planes:
  Gomory: 21
  Cover: 147
  Clique: 6
  MIR: 60

Explored 205 nodes (14798 simplex iterations) in 3.38 seconds
Thread count was 16 (of 16 available processors)

Optimal solution found (tolerance 1.00e-02)
Best objective -2.669400000000e+03, best bound -2.690400000000e+03, gap 0.7867%
Changed value of parameter MIPGap to 0.01
   Prev: 0.0001  Min: 0.0  Max: 1e+100  Default: 0.0001
Changed value of parameter TimeLimit to 1800.0
   Prev: 1e+100  Min: 0.0  Max: 1e+100  Default: 1e+100
Changed value of parameter Method to 2
   Prev: -1  Min: -1  Max: 4  Default: -1
Changed value of parameter MIPFocus to 1
   Prev: 0  Min: 0  Max: 3  Default: 0
Optimize a model with 2432 rows, 7462 columns and 14924 nonzeros
Coefficient statistics:
  Matrix range    [1e+00, 4e+01]
  Objective range [2e+00, 1e+01]
  Bounds range    [1e+00, 1e+00]
  RHS range       [8e+01, 8e+01]
Found heuristic solution: objective 0
Presolve removed 81 rows and 263 columns
Presolve time: 0.04s
Presolved: 2351 rows, 7199 columns, 14398 nonzeros
Found heuristic solution: objective -2912.000000
Variable types: 0 continuous, 7199 integer (7199 binary)
Optimize a model with 2351 rows, 7199 columns and 14398 nonzeros
Coefficient statistics:
  Matrix range    [1e+00, 4e+01]
  Objective range [2e+00, 1e+01]
  Bounds range    [1e+00, 1e+00]
  RHS range       [1e+00, 8e+01]
Presolved: 2351 rows, 7199 columns, 14398 nonzeros

Root barrier log...

Ordering time: 0.00s

Barrier statistics:
 AA' NZ     : 7.199e+03
 Factor NZ  : 4.118e+04 (roughly 4 MBytes of memory)
 Factor Ops : 3.351e+06 (less than 1 second per iteration)
 Threads    : 1

                  Objective                Residual
Iter       Primal          Dual         Primal    Dual     Compl     Time
   0  -1.25153370e+04 -4.69963111e+04  1.91e+01 2.37e+00  1.73e+01     0s
   1  -4.31708810e+03 -3.17534380e+04  3.05e+00 5.33e-15  3.45e+00     0s
   2  -3.10995964e+03 -1.03295223e+04  2.96e-01 1.07e-14  5.50e-01     0s
   3  -3.05951050e+03 -3.73777224e+03  8.42e-03 1.07e-14  4.66e-02     0s
   4  -3.12830828e+03 -3.29550342e+03  2.48e-03 3.55e-15  1.15e-02     0s
   5  -3.14489214e+03 -3.21443445e+03  1.26e-03 3.55e-15  4.80e-03     0s
   6  -3.15272508e+03 -3.18319165e+03  7.09e-04 3.55e-15  2.11e-03     0s
   7  -3.16041518e+03 -3.16858046e+03  1.73e-04 3.55e-15  5.65e-04     0s
   8  -3.16240414e+03 -3.16442777e+03  3.80e-05 3.55e-15  1.40e-04     0s
   9  -3.16297861e+03 -3.16300611e+03  2.27e-13 3.55e-15  1.86e-06     0s
  10  -3.16298952e+03 -3.16298953e+03  7.80e-13 3.55e-15  6.79e-10     0s

Barrier solved model in 10 iterations and 0.13 seconds
Optimal objective -3.16298952e+03


Root relaxation: objective -3.162990e+03, 5194 iterations, 0.10 seconds

    Nodes    |    Current Node    |     Objective Bounds      |     Work
 Expl Unexpl |  Obj  Depth IntInf | Incumbent    BestBd   Gap | It/Node Time

     0     0 -3162.9895    0  236 -2912.0000 -3162.9895  8.62%     -    0s
H    0     0                    -2995.500000 -3162.9895  5.59%     -    0s
     0     0 -3154.0047    0  362 -2995.5000 -3154.0047  5.29%     -    0s
H    0     0                    -3003.000000 -3154.0047  5.03%     -    0s
     0     0 -3147.7200    0  371 -3003.0000 -3147.7200  4.82%     -    0s
H    0     0                    -3006.500000 -3147.7200  4.70%     -    0s
H    0     0                    -3010.500000 -3147.7200  4.56%     -    0s
H    0     0                    -3018.500000 -3147.7200  4.28%     -    0s
     0     0 -3118.1395    0  308 -3018.5000 -3118.1395  3.30%     -    0s
H    0     0                    -3045.500000 -3118.1395  2.39%     -    0s
H    0     0                    -3069.500000 -3118.1395  1.58%     -    0s
     0     0 -3117.3473    0  314 -3069.5000 -3117.3473  1.56%     -    0s
     0     0 -3116.8972    0  323 -3069.5000 -3116.8972  1.54%     -    0s
H    0     0                    -3072.000000 -3116.8972  1.46%     -    0s
     0     0 -3114.8331    0  337 -3072.0000 -3114.8331  1.39%     -    0s
     0     0 -3114.8331    0  377 -3072.0000 -3114.8331  1.39%     -    0s
H    0     0                    -3079.000000 -3114.8331  1.16%     -    1s
     0     0 -3114.1812    0  357 -3079.0000 -3114.1812  1.14%     -    1s
     0     0 -3114.1812    0  187 -3079.0000 -3114.1812  1.14%     -    1s
H    0     0                    -3080.500000 -3114.1812  1.09%     -    1s
H    0     2                    -3083.000000 -3114.1812  1.01%     -    1s
     0     2 -3114.1812    0  177 -3083.0000 -3114.1812  1.01%     -    1s

Cutting planes:
  Gomory: 20
  Cover: 154
  Clique: 5
  MIR: 53

Explored 23 nodes (14083 simplex iterations) in 1.80 seconds
Thread count was 16 (of 16 available processors)

Optimal solution found (tolerance 1.00e-02)
Best objective -3.083000000000e+03, best bound -3.113500000000e+03, gap 0.9893%
Changed value of parameter MIPGap to 0.01
   Prev: 0.0001  Min: 0.0  Max: 1e+100  Default: 0.0001
Changed value of parameter TimeLimit to 1800.0
   Prev: 1e+100  Min: 0.0  Max: 1e+100  Default: 1e+100
Changed value of parameter Method to 2
   Prev: -1  Min: -1  Max: 4  Default: -1
Changed value of parameter MIPFocus to 1
   Prev: 0  Min: 0  Max: 3  Default: 0
Optimize a model with 2432 rows, 7462 columns and 14924 nonzeros
Coefficient statistics:
  Matrix range    [1e+00, 4e+01]
  Objective range [2e+00, 2e+01]
  Bounds range    [1e+00, 1e+00]
  RHS range       [8e+01, 8e+01]
Found heuristic solution: objective 0
Presolve removed 81 rows and 263 columns
Presolve time: 0.04s
Presolved: 2351 rows, 7199 columns, 14398 nonzeros
Found heuristic solution: objective -4873.000000
Variable types: 0 continuous, 7199 integer (7199 binary)
Optimize a model with 2351 rows, 7199 columns and 14398 nonzeros
Coefficient statistics:
  Matrix range    [1e+00, 4e+01]
  Objective range [2e+00, 2e+01]
  Bounds range    [1e+00, 1e+00]
  RHS range       [1e+00, 8e+01]
Presolved: 2351 rows, 7199 columns, 14398 nonzeros

Root barrier log...

Ordering time: 0.00s

Barrier statistics:
 AA' NZ     : 7.199e+03
 Factor NZ  : 4.118e+04 (roughly 4 MBytes of memory)
 Factor Ops : 3.351e+06 (less than 1 second per iteration)
 Threads    : 1

                  Objective                Residual
Iter       Primal          Dual         Primal    Dual     Compl     Time
   0  -2.12895423e+04 -8.94507402e+04  1.91e+01 4.54e+00  3.32e+01     0s
   1  -7.26382520e+03 -6.02400574e+04  3.03e+00 1.07e-14  6.60e+00     0s
   2  -5.23495364e+03 -1.75645470e+04  2.73e-01 7.11e-15  9.32e-01     0s
   3  -5.15649790e+03 -6.30487129e+03  2.28e-03 1.42e-14  7.82e-02     0s
   4  -5.28156580e+03 -5.58826866e+03  3.75e-04 1.07e-14  2.09e-02     0s
   5  -5.30480986e+03 -5.46263799e+03  1.64e-04 5.87e-15  1.07e-02     0s
   6  -5.31644914e+03 -5.37606206e+03  6.35e-05 5.71e-15  4.05e-03     0s
   7  -5.32068084e+03 -5.34942216e+03  3.56e-05 7.11e-15  1.96e-03     0s
   8  -5.32416800e+03 -5.33122965e+03  1.22e-05 7.11e-15  4.81e-04     0s
   9  -5.32537020e+03 -5.32744721e+03  6.19e-06 7.11e-15  1.42e-04     0s
  10  -5.32647567e+03 -5.32672103e+03  3.29e-07 3.64e-15  1.67e-05     0s
  11  -5.32659283e+03 -5.32659788e+03  6.74e-10 7.11e-15  3.42e-07     0s
  12  -5.32659345e+03 -5.32659345e+03  5.70e-14 7.11e-15  3.42e-10     0s

Barrier solved model in 12 iterations and 0.14 seconds
Optimal objective -5.32659345e+03


Root relaxation: objective -5.326593e+03, 5118 iterations, 0.11 seconds

    Nodes    |    Current Node    |     Objective Bounds      |     Work
 Expl Unexpl |  Obj  Depth IntInf | Incumbent    BestBd   Gap | It/Node Time

     0     0 -5326.5934    0  225 -4873.0000 -5326.5934  9.31%     -    0s
     0     0 -5316.7630    0  355 -4873.0000 -5316.7630  9.11%     -    0s
H    0     0                    -4874.000000 -5316.7630  9.08%     -    0s
     0     0 -5309.2494    0  382 -4874.0000 -5309.2494  8.93%     -    0s
     0     0 -5248.8125    0  309 -4874.0000 -5248.8125  7.69%     -    0s
     0     0 -5237.7765    0  329 -4874.0000 -5237.7765  7.46%     -    0s
H    0     0                    -5030.000000 -5237.7765  4.13%     -    0s
H    0     0                    -5083.000000 -5237.7765  3.04%     -    0s
     0     0 -5237.7275    0  365 -5083.0000 -5237.7275  3.04%     -    0s
     0     0 -5234.5364    0  368 -5083.0000 -5234.5364  2.98%     -    0s
H    0     0                    -5108.000000 -5234.5364  2.48%     -    0s
     0     0 -5234.5347    0  360 -5108.0000 -5234.5347  2.48%     -    0s
H    0     0                    -5140.000000 -5234.5347  1.84%     -    0s
     0     0 -5234.3542    0  357 -5140.0000 -5234.3542  1.84%     -    0s
     0     0 -5234.3542    0  208 -5140.0000 -5234.3542  1.84%     -    1s
H    0     0                    -5170.000000 -5234.3542  1.24%     -    1s
     0     2 -5234.3542    0  208 -5170.0000 -5234.3542  1.24%     -    1s
H   39    43                    -5173.000000 -5233.5432  1.17%  37.4    1s
H   44    48                    -5182.000000 -5233.5432  0.99%  34.1    1s

Cutting planes:
  Gomory: 18
  Cover: 142
  Clique: 6
  MIR: 34

Explored 47 nodes (13308 simplex iterations) in 1.83 seconds
Thread count was 16 (of 16 available processors)

Optimal solution found (tolerance 1.00e-02)
Best objective -5.182000000000e+03, best bound -5.233000000000e+03, gap 0.9842%
Changed value of parameter MIPGap to 0.01
   Prev: 0.0001  Min: 0.0  Max: 1e+100  Default: 0.0001
Changed value of parameter TimeLimit to 1800.0
   Prev: 1e+100  Min: 0.0  Max: 1e+100  Default: 1e+100
Changed value of parameter Method to 2
   Prev: -1  Min: -1  Max: 4  Default: -1
Changed value of parameter MIPFocus to 1
   Prev: 0  Min: 0  Max: 3  Default: 0
Optimize a model with 2432 rows, 7462 columns and 14924 nonzeros
Coefficient statistics:
  Matrix range    [1e+00, 4e+01]
  Objective range [3e+00, 4e+01]
  Bounds range    [1e+00, 1e+00]
  RHS range       [8e+01, 8e+01]
Found heuristic solution: objective 0
Presolve removed 81 rows and 263 columns
Presolve time: 0.04s
Presolved: 2351 rows, 7199 columns, 14398 nonzeros
Found heuristic solution: objective -8795.000000
Variable types: 0 continuous, 7199 integer (7199 binary)
Optimize a model with 2351 rows, 7199 columns and 14398 nonzeros
Coefficient statistics:
  Matrix range    [1e+00, 4e+01]
  Objective range [3e+00, 4e+01]
  Bounds range    [1e+00, 1e+00]
  RHS range       [1e+00, 8e+01]
Presolved: 2351 rows, 7199 columns, 14398 nonzeros

Root barrier log...

Ordering time: 0.00s

Barrier statistics:
 AA' NZ     : 7.199e+03
 Factor NZ  : 4.118e+04 (roughly 4 MBytes of memory)
 Factor Ops : 3.351e+06 (less than 1 second per iteration)
 Threads    : 1

                  Objective                Residual
Iter       Primal          Dual         Primal    Dual     Compl     Time
   0  -3.88378408e+04 -1.74359598e+05  1.91e+01 8.88e+00  6.49e+01     0s
   1  -1.31718632e+04 -1.17216780e+05  3.03e+00 2.31e-14  1.29e+01     0s
   2  -9.51292475e+03 -3.36172722e+04  2.67e-01 2.13e-14  1.82e+00     0s
   3  -9.37350790e+03 -1.17005742e+04  4.06e-03 1.07e-13  1.59e-01     0s
   4  -9.58923970e+03 -1.03493776e+04  8.18e-04 2.84e-14  5.17e-02     0s
   5  -9.64939224e+03 -9.76643696e+03  8.15e-05 1.42e-14  7.96e-03     0s
   6  -9.65945838e+03 -9.66010018e+03  3.54e-08 1.42e-14  4.35e-05     0s
   7  -9.65949996e+03 -9.65950060e+03  5.88e-15 1.42e-14  4.35e-08     0s
   8  -9.65950000e+03 -9.65950000e+03  1.14e-14 1.09e-14  4.35e-11     0s

Barrier solved model in 8 iterations and 0.11 seconds
Optimal objective -9.65950000e+03


Root relaxation: objective -9.659500e+03, 5242 iterations, 0.09 seconds

    Nodes    |    Current Node    |     Objective Bounds      |     Work
 Expl Unexpl |  Obj  Depth IntInf | Incumbent    BestBd   Gap | It/Node Time

     0     0 -9659.5000    0  239 -8795.0000 -9659.5000  9.83%     -    0s
H    0     0                    -9189.000000 -9659.5000  5.12%     -    0s
H    0     0                    -9213.000000 -9659.5000  4.85%     -    0s
H    0     0                    -9214.000000 -9659.5000  4.84%     -    0s
H    0     0                    -9219.000000 -9659.5000  4.78%     -    0s
     0     0 -9602.0000    0  369 -9219.0000 -9602.0000  4.15%     -    0s
H    0     0                    -9294.000000 -9602.0000  3.31%     -    0s
     0     0 -9601.0976    0  360 -9294.0000 -9601.0976  3.30%     -    0s
     0     0 -9490.0000    0  366 -9294.0000 -9490.0000  2.11%     -    0s
H    0     0                    -9334.000000 -9490.0000  1.67%     -    0s
     0     0 -9486.5000    0  348 -9334.0000 -9486.5000  1.63%     -    0s
     0     0 -9480.5000    0  348 -9334.0000 -9480.5000  1.57%     -    0s
H    0     0                    -9337.000000 -9480.5000  1.54%     -    0s
     0     0 -9480.5000    0  357 -9337.0000 -9480.5000  1.54%     -    0s
     0     0 -9480.5000    0  346 -9337.0000 -9480.5000  1.54%     -    0s
H    0     0                    -9353.000000 -9480.5000  1.36%     -    1s
     0     0 -9480.5000    0  364 -9353.0000 -9480.5000  1.36%     -    1s
     0     0 -9480.5000    0  166 -9353.0000 -9480.5000  1.36%     -    1s
H    0     0                    -9356.000000 -9480.5000  1.33%     -    1s
H    0     0                    -9370.000000 -9480.5000  1.18%     -    1s
     0     2 -9480.5000    0  145 -9370.0000 -9480.5000  1.18%     -    1s
H    1     3                    -9373.000000 -9480.5000  1.15%   765    1s
H   30    34                    -9376.000000 -9479.5000  1.10%  93.8    2s
H   31    35                    -9395.000000 -9479.5000  0.90%  94.6    2s

Cutting planes:
  Gomory: 9
  Cover: 167
  Clique: 6
  MIR: 46

Explored 38 nodes (15582 simplex iterations) in 2.21 seconds
Thread count was 16 (of 16 available processors)

Optimal solution found (tolerance 1.00e-02)
Best objective -9.395000000000e+03, best bound -9.479000000000e+03, gap 0.8941%
Changed value of parameter MIPGap to 0.01
   Prev: 0.0001  Min: 0.0  Max: 1e+100  Default: 0.0001
Changed value of parameter TimeLimit to 1800.0
   Prev: 1e+100  Min: 0.0  Max: 1e+100  Default: 1e+100
Changed value of parameter Method to 2
   Prev: -1  Min: -1  Max: 4  Default: -1
Changed value of parameter MIPFocus to 1
   Prev: 0  Min: 0  Max: 3  Default: 0
Optimize a model with 2432 rows, 7462 columns and 14924 nonzeros
Coefficient statistics:
  Matrix range    [1e+00, 4e+01]
  Objective range [5e+00, 8e+01]
  Bounds range    [1e+00, 1e+00]
  RHS range       [8e+01, 8e+01]
Found heuristic solution: objective 0
Presolve removed 81 rows and 263 columns
Presolve time: 0.04s
Presolved: 2351 rows, 7199 columns, 14398 nonzeros
Found heuristic solution: objective -16639.00000
Variable types: 0 continuous, 7199 integer (7199 binary)
Optimize a model with 2351 rows, 7199 columns and 14398 nonzeros
Coefficient statistics:
  Matrix range    [1e+00, 4e+01]
  Objective range [5e+00, 8e+01]
  Bounds range    [1e+00, 1e+00]
  RHS range       [1e+00, 8e+01]
Presolved: 2351 rows, 7199 columns, 14398 nonzeros

Root barrier log...

Ordering time: 0.00s

Barrier statistics:
 AA' NZ     : 7.199e+03
 Factor NZ  : 4.118e+04 (roughly 4 MBytes of memory)
 Factor Ops : 3.351e+06 (less than 1 second per iteration)
 Threads    : 1

                  Objective                Residual
Iter       Primal          Dual         Primal    Dual     Compl     Time
   0  -7.39343776e+04 -3.44177315e+05  1.91e+01 1.76e+01  1.28e+02     0s
   1  -2.49980115e+04 -2.31167010e+05  3.02e+00 3.91e-14  2.55e+01     0s
   2  -1.80879524e+04 -6.57529368e+04  2.68e-01 3.20e-14  3.59e+00     0s
   3  -1.78257022e+04 -2.24407006e+04  4.93e-03 7.39e-13  3.15e-01     0s
   4  -1.82336280e+04 -1.98004102e+04  1.05e-03 2.42e-13  1.07e-01     0s
   5  -1.83480715e+04 -1.89989983e+04  3.17e-04 9.95e-14  4.43e-02     0s
   6  -1.83951174e+04 -1.86610945e+04  1.42e-04 2.84e-14  1.81e-02     0s
   7  -1.84270283e+04 -1.85068294e+04  5.68e-05 2.84e-14  5.44e-03     0s
   8  -1.84454678e+04 -1.84636903e+04  1.33e-05 1.42e-14  1.24e-03     0s
   9  -1.84511545e+04 -1.84533885e+04  1.12e-06 2.84e-14  1.52e-04     0s
  10  -1.84519039e+04 -1.84520327e+04  2.04e-09 2.84e-14  8.73e-06     0s
  11  -1.84519092e+04 -1.84519093e+04  5.99e-13 2.84e-14  4.00e-09     0s

Barrier solved model in 11 iterations and 0.13 seconds
Optimal objective -1.84519092e+04


Root relaxation: objective -1.845191e+04, 4644 iterations, 0.10 seconds

    Nodes    |    Current Node    |     Objective Bounds      |     Work
 Expl Unexpl |  Obj  Depth IntInf | Incumbent    BestBd   Gap | It/Node Time

     0     0 -18451.909    0  230 -16639.000 -18451.909  10.9%     -    0s
H    0     0                    -16652.00000 -18451.909  10.8%     -    0s
     0     0 -18198.536    0  358 -16652.000 -18198.536  9.29%     -    0s
     0     0 -18194.734    0  386 -16652.000 -18194.734  9.26%     -    0s
     0     0 -18073.166    0  303 -16652.000 -18073.166  8.53%     -    0s
     0     0 -18042.484    0  295 -16652.000 -18042.484  8.35%     -    0s
     0     0 -18008.874    0  307 -16652.000 -18008.874  8.15%     -    0s
H    0     0                    -17431.00000 -18008.874  3.32%     -    0s
H    0     0                    -17523.00000 -18008.874  2.77%     -    0s
     0     0 -18008.869    0  333 -17523.000 -18008.869  2.77%     -    0s
     0     0 -18006.499    0  374 -17523.000 -18006.499  2.76%     -    0s
H    0     0                    -17746.00000 -18006.499  1.47%     -    0s
H    0     0                    -17785.00000 -18006.499  1.25%     -    1s
     0     0 -18003.063    0  375 -17785.000 -18003.063  1.23%     -    1s
     0     0 -18003.063    0  169 -17785.000 -18003.063  1.23%     -    1s
H    0     0                    -17857.00000 -18003.063  0.82%     -    1s

Cutting planes:
  Gomory: 10
  Cover: 143
  Clique: 3
  MIR: 36

Explored 0 nodes (11520 simplex iterations) in 1.44 seconds
Thread count was 16 (of 16 available processors)

Optimal solution found (tolerance 1.00e-02)
Best objective -1.785700000000e+04, best bound -1.800300000000e+04, gap 0.8176%
Changed value of parameter MIPGap to 0.01
   Prev: 0.0001  Min: 0.0  Max: 1e+100  Default: 0.0001
Changed value of parameter TimeLimit to 1800.0
   Prev: 1e+100  Min: 0.0  Max: 1e+100  Default: 1e+100
Changed value of parameter Method to 2
   Prev: -1  Min: -1  Max: 4  Default: -1
Changed value of parameter MIPFocus to 1
   Prev: 0  Min: 0  Max: 3  Default: 0
Optimize a model with 2432 rows, 7462 columns and 14924 nonzeros
Coefficient statistics:
  Matrix range    [1e+00, 4e+01]
  Objective range [6e+00, 1e+02]
  Bounds range    [1e+00, 1e+00]
  RHS range       [8e+01, 8e+01]
Found heuristic solution: objective 0
Presolve removed 81 rows and 263 columns
Presolve time: 0.04s
Presolved: 2351 rows, 7199 columns, 14398 nonzeros
Found heuristic solution: objective -20561.00000
Variable types: 0 continuous, 7199 integer (7199 binary)
Optimize a model with 2351 rows, 7199 columns and 14398 nonzeros
Coefficient statistics:
  Matrix range    [1e+00, 4e+01]
  Objective range [6e+00, 1e+02]
  Bounds range    [1e+00, 1e+00]
  RHS range       [1e+00, 8e+01]
Presolved: 2351 rows, 7199 columns, 14398 nonzeros

Root barrier log...

Ordering time: 0.00s

Barrier statistics:
 AA' NZ     : 7.199e+03
 Factor NZ  : 4.118e+04 (roughly 4 MBytes of memory)
 Factor Ops : 3.351e+06 (less than 1 second per iteration)
 Threads    : 1

                  Objective                Residual
Iter       Primal          Dual         Primal    Dual     Compl     Time
   0  -9.14826397e+04 -4.29086173e+05  1.91e+01 2.19e+01  1.60e+02     0s
   1  -3.09118278e+04 -2.88142291e+05  3.02e+00 5.68e-14  3.18e+01     0s
   2  -2.23763986e+04 -8.18216073e+04  2.68e-01 3.55e-14  4.48e+00     0s
   3  -2.20540116e+04 -2.78092349e+04  5.15e-03 1.18e-12  3.93e-01     0s
   4  -2.25449099e+04 -2.42769603e+04  1.33e-03 3.13e-13  1.18e-01     0s
   5  -2.27016527e+04 -2.34871620e+04  4.58e-04 1.42e-13  5.35e-02     0s
   6  -2.27702346e+04 -2.30864871e+04  2.18e-04 5.68e-14  2.16e-02     0s
   7  -2.28178354e+04 -2.29217025e+04  7.43e-05 1.59e-14  7.08e-03     0s
   8  -2.28385870e+04 -2.28645362e+04  2.26e-05 2.84e-14  1.77e-03     0s
   9  -2.28453573e+04 -2.28503414e+04  6.14e-06 2.84e-14  3.41e-04     0s
  10  -2.28480530e+04 -2.28482194e+04  9.54e-08 2.84e-14  1.13e-05     0s
  11  -2.28481139e+04 -2.28481139e+04  1.36e-12 2.84e-14  3.40e-10     0s

Barrier solved model in 11 iterations and 0.13 seconds
Optimal objective -2.28481139e+04


Root relaxation: objective -2.284811e+04, 4629 iterations, 0.10 seconds

    Nodes    |    Current Node    |     Objective Bounds      |     Work
 Expl Unexpl |  Obj  Depth IntInf | Incumbent    BestBd   Gap | It/Node Time

     0     0 -22848.114    0  243 -20561.000 -22848.114  11.1%     -    0s
     0     0 -22544.069    0  329 -20561.000 -22544.069  9.64%     -    0s
     0     0 -22540.691    0  362 -20561.000 -22540.691  9.63%     -    0s
H    0     0                    -20566.00000 -22540.691  9.60%     -    0s
     0     0 -22361.695    0  346 -20566.000 -22361.695  8.73%     -    0s
H    0     0                    -21701.00000 -22361.695  3.04%     -    0s
H    0     0                    -21928.00000 -22361.695  1.98%     -    0s
     0     0 -22340.436    0  293 -21928.000 -22340.436  1.88%     -    0s
     0     0 -22267.005    0  345 -21928.000 -22267.005  1.55%     -    0s
H    0     0                    -22020.00000 -22267.005  1.12%     -    1s
     0     0 -22266.515    0  362 -22020.000 -22266.515  1.12%     -    1s
     0     0 -22266.515    0  390 -22020.000 -22266.515  1.12%     -    1s
H    0     0                    -22025.00000 -22266.515  1.10%     -    1s
     0     0 -22266.193    0  380 -22025.000 -22266.193  1.10%     -    1s
     0     0 -22266.193    0  182 -22025.000 -22266.193  1.10%     -    1s
H    0     0                    -22054.00000 -22266.193  0.96%     -    1s

Cutting planes:
  Gomory: 5
  Cover: 151
  Clique: 10
  MIR: 27

Explored 0 nodes (11893 simplex iterations) in 1.74 seconds
Thread count was 16 (of 16 available processors)

Optimal solution found (tolerance 1.00e-02)
Best objective -2.205400000000e+04, best bound -2.226600000000e+04, gap 0.9613%
Changed value of parameter MIPGap to 0.01
   Prev: 0.0001  Min: 0.0  Max: 1e+100  Default: 0.0001
Changed value of parameter TimeLimit to 1800.0
   Prev: 1e+100  Min: 0.0  Max: 1e+100  Default: 1e+100
Changed value of parameter Method to 2
   Prev: -1  Min: -1  Max: 4  Default: -1
Changed value of parameter MIPFocus to 1
   Prev: 0  Min: 0  Max: 3  Default: 0
Optimize a model with 2432 rows, 7462 columns and 14924 nonzeros
Coefficient statistics:
  Matrix range    [1e+00, 4e+01]
  Objective range [1e+01, 2e+02]
  Bounds range    [1e+00, 1e+00]
  RHS range       [8e+01, 8e+01]
Found heuristic solution: objective 0
Presolve removed 81 rows and 263 columns
Presolve time: 0.04s
Presolved: 2351 rows, 7199 columns, 14398 nonzeros
Found heuristic solution: objective -40171.00000
Variable types: 0 continuous, 7199 integer (7199 binary)
Optimize a model with 2351 rows, 7199 columns and 14398 nonzeros
Coefficient statistics:
  Matrix range    [1e+00, 4e+01]
  Objective range [1e+01, 2e+02]
  Bounds range    [1e+00, 1e+00]
  RHS range       [1e+00, 8e+01]
Presolved: 2351 rows, 7199 columns, 14398 nonzeros

Root barrier log...

Ordering time: 0.00s

Barrier statistics:
 AA' NZ     : 7.199e+03
 Factor NZ  : 4.118e+04 (roughly 4 MBytes of memory)
 Factor Ops : 3.351e+06 (less than 1 second per iteration)
 Threads    : 1

                  Objective                Residual
Iter       Primal          Dual         Primal    Dual     Compl     Time
   0  -1.79223938e+05 -8.53630465e+05  1.91e+01 4.36e+01  3.19e+02     0s
   1  -6.04825194e+04 -5.73019220e+05  3.02e+00 1.14e-13  6.34e+01     0s
   2  -4.38205270e+04 -1.62166181e+05  2.68e-01 7.11e-14  8.91e+00     0s
   3  -4.32002687e+04 -5.46330374e+04  5.56e-03 5.12e-13  7.82e-01     0s
   4  -4.41397744e+04 -4.75991348e+04  1.62e-03 1.42e-13  2.36e-01     0s
   5  -4.44551934e+04 -4.61558631e+04  7.06e-04 8.53e-14  1.16e-01     0s
   6  -4.46255507e+04 -4.53543036e+04  3.58e-04 2.84e-14  4.98e-02     0s
   7  -4.47807197e+04 -4.49554114e+04  6.90e-05 2.84e-14  1.19e-02     0s
   8  -4.48161394e+04 -4.48465768e+04  1.67e-05 5.68e-14  2.08e-03     0s
   9  -4.48290257e+04 -4.48306375e+04  1.23e-08 5.68e-14  1.09e-04     0s
  10  -4.48291364e+04 -4.48291423e+04  2.21e-11 5.68e-14  3.99e-07     0s
  11  -4.48291370e+04 -4.48291370e+04  7.42e-14 5.68e-14  4.30e-13     0s

Barrier solved model in 11 iterations and 0.13 seconds
Optimal objective -4.48291370e+04


Root relaxation: objective -4.482914e+04, 4266 iterations, 0.10 seconds

    Nodes    |    Current Node    |     Objective Bounds      |     Work
 Expl Unexpl |  Obj  Depth IntInf | Incumbent    BestBd   Gap | It/Node Time

     0     0 -44829.137    0  246 -40171.000 -44829.137  11.6%     -    0s
     0     0 -44130.307    0  347 -40171.000 -44130.307  9.86%     -    0s
     0     0 -44083.948    0  356 -40171.000 -44083.948  9.74%     -    0s
     0     0 -43604.485    0  287 -40171.000 -43604.485  8.55%     -    0s
H    0     0                    -42949.00000 -43604.485  1.53%     -    0s
H    0     0                    -42959.00000 -43604.485  1.50%     -    0s
     0     0 -43585.885    0  330 -42959.000 -43585.885  1.46%     -    0s
     0     0 -43581.462    0  339 -42959.000 -43581.462  1.45%     -    0s
H    0     0                    -43062.00000 -43581.462  1.21%     -    0s
     0     0 -43581.462    0  394 -43062.000 -43581.462  1.21%     -    0s
     0     0 -43581.462    0  430 -43062.000 -43581.462  1.21%     -    1s
H    0     0                    -43157.00000 -43581.462  0.98%     -    1s

Cutting planes:
  Gomory: 3
  Cover: 183
  Clique: 7
  MIR: 48

Explored 0 nodes (8131 simplex iterations) in 1.19 seconds
Thread count was 16 (of 16 available processors)

Optimal solution found (tolerance 1.00e-02)
Best objective -4.315700000000e+04, best bound -4.358100000000e+04, gap 0.9825%
Changed value of parameter MIPGap to 0.01
   Prev: 0.0001  Min: 0.0  Max: 1e+100  Default: 0.0001
Changed value of parameter TimeLimit to 1800.0
   Prev: 1e+100  Min: 0.0  Max: 1e+100  Default: 1e+100
Changed value of parameter Method to 2
   Prev: -1  Min: -1  Max: 4  Default: -1
Changed value of parameter MIPFocus to 1
   Prev: 0  Min: 0  Max: 3  Default: 0
Optimize a model with 2432 rows, 7462 columns and 14924 nonzeros
Coefficient statistics:
  Matrix range    [1e+00, 4e+01]
  Objective range [2e+01, 4e+02]
  Bounds range    [1e+00, 1e+00]
  RHS range       [8e+01, 8e+01]
Found heuristic solution: objective 0
Presolve removed 81 rows and 263 columns
Presolve time: 0.04s
Presolved: 2351 rows, 7199 columns, 14398 nonzeros
Found heuristic solution: objective -79391.00000
Variable types: 0 continuous, 7199 integer (7199 binary)
Optimize a model with 2351 rows, 7199 columns and 14398 nonzeros
Coefficient statistics:
  Matrix range    [1e+00, 4e+01]
  Objective range [2e+01, 4e+02]
  Bounds range    [1e+00, 1e+00]
  RHS range       [1e+00, 8e+01]
Presolved: 2351 rows, 7199 columns, 14398 nonzeros

Root barrier log...

Ordering time: 0.00s

Barrier statistics:
 AA' NZ     : 7.199e+03
 Factor NZ  : 4.118e+04 (roughly 4 MBytes of memory)
 Factor Ops : 3.351e+06 (less than 1 second per iteration)
 Threads    : 1

                  Objective                Residual
Iter       Primal          Dual         Primal    Dual     Compl     Time
   0  -3.54706521e+05 -1.70271905e+06  1.91e+01 8.70e+01  6.37e+02     0s
   1  -1.19625417e+05 -1.14277348e+06  3.02e+00 2.27e-13  1.26e+02     0s
   2  -8.67107585e+04 -3.22857054e+05  2.68e-01 1.28e-13  1.78e+01     0s
   3  -8.54976587e+04 -1.08266777e+05  5.76e-03 5.12e-13  1.56e+00     0s
   4  -8.73117263e+04 -9.43376349e+04  1.82e-03 2.27e-13  4.80e-01     0s
   5  -8.79928185e+04 -9.14603035e+04  8.05e-04 1.14e-13  2.37e-01     0s
   6  -8.83547151e+04 -8.97654025e+04  4.14e-04 1.14e-13  9.64e-02     0s
   7  -8.86762753e+04 -8.91396689e+04  9.36e-05 5.68e-14  3.16e-02     0s
   8  -8.87626055e+04 -8.88594162e+04  2.05e-05 1.14e-13  6.61e-03     0s
   9  -8.87907237e+04 -8.87979583e+04  4.44e-08 1.14e-13  4.91e-04     0s
  10  -8.87911805e+04 -8.87912173e+04  1.24e-10 1.14e-13  2.50e-06     0s
  11  -8.87911832e+04 -8.87911832e+04  3.77e-14 1.71e-13  2.73e-12     0s

Barrier solved model in 11 iterations and 0.13 seconds
Optimal objective -8.87911832e+04


Root relaxation: objective -8.879118e+04, 4266 iterations, 0.10 seconds

    Nodes    |    Current Node    |     Objective Bounds      |     Work
 Expl Unexpl |  Obj  Depth IntInf | Incumbent    BestBd   Gap | It/Node Time

     0     0 -88791.183    0  236 -79391.000 -88791.183  11.8%     -    0s
     0     0 -87274.300    0  307 -79391.000 -87274.300  9.93%     -    0s
     0     0 -87244.635    0  354 -79391.000 -87244.635  9.89%     -    0s
H    0     0                    -81672.00000 -87244.635  6.82%     -    0s
H    0     0                    -82229.00000 -87244.635  6.10%     -    0s
     0     0 -86452.475    0  329 -82229.000 -86452.475  5.14%     -    0s
H    0     0                    -84801.00000 -86452.475  1.95%     -    0s
H    0     0                    -84949.00000 -86452.475  1.77%     -    0s
     0     0 -86233.434    0  344 -84949.000 -86233.434  1.51%     -    0s
     0     0 -86212.273    0  324 -84949.000 -86212.273  1.49%     -    0s
H    0     0                    -85256.00000 -86212.273  1.12%     -    0s
     0     0 -86211.332    0  371 -85256.000 -86211.332  1.12%     -    0s
     0     0 -86209.167    0  373 -85256.000 -86209.167  1.12%     -    0s
H    0     0                    -85320.00000 -86209.167  1.04%     -    1s
     0     0 -86209.167    0  348 -85320.000 -86209.167  1.04%     -    1s
     0     0 -86209.167    0  197 -85320.000 -86209.167  1.04%     -    1s
H    0     0                    -85552.00000 -86209.167  0.77%     -    1s

Cutting planes:
  Gomory: 7
  Cover: 150
  Clique: 5
  MIR: 31

Explored 0 nodes (10707 simplex iterations) in 1.37 seconds
Thread count was 16 (of 16 available processors)

Optimal solution found (tolerance 1.00e-02)
Best objective -8.555200000000e+04, best bound -8.620900000000e+04, gap 0.7680%
Changed value of parameter MIPGap to 0.01
   Prev: 0.0001  Min: 0.0  Max: 1e+100  Default: 0.0001
Changed value of parameter TimeLimit to 1800.0
   Prev: 1e+100  Min: 0.0  Max: 1e+100  Default: 1e+100
Changed value of parameter Method to 2
   Prev: -1  Min: -1  Max: 4  Default: -1
Changed value of parameter MIPFocus to 1
   Prev: 0  Min: 0  Max: 3  Default: 0
Optimize a model with 2432 rows, 7462 columns and 14924 nonzeros
Coefficient statistics:
  Matrix range    [1e+00, 4e+01]
  Objective range [5e+01, 1e+03]
  Bounds range    [1e+00, 1e+00]
  RHS range       [8e+01, 8e+01]
Found heuristic solution: objective 0
Presolve removed 81 rows and 263 columns
Presolve time: 0.04s
Presolved: 2351 rows, 7199 columns, 14398 nonzeros
Found heuristic solution: objective -197051.0000
Variable types: 0 continuous, 7199 integer (7199 binary)
Optimize a model with 2351 rows, 7199 columns and 14398 nonzeros
Coefficient statistics:
  Matrix range    [1e+00, 4e+01]
  Objective range [5e+01, 1e+03]
  Bounds range    [1e+00, 1e+00]
  RHS range       [1e+00, 8e+01]
Presolved: 2351 rows, 7199 columns, 14398 nonzeros

Root barrier log...

Ordering time: 0.00s

Barrier statistics:
 AA' NZ     : 7.199e+03
 Factor NZ  : 4.118e+04 (roughly 4 MBytes of memory)
 Factor Ops : 3.351e+06 (less than 1 second per iteration)
 Threads    : 1

                  Objective                Residual
Iter       Primal          Dual         Primal    Dual     Compl     Time
   0  -8.81154259e+05 -4.24998480e+06  1.91e+01 2.17e+02  1.59e+03     0s
   1  -2.97055330e+05 -2.85203657e+06  3.02e+00 4.55e-13  3.16e+02     0s
   2  -2.15383057e+05 -8.04931078e+05  2.68e-01 3.41e-13  4.44e+01     0s
   3  -2.12393877e+05 -2.69168947e+05  5.88e-03 3.52e-12  3.88e+00     0s
   4  -2.16772451e+05 -2.36479092e+05  1.89e-03 9.09e-13  1.35e+00     0s
   5  -2.18627262e+05 -2.27645639e+05  8.05e-04 3.41e-13  6.15e-01     0s
   6  -2.19542136e+05 -2.22920387e+05  4.08e-04 2.27e-13  2.31e-01     0s
   7  -2.20278531e+05 -2.21130585e+05  1.32e-04 3.41e-13  5.84e-02     0s
   8  -2.20576468e+05 -2.20739383e+05  3.00e-05 2.27e-13  1.12e-02     0s
   9  -2.20662874e+05 -2.20681967e+05  4.03e-06 2.27e-13  1.31e-03     0s
  10  -2.20677270e+05 -2.20677353e+05  1.30e-08 2.27e-13  5.64e-06     0s
  11  -2.20677322e+05 -2.20677322e+05  1.65e-13 2.27e-13  7.04e-12     0s

Barrier solved model in 11 iterations and 0.13 seconds
Optimal objective -2.20677322e+05


Root relaxation: objective -2.206773e+05, 4361 iterations, 0.10 seconds

    Nodes    |    Current Node    |     Objective Bounds      |     Work
 Expl Unexpl |  Obj  Depth IntInf | Incumbent    BestBd   Gap | It/Node Time

     0     0 -220677.32    0  261 -197051.00 -220677.32  12.0%     -    0s
     0     0 -217600.19    0  359 -197051.00 -217600.19  10.4%     -    0s
     0     0 -217146.55    0  385 -197051.00 -217146.55  10.2%     -    0s
H    0     0                    -197151.0000 -217146.55  10.1%     -    0s
     0     0 -214236.19    0  348 -197151.00 -214236.19  8.67%     -    0s
H    0     0                    -204150.0000 -214236.19  4.94%     -    0s
H    0     0                    -204904.0000 -214236.19  4.55%     -    0s
     0     0 -214120.51    0  348 -204904.00 -214120.51  4.50%     -    0s
     0     0 -214120.51    0  367 -204904.00 -214120.51  4.50%     -    0s
H    0     0                    -208657.0000 -214120.51  2.62%     -    0s
     0     0 -214115.37    0  411 -208657.00 -214115.37  2.62%     -    0s
     0     0 -214115.37    0  403 -208657.00 -214115.37  2.62%     -    0s
H    0     0                    -210230.0000 -214115.37  1.85%     -    0s
H    0     0                    -210537.0000 -214115.37  1.70%     -    0s
     0     0 -214108.37    0  375 -210537.00 -214108.37  1.70%     -    0s
     0     0 -214107.75    0  158 -210537.00 -214107.75  1.70%     -    1s
H    0     0                    -211878.0000 -214107.75  1.05%     -    1s
     0     2 -214107.75    0  158 -211878.00 -214107.75  1.05%     -    1s
H    1     3                    -212029.0000 -214107.72  0.98%   507    1s

Cutting planes:
  Gomory: 6
  Cover: 163
  Clique: 3
  MIR: 31

Explored 2 nodes (11750 simplex iterations) in 1.37 seconds
Thread count was 16 (of 16 available processors)

Optimal solution found (tolerance 1.00e-02)
Best objective -2.120290000000e+05, best bound -2.140999801052e+05, gap 0.9767%
Changed value of parameter MIPGap to 0.01
   Prev: 0.0001  Min: 0.0  Max: 1e+100  Default: 0.0001
Changed value of parameter TimeLimit to 1800.0
   Prev: 1e+100  Min: 0.0  Max: 1e+100  Default: 1e+100
Changed value of parameter Method to 2
   Prev: -1  Min: -1  Max: 4  Default: -1
Changed value of parameter MIPFocus to 1
   Prev: 0  Min: 0  Max: 3  Default: 0
Optimize a model with 2432 rows, 7462 columns and 14924 nonzeros
Coefficient statistics:
  Matrix range    [1e+00, 4e+01]
  Objective range [5e+02, 1e+04]
  Bounds range    [1e+00, 1e+00]
  RHS range       [8e+01, 8e+01]
Found heuristic solution: objective 0
Presolve removed 81 rows and 263 columns
Presolve time: 0.04s
Presolved: 2351 rows, 7199 columns, 14398 nonzeros
Found heuristic solution: objective -1961951.000
Variable types: 0 continuous, 7199 integer (7199 binary)
Optimize a model with 2351 rows, 7199 columns and 14398 nonzeros
Coefficient statistics:
  Matrix range    [1e+00, 4e+01]
  Objective range [5e+02, 1e+04]
  Bounds range    [1e+00, 1e+00]
  RHS range       [1e+00, 8e+01]
Presolved: 2351 rows, 7199 columns, 14398 nonzeros

Root barrier log...

Ordering time: 0.00s

Barrier statistics:
 AA' NZ     : 7.199e+03
 Factor NZ  : 4.118e+04 (roughly 4 MBytes of memory)
 Factor Ops : 3.351e+06 (less than 1 second per iteration)
 Threads    : 1

                  Objective                Residual
Iter       Primal          Dual         Primal    Dual     Compl     Time
   0  -8.77787030e+06 -4.24589710e+07  1.91e+01 2.17e+03  1.59e+04     0s
   1  -2.95850844e+06 -2.84909841e+07  3.02e+00 5.46e-12  3.15e+03     0s
   2  -2.14547333e+06 -8.03604636e+06  2.68e-01 4.55e-12  4.43e+02     0s
   3  -2.11585355e+06 -2.68268609e+06  5.95e-03 2.55e-11  3.88e+01     0s
   4  -2.15917770e+06 -2.35947740e+06  1.96e-03 1.27e-11  1.37e+01     0s
   5  -2.17826699e+06 -2.26853291e+06  8.26e-04 5.46e-12  6.16e+00     0s
   6  -2.18808192e+06 -2.22103368e+06  4.13e-04 3.64e-12  2.25e+00     0s
   7  -2.19462619e+06 -2.20281610e+06  1.56e-04 3.64e-12  5.63e-01     0s
   8  -2.19841015e+06 -2.19967889e+06  1.61e-05 3.64e-12  8.68e-02     0s
   9  -2.19882075e+06 -2.19902952e+06  4.11e-06 3.64e-12  1.44e-02     0s
  10  -2.19896910e+06 -2.19896998e+06  7.99e-09 3.64e-12  6.04e-05     0s
  11  -2.19896940e+06 -2.19896940e+06  5.43e-14 3.64e-12  8.94e-11     0s

Barrier solved model in 11 iterations and 0.13 seconds
Optimal objective -2.19896940e+06


Root relaxation: objective -2.198969e+06, 4359 iterations, 0.10 seconds

    Nodes    |    Current Node    |     Objective Bounds      |     Work
 Expl Unexpl |  Obj  Depth IntInf | Incumbent    BestBd   Gap | It/Node Time

     0     0 -2198969.4    0  222 -1961951.0 -2198969.4  12.1%     -    0s
     0     0 -2163527.6    0  310 -1961951.0 -2163527.6  10.3%     -    0s
     0     0 -2159899.7    0  342 -1961951.0 -2159899.7  10.1%     -    0s
H    0     0                    -1962952.000 -2159899.7  10.0%     -    0s
     0     0 -2137679.9    0  324 -1962952.0 -2137679.9  8.90%     -    0s
     0     0 -2133096.6    0  330 -1962952.0 -2133096.6  8.67%     -    0s
     0     0 -2133096.6    0  366 -1962952.0 -2133096.6  8.67%     -    0s
     0     0 -2132562.5    0  356 -1962952.0 -2132562.5  8.64%     -    0s
     0     0 -2132391.9    0  373 -1962952.0 -2132391.9  8.63%     -    0s
H    0     0                    -2000963.000 -2132391.9  6.57%     -    0s
H    0     0                    -2099916.000 -2132391.9  1.55%     -    0s
H    0     0                    -2109434.000 -2132391.9  1.09%     -    0s
     0     0 -2132391.9    0  379 -2109434.0 -2132391.9  1.09%     -    0s
     0     0 -2132382.6    0  173 -2109434.0 -2132382.6  1.09%     -    1s
H    0     0                    -2110436.000 -2132382.6  1.04%     -    1s
H    0     2                    -2110937.000 -2132382.6  1.02%     -    1s
     0     2 -2132382.6    0  171 -2110937.0 -2132382.6  1.02%     -    1s
H   37    43                    -2111437.000 -2132307.8  0.99%  48.6    1s
H   40    46                    -2111938.000 -2132307.8  0.96%  47.3    1s
H   42    46                    -2116440.000 -2132307.8  0.75%  45.8    1s

Cutting planes:
  Gomory: 14
  Cover: 167
  Clique: 13
  MIR: 47

Explored 45 nodes (13850 simplex iterations) in 1.89 seconds
Thread count was 16 (of 16 available processors)

Optimal solution found (tolerance 1.00e-02)
Best objective -2.116440000000e+06, best bound -2.132307807700e+06, gap 0.7497%
