Changed value of parameter MIPGap to 0.01
   Prev: 0.0001  Min: 0.0  Max: 1e+100  Default: 0.0001
Changed value of parameter TimeLimit to 1800.0
   Prev: 1e+100  Min: 0.0  Max: 1e+100  Default: 1e+100
Changed value of parameter Method to 2
   Prev: -1  Min: -1  Max: 4  Default: -1
Changed value of parameter MIPFocus to 1
   Prev: 0  Min: 0  Max: 3  Default: 0
Optimize a model with 2492 rows, 7672 columns and 15344 nonzeros
Coefficient statistics:
  Matrix range    [1e+00, 4e+01]
  Objective range [1e+00, 1e+00]
  Bounds range    [1e+00, 1e+00]
  RHS range       [8e+01, 8e+01]
Found heuristic solution: objective 0
Presolve removed 376 rows and 1444 columns
Presolve time: 0.06s
Presolved: 2116 rows, 6228 columns, 12456 nonzeros
Found heuristic solution: objective -843.0000000
Variable types: 0 continuous, 6228 integer (6228 binary)
Optimize a model with 2116 rows, 6228 columns and 12456 nonzeros
Coefficient statistics:
  Matrix range    [1e+00, 4e+01]
  Objective range [1e+00, 1e+00]
  Bounds range    [1e+00, 1e+00]
  RHS range       [1e+00, 8e+01]
Presolved: 2116 rows, 6228 columns, 12456 nonzeros

Root barrier log...

Ordering time: 0.00s

Barrier statistics:
 AA' NZ     : 6.228e+03
 Factor NZ  : 3.354e+04 (roughly 4 MBytes of memory)
 Factor Ops : 2.033e+06 (less than 1 second per iteration)
 Threads    : 1

                  Objective                Residual
Iter       Primal          Dual         Primal    Dual     Compl     Time
   0  -4.89993498e+03 -3.93462380e+03  3.60e+01 2.48e-01  1.70e+00     0s
   1  -1.38005364e+03 -3.09637879e+03  4.58e+00 5.00e-16  3.06e-01     0s
   2  -8.98313956e+02 -1.28994596e+03  1.40e-01 6.66e-16  3.29e-02     0s
   3  -9.03339589e+02 -9.52975783e+02  2.32e-02 8.88e-15  4.14e-03     0s
   4  -9.04741222e+02 -9.05825805e+02  8.51e-04 4.44e-16  9.73e-05     0s
   5  -9.05121529e+02 -9.05124173e+02  6.05e-07 4.44e-16  2.17e-07     0s
   6  -9.05121951e+02 -9.05121951e+02  6.06e-13 4.44e-16  2.17e-13     0s

Barrier solved model in 6 iterations and 0.12 seconds
Optimal objective -9.05121951e+02


Root relaxation: objective -9.051220e+02, 4607 iterations, 0.11 seconds

    Nodes    |    Current Node    |     Objective Bounds      |     Work
 Expl Unexpl |  Obj  Depth IntInf | Incumbent    BestBd   Gap | It/Node Time

     0     0 -905.12195    0  313 -843.00000 -905.12195  7.37%     -    0s
     0     0 -885.96341    0  238 -843.00000 -885.96341  5.10%     -    0s
H    0     0                    -855.0000000 -885.96341  3.62%     -    0s
H    0     0                    -859.0000000 -885.96341  3.14%     -    0s
     0     0 -885.96341    0  240 -859.00000 -885.96341  3.14%     -    0s
     0     0 -861.00000    0   28 -859.00000 -861.00000  0.23%     -    0s

Cutting planes:
  Gomory: 14
  Cover: 176
  MIR: 2

Explored 0 nodes (9411 simplex iterations) in 0.77 seconds
Thread count was 16 (of 16 available processors)

Optimal solution found (tolerance 1.00e-02)
Best objective -8.590000000000e+02, best bound -8.610000000000e+02, gap 0.2328%
Changed value of parameter MIPGap to 0.01
   Prev: 0.0001  Min: 0.0  Max: 1e+100  Default: 0.0001
Changed value of parameter TimeLimit to 1800.0
   Prev: 1e+100  Min: 0.0  Max: 1e+100  Default: 1e+100
Changed value of parameter Method to 2
   Prev: -1  Min: -1  Max: 4  Default: -1
Changed value of parameter MIPFocus to 1
   Prev: 0  Min: 0  Max: 3  Default: 0
Optimize a model with 2492 rows, 7672 columns and 15344 nonzeros
Coefficient statistics:
  Matrix range    [1e+00, 4e+01]
  Objective range [1e+00, 1e+00]
  Bounds range    [1e+00, 1e+00]
  RHS range       [8e+01, 8e+01]
Found heuristic solution: objective 0
Presolve removed 376 rows and 1444 columns
Presolve time: 0.05s
Presolved: 2116 rows, 6228 columns, 12456 nonzeros
Found heuristic solution: objective -844.6640000
Variable types: 0 continuous, 6228 integer (6228 binary)
Optimize a model with 2116 rows, 6228 columns and 12456 nonzeros
Coefficient statistics:
  Matrix range    [1e+00, 4e+01]
  Objective range [1e+00, 1e+00]
  Bounds range    [1e+00, 1e+00]
  RHS range       [1e+00, 8e+01]
Presolved: 2116 rows, 6228 columns, 12456 nonzeros

Root barrier log...

Ordering time: 0.00s

Barrier statistics:
 AA' NZ     : 6.228e+03
 Factor NZ  : 3.354e+04 (roughly 4 MBytes of memory)
 Factor Ops : 2.033e+06 (less than 1 second per iteration)
 Threads    : 1

                  Objective                Residual
Iter       Primal          Dual         Primal    Dual     Compl     Time
   0  -4.91387305e+03 -3.93857507e+03  3.60e+01 2.48e-01  1.70e+00     0s
   1  -1.38793807e+03 -3.09983200e+03  4.61e+00 6.66e-16  3.07e-01     0s
   2  -9.01174229e+02 -1.29564894e+03  1.44e-01 8.88e-16  3.32e-02     0s
   3  -9.05727300e+02 -9.54782514e+02  2.35e-02 4.44e-16  4.10e-03     0s
   4  -9.07015633e+02 -9.08099706e+02  1.35e-03 1.11e-15  1.04e-04     0s
   5  -9.07406738e+02 -9.07409415e+02  1.03e-06 4.44e-16  2.25e-07     0s
   6  -9.07407171e+02 -9.07407171e+02  1.04e-12 4.44e-16  2.26e-13     0s

Barrier solved model in 6 iterations and 0.11 seconds
Optimal objective -9.07407171e+02


Root relaxation: objective -9.074072e+02, 4601 iterations, 0.09 seconds

    Nodes    |    Current Node    |     Objective Bounds      |     Work
 Expl Unexpl |  Obj  Depth IntInf | Incumbent    BestBd   Gap | It/Node Time

     0     0 -907.40717    0  337 -844.66400 -907.40717  7.43%     -    0s
H    0     0                    -846.6840000 -907.40717  7.17%     -    0s
     0     0 -882.77302    0  254 -846.68400 -882.77302  4.26%     -    0s
H    0     0                    -857.7940000 -882.77302  2.91%     -    0s
H    0     0                    -861.8340000 -882.77302  2.43%     -    0s
     0     0 -882.77302    0  258 -861.83400 -882.77302  2.43%     -    0s
     0     0 -862.84400    0   82 -861.83400 -862.84400  0.12%     -    0s

Cutting planes:
  Gomory: 12
  Cover: 177
  MIR: 1

Explored 0 nodes (8531 simplex iterations) in 0.72 seconds
Thread count was 16 (of 16 available processors)

Optimal solution found (tolerance 1.00e-02)
Best objective -8.618340000000e+02, best bound -8.628440000000e+02, gap 0.1172%
Changed value of parameter MIPGap to 0.01
   Prev: 0.0001  Min: 0.0  Max: 1e+100  Default: 0.0001
Changed value of parameter TimeLimit to 1800.0
   Prev: 1e+100  Min: 0.0  Max: 1e+100  Default: 1e+100
Changed value of parameter Method to 2
   Prev: -1  Min: -1  Max: 4  Default: -1
Changed value of parameter MIPFocus to 1
   Prev: 0  Min: 0  Max: 3  Default: 0
Optimize a model with 2492 rows, 7672 columns and 15344 nonzeros
Coefficient statistics:
  Matrix range    [1e+00, 4e+01]
  Objective range [1e+00, 1e+00]
  Bounds range    [1e+00, 1e+00]
  RHS range       [8e+01, 8e+01]
Found heuristic solution: objective 0
Presolve removed 376 rows and 1444 columns
Presolve time: 0.05s
Presolved: 2116 rows, 6228 columns, 12456 nonzeros
Found heuristic solution: objective -846.3280000
Variable types: 0 continuous, 6228 integer (6228 binary)
Optimize a model with 2116 rows, 6228 columns and 12456 nonzeros
Coefficient statistics:
  Matrix range    [1e+00, 4e+01]
  Objective range [1e+00, 1e+00]
  Bounds range    [1e+00, 1e+00]
  RHS range       [1e+00, 8e+01]
Presolved: 2116 rows, 6228 columns, 12456 nonzeros

Root barrier log...

Ordering time: 0.00s

Barrier statistics:
 AA' NZ     : 6.228e+03
 Factor NZ  : 3.354e+04 (roughly 4 MBytes of memory)
 Factor Ops : 2.033e+06 (less than 1 second per iteration)
 Threads    : 1

                  Objective                Residual
Iter       Primal          Dual         Primal    Dual     Compl     Time
   0  -4.92781095e+03 -3.94252635e+03  3.60e+01 2.48e-01  1.70e+00     0s
   1  -1.39580800e+03 -3.10328621e+03  4.65e+00 6.66e-16  3.08e-01     0s
   2  -9.04023307e+02 -1.30130674e+03  1.48e-01 6.66e-16  3.35e-02     0s
   3  -9.08110306e+02 -9.56549717e+02  2.38e-02 4.44e-16  4.06e-03     0s
   4  -9.09294043e+02 -9.10372239e+02  1.85e-03 4.44e-16  1.10e-04     0s
   5  -9.09691952e+02 -9.09694663e+02  1.42e-06 4.44e-16  2.33e-07     0s
   6  -9.09692390e+02 -9.09692390e+02  1.43e-12 4.44e-16  2.33e-13     0s

Barrier solved model in 6 iterations and 0.11 seconds
Optimal objective -9.09692390e+02


Root relaxation: objective -9.096924e+02, 4613 iterations, 0.09 seconds

    Nodes    |    Current Node    |     Objective Bounds      |     Work
 Expl Unexpl |  Obj  Depth IntInf | Incumbent    BestBd   Gap | It/Node Time

     0     0 -909.69239    0  357 -846.32800 -909.69239  7.49%     -    0s
H    0     0                    -859.5880000 -909.69239  5.83%     -    0s
H    0     0                    -861.6280000 -909.69239  5.58%     -    0s
     0     0 -875.59702    0  219 -861.62800 -875.59702  1.62%     -    0s
     0     0 -875.59702    0  217 -861.62800 -875.59702  1.62%     -    0s
H    0     0                    -862.6480000 -875.59702  1.50%     -    0s
H    0     0                    -864.6880000 -875.59702  1.26%     -    0s
     0     0     cutoff    0      -864.68800 -864.68800  0.00%     -    0s

Cutting planes:
  Gomory: 10
  Cover: 176
  MIR: 1

Explored 0 nodes (8864 simplex iterations) in 0.83 seconds
Thread count was 16 (of 16 available processors)

Optimal solution found (tolerance 1.00e-02)
Best objective -8.646880000000e+02, best bound -8.646880000000e+02, gap 0.0%
Changed value of parameter MIPGap to 0.01
   Prev: 0.0001  Min: 0.0  Max: 1e+100  Default: 0.0001
Changed value of parameter TimeLimit to 1800.0
   Prev: 1e+100  Min: 0.0  Max: 1e+100  Default: 1e+100
Changed value of parameter Method to 2
   Prev: -1  Min: -1  Max: 4  Default: -1
Changed value of parameter MIPFocus to 1
   Prev: 0  Min: 0  Max: 3  Default: 0
Optimize a model with 2492 rows, 7672 columns and 15344 nonzeros
Coefficient statistics:
  Matrix range    [1e+00, 4e+01]
  Objective range [1e+00, 1e+00]
  Bounds range    [1e+00, 1e+00]
  RHS range       [8e+01, 8e+01]
Found heuristic solution: objective 0
Presolve removed 376 rows and 1444 columns
Presolve time: 0.05s
Presolved: 2116 rows, 6228 columns, 12456 nonzeros
Found heuristic solution: objective -849.6560000
Variable types: 0 continuous, 6228 integer (6228 binary)
Optimize a model with 2116 rows, 6228 columns and 12456 nonzeros
Coefficient statistics:
  Matrix range    [1e+00, 4e+01]
  Objective range [1e+00, 1e+00]
  Bounds range    [1e+00, 1e+00]
  RHS range       [1e+00, 8e+01]
Presolved: 2116 rows, 6228 columns, 12456 nonzeros

Root barrier log...

Ordering time: 0.00s

Barrier statistics:
 AA' NZ     : 6.228e+03
 Factor NZ  : 3.354e+04 (roughly 4 MBytes of memory)
 Factor Ops : 2.033e+06 (less than 1 second per iteration)
 Threads    : 1

                  Objective                Residual
Iter       Primal          Dual         Primal    Dual     Compl     Time
   0  -4.95568628e+03 -3.95042890e+03  3.60e+01 2.48e-01  1.70e+00     0s
   1  -1.41150381e+03 -3.11019762e+03  4.71e+00 6.66e-16  3.10e-01     0s
   2  -9.09689223e+02 -1.31249106e+03  1.57e-01 8.88e-16  3.41e-02     0s
   3  -9.12836598e+02 -9.59937456e+02  2.54e-02 7.99e-15  3.98e-03     0s
   4  -9.13902908e+02 -9.14927597e+02  1.90e-03 2.00e-15  1.07e-04     0s
   5  -9.14262443e+02 -9.14264632e+02  1.32e-06 6.66e-16  1.92e-07     0s
   6  -9.14262829e+02 -9.14262829e+02  1.32e-12 4.44e-16  1.92e-13     0s

Barrier solved model in 6 iterations and 0.11 seconds
Optimal objective -9.14262829e+02


Root relaxation: objective -9.142628e+02, 4604 iterations, 0.09 seconds

    Nodes    |    Current Node    |     Objective Bounds      |     Work
 Expl Unexpl |  Obj  Depth IntInf | Incumbent    BestBd   Gap | It/Node Time

     0     0 -914.26283    0  381 -849.65600 -914.26283  7.60%     -    0s
     0     0 -888.65600    0  209 -849.65600 -888.65600  4.59%     -    0s
H    0     0                    -861.0960000 -888.65600  3.20%     -    0s
H    0     0                    -868.3760000 -888.65600  2.34%     -    0s
     0     0 -888.65600    0  207 -868.37600 -888.65600  2.34%     -    0s
     0     0     cutoff    0      -868.37600 -868.37600  0.00%     -    0s

Cutting planes:
  Gomory: 19
  Cover: 174

Explored 0 nodes (8858 simplex iterations) in 0.75 seconds
Thread count was 16 (of 16 available processors)

Optimal solution found (tolerance 1.00e-02)
Best objective -8.683760000000e+02, best bound -8.683760000000e+02, gap 0.0%
Changed value of parameter MIPGap to 0.01
   Prev: 0.0001  Min: 0.0  Max: 1e+100  Default: 0.0001
Changed value of parameter TimeLimit to 1800.0
   Prev: 1e+100  Min: 0.0  Max: 1e+100  Default: 1e+100
Changed value of parameter Method to 2
   Prev: -1  Min: -1  Max: 4  Default: -1
Changed value of parameter MIPFocus to 1
   Prev: 0  Min: 0  Max: 3  Default: 0
Optimize a model with 2492 rows, 7672 columns and 15344 nonzeros
Coefficient statistics:
  Matrix range    [1e+00, 4e+01]
  Objective range [1e+00, 1e+00]
  Bounds range    [1e+00, 1e+00]
  RHS range       [8e+01, 8e+01]
Found heuristic solution: objective 0
Presolve removed 376 rows and 1444 columns
Presolve time: 0.05s
Presolved: 2116 rows, 6228 columns, 12456 nonzeros
Found heuristic solution: objective -856.3120000
Variable types: 0 continuous, 6228 integer (6228 binary)
Optimize a model with 2116 rows, 6228 columns and 12456 nonzeros
Coefficient statistics:
  Matrix range    [1e+00, 4e+01]
  Objective range [1e+00, 1e+00]
  Bounds range    [1e+00, 1e+00]
  RHS range       [1e+00, 8e+01]
Presolved: 2116 rows, 6228 columns, 12456 nonzeros

Root barrier log...

Ordering time: 0.00s

Barrier statistics:
 AA' NZ     : 6.228e+03
 Factor NZ  : 3.354e+04 (roughly 4 MBytes of memory)
 Factor Ops : 2.033e+06 (less than 1 second per iteration)
 Threads    : 1

                  Objective                Residual
Iter       Primal          Dual         Primal    Dual     Compl     Time
   0  -5.01143497e+03 -3.96623401e+03  3.60e+01 2.48e-01  1.70e+00     0s
   1  -1.44271515e+03 -3.12403209e+03  4.83e+00 8.88e-16  3.15e-01     0s
   2  -9.20882256e+02 -1.33432664e+03  1.71e-01 6.66e-16  3.53e-02     0s
   3  -9.22282147e+02 -9.66413452e+02  2.85e-02 1.69e-14  3.80e-03     0s
   4  -9.23100310e+02 -9.24036887e+02  1.62e-03 3.11e-15  9.73e-05     0s
   5  -9.23403143e+02 -9.23405528e+02  2.25e-06 4.44e-16  2.21e-07     0s
   6  -9.23403707e+02 -9.23403707e+02  2.26e-12 4.44e-16  2.22e-13     0s

Barrier solved model in 6 iterations and 0.11 seconds
Optimal objective -9.23403707e+02


Root relaxation: objective -9.234037e+02, 4588 iterations, 0.09 seconds

    Nodes    |    Current Node    |     Objective Bounds      |     Work
 Expl Unexpl |  Obj  Depth IntInf | Incumbent    BestBd   Gap | It/Node Time

     0     0 -923.40371    0  367 -856.31200 -923.40371  7.83%     -    0s
     0     0 -887.81639    0  206 -856.31200 -887.81639  3.68%     -    0s
H    0     0                    -872.5120000 -887.81639  1.75%     -    0s
H    0     0                    -875.7520000 -887.81639  1.38%     -    0s
     0     0 -887.81639    0  208 -875.75200 -887.81639  1.38%     -    0s
     0     0     cutoff    0      -875.75200 -875.75200  0.00%     -    0s

Cutting planes:
  Gomory: 14
  Cover: 176
  MIR: 1

Explored 0 nodes (8521 simplex iterations) in 0.70 seconds
Thread count was 16 (of 16 available processors)

Optimal solution found (tolerance 1.00e-02)
Best objective -8.757520000000e+02, best bound -8.757520000000e+02, gap 0.0%
Changed value of parameter MIPGap to 0.01
   Prev: 0.0001  Min: 0.0  Max: 1e+100  Default: 0.0001
Changed value of parameter TimeLimit to 1800.0
   Prev: 1e+100  Min: 0.0  Max: 1e+100  Default: 1e+100
Changed value of parameter Method to 2
   Prev: -1  Min: -1  Max: 4  Default: -1
Changed value of parameter MIPFocus to 1
   Prev: 0  Min: 0  Max: 3  Default: 0
Optimize a model with 2492 rows, 7672 columns and 15344 nonzeros
Coefficient statistics:
  Matrix range    [1e+00, 4e+01]
  Objective range [1e+00, 1e+00]
  Bounds range    [1e+00, 1e+00]
  RHS range       [8e+01, 8e+01]
Found heuristic solution: objective 0
Presolve removed 376 rows and 1444 columns
Presolve time: 0.05s
Presolved: 2116 rows, 6228 columns, 12456 nonzeros
Found heuristic solution: objective -859.6400000
Variable types: 0 continuous, 6228 integer (6228 binary)
Optimize a model with 2116 rows, 6228 columns and 12456 nonzeros
Coefficient statistics:
  Matrix range    [1e+00, 4e+01]
  Objective range [1e+00, 1e+00]
  Bounds range    [1e+00, 1e+00]
  RHS range       [1e+00, 8e+01]
Presolved: 2116 rows, 6228 columns, 12456 nonzeros

Root barrier log...

Ordering time: 0.00s

Barrier statistics:
 AA' NZ     : 6.228e+03
 Factor NZ  : 3.354e+04 (roughly 4 MBytes of memory)
 Factor Ops : 2.033e+06 (less than 1 second per iteration)
 Threads    : 1

                  Objective                Residual
Iter       Primal          Dual         Primal    Dual     Compl     Time
   0  -5.03930835e+03 -3.97413657e+03  3.60e+01 2.49e-01  1.70e+00     0s
   1  -1.45822839e+03 -3.13095499e+03  4.89e+00 5.00e-16  3.17e-01     0s
   2  -9.26407372e+02 -1.34497107e+03  1.78e-01 6.66e-16  3.59e-02     0s
   3  -9.27001448e+02 -9.69466345e+02  2.99e-02 6.66e-16  3.70e-03     0s
   4  -9.27719526e+02 -9.28589820e+02  5.78e-04 8.88e-16  7.82e-05     0s
   5  -9.27973843e+02 -9.27975607e+02  3.50e-07 4.44e-16  1.45e-07     0s
   6  -9.27974146e+02 -9.27974146e+02  3.53e-13 4.44e-16  1.45e-13     0s

Barrier solved model in 6 iterations and 0.11 seconds
Optimal objective -9.27974146e+02


Root relaxation: objective -9.279741e+02, 4593 iterations, 0.09 seconds

    Nodes    |    Current Node    |     Objective Bounds      |     Work
 Expl Unexpl |  Obj  Depth IntInf | Incumbent    BestBd   Gap | It/Node Time

     0     0 -927.97415    0  400 -859.64000 -927.97415  7.95%     -    0s
H    0     0                    -870.6400000 -927.97415  6.59%     -    0s
H    0     0                    -872.8400000 -927.97415  6.32%     -    0s
     0     0 -898.00585    0  223 -872.84000 -898.00585  2.88%     -    0s
H    0     0                    -873.9400000 -898.00585  2.75%     -    0s
H    0     0                    -875.0400000 -898.00585  2.62%     -    0s
H    0     0                    -877.2400000 -898.00585  2.37%     -    0s
H    0     0                    -878.3400000 -898.00585  2.24%     -    0s
     0     0 -879.69488    0   43 -878.34000 -879.69488  0.15%     -    0s

Cutting planes:
  Gomory: 15
  Cover: 175

Explored 0 nodes (8669 simplex iterations) in 0.87 seconds
Thread count was 16 (of 16 available processors)

Optimal solution found (tolerance 1.00e-02)
Best objective -8.783400000000e+02, best bound -8.796900000000e+02, gap 0.1537%
Changed value of parameter MIPGap to 0.01
   Prev: 0.0001  Min: 0.0  Max: 1e+100  Default: 0.0001
Changed value of parameter TimeLimit to 1800.0
   Prev: 1e+100  Min: 0.0  Max: 1e+100  Default: 1e+100
Changed value of parameter Method to 2
   Prev: -1  Min: -1  Max: 4  Default: -1
Changed value of parameter MIPFocus to 1
   Prev: 0  Min: 0  Max: 3  Default: 0
Optimize a model with 2492 rows, 7672 columns and 15344 nonzeros
Coefficient statistics:
  Matrix range    [1e+00, 4e+01]
  Objective range [1e+00, 1e+00]
  Bounds range    [1e+00, 1e+00]
  RHS range       [8e+01, 8e+01]
Found heuristic solution: objective 0
Presolve removed 376 rows and 1444 columns
Presolve time: 0.05s
Presolved: 2116 rows, 6228 columns, 12456 nonzeros
Found heuristic solution: objective -876.2800000
Variable types: 0 continuous, 6228 integer (6228 binary)
Optimize a model with 2116 rows, 6228 columns and 12456 nonzeros
Coefficient statistics:
  Matrix range    [1e+00, 4e+01]
  Objective range [1e+00, 1e+00]
  Bounds range    [1e+00, 1e+00]
  RHS range       [1e+00, 8e+01]
Presolved: 2116 rows, 6228 columns, 12456 nonzeros

Root barrier log...

Ordering time: 0.00s

Barrier statistics:
 AA' NZ     : 6.228e+03
 Factor NZ  : 3.354e+04 (roughly 4 MBytes of memory)
 Factor Ops : 2.033e+06 (less than 1 second per iteration)
 Threads    : 1

                  Objective                Residual
Iter       Primal          Dual         Primal    Dual     Compl     Time
   0  -5.17866556e+03 -4.01364934e+03  3.60e+01 2.50e-01  1.71e+00     0s
   1  -1.53929761e+03 -3.16576946e+03  5.21e+00 6.66e-16  3.28e-01     0s
   2  -9.53151401e+02 -1.39907233e+03  2.00e-01 6.66e-16  3.86e-02     0s
   3  -9.50727253e+02 -9.96176902e+02  3.17e-02 1.33e-15  3.98e-03     0s
   4  -9.50633773e+02 -9.51345163e+02  6.95e-04 6.66e-16  6.85e-05     0s
   5  -9.50826234e+02 -9.50826938e+02  1.98e-07 1.55e-15  5.88e-08     0s
   6  -9.50826341e+02 -9.50826341e+02  2.00e-13 4.44e-16  5.90e-14     0s

Barrier solved model in 6 iterations and 0.11 seconds
Optimal objective -9.50826341e+02


Root relaxation: objective -9.508263e+02, 4584 iterations, 0.09 seconds

    Nodes    |    Current Node    |     Objective Bounds      |     Work
 Expl Unexpl |  Obj  Depth IntInf | Incumbent    BestBd   Gap | It/Node Time

     0     0 -950.82634    0  404 -876.28000 -950.82634  8.51%     -    0s
     0     0 -918.42634    0  218 -876.28000 -918.42634  4.81%     -    0s
H    0     0                    -891.8800000 -918.42634  2.98%     -    0s
H    0     0                    -895.4800000 -918.42634  2.56%     -    0s
     0     0 -918.42634    0  218 -895.48000 -918.42634  2.56%     -    0s
     0     0 -897.88000    0   42 -895.48000 -897.88000  0.27%     -    0s

Cutting planes:
  Gomory: 20
  Cover: 176

Explored 0 nodes (8364 simplex iterations) in 0.73 seconds
Thread count was 16 (of 16 available processors)

Optimal solution found (tolerance 1.00e-02)
Best objective -8.954800000000e+02, best bound -8.978800000000e+02, gap 0.2680%
Changed value of parameter MIPGap to 0.01
   Prev: 0.0001  Min: 0.0  Max: 1e+100  Default: 0.0001
Changed value of parameter TimeLimit to 1800.0
   Prev: 1e+100  Min: 0.0  Max: 1e+100  Default: 1e+100
Changed value of parameter Method to 2
   Prev: -1  Min: -1  Max: 4  Default: -1
Changed value of parameter MIPFocus to 1
   Prev: 0  Min: 0  Max: 3  Default: 0
Optimize a model with 2492 rows, 7672 columns and 15344 nonzeros
Coefficient statistics:
  Matrix range    [1e+00, 4e+01]
  Objective range [1e+00, 1e+00]
  Bounds range    [1e+00, 1e+00]
  RHS range       [8e+01, 8e+01]
Found heuristic solution: objective 0
Presolve removed 376 rows and 1444 columns
Presolve time: 0.05s
Presolved: 2116 rows, 6228 columns, 12456 nonzeros
Found heuristic solution: objective -909.5600000
Variable types: 0 continuous, 6228 integer (6228 binary)
Optimize a model with 2116 rows, 6228 columns and 12456 nonzeros
Coefficient statistics:
  Matrix range    [1e+00, 4e+01]
  Objective range [1e+00, 1e+00]
  Bounds range    [1e+00, 1e+00]
  RHS range       [1e+00, 8e+01]
Presolved: 2116 rows, 6228 columns, 12456 nonzeros

Root barrier log...

Ordering time: 0.00s

Barrier statistics:
 AA' NZ     : 6.228e+03
 Factor NZ  : 3.354e+04 (roughly 4 MBytes of memory)
 Factor Ops : 2.033e+06 (less than 1 second per iteration)
 Threads    : 1

                  Objective                Residual
Iter       Primal          Dual         Primal    Dual     Compl     Time
   0  -5.45733241e+03 -4.09267488e+03  3.60e+01 2.52e-01  1.72e+00     0s
   1  -1.70936347e+03 -3.23535917e+03  5.83e+00 6.66e-16  3.51e-01     0s
   2  -1.01902456e+03 -1.50221445e+03  3.37e-01 6.66e-16  4.50e-02     0s
   3  -9.99470119e+02 -1.04570983e+03  6.05e-02 4.44e-16  4.52e-03     0s
   4  -9.96462663e+02 -9.97249600e+02  1.31e-03 4.44e-16  8.60e-05     0s
   5  -9.96530666e+02 -9.96531363e+02  2.27e-07 3.33e-15  5.85e-08     0s
   6  -9.96530732e+02 -9.96530732e+02  2.33e-13 4.44e-16  5.91e-14     0s

Barrier solved model in 6 iterations and 0.11 seconds
Optimal objective -9.96530732e+02


Root relaxation: objective -9.965307e+02, 4564 iterations, 0.09 seconds

    Nodes    |    Current Node    |     Objective Bounds      |     Work
 Expl Unexpl |  Obj  Depth IntInf | Incumbent    BestBd   Gap | It/Node Time

     0     0 -996.53073    0  360 -909.56000 -996.53073  9.56%     -    0s
     0     0 -961.71854    0  241 -909.56000 -961.71854  5.73%     -    0s
H    0     0                    -926.3600000 -961.71854  3.82%     -    0s
H    0     0                    -931.9600000 -961.71854  3.19%     -    0s
     0     0 -934.76000    0   42 -931.96000 -934.76000  0.30%     -    0s

Cutting planes:
  Gomory: 16
  Cover: 178

Explored 0 nodes (9284 simplex iterations) in 0.81 seconds
Thread count was 16 (of 16 available processors)

Optimal solution found (tolerance 1.00e-02)
Best objective -9.319600000000e+02, best bound -9.347600000000e+02, gap 0.3004%
Changed value of parameter MIPGap to 0.01
   Prev: 0.0001  Min: 0.0  Max: 1e+100  Default: 0.0001
Changed value of parameter TimeLimit to 1800.0
   Prev: 1e+100  Min: 0.0  Max: 1e+100  Default: 1e+100
Changed value of parameter Method to 2
   Prev: -1  Min: -1  Max: 4  Default: -1
Changed value of parameter MIPFocus to 1
   Prev: 0  Min: 0  Max: 3  Default: 0
Optimize a model with 2492 rows, 7672 columns and 15344 nonzeros
Coefficient statistics:
  Matrix range    [1e+00, 4e+01]
  Objective range [1e+00, 2e+00]
  Bounds range    [1e+00, 1e+00]
  RHS range       [8e+01, 8e+01]
Found heuristic solution: objective 0
Presolve removed 376 rows and 1444 columns
Presolve time: 0.05s
Presolved: 2116 rows, 6228 columns, 12456 nonzeros
Found heuristic solution: objective -976.1200000
Variable types: 0 continuous, 6228 integer (6228 binary)
Optimize a model with 2116 rows, 6228 columns and 12456 nonzeros
Coefficient statistics:
  Matrix range    [1e+00, 4e+01]
  Objective range [1e+00, 2e+00]
  Bounds range    [1e+00, 1e+00]
  RHS range       [1e+00, 8e+01]
Presolved: 2116 rows, 6228 columns, 12456 nonzeros

Root barrier log...

Ordering time: 0.00s

Barrier statistics:
 AA' NZ     : 6.228e+03
 Factor NZ  : 3.354e+04 (roughly 4 MBytes of memory)
 Factor Ops : 2.033e+06 (less than 1 second per iteration)
 Threads    : 1

                  Objective                Residual
Iter       Primal          Dual         Primal    Dual     Compl     Time
   0  -6.01628420e+03 -5.04720108e+03  3.60e+01 2.60e-01  2.19e+00     0s
   1  -1.87229459e+03 -3.94647963e+03  5.83e+00 8.88e-16  4.47e-01     0s
   2  -1.10690132e+03 -1.82383024e+03  3.56e-01 6.66e-16  6.52e-02     0s
   3  -1.08962130e+03 -1.15541023e+03  6.49e-02 4.44e-16  6.21e-03     0s
   4  -1.08771311e+03 -1.08896103e+03  5.86e-04 6.66e-16  1.10e-04     0s
   5  -1.08793937e+03 -1.08794024e+03  1.59e-07 1.49e-14  7.10e-08     0s
   6  -1.08793951e+03 -1.08793951e+03  1.66e-13 4.44e-16  7.19e-14     0s

Barrier solved model in 6 iterations and 0.10 seconds
Optimal objective -1.08793951e+03


Root relaxation: objective -1.087940e+03, 4575 iterations, 0.09 seconds

    Nodes    |    Current Node    |     Objective Bounds      |     Work
 Expl Unexpl |  Obj  Depth IntInf | Incumbent    BestBd   Gap | It/Node Time

     0     0 -1087.9395    0  355 -976.12000 -1087.9395  11.5%     -    0s
     0     0 -1030.3395    0  175 -976.12000 -1030.3395  5.55%     -    0s
H    0     0                    -1001.320000 -1030.3395  2.90%     -    0s
H    0     0                    -1006.720000 -1030.3395  2.35%     -    0s
     0     0 -1030.3395    0  177 -1006.7200 -1030.3395  2.35%     -    0s
     0     0 -1008.9371    0   85 -1006.7200 -1008.9371  0.22%     -    0s

Cutting planes:
  Gomory: 16
  Cover: 174
  MIR: 2

Explored 0 nodes (8635 simplex iterations) in 0.71 seconds
Thread count was 16 (of 16 available processors)

Optimal solution found (tolerance 1.00e-02)
Best objective -1.006720000000e+03, best bound -1.008920000000e+03, gap 0.2185%
Changed value of parameter MIPGap to 0.01
   Prev: 0.0001  Min: 0.0  Max: 1e+100  Default: 0.0001
Changed value of parameter TimeLimit to 1800.0
   Prev: 1e+100  Min: 0.0  Max: 1e+100  Default: 1e+100
Changed value of parameter Method to 2
   Prev: -1  Min: -1  Max: 4  Default: -1
Changed value of parameter MIPFocus to 1
   Prev: 0  Min: 0  Max: 3  Default: 0
Optimize a model with 2492 rows, 7672 columns and 15344 nonzeros
Coefficient statistics:
  Matrix range    [1e+00, 4e+01]
  Objective range [1e+00, 2e+00]
  Bounds range    [1e+00, 1e+00]
  RHS range       [8e+01, 8e+01]
Found heuristic solution: objective 0
Presolve removed 376 rows and 1444 columns
Presolve time: 0.05s
Presolved: 2116 rows, 6228 columns, 12456 nonzeros
Found heuristic solution: objective -1009.400000
Variable types: 0 continuous, 6228 integer (6228 binary)
Optimize a model with 2116 rows, 6228 columns and 12456 nonzeros
Coefficient statistics:
  Matrix range    [1e+00, 4e+01]
  Objective range [1e+00, 2e+00]
  Bounds range    [1e+00, 1e+00]
  RHS range       [1e+00, 8e+01]
Presolved: 2116 rows, 6228 columns, 12456 nonzeros

Root barrier log...

Ordering time: 0.00s

Barrier statistics:
 AA' NZ     : 6.228e+03
 Factor NZ  : 3.354e+04 (roughly 4 MBytes of memory)
 Factor Ops : 2.033e+06 (less than 1 second per iteration)
 Threads    : 1

                  Objective                Residual
Iter       Primal          Dual         Primal    Dual     Compl     Time
   0  -6.29583735e+03 -5.57777253e+03  3.60e+01 2.64e-01  2.45e+00     0s
   1  -1.97026523e+03 -4.33191906e+03  5.90e+00 8.88e-16  5.02e-01     0s
   2  -1.15034398e+03 -1.96922615e+03  3.60e-01 8.88e-16  7.40e-02     0s
   3  -1.13391687e+03 -1.20874645e+03  6.14e-02 8.88e-16  6.91e-03     0s
   4  -1.13336288e+03 -1.13478313e+03  7.10e-04 4.44e-16  1.26e-04     0s
   5  -1.13364371e+03 -1.13364477e+03  2.39e-07 6.66e-16  8.81e-08     0s
   6  -1.13364390e+03 -1.13364390e+03  2.45e-13 8.88e-16  8.90e-14     0s

Barrier solved model in 6 iterations and 0.10 seconds
Optimal objective -1.13364390e+03


Root relaxation: objective -1.133644e+03, 4578 iterations, 0.09 seconds

    Nodes    |    Current Node    |     Objective Bounds      |     Work
 Expl Unexpl |  Obj  Depth IntInf | Incumbent    BestBd   Gap | It/Node Time

     0     0 -1133.6439    0  343 -1009.4000 -1133.6439  12.3%     -    0s
     0     0 -1080.1073    0  176 -1009.4000 -1080.1073  7.00%     -    0s
H    0     0                    -1037.400000 -1080.1073  4.12%     -    0s
H    0     0                    -1043.400000 -1080.1073  3.52%     -    0s
     0     0 -1045.4000    0   28 -1043.4000 -1045.4000  0.19%     -    0s

Cutting planes:
  Gomory: 18
  Cover: 176

Explored 0 nodes (9246 simplex iterations) in 0.71 seconds
Thread count was 16 (of 16 available processors)

Optimal solution found (tolerance 1.00e-02)
Best objective -1.043400000000e+03, best bound -1.045400000000e+03, gap 0.1917%
Changed value of parameter MIPGap to 0.01
   Prev: 0.0001  Min: 0.0  Max: 1e+100  Default: 0.0001
Changed value of parameter TimeLimit to 1800.0
   Prev: 1e+100  Min: 0.0  Max: 1e+100  Default: 1e+100
Changed value of parameter Method to 2
   Prev: -1  Min: -1  Max: 4  Default: -1
Changed value of parameter MIPFocus to 1
   Prev: 0  Min: 0  Max: 3  Default: 0
Optimize a model with 2492 rows, 7672 columns and 15344 nonzeros
Coefficient statistics:
  Matrix range    [1e+00, 4e+01]
  Objective range [1e+00, 3e+00]
  Bounds range    [1e+00, 1e+00]
  RHS range       [8e+01, 8e+01]
Found heuristic solution: objective 0
Presolve removed 376 rows and 1444 columns
Presolve time: 0.05s
Presolved: 2116 rows, 6228 columns, 12456 nonzeros
Found heuristic solution: objective -1175.800000
Variable types: 0 continuous, 6228 integer (6228 binary)
Optimize a model with 2116 rows, 6228 columns and 12456 nonzeros
Coefficient statistics:
  Matrix range    [1e+00, 4e+01]
  Objective range [1e+00, 3e+00]
  Bounds range    [1e+00, 1e+00]
  RHS range       [1e+00, 8e+01]
Presolved: 2116 rows, 6228 columns, 12456 nonzeros

Root barrier log...

Ordering time: 0.00s

Barrier statistics:
 AA' NZ     : 6.228e+03
 Factor NZ  : 3.354e+04 (roughly 4 MBytes of memory)
 Factor Ops : 2.033e+06 (less than 1 second per iteration)
 Threads    : 1

                  Objective                Residual
Iter       Primal          Dual         Primal    Dual     Compl     Time
   0  -7.69342210e+03 -8.23062981e+03  3.60e+01 2.84e-01  3.78e+00     0s
   1  -2.42661487e+03 -6.28267488e+03  5.90e+00 1.33e-15  7.61e-01     0s
   2  -1.36914636e+03 -2.65286357e+03  3.46e-01 8.88e-16  1.13e-01     0s
   3  -1.35676443e+03 -1.47867727e+03  6.06e-02 8.88e-16  1.08e-02     0s
   4  -1.36169659e+03 -1.36396586e+03  6.90e-04 8.88e-16  1.96e-04     0s
   5  -1.36216549e+03 -1.36216689e+03  4.57e-07 8.88e-16  1.23e-07     0s
   6  -1.36216585e+03 -1.36216585e+03  4.64e-13 5.77e-15  1.23e-13     0s

Barrier solved model in 6 iterations and 0.10 seconds
Optimal objective -1.36216585e+03


Root relaxation: objective -1.362166e+03, 4567 iterations, 0.09 seconds

    Nodes    |    Current Node    |     Objective Bounds      |     Work
 Expl Unexpl |  Obj  Depth IntInf | Incumbent    BestBd   Gap | It/Node Time

     0     0 -1362.1659    0  360 -1175.8000 -1362.1659  15.9%     -    0s
     0     0 -1276.1537    0  255 -1175.8000 -1276.1537  8.53%     -    0s
H    0     0                    -1211.800000 -1276.1537  5.31%     -    0s
H    0     0                    -1226.800000 -1276.1537  4.02%     -    0s
     0     0 -1229.8000    0   34 -1226.8000 -1229.8000  0.24%     -    0s

Cutting planes:
  Gomory: 19
  Cover: 175

Explored 0 nodes (8404 simplex iterations) in 0.65 seconds
Thread count was 16 (of 16 available processors)

Optimal solution found (tolerance 1.00e-02)
Best objective -1.226800000000e+03, best bound -1.229800000000e+03, gap 0.2445%
Changed value of parameter MIPGap to 0.01
   Prev: 0.0001  Min: 0.0  Max: 1e+100  Default: 0.0001
Changed value of parameter TimeLimit to 1800.0
   Prev: 1e+100  Min: 0.0  Max: 1e+100  Default: 1e+100
Changed value of parameter Method to 2
   Prev: -1  Min: -1  Max: 4  Default: -1
Changed value of parameter MIPFocus to 1
   Prev: 0  Min: 0  Max: 3  Default: 0
Optimize a model with 2492 rows, 7672 columns and 15344 nonzeros
Coefficient statistics:
  Matrix range    [1e+00, 4e+01]
  Objective range [1e+00, 5e+00]
  Bounds range    [1e+00, 1e+00]
  RHS range       [8e+01, 8e+01]
Found heuristic solution: objective 0
Presolve removed 376 rows and 1444 columns
Presolve time: 0.05s
Presolved: 2116 rows, 6228 columns, 12456 nonzeros
Found heuristic solution: objective -1508.600000
Variable types: 0 continuous, 6228 integer (6228 binary)
Optimize a model with 2116 rows, 6228 columns and 12456 nonzeros
Coefficient statistics:
  Matrix range    [1e+00, 4e+01]
  Objective range [1e+00, 5e+00]
  Bounds range    [1e+00, 1e+00]
  RHS range       [1e+00, 8e+01]
Presolved: 2116 rows, 6228 columns, 12456 nonzeros

Root barrier log...

Ordering time: 0.00s

Barrier statistics:
 AA' NZ     : 6.228e+03
 Factor NZ  : 3.354e+04 (roughly 4 MBytes of memory)
 Factor Ops : 2.033e+06 (less than 1 second per iteration)
 Threads    : 1

                  Objective                Residual
Iter       Primal          Dual         Primal    Dual     Compl     Time
   0  -1.04882802e+04 -1.35363444e+04  3.60e+01 3.39e-01  6.45e+00     0s
   1  -3.23744586e+03 -1.02250668e+04  5.81e+00 2.00e-15  1.28e+00     0s
   2  -1.81623918e+03 -4.28317526e+03  3.41e-01 1.78e-15  2.13e-01     0s
   3  -1.80076381e+03 -2.03649909e+03  4.99e-02 3.55e-15  1.97e-02     0s
   4  -1.81775272e+03 -1.82599403e+03  1.69e-03 1.78e-15  6.90e-04     0s
   5  -1.81920451e+03 -1.81921929e+03  3.95e-06 1.78e-15  1.28e-06     0s
   6  -1.81920976e+03 -1.81920976e+03  4.03e-12 1.78e-15  1.40e-12     0s

Barrier solved model in 6 iterations and 0.10 seconds
Optimal objective -1.81920976e+03


Root relaxation: objective -1.819210e+03, 4656 iterations, 0.09 seconds

    Nodes    |    Current Node    |     Objective Bounds      |     Work
 Expl Unexpl |  Obj  Depth IntInf | Incumbent    BestBd   Gap | It/Node Time

     0     0 -1819.2098    0  397 -1508.6000 -1819.2098  20.6%     -    0s
     0     0 -1691.3439    0  254 -1508.6000 -1691.3439  12.1%     -    0s
H    0     0                    -1573.600000 -1691.3439  7.48%     -    0s
H    0     0                    -1593.600000 -1691.3439  6.13%     -    0s
     0     0 -1691.3439    0  256 -1593.6000 -1691.3439  6.13%     -    0s
*    0     0               0    -1598.600000 -1598.6000  0.00%     -    0s

Cutting planes:
  Gomory: 13
  Cover: 175
  MIR: 1

Explored 0 nodes (9086 simplex iterations) in 0.65 seconds
Thread count was 16 (of 16 available processors)

Optimal solution found (tolerance 1.00e-02)
Best objective -1.598600000000e+03, best bound -1.598600000000e+03, gap 0.0%
Changed value of parameter MIPGap to 0.01
   Prev: 0.0001  Min: 0.0  Max: 1e+100  Default: 0.0001
Changed value of parameter TimeLimit to 1800.0
   Prev: 1e+100  Min: 0.0  Max: 1e+100  Default: 1e+100
Changed value of parameter Method to 2
   Prev: -1  Min: -1  Max: 4  Default: -1
Changed value of parameter MIPFocus to 1
   Prev: 0  Min: 0  Max: 3  Default: 0
Optimize a model with 2492 rows, 7672 columns and 15344 nonzeros
Coefficient statistics:
  Matrix range    [1e+00, 4e+01]
  Objective range [1e+00, 9e+00]
  Bounds range    [1e+00, 1e+00]
  RHS range       [8e+01, 8e+01]
Found heuristic solution: objective 0
Presolve removed 376 rows and 1444 columns
Presolve time: 0.05s
Presolved: 2116 rows, 6228 columns, 12456 nonzeros
Found heuristic solution: objective -2174.200000
Variable types: 0 continuous, 6228 integer (6228 binary)
Optimize a model with 2116 rows, 6228 columns and 12456 nonzeros
Coefficient statistics:
  Matrix range    [1e+00, 4e+01]
  Objective range [1e+00, 9e+00]
  Bounds range    [1e+00, 1e+00]
  RHS range       [1e+00, 8e+01]
Presolved: 2116 rows, 6228 columns, 12456 nonzeros

Root barrier log...

Ordering time: 0.00s

Barrier statistics:
 AA' NZ     : 6.228e+03
 Factor NZ  : 3.354e+04 (roughly 4 MBytes of memory)
 Factor Ops : 2.033e+06 (less than 1 second per iteration)
 Threads    : 1

                  Objective                Residual
Iter       Primal          Dual         Primal    Dual     Compl     Time
   0  -1.60777448e+04 -2.41630757e+04  3.60e+01 6.15e-01  1.18e+01     0s
   1  -4.87129969e+03 -1.81389153e+04  5.69e+00 3.55e-15  2.32e+00     0s
   2  -2.72698790e+03 -6.32703908e+03  3.25e-01 3.55e-15  3.11e-01     0s
   3  -2.70265347e+03 -3.06557783e+03  6.72e-02 3.55e-15  3.12e-02     0s
   4  -2.73056466e+03 -2.74585331e+03  2.67e-03 7.11e-15  1.30e-03     0s
   5  -2.73328674e+03 -2.73332399e+03  8.69e-06 7.11e-15  3.30e-06     0s
   6  -2.73329756e+03 -2.73329756e+03  8.71e-12 3.55e-15  3.56e-12     0s

Barrier solved model in 6 iterations and 0.10 seconds
Optimal objective -2.73329756e+03


Root relaxation: objective -2.733298e+03, 4791 iterations, 0.09 seconds

    Nodes    |    Current Node    |     Objective Bounds      |     Work
 Expl Unexpl |  Obj  Depth IntInf | Incumbent    BestBd   Gap | It/Node Time

     0     0 -2733.2976    0  361 -2174.2000 -2733.2976  25.7%     -    0s
     0     0 -2522.3463    0  242 -2174.2000 -2522.3463  16.0%     -    0s
H    0     0                    -2273.200000 -2522.3463  11.0%     -    0s
H    0     0                    -2318.200000 -2522.3463  8.81%     -    0s
     0     0 -2522.3463    0  244 -2318.2000 -2522.3463  8.81%     -    0s
     0     0 -2336.2000    0   64 -2318.2000 -2336.2000  0.78%     -    0s

Cutting planes:
  Gomory: 22
  Cover: 178

Explored 0 nodes (9377 simplex iterations) in 0.64 seconds
Thread count was 16 (of 16 available processors)

Optimal solution found (tolerance 1.00e-02)
Best objective -2.318200000000e+03, best bound -2.336200000000e+03, gap 0.7765%
Changed value of parameter MIPGap to 0.01
   Prev: 0.0001  Min: 0.0  Max: 1e+100  Default: 0.0001
Changed value of parameter TimeLimit to 1800.0
   Prev: 1e+100  Min: 0.0  Max: 1e+100  Default: 1e+100
Changed value of parameter Method to 2
   Prev: -1  Min: -1  Max: 4  Default: -1
Changed value of parameter MIPFocus to 1
   Prev: 0  Min: 0  Max: 3  Default: 0
Optimize a model with 2492 rows, 7672 columns and 15344 nonzeros
Coefficient statistics:
  Matrix range    [1e+00, 4e+01]
  Objective range [2e+00, 1e+01]
  Bounds range    [1e+00, 1e+00]
  RHS range       [8e+01, 8e+01]
Found heuristic solution: objective 0
Presolve removed 376 rows and 1444 columns
Presolve time: 0.05s
Presolved: 2116 rows, 6228 columns, 12456 nonzeros
Found heuristic solution: objective -2507.000000
Variable types: 0 continuous, 6228 integer (6228 binary)
Optimize a model with 2116 rows, 6228 columns and 12456 nonzeros
Coefficient statistics:
  Matrix range    [1e+00, 4e+01]
  Objective range [2e+00, 1e+01]
  Bounds range    [1e+00, 1e+00]
  RHS range       [1e+00, 8e+01]
Presolved: 2116 rows, 6228 columns, 12456 nonzeros

Root barrier log...

Ordering time: 0.00s

Barrier statistics:
 AA' NZ     : 6.228e+03
 Factor NZ  : 3.354e+04 (roughly 4 MBytes of memory)
 Factor Ops : 2.033e+06 (less than 1 second per iteration)
 Threads    : 1

                  Objective                Residual
Iter       Primal          Dual         Primal    Dual     Compl     Time
   0  -1.88724439e+04 -2.94800580e+04  3.60e+01 7.54e-01  1.44e+01     0s
   1  -5.69395228e+03 -2.21007126e+04  5.66e+00 5.33e-15  2.84e+00     0s
   2  -3.18694066e+03 -7.59856446e+03  3.21e-01 3.55e-15  3.80e-01     0s
   3  -3.15568539e+03 -3.60834323e+03  6.73e-02 3.55e-15  3.87e-02     0s
   4  -3.18502600e+03 -3.21377700e+03  5.54e-03 5.33e-15  2.50e-03     0s
   5  -3.19032400e+03 -3.19056188e+03  9.91e-06 3.55e-15  1.88e-05     0s
   6  -3.19034146e+03 -3.19034146e+03  1.17e-11 3.55e-15  2.46e-11     0s

Barrier solved model in 6 iterations and 0.10 seconds
Optimal objective -3.19034146e+03


Root relaxation: objective -3.190341e+03, 4897 iterations, 0.09 seconds

    Nodes    |    Current Node    |     Objective Bounds      |     Work
 Expl Unexpl |  Obj  Depth IntInf | Incumbent    BestBd   Gap | It/Node Time

     0     0 -3190.3415    0  425 -2507.0000 -3190.3415  27.3%     -    0s
     0     0 -2848.8049    0  193 -2507.0000 -2848.8049  13.6%     -    0s
H    0     0                    -2661.000000 -2848.8049  7.06%     -    0s
H    0     0                    -2683.000000 -2848.8049  6.18%     -    0s
     0     0 -2848.8049    0  195 -2683.0000 -2848.8049  6.18%     -    0s
     0     0 -2705.0000    0   26 -2683.0000 -2705.0000  0.82%     -    0s

Cutting planes:
  Gomory: 12
  Cover: 178

Explored 0 nodes (7863 simplex iterations) in 0.66 seconds
Thread count was 16 (of 16 available processors)

Optimal solution found (tolerance 1.00e-02)
Best objective -2.683000000000e+03, best bound -2.705000000000e+03, gap 0.8200%
Changed value of parameter MIPGap to 0.01
   Prev: 0.0001  Min: 0.0  Max: 1e+100  Default: 0.0001
Changed value of parameter TimeLimit to 1800.0
   Prev: 1e+100  Min: 0.0  Max: 1e+100  Default: 1e+100
Changed value of parameter Method to 2
   Prev: -1  Min: -1  Max: 4  Default: -1
Changed value of parameter MIPFocus to 1
   Prev: 0  Min: 0  Max: 3  Default: 0
Optimize a model with 2492 rows, 7672 columns and 15344 nonzeros
Coefficient statistics:
  Matrix range    [1e+00, 4e+01]
  Objective range [2e+00, 2e+01]
  Bounds range    [1e+00, 1e+00]
  RHS range       [8e+01, 8e+01]
Found heuristic solution: objective 0
Presolve removed 376 rows and 1444 columns
Presolve time: 0.05s
Presolved: 2116 rows, 6228 columns, 12456 nonzeros
Found heuristic solution: objective -4171.000000
Variable types: 0 continuous, 6228 integer (6228 binary)
Optimize a model with 2116 rows, 6228 columns and 12456 nonzeros
Coefficient statistics:
  Matrix range    [1e+00, 4e+01]
  Objective range [2e+00, 2e+01]
  Bounds range    [1e+00, 1e+00]
  RHS range       [1e+00, 8e+01]
Presolved: 2116 rows, 6228 columns, 12456 nonzeros

Root barrier log...

Ordering time: 0.00s

Barrier statistics:
 AA' NZ     : 6.228e+03
 Factor NZ  : 3.354e+04 (roughly 4 MBytes of memory)
 Factor Ops : 2.033e+06 (less than 1 second per iteration)
 Threads    : 1

                  Objective                Residual
Iter       Primal          Dual         Primal    Dual     Compl     Time
   0  -3.28458545e+04 -5.60649694e+04  3.60e+01 1.44e+00  2.78e+01     0s
   1  -9.82269682e+03 -4.18920642e+04  5.59e+00 1.07e-14  5.43e+00     0s
   2  -5.50060256e+03 -1.39454856e+04  3.11e-01 7.11e-15  7.23e-01     0s
   3  -5.43992170e+03 -6.39561988e+03  6.30e-02 2.84e-14  7.99e-02     0s
   4  -5.46375422e+03 -5.51659570e+03  4.82e-03 7.11e-15  4.49e-03     0s
   5  -5.47542760e+03 -5.47652888e+03  3.69e-05 7.11e-15  8.80e-05     0s
   6  -5.47556097e+03 -5.47556098e+03  1.94e-10 7.11e-15  5.02e-10     0s

Barrier solved model in 6 iterations and 0.10 seconds
Optimal objective -5.47556097e+03


Root relaxation: objective -5.475561e+03, 4911 iterations, 0.09 seconds

    Nodes    |    Current Node    |     Objective Bounds      |     Work
 Expl Unexpl |  Obj  Depth IntInf | Incumbent    BestBd   Gap | It/Node Time

     0     0 -5475.5610    0  371 -4171.0000 -5475.5610  31.3%     -    0s
H    0     0                    -4423.000000 -5475.5610  23.8%     -    0s
H    0     0                    -4465.000000 -5475.5610  22.6%     -    0s
     0     0 -4833.5244    0  156 -4465.0000 -4833.5244  8.25%     -    0s
H    0     0                    -4486.000000 -4833.5244  7.75%     -    0s
H    0     0                    -4507.000000 -4833.5244  7.24%     -    0s
     0     0 -4549.0000    0  104 -4507.0000 -4549.0000  0.93%     -    0s

Cutting planes:
  Gomory: 10
  Cover: 175

Explored 0 nodes (9225 simplex iterations) in 0.66 seconds
Thread count was 16 (of 16 available processors)

Optimal solution found (tolerance 1.00e-02)
Best objective -4.507000000000e+03, best bound -4.549000000000e+03, gap 0.9319%
Changed value of parameter MIPGap to 0.01
   Prev: 0.0001  Min: 0.0  Max: 1e+100  Default: 0.0001
Changed value of parameter TimeLimit to 1800.0
   Prev: 1e+100  Min: 0.0  Max: 1e+100  Default: 1e+100
Changed value of parameter Method to 2
   Prev: -1  Min: -1  Max: 4  Default: -1
Changed value of parameter MIPFocus to 1
   Prev: 0  Min: 0  Max: 3  Default: 0
Optimize a model with 2492 rows, 7672 columns and 15344 nonzeros
Coefficient statistics:
  Matrix range    [1e+00, 4e+01]
  Objective range [3e+00, 4e+01]
  Bounds range    [1e+00, 1e+00]
  RHS range       [8e+01, 8e+01]
Found heuristic solution: objective 0
Presolve removed 376 rows and 1444 columns
Presolve time: 0.05s
Presolved: 2116 rows, 6228 columns, 12456 nonzeros
Found heuristic solution: objective -7499.000000
Variable types: 0 continuous, 6228 integer (6228 binary)
Optimize a model with 2116 rows, 6228 columns and 12456 nonzeros
Coefficient statistics:
  Matrix range    [1e+00, 4e+01]
  Objective range [3e+00, 4e+01]
  Bounds range    [1e+00, 1e+00]
  RHS range       [1e+00, 8e+01]
Presolved: 2116 rows, 6228 columns, 12456 nonzeros

Root barrier log...

Ordering time: 0.00s

Barrier statistics:
 AA' NZ     : 6.228e+03
 Factor NZ  : 3.354e+04 (roughly 4 MBytes of memory)
 Factor Ops : 2.033e+06 (less than 1 second per iteration)
 Threads    : 1

                  Objective                Residual
Iter       Primal          Dual         Primal    Dual     Compl     Time
   0  -6.07925832e+04 -1.09234792e+05  3.60e+01 2.83e+00  5.44e+01     0s
   1  -1.81027140e+04 -8.14667848e+04  5.55e+00 1.95e-14  1.06e+01     0s
   2  -1.01475441e+04 -2.66452355e+04  3.04e-01 1.42e-14  1.41e+00     0s
   3  -1.00282979e+04 -1.19934230e+04  6.28e-02 1.42e-14  1.63e-01     0s
   4  -1.00360470e+04 -1.00920693e+04  3.86e-03 1.42e-14  4.95e-03     0s
   5  -1.00459907e+04 -1.00460824e+04  3.75e-06 2.84e-14  7.70e-06     0s
   6  -1.00460000e+04 -1.00460000e+04  3.98e-12 2.84e-14  8.18e-12     0s

Barrier solved model in 6 iterations and 0.10 seconds
Optimal objective -1.00460000e+04


Root relaxation: objective -1.004600e+04, 5149 iterations, 0.10 seconds

    Nodes    |    Current Node    |     Objective Bounds      |     Work
 Expl Unexpl |  Obj  Depth IntInf | Incumbent    BestBd   Gap | It/Node Time

     0     0 -10046.000    0  356 -7499.0000 -10046.000  34.0%     -    0s
H    0     0                    -7540.000000 -10046.000  33.2%     -    0s
     0     0 -8675.5000    0  158 -7540.0000 -8675.5000  15.1%     -    0s
H    0     0                    -8155.000000 -8675.5000  6.38%     -    0s
H    0     0                    -8196.000000 -8675.5000  5.85%     -    0s
     0     0 -8674.7500    0  158 -8196.0000 -8674.7500  5.84%     -    0s
     0     0 -8237.0000    0   24 -8196.0000 -8237.0000  0.50%     -    0s

Cutting planes:
  Gomory: 15
  Cover: 175

Explored 0 nodes (10448 simplex iterations) in 0.82 seconds
Thread count was 16 (of 16 available processors)

Optimal solution found (tolerance 1.00e-02)
Best objective -8.196000000000e+03, best bound -8.237000000000e+03, gap 0.5002%
Changed value of parameter MIPGap to 0.01
   Prev: 0.0001  Min: 0.0  Max: 1e+100  Default: 0.0001
Changed value of parameter TimeLimit to 1800.0
   Prev: 1e+100  Min: 0.0  Max: 1e+100  Default: 1e+100
Changed value of parameter Method to 2
   Prev: -1  Min: -1  Max: 4  Default: -1
Changed value of parameter MIPFocus to 1
   Prev: 0  Min: 0  Max: 3  Default: 0
Optimize a model with 2492 rows, 7672 columns and 15344 nonzeros
Coefficient statistics:
  Matrix range    [1e+00, 4e+01]
  Objective range [5e+00, 8e+01]
  Bounds range    [1e+00, 1e+00]
  RHS range       [8e+01, 8e+01]
Found heuristic solution: objective 0
Presolve removed 376 rows and 1444 columns
Presolve time: 0.05s
Presolved: 2116 rows, 6228 columns, 12456 nonzeros
Found heuristic solution: objective -14155.00000
Variable types: 0 continuous, 6228 integer (6228 binary)
Optimize a model with 2116 rows, 6228 columns and 12456 nonzeros
Coefficient statistics:
  Matrix range    [1e+00, 4e+01]
  Objective range [5e+00, 8e+01]
  Bounds range    [1e+00, 1e+00]
  RHS range       [1e+00, 8e+01]
Presolved: 2116 rows, 6228 columns, 12456 nonzeros

Root barrier log...

Ordering time: 0.00s

Barrier statistics:
 AA' NZ     : 6.228e+03
 Factor NZ  : 3.354e+04 (roughly 4 MBytes of memory)
 Factor Ops : 2.033e+06 (less than 1 second per iteration)
 Threads    : 1

                  Objective                Residual
Iter       Primal          Dual         Primal    Dual     Compl     Time
   0  -1.16685991e+05 -2.15574438e+05  3.60e+01 5.59e+00  1.08e+02     0s
   1  -3.46785431e+04 -1.60620003e+05  5.52e+00 3.55e-14  2.09e+01     0s
   2  -1.94540447e+04 -5.20454040e+04  3.01e-01 2.84e-14  2.77e+00     0s
   3  -1.92288630e+04 -2.32363828e+04  6.16e-02 2.84e-14  3.31e-01     0s
   4  -1.92610531e+04 -2.00004109e+04  1.60e-03 2.84e-14  5.74e-02     0s
   5  -1.93397195e+04 -1.96773355e+04  9.07e-04 2.84e-14  2.63e-02     0s
   6  -1.94281673e+04 -1.95533465e+04  3.49e-04 2.84e-14  9.76e-03     0s
   7  -1.94758242e+04 -1.94952973e+04  8.43e-05 2.84e-14  1.53e-03     0s
   8  -1.94923524e+04 -1.94924262e+04  1.70e-13 2.84e-14  5.67e-06     0s
   9  -1.94923740e+04 -1.94923740e+04  5.64e-14 2.84e-14  5.67e-09     0s

Barrier solved model in 9 iterations and 0.12 seconds
Optimal objective -1.94923740e+04


Root relaxation: objective -1.949237e+04, 3536 iterations, 0.09 seconds

    Nodes    |    Current Node    |     Objective Bounds      |     Work
 Expl Unexpl |  Obj  Depth IntInf | Incumbent    BestBd   Gap | It/Node Time

     0     0 -19492.374    0  404 -14155.000 -19492.374  37.7%     -    0s
     0     0 -15651.524    0   85 -14155.000 -15651.524  10.6%     -    0s
H    0     0                    -15451.00000 -15651.524  1.30%     -    0s
H    0     0                    -15532.00000 -15651.524  0.77%     -    0s

Cutting planes:
  Cover: 173

Explored 0 nodes (8263 simplex iterations) in 0.59 seconds
Thread count was 16 (of 16 available processors)

Optimal solution found (tolerance 1.00e-02)
Best objective -1.553200000000e+04, best bound -1.565100000000e+04, gap 0.7662%
Changed value of parameter MIPGap to 0.01
   Prev: 0.0001  Min: 0.0  Max: 1e+100  Default: 0.0001
Changed value of parameter TimeLimit to 1800.0
   Prev: 1e+100  Min: 0.0  Max: 1e+100  Default: 1e+100
Changed value of parameter Method to 2
   Prev: -1  Min: -1  Max: 4  Default: -1
Changed value of parameter MIPFocus to 1
   Prev: 0  Min: 0  Max: 3  Default: 0
Optimize a model with 2492 rows, 7672 columns and 15344 nonzeros
Coefficient statistics:
  Matrix range    [1e+00, 4e+01]
  Objective range [6e+00, 1e+02]
  Bounds range    [1e+00, 1e+00]
  RHS range       [8e+01, 8e+01]
Found heuristic solution: objective 0
Presolve removed 376 rows and 1444 columns
Presolve time: 0.05s
Presolved: 2116 rows, 6228 columns, 12456 nonzeros
Found heuristic solution: objective -17483.00000
Variable types: 0 continuous, 6228 integer (6228 binary)
Optimize a model with 2116 rows, 6228 columns and 12456 nonzeros
Coefficient statistics:
  Matrix range    [1e+00, 4e+01]
  Objective range [6e+00, 1e+02]
  Bounds range    [1e+00, 1e+00]
  RHS range       [1e+00, 8e+01]
Presolved: 2116 rows, 6228 columns, 12456 nonzeros

Root barrier log...

Ordering time: 0.00s

Barrier statistics:
 AA' NZ     : 6.228e+03
 Factor NZ  : 3.354e+04 (roughly 4 MBytes of memory)
 Factor Ops : 2.033e+06 (less than 1 second per iteration)
 Threads    : 1

                  Objective                Residual
Iter       Primal          Dual         Primal    Dual     Compl     Time
   0  -1.44632690e+05 -2.68744261e+05  3.60e+01 6.97e+00  1.34e+02     0s
   1  -4.29682144e+04 -2.00197045e+05  5.52e+00 4.97e-14  2.61e+01     0s
   2  -2.41087208e+04 -6.47456308e+04  3.00e-01 4.26e-14  3.46e+00     0s
   3  -2.38323429e+04 -2.88603066e+04  6.13e-02 2.84e-14  4.15e-01     0s
   4  -2.39159644e+04 -2.48948263e+04  6.07e-03 2.84e-14  7.76e-02     0s
   5  -2.40245421e+04 -2.44969284e+04  3.41e-03 2.84e-14  3.76e-02     0s
   6  -2.41086871e+04 -2.43274894e+04  1.74e-03 2.84e-14  1.75e-02     0s
   7  -2.42046908e+04 -2.42200535e+04  1.69e-04 2.84e-14  1.25e-03     0s
   8  -2.42155440e+04 -2.42155916e+04  6.38e-13 2.84e-14  3.65e-06     0s
   9  -2.42155610e+04 -2.42155610e+04  5.26e-14 2.84e-14  3.65e-09     0s

Barrier solved model in 9 iterations and 0.12 seconds
Optimal objective -2.42155610e+04


Root relaxation: objective -2.421556e+04, 3534 iterations, 0.09 seconds

    Nodes    |    Current Node    |     Objective Bounds      |     Work
 Expl Unexpl |  Obj  Depth IntInf | Incumbent    BestBd   Gap | It/Node Time

     0     0 -24215.561    0  436 -17483.000 -24215.561  38.5%     -    0s
     0     0 -19301.000    0   82 -17483.000 -19301.000  10.4%     -    0s
H    0     0                    -19099.00000 -19301.000  1.06%     -    0s
H    0     0                    -19301.00000 -19301.000  0.00%     -    0s

Cutting planes:
  Cover: 174

Explored 0 nodes (7752 simplex iterations) in 0.57 seconds
Thread count was 16 (of 16 available processors)

Optimal solution found (tolerance 1.00e-02)
Best objective -1.930100000000e+04, best bound -1.930100000000e+04, gap 0.0%
Changed value of parameter MIPGap to 0.01
   Prev: 0.0001  Min: 0.0  Max: 1e+100  Default: 0.0001
Changed value of parameter TimeLimit to 1800.0
   Prev: 1e+100  Min: 0.0  Max: 1e+100  Default: 1e+100
Changed value of parameter Method to 2
   Prev: -1  Min: -1  Max: 4  Default: -1
Changed value of parameter MIPFocus to 1
   Prev: 0  Min: 0  Max: 3  Default: 0
Optimize a model with 2492 rows, 7672 columns and 15344 nonzeros
Coefficient statistics:
  Matrix range    [1e+00, 4e+01]
  Objective range [1e+01, 2e+02]
  Bounds range    [1e+00, 1e+00]
  RHS range       [8e+01, 8e+01]
Found heuristic solution: objective 0
Presolve removed 376 rows and 1444 columns
Presolve time: 0.05s
Presolved: 2116 rows, 6228 columns, 12456 nonzeros
Found heuristic solution: objective -34123.00000
Variable types: 0 continuous, 6228 integer (6228 binary)
Optimize a model with 2116 rows, 6228 columns and 12456 nonzeros
Coefficient statistics:
  Matrix range    [1e+00, 4e+01]
  Objective range [1e+01, 2e+02]
  Bounds range    [1e+00, 1e+00]
  RHS range       [1e+00, 8e+01]
Presolved: 2116 rows, 6228 columns, 12456 nonzeros

Root barrier log...

Ordering time: 0.00s

Barrier statistics:
 AA' NZ     : 6.228e+03
 Factor NZ  : 3.354e+04 (roughly 4 MBytes of memory)
 Factor Ops : 2.033e+06 (less than 1 second per iteration)
 Threads    : 1

                  Objective                Residual
Iter       Primal          Dual         Primal    Dual     Compl     Time
   0  -2.84366173e+05 -5.34593375e+05  3.60e+01 1.39e+01  2.67e+02     0s
   1  -8.44202682e+04 -3.98083135e+05  5.51e+00 8.53e-14  5.19e+01     0s
   2  -4.73851245e+04 -1.28247112e+05  2.99e-01 7.82e-14  6.87e+00     0s
   3  -4.68571869e+04 -5.70118470e+04  6.07e-02 1.14e-13  8.37e-01     0s
   4  -4.70536607e+04 -4.93784716e+04  1.72e-03 3.69e-13  1.80e-01     0s
   5  -4.74475830e+04 -4.85317163e+04  8.79e-04 1.42e-13  8.41e-02     0s
   6  -4.76168063e+04 -4.79045624e+04  4.49e-04 5.68e-14  2.25e-02     0s
   7  -4.78305666e+04 -4.78359443e+04  2.53e-13 5.68e-14  4.13e-04     0s
   8  -4.78314950e+04 -4.78315004e+04  2.19e-14 5.68e-14  4.13e-07     0s
   9  -4.78314959e+04 -4.78314959e+04  3.09e-14 5.68e-14  4.13e-10     0s

Barrier solved model in 9 iterations and 0.12 seconds
Optimal objective -4.78314959e+04


Root relaxation: objective -4.783150e+04, 3532 iterations, 0.09 seconds

    Nodes    |    Current Node    |     Objective Bounds      |     Work
 Expl Unexpl |  Obj  Depth IntInf | Incumbent    BestBd   Gap | It/Node Time

     0     0 -47831.496    0  441 -34123.000 -47831.496  40.2%     -    0s
     0     0 -37836.598    0  119 -34123.000 -37836.598  10.9%     -    0s
H    0     0                    -37540.00000 -37836.598  0.79%     -    0s

Cutting planes:
  Cover: 175

Explored 0 nodes (7923 simplex iterations) in 0.56 seconds
Thread count was 16 (of 16 available processors)

Optimal solution found (tolerance 1.00e-02)
Best objective -3.754000000000e+04, best bound -3.783600000000e+04, gap 0.7885%
Changed value of parameter MIPGap to 0.01
   Prev: 0.0001  Min: 0.0  Max: 1e+100  Default: 0.0001
Changed value of parameter TimeLimit to 1800.0
   Prev: 1e+100  Min: 0.0  Max: 1e+100  Default: 1e+100
Changed value of parameter Method to 2
   Prev: -1  Min: -1  Max: 4  Default: -1
Changed value of parameter MIPFocus to 1
   Prev: 0  Min: 0  Max: 3  Default: 0
Optimize a model with 2492 rows, 7672 columns and 15344 nonzeros
Coefficient statistics:
  Matrix range    [1e+00, 4e+01]
  Objective range [2e+01, 4e+02]
  Bounds range    [1e+00, 1e+00]
  RHS range       [8e+01, 8e+01]
Found heuristic solution: objective 0
Presolve removed 376 rows and 1444 columns
Presolve time: 0.05s
Presolved: 2116 rows, 6228 columns, 12456 nonzeros
Found heuristic solution: objective -67403.00000
Variable types: 0 continuous, 6228 integer (6228 binary)
Optimize a model with 2116 rows, 6228 columns and 12456 nonzeros
Coefficient statistics:
  Matrix range    [1e+00, 4e+01]
  Objective range [2e+01, 4e+02]
  Bounds range    [1e+00, 1e+00]
  RHS range       [1e+00, 8e+01]
Presolved: 2116 rows, 6228 columns, 12456 nonzeros

Root barrier log...

Ordering time: 0.00s

Barrier statistics:
 AA' NZ     : 6.228e+03
 Factor NZ  : 3.354e+04 (roughly 4 MBytes of memory)
 Factor Ops : 2.033e+06 (less than 1 second per iteration)
 Threads    : 1

                  Objective                Residual
Iter       Primal          Dual         Primal    Dual     Compl     Time
   0  -5.63833128e+05 -1.06629160e+06  3.60e+01 2.77e+01  5.34e+02     0s
   1  -1.67328167e+05 -7.93856203e+05  5.50e+00 1.99e-13  1.03e+02     0s
   2  -9.39410653e+04 -2.55250611e+05  2.98e-01 1.71e-13  1.37e+01     0s
   3  -9.29149373e+04 -1.13336774e+05  6.03e-02 1.14e-13  1.68e+00     0s
   4  -9.34465527e+04 -9.83707512e+04  4.96e-04 3.41e-13  3.79e-01     0s
   5  -9.41754999e+04 -9.65869520e+04  2.43e-04 1.14e-13  1.86e-01     0s
   6  -9.45648378e+04 -9.52308062e+04  1.24e-04 1.14e-13  5.14e-02     0s
   7  -9.50612868e+04 -9.50736168e+04  1.87e-13 1.14e-13  9.46e-04     0s
   8  -9.50633638e+04 -9.50633761e+04  1.57e-14 1.14e-13  9.46e-07     0s
   9  -9.50633659e+04 -9.50633659e+04  1.47e-14 1.14e-13  9.46e-10     0s

Barrier solved model in 9 iterations and 0.12 seconds
Optimal objective -9.50633659e+04


Root relaxation: objective -9.506337e+04, 3536 iterations, 0.09 seconds

    Nodes    |    Current Node    |     Objective Bounds      |     Work
 Expl Unexpl |  Obj  Depth IntInf | Incumbent    BestBd   Gap | It/Node Time

     0     0 -95063.366    0  407 -67403.000 -95063.366  41.0%     -    0s
     0     0 -74811.720    0   71 -67403.000 -74811.720  11.0%     -    0s
H    0     0                    -73418.00000 -74811.720  1.90%     -    0s
H    0     0                    -74621.00000 -74811.720  0.26%     -    0s

Cutting planes:
  Cover: 173

Explored 0 nodes (7826 simplex iterations) in 0.44 seconds
Thread count was 16 (of 16 available processors)

Optimal solution found (tolerance 1.00e-02)
Best objective -7.462100000000e+04, best bound -7.481100000000e+04, gap 0.2546%
Changed value of parameter MIPGap to 0.01
   Prev: 0.0001  Min: 0.0  Max: 1e+100  Default: 0.0001
Changed value of parameter TimeLimit to 1800.0
   Prev: 1e+100  Min: 0.0  Max: 1e+100  Default: 1e+100
Changed value of parameter Method to 2
   Prev: -1  Min: -1  Max: 4  Default: -1
Changed value of parameter MIPFocus to 1
   Prev: 0  Min: 0  Max: 3  Default: 0
Optimize a model with 2492 rows, 7672 columns and 15344 nonzeros
Coefficient statistics:
  Matrix range    [1e+00, 4e+01]
  Objective range [5e+01, 1e+03]
  Bounds range    [1e+00, 1e+00]
  RHS range       [8e+01, 8e+01]
Found heuristic solution: objective 0
Presolve removed 376 rows and 1444 columns
Presolve time: 0.05s
Presolved: 2116 rows, 6228 columns, 12456 nonzeros
Found heuristic solution: objective -167243.0000
Variable types: 0 continuous, 6228 integer (6228 binary)
Optimize a model with 2116 rows, 6228 columns and 12456 nonzeros
Coefficient statistics:
  Matrix range    [1e+00, 4e+01]
  Objective range [5e+01, 1e+03]
  Bounds range    [1e+00, 1e+00]
  RHS range       [1e+00, 8e+01]
Presolved: 2116 rows, 6228 columns, 12456 nonzeros

Root barrier log...

Ordering time: 0.00s

Barrier statistics:
 AA' NZ     : 6.228e+03
 Factor NZ  : 3.354e+04 (roughly 4 MBytes of memory)
 Factor Ops : 2.033e+06 (less than 1 second per iteration)
 Threads    : 1

                  Objective                Residual
Iter       Primal          Dual         Primal    Dual     Compl     Time
   0  -1.40223399e+06 -2.66138629e+06  3.60e+01 6.92e+01  1.33e+03     0s
   1  -4.16054968e+05 -1.98117613e+06  5.50e+00 5.12e-13  2.58e+02     0s
   2  -2.33611465e+05 -6.36261428e+05  2.97e-01 4.55e-13  3.42e+01     0s
   3  -2.31095252e+05 -2.82310059e+05  6.01e-02 2.27e-13  4.22e+00     0s
   4  -2.33140258e+05 -2.45288828e+05  4.13e-04 2.27e-13  9.35e-01     0s
   5  -2.34695169e+05 -2.40816701e+05  2.06e-04 2.27e-13  4.71e-01     0s
   6  -2.35739780e+05 -2.37133967e+05  8.85e-05 2.27e-13  1.08e-01     0s
   7  -2.36753860e+05 -2.36771213e+05  3.37e-08 2.27e-13  1.33e-03     0s
   8  -2.36758970e+05 -2.36758988e+05  4.79e-13 2.27e-13  1.34e-06     0s
   9  -2.36758976e+05 -2.36758976e+05  5.06e-13 2.27e-13  1.34e-09     0s

Barrier solved model in 9 iterations and 0.12 seconds
Optimal objective -2.36758976e+05


Root relaxation: objective -2.367590e+05, 3534 iterations, 0.09 seconds

    Nodes    |    Current Node    |     Objective Bounds      |     Work
 Expl Unexpl |  Obj  Depth IntInf | Incumbent    BestBd   Gap | It/Node Time

     0     0 -236758.98    0  386 -167243.00 -236758.98  41.6%     -    0s
     0     0 -185737.09    0  127 -167243.00 -185737.09  11.1%     -    0s
H    0     0                    -184260.0000 -185737.09  0.80%     -    0s

Cutting planes:
  Cover: 173

Explored 0 nodes (8170 simplex iterations) in 0.49 seconds
Thread count was 16 (of 16 available processors)

Optimal solution found (tolerance 1.00e-02)
Best objective -1.842600000000e+05, best bound -1.857370000000e+05, gap 0.8016%
Changed value of parameter MIPGap to 0.01
   Prev: 0.0001  Min: 0.0  Max: 1e+100  Default: 0.0001
Changed value of parameter TimeLimit to 1800.0
   Prev: 1e+100  Min: 0.0  Max: 1e+100  Default: 1e+100
Changed value of parameter Method to 2
   Prev: -1  Min: -1  Max: 4  Default: -1
Changed value of parameter MIPFocus to 1
   Prev: 0  Min: 0  Max: 3  Default: 0
Optimize a model with 2492 rows, 7672 columns and 15344 nonzeros
Coefficient statistics:
  Matrix range    [1e+00, 4e+01]
  Objective range [5e+02, 1e+04]
  Bounds range    [1e+00, 1e+00]
  RHS range       [8e+01, 8e+01]
Found heuristic solution: objective 0
Presolve removed 376 rows and 1444 columns
Presolve time: 0.05s
Presolved: 2116 rows, 6228 columns, 12456 nonzeros
Found heuristic solution: objective -1664843.000
Variable types: 0 continuous, 6228 integer (6228 binary)
Optimize a model with 2116 rows, 6228 columns and 12456 nonzeros
Coefficient statistics:
  Matrix range    [1e+00, 4e+01]
  Objective range [5e+02, 1e+04]
  Bounds range    [1e+00, 1e+00]
  RHS range       [1e+00, 8e+01]
Presolved: 2116 rows, 6228 columns, 12456 nonzeros

Root barrier log...

Ordering time: 0.00s

Barrier statistics:
 AA' NZ     : 6.228e+03
 Factor NZ  : 3.354e+04 (roughly 4 MBytes of memory)
 Factor Ops : 2.033e+06 (less than 1 second per iteration)
 Threads    : 1

                  Objective                Residual
Iter       Primal          Dual         Primal    Dual     Compl     Time
   0  -1.39782468e+07 -2.65878066e+07  3.60e+01 6.91e+02  1.33e+04     0s
   1  -4.14696829e+06 -1.97909775e+07  5.50e+00 4.09e-12  2.58e+03     0s
   2  -2.32867689e+06 -6.35142495e+06  2.97e-01 3.64e-12  3.42e+02     0s
   3  -2.30382563e+06 -2.81690492e+06  6.00e-02 3.64e-12  4.22e+01     0s
   4  -2.32604586e+06 -2.44897128e+06  4.31e-04 3.27e-11  9.46e+00     0s
   5  -2.34059179e+06 -2.40373771e+06  2.29e-04 1.27e-11  4.86e+00     0s
   6  -2.35306266e+06 -2.36745979e+06  8.05e-05 3.64e-12  1.11e+00     0s
   7  -2.36215170e+06 -2.36230268e+06  6.43e-14 3.64e-12  1.16e-02     0s
   8  -2.36219308e+06 -2.36219323e+06  1.13e-13 3.64e-12  1.16e-05     0s
   9  -2.36219312e+06 -2.36219312e+06  1.75e-13 3.64e-12  1.16e-08     0s
  10  -2.36219312e+06 -2.36219312e+06  8.10e-14 3.64e-12  1.37e-13     0s

Barrier solved model in 10 iterations and 0.12 seconds
Optimal objective -2.36219312e+06


Root relaxation: objective -2.362193e+06, 3534 iterations, 0.10 seconds

    Nodes    |    Current Node    |     Objective Bounds      |     Work
 Expl Unexpl |  Obj  Depth IntInf | Incumbent    BestBd   Gap | It/Node Time

     0     0 -2362193.1    0  393 -1664843.0 -2362193.1  41.9%     -    0s
     0     0 -1849617.6    0   97 -1664843.0 -1849617.6  11.1%     -    0s
H    0     0                    -1824859.000 -1849617.6  1.36%     -    0s
H    0     0                    -1844861.000 -1849617.6  0.26%     -    0s

Cutting planes:
  Cover: 173

Explored 0 nodes (8055 simplex iterations) in 0.50 seconds
Thread count was 16 (of 16 available processors)

Optimal solution found (tolerance 1.00e-02)
Best objective -1.844861000000e+06, best bound -1.849617000000e+06, gap 0.2578%
