Changed value of parameter MIPGap to 0.01
   Prev: 0.0001  Min: 0.0  Max: 1e+100  Default: 0.0001
Changed value of parameter TimeLimit to 1800.0
   Prev: 1e+100  Min: 0.0  Max: 1e+100  Default: 1e+100
Changed value of parameter Method to 2
   Prev: -1  Min: -1  Max: 4  Default: -1
Changed value of parameter MIPFocus to 1
   Prev: 0  Min: 0  Max: 3  Default: 0
Optimize a model with 2120 rows, 3030 columns and 6060 nonzeros
Coefficient statistics:
  Matrix range    [1e+00, 2e+01]
  Objective range [1e+00, 1e+00]
  Bounds range    [1e+00, 1e+00]
  RHS range       [8e+01, 8e+01]
Found heuristic solution: objective 0
Presolve removed 2056 rows and 2339 columns
Presolve time: 0.01s
Presolved: 64 rows, 691 columns, 1225 nonzeros
Found heuristic solution: objective -771.0000000
Variable types: 0 continuous, 691 integer (592 binary)
Optimize a model with 64 rows, 691 columns and 1225 nonzeros
Coefficient statistics:
  Matrix range    [1e+00, 2e+01]
  Objective range [1e+00, 1e+00]
  Bounds range    [1e+00, 8e+00]
  RHS range       [1e+01, 8e+01]
Presolved: 64 rows, 691 columns, 1225 nonzeros

Root barrier log...

Ordering time: 0.00s

Barrier statistics:
 AA' NZ     : 5.120e+02
 Factor NZ  : 1.702e+03
 Factor Ops : 6.010e+04 (less than 1 second per iteration)
 Threads    : 1

                  Objective                Residual
Iter       Primal          Dual         Primal    Dual     Compl     Time
   0  -2.41304796e+03 -3.38835218e+03  1.62e+01 8.88e-16  6.53e+00     0s
   1  -8.59465182e+02 -2.12153010e+03  1.08e+00 9.57e-01  1.24e+00     0s
   2  -8.03102949e+02 -1.07310535e+03  0.00e+00 1.26e-01  1.91e-01     0s
   3  -8.85073626e+02 -9.18107556e+02  0.00e+00 4.61e-03  2.30e-02     0s
   4  -8.96575022e+02 -9.05848821e+02  0.00e+00 7.93e-04  6.43e-03     0s
   5  -9.00103554e+02 -9.03307128e+02  0.00e+00 2.35e-04  2.22e-03     0s
   6  -9.01782815e+02 -9.02412369e+02  0.00e+00 6.42e-05  4.37e-04     0s
   7  -9.02022866e+02 -9.02160969e+02  0.00e+00 1.98e-05  9.58e-05     0s
   8  -9.02042176e+02 -9.02043610e+02  0.00e+00 3.55e-15  9.92e-07     0s
   9  -9.02042856e+02 -9.02042858e+02  0.00e+00 3.55e-15  9.92e-10     0s

Barrier solved model in 9 iterations and 0.02 seconds
Optimal objective -9.02042856e+02


Root relaxation: objective -9.020429e+02, 38 iterations, 0.01 seconds

    Nodes    |    Current Node    |     Objective Bounds      |     Work
 Expl Unexpl |  Obj  Depth IntInf | Incumbent    BestBd   Gap | It/Node Time

     0     0 -902.04286    0   40 -771.00000 -902.04286  17.0%     -    0s
H    0     0                    -886.0000000 -902.04286  1.81%     -    0s
H    0     0                    -888.0000000 -902.04286  1.58%     -    0s
     0     0 -893.97631    0   40 -888.00000 -893.97631  0.67%     -    0s

Cutting planes:
  Gomory: 4
  MIR: 39

Explored 0 nodes (141 simplex iterations) in 0.05 seconds
Thread count was 16 (of 16 available processors)

Optimal solution found (tolerance 1.00e-02)
Best objective -8.880000000000e+02, best bound -8.930000000000e+02, gap 0.5631%
Changed value of parameter MIPGap to 0.01
   Prev: 0.0001  Min: 0.0  Max: 1e+100  Default: 0.0001
Changed value of parameter TimeLimit to 1800.0
   Prev: 1e+100  Min: 0.0  Max: 1e+100  Default: 1e+100
Changed value of parameter Method to 2
   Prev: -1  Min: -1  Max: 4  Default: -1
Changed value of parameter MIPFocus to 1
   Prev: 0  Min: 0  Max: 3  Default: 0
Optimize a model with 2120 rows, 3030 columns and 6060 nonzeros
Coefficient statistics:
  Matrix range    [1e+00, 2e+01]
  Objective range [1e+00, 1e+00]
  Bounds range    [1e+00, 1e+00]
  RHS range       [8e+01, 8e+01]
Found heuristic solution: objective 0
Presolve removed 2056 rows and 2324 columns
Presolve time: 0.01s
Presolved: 64 rows, 706 columns, 1240 nonzeros
Found heuristic solution: objective -780.6900000
Variable types: 0 continuous, 706 integer (602 binary)
Optimize a model with 64 rows, 706 columns and 1240 nonzeros
Coefficient statistics:
  Matrix range    [1e+00, 2e+01]
  Objective range [1e+00, 1e+00]
  Bounds range    [1e+00, 8e+00]
  RHS range       [1e+01, 8e+01]
Presolved: 64 rows, 706 columns, 1240 nonzeros

Root barrier log...

Ordering time: 0.00s

Barrier statistics:
 AA' NZ     : 5.120e+02
 Factor NZ  : 1.702e+03
 Factor Ops : 6.010e+04 (less than 1 second per iteration)
 Threads    : 1

                  Objective                Residual
Iter       Primal          Dual         Primal    Dual     Compl     Time
   0  -2.47257813e+03 -3.44015155e+03  1.63e+01 1.78e-15  6.58e+00     0s
   1  -8.61154359e+02 -2.15142151e+03  1.08e+00 9.61e-01  1.24e+00     0s
   2  -8.02592688e+02 -1.08082661e+03  0.00e+00 1.28e-01  1.93e-01     0s
   3  -8.86938765e+02 -9.19702158e+02  0.00e+00 4.48e-03  2.23e-02     0s
   4  -8.98267004e+02 -9.06608299e+02  0.00e+00 5.30e-04  5.66e-03     0s
   5  -9.01800435e+02 -9.04612397e+02  0.00e+00 1.61e-04  1.91e-03     0s
   6  -9.03289493e+02 -9.03844347e+02  0.00e+00 4.25e-05  3.77e-04     0s
   7  -9.03513469e+02 -9.03630665e+02  0.00e+00 1.29e-05  7.96e-05     0s
   8  -9.03531194e+02 -9.03532455e+02  0.00e+00 3.55e-15  8.55e-07     0s
   9  -9.03531785e+02 -9.03531786e+02  0.00e+00 3.55e-15  8.55e-10     0s

Barrier solved model in 9 iterations and 0.02 seconds
Optimal objective -9.03531785e+02


Root relaxation: objective -9.035318e+02, 37 iterations, 0.01 seconds

    Nodes    |    Current Node    |     Objective Bounds      |     Work
 Expl Unexpl |  Obj  Depth IntInf | Incumbent    BestBd   Gap | It/Node Time

     0     0 -903.53179    0   41 -780.69000 -903.53179  15.7%     -    0s
H    0     0                    -887.4325000 -903.53179  1.81%     -    0s
H    0     0                    -889.4590000 -903.53179  1.58%     -    0s
H    0     0                    -891.4515000 -903.53179  1.36%     -    0s
     0     0 -895.49538    0   45 -891.45150 -895.49538  0.45%     -    0s

Cutting planes:
  Gomory: 4
  MIR: 40

Explored 0 nodes (159 simplex iterations) in 0.05 seconds
Thread count was 16 (of 16 available processors)

Optimal solution found (tolerance 1.00e-02)
Best objective -8.914515000000e+02, best bound -8.954953771429e+02, gap 0.4536%
Changed value of parameter MIPGap to 0.01
   Prev: 0.0001  Min: 0.0  Max: 1e+100  Default: 0.0001
Changed value of parameter TimeLimit to 1800.0
   Prev: 1e+100  Min: 0.0  Max: 1e+100  Default: 1e+100
Changed value of parameter Method to 2
   Prev: -1  Min: -1  Max: 4  Default: -1
Changed value of parameter MIPFocus to 1
   Prev: 0  Min: 0  Max: 3  Default: 0
Optimize a model with 2120 rows, 3030 columns and 6060 nonzeros
Coefficient statistics:
  Matrix range    [1e+00, 2e+01]
  Objective range [1e+00, 1e+00]
  Bounds range    [1e+00, 1e+00]
  RHS range       [8e+01, 8e+01]
Found heuristic solution: objective 0
Presolve removed 2056 rows and 2324 columns
Presolve time: 0.01s
Presolved: 64 rows, 706 columns, 1240 nonzeros
Found heuristic solution: objective -782.3800000
Variable types: 0 continuous, 706 integer (602 binary)
Optimize a model with 64 rows, 706 columns and 1240 nonzeros
Coefficient statistics:
  Matrix range    [1e+00, 2e+01]
  Objective range [1e+00, 1e+00]
  Bounds range    [1e+00, 8e+00]
  RHS range       [1e+01, 8e+01]
Presolved: 64 rows, 706 columns, 1240 nonzeros

Root barrier log...

Ordering time: 0.00s

Barrier statistics:
 AA' NZ     : 5.120e+02
 Factor NZ  : 1.702e+03
 Factor Ops : 6.010e+04 (less than 1 second per iteration)
 Threads    : 1

                  Objective                Residual
Iter       Primal          Dual         Primal    Dual     Compl     Time
   0  -2.47651806e+03 -3.44174569e+03  1.63e+01 1.33e-15  6.58e+00     0s
   1  -8.62773609e+02 -2.15285352e+03  1.08e+00 9.60e-01  1.24e+00     0s
   2  -8.04063765e+02 -1.08200228e+03  0.00e+00 1.27e-01  1.92e-01     0s
   3  -8.88252912e+02 -9.21179776e+02  0.00e+00 4.39e-03  2.24e-02     0s
   4  -8.99710058e+02 -9.08142163e+02  0.00e+00 5.15e-04  5.73e-03     0s
   5  -9.03235341e+02 -9.06108190e+02  0.00e+00 1.58e-04  1.95e-03     0s
   6  -9.04767580e+02 -9.05317912e+02  0.00e+00 3.92e-05  3.74e-04     0s
   7  -9.04999550e+02 -9.05114678e+02  0.00e+00 1.18e-05  7.82e-05     0s
   8  -9.05019981e+02 -9.05021529e+02  0.00e+00 3.55e-15  1.05e-06     0s
   9  -9.05020714e+02 -9.05020715e+02  0.00e+00 3.55e-15  1.05e-09     0s

Barrier solved model in 9 iterations and 0.02 seconds
Optimal objective -9.05020714e+02


Root relaxation: objective -9.050207e+02, 37 iterations, 0.01 seconds

    Nodes    |    Current Node    |     Objective Bounds      |     Work
 Expl Unexpl |  Obj  Depth IntInf | Incumbent    BestBd   Gap | It/Node Time

     0     0 -905.02071    0   40 -782.38000 -905.02071  15.7%     -    0s
H    0     0                    -888.8530000 -905.02071  1.82%     -    0s
H    0     0                    -889.9670000 -905.02071  1.69%     -    0s
H    0     0                    -891.9220000 -905.02071  1.47%     -    0s
     0     0 -897.12396    0   49 -891.92200 -897.12396  0.58%     -    0s

Cutting planes:
  Gomory: 4
  MIR: 39

Explored 0 nodes (163 simplex iterations) in 0.05 seconds
Thread count was 16 (of 16 available processors)

Optimal solution found (tolerance 1.00e-02)
Best objective -8.919220000000e+02, best bound -8.971239634921e+02, gap 0.5832%
Changed value of parameter MIPGap to 0.01
   Prev: 0.0001  Min: 0.0  Max: 1e+100  Default: 0.0001
Changed value of parameter TimeLimit to 1800.0
   Prev: 1e+100  Min: 0.0  Max: 1e+100  Default: 1e+100
Changed value of parameter Method to 2
   Prev: -1  Min: -1  Max: 4  Default: -1
Changed value of parameter MIPFocus to 1
   Prev: 0  Min: 0  Max: 3  Default: 0
Optimize a model with 2120 rows, 3030 columns and 6060 nonzeros
Coefficient statistics:
  Matrix range    [1e+00, 2e+01]
  Objective range [1e+00, 1e+00]
  Bounds range    [1e+00, 1e+00]
  RHS range       [8e+01, 8e+01]
Found heuristic solution: objective 0
Presolve removed 2056 rows and 2324 columns
Presolve time: 0.01s
Presolved: 64 rows, 706 columns, 1240 nonzeros
Found heuristic solution: objective -785.7600000
Variable types: 0 continuous, 706 integer (602 binary)
Optimize a model with 64 rows, 706 columns and 1240 nonzeros
Coefficient statistics:
  Matrix range    [1e+00, 2e+01]
  Objective range [1e+00, 1e+00]
  Bounds range    [1e+00, 8e+00]
  RHS range       [1e+01, 8e+01]
Presolved: 64 rows, 706 columns, 1240 nonzeros

Root barrier log...

Ordering time: 0.00s

Barrier statistics:
 AA' NZ     : 5.120e+02
 Factor NZ  : 1.702e+03
 Factor Ops : 6.010e+04 (less than 1 second per iteration)
 Threads    : 1

                  Objective                Residual
Iter       Primal          Dual         Primal    Dual     Compl     Time
   0  -2.48439785e+03 -3.44493397e+03  1.63e+01 1.78e-15  6.58e+00     0s
   1  -8.66013414e+02 -2.15571804e+03  1.08e+00 9.59e-01  1.24e+00     0s
   2  -8.07009054e+02 -1.08435077e+03  0.00e+00 1.27e-01  1.92e-01     0s
   3  -8.90894850e+02 -9.24125249e+02  0.00e+00 4.21e-03  2.26e-02     0s
   4  -9.02715579e+02 -9.11416174e+02  0.00e+00 5.44e-04  5.91e-03     0s
   5  -9.06174679e+02 -9.09121097e+02  0.00e+00 1.61e-04  2.00e-03     0s
   6  -9.07638297e+02 -9.08266108e+02  0.00e+00 3.56e-05  4.26e-04     0s
   7  -9.07976548e+02 -9.08070994e+02  0.00e+00 7.22e-06  6.42e-05     0s
   8  -9.07997853e+02 -9.07999629e+02  0.00e+00 3.55e-15  1.20e-06     0s
   9  -9.07998571e+02 -9.07998572e+02  0.00e+00 3.55e-15  1.20e-09     0s

Barrier solved model in 9 iterations and 0.02 seconds
Optimal objective -9.07998571e+02


Root relaxation: objective -9.079986e+02, 38 iterations, 0.01 seconds

    Nodes    |    Current Node    |     Objective Bounds      |     Work
 Expl Unexpl |  Obj  Depth IntInf | Incumbent    BestBd   Gap | It/Node Time

     0     0 -907.99857    0   40 -785.76000 -907.99857  15.6%     -    0s
H    0     0                    -891.7060000 -907.99857  1.83%     -    0s
H    0     0                    -891.9040000 -907.99857  1.80%     -    0s
H    0     0                    -893.8640000 -907.99857  1.58%     -    0s
H    0     0                    -894.7940000 -907.99857  1.48%     -    0s
H    0     0                    -895.8160000 -907.99857  1.36%     -    0s
     0     0 -900.17088    0   46 -895.81600 -900.17088  0.49%     -    0s

Cutting planes:
  Gomory: 4
  MIR: 39

Explored 0 nodes (161 simplex iterations) in 0.05 seconds
Thread count was 16 (of 16 available processors)

Optimal solution found (tolerance 1.00e-02)
Best objective -8.958160000000e+02, best bound -9.001708767196e+02, gap 0.4861%
Changed value of parameter MIPGap to 0.01
   Prev: 0.0001  Min: 0.0  Max: 1e+100  Default: 0.0001
Changed value of parameter TimeLimit to 1800.0
   Prev: 1e+100  Min: 0.0  Max: 1e+100  Default: 1e+100
Changed value of parameter Method to 2
   Prev: -1  Min: -1  Max: 4  Default: -1
Changed value of parameter MIPFocus to 1
   Prev: 0  Min: 0  Max: 3  Default: 0
Optimize a model with 2120 rows, 3030 columns and 6060 nonzeros
Coefficient statistics:
  Matrix range    [1e+00, 2e+01]
  Objective range [1e+00, 1e+00]
  Bounds range    [1e+00, 1e+00]
  RHS range       [8e+01, 8e+01]
Found heuristic solution: objective 0
Presolve removed 2056 rows and 2324 columns
Presolve time: 0.01s
Presolved: 64 rows, 706 columns, 1240 nonzeros
Found heuristic solution: objective -792.5200000
Variable types: 0 continuous, 706 integer (602 binary)
Optimize a model with 64 rows, 706 columns and 1240 nonzeros
Coefficient statistics:
  Matrix range    [1e+00, 2e+01]
  Objective range [1e+00, 1e+00]
  Bounds range    [1e+00, 8e+00]
  RHS range       [1e+01, 8e+01]
Presolved: 64 rows, 706 columns, 1240 nonzeros

Root barrier log...

Ordering time: 0.00s

Barrier statistics:
 AA' NZ     : 5.120e+02
 Factor NZ  : 1.702e+03
 Factor Ops : 6.010e+04 (less than 1 second per iteration)
 Threads    : 1

                  Objective                Residual
Iter       Primal          Dual         Primal    Dual     Compl     Time
   0  -2.50015714e+03 -3.45131052e+03  1.63e+01 1.33e-15  6.58e+00     0s
   1  -8.72498233e+02 -2.16144899e+03  1.08e+00 9.57e-01  1.24e+00     0s
   2  -8.12912089e+02 -1.08902834e+03  0.00e+00 1.25e-01  1.91e-01     0s
   3  -8.96238280e+02 -9.29992340e+02  0.00e+00 3.83e-03  2.30e-02     0s
   4  -9.08569869e+02 -9.18526232e+02  0.00e+00 7.24e-04  6.76e-03     0s
   5  -9.11831926e+02 -9.15314269e+02  0.00e+00 1.90e-04  2.37e-03     0s
   6  -9.13427029e+02 -9.14252840e+02  0.00e+00 1.85e-05  5.61e-04     0s
   7  -9.13871188e+02 -9.14036114e+02  0.00e+00 1.78e-15  1.12e-04     0s
   8  -9.13960432e+02 -9.13964802e+02  0.00e+00 3.55e-15  2.96e-06     0s
   9  -9.13962855e+02 -9.13962859e+02  0.00e+00 3.55e-15  2.97e-09     0s

Barrier solved model in 9 iterations and 0.02 seconds
Optimal objective -9.13962855e+02


Root relaxation: objective -9.139629e+02, 35 iterations, 0.01 seconds

    Nodes    |    Current Node    |     Objective Bounds      |     Work
 Expl Unexpl |  Obj  Depth IntInf | Incumbent    BestBd   Gap | It/Node Time

     0     0 -913.96286    0   42 -792.52000 -913.96286  15.3%     -    0s
H    0     0                    -897.4600000 -913.96286  1.84%     -    0s
H    0     0                    -900.7720000 -913.96286  1.46%     -    0s
H    0     0                    -901.6840000 -913.96286  1.36%     -    0s
H    0     0                    -901.7560000 -913.96286  1.35%     -    0s
     0     0 -906.25250    0   42 -901.75600 -906.25250  0.50%     -    0s

Cutting planes:
  Gomory: 6
  MIR: 40

Explored 0 nodes (150 simplex iterations) in 0.04 seconds
Thread count was 16 (of 16 available processors)

Optimal solution found (tolerance 1.00e-02)
Best objective -9.017560000000e+02, best bound -9.062525007527e+02, gap 0.4986%
Changed value of parameter MIPGap to 0.01
   Prev: 0.0001  Min: 0.0  Max: 1e+100  Default: 0.0001
Changed value of parameter TimeLimit to 1800.0
   Prev: 1e+100  Min: 0.0  Max: 1e+100  Default: 1e+100
Changed value of parameter Method to 2
   Prev: -1  Min: -1  Max: 4  Default: -1
Changed value of parameter MIPFocus to 1
   Prev: 0  Min: 0  Max: 3  Default: 0
Optimize a model with 2120 rows, 3030 columns and 6060 nonzeros
Coefficient statistics:
  Matrix range    [1e+00, 2e+01]
  Objective range [1e+00, 1e+00]
  Bounds range    [1e+00, 1e+00]
  RHS range       [8e+01, 8e+01]
Found heuristic solution: objective 0
Presolve removed 2056 rows and 2324 columns
Presolve time: 0.01s
Presolved: 64 rows, 706 columns, 1240 nonzeros
Found heuristic solution: objective -795.9000000
Variable types: 0 continuous, 706 integer (602 binary)
Optimize a model with 64 rows, 706 columns and 1240 nonzeros
Coefficient statistics:
  Matrix range    [1e+00, 2e+01]
  Objective range [1e+00, 1e+00]
  Bounds range    [1e+00, 8e+00]
  RHS range       [1e+01, 8e+01]
Presolved: 64 rows, 706 columns, 1240 nonzeros

Root barrier log...

Ordering time: 0.00s

Barrier statistics:
 AA' NZ     : 5.120e+02
 Factor NZ  : 1.702e+03
 Factor Ops : 6.010e+04 (less than 1 second per iteration)
 Threads    : 1

                  Objective                Residual
Iter       Primal          Dual         Primal    Dual     Compl     Time
   0  -2.50803663e+03 -3.45449880e+03  1.63e+01 1.33e-15  6.58e+00     0s
   1  -8.75743241e+02 -2.16431543e+03  1.08e+00 9.56e-01  1.24e+00     0s
   2  -8.15869798e+02 -1.09135808e+03  0.00e+00 1.25e-01  1.91e-01     0s
   3  -9.02258000e+02 -9.34324440e+02  0.00e+00 4.42e-03  2.18e-02     0s
   4  -9.12329036e+02 -9.21514456e+02  0.00e+00 7.42e-04  6.24e-03     0s
   5  -9.15211269e+02 -9.18181909e+02  0.00e+00 1.94e-04  2.02e-03     0s
   6  -9.16533942e+02 -9.17299628e+02  0.00e+00 5.62e-05  5.20e-04     0s
   7  -9.16826388e+02 -9.17054887e+02  0.00e+00 1.37e-05  1.55e-04     0s
   8  -9.16940088e+02 -9.16976254e+02  0.00e+00 2.23e-06  2.46e-05     0s
   9  -9.16948611e+02 -9.16949102e+02  0.00e+00 3.55e-15  3.33e-07     0s
  10  -9.16948810e+02 -9.16948810e+02  0.00e+00 3.55e-15  1.86e-12     0s

Barrier solved model in 10 iterations and 0.02 seconds
Optimal objective -9.16948810e+02


Root relaxation: objective -9.169488e+02, 32 iterations, 0.01 seconds

    Nodes    |    Current Node    |     Objective Bounds      |     Work
 Expl Unexpl |  Obj  Depth IntInf | Incumbent    BestBd   Gap | It/Node Time

     0     0 -916.94881    0   42 -795.90000 -916.94881  15.2%     -    0s
H    0     0                    -900.2650000 -916.94881  1.85%     -    0s
H    0     0                    -903.6300000 -916.94881  1.47%     -    0s
H    0     0                    -903.7200000 -916.94881  1.46%     -    0s
     0     0 -909.34463    0   44 -903.72000 -909.34463  0.62%     -    0s

Cutting planes:
  Gomory: 6
  MIR: 37

Explored 0 nodes (144 simplex iterations) in 0.04 seconds
Thread count was 16 (of 16 available processors)

Optimal solution found (tolerance 1.00e-02)
Best objective -9.037200000000e+02, best bound -9.093400000000e+02, gap 0.6219%
Changed value of parameter MIPGap to 0.01
   Prev: 0.0001  Min: 0.0  Max: 1e+100  Default: 0.0001
Changed value of parameter TimeLimit to 1800.0
   Prev: 1e+100  Min: 0.0  Max: 1e+100  Default: 1e+100
Changed value of parameter Method to 2
   Prev: -1  Min: -1  Max: 4  Default: -1
Changed value of parameter MIPFocus to 1
   Prev: 0  Min: 0  Max: 3  Default: 0
Optimize a model with 2120 rows, 3030 columns and 6060 nonzeros
Coefficient statistics:
  Matrix range    [1e+00, 2e+01]
  Objective range [1e+00, 1e+00]
  Bounds range    [1e+00, 1e+00]
  RHS range       [8e+01, 8e+01]
Found heuristic solution: objective 0
Presolve removed 2056 rows and 2324 columns
Presolve time: 0.01s
Presolved: 64 rows, 706 columns, 1240 nonzeros
Found heuristic solution: objective -812.8000000
Variable types: 0 continuous, 706 integer (602 binary)
Optimize a model with 64 rows, 706 columns and 1240 nonzeros
Coefficient statistics:
  Matrix range    [1e+00, 2e+01]
  Objective range [1e+00, 1e+00]
  Bounds range    [1e+00, 8e+00]
  RHS range       [1e+01, 8e+01]
Presolved: 64 rows, 706 columns, 1240 nonzeros

Root barrier log...

Ordering time: 0.00s

Barrier statistics:
 AA' NZ     : 5.120e+02
 Factor NZ  : 1.702e+03
 Factor Ops : 6.010e+04 (less than 1 second per iteration)
 Threads    : 1

                  Objective                Residual
Iter       Primal          Dual         Primal    Dual     Compl     Time
   0  -2.54743262e+03 -3.47044018e+03  1.63e+01 1.78e-15  6.58e+00     0s
   1  -8.91994150e+02 -2.17865724e+03  1.08e+00 9.51e-01  1.24e+00     0s
   2  -8.30694985e+02 -1.10276324e+03  0.00e+00 1.21e-01  1.88e-01     0s
   3  -9.17329885e+02 -9.48481410e+02  0.00e+00 3.09e-03  2.12e-02     0s
   4  -9.27675590e+02 -9.36588509e+02  0.00e+00 3.44e-04  6.05e-03     0s
   5  -9.30388369e+02 -9.33501807e+02  0.00e+00 1.95e-05  2.11e-03     0s
   6  -9.31663758e+02 -9.32837494e+02  0.00e+00 1.78e-15  7.96e-04     0s
   7  -9.32091169e+02 -9.32414014e+02  0.00e+00 1.78e-15  2.19e-04     0s
   8  -9.32305933e+02 -9.32329161e+02  0.00e+00 1.78e-15  1.57e-05     0s
   9  -9.32321821e+02 -9.32321844e+02  0.00e+00 1.78e-15  1.59e-08     0s
  10  -9.32321837e+02 -9.32321837e+02  0.00e+00 1.78e-15  1.66e-14     0s

Barrier solved model in 10 iterations and 0.02 seconds
Optimal objective -9.32321837e+02


Root relaxation: objective -9.323218e+02, 32 iterations, 0.01 seconds

    Nodes    |    Current Node    |     Objective Bounds      |     Work
 Expl Unexpl |  Obj  Depth IntInf | Incumbent    BestBd   Gap | It/Node Time

     0     0 -932.32184    0   41 -812.80000 -932.32184  14.7%     -    0s
H    0     0                    -915.0800000 -932.32184  1.88%     -    0s
H    0     0                    -916.2600000 -932.32184  1.75%     -    0s
     0     0 -925.03594    0   52 -916.26000 -925.03594  0.96%     -    0s

Cutting planes:
  Gomory: 7
  MIR: 38

Explored 0 nodes (166 simplex iterations) in 0.05 seconds
Thread count was 16 (of 16 available processors)

Optimal solution found (tolerance 1.00e-02)
Best objective -9.162600000000e+02, best bound -9.250300000000e+02, gap 0.9572%
Changed value of parameter MIPGap to 0.01
   Prev: 0.0001  Min: 0.0  Max: 1e+100  Default: 0.0001
Changed value of parameter TimeLimit to 1800.0
   Prev: 1e+100  Min: 0.0  Max: 1e+100  Default: 1e+100
Changed value of parameter Method to 2
   Prev: -1  Min: -1  Max: 4  Default: -1
Changed value of parameter MIPFocus to 1
   Prev: 0  Min: 0  Max: 3  Default: 0
Optimize a model with 2120 rows, 3030 columns and 6060 nonzeros
Coefficient statistics:
  Matrix range    [1e+00, 2e+01]
  Objective range [1e+00, 1e+00]
  Bounds range    [1e+00, 1e+00]
  RHS range       [8e+01, 8e+01]
Found heuristic solution: objective 0
Presolve removed 2056 rows and 2324 columns
Presolve time: 0.01s
Presolved: 64 rows, 706 columns, 1240 nonzeros
Found heuristic solution: objective -846.6000000
Variable types: 0 continuous, 706 integer (602 binary)
Optimize a model with 64 rows, 706 columns and 1240 nonzeros
Coefficient statistics:
  Matrix range    [1e+00, 2e+01]
  Objective range [1e+00, 1e+00]
  Bounds range    [1e+00, 8e+00]
  RHS range       [1e+01, 8e+01]
Presolved: 64 rows, 706 columns, 1240 nonzeros

Root barrier log...

Ordering time: 0.00s

Barrier statistics:
 AA' NZ     : 5.120e+02
 Factor NZ  : 1.702e+03
 Factor Ops : 6.010e+04 (less than 1 second per iteration)
 Threads    : 1

                  Objective                Residual
Iter       Primal          Dual         Primal    Dual     Compl     Time
   0  -2.62621717e+03 -3.50232295e+03  1.63e+01 1.33e-15  6.58e+00     0s
   1  -9.24624179e+02 -2.20738903e+03  1.09e+00 9.40e-01  1.24e+00     0s
   2  -8.60499824e+02 -1.12589964e+03  0.00e+00 1.14e-01  1.83e-01     0s
   3  -9.45501382e+02 -9.79667051e+02  0.00e+00 3.03e-03  2.32e-02     0s
   4  -9.57603042e+02 -9.67701750e+02  0.00e+00 5.61e-05  6.85e-03     0s
   5  -9.61464451e+02 -9.64598243e+02  0.00e+00 1.78e-15  2.12e-03     0s
   6  -9.63042039e+02 -9.63590560e+02  0.00e+00 1.78e-15  3.72e-04     0s
   7  -9.63360034e+02 -9.63374970e+02  0.00e+00 3.55e-15  1.01e-05     0s
   8  -9.63367392e+02 -9.63367393e+02  0.00e+00 3.55e-15  6.81e-10     0s

Barrier solved model in 8 iterations and 0.02 seconds
Optimal objective -9.63367392e+02


Root relaxation: objective -9.633674e+02, 32 iterations, 0.00 seconds

    Nodes    |    Current Node    |     Objective Bounds      |     Work
 Expl Unexpl |  Obj  Depth IntInf | Incumbent    BestBd   Gap | It/Node Time

     0     0 -963.36739    0   41 -846.60000 -963.36739  13.8%     -    0s
H    0     0                    -944.6400000 -963.36739  1.98%     -    0s
H    0     0                    -946.3000000 -963.36739  1.80%     -    0s
     0     0 -955.32044    0   56 -946.30000 -955.32044  0.95%     -    0s

Cutting planes:
  Gomory: 7
  MIR: 39

Explored 0 nodes (148 simplex iterations) in 0.04 seconds
Thread count was 16 (of 16 available processors)

Optimal solution found (tolerance 1.00e-02)
Best objective -9.463000000000e+02, best bound -9.553200000000e+02, gap 0.9532%
Changed value of parameter MIPGap to 0.01
   Prev: 0.0001  Min: 0.0  Max: 1e+100  Default: 0.0001
Changed value of parameter TimeLimit to 1800.0
   Prev: 1e+100  Min: 0.0  Max: 1e+100  Default: 1e+100
Changed value of parameter Method to 2
   Prev: -1  Min: -1  Max: 4  Default: -1
Changed value of parameter MIPFocus to 1
   Prev: 0  Min: 0  Max: 3  Default: 0
Optimize a model with 2120 rows, 3030 columns and 6060 nonzeros
Coefficient statistics:
  Matrix range    [1e+00, 2e+01]
  Objective range [1e+00, 2e+00]
  Bounds range    [1e+00, 1e+00]
  RHS range       [8e+01, 8e+01]
Found heuristic solution: objective 0
Presolve removed 2056 rows and 2324 columns
Presolve time: 0.01s
Presolved: 64 rows, 706 columns, 1240 nonzeros
Found heuristic solution: objective -914.2000000
Variable types: 0 continuous, 706 integer (602 binary)
Optimize a model with 64 rows, 706 columns and 1240 nonzeros
Coefficient statistics:
  Matrix range    [1e+00, 2e+01]
  Objective range [1e+00, 2e+00]
  Bounds range    [1e+00, 8e+00]
  RHS range       [1e+01, 8e+01]
Presolved: 64 rows, 706 columns, 1240 nonzeros

Root barrier log...

Ordering time: 0.00s

Barrier statistics:
 AA' NZ     : 5.120e+02
 Factor NZ  : 1.702e+03
 Factor Ops : 6.010e+04 (less than 1 second per iteration)
 Threads    : 1

                  Objective                Residual
Iter       Primal          Dual         Primal    Dual     Compl     Time
   0  -2.78375664e+03 -3.56608849e+03  1.63e+01 1.33e-15  6.58e+00     0s
   1  -9.90392880e+02 -2.26501613e+03  1.09e+00 9.20e-01  1.23e+00     0s
   2  -9.21615339e+02 -1.18774778e+03  0.00e+00 1.11e-01  1.83e-01     0s
   3  -1.00504372e+03 -1.04300424e+03  0.00e+00 4.43e-03  2.58e-02     0s
   4  -1.01962117e+03 -1.03039260e+03  0.00e+00 1.78e-15  7.31e-03     0s
   5  -1.02461693e+03 -1.02658131e+03  0.00e+00 1.78e-15  1.33e-03     0s
   6  -1.02554645e+03 -1.02583205e+03  0.00e+00 1.78e-15  1.94e-04     0s
   7  -1.02562686e+03 -1.02563078e+03  0.00e+00 3.55e-15  2.66e-06     0s
   8  -1.02562837e+03 -1.02562837e+03  0.00e+00 3.55e-15  1.27e-11     0s

Barrier solved model in 8 iterations and 0.02 seconds
Optimal objective -1.02562837e+03


Root relaxation: objective -1.025628e+03, 33 iterations, 0.01 seconds

    Nodes    |    Current Node    |     Objective Bounds      |     Work
 Expl Unexpl |  Obj  Depth IntInf | Incumbent    BestBd   Gap | It/Node Time

     0     0 -1025.6284    0   40 -914.20000 -1025.6284  12.2%     -    0s
H    0     0                    -1004.120000 -1025.6284  2.14%     -    0s
H    0     0                    -1007.040000 -1025.6284  1.85%     -    0s
     0     0 -1017.3265    0   53 -1007.0400 -1017.3265  1.02%     -    0s
H    0     0                    -1009.120000 -1017.3265  0.81%     -    0s

Cutting planes:
  Gomory: 6
  MIR: 33

Explored 0 nodes (165 simplex iterations) in 0.06 seconds
Thread count was 16 (of 16 available processors)

Optimal solution found (tolerance 1.00e-02)
Best objective -1.009120000000e+03, best bound -1.017320000000e+03, gap 0.8126%
Changed value of parameter MIPGap to 0.01
   Prev: 0.0001  Min: 0.0  Max: 1e+100  Default: 0.0001
Changed value of parameter TimeLimit to 1800.0
   Prev: 1e+100  Min: 0.0  Max: 1e+100  Default: 1e+100
Changed value of parameter Method to 2
   Prev: -1  Min: -1  Max: 4  Default: -1
Changed value of parameter MIPFocus to 1
   Prev: 0  Min: 0  Max: 3  Default: 0
Optimize a model with 2120 rows, 3030 columns and 6060 nonzeros
Coefficient statistics:
  Matrix range    [1e+00, 2e+01]
  Objective range [1e+00, 2e+00]
  Bounds range    [1e+00, 1e+00]
  RHS range       [8e+01, 8e+01]
Found heuristic solution: objective 0
Presolve removed 2056 rows and 2324 columns
Presolve time: 0.01s
Presolved: 64 rows, 706 columns, 1240 nonzeros
Found heuristic solution: objective -948.0000000
Variable types: 0 continuous, 706 integer (602 binary)
Optimize a model with 64 rows, 706 columns and 1240 nonzeros
Coefficient statistics:
  Matrix range    [1e+00, 2e+01]
  Objective range [1e+00, 2e+00]
  Bounds range    [1e+00, 8e+00]
  RHS range       [1e+01, 8e+01]
Presolved: 64 rows, 706 columns, 1240 nonzeros

Root barrier log...

Ordering time: 0.00s

Barrier statistics:
 AA' NZ     : 5.120e+02
 Factor NZ  : 1.702e+03
 Factor Ops : 6.010e+04 (less than 1 second per iteration)
 Threads    : 1

                  Objective                Residual
Iter       Primal          Dual         Primal    Dual     Compl     Time
   0  -2.86251161e+03 -3.59797126e+03  1.63e+01 1.78e-15  6.58e+00     0s
   1  -1.02352884e+03 -2.29391903e+03  1.10e+00 9.10e-01  1.23e+00     0s
   2  -9.52983759e+02 -1.22212697e+03  0.00e+00 1.08e-01  1.85e-01     0s
   3  -1.03658910e+03 -1.07498003e+03  0.00e+00 3.82e-03  2.61e-02     0s
   4  -1.05160982e+03 -1.06249329e+03  0.00e+00 1.78e-15  7.39e-03     0s
   5  -1.05569938e+03 -1.05810050e+03  0.00e+00 1.78e-15  1.63e-03     0s
   6  -1.05672807e+03 -1.05706021e+03  0.00e+00 1.78e-15  2.25e-04     0s
   7  -1.05686077e+03 -1.05686166e+03  0.00e+00 3.55e-15  6.04e-07     0s
   8  -1.05686111e+03 -1.05686111e+03  0.00e+00 1.78e-15  6.21e-13     0s

Barrier solved model in 8 iterations and 0.02 seconds
Optimal objective -1.05686111e+03


Root relaxation: objective -1.056861e+03, 40 iterations, 0.01 seconds

    Nodes    |    Current Node    |     Objective Bounds      |     Work
 Expl Unexpl |  Obj  Depth IntInf | Incumbent    BestBd   Gap | It/Node Time

     0     0 -1056.8611    0   44 -948.00000 -1056.8611  11.5%     -    0s
H    0     0                    -1036.500000 -1056.8611  1.96%     -    0s
H    0     0                    -1039.450000 -1056.8611  1.68%     -    0s
     0     0 -1048.8050    0   60 -1039.4500 -1048.8050  0.90%     -    0s

Cutting planes:
  Gomory: 3
  MIR: 42

Explored 0 nodes (176 simplex iterations) in 0.05 seconds
Thread count was 16 (of 16 available processors)

Optimal solution found (tolerance 1.00e-02)
Best objective -1.039450000000e+03, best bound -1.048800000000e+03, gap 0.8995%
Changed value of parameter MIPGap to 0.01
   Prev: 0.0001  Min: 0.0  Max: 1e+100  Default: 0.0001
Changed value of parameter TimeLimit to 1800.0
   Prev: 1e+100  Min: 0.0  Max: 1e+100  Default: 1e+100
Changed value of parameter Method to 2
   Prev: -1  Min: -1  Max: 4  Default: -1
Changed value of parameter MIPFocus to 1
   Prev: 0  Min: 0  Max: 3  Default: 0
Optimize a model with 2120 rows, 3030 columns and 6060 nonzeros
Coefficient statistics:
  Matrix range    [1e+00, 2e+01]
  Objective range [1e+00, 3e+00]
  Bounds range    [1e+00, 1e+00]
  RHS range       [8e+01, 8e+01]
Found heuristic solution: objective 0
Presolve removed 2056 rows and 2324 columns
Presolve time: 0.01s
Presolved: 64 rows, 706 columns, 1240 nonzeros
Found heuristic solution: objective -1117.000000
Variable types: 0 continuous, 706 integer (602 binary)
Optimize a model with 64 rows, 706 columns and 1240 nonzeros
Coefficient statistics:
  Matrix range    [1e+00, 2e+01]
  Objective range [1e+00, 3e+00]
  Bounds range    [1e+00, 8e+00]
  RHS range       [1e+01, 8e+01]
Presolved: 64 rows, 706 columns, 1240 nonzeros

Root barrier log...

Ordering time: 0.00s

Barrier statistics:
 AA' NZ     : 5.120e+02
 Factor NZ  : 1.702e+03
 Factor Ops : 6.010e+04 (less than 1 second per iteration)
 Threads    : 1

                  Objective                Residual
Iter       Primal          Dual         Primal    Dual     Compl     Time
   0  -3.25613953e+03 -3.75738510e+03  1.63e+01 1.33e-15  6.59e+00     0s
   1  -1.19162499e+03 -2.43939841e+03  1.11e+00 8.60e-01  1.23e+00     0s
   2  -1.11284941e+03 -1.34773666e+03  0.00e+00 7.56e-02  1.60e-01     0s
   3  -1.18643219e+03 -1.24848828e+03  0.00e+00 8.88e-03  4.21e-02     0s
   4  -1.20519260e+03 -1.22799469e+03  0.00e+00 1.78e-15  1.55e-02     0s
   5  -1.21176472e+03 -1.21877728e+03  0.00e+00 1.78e-15  4.75e-03     0s
   6  -1.21386257e+03 -1.21663991e+03  0.00e+00 1.78e-15  1.88e-03     0s
   7  -1.21487146e+03 -1.21570265e+03  0.00e+00 1.78e-15  5.63e-04     0s
   8  -1.21536914e+03 -1.21540539e+03  0.00e+00 1.78e-15  2.46e-05     0s
   9  -1.21539188e+03 -1.21539192e+03  0.00e+00 3.55e-15  2.46e-08     0s
  10  -1.21539190e+03 -1.21539190e+03  0.00e+00 3.55e-15  2.64e-14     0s

Barrier solved model in 10 iterations and 0.02 seconds
Optimal objective -1.21539190e+03


Root relaxation: objective -1.215392e+03, 61 iterations, 0.01 seconds

    Nodes    |    Current Node    |     Objective Bounds      |     Work
 Expl Unexpl |  Obj  Depth IntInf | Incumbent    BestBd   Gap | It/Node Time

     0     0 -1215.3919    0   43 -1117.0000 -1215.3919  8.81%     -    0s
H    0     0                    -1191.100000 -1215.3919  2.04%     -    0s
H    0     0                    -1193.900000 -1215.3919  1.80%     -    0s
     0     0 -1208.0445    0   57 -1193.9000 -1208.0445  1.18%     -    0s
H    0     0                    -1198.900000 -1208.0445  0.76%     -    0s

Cutting planes:
  Gomory: 3
  MIR: 36

Explored 0 nodes (233 simplex iterations) in 0.06 seconds
Thread count was 16 (of 16 available processors)

Optimal solution found (tolerance 1.00e-02)
Best objective -1.198900000000e+03, best bound -1.208000000000e+03, gap 0.7590%
Changed value of parameter MIPGap to 0.01
   Prev: 0.0001  Min: 0.0  Max: 1e+100  Default: 0.0001
Changed value of parameter TimeLimit to 1800.0
   Prev: 1e+100  Min: 0.0  Max: 1e+100  Default: 1e+100
Changed value of parameter Method to 2
   Prev: -1  Min: -1  Max: 4  Default: -1
Changed value of parameter MIPFocus to 1
   Prev: 0  Min: 0  Max: 3  Default: 0
Optimize a model with 2120 rows, 3030 columns and 6060 nonzeros
Coefficient statistics:
  Matrix range    [1e+00, 2e+01]
  Objective range [1e+00, 5e+00]
  Bounds range    [1e+00, 1e+00]
  RHS range       [8e+01, 8e+01]
Found heuristic solution: objective 0
Presolve removed 2056 rows and 2324 columns
Presolve time: 0.01s
Presolved: 64 rows, 706 columns, 1240 nonzeros
Found heuristic solution: objective -1455.000000
Variable types: 0 continuous, 706 integer (602 binary)
Optimize a model with 64 rows, 706 columns and 1240 nonzeros
Coefficient statistics:
  Matrix range    [1e+00, 2e+01]
  Objective range [1e+00, 5e+00]
  Bounds range    [1e+00, 8e+00]
  RHS range       [1e+01, 8e+01]
Presolved: 64 rows, 706 columns, 1240 nonzeros

Root barrier log...

Ordering time: 0.00s

Barrier statistics:
 AA' NZ     : 5.120e+02
 Factor NZ  : 1.702e+03
 Factor Ops : 6.010e+04 (less than 1 second per iteration)
 Threads    : 1

                  Objective                Residual
Iter       Primal          Dual         Primal    Dual     Compl     Time
   0  -4.04266817e+03 -4.07621279e+03  1.62e+01 1.78e-15  6.60e+00     0s
   1  -1.53873904e+03 -2.73518859e+03  1.13e+00 7.63e-01  1.21e+00     0s
   2  -1.45427144e+03 -1.68378001e+03  2.78e-02 7.01e-02  1.64e-01     0s
   3  -1.51632624e+03 -1.57616806e+03  6.57e-03 1.46e-03  4.23e-02     0s
   4  -1.52850088e+03 -1.55589754e+03  3.46e-03 8.88e-15  1.95e-02     0s
   5  -1.53772102e+03 -1.55063882e+03  1.63e-03 1.78e-15  9.23e-03     0s
   6  -1.54009952e+03 -1.54877015e+03  1.16e-03 3.55e-15  6.22e-03     0s
   7  -1.54291050e+03 -1.54794078e+03  6.90e-04 1.78e-15  3.61e-03     0s
   8  -1.54570209e+03 -1.54768641e+03  1.66e-04 1.78e-15  1.40e-03     0s
   9  -1.54657779e+03 -1.54721372e+03  5.60e-05 3.55e-15  4.51e-04     0s
  10  -1.54684732e+03 -1.54713637e+03  2.60e-05 1.78e-15  2.05e-04     0s
  11  -1.54703395e+03 -1.54709245e+03  3.51e-06 1.78e-15  4.14e-05     0s
  12  -1.54707444e+03 -1.54708334e+03  4.08e-07 3.55e-15  6.29e-06     0s
  13  -1.54708254e+03 -1.54708255e+03  0.00e+00 3.55e-15  6.45e-09     0s

Barrier solved model in 13 iterations and 0.02 seconds
Optimal objective -1.54708254e+03


Root relaxation: objective -1.547083e+03, 34 iterations, 0.01 seconds

    Nodes    |    Current Node    |     Objective Bounds      |     Work
 Expl Unexpl |  Obj  Depth IntInf | Incumbent    BestBd   Gap | It/Node Time

     0     0 -1547.0825    0   49 -1455.0000 -1547.0825  6.33%     -    0s
H    0     0                    -1512.400000 -1547.0825  2.29%     -    0s
H    0     0                    -1515.800000 -1547.0825  2.06%     -    0s
H    0     0                    -1517.800000 -1547.0825  1.93%     -    0s
     0     0 -1541.2669    0   79 -1517.8000 -1541.2669  1.55%     -    0s
H    0     0                    -1522.200000 -1541.2669  1.25%     -    0s
     0     0 -1541.2060    0   77 -1522.2000 -1541.2060  1.25%     -    0s
H    0     0                    -1523.400000 -1541.2060  1.17%     -    0s
H    0     0                    -1524.200000 -1541.2060  1.12%     -    0s
H    0     0                    -1524.800000 -1541.2060  1.08%     -    0s
H    0     0                    -1528.600000 -1541.2060  0.82%     -    0s

Cutting planes:
  Gomory: 1
  Cover: 1
  MIR: 77

Explored 0 nodes (206 simplex iterations) in 0.11 seconds
Thread count was 16 (of 16 available processors)

Optimal solution found (tolerance 1.00e-02)
Best objective -1.528600000000e+03, best bound -1.541200000000e+03, gap 0.8243%
Changed value of parameter MIPGap to 0.01
   Prev: 0.0001  Min: 0.0  Max: 1e+100  Default: 0.0001
Changed value of parameter TimeLimit to 1800.0
   Prev: 1e+100  Min: 0.0  Max: 1e+100  Default: 1e+100
Changed value of parameter Method to 2
   Prev: -1  Min: -1  Max: 4  Default: -1
Changed value of parameter MIPFocus to 1
   Prev: 0  Min: 0  Max: 3  Default: 0
Optimize a model with 2120 rows, 3030 columns and 6060 nonzeros
Coefficient statistics:
  Matrix range    [1e+00, 2e+01]
  Objective range [1e+00, 9e+00]
  Bounds range    [1e+00, 1e+00]
  RHS range       [8e+01, 8e+01]
Found heuristic solution: objective 0
Presolve removed 2056 rows and 2324 columns
Presolve time: 0.01s
Presolved: 64 rows, 706 columns, 1240 nonzeros
Found heuristic solution: objective -2132.800000
Variable types: 0 continuous, 706 integer (602 binary)
Optimize a model with 64 rows, 706 columns and 1240 nonzeros
Coefficient statistics:
  Matrix range    [1e+00, 2e+01]
  Objective range [1e+00, 9e+00]
  Bounds range    [1e+00, 8e+00]
  RHS range       [1e+01, 8e+01]
Presolve removed 0 rows and 51 columns
Presolved: 64 rows, 655 columns, 1185 nonzeros

Root barrier log...

Ordering time: 0.00s

Barrier statistics:
 AA' NZ     : 5.120e+02
 Factor NZ  : 1.666e+03
 Factor Ops : 5.427e+04 (less than 1 second per iteration)
 Threads    : 1

                  Objective                Residual
Iter       Primal          Dual         Primal    Dual     Compl     Time
   0  -5.65013877e+03 -4.74402434e+03  1.63e+01 1.78e-15  7.18e+00     0s
   1  -2.26482141e+03 -3.41900082e+03  1.11e+00 5.78e-01  1.30e+00     0s
   2  -2.17593416e+03 -2.38112536e+03  5.93e-02 4.51e-02  1.65e-01     0s
   3  -2.21111254e+03 -2.26752595e+03  2.11e-02 5.33e-15  4.61e-02     0s
   4  -2.22316427e+03 -2.25408327e+03  8.78e-03 3.55e-15  2.46e-02     0s
   5  -2.22954410e+03 -2.24675732e+03  4.86e-03 3.55e-15  1.37e-02     0s
   6  -2.23272798e+03 -2.24074356e+03  2.67e-03 3.55e-15  6.46e-03     0s
   7  -2.23439360e+03 -2.23853323e+03  1.54e-03 3.55e-15  3.37e-03     0s
   8  -2.23638036e+03 -2.23688461e+03  1.91e-04 3.55e-15  4.12e-04     0s
   9  -2.23668257e+03 -2.23668366e+03  0.00e+00 3.55e-15  7.98e-07     0s
  10  -2.23668300e+03 -2.23668300e+03  0.00e+00 3.55e-15  7.98e-10     0s

Barrier solved model in 10 iterations and 0.02 seconds
Optimal objective -2.23668300e+03


Root relaxation: objective -2.236683e+03, 227 iterations, 0.01 seconds

    Nodes    |    Current Node    |     Objective Bounds      |     Work
 Expl Unexpl |  Obj  Depth IntInf | Incumbent    BestBd   Gap | It/Node Time

     0     0 -2236.6830    0   44 -2132.8000 -2236.6830  4.87%     -    0s
H    0     0                    -2194.400000 -2236.6830  1.93%     -    0s
H    0     0                    -2202.600000 -2236.6830  1.55%     -    0s
H    0     0                    -2206.800000 -2236.6830  1.35%     -    0s
     0     0 -2235.9250    0   74 -2206.8000 -2235.9250  1.32%     -    0s
     0     0 -2235.9102    0   76 -2206.8000 -2235.9102  1.32%     -    0s
H    0     0                    -2214.400000 -2235.9102  0.97%     -    0s
H    0     0                    -2216.200000 -2235.9102  0.89%     -    0s
H    0     0                    -2218.000000 -2235.9102  0.81%     -    0s

Cutting planes:
  Gomory: 4
  Cover: 1
  MIR: 76

Explored 0 nodes (649 simplex iterations) in 0.10 seconds
Thread count was 16 (of 16 available processors)

Optimal solution found (tolerance 1.00e-02)
Best objective -2.218000000000e+03, best bound -2.235800000000e+03, gap 0.8025%
Changed value of parameter MIPGap to 0.01
   Prev: 0.0001  Min: 0.0  Max: 1e+100  Default: 0.0001
Changed value of parameter TimeLimit to 1800.0
   Prev: 1e+100  Min: 0.0  Max: 1e+100  Default: 1e+100
Changed value of parameter Method to 2
   Prev: -1  Min: -1  Max: 4  Default: -1
Changed value of parameter MIPFocus to 1
   Prev: 0  Min: 0  Max: 3  Default: 0
Optimize a model with 2120 rows, 3030 columns and 6060 nonzeros
Coefficient statistics:
  Matrix range    [1e+00, 2e+01]
  Objective range [2e+00, 1e+01]
  Bounds range    [1e+00, 1e+00]
  RHS range       [8e+01, 8e+01]
Found heuristic solution: objective 0
Presolve removed 2056 rows and 2324 columns
Presolve time: 0.01s
Presolved: 64 rows, 706 columns, 1240 nonzeros
Found heuristic solution: objective -2472.000000
Variable types: 0 continuous, 706 integer (602 binary)
Optimize a model with 64 rows, 706 columns and 1240 nonzeros
Coefficient statistics:
  Matrix range    [1e+00, 2e+01]
  Objective range [2e+00, 1e+01]
  Bounds range    [1e+00, 8e+00]
  RHS range       [1e+01, 8e+01]
Presolve removed 0 rows and 5 columns
Presolved: 64 rows, 701 columns, 1235 nonzeros

Root barrier log...

Ordering time: 0.00s

Barrier statistics:
 AA' NZ     : 5.120e+02
 Factor NZ  : 1.666e+03
 Factor Ops : 5.427e+04 (less than 1 second per iteration)
 Threads    : 1

                  Objective                Residual
Iter       Primal          Dual         Primal    Dual     Compl     Time
   0  -6.36736706e+03 -5.22030746e+03  1.62e+01 1.78e-15  7.10e+00     0s
   1  -2.63454396e+03 -3.88109349e+03  1.08e+00 5.59e-01  1.30e+00     0s
   2  -2.54250871e+03 -2.75167036e+03  7.46e-02 3.77e-02  1.64e-01     0s
   3  -2.57279771e+03 -2.64266848e+03  2.77e-02 1.07e-14  5.46e-02     0s
   4  -2.58690539e+03 -2.61435098e+03  1.05e-02 3.55e-15  2.13e-02     0s
   5  -2.59418586e+03 -2.60830122e+03  5.69e-03 3.55e-15  1.10e-02     0s
   6  -2.59733602e+03 -2.60611698e+03  2.12e-03 3.55e-15  6.51e-03     0s
   7  -2.59973499e+03 -2.60382297e+03  1.11e-03 3.55e-15  3.06e-03     0s
   8  -2.60125456e+03 -2.60300259e+03  5.22e-04 3.55e-15  1.32e-03     0s
   9  -2.60231057e+03 -2.60262306e+03  4.33e-05 3.55e-15  2.24e-04     0s
  10  -2.60242963e+03 -2.60254786e+03  1.44e-05 3.55e-15  8.44e-05     0s
  11  -2.60249171e+03 -2.60249876e+03  8.74e-07 3.55e-15  5.04e-06     0s
  12  -2.60249764e+03 -2.60249765e+03  0.00e+00 5.33e-15  5.09e-09     0s

Barrier solved model in 12 iterations and 0.02 seconds
Optimal objective -2.60249764e+03


Root relaxation: objective -2.602498e+03, 39 iterations, 0.01 seconds

    Nodes    |    Current Node    |     Objective Bounds      |     Work
 Expl Unexpl |  Obj  Depth IntInf | Incumbent    BestBd   Gap | It/Node Time

     0     0 -2602.4977    0   52 -2472.0000 -2602.4977  5.28%     -    0s
H    0     0                    -2561.500000 -2602.4977  1.60%     -    0s
H    0     0                    -2570.500000 -2602.4977  1.24%     -    0s
     0     0 -2599.7021    0   73 -2570.5000 -2599.7021  1.14%     -    0s
     0     0 -2599.5207    0   86 -2570.5000 -2599.5207  1.13%     -    0s
H    0     0                    -2574.000000 -2599.5207  0.99%     -    0s
H    0     0                    -2574.500000 -2599.5207  0.97%     -    0s
H    0     0                    -2577.500000 -2599.5207  0.85%     -    0s
H    0     0                    -2580.000000 -2599.5207  0.76%     -    0s

Cutting planes:
  Gomory: 2
  Cover: 4
  MIR: 81
  Zero half: 1

Explored 0 nodes (273 simplex iterations) in 0.09 seconds
Thread count was 16 (of 16 available processors)

Optimal solution found (tolerance 1.00e-02)
Best objective -2.580000000000e+03, best bound -2.599500000000e+03, gap 0.7558%
Changed value of parameter MIPGap to 0.01
   Prev: 0.0001  Min: 0.0  Max: 1e+100  Default: 0.0001
Changed value of parameter TimeLimit to 1800.0
   Prev: 1e+100  Min: 0.0  Max: 1e+100  Default: 1e+100
Changed value of parameter Method to 2
   Prev: -1  Min: -1  Max: 4  Default: -1
Changed value of parameter MIPFocus to 1
   Prev: 0  Min: 0  Max: 3  Default: 0
Optimize a model with 2120 rows, 3030 columns and 6060 nonzeros
Coefficient statistics:
  Matrix range    [1e+00, 2e+01]
  Objective range [2e+00, 2e+01]
  Bounds range    [1e+00, 1e+00]
  RHS range       [8e+01, 8e+01]
Found heuristic solution: objective 0
Presolve removed 2056 rows and 2324 columns
Presolve time: 0.01s
Presolved: 64 rows, 706 columns, 1240 nonzeros
Found heuristic solution: objective -4174.000000
Variable types: 0 continuous, 706 integer (602 binary)
Optimize a model with 64 rows, 706 columns and 1240 nonzeros
Coefficient statistics:
  Matrix range    [1e+00, 2e+01]
  Objective range [2e+00, 2e+01]
  Bounds range    [1e+00, 8e+00]
  RHS range       [1e+01, 8e+01]
Presolve removed 0 rows and 52 columns
Presolved: 64 rows, 654 columns, 1181 nonzeros

Root barrier log...

Ordering time: 0.00s

Barrier statistics:
 AA' NZ     : 5.120e+02
 Factor NZ  : 1.702e+03
 Factor Ops : 6.010e+04 (less than 1 second per iteration)
 Threads    : 1

                  Objective                Residual
Iter       Primal          Dual         Primal    Dual     Compl     Time
   0  -1.02017947e+04 -9.64031237e+03  1.64e+01 1.78e-15  1.49e+01     0s
   1  -4.50545203e+03 -7.06942512e+03  1.38e+00 1.29e+00  2.95e+00     0s
   2  -4.31671612e+03 -4.78731825e+03  6.83e-02 9.84e-02  3.78e-01     0s
   3  -4.44896234e+03 -4.53838092e+03  8.79e-03 7.11e-15  6.93e-02     0s
   4  -4.46839724e+03 -4.50774080e+03  4.91e-03 7.11e-15  3.10e-02     0s
   5  -4.48158342e+03 -4.50221804e+03  2.62e-03 7.11e-15  1.63e-02     0s
   6  -4.49342634e+03 -4.49911160e+03  6.06e-04 7.11e-15  4.44e-03     0s
   7  -4.49692544e+03 -4.49783668e+03  9.39e-05 7.11e-15  7.12e-04     0s
   8  -4.49759212e+03 -4.49763025e+03  4.79e-06 7.11e-15  3.02e-05     0s
   9  -4.49762853e+03 -4.49762857e+03  0.00e+00 7.11e-15  3.02e-08     0s
  10  -4.49762857e+03 -4.49762857e+03  0.00e+00 7.11e-15  3.02e-11     0s

Barrier solved model in 10 iterations and 0.02 seconds
Optimal objective -4.49762857e+03


Root relaxation: objective -4.497629e+03, 35 iterations, 0.01 seconds

    Nodes    |    Current Node    |     Objective Bounds      |     Work
 Expl Unexpl |  Obj  Depth IntInf | Incumbent    BestBd   Gap | It/Node Time

     0     0 -4497.6286    0   49 -4174.0000 -4497.6286  7.75%     -    0s
H    0     0                    -4396.000000 -4497.6286  2.31%     -    0s
H    0     0                    -4439.000000 -4497.6286  1.32%     -    0s
H    0     0                    -4451.000000 -4497.6286  1.05%     -    0s
     0     0 -4486.3641    0   75 -4451.0000 -4486.3641  0.79%     -    0s

Cutting planes:
  Gomory: 2
  Cover: 3
  MIR: 47

Explored 0 nodes (221 simplex iterations) in 0.06 seconds
Thread count was 16 (of 16 available processors)

Optimal solution found (tolerance 1.00e-02)
Best objective -4.451000000000e+03, best bound -4.486000000000e+03, gap 0.7863%
Changed value of parameter MIPGap to 0.01
   Prev: 0.0001  Min: 0.0  Max: 1e+100  Default: 0.0001
Changed value of parameter TimeLimit to 1800.0
   Prev: 1e+100  Min: 0.0  Max: 1e+100  Default: 1e+100
Changed value of parameter Method to 2
   Prev: -1  Min: -1  Max: 4  Default: -1
Changed value of parameter MIPFocus to 1
   Prev: 0  Min: 0  Max: 3  Default: 0
Optimize a model with 2120 rows, 3030 columns and 6060 nonzeros
Coefficient statistics:
  Matrix range    [1e+00, 2e+01]
  Objective range [3e+00, 4e+01]
  Bounds range    [1e+00, 1e+00]
  RHS range       [8e+01, 8e+01]
Found heuristic solution: objective 0
Presolve removed 2056 rows and 2324 columns
Presolve time: 0.01s
Presolved: 64 rows, 706 columns, 1240 nonzeros
Found heuristic solution: objective -7583.000000
Variable types: 0 continuous, 706 integer (602 binary)
Optimize a model with 64 rows, 706 columns and 1240 nonzeros
Coefficient statistics:
  Matrix range    [1e+00, 2e+01]
  Objective range [3e+00, 4e+01]
  Bounds range    [1e+00, 8e+00]
  RHS range       [1e+01, 8e+01]
Presolved: 64 rows, 706 columns, 1240 nonzeros

Root barrier log...

Ordering time: 0.00s

Barrier statistics:
 AA' NZ     : 5.120e+02
 Factor NZ  : 1.702e+03
 Factor Ops : 6.010e+04 (less than 1 second per iteration)
 Threads    : 1

                  Objective                Residual
Iter       Primal          Dual         Primal    Dual     Compl     Time
   0  -1.82437753e+04 -1.88212646e+04  1.62e+01 7.11e-15  2.86e+01     0s
   1  -8.26092326e+03 -1.37851812e+04  1.42e+00 2.81e+00  5.84e+00     0s
   2  -7.91945475e+03 -8.88417377e+03  6.58e-02 1.93e-01  7.12e-01     0s
   3  -8.25515329e+03 -8.42245779e+03  2.22e-03 1.35e-02  1.15e-01     0s
   4  -8.30373397e+03 -8.36315553e+03  4.09e-04 1.42e-14  4.07e-02     0s
   5  -8.31594703e+03 -8.33628483e+03  1.27e-04 1.42e-14  1.39e-02     0s
   6  -8.32012873e+03 -8.32617555e+03  4.18e-05 1.42e-14  4.15e-03     0s
   7  -8.32212902e+03 -8.32402424e+03  9.33e-06 1.42e-14  1.30e-03     0s
   8  -8.32291344e+03 -8.32324244e+03  2.08e-07 1.42e-14  2.24e-04     0s
   9  -8.32295981e+03 -8.32298982e+03  0.00e+00 2.13e-14  2.06e-05     0s
  10  -8.32298045e+03 -8.32298151e+03  0.00e+00 2.13e-14  7.16e-07     0s
  11  -8.32298095e+03 -8.32298095e+03  0.00e+00 1.42e-14  7.16e-10     0s

Barrier solved model in 11 iterations and 0.02 seconds
Optimal objective -8.32298095e+03


Root relaxation: objective -8.322981e+03, 23 iterations, 0.01 seconds

    Nodes    |    Current Node    |     Objective Bounds      |     Work
 Expl Unexpl |  Obj  Depth IntInf | Incumbent    BestBd   Gap | It/Node Time

     0     0 -8322.9810    0   50 -7583.0000 -8322.9810  9.76%     -    0s
H    0     0                    -8111.000000 -8322.9810  2.61%     -    0s
H    0     0                    -8191.000000 -8322.9810  1.61%     -    0s
H    0     0                    -8214.000000 -8322.9810  1.33%     -    0s
     0     0 -8292.7823    0   72 -8214.0000 -8292.7823  0.96%     -    0s

Cutting planes:
  Gomory: 1
  Cover: 9
  MIR: 45

Explored 0 nodes (155 simplex iterations) in 0.06 seconds
Thread count was 16 (of 16 available processors)

Optimal solution found (tolerance 1.00e-02)
Best objective -8.214000000000e+03, best bound -8.292000000000e+03, gap 0.9496%
Changed value of parameter MIPGap to 0.01
   Prev: 0.0001  Min: 0.0  Max: 1e+100  Default: 0.0001
Changed value of parameter TimeLimit to 1800.0
   Prev: 1e+100  Min: 0.0  Max: 1e+100  Default: 1e+100
Changed value of parameter Method to 2
   Prev: -1  Min: -1  Max: 4  Default: -1
Changed value of parameter MIPFocus to 1
   Prev: 0  Min: 0  Max: 3  Default: 0
Optimize a model with 2120 rows, 3030 columns and 6060 nonzeros
Coefficient statistics:
  Matrix range    [1e+00, 2e+01]
  Objective range [5e+00, 8e+01]
  Bounds range    [1e+00, 1e+00]
  RHS range       [8e+01, 8e+01]
Found heuristic solution: objective 0
Presolve removed 2056 rows and 2324 columns
Presolve time: 0.01s
Presolved: 64 rows, 706 columns, 1240 nonzeros
Found heuristic solution: objective -14384.00000
Variable types: 0 continuous, 706 integer (602 binary)
Optimize a model with 64 rows, 706 columns and 1240 nonzeros
Coefficient statistics:
  Matrix range    [1e+00, 2e+01]
  Objective range [5e+00, 8e+01]
  Bounds range    [1e+00, 8e+00]
  RHS range       [1e+01, 8e+01]
Presolved: 64 rows, 706 columns, 1240 nonzeros

Root barrier log...

Ordering time: 0.00s

Barrier statistics:
 AA' NZ     : 5.120e+02
 Factor NZ  : 1.702e+03
 Factor Ops : 6.010e+04 (less than 1 second per iteration)
 Threads    : 1

                  Objective                Residual
Iter       Primal          Dual         Primal    Dual     Compl     Time
   0  -3.40331580e+04 -3.73089670e+04  1.63e+01 1.42e-14  5.82e+01     0s
   1  -1.57300269e+04 -2.72115882e+04  1.45e+00 5.97e+00  1.20e+01     0s
   2  -1.51625423e+04 -1.70954265e+04  5.94e-02 3.73e-01  1.41e+00     0s
   3  -1.58604676e+04 -1.62274457e+04  3.79e-03 5.11e-02  2.55e-01     0s
   4  -1.59763159e+04 -1.60636434e+04  7.45e-04 8.84e-03  6.04e-02     0s
   5  -1.60020293e+04 -1.60323293e+04  2.34e-04 2.80e-03  2.09e-02     0s
   6  -1.60110336e+04 -1.60213436e+04  6.59e-05 7.43e-04  7.11e-03     0s
   7  -1.60143146e+04 -1.60167812e+04  1.53e-05 7.13e-05  1.70e-03     0s
   8  -1.60153095e+04 -1.60156241e+04  6.93e-07 6.09e-06  2.15e-04     0s
   9  -1.60153999e+04 -1.60154002e+04  0.00e+00 2.84e-14  2.25e-07     0s
  10  -1.60154000e+04 -1.60154000e+04  1.12e-15 2.84e-14  2.29e-13     0s

Barrier solved model in 10 iterations and 0.02 seconds
Optimal objective -1.60154000e+04


Root relaxation: objective -1.601540e+04, 22 iterations, 0.01 seconds

    Nodes    |    Current Node    |     Objective Bounds      |     Work
 Expl Unexpl |  Obj  Depth IntInf | Incumbent    BestBd   Gap | It/Node Time

     0     0 -16015.400    0   44 -14384.000 -16015.400  11.3%     -    0s
H    0     0                    -15591.00000 -16015.400  2.72%     -    0s
H    0     0                    -15770.00000 -16015.400  1.56%     -    0s
H    0     0                    -15793.00000 -16015.400  1.41%     -    0s
     0     0 -15945.004    0   73 -15793.000 -15945.004  0.96%     -    0s

Cutting planes:
  Cover: 9
  MIR: 40

Explored 0 nodes (155 simplex iterations) in 0.05 seconds
Thread count was 16 (of 16 available processors)

Optimal solution found (tolerance 1.00e-02)
Best objective -1.579300000000e+04, best bound -1.594500000000e+04, gap 0.9625%
Changed value of parameter MIPGap to 0.01
   Prev: 0.0001  Min: 0.0  Max: 1e+100  Default: 0.0001
Changed value of parameter TimeLimit to 1800.0
   Prev: 1e+100  Min: 0.0  Max: 1e+100  Default: 1e+100
Changed value of parameter Method to 2
   Prev: -1  Min: -1  Max: 4  Default: -1
Changed value of parameter MIPFocus to 1
   Prev: 0  Min: 0  Max: 3  Default: 0
Optimize a model with 2120 rows, 3030 columns and 6060 nonzeros
Coefficient statistics:
  Matrix range    [1e+00, 2e+01]
  Objective range [6e+00, 1e+02]
  Bounds range    [1e+00, 1e+00]
  RHS range       [8e+01, 8e+01]
Found heuristic solution: objective 0
Presolve removed 2056 rows and 2324 columns
Presolve time: 0.01s
Presolved: 64 rows, 706 columns, 1240 nonzeros
Found heuristic solution: objective -17788.00000
Variable types: 0 continuous, 706 integer (602 binary)
Optimize a model with 64 rows, 706 columns and 1240 nonzeros
Coefficient statistics:
  Matrix range    [1e+00, 2e+01]
  Objective range [6e+00, 1e+02]
  Bounds range    [1e+00, 8e+00]
  RHS range       [1e+01, 8e+01]
Presolved: 64 rows, 706 columns, 1240 nonzeros

Root barrier log...

Ordering time: 0.00s

Barrier statistics:
 AA' NZ     : 5.120e+02
 Factor NZ  : 1.702e+03
 Factor Ops : 6.010e+04 (less than 1 second per iteration)
 Threads    : 1

                  Objective                Residual
Iter       Primal          Dual         Primal    Dual     Compl     Time
   0  -4.19278180e+04 -4.66188677e+04  1.63e+01 1.42e-14  7.32e+01     0s
   1  -1.94584022e+04 -3.39639613e+04  1.46e+00 7.76e+00  1.51e+01     0s
   2  -1.87846564e+04 -2.12292371e+04  5.74e-02 4.76e-01  1.78e+00     0s
   3  -1.96720243e+04 -2.01259510e+04  3.71e-03 6.51e-02  3.15e-01     0s
   4  -1.98235721e+04 -1.99360797e+04  6.00e-04 1.58e-02  7.75e-02     0s
   5  -1.98471014e+04 -1.98929098e+04  2.57e-04 5.70e-03  3.16e-02     0s
   6  -1.98597112e+04 -1.98738825e+04  9.33e-05 1.27e-03  9.80e-03     0s
   7  -1.98660510e+04 -1.98699085e+04  1.23e-05 4.28e-04  2.64e-03     0s
   8  -1.98670935e+04 -1.98678126e+04  2.67e-07 5.77e-05  4.90e-04     0s
   9  -1.98672968e+04 -1.98673031e+04  0.00e+00 4.26e-14  4.30e-06     0s
  10  -1.98673000e+04 -1.98673000e+04  0.00e+00 3.55e-14  5.39e-12     0s

Barrier solved model in 10 iterations and 0.02 seconds
Optimal objective -1.98673000e+04


Root relaxation: objective -1.986730e+04, 27 iterations, 0.01 seconds

    Nodes    |    Current Node    |     Objective Bounds      |     Work
 Expl Unexpl |  Obj  Depth IntInf | Incumbent    BestBd   Gap | It/Node Time

     0     0 -19867.300    0   42 -17788.000 -19867.300  11.7%     -    0s
H    0     0                    -19384.00000 -19867.300  2.49%     -    0s
H    0     0                    -19572.00000 -19867.300  1.51%     -    0s
H    0     0                    -19583.00000 -19867.300  1.45%     -    0s
H    0     0                    -19589.00000 -19867.300  1.42%     -    0s
     0     0 -19780.522    0   69 -19589.000 -19780.522  0.98%     -    0s

Cutting planes:
  Cover: 9
  MIR: 38

Explored 0 nodes (159 simplex iterations) in 0.06 seconds
Thread count was 16 (of 16 available processors)

Optimal solution found (tolerance 1.00e-02)
Best objective -1.958900000000e+04, best bound -1.978000000000e+04, gap 0.9750%
Changed value of parameter MIPGap to 0.01
   Prev: 0.0001  Min: 0.0  Max: 1e+100  Default: 0.0001
Changed value of parameter TimeLimit to 1800.0
   Prev: 1e+100  Min: 0.0  Max: 1e+100  Default: 1e+100
Changed value of parameter Method to 2
   Prev: -1  Min: -1  Max: 4  Default: -1
Changed value of parameter MIPFocus to 1
   Prev: 0  Min: 0  Max: 3  Default: 0
Optimize a model with 2120 rows, 3030 columns and 6060 nonzeros
Coefficient statistics:
  Matrix range    [1e+00, 2e+01]
  Objective range [1e+01, 2e+02]
  Bounds range    [1e+00, 1e+00]
  RHS range       [8e+01, 8e+01]
Found heuristic solution: objective 0
Presolve removed 2056 rows and 2324 columns
Presolve time: 0.01s
Presolved: 64 rows, 706 columns, 1240 nonzeros
Found heuristic solution: objective -34842.00000
Variable types: 0 continuous, 706 integer (602 binary)
Optimize a model with 64 rows, 706 columns and 1240 nonzeros
Coefficient statistics:
  Matrix range    [1e+00, 2e+01]
  Objective range [1e+01, 2e+02]
  Bounds range    [1e+00, 8e+00]
  RHS range       [1e+01, 8e+01]
Presolved: 64 rows, 706 columns, 1240 nonzeros

Root barrier log...

Ordering time: 0.00s

Barrier statistics:
 AA' NZ     : 5.120e+02
 Factor NZ  : 1.702e+03
 Factor Ops : 6.010e+04 (less than 1 second per iteration)
 Threads    : 1

                  Objective                Residual
Iter       Primal          Dual         Primal    Dual     Compl     Time
   0  -8.14006013e+04 -9.32298789e+04  1.63e+01 2.84e-14  1.48e+02     0s
   1  -3.80976138e+04 -6.77626517e+04  1.46e+00 1.69e+01  3.07e+01     0s
   2  -3.69003308e+04 -4.19016545e+04  5.24e-02 9.92e-01  3.61e+00     0s
   3  -3.87346503e+04 -3.96208959e+04  3.58e-03 1.29e-01  6.15e-01     0s
   4  -3.90502716e+04 -3.92624305e+04  5.63e-04 3.23e-02  1.46e-01     0s
   5  -3.91008425e+04 -3.91846854e+04  2.21e-04 1.15e-02  5.78e-02     0s
   6  -3.91256621e+04 -3.91509521e+04  7.26e-05 2.51e-03  1.75e-02     0s
   7  -3.91364897e+04 -3.91414572e+04  9.46e-06 2.37e-04  3.42e-03     0s
   8  -3.91390347e+04 -3.91394001e+04  0.00e+00 3.12e-05  2.48e-04     0s
   9  -3.91390571e+04 -3.91390575e+04  0.00e+00 5.68e-14  2.78e-07     0s
  10  -3.91390571e+04 -3.91390571e+04  3.67e-15 5.68e-14  2.80e-13     0s

Barrier solved model in 10 iterations and 0.02 seconds
Optimal objective -3.91390571e+04


Root relaxation: objective -3.913906e+04, 29 iterations, 0.01 seconds

    Nodes    |    Current Node    |     Objective Bounds      |     Work
 Expl Unexpl |  Obj  Depth IntInf | Incumbent    BestBd   Gap | It/Node Time

     0     0 -39139.057    0   44 -34842.000 -39139.057  12.3%     -    0s
H    0     0                    -38169.00000 -39139.057  2.54%     -    0s
H    0     0                    -38577.00000 -39139.057  1.46%     -    0s
H    0     0                    -38611.00000 -39139.057  1.37%     -    0s
H    0     0                    -38624.00000 -39139.057  1.33%     -    0s
H    0     0                    -38661.00000 -39139.057  1.24%     -    0s
     0     0 -38955.711    0   63 -38661.000 -38955.711  0.76%     -    0s

Cutting planes:
  Cover: 10
  MIR: 38

Explored 0 nodes (164 simplex iterations) in 0.06 seconds
Thread count was 16 (of 16 available processors)

Optimal solution found (tolerance 1.00e-02)
Best objective -3.866100000000e+04, best bound -3.895500000000e+04, gap 0.7605%
Changed value of parameter MIPGap to 0.01
   Prev: 0.0001  Min: 0.0  Max: 1e+100  Default: 0.0001
Changed value of parameter TimeLimit to 1800.0
   Prev: 1e+100  Min: 0.0  Max: 1e+100  Default: 1e+100
Changed value of parameter Method to 2
   Prev: -1  Min: -1  Max: 4  Default: -1
Changed value of parameter MIPFocus to 1
   Prev: 0  Min: 0  Max: 3  Default: 0
Optimize a model with 2120 rows, 3030 columns and 6060 nonzeros
Coefficient statistics:
  Matrix range    [1e+00, 2e+01]
  Objective range [2e+01, 4e+02]
  Bounds range    [1e+00, 1e+00]
  RHS range       [8e+01, 8e+01]
Found heuristic solution: objective 0
Presolve removed 2056 rows and 2324 columns
Presolve time: 0.01s
Presolved: 64 rows, 706 columns, 1240 nonzeros
Found heuristic solution: objective -68942.00000
Variable types: 0 continuous, 706 integer (602 binary)
Optimize a model with 64 rows, 706 columns and 1240 nonzeros
Coefficient statistics:
  Matrix range    [1e+00, 2e+01]
  Objective range [2e+01, 4e+02]
  Bounds range    [1e+00, 8e+00]
  RHS range       [1e+01, 8e+01]
Presolved: 64 rows, 706 columns, 1240 nonzeros

Root barrier log...

Ordering time: 0.00s

Barrier statistics:
 AA' NZ     : 5.120e+02
 Factor NZ  : 1.702e+03
 Factor Ops : 6.010e+04 (less than 1 second per iteration)
 Threads    : 1

                  Objective                Residual
Iter       Primal          Dual         Primal    Dual     Compl     Time
   0  -1.60346357e+05 -1.86708720e+05  1.63e+01 5.68e-14  2.98e+02     0s
   1  -7.53518807e+04 -1.35511148e+05  1.46e+00 3.53e+01  6.21e+01     0s
   2  -7.31298041e+04 -8.32590337e+04  4.91e-02 2.03e+00  7.28e+00     0s
   3  -7.68926183e+04 -7.90402589e+04  2.34e-03 4.14e-01  1.48e+00     0s
   4  -7.75177709e+04 -7.80026030e+04  2.84e-04 9.47e-02  3.31e-01     0s
   5  -7.76303577e+04 -7.77868730e+04  7.42e-05 2.86e-02  1.07e-01     0s
   6  -7.76685241e+04 -7.77126990e+04  1.82e-05 6.68e-03  3.02e-02     0s
   7  -7.76802224e+04 -7.76944467e+04  3.78e-06 1.66e-03  9.71e-03     0s
   8  -7.76860565e+04 -7.76872510e+04  0.00e+00 1.78e-04  8.12e-04     0s
   9  -7.76862648e+04 -7.76862700e+04  0.00e+00 1.42e-13  3.51e-06     0s
  10  -7.76862667e+04 -7.76862667e+04  0.00e+00 1.42e-13  8.31e-11     0s

Barrier solved model in 10 iterations and 0.02 seconds
Optimal objective -7.76862667e+04


Root relaxation: objective -7.768627e+04, 29 iterations, 0.01 seconds

    Nodes    |    Current Node    |     Objective Bounds      |     Work
 Expl Unexpl |  Obj  Depth IntInf | Incumbent    BestBd   Gap | It/Node Time

     0     0 -77686.267    0   47 -68942.000 -77686.267  12.7%     -    0s
H    0     0                    -75720.00000 -77686.267  2.60%     -    0s
H    0     0                    -76522.00000 -77686.267  1.52%     -    0s
H    0     0                    -76667.00000 -77686.267  1.33%     -    0s
     0     0 -77306.191    0   62 -76667.000 -77306.191  0.83%     -    0s

Cutting planes:
  Cover: 9
  MIR: 41

Explored 0 nodes (147 simplex iterations) in 0.05 seconds
Thread count was 16 (of 16 available processors)

Optimal solution found (tolerance 1.00e-02)
Best objective -7.666700000000e+04, best bound -7.730600000000e+04, gap 0.8335%
Changed value of parameter MIPGap to 0.01
   Prev: 0.0001  Min: 0.0  Max: 1e+100  Default: 0.0001
Changed value of parameter TimeLimit to 1800.0
   Prev: 1e+100  Min: 0.0  Max: 1e+100  Default: 1e+100
Changed value of parameter Method to 2
   Prev: -1  Min: -1  Max: 4  Default: -1
Changed value of parameter MIPFocus to 1
   Prev: 0  Min: 0  Max: 3  Default: 0
Optimize a model with 2120 rows, 3030 columns and 6060 nonzeros
Coefficient statistics:
  Matrix range    [1e+00, 2e+01]
  Objective range [5e+01, 1e+03]
  Bounds range    [1e+00, 1e+00]
  RHS range       [8e+01, 8e+01]
Found heuristic solution: objective 0
Presolve removed 2056 rows and 2324 columns
Presolve time: 0.01s
Presolved: 64 rows, 706 columns, 1240 nonzeros
Found heuristic solution: objective -171242.0000
Variable types: 0 continuous, 706 integer (602 binary)
Optimize a model with 64 rows, 706 columns and 1240 nonzeros
Coefficient statistics:
  Matrix range    [1e+00, 2e+01]
  Objective range [5e+01, 1e+03]
  Bounds range    [1e+00, 8e+00]
  RHS range       [1e+01, 8e+01]
Presolved: 64 rows, 706 columns, 1240 nonzeros

Root barrier log...

Ordering time: 0.00s

Barrier statistics:
 AA' NZ     : 5.120e+02
 Factor NZ  : 1.702e+03
 Factor Ops : 6.010e+04 (less than 1 second per iteration)
 Threads    : 1

                  Objective                Residual
Iter       Primal          Dual         Primal    Dual     Compl     Time
   0  -3.97182905e+05 -4.67145241e+05  1.63e+01 1.14e-13  7.50e+02     0s
   1  -1.87121021e+05 -3.38757063e+05  1.46e+00 9.05e+01  1.56e+02     0s
   2  -1.81824829e+05 -2.07335416e+05  4.70e-02 5.15e+00  1.83e+01     0s
   3  -1.91336946e+05 -1.96701074e+05  2.29e-03 1.04e+00  3.69e+00     0s
   4  -1.92923719e+05 -1.94138591e+05  2.79e-04 2.40e-01  8.30e-01     0s
   5  -1.93178575e+05 -1.93573216e+05  8.49e-05 6.83e-02  2.70e-01     0s
   6  -1.93268630e+05 -1.93388787e+05  2.96e-05 1.14e-02  8.22e-02     0s
   7  -1.93316025e+05 -1.93349988e+05  4.72e-06 3.46e-03  2.32e-02     0s
   8  -1.93327631e+05 -1.93333021e+05  5.10e-07 1.37e-04  3.68e-03     0s
   9  -1.93330542e+05 -1.93330584e+05  0.00e+00 3.41e-13  2.86e-05     0s
  10  -1.93330552e+05 -1.93330552e+05  0.00e+00 3.41e-13  6.02e-11     0s

Barrier solved model in 10 iterations and 0.02 seconds
Optimal objective -1.93330552e+05


Root relaxation: objective -1.933306e+05, 29 iterations, 0.01 seconds

    Nodes    |    Current Node    |     Objective Bounds      |     Work
 Expl Unexpl |  Obj  Depth IntInf | Incumbent    BestBd   Gap | It/Node Time

     0     0 -193330.55    0   47 -171242.00 -193330.55  12.9%     -    0s
H    0     0                    -188310.0000 -193330.55  2.67%     -    0s
H    0     0                    -190432.0000 -193330.55  1.52%     -    0s
H    0     0                    -190535.0000 -193330.55  1.47%     -    0s
     0     0 -192367.30    0   58 -190535.00 -192367.30  0.96%     -    0s

Cutting planes:
  Cover: 9
  MIR: 41

Explored 0 nodes (153 simplex iterations) in 0.05 seconds
Thread count was 16 (of 16 available processors)

Optimal solution found (tolerance 1.00e-02)
Best objective -1.905350000000e+05, best bound -1.923670000000e+05, gap 0.9615%
Changed value of parameter MIPGap to 0.01
   Prev: 0.0001  Min: 0.0  Max: 1e+100  Default: 0.0001
Changed value of parameter TimeLimit to 1800.0
   Prev: 1e+100  Min: 0.0  Max: 1e+100  Default: 1e+100
Changed value of parameter Method to 2
   Prev: -1  Min: -1  Max: 4  Default: -1
Changed value of parameter MIPFocus to 1
   Prev: 0  Min: 0  Max: 3  Default: 0
Optimize a model with 2120 rows, 3030 columns and 6060 nonzeros
Coefficient statistics:
  Matrix range    [1e+00, 2e+01]
  Objective range [5e+02, 1e+04]
  Bounds range    [1e+00, 1e+00]
  RHS range       [8e+01, 8e+01]
Found heuristic solution: objective 0
Presolve removed 2056 rows and 2324 columns
Presolve time: 0.01s
Presolved: 64 rows, 706 columns, 1240 nonzeros
Found heuristic solution: objective -1705742.000
Variable types: 0 continuous, 706 integer (602 binary)
Optimize a model with 64 rows, 706 columns and 1240 nonzeros
Coefficient statistics:
  Matrix range    [1e+00, 2e+01]
  Objective range [5e+02, 1e+04]
  Bounds range    [1e+00, 8e+00]
  RHS range       [1e+01, 8e+01]
Presolved: 64 rows, 706 columns, 1240 nonzeros

Root barrier log...

Ordering time: 0.00s

Barrier statistics:
 AA' NZ     : 5.120e+02
 Factor NZ  : 1.702e+03
 Factor Ops : 6.010e+04 (less than 1 second per iteration)
 Threads    : 1

                  Objective                Residual
Iter       Primal          Dual         Primal    Dual     Compl     Time
   0  -3.94972856e+06 -4.67369307e+06  1.63e+01 1.82e-12  7.52e+03     0s
   1  -1.86367587e+06 -3.38744793e+06  1.46e+00 9.19e+02  1.57e+03     0s
   2  -1.81227644e+06 -2.06848080e+06  4.57e-02 5.19e+01  1.83e+02     0s
   3  -1.90800944e+06 -1.96159889e+06  2.27e-03 1.05e+01  3.68e+01     0s
   4  -1.92401546e+06 -1.93614216e+06  2.82e-04 2.41e+00  8.28e+00     0s
   5  -1.92647178e+06 -1.93057834e+06  8.95e-05 6.47e-01  2.81e+00     0s
   6  -1.92750616e+06 -1.92866854e+06  2.57e-05 1.27e-01  7.94e-01     0s
   7  -1.92781918e+06 -1.92811690e+06  7.83e-06 1.42e-02  2.04e-01     0s
   8  -1.92798760e+06 -1.92803006e+06  0.00e+00 3.67e-03  2.88e-02     0s
   9  -1.92799311e+06 -1.92799859e+06  0.00e+00 4.09e-12  3.72e-03     0s
  10  -1.92799476e+06 -1.92799509e+06  0.00e+00 3.64e-12  2.25e-04     0s
  11  -1.92799484e+06 -1.92799484e+06  0.00e+00 4.09e-12  2.45e-07     0s
  12  -1.92799484e+06 -1.92799484e+06  0.00e+00 4.09e-12  2.45e-10     0s

Barrier solved model in 12 iterations and 0.02 seconds
Optimal objective -1.92799484e+06


Root relaxation: objective -1.927995e+06, 29 iterations, 0.01 seconds

    Nodes    |    Current Node    |     Objective Bounds      |     Work
 Expl Unexpl |  Obj  Depth IntInf | Incumbent    BestBd   Gap | It/Node Time

     0     0 -1927994.8    0   49 -1705742.0 -1927994.8  13.0%     -    0s
H    0     0                    -1880157.000 -1927994.8  2.54%     -    0s
H    0     0                    -1899091.000 -1927994.8  1.52%     -    0s
H    0     0                    -1900095.000 -1927994.8  1.47%     -    0s
H    0     0                    -1900593.000 -1927994.8  1.44%     -    0s
     0     0 -1918149.7    0   58 -1900593.0 -1918149.7  0.92%     -    0s

Cutting planes:
  Cover: 9
  MIR: 42

Explored 0 nodes (153 simplex iterations) in 0.05 seconds
Thread count was 16 (of 16 available processors)

Optimal solution found (tolerance 1.00e-02)
Best objective -1.900593000000e+06, best bound -1.918149000000e+06, gap 0.9237%
