Changed value of parameter MIPGap to 0.01
   Prev: 0.0001  Min: 0.0  Max: 1e+100  Default: 0.0001
Changed value of parameter TimeLimit to 1800.0
   Prev: 1e+100  Min: 0.0  Max: 1e+100  Default: 1e+100
Changed value of parameter Method to 2
   Prev: -1  Min: -1  Max: 4  Default: -1
Changed value of parameter MIPFocus to 1
   Prev: 0  Min: 0  Max: 3  Default: 0
Optimize a model with 2182 rows, 3123 columns and 6246 nonzeros
Coefficient statistics:
  Matrix range    [1e+00, 2e+01]
  Objective range [1e+00, 1e+00]
  Bounds range    [1e+00, 1e+00]
  RHS range       [8e+01, 8e+01]
Found heuristic solution: objective 0
Presolve removed 2111 rows and 2298 columns
Presolve time: 0.01s
Presolved: 71 rows, 825 columns, 1478 nonzeros
Found heuristic solution: objective -798.0000000
Variable types: 0 continuous, 825 integer (730 binary)
Optimize a model with 71 rows, 825 columns and 1478 nonzeros
Coefficient statistics:
  Matrix range    [1e+00, 2e+01]
  Objective range [1e+00, 1e+00]
  Bounds range    [1e+00, 7e+00]
  RHS range       [2e+01, 8e+01]
Presolved: 71 rows, 825 columns, 1478 nonzeros

Root barrier log...

Ordering time: 0.00s

Barrier statistics:
 AA' NZ     : 6.100e+02
 Factor NZ  : 2.142e+03
 Factor Ops : 8.436e+04 (less than 1 second per iteration)
 Threads    : 1

                  Objective                Residual
Iter       Primal          Dual         Primal    Dual     Compl     Time
   0  -2.45942190e+03 -3.28089879e+03  1.21e+01 8.88e-16  4.69e+00     0s
   1  -9.43024668e+02 -2.00592422e+03  9.78e-01 7.10e-01  9.27e-01     0s
   2  -8.49858084e+02 -1.05103342e+03  4.80e-04 7.34e-02  1.21e-01     0s
   3  -9.06311178e+02 -9.48830574e+02  1.25e-05 1.19e-02  2.52e-02     0s
   4  -9.17419579e+02 -9.42825216e+02  0.00e+00 8.93e-03  1.50e-02     0s
   5  -9.23291983e+02 -9.31710928e+02  0.00e+00 2.43e-03  4.98e-03     0s
   6  -9.25795426e+02 -9.29262101e+02  0.00e+00 8.67e-04  2.05e-03     0s
   7  -9.27020633e+02 -9.28061844e+02  0.00e+00 2.33e-04  6.15e-04     0s
   8  -9.27539030e+02 -9.27643339e+02  0.00e+00 9.73e-06  6.14e-05     0s
   9  -9.27594596e+02 -9.27596546e+02  0.00e+00 3.55e-15  1.13e-06     0s
  10  -9.27595603e+02 -9.27595605e+02  0.00e+00 3.55e-15  1.48e-09     0s

Barrier solved model in 10 iterations and 0.03 seconds
Optimal objective -9.27595603e+02


Root relaxation: objective -9.275956e+02, 63 iterations, 0.02 seconds

    Nodes    |    Current Node    |     Objective Bounds      |     Work
 Expl Unexpl |  Obj  Depth IntInf | Incumbent    BestBd   Gap | It/Node Time

     0     0 -927.59560    0   44 -798.00000 -927.59560  16.2%     -    0s
H    0     0                    -910.0000000 -927.59560  1.93%     -    0s
H    0     0                    -913.0000000 -927.59560  1.60%     -    0s
     0     0 -918.05357    0   44 -913.00000 -918.05357  0.55%     -    0s

Cutting planes:
  Gomory: 4
  Cover: 4
  MIR: 45

Explored 0 nodes (217 simplex iterations) in 0.07 seconds
Thread count was 16 (of 16 available processors)

Optimal solution found (tolerance 1.00e-02)
Best objective -9.130000000000e+02, best bound -9.180000000000e+02, gap 0.5476%
Changed value of parameter MIPGap to 0.01
   Prev: 0.0001  Min: 0.0  Max: 1e+100  Default: 0.0001
Changed value of parameter TimeLimit to 1800.0
   Prev: 1e+100  Min: 0.0  Max: 1e+100  Default: 1e+100
Changed value of parameter Method to 2
   Prev: -1  Min: -1  Max: 4  Default: -1
Changed value of parameter MIPFocus to 1
   Prev: 0  Min: 0  Max: 3  Default: 0
Optimize a model with 2182 rows, 3123 columns and 6246 nonzeros
Coefficient statistics:
  Matrix range    [1e+00, 2e+01]
  Objective range [1e+00, 1e+00]
  Bounds range    [1e+00, 1e+00]
  RHS range       [8e+01, 8e+01]
Found heuristic solution: objective 0
Presolve removed 2111 rows and 2287 columns
Presolve time: 0.01s
Presolved: 71 rows, 836 columns, 1489 nonzeros
Found heuristic solution: objective -794.7385000
Variable types: 0 continuous, 836 integer (737 binary)
Optimize a model with 71 rows, 836 columns and 1489 nonzeros
Coefficient statistics:
  Matrix range    [1e+00, 2e+01]
  Objective range [1e+00, 1e+00]
  Bounds range    [1e+00, 7e+00]
  RHS range       [1e+01, 8e+01]
Presolved: 71 rows, 836 columns, 1489 nonzeros

Root barrier log...

Ordering time: 0.00s

Barrier statistics:
 AA' NZ     : 6.100e+02
 Factor NZ  : 2.142e+03
 Factor Ops : 8.436e+04 (less than 1 second per iteration)
 Threads    : 1

                  Objective                Residual
Iter       Primal          Dual         Primal    Dual     Compl     Time
   0  -2.48470475e+03 -3.31187912e+03  1.21e+01 1.78e-15  4.68e+00     0s
   1  -9.58997730e+02 -2.01825608e+03  1.08e+00 7.10e-01  9.41e-01     0s
   2  -8.49652641e+02 -1.05588947e+03  4.77e-04 7.28e-02  1.22e-01     0s
   3  -9.07482658e+02 -9.50843802e+02  1.00e-05 1.21e-02  2.54e-02     0s
   4  -9.20324824e+02 -9.43157869e+02  0.00e+00 8.33e-03  1.33e-02     0s
   5  -9.25223427e+02 -9.32789422e+02  0.00e+00 2.39e-03  4.42e-03     0s
   6  -9.27539915e+02 -9.30581682e+02  0.00e+00 8.24e-04  1.78e-03     0s
   7  -9.28649473e+02 -9.29539640e+02  0.00e+00 2.17e-04  5.20e-04     0s
   8  -9.29079165e+02 -9.29197496e+02  0.00e+00 1.84e-05  6.88e-05     0s
   9  -9.29140149e+02 -9.29141368e+02  0.00e+00 1.78e-15  6.99e-07     0s
  10  -9.29140703e+02 -9.29140704e+02  0.00e+00 3.55e-15  6.99e-10     0s

Barrier solved model in 10 iterations and 0.02 seconds
Optimal objective -9.29140703e+02


Root relaxation: objective -9.291407e+02, 60 iterations, 0.01 seconds

    Nodes    |    Current Node    |     Objective Bounds      |     Work
 Expl Unexpl |  Obj  Depth IntInf | Incumbent    BestBd   Gap | It/Node Time

     0     0 -929.14070    0   44 -794.73850 -929.14070  16.9%     -    0s
H    0     0                    -913.4650000 -929.14070  1.72%     -    0s
H    0     0                    -914.4825000 -929.14070  1.60%     -    0s
     0     0 -918.45889    0   53 -914.48250 -918.45889  0.43%     -    0s

Cutting planes:
  Gomory: 5
  Cover: 4
  MIR: 43

Explored 0 nodes (250 simplex iterations) in 0.06 seconds
Thread count was 16 (of 16 available processors)

Optimal solution found (tolerance 1.00e-02)
Best objective -9.144825000000e+02, best bound -9.184588865601e+02, gap 0.4348%
Changed value of parameter MIPGap to 0.01
   Prev: 0.0001  Min: 0.0  Max: 1e+100  Default: 0.0001
Changed value of parameter TimeLimit to 1800.0
   Prev: 1e+100  Min: 0.0  Max: 1e+100  Default: 1e+100
Changed value of parameter Method to 2
   Prev: -1  Min: -1  Max: 4  Default: -1
Changed value of parameter MIPFocus to 1
   Prev: 0  Min: 0  Max: 3  Default: 0
Optimize a model with 2182 rows, 3123 columns and 6246 nonzeros
Coefficient statistics:
  Matrix range    [1e+00, 2e+01]
  Objective range [1e+00, 1e+00]
  Bounds range    [1e+00, 1e+00]
  RHS range       [8e+01, 8e+01]
Found heuristic solution: objective 0
Presolve removed 2111 rows and 2287 columns
Presolve time: 0.01s
Presolved: 71 rows, 836 columns, 1489 nonzeros
Found heuristic solution: objective -796.4770000
Variable types: 0 continuous, 836 integer (737 binary)
Optimize a model with 71 rows, 836 columns and 1489 nonzeros
Coefficient statistics:
  Matrix range    [1e+00, 2e+01]
  Objective range [1e+00, 1e+00]
  Bounds range    [1e+00, 7e+00]
  RHS range       [1e+01, 8e+01]
Presolved: 71 rows, 836 columns, 1489 nonzeros

Root barrier log...

Ordering time: 0.00s

Barrier statistics:
 AA' NZ     : 6.100e+02
 Factor NZ  : 2.142e+03
 Factor Ops : 8.436e+04 (less than 1 second per iteration)
 Threads    : 1

                  Objective                Residual
Iter       Primal          Dual         Primal    Dual     Compl     Time
   0  -2.48839541e+03 -3.31359882e+03  1.21e+01 1.33e-15  4.68e+00     0s
   1  -9.60675980e+02 -2.01984078e+03  1.08e+00 7.10e-01  9.41e-01     0s
   2  -8.51190617e+02 -1.05764639e+03  4.72e-04 7.28e-02  1.22e-01     0s
   3  -9.09020491e+02 -9.52513250e+02  9.08e-06 1.21e-02  2.55e-02     0s
   4  -9.21842873e+02 -9.44734642e+02  0.00e+00 8.25e-03  1.33e-02     0s
   5  -9.26733251e+02 -9.34207301e+02  0.00e+00 2.29e-03  4.37e-03     0s
   6  -9.29085919e+02 -9.32061840e+02  0.00e+00 7.80e-04  1.74e-03     0s
   7  -9.30241843e+02 -9.31051663e+02  0.00e+00 1.98e-04  4.73e-04     0s
   8  -9.30540529e+02 -9.30742144e+02  0.00e+00 1.89e-05  1.18e-04     0s
   9  -9.30684752e+02 -9.30687080e+02  0.00e+00 3.55e-15  1.34e-06     0s
  10  -9.30685801e+02 -9.30685803e+02  0.00e+00 3.55e-15  1.34e-09     0s

Barrier solved model in 10 iterations and 0.02 seconds
Optimal objective -9.30685801e+02


Root relaxation: objective -9.306858e+02, 60 iterations, 0.01 seconds

    Nodes    |    Current Node    |     Objective Bounds      |     Work
 Expl Unexpl |  Obj  Depth IntInf | Incumbent    BestBd   Gap | It/Node Time

     0     0 -930.68580    0   44 -796.47700 -930.68580  16.9%     -    0s
H    0     0                    -913.9520000 -930.68580  1.83%     -    0s
H    0     0                    -915.9650000 -930.68580  1.61%     -    0s
     0     0 -920.36721    0   54 -915.96500 -920.36721  0.48%     -    0s

Cutting planes:
  Gomory: 4
  Cover: 4
  MIR: 44

Explored 0 nodes (242 simplex iterations) in 0.06 seconds
Thread count was 16 (of 16 available processors)

Optimal solution found (tolerance 1.00e-02)
Best objective -9.159650000000e+02, best bound -9.203672059020e+02, gap 0.4806%
Changed value of parameter MIPGap to 0.01
   Prev: 0.0001  Min: 0.0  Max: 1e+100  Default: 0.0001
Changed value of parameter TimeLimit to 1800.0
   Prev: 1e+100  Min: 0.0  Max: 1e+100  Default: 1e+100
Changed value of parameter Method to 2
   Prev: -1  Min: -1  Max: 4  Default: -1
Changed value of parameter MIPFocus to 1
   Prev: 0  Min: 0  Max: 3  Default: 0
Optimize a model with 2182 rows, 3123 columns and 6246 nonzeros
Coefficient statistics:
  Matrix range    [1e+00, 2e+01]
  Objective range [1e+00, 1e+00]
  Bounds range    [1e+00, 1e+00]
  RHS range       [8e+01, 8e+01]
Found heuristic solution: objective 0
Presolve removed 2111 rows and 2287 columns
Presolve time: 0.01s
Presolved: 71 rows, 836 columns, 1489 nonzeros
Found heuristic solution: objective -799.9540000
Variable types: 0 continuous, 836 integer (737 binary)
Optimize a model with 71 rows, 836 columns and 1489 nonzeros
Coefficient statistics:
  Matrix range    [1e+00, 2e+01]
  Objective range [1e+00, 1e+00]
  Bounds range    [1e+00, 7e+00]
  RHS range       [1e+01, 8e+01]
Presolved: 71 rows, 836 columns, 1489 nonzeros

Root barrier log...

Ordering time: 0.00s

Barrier statistics:
 AA' NZ     : 6.100e+02
 Factor NZ  : 2.142e+03
 Factor Ops : 8.436e+04 (less than 1 second per iteration)
 Threads    : 1

                  Objective                Residual
Iter       Primal          Dual         Primal    Dual     Compl     Time
   0  -2.49577666e+03 -3.31703824e+03  1.21e+01 1.78e-15  4.68e+00     0s
   1  -9.64033516e+02 -2.02301083e+03  1.08e+00 7.09e-01  9.41e-01     0s
   2  -8.54269437e+02 -1.06115765e+03  4.62e-04 7.30e-02  1.22e-01     0s
   3  -9.12099492e+02 -9.55836254e+02  7.20e-06 1.19e-02  2.56e-02     0s
   4  -9.24926406e+02 -9.47879344e+02  0.00e+00 8.09e-03  1.34e-02     0s
   5  -9.29788537e+02 -9.37324153e+02  0.00e+00 2.23e-03  4.40e-03     0s
   6  -9.32520458e+02 -9.35016311e+02  0.00e+00 7.86e-04  1.46e-03     0s
   7  -9.33424498e+02 -9.34080590e+02  0.00e+00 1.71e-04  3.83e-04     0s
   8  -9.33731179e+02 -9.33875179e+02  0.00e+00 5.04e-05  8.35e-05     0s
   9  -9.33775149e+02 -9.33777351e+02  0.00e+00 1.78e-15  1.27e-06     0s
  10  -9.33775999e+02 -9.33776001e+02  0.00e+00 3.55e-15  1.27e-09     0s

Barrier solved model in 10 iterations and 0.02 seconds
Optimal objective -9.33775999e+02


Root relaxation: objective -9.337760e+02, 59 iterations, 0.01 seconds

    Nodes    |    Current Node    |     Objective Bounds      |     Work
 Expl Unexpl |  Obj  Depth IntInf | Incumbent    BestBd   Gap | It/Node Time

     0     0 -933.77600    0   47 -799.95400 -933.77600  16.7%     -    0s
H    0     0                    -916.8560000 -933.77600  1.85%     -    0s
H    0     0                    -918.9300000 -933.77600  1.62%     -    0s
H    0     0                    -919.8460000 -933.77600  1.51%     -    0s
     0     0 -923.23810    0   57 -919.84600 -923.23810  0.37%     -    0s

Cutting planes:
  Gomory: 4
  Cover: 2
  MIR: 47

Explored 0 nodes (242 simplex iterations) in 0.06 seconds
Thread count was 16 (of 16 available processors)

Optimal solution found (tolerance 1.00e-02)
Best objective -9.198460000000e+02, best bound -9.232380954469e+02, gap 0.3688%
Changed value of parameter MIPGap to 0.01
   Prev: 0.0001  Min: 0.0  Max: 1e+100  Default: 0.0001
Changed value of parameter TimeLimit to 1800.0
   Prev: 1e+100  Min: 0.0  Max: 1e+100  Default: 1e+100
Changed value of parameter Method to 2
   Prev: -1  Min: -1  Max: 4  Default: -1
Changed value of parameter MIPFocus to 1
   Prev: 0  Min: 0  Max: 3  Default: 0
Optimize a model with 2182 rows, 3123 columns and 6246 nonzeros
Coefficient statistics:
  Matrix range    [1e+00, 2e+01]
  Objective range [1e+00, 1e+00]
  Bounds range    [1e+00, 1e+00]
  RHS range       [8e+01, 8e+01]
Found heuristic solution: objective 0
Presolve removed 2111 rows and 2287 columns
Presolve time: 0.01s
Presolved: 71 rows, 836 columns, 1489 nonzeros
Found heuristic solution: objective -806.9080000
Variable types: 0 continuous, 836 integer (737 binary)
Optimize a model with 71 rows, 836 columns and 1489 nonzeros
Coefficient statistics:
  Matrix range    [1e+00, 2e+01]
  Objective range [1e+00, 1e+00]
  Bounds range    [1e+00, 7e+00]
  RHS range       [1e+01, 8e+01]
Presolved: 71 rows, 836 columns, 1489 nonzeros

Root barrier log...

Ordering time: 0.00s

Barrier statistics:
 AA' NZ     : 6.100e+02
 Factor NZ  : 2.142e+03
 Factor Ops : 8.436e+04 (less than 1 second per iteration)
 Threads    : 1

                  Objective                Residual
Iter       Primal          Dual         Primal    Dual     Compl     Time
   0  -2.51053887e+03 -3.32391707e+03  1.21e+01 1.33e-15  4.68e+00     0s
   1  -9.70752724e+02 -2.02935353e+03  1.08e+00 7.08e-01  9.41e-01     0s
   2  -8.60438979e+02 -1.06817561e+03  4.41e-04 7.34e-02  1.23e-01     0s
   3  -9.18269472e+02 -9.62496924e+02  3.34e-06 1.16e-02  2.59e-02     0s
   4  -9.31230747e+02 -9.54199966e+02  0.00e+00 7.76e-03  1.34e-02     0s
   5  -9.35973003e+02 -9.43631245e+02  0.00e+00 2.11e-03  4.47e-03     0s
   6  -9.38910108e+02 -9.41110456e+02  0.00e+00 6.08e-04  1.28e-03     0s
   7  -9.39692014e+02 -9.40300466e+02  0.00e+00 1.32e-04  3.54e-04     0s
   8  -9.39942996e+02 -9.40097250e+02  0.00e+00 4.81e-05  8.91e-05     0s
   9  -9.39958475e+02 -9.39974619e+02  0.00e+00 3.29e-07  9.34e-06     0s
  10  -9.39971811e+02 -9.39971833e+02  0.00e+00 3.55e-15  1.29e-08     0s
  11  -9.39971824e+02 -9.39971824e+02  0.00e+00 3.55e-15  1.29e-11     0s

Barrier solved model in 11 iterations and 0.02 seconds
Optimal objective -9.39971824e+02


Root relaxation: objective -9.399718e+02, 62 iterations, 0.01 seconds

    Nodes    |    Current Node    |     Objective Bounds      |     Work
 Expl Unexpl |  Obj  Depth IntInf | Incumbent    BestBd   Gap | It/Node Time

     0     0 -939.97182    0   44 -806.90800 -939.97182  16.5%     -    0s
H    0     0                    -921.8480000 -939.97182  1.97%     -    0s
H    0     0                    -924.8840000 -939.97182  1.63%     -    0s
     0     0 -930.57151    0   58 -924.88400 -930.57151  0.61%     -    0s

Cutting planes:
  Gomory: 3
  Cover: 4
  MIR: 45

Explored 0 nodes (256 simplex iterations) in 0.06 seconds
Thread count was 16 (of 16 available processors)

Optimal solution found (tolerance 1.00e-02)
Best objective -9.248840000000e+02, best bound -9.305715075869e+02, gap 0.6149%
Changed value of parameter MIPGap to 0.01
   Prev: 0.0001  Min: 0.0  Max: 1e+100  Default: 0.0001
Changed value of parameter TimeLimit to 1800.0
   Prev: 1e+100  Min: 0.0  Max: 1e+100  Default: 1e+100
Changed value of parameter Method to 2
   Prev: -1  Min: -1  Max: 4  Default: -1
Changed value of parameter MIPFocus to 1
   Prev: 0  Min: 0  Max: 3  Default: 0
Optimize a model with 2182 rows, 3123 columns and 6246 nonzeros
Coefficient statistics:
  Matrix range    [1e+00, 2e+01]
  Objective range [1e+00, 1e+00]
  Bounds range    [1e+00, 1e+00]
  RHS range       [8e+01, 8e+01]
Found heuristic solution: objective 0
Presolve removed 2111 rows and 2287 columns
Presolve time: 0.01s
Presolved: 71 rows, 836 columns, 1489 nonzeros
Found heuristic solution: objective -810.3850000
Variable types: 0 continuous, 836 integer (737 binary)
Optimize a model with 71 rows, 836 columns and 1489 nonzeros
Coefficient statistics:
  Matrix range    [1e+00, 2e+01]
  Objective range [1e+00, 1e+00]
  Bounds range    [1e+00, 7e+00]
  RHS range       [1e+01, 8e+01]
Presolved: 71 rows, 836 columns, 1489 nonzeros

Root barrier log...

Ordering time: 0.00s

Barrier statistics:
 AA' NZ     : 6.100e+02
 Factor NZ  : 2.142e+03
 Factor Ops : 8.436e+04 (less than 1 second per iteration)
 Threads    : 1

                  Objective                Residual
Iter       Primal          Dual         Primal    Dual     Compl     Time
   0  -2.51791984e+03 -3.32735648e+03  1.21e+01 1.33e-15  4.68e+00     0s
   1  -9.74114352e+02 -2.03252616e+03  1.08e+00 7.08e-01  9.41e-01     0s
   2  -8.63529347e+02 -1.07167922e+03  4.30e-04 7.36e-02  1.23e-01     0s
   3  -9.21360407e+02 -9.65852228e+02  1.26e-06 1.14e-02  2.60e-02     0s
   4  -9.34419639e+02 -9.57394142e+02  0.00e+00 7.60e-03  1.34e-02     0s
   5  -9.39099518e+02 -9.46834999e+02  0.00e+00 2.04e-03  4.52e-03     0s
   6  -9.42035336e+02 -9.44017294e+02  0.00e+00 4.99e-04  1.16e-03     0s
   7  -9.42771954e+02 -9.43375940e+02  0.00e+00 1.26e-04  3.52e-04     0s
   8  -9.42972182e+02 -9.43147322e+02  0.00e+00 2.43e-05  1.02e-04     0s
   9  -9.43071981e+02 -9.43082751e+02  0.00e+00 3.55e-15  6.21e-06     0s
  10  -9.43076588e+02 -9.43076600e+02  0.00e+00 3.55e-15  6.65e-09     0s
  11  -9.43076593e+02 -9.43076593e+02  0.00e+00 1.78e-15  6.65e-12     0s

Barrier solved model in 11 iterations and 0.02 seconds
Optimal objective -9.43076593e+02


Root relaxation: objective -9.430766e+02, 61 iterations, 0.01 seconds

    Nodes    |    Current Node    |     Objective Bounds      |     Work
 Expl Unexpl |  Obj  Depth IntInf | Incumbent    BestBd   Gap | It/Node Time

     0     0 -943.07659    0   46 -810.38500 -943.07659  16.4%     -    0s
H    0     0                    -926.8100000 -943.07659  1.76%     -    0s
H    0     0                    -927.8250000 -943.07659  1.64%     -    0s
H    0     0                    -928.6450000 -943.07659  1.55%     -    0s
     0     0 -933.57207    0   56 -928.64500 -933.57207  0.53%     -    0s

Cutting planes:
  Gomory: 4
  Cover: 3
  MIR: 47

Explored 0 nodes (237 simplex iterations) in 0.06 seconds
Thread count was 16 (of 16 available processors)

Optimal solution found (tolerance 1.00e-02)
Best objective -9.286450000000e+02, best bound -9.335700000000e+02, gap 0.5303%
Changed value of parameter MIPGap to 0.01
   Prev: 0.0001  Min: 0.0  Max: 1e+100  Default: 0.0001
Changed value of parameter TimeLimit to 1800.0
   Prev: 1e+100  Min: 0.0  Max: 1e+100  Default: 1e+100
Changed value of parameter Method to 2
   Prev: -1  Min: -1  Max: 4  Default: -1
Changed value of parameter MIPFocus to 1
   Prev: 0  Min: 0  Max: 3  Default: 0
Optimize a model with 2182 rows, 3123 columns and 6246 nonzeros
Coefficient statistics:
  Matrix range    [1e+00, 2e+01]
  Objective range [1e+00, 1e+00]
  Bounds range    [1e+00, 1e+00]
  RHS range       [8e+01, 8e+01]
Found heuristic solution: objective 0
Presolve removed 2111 rows and 2287 columns
Presolve time: 0.01s
Presolved: 71 rows, 836 columns, 1489 nonzeros
Found heuristic solution: objective -827.7700000
Variable types: 0 continuous, 836 integer (737 binary)
Optimize a model with 71 rows, 836 columns and 1489 nonzeros
Coefficient statistics:
  Matrix range    [1e+00, 2e+01]
  Objective range [1e+00, 1e+00]
  Bounds range    [1e+00, 7e+00]
  RHS range       [1e+01, 8e+01]
Presolved: 71 rows, 836 columns, 1489 nonzeros

Root barrier log...

Ordering time: 0.00s

Barrier statistics:
 AA' NZ     : 6.100e+02
 Factor NZ  : 2.142e+03
 Factor Ops : 8.436e+04 (less than 1 second per iteration)
 Threads    : 1

                  Objective                Residual
Iter       Primal          Dual         Primal    Dual     Compl     Time
   0  -2.55482326e+03 -3.34455356e+03  1.21e+01 1.78e-15  4.68e+00     0s
   1  -9.90939331e+02 -2.04840179e+03  1.08e+00 7.06e-01  9.41e-01     0s
   2  -8.79058234e+02 -1.08902530e+03  3.95e-04 7.44e-02  1.24e-01     0s
   3  -9.36888736e+02 -9.82434791e+02  0.00e+00 1.06e-02  2.66e-02     0s
   4  -9.51041175e+02 -9.73432116e+02  0.00e+00 6.77e-03  1.30e-02     0s
   5  -9.55263484e+02 -9.63172488e+02  0.00e+00 1.29e-03  4.61e-03     0s
   6  -9.58172515e+02 -9.60628056e+02  0.00e+00 8.46e-05  1.43e-03     0s
   7  -9.58932022e+02 -9.59866874e+02  0.00e+00 1.78e-15  5.41e-04     0s
   8  -9.59113797e+02 -9.59455739e+02  0.00e+00 1.78e-15  1.98e-04     0s
   9  -9.59177406e+02 -9.59269911e+02  0.00e+00 3.55e-15  5.36e-05     0s
  10  -9.59216749e+02 -9.59220124e+02  0.00e+00 3.55e-15  1.94e-06     0s
  11  -9.59217580e+02 -9.59217587e+02  0.00e+00 1.78e-15  3.69e-09     0s

Barrier solved model in 11 iterations and 0.02 seconds
Optimal objective -9.59217580e+02


Root relaxation: objective -9.592176e+02, 56 iterations, 0.01 seconds

    Nodes    |    Current Node    |     Objective Bounds      |     Work
 Expl Unexpl |  Obj  Depth IntInf | Incumbent    BestBd   Gap | It/Node Time

     0     0 -959.21758    0   46 -827.77000 -959.21758  15.9%     -    0s
H    0     0                    -940.6600000 -959.21758  1.97%     -    0s
H    0     0                    -941.6600000 -959.21758  1.86%     -    0s
     0     0 -950.71121    0   47 -941.66000 -950.71121  0.96%     -    0s

Cutting planes:
  Gomory: 3
  Cover: 4
  MIR: 46

Explored 0 nodes (206 simplex iterations) in 0.06 seconds
Thread count was 16 (of 16 available processors)

Optimal solution found (tolerance 1.00e-02)
Best objective -9.416600000000e+02, best bound -9.507100000000e+02, gap 0.9611%
Changed value of parameter MIPGap to 0.01
   Prev: 0.0001  Min: 0.0  Max: 1e+100  Default: 0.0001
Changed value of parameter TimeLimit to 1800.0
   Prev: 1e+100  Min: 0.0  Max: 1e+100  Default: 1e+100
Changed value of parameter Method to 2
   Prev: -1  Min: -1  Max: 4  Default: -1
Changed value of parameter MIPFocus to 1
   Prev: 0  Min: 0  Max: 3  Default: 0
Optimize a model with 2182 rows, 3123 columns and 6246 nonzeros
Coefficient statistics:
  Matrix range    [1e+00, 2e+01]
  Objective range [1e+00, 1e+00]
  Bounds range    [1e+00, 1e+00]
  RHS range       [8e+01, 8e+01]
Found heuristic solution: objective 0
Presolve removed 2111 rows and 2287 columns
Presolve time: 0.01s
Presolved: 71 rows, 836 columns, 1489 nonzeros
Found heuristic solution: objective -862.5400000
Variable types: 0 continuous, 836 integer (737 binary)
Optimize a model with 71 rows, 836 columns and 1489 nonzeros
Coefficient statistics:
  Matrix range    [1e+00, 2e+01]
  Objective range [1e+00, 1e+00]
  Bounds range    [1e+00, 7e+00]
  RHS range       [1e+01, 8e+01]
Presolved: 71 rows, 836 columns, 1489 nonzeros

Root barrier log...

Ordering time: 0.00s

Barrier statistics:
 AA' NZ     : 6.100e+02
 Factor NZ  : 2.142e+03
 Factor Ops : 8.436e+04 (less than 1 second per iteration)
 Threads    : 1

                  Objective                Residual
Iter       Primal          Dual         Primal    Dual     Compl     Time
   0  -2.62862307e+03 -3.37894771e+03  1.21e+01 1.33e-15  4.68e+00     0s
   1  -1.02469041e+03 -2.08021740e+03  1.07e+00 7.02e-01  9.41e-01     0s
   2  -9.10470637e+02 -1.12302796e+03  3.66e-04 7.54e-02  1.25e-01     0s
   3  -9.68217971e+02 -1.01417123e+03  0.00e+00 7.75e-03  2.68e-02     0s
   4  -9.84303694e+02 -1.00546252e+03  0.00e+00 4.53e-03  1.23e-02     0s
   5  -9.88423835e+02 -9.95507503e+02  0.00e+00 2.36e-04  4.12e-03     0s
   6  -9.90963164e+02 -9.93770748e+02  0.00e+00 1.78e-15  1.63e-03     0s
   7  -9.91506327e+02 -9.92299368e+02  0.00e+00 3.55e-15  4.61e-04     0s
   8  -9.91875891e+02 -9.91950668e+02  0.00e+00 3.55e-15  4.34e-05     0s
   9  -9.91923893e+02 -9.91923968e+02  0.00e+00 3.55e-15  4.34e-08     0s
  10  -9.91923941e+02 -9.91923941e+02  0.00e+00 3.55e-15  4.34e-11     0s

Barrier solved model in 10 iterations and 0.02 seconds
Optimal objective -9.91923941e+02


Root relaxation: objective -9.919239e+02, 52 iterations, 0.01 seconds

    Nodes    |    Current Node    |     Objective Bounds      |     Work
 Expl Unexpl |  Obj  Depth IntInf | Incumbent    BestBd   Gap | It/Node Time

     0     0 -991.92394    0   49 -862.54000 -991.92394  15.0%     -    0s
H    0     0                    -971.2200000 -991.92394  2.13%     -    0s
H    0     0                    -971.9200000 -991.92394  2.06%     -    0s
     0     0 -981.87486    0   49 -971.92000 -981.87486  1.02%     -    0s
H    0     0                    -974.4400000 -981.87486  0.76%     -    0s

Cutting planes:
  Gomory: 4
  Cover: 4
  MIR: 44

Explored 0 nodes (197 simplex iterations) in 0.07 seconds
Thread count was 16 (of 16 available processors)

Optimal solution found (tolerance 1.00e-02)
Best objective -9.744400000000e+02, best bound -9.818600000000e+02, gap 0.7615%
Changed value of parameter MIPGap to 0.01
   Prev: 0.0001  Min: 0.0  Max: 1e+100  Default: 0.0001
Changed value of parameter TimeLimit to 1800.0
   Prev: 1e+100  Min: 0.0  Max: 1e+100  Default: 1e+100
Changed value of parameter Method to 2
   Prev: -1  Min: -1  Max: 4  Default: -1
Changed value of parameter MIPFocus to 1
   Prev: 0  Min: 0  Max: 3  Default: 0
Optimize a model with 2182 rows, 3123 columns and 6246 nonzeros
Coefficient statistics:
  Matrix range    [1e+00, 2e+01]
  Objective range [1e+00, 2e+00]
  Bounds range    [1e+00, 1e+00]
  RHS range       [8e+01, 8e+01]
Found heuristic solution: objective 0
Presolve removed 2111 rows and 2287 columns
Presolve time: 0.01s
Presolved: 71 rows, 836 columns, 1489 nonzeros
Found heuristic solution: objective -932.0800000
Variable types: 0 continuous, 836 integer (737 binary)
Optimize a model with 71 rows, 836 columns and 1489 nonzeros
Coefficient statistics:
  Matrix range    [1e+00, 2e+01]
  Objective range [1e+00, 2e+00]
  Bounds range    [1e+00, 7e+00]
  RHS range       [1e+01, 8e+01]
Presolved: 71 rows, 836 columns, 1489 nonzeros

Root barrier log...

Ordering time: 0.00s

Barrier statistics:
 AA' NZ     : 6.100e+02
 Factor NZ  : 2.142e+03
 Factor Ops : 8.436e+04 (less than 1 second per iteration)
 Threads    : 1

                  Objective                Residual
Iter       Primal          Dual         Primal    Dual     Compl     Time
   0  -2.77619466e+03 -3.44773600e+03  1.21e+01 1.33e-15  4.69e+00     0s
   1  -1.09259084e+03 -2.14410555e+03  1.07e+00 6.95e-01  9.40e-01     0s
   2  -9.74398584e+02 -1.18794306e+03  2.87e-04 7.47e-02  1.26e-01     0s
   3  -1.03182559e+03 -1.08340936e+03  0.00e+00 5.33e-15  3.01e-02     0s
   4  -1.05098133e+03 -1.06453692e+03  0.00e+00 2.12e-03  7.86e-03     0s
   5  -1.05488180e+03 -1.06131427e+03  0.00e+00 1.78e-15  3.72e-03     0s
   6  -1.05610240e+03 -1.05859700e+03  0.00e+00 1.78e-15  1.45e-03     0s
   7  -1.05708476e+03 -1.05801954e+03  0.00e+00 1.78e-15  5.40e-04     0s
   8  -1.05735871e+03 -1.05757917e+03  0.00e+00 1.78e-15  1.27e-04     0s
   9  -1.05739916e+03 -1.05740077e+03  0.00e+00 3.55e-15  9.26e-07     0s
  10  -1.05740000e+03 -1.05740000e+03  0.00e+00 3.55e-15  9.26e-10     0s

Barrier solved model in 10 iterations and 0.02 seconds
Optimal objective -1.05740000e+03


Root relaxation: objective -1.057400e+03, 44 iterations, 0.01 seconds

    Nodes    |    Current Node    |     Objective Bounds      |     Work
 Expl Unexpl |  Obj  Depth IntInf | Incumbent    BestBd   Gap | It/Node Time

     0     0 -1057.4000    0   49 -932.08000 -1057.4000  13.4%     -    0s
H    0     0                    -1031.560000 -1057.4000  2.50%     -    0s
H    0     0                    -1033.520000 -1057.4000  2.31%     -    0s
     0     0 -1046.3007    0   64 -1033.5200 -1046.3007  1.24%     -    0s
H    0     0                    -1038.280000 -1046.3007  0.77%     -    0s

Cutting planes:
  Gomory: 4
  Cover: 3
  MIR: 46

Explored 0 nodes (204 simplex iterations) in 0.07 seconds
Thread count was 16 (of 16 available processors)

Optimal solution found (tolerance 1.00e-02)
Best objective -1.038280000000e+03, best bound -1.046280000000e+03, gap 0.7705%
Changed value of parameter MIPGap to 0.01
   Prev: 0.0001  Min: 0.0  Max: 1e+100  Default: 0.0001
Changed value of parameter TimeLimit to 1800.0
   Prev: 1e+100  Min: 0.0  Max: 1e+100  Default: 1e+100
Changed value of parameter Method to 2
   Prev: -1  Min: -1  Max: 4  Default: -1
Changed value of parameter MIPFocus to 1
   Prev: 0  Min: 0  Max: 3  Default: 0
Optimize a model with 2182 rows, 3123 columns and 6246 nonzeros
Coefficient statistics:
  Matrix range    [1e+00, 2e+01]
  Objective range [1e+00, 2e+00]
  Bounds range    [1e+00, 1e+00]
  RHS range       [8e+01, 8e+01]
Found heuristic solution: objective 0
Presolve removed 2111 rows and 2287 columns
Presolve time: 0.01s
Presolved: 71 rows, 836 columns, 1489 nonzeros
Found heuristic solution: objective -966.8500000
Variable types: 0 continuous, 836 integer (737 binary)
Optimize a model with 71 rows, 836 columns and 1489 nonzeros
Coefficient statistics:
  Matrix range    [1e+00, 2e+01]
  Objective range [1e+00, 2e+00]
  Bounds range    [1e+00, 7e+00]
  RHS range       [1e+01, 8e+01]
Presolved: 71 rows, 836 columns, 1489 nonzeros

Root barrier log...

Ordering time: 0.00s

Barrier statistics:
 AA' NZ     : 6.100e+02
 Factor NZ  : 2.142e+03
 Factor Ops : 8.436e+04 (less than 1 second per iteration)
 Threads    : 1

                  Objective                Residual
Iter       Primal          Dual         Primal    Dual     Compl     Time
   0  -2.84996649e+03 -3.48213015e+03  1.21e+01 1.78e-15  4.69e+00     0s
   1  -1.12673715e+03 -2.17617784e+03  1.07e+00 6.91e-01  9.39e-01     0s
   2  -1.00687956e+03 -1.21786349e+03  2.43e-04 7.23e-02  1.24e-01     0s
   3  -1.06404595e+03 -1.11750650e+03  0.00e+00 5.15e-14  3.11e-02     0s
   4  -1.08307152e+03 -1.09880818e+03  0.00e+00 1.78e-14  9.12e-03     0s
   5  -1.08778123e+03 -1.09440944e+03  0.00e+00 8.88e-15  3.83e-03     0s
   6  -1.08952545e+03 -1.09125560e+03  0.00e+00 1.78e-15  1.00e-03     0s
   7  -1.08985373e+03 -1.09058054e+03  0.00e+00 1.78e-15  4.20e-04     0s
   8  -1.09004070e+03 -1.09018156e+03  0.00e+00 3.55e-15  8.19e-05     0s
   9  -1.09015858e+03 -1.09015889e+03  0.00e+00 3.55e-15  1.79e-07     0s
  10  -1.09015873e+03 -1.09015873e+03  0.00e+00 3.55e-15  1.79e-10     0s

Barrier solved model in 10 iterations and 0.02 seconds
Optimal objective -1.09015873e+03


Root relaxation: objective -1.090159e+03, 62 iterations, 0.01 seconds

    Nodes    |    Current Node    |     Objective Bounds      |     Work
 Expl Unexpl |  Obj  Depth IntInf | Incumbent    BestBd   Gap | It/Node Time

     0     0 -1090.1587    0   56 -966.85000 -1090.1587  12.8%     -    0s
H    0     0                    -1063.950000 -1090.1587  2.46%     -    0s
H    0     0                    -1064.900000 -1090.1587  2.37%     -    0s
     0     0 -1078.3827    0   67 -1064.9000 -1078.3827  1.27%     -    0s
H    0     0                    -1070.600000 -1078.3827  0.73%     -    0s

Cutting planes:
  Gomory: 3
  Cover: 2
  MIR: 49

Explored 0 nodes (261 simplex iterations) in 0.08 seconds
Thread count was 16 (of 16 available processors)

Optimal solution found (tolerance 1.00e-02)
Best objective -1.070600000000e+03, best bound -1.078350000000e+03, gap 0.7239%
Changed value of parameter MIPGap to 0.01
   Prev: 0.0001  Min: 0.0  Max: 1e+100  Default: 0.0001
Changed value of parameter TimeLimit to 1800.0
   Prev: 1e+100  Min: 0.0  Max: 1e+100  Default: 1e+100
Changed value of parameter Method to 2
   Prev: -1  Min: -1  Max: 4  Default: -1
Changed value of parameter MIPFocus to 1
   Prev: 0  Min: 0  Max: 3  Default: 0
Optimize a model with 2182 rows, 3123 columns and 6246 nonzeros
Coefficient statistics:
  Matrix range    [1e+00, 2e+01]
  Objective range [1e+00, 3e+00]
  Bounds range    [1e+00, 1e+00]
  RHS range       [8e+01, 8e+01]
Found heuristic solution: objective 0
Presolve removed 2111 rows and 2287 columns
Presolve time: 0.01s
Presolved: 71 rows, 836 columns, 1489 nonzeros
Found heuristic solution: objective -1140.700000
Variable types: 0 continuous, 836 integer (737 binary)
Optimize a model with 71 rows, 836 columns and 1489 nonzeros
Coefficient statistics:
  Matrix range    [1e+00, 2e+01]
  Objective range [1e+00, 3e+00]
  Bounds range    [1e+00, 7e+00]
  RHS range       [1e+01, 8e+01]
Presolved: 71 rows, 836 columns, 1489 nonzeros

Root barrier log...

Ordering time: 0.00s

Barrier statistics:
 AA' NZ     : 6.100e+02
 Factor NZ  : 2.142e+03
 Factor Ops : 8.436e+04 (less than 1 second per iteration)
 Threads    : 1

                  Objective                Residual
Iter       Primal          Dual         Primal    Dual     Compl     Time
   0  -3.21868745e+03 -3.65410090e+03  1.21e+01 1.33e-15  4.71e+00     0s
   1  -1.29934536e+03 -2.33773470e+03  1.05e+00 6.72e-01  9.36e-01     0s
   2  -1.16758296e+03 -1.37906693e+03  1.41e-04 6.19e-02  1.23e-01     0s
   3  -1.22837172e+03 -1.28537401e+03  0.00e+00 1.71e-03  3.30e-02     0s
   4  -1.24822586e+03 -1.26659616e+03  0.00e+00 1.07e-14  1.06e-02     0s
   5  -1.25389722e+03 -1.26161702e+03  0.00e+00 3.55e-15  4.45e-03     0s
   6  -1.25601497e+03 -1.25862215e+03  0.00e+00 3.55e-15  1.50e-03     0s
   7  -1.25662002e+03 -1.25743559e+03  0.00e+00 1.78e-15  4.71e-04     0s
   8  -1.25693566e+03 -1.25717895e+03  0.00e+00 3.55e-15  1.40e-04     0s
   9  -1.25707788e+03 -1.25707981e+03  0.00e+00 3.55e-15  1.11e-06     0s
  10  -1.25707864e+03 -1.25707864e+03  0.00e+00 3.55e-15  1.11e-09     0s

Barrier solved model in 10 iterations and 0.02 seconds
Optimal objective -1.25707864e+03


Root relaxation: objective -1.257079e+03, 61 iterations, 0.01 seconds

    Nodes    |    Current Node    |     Objective Bounds      |     Work
 Expl Unexpl |  Obj  Depth IntInf | Incumbent    BestBd   Gap | It/Node Time

     0     0 -1257.0786    0   51 -1140.7000 -1257.0786  10.2%     -    0s
H    0     0                    -1225.500000 -1257.0786  2.58%     -    0s
H    0     0                    -1229.500000 -1257.0786  2.24%     -    0s
     0     0 -1246.4966    0   71 -1229.5000 -1246.4966  1.38%     -    0s
H    0     0                    -1232.400000 -1246.4966  1.14%     -    0s
     0     0 -1246.3961    0   72 -1232.4000 -1246.3961  1.14%     -    0s
     0     0 -1243.7810    0   82 -1232.4000 -1243.7810  0.92%     -    0s

Cutting planes:
  Gomory: 5
  Cover: 5
  MIR: 82

Explored 0 nodes (451 simplex iterations) in 0.10 seconds
Thread count was 16 (of 16 available processors)

Optimal solution found (tolerance 1.00e-02)
Best objective -1.232400000000e+03, best bound -1.243700000000e+03, gap 0.9169%
Changed value of parameter MIPGap to 0.01
   Prev: 0.0001  Min: 0.0  Max: 1e+100  Default: 0.0001
Changed value of parameter TimeLimit to 1800.0
   Prev: 1e+100  Min: 0.0  Max: 1e+100  Default: 1e+100
Changed value of parameter Method to 2
   Prev: -1  Min: -1  Max: 4  Default: -1
Changed value of parameter MIPFocus to 1
   Prev: 0  Min: 0  Max: 3  Default: 0
Optimize a model with 2182 rows, 3123 columns and 6246 nonzeros
Coefficient statistics:
  Matrix range    [1e+00, 2e+01]
  Objective range [1e+00, 5e+00]
  Bounds range    [1e+00, 1e+00]
  RHS range       [8e+01, 8e+01]
Found heuristic solution: objective 0
Presolve removed 2111 rows and 2287 columns
Presolve time: 0.01s
Presolved: 71 rows, 836 columns, 1489 nonzeros
Found heuristic solution: objective -1488.400000
Variable types: 0 continuous, 836 integer (737 binary)
Optimize a model with 71 rows, 836 columns and 1489 nonzeros
Coefficient statistics:
  Matrix range    [1e+00, 2e+01]
  Objective range [1e+00, 5e+00]
  Bounds range    [1e+00, 7e+00]
  RHS range       [1e+01, 8e+01]
Presolved: 71 rows, 836 columns, 1489 nonzeros

Root barrier log...

Ordering time: 0.00s

Barrier statistics:
 AA' NZ     : 6.100e+02
 Factor NZ  : 2.142e+03
 Factor Ops : 8.436e+04 (less than 1 second per iteration)
 Threads    : 1

                  Objective                Residual
Iter       Primal          Dual         Primal    Dual     Compl     Time
   0  -3.95558170e+03 -4.01650874e+03  1.21e+01 1.78e-15  4.77e+00     0s
   1  -1.65408587e+03 -2.67650487e+03  1.02e+00 6.43e-01  9.34e-01     0s
   2  -1.53710208e+03 -1.72249142e+03  3.68e-02 5.42e-02  1.16e-01     0s
   3  -1.57404014e+03 -1.63058430e+03  1.30e-02 8.88e-15  3.56e-02     0s
   4  -1.59656285e+03 -1.61286430e+03  2.04e-03 1.78e-15  9.89e-03     0s
   5  -1.60295100e+03 -1.60864493e+03  5.46e-04 1.78e-15  3.42e-03     0s
   6  -1.60469298e+03 -1.60651738e+03  9.90e-05 3.55e-15  1.08e-03     0s
   7  -1.60529803e+03 -1.60573050e+03  8.28e-06 1.78e-15  2.52e-04     0s
   8  -1.60544260e+03 -1.60546779e+03  0.00e+00 1.78e-15  1.46e-05     0s
   9  -1.60545041e+03 -1.60545049e+03  0.00e+00 3.55e-15  4.24e-08     0s
  10  -1.60545045e+03 -1.60545045e+03  0.00e+00 1.78e-15  4.24e-11     0s

Barrier solved model in 10 iterations and 0.02 seconds
Optimal objective -1.60545045e+03


Root relaxation: objective -1.605450e+03, 26 iterations, 0.01 seconds

    Nodes    |    Current Node    |     Objective Bounds      |     Work
 Expl Unexpl |  Obj  Depth IntInf | Incumbent    BestBd   Gap | It/Node Time

     0     0 -1605.4505    0   54 -1488.4000 -1605.4505  7.86%     -    0s
H    0     0                    -1558.200000 -1605.4505  3.03%     -    0s
H    0     0                    -1561.600000 -1605.4505  2.81%     -    0s
H    0     0                    -1563.600000 -1605.4505  2.68%     -    0s
     0     0 -1595.9889    0   94 -1563.6000 -1595.9889  2.07%     -    0s
H    0     0                    -1572.800000 -1595.9889  1.47%     -    0s
H    0     0                    -1577.800000 -1595.9889  1.15%     -    0s
     0     0 -1595.6056    0  100 -1577.8000 -1595.6056  1.13%     -    0s
H    0     0                    -1579.600000 -1595.6056  1.01%     -    0s
     0     0 -1592.9753    0  127 -1579.6000 -1592.9753  0.85%     -    0s

Cutting planes:
  Gomory: 2
  Cover: 9
  MIR: 97

Explored 0 nodes (540 simplex iterations) in 0.13 seconds
Thread count was 16 (of 16 available processors)

Optimal solution found (tolerance 1.00e-02)
Best objective -1.579600000000e+03, best bound -1.592800000000e+03, gap 0.8357%
Changed value of parameter MIPGap to 0.01
   Prev: 0.0001  Min: 0.0  Max: 1e+100  Default: 0.0001
Changed value of parameter TimeLimit to 1800.0
   Prev: 1e+100  Min: 0.0  Max: 1e+100  Default: 1e+100
Changed value of parameter Method to 2
   Prev: -1  Min: -1  Max: 4  Default: -1
Changed value of parameter MIPFocus to 1
   Prev: 0  Min: 0  Max: 3  Default: 0
Optimize a model with 2182 rows, 3123 columns and 6246 nonzeros
Coefficient statistics:
  Matrix range    [1e+00, 2e+01]
  Objective range [1e+00, 9e+00]
  Bounds range    [1e+00, 1e+00]
  RHS range       [8e+01, 8e+01]
Found heuristic solution: objective 0
Presolve removed 2111 rows and 2289 columns
Presolve time: 0.01s
Presolved: 71 rows, 834 columns, 1487 nonzeros
Found heuristic solution: objective -2186.800000
Variable types: 0 continuous, 834 integer (735 binary)
Optimize a model with 71 rows, 834 columns and 1487 nonzeros
Coefficient statistics:
  Matrix range    [1e+00, 2e+01]
  Objective range [1e+00, 9e+00]
  Bounds range    [1e+00, 1e+01]
  RHS range       [1e+01, 8e+01]
Presolve removed 0 rows and 55 columns
Presolved: 71 rows, 779 columns, 1423 nonzeros

Root barrier log...

Ordering time: 0.00s

Barrier statistics:
 AA' NZ     : 6.100e+02
 Factor NZ  : 2.142e+03
 Factor Ops : 8.436e+04 (less than 1 second per iteration)
 Threads    : 1

                  Objective                Residual
Iter       Primal          Dual         Primal    Dual     Compl     Time
   0  -5.26662767e+03 -4.77349540e+03  1.20e+01 1.78e-15  5.09e+00     0s
   1  -2.42345139e+03 -3.32249815e+03  1.11e+00 6.09e-01  9.73e-01     0s
   2  -2.27421760e+03 -2.46443623e+03  6.57e-02 5.10e-02  1.34e-01     0s
   3  -2.29424396e+03 -2.34292317e+03  2.25e-02 7.11e-15  3.53e-02     0s
   4  -2.30473283e+03 -2.32790773e+03  9.57e-03 5.33e-15  1.65e-02     0s
   5  -2.30914476e+03 -2.32256780e+03  5.62e-03 3.55e-15  9.59e-03     0s
   6  -2.31267093e+03 -2.31867459e+03  1.98e-03 3.55e-15  4.17e-03     0s
   7  -2.31373289e+03 -2.31613607e+03  8.61e-04 3.55e-15  1.69e-03     0s
   8  -2.31459871e+03 -2.31476101e+03  5.33e-05 3.55e-15  1.14e-04     0s
   9  -2.31466991e+03 -2.31467009e+03  0.00e+00 3.55e-15  1.15e-07     0s
  10  -2.31467000e+03 -2.31467000e+03  0.00e+00 3.55e-15  1.15e-10     0s

Barrier solved model in 10 iterations and 0.02 seconds
Optimal objective -2.31467000e+03


Root relaxation: objective -2.314670e+03, 283 iterations, 0.01 seconds

    Nodes    |    Current Node    |     Objective Bounds      |     Work
 Expl Unexpl |  Obj  Depth IntInf | Incumbent    BestBd   Gap | It/Node Time

     0     0 -2314.6700    0   59 -2186.8000 -2314.6700  5.85%     -    0s
H    0     0                    -2255.600000 -2314.6700  2.62%     -    0s
H    0     0                    -2265.600000 -2314.6700  2.17%     -    0s
H    0     0                    -2268.600000 -2314.6700  2.03%     -    0s
H    0     0                    -2270.400000 -2314.6700  1.95%     -    0s
     0     0 -2313.5083    0   96 -2270.4000 -2313.5083  1.90%     -    0s
     0     0 -2313.0583    0   77 -2270.4000 -2313.0583  1.88%     -    0s
H    0     0                    -2278.000000 -2313.0583  1.54%     -    0s
H    0     0                    -2280.200000 -2313.0583  1.44%     -    0s
H    0     0                    -2284.200000 -2313.0583  1.26%     -    0s
H    0     0                    -2293.800000 -2313.0583  0.84%     -    0s

Cutting planes:
  Gomory: 4
  Cover: 10
  MIR: 73

Explored 0 nodes (775 simplex iterations) in 0.12 seconds
Thread count was 16 (of 16 available processors)

Optimal solution found (tolerance 1.00e-02)
Best objective -2.293800000000e+03, best bound -2.313000000000e+03, gap 0.8370%
Changed value of parameter MIPGap to 0.01
   Prev: 0.0001  Min: 0.0  Max: 1e+100  Default: 0.0001
Changed value of parameter TimeLimit to 1800.0
   Prev: 1e+100  Min: 0.0  Max: 1e+100  Default: 1e+100
Changed value of parameter Method to 2
   Prev: -1  Min: -1  Max: 4  Default: -1
Changed value of parameter MIPFocus to 1
   Prev: 0  Min: 0  Max: 3  Default: 0
Optimize a model with 2182 rows, 3123 columns and 6246 nonzeros
Coefficient statistics:
  Matrix range    [1e+00, 2e+01]
  Objective range [2e+00, 1e+01]
  Bounds range    [1e+00, 1e+00]
  RHS range       [8e+01, 8e+01]
Found heuristic solution: objective 0
Presolve removed 2111 rows and 2289 columns
Presolve time: 0.01s
Presolved: 71 rows, 834 columns, 1486 nonzeros
Found heuristic solution: objective -2537.500000
Variable types: 0 continuous, 834 integer (734 binary)
Optimize a model with 71 rows, 834 columns and 1486 nonzeros
Coefficient statistics:
  Matrix range    [1e+00, 2e+01]
  Objective range [2e+00, 1e+01]
  Bounds range    [1e+00, 7e+00]
  RHS range       [1e+01, 8e+01]
Presolve removed 0 rows and 6 columns
Presolved: 71 rows, 828 columns, 1480 nonzeros

Root barrier log...

Ordering time: 0.00s

Barrier statistics:
 AA' NZ     : 6.100e+02
 Factor NZ  : 2.142e+03
 Factor Ops : 8.436e+04 (less than 1 second per iteration)
 Threads    : 1

                  Objective                Residual
Iter       Primal          Dual         Primal    Dual     Compl     Time
   0  -6.13751377e+03 -5.10387884e+03  1.17e+01 8.88e-16  5.01e+00     0s
   1  -2.81844142e+03 -3.73645969e+03  9.96e-01 5.70e-01  9.39e-01     0s
   2  -2.65746775e+03 -2.84149277e+03  9.14e-02 5.41e-02  1.32e-01     0s
   3  -2.67344857e+03 -2.71973563e+03  3.13e-02 1.60e-14  3.49e-02     0s
   4  -2.68668193e+03 -2.70229949e+03  9.24e-03 7.11e-15  1.14e-02     0s
   5  -2.69273829e+03 -2.69872170e+03  3.01e-03 3.55e-15  4.25e-03     0s
   6  -2.69479184e+03 -2.69698319e+03  1.03e-03 3.55e-15  1.54e-03     0s
   7  -2.69571294e+03 -2.69635318e+03  1.85e-04 3.55e-15  4.21e-04     0s
   8  -2.69596194e+03 -2.69607024e+03  1.27e-05 3.55e-15  6.63e-05     0s
   9  -2.69598277e+03 -2.69598525e+03  3.18e-07 3.55e-15  1.57e-06     0s
  10  -2.69598444e+03 -2.69598445e+03  0.00e+00 3.55e-15  1.64e-09     0s

Barrier solved model in 10 iterations and 0.02 seconds
Optimal objective -2.69598444e+03


Root relaxation: objective -2.695984e+03, 29 iterations, 0.01 seconds

    Nodes    |    Current Node    |     Objective Bounds      |     Work
 Expl Unexpl |  Obj  Depth IntInf | Incumbent    BestBd   Gap | It/Node Time

     0     0 -2695.9844    0   58 -2537.5000 -2695.9844  6.25%     -    0s
H    0     0                    -2654.000000 -2695.9844  1.58%     -    0s
H    0     0                    -2656.500000 -2695.9844  1.49%     -    0s
     0     0 -2693.2242    0   92 -2656.5000 -2693.2242  1.38%     -    0s
H    0     0                    -2668.000000 -2693.2242  0.95%     -    0s

Cutting planes:
  Gomory: 1
  Cover: 5
  MIR: 36

Explored 0 nodes (184 simplex iterations) in 0.08 seconds
Thread count was 16 (of 16 available processors)

Optimal solution found (tolerance 1.00e-02)
Best objective -2.668000000000e+03, best bound -2.693000000000e+03, gap 0.9370%
Changed value of parameter MIPGap to 0.01
   Prev: 0.0001  Min: 0.0  Max: 1e+100  Default: 0.0001
Changed value of parameter TimeLimit to 1800.0
   Prev: 1e+100  Min: 0.0  Max: 1e+100  Default: 1e+100
Changed value of parameter Method to 2
   Prev: -1  Min: -1  Max: 4  Default: -1
Changed value of parameter MIPFocus to 1
   Prev: 0  Min: 0  Max: 3  Default: 0
Optimize a model with 2182 rows, 3123 columns and 6246 nonzeros
Coefficient statistics:
  Matrix range    [1e+00, 2e+01]
  Objective range [2e+00, 2e+01]
  Bounds range    [1e+00, 1e+00]
  RHS range       [8e+01, 8e+01]
Found heuristic solution: objective 0
Presolve removed 2111 rows and 2287 columns
Presolve time: 0.01s
Presolved: 71 rows, 836 columns, 1489 nonzeros
Found heuristic solution: objective -4280.000000
Variable types: 0 continuous, 836 integer (737 binary)
Optimize a model with 71 rows, 836 columns and 1489 nonzeros
Coefficient statistics:
  Matrix range    [1e+00, 2e+01]
  Objective range [2e+00, 2e+01]
  Bounds range    [1e+00, 7e+00]
  RHS range       [1e+01, 8e+01]
Presolve removed 0 rows and 66 columns
Presolved: 71 rows, 770 columns, 1406 nonzeros

Root barrier log...

Ordering time: 0.00s

Barrier statistics:
 AA' NZ     : 6.100e+02
 Factor NZ  : 2.142e+03
 Factor Ops : 8.436e+04 (less than 1 second per iteration)
 Threads    : 1

                  Objective                Residual
Iter       Primal          Dual         Primal    Dual     Compl     Time
   0  -9.82038909e+03 -9.46236822e+03  1.21e+01 1.78e-15  1.08e+01     0s
   1  -4.55479107e+03 -6.83566703e+03  7.13e-01 1.47e+00  1.98e+00     0s
   2  -4.54754173e+03 -4.96721595e+03  5.93e-02 1.66e-01  2.91e-01     0s
   3  -4.66067546e+03 -4.76082028e+03  5.52e-03 1.43e-02  6.49e-02     0s
   4  -4.68772116e+03 -4.71598559e+03  4.68e-04 7.11e-15  1.78e-02     0s
   5  -4.69378446e+03 -4.70332543e+03  1.52e-04 7.11e-15  6.02e-03     0s
   6  -4.69585676e+03 -4.69885409e+03  5.46e-05 7.11e-15  1.90e-03     0s
   7  -4.69716743e+03 -4.69744899e+03  2.43e-06 7.11e-15  1.77e-04     0s
   8  -4.69726693e+03 -4.69726809e+03  1.56e-08 7.11e-15  7.38e-07     0s
   9  -4.69726762e+03 -4.69726762e+03  0.00e+00 7.11e-15  7.38e-10     0s

Barrier solved model in 9 iterations and 0.02 seconds
Optimal objective -4.69726762e+03


Root relaxation: objective -4.697268e+03, 68 iterations, 0.01 seconds

    Nodes    |    Current Node    |     Objective Bounds      |     Work
 Expl Unexpl |  Obj  Depth IntInf | Incumbent    BestBd   Gap | It/Node Time

     0     0 -4697.2676    0   50 -4280.0000 -4697.2676  9.75%     -    0s
H    0     0                    -4573.000000 -4697.2676  2.72%     -    0s
H    0     0                    -4645.000000 -4697.2676  1.13%     -    0s
H    0     0                    -4651.000000 -4697.2676  0.99%     -    0s

Explored 0 nodes (128 simplex iterations) in 0.04 seconds
Thread count was 16 (of 16 available processors)

Optimal solution found (tolerance 1.00e-02)
Best objective -4.651000000000e+03, best bound -4.697000000000e+03, gap 0.9890%
Changed value of parameter MIPGap to 0.01
   Prev: 0.0001  Min: 0.0  Max: 1e+100  Default: 0.0001
Changed value of parameter TimeLimit to 1800.0
   Prev: 1e+100  Min: 0.0  Max: 1e+100  Default: 1e+100
Changed value of parameter Method to 2
   Prev: -1  Min: -1  Max: 4  Default: -1
Changed value of parameter MIPFocus to 1
   Prev: 0  Min: 0  Max: 3  Default: 0
Optimize a model with 2182 rows, 3123 columns and 6246 nonzeros
Coefficient statistics:
  Matrix range    [1e+00, 2e+01]
  Objective range [3e+00, 4e+01]
  Bounds range    [1e+00, 1e+00]
  RHS range       [8e+01, 8e+01]
Found heuristic solution: objective 0
Presolve removed 2111 rows and 2287 columns
Presolve time: 0.01s
Presolved: 71 rows, 836 columns, 1489 nonzeros
Found heuristic solution: objective -7782.000000
Variable types: 0 continuous, 836 integer (737 binary)
Optimize a model with 71 rows, 836 columns and 1489 nonzeros
Coefficient statistics:
  Matrix range    [1e+00, 2e+01]
  Objective range [3e+00, 4e+01]
  Bounds range    [1e+00, 7e+00]
  RHS range       [1e+01, 8e+01]
Presolved: 71 rows, 836 columns, 1489 nonzeros

Root barrier log...

Ordering time: 0.00s

Barrier statistics:
 AA' NZ     : 6.100e+02
 Factor NZ  : 2.142e+03
 Factor Ops : 8.436e+04 (less than 1 second per iteration)
 Threads    : 1

                  Objective                Residual
Iter       Primal          Dual         Primal    Dual     Compl     Time
   0  -1.72699911e+04 -1.89059221e+04  1.21e+01 3.55e-15  2.15e+01     0s
   1  -8.16124087e+03 -1.34056573e+04  5.37e-01 3.22e+00  3.84e+00     0s
   2  -8.35081990e+03 -9.42914475e+03  4.01e-02 4.79e-01  6.58e-01     0s
   3  -8.66222535e+03 -8.88661991e+03  1.72e-03 7.30e-02  1.30e-01     0s
   4  -8.69593609e+03 -8.77236782e+03  8.76e-04 1.07e-14  4.47e-02     0s
   5  -8.72097317e+03 -8.75486751e+03  3.18e-04 1.42e-14  1.98e-02     0s
   6  -8.72853341e+03 -8.74512709e+03  1.91e-04 1.42e-14  9.71e-03     0s
   7  -8.73689739e+03 -8.74187224e+03  4.59e-05 1.42e-14  2.90e-03     0s
   8  -8.73847010e+03 -8.74055251e+03  1.90e-05 1.42e-14  1.22e-03     0s
   9  -8.73971337e+03 -8.74006267e+03  0.00e+00 1.42e-14  2.01e-04     0s
  10  -8.73980307e+03 -8.73980710e+03  0.00e+00 2.13e-14  2.32e-06     0s
  11  -8.73980510e+03 -8.73980510e+03  0.00e+00 1.42e-14  2.33e-09     0s

Barrier solved model in 11 iterations and 0.02 seconds
Optimal objective -8.73980510e+03


Root relaxation: objective -8.739805e+03, 30 iterations, 0.01 seconds

    Nodes    |    Current Node    |     Objective Bounds      |     Work
 Expl Unexpl |  Obj  Depth IntInf | Incumbent    BestBd   Gap | It/Node Time

     0     0 -8739.8051    0   51 -7782.0000 -8739.8051  12.3%     -    0s
H    0     0                    -8568.000000 -8739.8051  2.01%     -    0s
H    0     0                    -8664.000000 -8739.8051  0.87%     -    0s

Explored 0 nodes (41 simplex iterations) in 0.03 seconds
Thread count was 16 (of 16 available processors)

Optimal solution found (tolerance 1.00e-02)
Best objective -8.664000000000e+03, best bound -8.739000000000e+03, gap 0.8657%
Changed value of parameter MIPGap to 0.01
   Prev: 0.0001  Min: 0.0  Max: 1e+100  Default: 0.0001
Changed value of parameter TimeLimit to 1800.0
   Prev: 1e+100  Min: 0.0  Max: 1e+100  Default: 1e+100
Changed value of parameter Method to 2
   Prev: -1  Min: -1  Max: 4  Default: -1
Changed value of parameter MIPFocus to 1
   Prev: 0  Min: 0  Max: 3  Default: 0
Optimize a model with 2182 rows, 3123 columns and 6246 nonzeros
Coefficient statistics:
  Matrix range    [1e+00, 2e+01]
  Objective range [5e+00, 8e+01]
  Bounds range    [1e+00, 1e+00]
  RHS range       [8e+01, 8e+01]
Found heuristic solution: objective 0
Presolve removed 2111 rows and 2287 columns
Presolve time: 0.01s
Presolved: 71 rows, 836 columns, 1489 nonzeros
Found heuristic solution: objective -14799.00000
Variable types: 0 continuous, 836 integer (737 binary)
Optimize a model with 71 rows, 836 columns and 1489 nonzeros
Coefficient statistics:
  Matrix range    [1e+00, 2e+01]
  Objective range [5e+00, 8e+01]
  Bounds range    [1e+00, 7e+00]
  RHS range       [1e+01, 8e+01]
Presolved: 71 rows, 836 columns, 1489 nonzeros

Root barrier log...

Ordering time: 0.00s

Barrier statistics:
 AA' NZ     : 6.100e+02
 Factor NZ  : 2.142e+03
 Factor Ops : 8.436e+04 (less than 1 second per iteration)
 Threads    : 1

                  Objective                Residual
Iter       Primal          Dual         Primal    Dual     Compl     Time
   0  -3.20754580e+04 -3.79764668e+04  1.21e+01 1.42e-14  4.48e+01     0s
   1  -1.55561916e+04 -2.66490544e+04  5.59e-01 7.02e+00  8.11e+00     0s
   2  -1.60330029e+04 -1.82474916e+04  3.63e-02 1.01e+00  1.34e+00     0s
   3  -1.66738687e+04 -1.71076260e+04  1.65e-03 1.25e-01  2.52e-01     0s
   4  -1.67946866e+04 -1.69415920e+04  4.78e-04 2.84e-14  8.51e-02     0s
   5  -1.68214677e+04 -1.68938455e+04  2.55e-04 2.13e-14  4.20e-02     0s
   6  -1.68457636e+04 -1.68709363e+04  9.41e-05 2.84e-14  1.46e-02     0s
   7  -1.68565100e+04 -1.68650133e+04  2.08e-05 2.13e-14  4.92e-03     0s
   8  -1.68594930e+04 -1.68628584e+04  4.38e-06 2.13e-14  1.94e-03     0s
   9  -1.68607568e+04 -1.68611138e+04  0.00e+00 2.84e-14  2.05e-04     0s
  10  -1.68608740e+04 -1.68608779e+04  0.00e+00 2.84e-14  2.25e-06     0s
  11  -1.68608755e+04 -1.68608755e+04  0.00e+00 2.84e-14  2.25e-09     0s

Barrier solved model in 11 iterations and 0.02 seconds
Optimal objective -1.68608755e+04


Root relaxation: objective -1.686088e+04, 29 iterations, 0.01 seconds

    Nodes    |    Current Node    |     Objective Bounds      |     Work
 Expl Unexpl |  Obj  Depth IntInf | Incumbent    BestBd   Gap | It/Node Time

     0     0 -16860.876    0   51 -14799.000 -16860.876  13.9%     -    0s
H    0     0                    -16537.00000 -16860.876  1.96%     -    0s
H    0     0                    -16589.00000 -16860.876  1.64%     -    0s
H    0     0                    -16666.00000 -16860.876  1.17%     -    0s
H    0     0                    -16695.00000 -16860.876  0.99%     -    0s
H    0     0                    -16722.00000 -16860.876  0.83%     -    0s

Cutting planes:
  Gomory: 2
  Cover: 12
  MIR: 40

Explored 0 nodes (36 simplex iterations) in 0.06 seconds
Thread count was 16 (of 16 available processors)

Optimal solution found (tolerance 1.00e-02)
Best objective -1.672200000000e+04, best bound -1.686000000000e+04, gap 0.8253%
Changed value of parameter MIPGap to 0.01
   Prev: 0.0001  Min: 0.0  Max: 1e+100  Default: 0.0001
Changed value of parameter TimeLimit to 1800.0
   Prev: 1e+100  Min: 0.0  Max: 1e+100  Default: 1e+100
Changed value of parameter Method to 2
   Prev: -1  Min: -1  Max: 4  Default: -1
Changed value of parameter MIPFocus to 1
   Prev: 0  Min: 0  Max: 3  Default: 0
Optimize a model with 2182 rows, 3123 columns and 6246 nonzeros
Coefficient statistics:
  Matrix range    [1e+00, 2e+01]
  Objective range [6e+00, 1e+02]
  Bounds range    [1e+00, 1e+00]
  RHS range       [8e+01, 8e+01]
Found heuristic solution: objective 0
Presolve removed 2111 rows and 2287 columns
Presolve time: 0.01s
Presolved: 71 rows, 836 columns, 1489 nonzeros
Found heuristic solution: objective -18297.00000
Variable types: 0 continuous, 836 integer (737 binary)
Optimize a model with 71 rows, 836 columns and 1489 nonzeros
Coefficient statistics:
  Matrix range    [1e+00, 2e+01]
  Objective range [6e+00, 1e+02]
  Bounds range    [1e+00, 7e+00]
  RHS range       [1e+01, 8e+01]
Presolved: 71 rows, 836 columns, 1489 nonzeros

Root barrier log...

Ordering time: 0.00s

Barrier statistics:
 AA' NZ     : 6.100e+02
 Factor NZ  : 2.142e+03
 Factor Ops : 8.436e+04 (less than 1 second per iteration)
 Threads    : 1

                  Objective                Residual
Iter       Primal          Dual         Primal    Dual     Compl     Time
   0  -3.94776503e+04 -4.75117392e+04  1.21e+01 1.42e-14  5.64e+01     0s
   1  -1.92556718e+04 -3.32712774e+04  5.62e-01 8.92e+00  1.02e+01     0s
   2  -1.98789260e+04 -2.26582520e+04  3.52e-02 1.28e+00  1.68e+00     0s
   3  -2.06885273e+04 -2.12153355e+04  1.62e-03 1.44e-01  3.06e-01     0s
   4  -2.08564969e+04 -2.10174126e+04  3.86e-04 3.55e-14  9.31e-02     0s
   5  -2.08793523e+04 -2.09623883e+04  2.38e-04 2.84e-14  4.82e-02     0s
   6  -2.09107355e+04 -2.09365320e+04  6.31e-05 5.19e-03  1.50e-02     0s
   7  -2.09182126e+04 -2.09295009e+04  2.84e-05 1.67e-03  6.55e-03     0s
   8  -2.09241100e+04 -2.09269574e+04  8.42e-07 5.69e-04  1.64e-03     0s
   9  -2.09247438e+04 -2.09251101e+04  0.00e+00 6.79e-05  2.11e-04     0s
  10  -2.09248020e+04 -2.09248024e+04  0.00e+00 4.97e-14  2.21e-07     0s
  11  -2.09248020e+04 -2.09248020e+04  0.00e+00 2.84e-14  2.21e-10     0s

Barrier solved model in 11 iterations and 0.02 seconds
Optimal objective -2.09248020e+04


Root relaxation: objective -2.092480e+04, 26 iterations, 0.01 seconds

    Nodes    |    Current Node    |     Objective Bounds      |     Work
 Expl Unexpl |  Obj  Depth IntInf | Incumbent    BestBd   Gap | It/Node Time

     0     0 -20924.802    0   48 -18297.000 -20924.802  14.4%     -    0s
H    0     0                    -20630.00000 -20924.802  1.43%     -    0s
H    0     0                    -20646.00000 -20924.802  1.35%     -    0s
H    0     0                    -20678.00000 -20924.802  1.19%     -    0s
H    0     0                    -20720.00000 -20924.802  0.99%     -    0s
H    0     0                    -20740.00000 -20924.802  0.89%     -    0s

Cutting planes:
  Cover: 9
  MIR: 43

Explored 0 nodes (37 simplex iterations) in 0.07 seconds
Thread count was 16 (of 16 available processors)

Optimal solution found (tolerance 1.00e-02)
Best objective -2.074000000000e+04, best bound -2.092300000000e+04, gap 0.8824%
Changed value of parameter MIPGap to 0.01
   Prev: 0.0001  Min: 0.0  Max: 1e+100  Default: 0.0001
Changed value of parameter TimeLimit to 1800.0
   Prev: 1e+100  Min: 0.0  Max: 1e+100  Default: 1e+100
Changed value of parameter Method to 2
   Prev: -1  Min: -1  Max: 4  Default: -1
Changed value of parameter MIPFocus to 1
   Prev: 0  Min: 0  Max: 3  Default: 0
Optimize a model with 2182 rows, 3123 columns and 6246 nonzeros
Coefficient statistics:
  Matrix range    [1e+00, 2e+01]
  Objective range [1e+01, 2e+02]
  Bounds range    [1e+00, 1e+00]
  RHS range       [8e+01, 8e+01]
Found heuristic solution: objective 0
Presolve removed 2111 rows and 2287 columns
Presolve time: 0.01s
Presolved: 71 rows, 836 columns, 1489 nonzeros
Found heuristic solution: objective -35822.00000
Variable types: 0 continuous, 836 integer (737 binary)
Optimize a model with 71 rows, 836 columns and 1489 nonzeros
Coefficient statistics:
  Matrix range    [1e+00, 2e+01]
  Objective range [1e+01, 2e+02]
  Bounds range    [1e+00, 7e+00]
  RHS range       [1e+01, 8e+01]
Presolved: 71 rows, 836 columns, 1489 nonzeros

Root barrier log...

Ordering time: 0.00s

Barrier statistics:
 AA' NZ     : 6.100e+02
 Factor NZ  : 2.142e+03
 Factor Ops : 8.436e+04 (less than 1 second per iteration)
 Threads    : 1

                  Objective                Residual
Iter       Primal          Dual         Primal    Dual     Compl     Time
   0  -7.64875917e+04 -9.51881011e+04  1.21e+01 2.84e-14  1.15e+02     0s
   1  -3.77576754e+04 -6.63832366e+04  5.70e-01 1.84e+01  2.09e+01     0s
   2  -3.91189389e+04 -4.47378711e+04  3.25e-02 2.61e+00  3.38e+00     0s
   3  -4.07745975e+04 -4.17607954e+04  1.46e-03 2.37e-01  5.72e-01     0s
   4  -4.11297382e+04 -4.14517149e+04  3.32e-04 3.54e-02  1.86e-01     0s
   5  -4.11999978e+04 -4.13226427e+04  1.44e-04 3.90e-03  7.10e-02     0s
   6  -4.12438065e+04 -4.12782703e+04  3.07e-05 5.68e-14  1.99e-02     0s
   7  -4.12567360e+04 -4.12630890e+04  5.05e-06 1.19e-04  3.67e-03     0s
   8  -4.12598738e+04 -4.12604267e+04  9.10e-09 1.69e-04  3.18e-04     0s
   9  -4.12599774e+04 -4.12599780e+04  0.00e+00 5.68e-14  3.21e-07     0s
  10  -4.12599776e+04 -4.12599776e+04  0.00e+00 5.68e-14  3.21e-10     0s

Barrier solved model in 10 iterations and 0.02 seconds
Optimal objective -4.12599776e+04


Root relaxation: objective -4.125998e+04, 31 iterations, 0.01 seconds

    Nodes    |    Current Node    |     Objective Bounds      |     Work
 Expl Unexpl |  Obj  Depth IntInf | Incumbent    BestBd   Gap | It/Node Time

     0     0 -41259.978    0   47 -35822.000 -41259.978  15.2%     -    0s
H    0     0                    -40634.00000 -41259.978  1.54%     -    0s
H    0     0                    -40825.00000 -41259.978  1.07%     -    0s
H    0     0                    -40845.00000 -41259.978  1.02%     -    0s

Cutting planes:
  Cover: 12
  MIR: 43

Explored 0 nodes (45 simplex iterations) in 0.05 seconds
Thread count was 16 (of 16 available processors)

Optimal solution found (tolerance 1.00e-02)
Best objective -4.084500000000e+04, best bound -4.124900000000e+04, gap 0.9891%
Changed value of parameter MIPGap to 0.01
   Prev: 0.0001  Min: 0.0  Max: 1e+100  Default: 0.0001
Changed value of parameter TimeLimit to 1800.0
   Prev: 1e+100  Min: 0.0  Max: 1e+100  Default: 1e+100
Changed value of parameter Method to 2
   Prev: -1  Min: -1  Max: 4  Default: -1
Changed value of parameter MIPFocus to 1
   Prev: 0  Min: 0  Max: 3  Default: 0
Optimize a model with 2182 rows, 3123 columns and 6246 nonzeros
Coefficient statistics:
  Matrix range    [1e+00, 2e+01]
  Objective range [2e+01, 4e+02]
  Bounds range    [1e+00, 1e+00]
  RHS range       [8e+01, 8e+01]
Found heuristic solution: objective 0
Presolve removed 2111 rows and 2287 columns
Presolve time: 0.01s
Presolved: 71 rows, 836 columns, 1489 nonzeros
Found heuristic solution: objective -70872.00000
Variable types: 0 continuous, 836 integer (737 binary)
Optimize a model with 71 rows, 836 columns and 1489 nonzeros
Coefficient statistics:
  Matrix range    [1e+00, 2e+01]
  Objective range [2e+01, 4e+02]
  Bounds range    [1e+00, 7e+00]
  RHS range       [1e+01, 8e+01]
Presolved: 71 rows, 836 columns, 1489 nonzeros

Root barrier log...

Ordering time: 0.00s

Barrier statistics:
 AA' NZ     : 6.100e+02
 Factor NZ  : 2.142e+03
 Factor Ops : 8.436e+04 (less than 1 second per iteration)
 Threads    : 1

                  Objective                Residual
Iter       Primal          Dual         Primal    Dual     Compl     Time
   0  -1.50506483e+05 -1.90540825e+05  1.21e+01 5.68e-14  2.31e+02     0s
   1  -7.47662149e+04 -1.32608165e+05  5.73e-01 3.74e+01  4.22e+01     0s
   2  -7.76096306e+04 -8.88849318e+04  3.09e-02 5.27e+00  6.77e+00     0s
   3  -8.09308338e+04 -8.30511989e+04  1.46e-03 5.86e-01  1.23e+00     0s
   4  -8.16280212e+04 -8.23398821e+04  3.73e-04 1.40e-01  4.12e-01     0s
   5  -8.18043826e+04 -8.20405354e+04  1.51e-04 3.20e-02  1.37e-01     0s
   6  -8.18824831e+04 -8.19669100e+04  5.82e-05 5.84e-03  4.89e-02     0s
   7  -8.19289166e+04 -8.19426843e+04  3.08e-06 7.80e-04  7.95e-03     0s
   8  -8.19338880e+04 -8.19363103e+04  1.44e-07 1.43e-04  1.39e-03     0s
   9  -8.19344286e+04 -8.19344417e+04  0.00e+00 1.14e-13  7.55e-06     0s
  10  -8.19344333e+04 -8.19344333e+04  0.00e+00 1.14e-13  7.55e-09     0s

Barrier solved model in 10 iterations and 0.02 seconds
Optimal objective -8.19344333e+04


Root relaxation: objective -8.193443e+04, 33 iterations, 0.01 seconds

    Nodes    |    Current Node    |     Objective Bounds      |     Work
 Expl Unexpl |  Obj  Depth IntInf | Incumbent    BestBd   Gap | It/Node Time

     0     0 -81934.433    0   45 -70872.000 -81934.433  15.6%     -    0s
H    0     0                    -80634.00000 -81934.433  1.61%     -    0s
H    0     0                    -81051.00000 -81934.433  1.09%     -    0s
H    0     0                    -81074.00000 -81934.433  1.06%     -    0s
     0     0 -81641.749    0   78 -81074.000 -81641.749  0.70%     -    0s

Cutting planes:
  Cover: 12
  MIR: 42

Explored 0 nodes (175 simplex iterations) in 0.06 seconds
Thread count was 16 (of 16 available processors)

Optimal solution found (tolerance 1.00e-02)
Best objective -8.107400000000e+04, best bound -8.164100000000e+04, gap 0.6994%
Changed value of parameter MIPGap to 0.01
   Prev: 0.0001  Min: 0.0  Max: 1e+100  Default: 0.0001
Changed value of parameter TimeLimit to 1800.0
   Prev: 1e+100  Min: 0.0  Max: 1e+100  Default: 1e+100
Changed value of parameter Method to 2
   Prev: -1  Min: -1  Max: 4  Default: -1
Changed value of parameter MIPFocus to 1
   Prev: 0  Min: 0  Max: 3  Default: 0
Optimize a model with 2182 rows, 3123 columns and 6246 nonzeros
Coefficient statistics:
  Matrix range    [1e+00, 2e+01]
  Objective range [5e+01, 1e+03]
  Bounds range    [1e+00, 1e+00]
  RHS range       [8e+01, 8e+01]
Found heuristic solution: objective 0
Presolve removed 2111 rows and 2287 columns
Presolve time: 0.01s
Presolved: 71 rows, 836 columns, 1489 nonzeros
Found heuristic solution: objective -176022.0000
Variable types: 0 continuous, 836 integer (737 binary)
Optimize a model with 71 rows, 836 columns and 1489 nonzeros
Coefficient statistics:
  Matrix range    [1e+00, 2e+01]
  Objective range [5e+01, 1e+03]
  Bounds range    [1e+00, 7e+00]
  RHS range       [1e+01, 8e+01]
Presolved: 71 rows, 836 columns, 1489 nonzeros

Root barrier log...

Ordering time: 0.00s

Barrier statistics:
 AA' NZ     : 6.100e+02
 Factor NZ  : 2.142e+03
 Factor Ops : 8.436e+04 (less than 1 second per iteration)
 Threads    : 1

                  Objective                Residual
Iter       Primal          Dual         Primal    Dual     Compl     Time
   0  -3.72562384e+05 -4.76598996e+05  1.21e+01 1.14e-13  5.80e+02     0s
   1  -1.85795186e+05 -3.31283703e+05  5.75e-01 9.43e+01  1.06e+02     0s
   2  -1.93090557e+05 -2.21286736e+05  2.99e-02 1.32e+01  1.69e+01     0s
   3  -2.01447870e+05 -2.06661659e+05  1.41e-03 1.41e+00  3.02e+00     0s
   4  -2.03202590e+05 -2.04958172e+05  3.59e-04 3.66e-01  1.02e+00     0s
   5  -2.03637565e+05 -2.04203271e+05  1.47e-04 6.79e-02  3.28e-01     0s
   6  -2.03845849e+05 -2.04020726e+05  4.94e-05 9.39e-03  1.01e-01     0s
   7  -2.03941232e+05 -2.03971326e+05  5.23e-06 1.30e-03  1.74e-02     0s
   8  -2.03950000e+05 -2.03960885e+05  2.53e-06 2.91e-05  6.32e-03     0s
   9  -2.03958522e+05 -2.03958887e+05  0.00e+00 3.41e-13  2.10e-04     0s
  10  -2.03958662e+05 -2.03958663e+05  0.00e+00 3.98e-13  2.46e-07     0s
  11  -2.03958663e+05 -2.03958663e+05  0.00e+00 3.41e-13  2.46e-10     0s

Barrier solved model in 11 iterations and 0.02 seconds
Optimal objective -2.03958663e+05


Root relaxation: objective -2.039587e+05, 32 iterations, 0.01 seconds

    Nodes    |    Current Node    |     Objective Bounds      |     Work
 Expl Unexpl |  Obj  Depth IntInf | Incumbent    BestBd   Gap | It/Node Time

     0     0 -203958.66    0   49 -176022.00 -203958.66  15.9%     -    0s
H    0     0                    -200734.0000 -203958.66  1.61%     -    0s
H    0     0                    -201326.0000 -203958.66  1.31%     -    0s
H    0     0                    -202200.0000 -203958.66  0.87%     -    0s
H    0     0                    -202298.0000 -203958.66  0.82%     -    0s

Cutting planes:
  Cover: 12
  MIR: 41

Explored 0 nodes (45 simplex iterations) in 0.07 seconds
Thread count was 16 (of 16 available processors)

Optimal solution found (tolerance 1.00e-02)
Best objective -2.022980000000e+05, best bound -2.039200000000e+05, gap 0.8018%
Changed value of parameter MIPGap to 0.01
   Prev: 0.0001  Min: 0.0  Max: 1e+100  Default: 0.0001
Changed value of parameter TimeLimit to 1800.0
   Prev: 1e+100  Min: 0.0  Max: 1e+100  Default: 1e+100
Changed value of parameter Method to 2
   Prev: -1  Min: -1  Max: 4  Default: -1
Changed value of parameter MIPFocus to 1
   Prev: 0  Min: 0  Max: 3  Default: 0
Optimize a model with 2182 rows, 3123 columns and 6246 nonzeros
Coefficient statistics:
  Matrix range    [1e+00, 2e+01]
  Objective range [5e+02, 1e+04]
  Bounds range    [1e+00, 1e+00]
  RHS range       [8e+01, 8e+01]
Found heuristic solution: objective 0
Presolve removed 2111 rows and 2287 columns
Presolve time: 0.01s
Presolved: 71 rows, 836 columns, 1489 nonzeros
Found heuristic solution: objective -1753272.000
Variable types: 0 continuous, 836 integer (737 binary)
Optimize a model with 71 rows, 836 columns and 1489 nonzeros
Coefficient statistics:
  Matrix range    [1e+00, 2e+01]
  Objective range [5e+02, 1e+04]
  Bounds range    [1e+00, 7e+00]
  RHS range       [1e+01, 8e+01]
Presolved: 71 rows, 836 columns, 1489 nonzeros

Root barrier log...

Ordering time: 0.00s

Barrier statistics:
 AA' NZ     : 6.100e+02
 Factor NZ  : 2.142e+03
 Factor Ops : 8.436e+04 (less than 1 second per iteration)
 Threads    : 1

                  Objective                Residual
Iter       Primal          Dual         Primal    Dual     Compl     Time
   0  -3.70339815e+06 -4.76747157e+06  1.21e+01 1.82e-12  5.82e+03     0s
   1  -1.85124148e+06 -3.31141963e+06  5.77e-01 9.49e+02  1.07e+03     0s
   2  -1.92532110e+06 -2.20732247e+06  2.92e-02 1.32e+02  1.69e+02     0s
   3  -2.00925164e+06 -2.06081362e+06  1.37e-03 1.37e+01  2.99e+01     0s
   4  -2.02687296e+06 -2.04453027e+06  3.47e-04 3.91e+00  1.02e+01     0s
   5  -2.03114780e+06 -2.03683379e+06  1.43e-04 6.38e-01  3.29e+00     0s
   6  -2.03354955e+06 -2.03503678e+06  3.23e-05 1.15e-01  8.61e-01     0s
   7  -2.03399034e+06 -2.03455096e+06  1.28e-05 2.84e-02  3.25e-01     0s
   8  -2.03421349e+06 -2.03435204e+06  3.57e-06 3.18e-12  8.05e-02     0s
   9  -2.03433018e+06 -2.03433120e+06  0.00e+00 4.09e-12  5.84e-04     0s
  10  -2.03433060e+06 -2.03433060e+06  0.00e+00 3.64e-12  2.29e-06     0s
  11  -2.03433060e+06 -2.03433060e+06  0.00e+00 3.64e-12  2.29e-09     0s

Barrier solved model in 11 iterations and 0.02 seconds
Optimal objective -2.03433060e+06


Root relaxation: objective -2.034331e+06, 35 iterations, 0.01 seconds

    Nodes    |    Current Node    |     Objective Bounds      |     Work
 Expl Unexpl |  Obj  Depth IntInf | Incumbent    BestBd   Gap | It/Node Time

     0     0 -2034330.6    0   46 -1753272.0 -2034330.6  16.0%     -    0s
H    0     0                    -1994631.000 -2034330.6  1.99%     -    0s
H    0     0                    -2008615.000 -2034330.6  1.28%     -    0s
H    0     0                    -2013606.000 -2034330.6  1.03%     -    0s
H    0     0                    -2016601.000 -2034330.6  0.88%     -    0s

Cutting planes:
  Cover: 12
  MIR: 42

Explored 0 nodes (54 simplex iterations) in 0.07 seconds
Thread count was 16 (of 16 available processors)

Optimal solution found (tolerance 1.00e-02)
Best objective -2.016601000000e+06, best bound -2.033949953741e+06, gap 0.8603%
