Changed value of parameter MIPGap to 0.01
   Prev: 0.0001  Min: 0.0  Max: 1e+100  Default: 0.0001
Changed value of parameter TimeLimit to 1800.0
   Prev: 1e+100  Min: 0.0  Max: 1e+100  Default: 1e+100
Changed value of parameter Method to 2
   Prev: -1  Min: -1  Max: 4  Default: -1
Changed value of parameter MIPFocus to 1
   Prev: 0  Min: 0  Max: 3  Default: 0
Optimize a model with 2534 rows, 7819 columns and 15638 nonzeros
Coefficient statistics:
  Matrix range    [1e+00, 4e+01]
  Objective range [1e+00, 1e+00]
  Bounds range    [1e+00, 1e+00]
  RHS range       [8e+01, 8e+01]
Found heuristic solution: objective 0
Presolve removed 413 rows and 1590 columns
Presolve time: 0.06s
Presolved: 2121 rows, 6229 columns, 12458 nonzeros
Found heuristic solution: objective -858.0000000
Variable types: 0 continuous, 6229 integer (6229 binary)
Optimize a model with 2121 rows, 6229 columns and 12458 nonzeros
Coefficient statistics:
  Matrix range    [1e+00, 4e+01]
  Objective range [1e+00, 1e+00]
  Bounds range    [1e+00, 1e+00]
  RHS range       [1e+00, 8e+01]
Presolved: 2121 rows, 6229 columns, 12458 nonzeros

Root barrier log...

Ordering time: 0.00s

Barrier statistics:
 AA' NZ     : 6.229e+03
 Factor NZ  : 3.264e+04 (roughly 4 MBytes of memory)
 Factor Ops : 1.913e+06 (less than 1 second per iteration)
 Threads    : 1

                  Objective                Residual
Iter       Primal          Dual         Primal    Dual     Compl     Time
   0  -4.73760378e+03 -3.91843053e+03  2.69e+01 2.48e-01  1.60e+00     0s
   1  -1.38334159e+03 -3.04333690e+03  3.51e+00 6.66e-16  2.95e-01     0s
   2  -9.14910727e+02 -1.23036657e+03  1.09e-01 6.66e-16  2.70e-02     0s
   3  -9.19167117e+02 -9.61804112e+02  1.89e-02 2.29e-16  3.63e-03     0s
   4  -9.20983254e+02 -9.22225099e+02  2.45e-03 6.66e-16  1.40e-04     0s
   5  -9.21377375e+02 -9.21379495e+02  3.52e-06 2.22e-16  2.28e-07     0s
   6  -9.21378049e+02 -9.21378049e+02  3.54e-12 4.44e-16  2.33e-13     0s

Barrier solved model in 6 iterations and 0.12 seconds
Optimal objective -9.21378049e+02


Root relaxation: objective -9.213780e+02, 4592 iterations, 0.10 seconds

    Nodes    |    Current Node    |     Objective Bounds      |     Work
 Expl Unexpl |  Obj  Depth IntInf | Incumbent    BestBd   Gap | It/Node Time

     0     0 -921.37805    0  401 -858.00000 -921.37805  7.39%     -    0s
     0     0 -894.12195    0  245 -858.00000 -894.12195  4.21%     -    0s
H    0     0                    -872.0000000 -894.12195  2.54%     -    0s
H    0     0                    -876.0000000 -894.12195  2.07%     -    0s
     0     0 -877.00000    0  116 -876.00000 -877.00000  0.11%     -    0s

Cutting planes:
  Gomory: 15
  Cover: 178

Explored 0 nodes (8321 simplex iterations) in 0.80 seconds
Thread count was 16 (of 16 available processors)

Optimal solution found (tolerance 1.00e-02)
Best objective -8.760000000000e+02, best bound -8.770000000000e+02, gap 0.1142%
Changed value of parameter MIPGap to 0.01
   Prev: 0.0001  Min: 0.0  Max: 1e+100  Default: 0.0001
Changed value of parameter TimeLimit to 1800.0
   Prev: 1e+100  Min: 0.0  Max: 1e+100  Default: 1e+100
Changed value of parameter Method to 2
   Prev: -1  Min: -1  Max: 4  Default: -1
Changed value of parameter MIPFocus to 1
   Prev: 0  Min: 0  Max: 3  Default: 0
Optimize a model with 2534 rows, 7819 columns and 15638 nonzeros
Coefficient statistics:
  Matrix range    [1e+00, 4e+01]
  Objective range [1e+00, 1e+00]
  Bounds range    [1e+00, 1e+00]
  RHS range       [8e+01, 8e+01]
Found heuristic solution: objective 0
Presolve removed 413 rows and 1590 columns
Presolve time: 0.05s
Presolved: 2121 rows, 6229 columns, 12458 nonzeros
Found heuristic solution: objective -859.6710000
Variable types: 0 continuous, 6229 integer (6229 binary)
Optimize a model with 2121 rows, 6229 columns and 12458 nonzeros
Coefficient statistics:
  Matrix range    [1e+00, 4e+01]
  Objective range [1e+00, 1e+00]
  Bounds range    [1e+00, 1e+00]
  RHS range       [1e+00, 8e+01]
Presolved: 2121 rows, 6229 columns, 12458 nonzeros

Root barrier log...

Ordering time: 0.00s

Barrier statistics:
 AA' NZ     : 6.229e+03
 Factor NZ  : 3.264e+04 (roughly 4 MBytes of memory)
 Factor Ops : 1.913e+06 (less than 1 second per iteration)
 Threads    : 1

                  Objective                Residual
Iter       Primal          Dual         Primal    Dual     Compl     Time
   0  -4.75106726e+03 -3.92242654e+03  2.69e+01 2.48e-01  1.60e+00     0s
   1  -1.38855735e+03 -3.04678242e+03  3.52e+00 6.66e-16  2.95e-01     0s
   2  -9.18857623e+02 -1.23360211e+03  1.12e-01 6.66e-16  2.70e-02     0s
   3  -9.21734949e+02 -9.63848121e+02  1.99e-02 2.00e-15  3.61e-03     0s
   4  -9.23348618e+02 -9.24465920e+02  2.36e-03 4.44e-16  1.29e-04     0s
   5  -9.23682313e+02 -9.23683786e+02  3.04e-06 4.44e-16  1.69e-07     0s
   6  -9.23682829e+02 -9.23682829e+02  3.06e-12 4.44e-16  1.72e-13     0s

Barrier solved model in 6 iterations and 0.11 seconds
Optimal objective -9.23682829e+02


Root relaxation: objective -9.236828e+02, 4558 iterations, 0.09 seconds

    Nodes    |    Current Node    |     Objective Bounds      |     Work
 Expl Unexpl |  Obj  Depth IntInf | Incumbent    BestBd   Gap | It/Node Time

     0     0 -923.68283    0  386 -859.67100 -923.68283  7.45%     -    0s
H    0     0                    -869.7710000 -923.68283  6.20%     -    0s
H    0     0                    -873.8110000 -923.68283  5.71%     -    0s
H    0     0                    -874.8210000 -923.68283  5.59%     -    0s
H    0     0                    -875.8310000 -923.68283  5.46%     -    0s
     0     0 -902.37429    0  252 -875.83100 -902.37429  3.03%     -    0s
H    0     0                    -877.8510000 -902.37429  2.79%     -    0s
     0     0 -878.86100    0   54 -877.85100 -878.86100  0.12%     -    0s

Cutting planes:
  Gomory: 13
  Cover: 182

Explored 0 nodes (8674 simplex iterations) in 0.74 seconds
Thread count was 16 (of 16 available processors)

Optimal solution found (tolerance 1.00e-02)
Best objective -8.778510000000e+02, best bound -8.788610000000e+02, gap 0.1151%
Changed value of parameter MIPGap to 0.01
   Prev: 0.0001  Min: 0.0  Max: 1e+100  Default: 0.0001
Changed value of parameter TimeLimit to 1800.0
   Prev: 1e+100  Min: 0.0  Max: 1e+100  Default: 1e+100
Changed value of parameter Method to 2
   Prev: -1  Min: -1  Max: 4  Default: -1
Changed value of parameter MIPFocus to 1
   Prev: 0  Min: 0  Max: 3  Default: 0
Optimize a model with 2534 rows, 7819 columns and 15638 nonzeros
Coefficient statistics:
  Matrix range    [1e+00, 4e+01]
  Objective range [1e+00, 1e+00]
  Bounds range    [1e+00, 1e+00]
  RHS range       [8e+01, 8e+01]
Found heuristic solution: objective 0
Presolve removed 413 rows and 1590 columns
Presolve time: 0.05s
Presolved: 2121 rows, 6229 columns, 12458 nonzeros
Found heuristic solution: objective -861.3420000
Variable types: 0 continuous, 6229 integer (6229 binary)
Optimize a model with 2121 rows, 6229 columns and 12458 nonzeros
Coefficient statistics:
  Matrix range    [1e+00, 4e+01]
  Objective range [1e+00, 1e+00]
  Bounds range    [1e+00, 1e+00]
  RHS range       [1e+00, 8e+01]
Presolved: 2121 rows, 6229 columns, 12458 nonzeros

Root barrier log...

Ordering time: 0.00s

Barrier statistics:
 AA' NZ     : 6.229e+03
 Factor NZ  : 3.264e+04 (roughly 4 MBytes of memory)
 Factor Ops : 1.913e+06 (less than 1 second per iteration)
 Threads    : 1

                  Objective                Residual
Iter       Primal          Dual         Primal    Dual     Compl     Time
   0  -4.76453058e+03 -3.92642255e+03  2.69e+01 2.48e-01  1.60e+00     0s
   1  -1.39372721e+03 -3.05022888e+03  3.53e+00 6.66e-16  2.96e-01     0s
   2  -9.21490516e+02 -1.23684934e+03  1.15e-01 6.66e-16  2.71e-02     0s
   3  -9.24095552e+02 -9.66357559e+02  2.03e-02 3.55e-15  3.63e-03     0s
   4  -9.25671475e+02 -9.26732279e+02  2.31e-03 4.44e-16  1.24e-04     0s
   5  -9.25987154e+02 -9.25988415e+02  2.79e-06 4.44e-16  1.48e-07     0s
   6  -9.25987610e+02 -9.25987610e+02  2.82e-12 4.44e-16  1.51e-13     0s

Barrier solved model in 6 iterations and 0.11 seconds
Optimal objective -9.25987610e+02


Root relaxation: objective -9.259876e+02, 4554 iterations, 0.09 seconds

    Nodes    |    Current Node    |     Objective Bounds      |     Work
 Expl Unexpl |  Obj  Depth IntInf | Incumbent    BestBd   Gap | It/Node Time

     0     0 -925.98761    0  361 -861.34200 -925.98761  7.51%     -    0s
H    0     0                    -869.5020000 -925.98761  6.50%     -    0s
H    0     0                    -874.6020000 -925.98761  5.88%     -    0s
     0     0 -898.18639    0  232 -874.60200 -898.18639  2.70%     -    0s
     0     0 -898.18639    0  234 -874.60200 -898.18639  2.70%     -    0s
H    0     0                    -875.6220000 -898.18639  2.58%     -    0s
H    0     0                    -877.6620000 -898.18639  2.34%     -    0s
     0     0 -880.72200    0   86 -877.66200 -880.72200  0.35%     -    0s

Cutting planes:
  Gomory: 16
  Cover: 179
  MIR: 1

Explored 0 nodes (8844 simplex iterations) in 0.83 seconds
Thread count was 16 (of 16 available processors)

Optimal solution found (tolerance 1.00e-02)
Best objective -8.776620000000e+02, best bound -8.807220000000e+02, gap 0.3487%
Changed value of parameter MIPGap to 0.01
   Prev: 0.0001  Min: 0.0  Max: 1e+100  Default: 0.0001
Changed value of parameter TimeLimit to 1800.0
   Prev: 1e+100  Min: 0.0  Max: 1e+100  Default: 1e+100
Changed value of parameter Method to 2
   Prev: -1  Min: -1  Max: 4  Default: -1
Changed value of parameter MIPFocus to 1
   Prev: 0  Min: 0  Max: 3  Default: 0
Optimize a model with 2534 rows, 7819 columns and 15638 nonzeros
Coefficient statistics:
  Matrix range    [1e+00, 4e+01]
  Objective range [1e+00, 1e+00]
  Bounds range    [1e+00, 1e+00]
  RHS range       [8e+01, 8e+01]
Found heuristic solution: objective 0
Presolve removed 413 rows and 1590 columns
Presolve time: 0.05s
Presolved: 2121 rows, 6229 columns, 12458 nonzeros
Found heuristic solution: objective -864.6840000
Variable types: 0 continuous, 6229 integer (6229 binary)
Optimize a model with 2121 rows, 6229 columns and 12458 nonzeros
Coefficient statistics:
  Matrix range    [1e+00, 4e+01]
  Objective range [1e+00, 1e+00]
  Bounds range    [1e+00, 1e+00]
  RHS range       [1e+00, 8e+01]
Presolved: 2121 rows, 6229 columns, 12458 nonzeros

Root barrier log...

Ordering time: 0.00s

Barrier statistics:
 AA' NZ     : 6.229e+03
 Factor NZ  : 3.264e+04 (roughly 4 MBytes of memory)
 Factor Ops : 1.913e+06 (less than 1 second per iteration)
 Threads    : 1

                  Objective                Residual
Iter       Primal          Dual         Primal    Dual     Compl     Time
   0  -4.79145671e+03 -3.93441458e+03  2.69e+01 2.48e-01  1.60e+00     0s
   1  -1.40392789e+03 -3.05712461e+03  3.55e+00 6.66e-16  2.96e-01     0s
   2  -9.26704467e+02 -1.24321242e+03  1.19e-01 6.66e-16  2.73e-02     0s
   3  -9.28809775e+02 -9.71518539e+02  2.11e-02 1.13e-14  3.68e-03     0s
   4  -9.30313600e+02 -9.31274943e+02  2.21e-03 4.44e-16  1.14e-04     0s
   5  -9.30596818e+02 -9.30597743e+02  2.31e-06 4.44e-16  1.14e-07     0s
   6  -9.30597171e+02 -9.30597171e+02  2.35e-12 4.44e-16  1.16e-13     0s

Barrier solved model in 6 iterations and 0.11 seconds
Optimal objective -9.30597171e+02


Root relaxation: objective -9.305972e+02, 4549 iterations, 0.09 seconds

    Nodes    |    Current Node    |     Objective Bounds      |     Work
 Expl Unexpl |  Obj  Depth IntInf | Incumbent    BestBd   Gap | It/Node Time

     0     0 -930.59717    0  344 -864.68400 -930.59717  7.62%     -    0s
     0     0 -907.17180    0  239 -864.68400 -907.17180  4.91%     -    0s
H    0     0                    -880.2840000 -907.17180  3.05%     -    0s
H    0     0                    -883.4040000 -907.17180  2.69%     -    0s
     0     0 -907.17180    0  243 -883.40400 -907.17180  2.69%     -    0s
     0     0 -884.44400    0   60 -883.40400 -884.44400  0.12%     -    0s

Cutting planes:
  Gomory: 21
  Cover: 180
  MIR: 2

Explored 0 nodes (9069 simplex iterations) in 0.75 seconds
Thread count was 16 (of 16 available processors)

Optimal solution found (tolerance 1.00e-02)
Best objective -8.834040000000e+02, best bound -8.844440000000e+02, gap 0.1177%
Changed value of parameter MIPGap to 0.01
   Prev: 0.0001  Min: 0.0  Max: 1e+100  Default: 0.0001
Changed value of parameter TimeLimit to 1800.0
   Prev: 1e+100  Min: 0.0  Max: 1e+100  Default: 1e+100
Changed value of parameter Method to 2
   Prev: -1  Min: -1  Max: 4  Default: -1
Changed value of parameter MIPFocus to 1
   Prev: 0  Min: 0  Max: 3  Default: 0
Optimize a model with 2534 rows, 7819 columns and 15638 nonzeros
Coefficient statistics:
  Matrix range    [1e+00, 4e+01]
  Objective range [1e+00, 1e+00]
  Bounds range    [1e+00, 1e+00]
  RHS range       [8e+01, 8e+01]
Found heuristic solution: objective 0
Presolve removed 413 rows and 1590 columns
Presolve time: 0.05s
Presolved: 2121 rows, 6229 columns, 12458 nonzeros
Found heuristic solution: objective -871.3680000
Variable types: 0 continuous, 6229 integer (6229 binary)
Optimize a model with 2121 rows, 6229 columns and 12458 nonzeros
Coefficient statistics:
  Matrix range    [1e+00, 4e+01]
  Objective range [1e+00, 1e+00]
  Bounds range    [1e+00, 1e+00]
  RHS range       [1e+00, 8e+01]
Presolved: 2121 rows, 6229 columns, 12458 nonzeros

Root barrier log...

Ordering time: 0.00s

Barrier statistics:
 AA' NZ     : 6.229e+03
 Factor NZ  : 3.264e+04 (roughly 4 MBytes of memory)
 Factor Ops : 1.913e+06 (less than 1 second per iteration)
 Threads    : 1

                  Objective                Residual
Iter       Primal          Dual         Primal    Dual     Compl     Time
   0  -4.84530699e+03 -3.95039862e+03  2.69e+01 2.49e-01  1.60e+00     0s
   1  -1.42376368e+03 -3.07092698e+03  3.58e+00 6.66e-16  2.98e-01     0s
   2  -9.36913362e+02 -1.25541572e+03  1.26e-01 6.66e-16  2.76e-02     0s
   3  -9.38290004e+02 -9.71432276e+02  4.10e-02 2.78e-16  3.29e-03     0s
   4  -9.39661348e+02 -9.40591812e+02  1.90e-03 4.44e-16  1.06e-04     0s
   5  -9.39816124e+02 -9.39817003e+02  6.07e-08 4.44e-16  6.92e-08     0s
   6  -9.39816293e+02 -9.39816293e+02  6.28e-14 4.44e-16  6.96e-14     0s

Barrier solved model in 6 iterations and 0.11 seconds
Optimal objective -9.39816293e+02


Root relaxation: objective -9.398163e+02, 4524 iterations, 0.09 seconds

    Nodes    |    Current Node    |     Objective Bounds      |     Work
 Expl Unexpl |  Obj  Depth IntInf | Incumbent    BestBd   Gap | It/Node Time

     0     0 -939.81629    0  327 -871.36800 -939.81629  7.86%     -    0s
     0     0 -916.51727    0  260 -871.36800 -916.51727  5.18%     -    0s
H    0     0                    -882.1680000 -916.51727  3.89%     -    0s
H    0     0                    -887.5680000 -916.51727  3.26%     -    0s
     0     0 -891.88800    0   42 -887.56800 -891.88800  0.49%     -    0s

Cutting planes:
  Gomory: 18
  Cover: 178

Explored 0 nodes (9329 simplex iterations) in 0.72 seconds
Thread count was 16 (of 16 available processors)

Optimal solution found (tolerance 1.00e-02)
Best objective -8.875680000000e+02, best bound -8.918880000000e+02, gap 0.4867%
Changed value of parameter MIPGap to 0.01
   Prev: 0.0001  Min: 0.0  Max: 1e+100  Default: 0.0001
Changed value of parameter TimeLimit to 1800.0
   Prev: 1e+100  Min: 0.0  Max: 1e+100  Default: 1e+100
Changed value of parameter Method to 2
   Prev: -1  Min: -1  Max: 4  Default: -1
Changed value of parameter MIPFocus to 1
   Prev: 0  Min: 0  Max: 3  Default: 0
Optimize a model with 2534 rows, 7819 columns and 15638 nonzeros
Coefficient statistics:
  Matrix range    [1e+00, 4e+01]
  Objective range [1e+00, 1e+00]
  Bounds range    [1e+00, 1e+00]
  RHS range       [8e+01, 8e+01]
Found heuristic solution: objective 0
Presolve removed 413 rows and 1590 columns
Presolve time: 0.05s
Presolved: 2121 rows, 6229 columns, 12458 nonzeros
Found heuristic solution: objective -874.7100000
Variable types: 0 continuous, 6229 integer (6229 binary)
Optimize a model with 2121 rows, 6229 columns and 12458 nonzeros
Coefficient statistics:
  Matrix range    [1e+00, 4e+01]
  Objective range [1e+00, 1e+00]
  Bounds range    [1e+00, 1e+00]
  RHS range       [1e+00, 8e+01]
Presolved: 2121 rows, 6229 columns, 12458 nonzeros

Root barrier log...

Ordering time: 0.00s

Barrier statistics:
 AA' NZ     : 6.229e+03
 Factor NZ  : 3.264e+04 (roughly 4 MBytes of memory)
 Factor Ops : 1.913e+06 (less than 1 second per iteration)
 Threads    : 1

                  Objective                Residual
Iter       Primal          Dual         Primal    Dual     Compl     Time
   0  -4.87223113e+03 -3.95839065e+03  2.69e+01 2.49e-01  1.60e+00     0s
   1  -1.43947520e+03 -3.07812972e+03  3.63e+00 6.11e-16  3.00e-01     0s
   2  -9.41841465e+02 -1.26529736e+03  1.28e-01 6.66e-16  2.80e-02     0s
   3  -9.42978963e+02 -9.76115042e+02  4.15e-02 3.11e-15  3.30e-03     0s
   4  -9.44282412e+02 -9.45186699e+02  1.69e-03 4.44e-16  1.01e-04     0s
   5  -9.44425709e+02 -9.44426701e+02  7.92e-14 4.44e-16  7.60e-08     0s
   6  -9.44425854e+02 -9.44425854e+02  4.19e-14 4.44e-16  7.64e-14     0s

Barrier solved model in 6 iterations and 0.11 seconds
Optimal objective -9.44425854e+02


Root relaxation: objective -9.444259e+02, 4522 iterations, 0.09 seconds

    Nodes    |    Current Node    |     Objective Bounds      |     Work
 Expl Unexpl |  Obj  Depth IntInf | Incumbent    BestBd   Gap | It/Node Time

     0     0 -944.42585    0  360 -874.71000 -944.42585  7.97%     -    0s
     0     0 -911.80146    0  158 -874.71000 -911.80146  4.24%     -    0s
H    0     0                    -891.2100000 -911.80146  2.31%     -    0s
H    0     0                    -894.5100000 -911.80146  1.93%     -    0s
     0     0 -911.80146    0  160 -894.51000 -911.80146  1.93%     -    0s
*    0     0               0    -895.6100000 -895.61000  0.00%     -    0s

Cutting planes:
  Gomory: 14
  Cover: 178
  MIR: 1

Explored 0 nodes (8362 simplex iterations) in 0.66 seconds
Thread count was 16 (of 16 available processors)

Optimal solution found (tolerance 1.00e-02)
Best objective -8.956100000000e+02, best bound -8.956100000000e+02, gap 0.0%
Changed value of parameter MIPGap to 0.01
   Prev: 0.0001  Min: 0.0  Max: 1e+100  Default: 0.0001
Changed value of parameter TimeLimit to 1800.0
   Prev: 1e+100  Min: 0.0  Max: 1e+100  Default: 1e+100
Changed value of parameter Method to 2
   Prev: -1  Min: -1  Max: 4  Default: -1
Changed value of parameter MIPFocus to 1
   Prev: 0  Min: 0  Max: 3  Default: 0
Optimize a model with 2534 rows, 7819 columns and 15638 nonzeros
Coefficient statistics:
  Matrix range    [1e+00, 4e+01]
  Objective range [1e+00, 1e+00]
  Bounds range    [1e+00, 1e+00]
  RHS range       [8e+01, 8e+01]
Found heuristic solution: objective 0
Presolve removed 413 rows and 1590 columns
Presolve time: 0.05s
Presolved: 2121 rows, 6229 columns, 12458 nonzeros
Found heuristic solution: objective -891.4200000
Variable types: 0 continuous, 6229 integer (6229 binary)
Optimize a model with 2121 rows, 6229 columns and 12458 nonzeros
Coefficient statistics:
  Matrix range    [1e+00, 4e+01]
  Objective range [1e+00, 1e+00]
  Bounds range    [1e+00, 1e+00]
  RHS range       [1e+00, 8e+01]
Presolved: 2121 rows, 6229 columns, 12458 nonzeros

Root barrier log...

Ordering time: 0.00s

Barrier statistics:
 AA' NZ     : 6.229e+03
 Factor NZ  : 3.264e+04 (roughly 4 MBytes of memory)
 Factor Ops : 1.913e+06 (less than 1 second per iteration)
 Threads    : 1

                  Objective                Residual
Iter       Primal          Dual         Primal    Dual     Compl     Time
   0  -5.00684201e+03 -3.99835076e+03  2.69e+01 2.50e-01  1.61e+00     0s
   1  -1.53392868e+03 -3.11275758e+03  3.99e+00 6.66e-16  3.14e-01     0s
   2  -9.69598005e+02 -1.32278667e+03  1.59e-01 6.66e-16  3.12e-02     0s
   3  -9.67150877e+02 -1.00102029e+03  4.12e-02 4.44e-16  3.37e-03     0s
   4  -9.67386866e+02 -9.68146406e+02  2.53e-04 4.44e-16  6.38e-05     0s
   5  -9.67473599e+02 -9.67473974e+02  6.51e-08 4.44e-16  3.02e-08     0s
   6  -9.67473659e+02 -9.67473659e+02  1.14e-13 4.44e-16  3.03e-14     0s

Barrier solved model in 6 iterations and 0.11 seconds
Optimal objective -9.67473659e+02


Root relaxation: objective -9.674737e+02, 4517 iterations, 0.09 seconds

    Nodes    |    Current Node    |     Objective Bounds      |     Work
 Expl Unexpl |  Obj  Depth IntInf | Incumbent    BestBd   Gap | It/Node Time

     0     0 -967.47366    0  379 -891.42000 -967.47366  8.53%     -    0s
     0     0 -935.30780    0  218 -891.42000 -935.30780  4.92%     -    0s
H    0     0                    -909.4200000 -935.30780  2.85%     -    0s
H    0     0                    -911.8200000 -935.30780  2.58%     -    0s
     0     0 -934.73707    0  177 -911.82000 -934.73707  2.51%     -    0s
     0     0 -914.22000    0   77 -911.82000 -914.22000  0.26%     -    0s

Cutting planes:
  Gomory: 17
  Cover: 178

Explored 0 nodes (8480 simplex iterations) in 0.71 seconds
Thread count was 16 (of 16 available processors)

Optimal solution found (tolerance 1.00e-02)
Best objective -9.118200000000e+02, best bound -9.142200000000e+02, gap 0.2632%
Changed value of parameter MIPGap to 0.01
   Prev: 0.0001  Min: 0.0  Max: 1e+100  Default: 0.0001
Changed value of parameter TimeLimit to 1800.0
   Prev: 1e+100  Min: 0.0  Max: 1e+100  Default: 1e+100
Changed value of parameter Method to 2
   Prev: -1  Min: -1  Max: 4  Default: -1
Changed value of parameter MIPFocus to 1
   Prev: 0  Min: 0  Max: 3  Default: 0
Optimize a model with 2534 rows, 7819 columns and 15638 nonzeros
Coefficient statistics:
  Matrix range    [1e+00, 4e+01]
  Objective range [1e+00, 1e+00]
  Bounds range    [1e+00, 1e+00]
  RHS range       [8e+01, 8e+01]
Found heuristic solution: objective 0
Presolve removed 413 rows and 1590 columns
Presolve time: 0.05s
Presolved: 2121 rows, 6229 columns, 12458 nonzeros
Found heuristic solution: objective -924.8400000
Variable types: 0 continuous, 6229 integer (6229 binary)
Optimize a model with 2121 rows, 6229 columns and 12458 nonzeros
Coefficient statistics:
  Matrix range    [1e+00, 4e+01]
  Objective range [1e+00, 1e+00]
  Bounds range    [1e+00, 1e+00]
  RHS range       [1e+00, 8e+01]
Presolved: 2121 rows, 6229 columns, 12458 nonzeros

Root barrier log...

Ordering time: 0.00s

Barrier statistics:
 AA' NZ     : 6.229e+03
 Factor NZ  : 3.264e+04 (roughly 4 MBytes of memory)
 Factor Ops : 1.913e+06 (less than 1 second per iteration)
 Threads    : 1

                  Objective                Residual
Iter       Primal          Dual         Primal    Dual     Compl     Time
   0  -5.27616968e+03 -4.15017356e+03  2.69e+01 2.53e-01  1.66e+00     0s
   1  -1.69532266e+03 -3.23369609e+03  4.49e+00 6.66e-16  3.44e-01     0s
   2  -1.02663982e+03 -1.42468075e+03  2.27e-01 6.66e-16  3.69e-02     0s
   3  -1.01446606e+03 -1.04944404e+03  4.38e-02 4.44e-16  3.54e-03     0s
   4  -1.01349874e+03 -1.01409953e+03  4.06e-04 4.44e-16  5.48e-05     0s
   5  -1.01356925e+03 -1.01356950e+03  9.56e-08 4.44e-16  2.19e-08     0s
   6  -1.01356927e+03 -1.01356927e+03  9.84e-14 4.44e-16  2.20e-14     0s

Barrier solved model in 6 iterations and 0.11 seconds
Optimal objective -1.01356927e+03


Root relaxation: objective -1.013569e+03, 4513 iterations, 0.09 seconds

    Nodes    |    Current Node    |     Objective Bounds      |     Work
 Expl Unexpl |  Obj  Depth IntInf | Incumbent    BestBd   Gap | It/Node Time

     0     0 -1013.5693    0  377 -924.84000 -1013.5693  9.59%     -    0s
     0     0 -975.37659    0  267 -924.84000 -975.37659  5.46%     -    0s
H    0     0                    -943.0400000 -975.37659  3.43%     -    0s
H    0     0                    -947.2400000 -975.37659  2.97%     -    0s
     0     0 -975.37659    0  269 -947.24000 -975.37659  2.97%     -    0s
     0     0 -951.44000    0  122 -947.24000 -951.44000  0.44%     -    0s

Cutting planes:
  Gomory: 14
  Cover: 179
  MIR: 1

Explored 0 nodes (8325 simplex iterations) in 0.66 seconds
Thread count was 16 (of 16 available processors)

Optimal solution found (tolerance 1.00e-02)
Best objective -9.472400000000e+02, best bound -9.514400000000e+02, gap 0.4434%
Changed value of parameter MIPGap to 0.01
   Prev: 0.0001  Min: 0.0  Max: 1e+100  Default: 0.0001
Changed value of parameter TimeLimit to 1800.0
   Prev: 1e+100  Min: 0.0  Max: 1e+100  Default: 1e+100
Changed value of parameter Method to 2
   Prev: -1  Min: -1  Max: 4  Default: -1
Changed value of parameter MIPFocus to 1
   Prev: 0  Min: 0  Max: 3  Default: 0
Optimize a model with 2534 rows, 7819 columns and 15638 nonzeros
Coefficient statistics:
  Matrix range    [1e+00, 4e+01]
  Objective range [1e+00, 2e+00]
  Bounds range    [1e+00, 1e+00]
  RHS range       [8e+01, 8e+01]
Found heuristic solution: objective 0
Presolve removed 413 rows and 1590 columns
Presolve time: 0.05s
Presolved: 2121 rows, 6229 columns, 12458 nonzeros
Found heuristic solution: objective -991.6800000
Variable types: 0 continuous, 6229 integer (6229 binary)
Optimize a model with 2121 rows, 6229 columns and 12458 nonzeros
Coefficient statistics:
  Matrix range    [1e+00, 4e+01]
  Objective range [1e+00, 2e+00]
  Bounds range    [1e+00, 1e+00]
  RHS range       [1e+00, 8e+01]
Presolved: 2121 rows, 6229 columns, 12458 nonzeros

Root barrier log...

Ordering time: 0.00s

Barrier statistics:
 AA' NZ     : 6.229e+03
 Factor NZ  : 3.264e+04 (roughly 4 MBytes of memory)
 Factor Ops : 1.913e+06 (less than 1 second per iteration)
 Threads    : 1

                  Objective                Residual
Iter       Primal          Dual         Primal    Dual     Compl     Time
   0  -5.81634768e+03 -5.21762596e+03  2.69e+01 2.68e-01  2.16e+00     0s
   1  -1.85123884e+03 -4.01025276e+03  4.42e+00 8.88e-16  4.42e-01     0s
   2  -1.11075238e+03 -1.64280622e+03  2.25e-01 6.66e-16  4.82e-02     0s
   3  -1.10403545e+03 -1.15652296e+03  4.91e-02 4.44e-16  5.09e-03     0s
   4  -1.10561549e+03 -1.10660619e+03  5.24e-04 4.44e-16  8.82e-05     0s
   5  -1.10576043e+03 -1.10576096e+03  1.39e-07 1.11e-15  4.39e-08     0s
   6  -1.10576049e+03 -1.10576049e+03  1.96e-13 4.44e-16  4.40e-14     0s

Barrier solved model in 6 iterations and 0.11 seconds
Optimal objective -1.10576049e+03


Root relaxation: objective -1.105760e+03, 4505 iterations, 0.09 seconds

    Nodes    |    Current Node    |     Objective Bounds      |     Work
 Expl Unexpl |  Obj  Depth IntInf | Incumbent    BestBd   Gap | It/Node Time

     0     0 -1105.7605    0  384 -991.68000 -1105.7605  11.5%     -    0s
     0     0 -1061.7922    0  242 -991.68000 -1061.7922  7.07%     -    0s
H    0     0                    -1018.680000 -1061.7922  4.23%     -    0s
H    0     0                    -1024.080000 -1061.7922  3.68%     -    0s
     0     0 -1061.7922    0  246 -1024.0800 -1061.7922  3.68%     -    0s
     0     0 -1025.8800    0   44 -1024.0800 -1025.8800  0.18%     -    0s

Cutting planes:
  Gomory: 19
  Cover: 181
  MIR: 1

Explored 0 nodes (8391 simplex iterations) in 0.87 seconds
Thread count was 16 (of 16 available processors)

Optimal solution found (tolerance 1.00e-02)
Best objective -1.024080000000e+03, best bound -1.025880000000e+03, gap 0.1758%
Changed value of parameter MIPGap to 0.01
   Prev: 0.0001  Min: 0.0  Max: 1e+100  Default: 0.0001
Changed value of parameter TimeLimit to 1800.0
   Prev: 1e+100  Min: 0.0  Max: 1e+100  Default: 1e+100
Changed value of parameter Method to 2
   Prev: -1  Min: -1  Max: 4  Default: -1
Changed value of parameter MIPFocus to 1
   Prev: 0  Min: 0  Max: 3  Default: 0
Optimize a model with 2534 rows, 7819 columns and 15638 nonzeros
Coefficient statistics:
  Matrix range    [1e+00, 4e+01]
  Objective range [1e+00, 2e+00]
  Bounds range    [1e+00, 1e+00]
  RHS range       [8e+01, 8e+01]
Found heuristic solution: objective 0
Presolve removed 413 rows and 1590 columns
Presolve time: 0.05s
Presolved: 2121 rows, 6229 columns, 12458 nonzeros
Found heuristic solution: objective -1025.100000
Variable types: 0 continuous, 6229 integer (6229 binary)
Optimize a model with 2121 rows, 6229 columns and 12458 nonzeros
Coefficient statistics:
  Matrix range    [1e+00, 4e+01]
  Objective range [1e+00, 2e+00]
  Bounds range    [1e+00, 1e+00]
  RHS range       [1e+00, 8e+01]
Presolved: 2121 rows, 6229 columns, 12458 nonzeros

Root barrier log...

Ordering time: 0.00s

Barrier statistics:
 AA' NZ     : 6.229e+03
 Factor NZ  : 3.264e+04 (roughly 4 MBytes of memory)
 Factor Ops : 1.913e+06 (less than 1 second per iteration)
 Threads    : 1

                  Objective                Residual
Iter       Primal          Dual         Primal    Dual     Compl     Time
   0  -6.08640706e+03 -5.75135215e+03  2.69e+01 2.76e-01  2.42e+00     0s
   1  -1.97006293e+03 -4.39143511e+03  4.29e+00 8.88e-16  4.81e-01     0s
   2  -1.15584194e+03 -1.73588093e+03  2.04e-01 8.88e-16  5.17e-02     0s
   3  -1.14921233e+03 -1.20351779e+03  3.75e-02 8.88e-16  5.03e-03     0s
   4  -1.15169892e+03 -1.15261350e+03  3.96e-04 4.44e-16  7.96e-05     0s
   5  -1.15185605e+03 -1.15185640e+03  1.02e-07 1.78e-15  2.96e-08     0s
   6  -1.15185610e+03 -1.15185610e+03  1.03e-13 8.88e-16  2.97e-14     0s

Barrier solved model in 6 iterations and 0.11 seconds
Optimal objective -1.15185610e+03


Root relaxation: objective -1.151856e+03, 4509 iterations, 0.09 seconds

    Nodes    |    Current Node    |     Objective Bounds      |     Work
 Expl Unexpl |  Obj  Depth IntInf | Incumbent    BestBd   Gap | It/Node Time

     0     0 -1151.8561    0  378 -1025.1000 -1151.8561  12.4%     -    0s
     0     0 -1087.8317    0  224 -1025.1000 -1087.8317  6.12%     -    0s
H    0     0                    -1053.100000 -1087.8317  3.30%     -    0s
H    0     0                    -1061.100000 -1087.8317  2.52%     -    0s
     0     0 -1087.8317    0  228 -1061.1000 -1087.8317  2.52%     -    0s
*    0     0               0    -1063.100000 -1063.1000  0.00%     -    0s

Cutting planes:
  Gomory: 14
  Cover: 179
  MIR: 1

Explored 0 nodes (8174 simplex iterations) in 0.86 seconds
Thread count was 16 (of 16 available processors)

Optimal solution found (tolerance 1.00e-02)
Best objective -1.063100000000e+03, best bound -1.063100000000e+03, gap 0.0%
Changed value of parameter MIPGap to 0.01
   Prev: 0.0001  Min: 0.0  Max: 1e+100  Default: 0.0001
Changed value of parameter TimeLimit to 1800.0
   Prev: 1e+100  Min: 0.0  Max: 1e+100  Default: 1e+100
Changed value of parameter Method to 2
   Prev: -1  Min: -1  Max: 4  Default: -1
Changed value of parameter MIPFocus to 1
   Prev: 0  Min: 0  Max: 3  Default: 0
Optimize a model with 2534 rows, 7819 columns and 15638 nonzeros
Coefficient statistics:
  Matrix range    [1e+00, 4e+01]
  Objective range [1e+00, 3e+00]
  Bounds range    [1e+00, 1e+00]
  RHS range       [8e+01, 8e+01]
Found heuristic solution: objective 0
Presolve removed 413 rows and 1590 columns
Presolve time: 0.05s
Presolved: 2121 rows, 6229 columns, 12458 nonzeros
Found heuristic solution: objective -1192.200000
Variable types: 0 continuous, 6229 integer (6229 binary)
Optimize a model with 2121 rows, 6229 columns and 12458 nonzeros
Coefficient statistics:
  Matrix range    [1e+00, 4e+01]
  Objective range [1e+00, 3e+00]
  Bounds range    [1e+00, 1e+00]
  RHS range       [1e+00, 8e+01]
Presolved: 2121 rows, 6229 columns, 12458 nonzeros

Root barrier log...

Ordering time: 0.00s

Barrier statistics:
 AA' NZ     : 6.229e+03
 Factor NZ  : 3.264e+04 (roughly 4 MBytes of memory)
 Factor Ops : 1.913e+06 (less than 1 second per iteration)
 Threads    : 1

                  Objective                Residual
Iter       Primal          Dual         Primal    Dual     Compl     Time
   0  -7.43656931e+03 -8.41998313e+03  2.69e+01 3.16e-01  3.69e+00     0s
   1  -2.35532601e+03 -6.31474672e+03  4.31e+00 1.33e-15  7.32e-01     0s
   2  -1.37319400e+03 -2.29333787e+03  2.14e-01 9.99e-16  8.07e-02     0s
   3  -1.37448115e+03 -1.46459766e+03  4.09e-02 8.88e-16  8.05e-03     0s
   4  -1.38203938e+03 -1.38362893e+03  4.06e-04 4.88e-15  1.34e-04     0s
   5  -1.38233404e+03 -1.38233495e+03  1.27e-07 8.88e-16  7.37e-08     0s
   6  -1.38233415e+03 -1.38233415e+03  1.31e-13 8.88e-16  7.39e-14     0s

Barrier solved model in 6 iterations and 0.11 seconds
Optimal objective -1.38233415e+03


Root relaxation: objective -1.382334e+03, 4504 iterations, 0.09 seconds

    Nodes    |    Current Node    |     Objective Bounds      |     Work
 Expl Unexpl |  Obj  Depth IntInf | Incumbent    BestBd   Gap | It/Node Time

     0     0 -1382.3341    0  382 -1192.2000 -1382.3341  15.9%     -    0s
     0     0 -1289.0780    0  214 -1192.2000 -1289.0780  8.13%     -    0s
H    0     0                    -1240.200000 -1289.0780  3.94%     -    0s
H    0     0                    -1243.200000 -1289.0780  3.69%     -    0s
     0     0 -1288.0317    0  215 -1243.2000 -1288.0317  3.61%     -    0s
     0     0 -1249.2000    0   93 -1243.2000 -1249.2000  0.48%     -    0s

Cutting planes:
  Gomory: 16
  Cover: 183
  MIR: 1

Explored 0 nodes (8477 simplex iterations) in 0.74 seconds
Thread count was 16 (of 16 available processors)

Optimal solution found (tolerance 1.00e-02)
Best objective -1.243200000000e+03, best bound -1.249200000000e+03, gap 0.4826%
Changed value of parameter MIPGap to 0.01
   Prev: 0.0001  Min: 0.0  Max: 1e+100  Default: 0.0001
Changed value of parameter TimeLimit to 1800.0
   Prev: 1e+100  Min: 0.0  Max: 1e+100  Default: 1e+100
Changed value of parameter Method to 2
   Prev: -1  Min: -1  Max: 4  Default: -1
Changed value of parameter MIPFocus to 1
   Prev: 0  Min: 0  Max: 3  Default: 0
Optimize a model with 2534 rows, 7819 columns and 15638 nonzeros
Coefficient statistics:
  Matrix range    [1e+00, 4e+01]
  Objective range [1e+00, 5e+00]
  Bounds range    [1e+00, 1e+00]
  RHS range       [8e+01, 8e+01]
Found heuristic solution: objective 0
Presolve removed 413 rows and 1590 columns
Presolve time: 0.05s
Presolved: 2121 rows, 6229 columns, 12458 nonzeros
Found heuristic solution: objective -1526.400000
Variable types: 0 continuous, 6229 integer (6229 binary)
Optimize a model with 2121 rows, 6229 columns and 12458 nonzeros
Coefficient statistics:
  Matrix range    [1e+00, 4e+01]
  Objective range [1e+00, 5e+00]
  Bounds range    [1e+00, 1e+00]
  RHS range       [1e+00, 8e+01]
Presolved: 2121 rows, 6229 columns, 12458 nonzeros

Root barrier log...

Ordering time: 0.00s

Barrier statistics:
 AA' NZ     : 6.229e+03
 Factor NZ  : 3.264e+04 (roughly 4 MBytes of memory)
 Factor Ops : 1.913e+06 (less than 1 second per iteration)
 Threads    : 1

                  Objective                Residual
Iter       Primal          Dual         Primal    Dual     Compl     Time
   0  -1.01366572e+04 -1.37572451e+04  2.69e+01 3.95e-01  6.24e+00     0s
   1  -3.14566215e+03 -1.02078113e+04  4.24e+00 2.66e-15  1.23e+00     0s
   2  -1.82035657e+03 -3.39031191e+03  2.13e-01 1.78e-15  1.36e-01     0s
   3  -1.82631143e+03 -1.99920107e+03  4.44e-02 1.78e-15  1.50e-02     0s
   4  -1.84264223e+03 -1.84615851e+03  5.05e-04 3.55e-15  2.89e-04     0s
   5  -1.84328992e+03 -1.84329499e+03  2.08e-07 1.78e-15  3.97e-07     0s
   6  -1.84329024e+03 -1.84329024e+03  2.13e-13 1.78e-15  3.97e-13     0s

Barrier solved model in 6 iterations and 0.10 seconds
Optimal objective -1.84329024e+03


Root relaxation: objective -1.843290e+03, 4503 iterations, 0.09 seconds

    Nodes    |    Current Node    |     Objective Bounds      |     Work
 Expl Unexpl |  Obj  Depth IntInf | Incumbent    BestBd   Gap | It/Node Time

     0     0 -1843.2902    0  396 -1526.4000 -1843.2902  20.8%     -    0s
     0     0 -1690.3634    0  194 -1526.4000 -1690.3634  10.7%     -    0s
H    0     0                    -1611.400000 -1690.3634  4.90%     -    0s
H    0     0                    -1621.400000 -1690.3634  4.25%     -    0s
     0     0     cutoff    0      -1621.4000 -1621.5984  0.01%     -    0s

Cutting planes:
  Gomory: 15
  Cover: 178
  MIR: 1

Explored 0 nodes (8208 simplex iterations) in 0.78 seconds
Thread count was 16 (of 16 available processors)

Optimal solution found (tolerance 1.00e-02)
Best objective -1.621400000000e+03, best bound -1.621400000000e+03, gap 0.0%
Changed value of parameter MIPGap to 0.01
   Prev: 0.0001  Min: 0.0  Max: 1e+100  Default: 0.0001
Changed value of parameter TimeLimit to 1800.0
   Prev: 1e+100  Min: 0.0  Max: 1e+100  Default: 1e+100
Changed value of parameter Method to 2
   Prev: -1  Min: -1  Max: 4  Default: -1
Changed value of parameter MIPFocus to 1
   Prev: 0  Min: 0  Max: 3  Default: 0
Optimize a model with 2534 rows, 7819 columns and 15638 nonzeros
Coefficient statistics:
  Matrix range    [1e+00, 4e+01]
  Objective range [1e+00, 9e+00]
  Bounds range    [1e+00, 1e+00]
  RHS range       [8e+01, 8e+01]
Found heuristic solution: objective 0
Presolve removed 413 rows and 1590 columns
Presolve time: 0.05s
Presolved: 2121 rows, 6229 columns, 12458 nonzeros
Found heuristic solution: objective -2194.800000
Variable types: 0 continuous, 6229 integer (6229 binary)
Optimize a model with 2121 rows, 6229 columns and 12458 nonzeros
Coefficient statistics:
  Matrix range    [1e+00, 4e+01]
  Objective range [1e+00, 9e+00]
  Bounds range    [1e+00, 1e+00]
  RHS range       [1e+00, 8e+01]
Presolved: 2121 rows, 6229 columns, 12458 nonzeros

Root barrier log...

Ordering time: 0.00s

Barrier statistics:
 AA' NZ     : 6.229e+03
 Factor NZ  : 3.264e+04 (roughly 4 MBytes of memory)
 Factor Ops : 1.913e+06 (less than 1 second per iteration)
 Threads    : 1

                  Objective                Residual
Iter       Primal          Dual         Primal    Dual     Compl     Time
   0  -1.55366283e+04 -2.44317690e+04  2.69e+01 6.84e-01  1.13e+01     0s
   1  -4.75004517e+03 -1.80120555e+04  4.18e+00 4.00e-15  2.21e+00     0s
   2  -2.72909789e+03 -5.59872060e+03  2.04e-01 3.55e-15  2.45e-01     0s
   3  -2.73180084e+03 -3.05345120e+03  3.96e-02 7.11e-15  2.71e-02     0s
   4  -2.76395070e+03 -2.77365372e+03  4.67e-04 3.55e-15  7.72e-04     0s
   5  -2.76520176e+03 -2.76521727e+03  2.23e-07 3.55e-15  1.20e-06     0s
   6  -2.76520244e+03 -2.76520244e+03  2.24e-13 3.55e-15  1.20e-12     0s

Barrier solved model in 6 iterations and 0.11 seconds
Optimal objective -2.76520244e+03


Root relaxation: objective -2.765202e+03, 4583 iterations, 0.09 seconds

    Nodes    |    Current Node    |     Objective Bounds      |     Work
 Expl Unexpl |  Obj  Depth IntInf | Incumbent    BestBd   Gap | It/Node Time

     0     0 -2765.2024    0  343 -2194.8000 -2765.2024  26.0%     -    0s
     0     0 -2536.8000    0  210 -2194.8000 -2536.8000  15.6%     -    0s
H    0     0                    -2329.800000 -2536.8000  8.88%     -    0s
H    0     0                    -2347.800000 -2536.8000  8.05%     -    0s
     0     0 -2365.8000    0   28 -2347.8000 -2365.8000  0.77%     -    0s

Cutting planes:
  Gomory: 17
  Cover: 179

Explored 0 nodes (8579 simplex iterations) in 0.60 seconds
Thread count was 16 (of 16 available processors)

Optimal solution found (tolerance 1.00e-02)
Best objective -2.347800000000e+03, best bound -2.365800000000e+03, gap 0.7667%
Changed value of parameter MIPGap to 0.01
   Prev: 0.0001  Min: 0.0  Max: 1e+100  Default: 0.0001
Changed value of parameter TimeLimit to 1800.0
   Prev: 1e+100  Min: 0.0  Max: 1e+100  Default: 1e+100
Changed value of parameter Method to 2
   Prev: -1  Min: -1  Max: 4  Default: -1
Changed value of parameter MIPFocus to 1
   Prev: 0  Min: 0  Max: 3  Default: 0
Optimize a model with 2534 rows, 7819 columns and 15638 nonzeros
Coefficient statistics:
  Matrix range    [1e+00, 4e+01]
  Objective range [2e+00, 1e+01]
  Bounds range    [1e+00, 1e+00]
  RHS range       [8e+01, 8e+01]
Found heuristic solution: objective 0
Presolve removed 413 rows and 1590 columns
Presolve time: 0.05s
Presolved: 2121 rows, 6229 columns, 12458 nonzeros
Found heuristic solution: objective -2529.000000
Variable types: 0 continuous, 6229 integer (6229 binary)
Optimize a model with 2121 rows, 6229 columns and 12458 nonzeros
Coefficient statistics:
  Matrix range    [1e+00, 4e+01]
  Objective range [2e+00, 1e+01]
  Bounds range    [1e+00, 1e+00]
  RHS range       [1e+00, 8e+01]
Presolved: 2121 rows, 6229 columns, 12458 nonzeros

Root barrier log...

Ordering time: 0.00s

Barrier statistics:
 AA' NZ     : 6.229e+03
 Factor NZ  : 3.264e+04 (roughly 4 MBytes of memory)
 Factor Ops : 1.913e+06 (less than 1 second per iteration)
 Threads    : 1

                  Objective                Residual
Iter       Primal          Dual         Primal    Dual     Compl     Time
   0  -1.82365864e+04 -2.97690310e+04  2.69e+01 8.38e-01  1.39e+01     0s
   1  -5.55838256e+03 -2.19166687e+04  4.17e+00 5.33e-15  2.71e+00     0s
   2  -3.18741642e+03 -6.70630338e+03  2.00e-01 3.55e-15  2.99e-01     0s
   3  -3.18610897e+03 -3.57969597e+03  3.80e-02 3.55e-15  3.29e-02     0s
   4  -3.22356059e+03 -3.23879423e+03  1.70e-03 3.55e-15  1.28e-03     0s
   5  -3.22615551e+03 -3.22628484e+03  5.59e-07 3.55e-15  9.95e-06     0s
   6  -3.22615854e+03 -3.22615854e+03  5.74e-13 3.55e-15  1.04e-11     0s

Barrier solved model in 6 iterations and 0.12 seconds
Optimal objective -3.22615854e+03


Root relaxation: objective -3.226159e+03, 4732 iterations, 0.09 seconds

    Nodes    |    Current Node    |     Objective Bounds      |     Work
 Expl Unexpl |  Obj  Depth IntInf | Incumbent    BestBd   Gap | It/Node Time

     0     0 -3226.1585    0  356 -2529.0000 -3226.1585  27.6%     -    0s
     0     0 -2936.5366    0  216 -2529.0000 -2936.5366  16.1%     -    0s
H    0     0                    -2694.000000 -2936.5366  9.00%     -    0s
H    0     0                    -2716.000000 -2936.5366  8.12%     -    0s
     0     0 -2738.0000    0   28 -2716.0000 -2738.0000  0.81%     -    0s

Cutting planes:
  Gomory: 12
  Cover: 180

Explored 0 nodes (9231 simplex iterations) in 0.69 seconds
Thread count was 16 (of 16 available processors)

Optimal solution found (tolerance 1.00e-02)
Best objective -2.716000000000e+03, best bound -2.738000000000e+03, gap 0.8100%
Changed value of parameter MIPGap to 0.01
   Prev: 0.0001  Min: 0.0  Max: 1e+100  Default: 0.0001
Changed value of parameter TimeLimit to 1800.0
   Prev: 1e+100  Min: 0.0  Max: 1e+100  Default: 1e+100
Changed value of parameter Method to 2
   Prev: -1  Min: -1  Max: 4  Default: -1
Changed value of parameter MIPFocus to 1
   Prev: 0  Min: 0  Max: 3  Default: 0
Optimize a model with 2534 rows, 7819 columns and 15638 nonzeros
Coefficient statistics:
  Matrix range    [1e+00, 4e+01]
  Objective range [2e+00, 2e+01]
  Bounds range    [1e+00, 1e+00]
  RHS range       [8e+01, 8e+01]
Found heuristic solution: objective 0
Presolve removed 413 rows and 1590 columns
Presolve time: 0.05s
Presolved: 2121 rows, 6229 columns, 12458 nonzeros
Found heuristic solution: objective -4200.000000
Variable types: 0 continuous, 6229 integer (6229 binary)
Optimize a model with 2121 rows, 6229 columns and 12458 nonzeros
Coefficient statistics:
  Matrix range    [1e+00, 4e+01]
  Objective range [2e+00, 2e+01]
  Bounds range    [1e+00, 1e+00]
  RHS range       [1e+00, 8e+01]
Presolved: 2121 rows, 6229 columns, 12458 nonzeros

Root barrier log...

Ordering time: 0.00s

Barrier statistics:
 AA' NZ     : 6.229e+03
 Factor NZ  : 3.264e+04 (roughly 4 MBytes of memory)
 Factor Ops : 1.913e+06 (less than 1 second per iteration)
 Threads    : 1

                  Objective                Residual
Iter       Primal          Dual         Primal    Dual     Compl     Time
   0  -3.17363120e+04 -5.64553408e+04  2.69e+01 1.60e+00  2.66e+01     0s
   1  -9.61568449e+03 -4.14176391e+04  4.14e+00 9.77e-15  5.17e+00     0s
   2  -5.49269022e+03 -1.22449074e+04  1.89e-01 1.07e-14  5.69e-01     0s
   3  -5.46989593e+03 -6.16650688e+03  2.89e-02 7.11e-15  5.70e-02     0s
   4  -5.52065234e+03 -5.60414079e+03  3.02e-03 7.11e-15  6.74e-03     0s
   5  -5.53085962e+03 -5.53196186e+03  1.14e-05 7.11e-15  8.60e-05     0s
   6  -5.53093902e+03 -5.53093903e+03  3.26e-11 7.11e-15  1.55e-10     0s

Barrier solved model in 6 iterations and 0.10 seconds
Optimal objective -5.53093902e+03


Root relaxation: objective -5.530939e+03, 4858 iterations, 0.09 seconds

    Nodes    |    Current Node    |     Objective Bounds      |     Work
 Expl Unexpl |  Obj  Depth IntInf | Incumbent    BestBd   Gap | It/Node Time

     0     0 -5530.9390    0  334 -4200.0000 -5530.9390  31.7%     -    0s
H    0     0                    -4368.000000 -5530.9390  26.6%     -    0s
H    0     0                    -4494.000000 -5530.9390  23.1%     -    0s
H    0     0                    -4515.000000 -5530.9390  22.5%     -    0s
H    0     0                    -4557.000000 -5530.9390  21.4%     -    0s
     0     0 -4948.5732    0  192 -4557.0000 -4948.5732  8.59%     -    0s
H    0     0                    -4578.000000 -4948.5732  8.09%     -    0s
     0     0 -4599.0000    0   18 -4578.0000 -4599.0000  0.46%     -    0s

Cutting planes:
  Gomory: 15
  Cover: 178

Explored 0 nodes (9063 simplex iterations) in 0.79 seconds
Thread count was 16 (of 16 available processors)

Optimal solution found (tolerance 1.00e-02)
Best objective -4.578000000000e+03, best bound -4.599000000000e+03, gap 0.4587%
Changed value of parameter MIPGap to 0.01
   Prev: 0.0001  Min: 0.0  Max: 1e+100  Default: 0.0001
Changed value of parameter TimeLimit to 1800.0
   Prev: 1e+100  Min: 0.0  Max: 1e+100  Default: 1e+100
Changed value of parameter Method to 2
   Prev: -1  Min: -1  Max: 4  Default: -1
Changed value of parameter MIPFocus to 1
   Prev: 0  Min: 0  Max: 3  Default: 0
Optimize a model with 2534 rows, 7819 columns and 15638 nonzeros
Coefficient statistics:
  Matrix range    [1e+00, 4e+01]
  Objective range [3e+00, 4e+01]
  Bounds range    [1e+00, 1e+00]
  RHS range       [8e+01, 8e+01]
Found heuristic solution: objective 0
Presolve removed 413 rows and 1590 columns
Presolve time: 0.05s
Presolved: 2121 rows, 6229 columns, 12458 nonzeros
Found heuristic solution: objective -7542.000000
Variable types: 0 continuous, 6229 integer (6229 binary)
Optimize a model with 2121 rows, 6229 columns and 12458 nonzeros
Coefficient statistics:
  Matrix range    [1e+00, 4e+01]
  Objective range [3e+00, 4e+01]
  Bounds range    [1e+00, 1e+00]
  RHS range       [1e+00, 8e+01]
Presolved: 2121 rows, 6229 columns, 12458 nonzeros

Root barrier log...

Ordering time: 0.00s

Barrier statistics:
 AA' NZ     : 6.229e+03
 Factor NZ  : 3.264e+04 (roughly 4 MBytes of memory)
 Factor Ops : 1.913e+06 (less than 1 second per iteration)
 Threads    : 1

                  Objective                Residual
Iter       Primal          Dual         Primal    Dual     Compl     Time
   0  -5.87356926e+04 -1.09827960e+05  2.69e+01 3.14e+00  5.21e+01     0s
   1  -1.77532343e+04 -8.04152362e+04  4.12e+00 1.78e-14  1.01e+01     0s
   2  -1.01218043e+04 -2.33326558e+04  1.82e-01 1.60e-14  1.11e+00     0s
   3  -1.00687684e+04 -1.14255264e+04  2.66e-02 2.13e-14  1.10e-01     0s
   4  -1.01357535e+04 -1.01832089e+04  6.54e-04 1.42e-14  3.78e-03     0s
   5  -1.01404914e+04 -1.01409136e+04  1.86e-07 1.42e-14  3.24e-05     0s
   6  -1.01405000e+04 -1.01405000e+04  2.63e-13 1.42e-14  5.60e-11     0s

Barrier solved model in 6 iterations and 0.10 seconds
Optimal objective -1.01405000e+04


Root relaxation: objective -1.014050e+04, 5094 iterations, 0.10 seconds

    Nodes    |    Current Node    |     Objective Bounds      |     Work
 Expl Unexpl |  Obj  Depth IntInf | Incumbent    BestBd   Gap | It/Node Time

     0     0 -10140.500    0  390 -7542.0000 -10140.500  34.5%     -    0s
     0     0 -8379.5000    0   66 -7542.0000 -8379.5000  11.1%     -    0s
H    0     0                    -8239.000000 -8379.5000  1.71%     -    0s
H    0     0                    -8280.000000 -8379.5000  1.20%     -    0s
     0     0 -8321.0000    0   46 -8280.0000 -8321.0000  0.50%     -    0s

Cutting planes:
  Gomory: 3
  Cover: 179

Explored 0 nodes (9197 simplex iterations) in 0.68 seconds
Thread count was 16 (of 16 available processors)

Optimal solution found (tolerance 1.00e-02)
Best objective -8.280000000000e+03, best bound -8.321000000000e+03, gap 0.4952%
Changed value of parameter MIPGap to 0.01
   Prev: 0.0001  Min: 0.0  Max: 1e+100  Default: 0.0001
Changed value of parameter TimeLimit to 1800.0
   Prev: 1e+100  Min: 0.0  Max: 1e+100  Default: 1e+100
Changed value of parameter Method to 2
   Prev: -1  Min: -1  Max: 4  Default: -1
Changed value of parameter MIPFocus to 1
   Prev: 0  Min: 0  Max: 3  Default: 0
Optimize a model with 2534 rows, 7819 columns and 15638 nonzeros
Coefficient statistics:
  Matrix range    [1e+00, 4e+01]
  Objective range [5e+00, 8e+01]
  Bounds range    [1e+00, 1e+00]
  RHS range       [8e+01, 8e+01]
Found heuristic solution: objective 0
Presolve removed 413 rows and 1590 columns
Presolve time: 0.05s
Presolved: 2121 rows, 6229 columns, 12458 nonzeros
Found heuristic solution: objective -14226.00000
Variable types: 0 continuous, 6229 integer (6229 binary)
Optimize a model with 2121 rows, 6229 columns and 12458 nonzeros
Coefficient statistics:
  Matrix range    [1e+00, 4e+01]
  Objective range [5e+00, 8e+01]
  Bounds range    [1e+00, 1e+00]
  RHS range       [1e+00, 8e+01]
Presolved: 2121 rows, 6229 columns, 12458 nonzeros

Root barrier log...

Ordering time: 0.00s

Barrier statistics:
 AA' NZ     : 6.229e+03
 Factor NZ  : 3.264e+04 (roughly 4 MBytes of memory)
 Factor Ops : 1.913e+06 (less than 1 second per iteration)
 Threads    : 1

                  Objective                Residual
Iter       Primal          Dual         Primal    Dual     Compl     Time
   0  -1.12734416e+05 -2.16573200e+05  2.69e+01 6.20e+00  1.03e+02     0s
   1  -3.40432041e+04 -1.58414530e+05  4.12e+00 3.55e-14  1.99e+01     0s
   2  -1.93923275e+04 -4.55178108e+04  1.77e-01 2.84e-14  2.18e+00     0s
   3  -1.92930951e+04 -2.20412727e+04  2.53e-02 1.28e-13  2.22e-01     0s
   4  -1.95015052e+04 -2.00746401e+04  7.20e-04 2.84e-14  4.43e-02     0s
   5  -1.95808688e+04 -1.98504311e+04  2.54e-04 2.84e-14  2.08e-02     0s
   6  -1.96314678e+04 -1.96625210e+04  5.24e-05 2.84e-14  2.41e-03     0s
   7  -1.96497437e+04 -1.96498642e+04  4.44e-14 2.84e-14  9.24e-06     0s
   8  -1.96497683e+04 -1.96497684e+04  4.80e-13 2.84e-14  9.24e-09     0s

Barrier solved model in 8 iterations and 0.11 seconds
Optimal objective -1.96497683e+04


Root relaxation: objective -1.964977e+04, 3520 iterations, 0.09 seconds

    Nodes    |    Current Node    |     Objective Bounds      |     Work
 Expl Unexpl |  Obj  Depth IntInf | Incumbent    BestBd   Gap | It/Node Time

     0     0 -19649.768    0  423 -14226.000 -19649.768  38.1%     -    0s
     0     0 -15803.524    0  101 -14226.000 -15803.524  11.1%     -    0s
H    0     0                    -15603.00000 -15803.524  1.29%     -    0s
H    0     0                    -15684.00000 -15803.524  0.76%     -    0s

Cutting planes:
  Cover: 176

Explored 0 nodes (7714 simplex iterations) in 0.61 seconds
Thread count was 16 (of 16 available processors)

Optimal solution found (tolerance 1.00e-02)
Best objective -1.568400000000e+04, best bound -1.580300000000e+04, gap 0.7587%
Changed value of parameter MIPGap to 0.01
   Prev: 0.0001  Min: 0.0  Max: 1e+100  Default: 0.0001
Changed value of parameter TimeLimit to 1800.0
   Prev: 1e+100  Min: 0.0  Max: 1e+100  Default: 1e+100
Changed value of parameter Method to 2
   Prev: -1  Min: -1  Max: 4  Default: -1
Changed value of parameter MIPFocus to 1
   Prev: 0  Min: 0  Max: 3  Default: 0
Optimize a model with 2534 rows, 7819 columns and 15638 nonzeros
Coefficient statistics:
  Matrix range    [1e+00, 4e+01]
  Objective range [6e+00, 1e+02]
  Bounds range    [1e+00, 1e+00]
  RHS range       [8e+01, 8e+01]
Found heuristic solution: objective 0
Presolve removed 413 rows and 1590 columns
Presolve time: 0.05s
Presolved: 2121 rows, 6229 columns, 12458 nonzeros
Found heuristic solution: objective -17568.00000
Variable types: 0 continuous, 6229 integer (6229 binary)
Optimize a model with 2121 rows, 6229 columns and 12458 nonzeros
Coefficient statistics:
  Matrix range    [1e+00, 4e+01]
  Objective range [6e+00, 1e+02]
  Bounds range    [1e+00, 1e+00]
  RHS range       [1e+00, 8e+01]
Presolved: 2121 rows, 6229 columns, 12458 nonzeros

Root barrier log...

Ordering time: 0.00s

Barrier statistics:
 AA' NZ     : 6.229e+03
 Factor NZ  : 3.264e+04 (roughly 4 MBytes of memory)
 Factor Ops : 1.913e+06 (less than 1 second per iteration)
 Threads    : 1

                  Objective                Residual
Iter       Primal          Dual         Primal    Dual     Compl     Time
   0  -1.39733773e+05 -2.69945819e+05  2.69e+01 7.73e+00  1.28e+02     0s
   1  -4.21898193e+04 -1.97414620e+05  4.11e+00 4.26e-14  2.49e+01     0s
   2  -2.40290019e+04 -5.66114860e+04  1.76e-01 3.20e-14  2.72e+00     0s
   3  -2.39093201e+04 -2.73554771e+04  2.50e-02 7.11e-14  2.78e-01     0s
   4  -2.41815524e+04 -2.49408696e+04  1.70e-03 2.84e-14  5.91e-02     0s
   5  -2.42956550e+04 -2.46135157e+04  6.34e-04 2.84e-14  2.47e-02     0s
   6  -2.43865505e+04 -2.44182670e+04  9.75e-05 2.84e-14  2.49e-03     0s
   7  -2.44043811e+04 -2.44044588e+04  6.61e-14 2.84e-14  5.95e-06     0s
   8  -2.44044024e+04 -2.44044025e+04  2.24e-13 2.84e-14  5.95e-09     0s

Barrier solved model in 8 iterations and 0.11 seconds
Optimal objective -2.44044024e+04


Root relaxation: objective -2.440440e+04, 3521 iterations, 0.09 seconds

    Nodes    |    Current Node    |     Objective Bounds      |     Work
 Expl Unexpl |  Obj  Depth IntInf | Incumbent    BestBd   Gap | It/Node Time

     0     0 -24404.402    0  403 -17568.000 -24404.402  38.9%     -    0s
     0     0 -19583.073    0  111 -17568.000 -19583.073  11.5%     -    0s
H    0     0                    -19285.00000 -19583.073  1.55%     -    0s
H    0     0                    -19386.00000 -19583.073  1.02%     -    0s
     0     0 -19487.000    0  121 -19386.000 -19487.000  0.52%     -    0s

Cutting planes:
  Gomory: 8
  Cover: 178

Explored 0 nodes (8252 simplex iterations) in 0.73 seconds
Thread count was 16 (of 16 available processors)

Optimal solution found (tolerance 1.00e-02)
Best objective -1.938600000000e+04, best bound -1.948700000000e+04, gap 0.5210%
Changed value of parameter MIPGap to 0.01
   Prev: 0.0001  Min: 0.0  Max: 1e+100  Default: 0.0001
Changed value of parameter TimeLimit to 1800.0
   Prev: 1e+100  Min: 0.0  Max: 1e+100  Default: 1e+100
Changed value of parameter Method to 2
   Prev: -1  Min: -1  Max: 4  Default: -1
Changed value of parameter MIPFocus to 1
   Prev: 0  Min: 0  Max: 3  Default: 0
Optimize a model with 2534 rows, 7819 columns and 15638 nonzeros
Coefficient statistics:
  Matrix range    [1e+00, 4e+01]
  Objective range [1e+01, 2e+02]
  Bounds range    [1e+00, 1e+00]
  RHS range       [8e+01, 8e+01]
Found heuristic solution: objective 0
Presolve removed 413 rows and 1590 columns
Presolve time: 0.05s
Presolved: 2121 rows, 6229 columns, 12458 nonzeros
Found heuristic solution: objective -34278.00000
Variable types: 0 continuous, 6229 integer (6229 binary)
Optimize a model with 2121 rows, 6229 columns and 12458 nonzeros
Coefficient statistics:
  Matrix range    [1e+00, 4e+01]
  Objective range [1e+01, 2e+02]
  Bounds range    [1e+00, 1e+00]
  RHS range       [1e+00, 8e+01]
Presolved: 2121 rows, 6229 columns, 12458 nonzeros

Root barrier log...

Ordering time: 0.00s

Barrier statistics:
 AA' NZ     : 6.229e+03
 Factor NZ  : 3.264e+04 (roughly 4 MBytes of memory)
 Factor Ops : 1.913e+06 (less than 1 second per iteration)
 Threads    : 1

                  Objective                Residual
Iter       Primal          Dual         Primal    Dual     Compl     Time
   0  -2.74730553e+05 -5.36808917e+05  2.69e+01 1.54e+01  2.56e+02     0s
   1  -8.29263065e+04 -3.92415974e+05  4.11e+00 8.53e-14  4.95e+01     0s
   2  -4.72154109e+04 -1.12082191e+05  1.74e-01 6.39e-14  5.41e+00     0s
   3  -4.70002490e+04 -5.39278565e+04  2.45e-02 8.53e-14  5.59e-01     0s
   4  -4.75796281e+04 -4.92725128e+04  3.38e-03 1.14e-13  1.33e-01     0s
   5  -4.78663542e+04 -4.84841036e+04  1.47e-03 5.68e-14  4.89e-02     0s
   6  -4.81170314e+04 -4.82028226e+04  2.70e-04 5.68e-14  6.86e-03     0s
   7  -4.81775038e+04 -4.81777030e+04  5.37e-14 5.68e-14  1.53e-05     0s
   8  -4.81775731e+04 -4.81775733e+04  7.28e-13 5.68e-14  1.53e-08     0s
   9  -4.81775732e+04 -4.81775732e+04  4.60e-13 5.68e-14  1.53e-11     0s

Barrier solved model in 9 iterations and 0.12 seconds
Optimal objective -4.81775732e+04


Root relaxation: objective -4.817757e+04, 3520 iterations, 0.09 seconds

    Nodes    |    Current Node    |     Objective Bounds      |     Work
 Expl Unexpl |  Obj  Depth IntInf | Incumbent    BestBd   Gap | It/Node Time

     0     0 -48177.573    0  412 -34278.000 -48177.573  40.5%     -    0s
     0     0 -38288.195    0   56 -34278.000 -38288.195  11.7%     -    0s
H    0     0                    -37896.00000 -38288.195  1.03%     -    0s
     0     0 -38097.000    0   85 -37896.000 -38097.000  0.53%     -    0s

Cutting planes:
  Gomory: 4
  Cover: 177

Explored 0 nodes (8884 simplex iterations) in 0.69 seconds
Thread count was 16 (of 16 available processors)

Optimal solution found (tolerance 1.00e-02)
Best objective -3.789600000000e+04, best bound -3.809700000000e+04, gap 0.5304%
Changed value of parameter MIPGap to 0.01
   Prev: 0.0001  Min: 0.0  Max: 1e+100  Default: 0.0001
Changed value of parameter TimeLimit to 1800.0
   Prev: 1e+100  Min: 0.0  Max: 1e+100  Default: 1e+100
Changed value of parameter Method to 2
   Prev: -1  Min: -1  Max: 4  Default: -1
Changed value of parameter MIPFocus to 1
   Prev: 0  Min: 0  Max: 3  Default: 0
Optimize a model with 2534 rows, 7819 columns and 15638 nonzeros
Coefficient statistics:
  Matrix range    [1e+00, 4e+01]
  Objective range [2e+01, 4e+02]
  Bounds range    [1e+00, 1e+00]
  RHS range       [8e+01, 8e+01]
Found heuristic solution: objective 0
Presolve removed 413 rows and 1590 columns
Presolve time: 0.05s
Presolved: 2121 rows, 6229 columns, 12458 nonzeros
Found heuristic solution: objective -67698.00000
Variable types: 0 continuous, 6229 integer (6229 binary)
Optimize a model with 2121 rows, 6229 columns and 12458 nonzeros
Coefficient statistics:
  Matrix range    [1e+00, 4e+01]
  Objective range [2e+01, 4e+02]
  Bounds range    [1e+00, 1e+00]
  RHS range       [1e+00, 8e+01]
Presolved: 2121 rows, 6229 columns, 12458 nonzeros

Root barrier log...

Ordering time: 0.00s

Barrier statistics:
 AA' NZ     : 6.229e+03
 Factor NZ  : 3.264e+04 (roughly 4 MBytes of memory)
 Factor Ops : 1.913e+06 (less than 1 second per iteration)
 Threads    : 1

                  Objective                Residual
Iter       Primal          Dual         Primal    Dual     Compl     Time
   0  -5.44724104e+05 -1.07053511e+06  2.69e+01 3.07e+01  5.10e+02     0s
   1  -1.64402771e+05 -7.82419595e+05  4.11e+00 1.99e-13  9.87e+01     0s
   2  -9.35913713e+04 -2.23026001e+05  1.73e-01 1.71e-13  1.08e+01     0s
   3  -9.31950703e+04 -1.07080734e+05  2.47e-02 1.14e-13  1.12e+00     0s
   4  -9.43810241e+04 -9.81350453e+04  3.54e-03 1.14e-13  2.95e-01     0s
   5  -9.50603080e+04 -9.64461276e+04  1.41e-03 1.71e-13  1.09e-01     0s
   6  -9.56111743e+04 -9.57801602e+04  2.23e-04 1.14e-13  1.34e-02     0s
   7  -9.57237852e+04 -9.57241428e+04  8.19e-14 2.84e-13  2.74e-05     0s
   8  -9.57239145e+04 -9.57239149e+04  3.16e-13 1.14e-13  2.74e-08     0s
   9  -9.57239146e+04 -9.57239146e+04  1.18e-12 1.14e-13  2.74e-11     0s

Barrier solved model in 9 iterations and 0.12 seconds
Optimal objective -9.57239146e+04


Root relaxation: objective -9.572391e+04, 3521 iterations, 0.09 seconds

    Nodes    |    Current Node    |     Objective Bounds      |     Work
 Expl Unexpl |  Obj  Depth IntInf | Incumbent    BestBd   Gap | It/Node Time

     0     0 -95723.915    0  398 -67698.000 -95723.915  41.4%     -    0s
     0     0 -75889.159    0  129 -67698.000 -75889.159  12.1%     -    0s
H    0     0                    -74515.00000 -75889.159  1.84%     -    0s
H    0     0                    -74916.00000 -75889.159  1.30%     -    0s
*    0     0               0    -75317.00000 -75317.000  0.00%     -    0s

Cutting planes:
  Gomory: 6
  Cover: 178

Explored 0 nodes (7996 simplex iterations) in 0.66 seconds
Thread count was 16 (of 16 available processors)

Optimal solution found (tolerance 1.00e-02)
Best objective -7.531700000000e+04, best bound -7.531700000000e+04, gap 0.0%
Changed value of parameter MIPGap to 0.01
   Prev: 0.0001  Min: 0.0  Max: 1e+100  Default: 0.0001
Changed value of parameter TimeLimit to 1800.0
   Prev: 1e+100  Min: 0.0  Max: 1e+100  Default: 1e+100
Changed value of parameter Method to 2
   Prev: -1  Min: -1  Max: 4  Default: -1
Changed value of parameter MIPFocus to 1
   Prev: 0  Min: 0  Max: 3  Default: 0
Optimize a model with 2534 rows, 7819 columns and 15638 nonzeros
Coefficient statistics:
  Matrix range    [1e+00, 4e+01]
  Objective range [5e+01, 1e+03]
  Bounds range    [1e+00, 1e+00]
  RHS range       [8e+01, 8e+01]
Found heuristic solution: objective 0
Presolve removed 413 rows and 1590 columns
Presolve time: 0.05s
Presolved: 2121 rows, 6229 columns, 12458 nonzeros
Found heuristic solution: objective -167958.0000
Variable types: 0 continuous, 6229 integer (6229 binary)
Optimize a model with 2121 rows, 6229 columns and 12458 nonzeros
Coefficient statistics:
  Matrix range    [1e+00, 4e+01]
  Objective range [5e+01, 1e+03]
  Bounds range    [1e+00, 1e+00]
  RHS range       [1e+00, 8e+01]
Presolved: 2121 rows, 6229 columns, 12458 nonzeros

Root barrier log...

Ordering time: 0.00s

Barrier statistics:
 AA' NZ     : 6.229e+03
 Factor NZ  : 3.264e+04 (roughly 4 MBytes of memory)
 Factor Ops : 1.913e+06 (less than 1 second per iteration)
 Threads    : 1

                  Objective                Residual
Iter       Primal          Dual         Primal    Dual     Compl     Time
   0  -1.35470475e+06 -2.67171370e+06  2.69e+01 7.67e+01  1.27e+03     0s
   1  -4.08835012e+05 -1.95243119e+06  4.11e+00 5.12e-13  2.46e+02     0s
   2  -2.32721845e+05 -5.55859403e+05  1.72e-01 2.84e-13  2.69e+01     0s
   3  -2.31789636e+05 -2.66541165e+05  2.48e-02 2.27e-13  2.80e+00     0s
   4  -2.35340934e+05 -2.44695460e+05  4.50e-03 2.27e-13  7.40e-01     0s
   5  -2.36848831e+05 -2.39948789e+05  2.08e-03 4.55e-13  2.48e-01     0s
   6  -2.38258368e+05 -2.38481231e+05  1.49e-04 2.27e-13  1.78e-02     0s
   7  -2.38362815e+05 -2.38363106e+05  3.55e-13 3.41e-13  2.23e-05     0s
   8  -2.38362939e+05 -2.38362939e+05  1.54e-13 2.27e-13  2.23e-08     0s
   9  -2.38362939e+05 -2.38362939e+05  9.07e-13 2.27e-13  2.23e-11     0s

Barrier solved model in 9 iterations and 0.12 seconds
Optimal objective -2.38362939e+05


Root relaxation: objective -2.383629e+05, 3520 iterations, 0.09 seconds

    Nodes    |    Current Node    |     Objective Bounds      |     Work
 Expl Unexpl |  Obj  Depth IntInf | Incumbent    BestBd   Gap | It/Node Time

     0     0 -238362.94    0  439 -167958.00 -238362.94  41.9%     -    0s
     0     0 -188405.26    0   78 -167958.00 -188405.26  12.2%     -    0s
H    0     0                    -184975.0000 -188405.26  1.85%     -    0s
H    0     0                    -185976.0000 -188405.26  1.31%     -    0s
     0     0 -186977.00    0   75 -185976.00 -186977.00  0.54%     -    0s

Cutting planes:
  Gomory: 4
  Cover: 179

Explored 0 nodes (7150 simplex iterations) in 0.67 seconds
Thread count was 16 (of 16 available processors)

Optimal solution found (tolerance 1.00e-02)
Best objective -1.859760000000e+05, best bound -1.869770000000e+05, gap 0.5382%
Changed value of parameter MIPGap to 0.01
   Prev: 0.0001  Min: 0.0  Max: 1e+100  Default: 0.0001
Changed value of parameter TimeLimit to 1800.0
   Prev: 1e+100  Min: 0.0  Max: 1e+100  Default: 1e+100
Changed value of parameter Method to 2
   Prev: -1  Min: -1  Max: 4  Default: -1
Changed value of parameter MIPFocus to 1
   Prev: 0  Min: 0  Max: 3  Default: 0
Optimize a model with 2534 rows, 7819 columns and 15638 nonzeros
Coefficient statistics:
  Matrix range    [1e+00, 4e+01]
  Objective range [5e+02, 1e+04]
  Bounds range    [1e+00, 1e+00]
  RHS range       [8e+01, 8e+01]
Found heuristic solution: objective 0
Presolve removed 413 rows and 1590 columns
Presolve time: 0.05s
Presolved: 2121 rows, 6229 columns, 12458 nonzeros
Found heuristic solution: objective -1671858.000
Variable types: 0 continuous, 6229 integer (6229 binary)
Optimize a model with 2121 rows, 6229 columns and 12458 nonzeros
Coefficient statistics:
  Matrix range    [1e+00, 4e+01]
  Objective range [5e+02, 1e+04]
  Bounds range    [1e+00, 1e+00]
  RHS range       [1e+00, 8e+01]
Presolved: 2121 rows, 6229 columns, 12458 nonzeros

Root barrier log...

Ordering time: 0.00s

Barrier statistics:
 AA' NZ     : 6.229e+03
 Factor NZ  : 3.264e+04 (roughly 4 MBytes of memory)
 Factor Ops : 1.913e+06 (less than 1 second per iteration)
 Threads    : 1

                  Objective                Residual
Iter       Primal          Dual         Primal    Dual     Compl     Time
   0  -1.35044144e+07 -2.66893925e+07  2.69e+01 7.66e+02  1.27e+04     0s
   1  -4.07532901e+06 -1.95026078e+07  4.11e+00 4.55e-12  2.46e+03     0s
   2  -2.31968844e+06 -5.54836764e+06  1.72e-01 3.64e-12  2.69e+02     0s
   3  -2.31073840e+06 -2.65850124e+06  2.49e-02 3.64e-12  2.80e+01     0s
   4  -2.34862363e+06 -2.44297748e+06  3.71e-03 3.64e-12  7.42e+00     0s
   5  -2.36429244e+06 -2.39490877e+06  1.56e-03 3.64e-12  2.43e+00     0s
   6  -2.37712625e+06 -2.37906076e+06  9.65e-05 3.64e-12  1.53e-01     0s
   7  -2.37794736e+06 -2.37794953e+06  7.08e-14 3.64e-12  1.66e-04     0s
   8  -2.37794830e+06 -2.37794831e+06  1.97e-13 3.64e-12  1.66e-07     0s
   9  -2.37794830e+06 -2.37794830e+06  2.82e-13 3.64e-12  1.66e-10     0s

Barrier solved model in 9 iterations and 0.12 seconds
Optimal objective -2.37794830e+06


Root relaxation: objective -2.377948e+06, 3521 iterations, 0.09 seconds

    Nodes    |    Current Node    |     Objective Bounds      |     Work
 Expl Unexpl |  Obj  Depth IntInf | Incumbent    BestBd   Gap | It/Node Time

     0     0 -2377948.3    0  399 -1671858.0 -2377948.3  42.2%     -    0s
     0     0 -1876146.7    0   79 -1671858.0 -1876146.7  12.2%     -    0s
H    0     0                    -1851876.000 -1876146.7  1.31%     -    0s
     0     0 -1861877.0    0   81 -1851876.0 -1861877.0  0.54%     -    0s

Cutting planes:
  Gomory: 4
  Cover: 178

Explored 0 nodes (7932 simplex iterations) in 0.58 seconds
Thread count was 16 (of 16 available processors)

Optimal solution found (tolerance 1.00e-02)
Best objective -1.851876000000e+06, best bound -1.861877000000e+06, gap 0.5400%
