Changed value of parameter MIPGap to 0.01
   Prev: 0.0001  Min: 0.0  Max: 1e+100  Default: 0.0001
Changed value of parameter TimeLimit to 1800.0
   Prev: 1e+100  Min: 0.0  Max: 1e+100  Default: 1e+100
Changed value of parameter Method to 2
   Prev: -1  Min: -1  Max: 4  Default: -1
Changed value of parameter MIPFocus to 1
   Prev: 0  Min: 0  Max: 3  Default: 0
Optimize a model with 2068 rows, 2952 columns and 5904 nonzeros
Coefficient statistics:
  Matrix range    [1e+00, 2e+01]
  Objective range [1e+00, 1e+00]
  Bounds range    [1e+00, 1e+00]
  RHS range       [8e+01, 8e+01]
Found heuristic solution: objective 0
Presolve removed 2015 rows and 2440 columns
Presolve time: 0.06s
Presolved: 53 rows, 512 columns, 919 nonzeros
Found heuristic solution: objective -794.0000000
Variable types: 0 continuous, 512 integer (430 binary)
Optimize a model with 53 rows, 512 columns and 919 nonzeros
Coefficient statistics:
  Matrix range    [1e+00, 2e+01]
  Objective range [1e+00, 1e+00]
  Bounds range    [1e+00, 1e+01]
  RHS range       [1e+01, 8e+01]
Presolved: 53 rows, 512 columns, 919 nonzeros

Root barrier log...

Ordering time: 0.00s

Barrier statistics:
 AA' NZ     : 3.920e+02
 Factor NZ  : 1.247e+03
 Factor Ops : 3.691e+04 (less than 1 second per iteration)
 Threads    : 1

                  Objective                Residual
Iter       Primal          Dual         Primal    Dual     Compl     Time
   0  -2.43576274e+03 -2.96435460e+03  1.72e+01 8.88e-16  7.74e+00     0s
   1  -8.91601195e+02 -1.85412975e+03  1.17e+00 9.66e-01  1.36e+00     0s
   2  -8.22414318e+02 -1.04920262e+03  4.61e-03 1.38e-01  2.28e-01     0s
   3  -8.70599926e+02 -9.03392746e+02  1.06e-05 4.54e-03  3.12e-02     0s
   4  -8.82739612e+02 -8.89294486e+02  0.00e+00 3.55e-15  6.21e-03     0s
   5  -8.85520346e+02 -8.86678137e+02  0.00e+00 1.78e-15  1.09e-03     0s
   6  -8.85942781e+02 -8.86236225e+02  0.00e+00 1.78e-15  2.76e-04     0s
   7  -8.86041584e+02 -8.86051356e+02  0.00e+00 3.55e-15  9.12e-06     0s
   8  -8.86044444e+02 -8.86044445e+02  0.00e+00 3.55e-15  3.17e-10     0s

Barrier solved model in 8 iterations and 0.16 seconds
Optimal objective -8.86044444e+02


Root relaxation: objective -8.860444e+02, 50 iterations, 0.09 seconds

    Nodes    |    Current Node    |     Objective Bounds      |     Work
 Expl Unexpl |  Obj  Depth IntInf | Incumbent    BestBd   Gap | It/Node Time

     0     0 -886.04444    0   34 -794.00000 -886.04444  11.6%     -    0s
H    0     0                    -872.0000000 -886.04444  1.61%     -    0s
     0     0 -880.18348    0   36 -872.00000 -880.18348  0.94%     -    0s

Cutting planes:
  Gomory: 1
  MIR: 32

Explored 0 nodes (129 simplex iterations) in 0.24 seconds
Thread count was 16 (of 16 available processors)

Optimal solution found (tolerance 1.00e-02)
Best objective -8.720000000000e+02, best bound -8.800000000000e+02, gap 0.9174%
Changed value of parameter MIPGap to 0.01
   Prev: 0.0001  Min: 0.0  Max: 1e+100  Default: 0.0001
Changed value of parameter TimeLimit to 1800.0
   Prev: 1e+100  Min: 0.0  Max: 1e+100  Default: 1e+100
Changed value of parameter Method to 2
   Prev: -1  Min: -1  Max: 4  Default: -1
Changed value of parameter MIPFocus to 1
   Prev: 0  Min: 0  Max: 3  Default: 0
Optimize a model with 2068 rows, 2952 columns and 5904 nonzeros
Coefficient statistics:
  Matrix range    [1e+00, 2e+01]
  Objective range [1e+00, 1e+00]
  Bounds range    [1e+00, 1e+00]
  RHS range       [8e+01, 8e+01]
Found heuristic solution: objective 0
Presolve removed 2014 rows and 2401 columns
Presolve time: 0.01s
Presolved: 54 rows, 551 columns, 974 nonzeros
Found heuristic solution: objective -800.6500000
Variable types: 0 continuous, 551 integer (455 binary)
Optimize a model with 54 rows, 551 columns and 974 nonzeros
Coefficient statistics:
  Matrix range    [1e+00, 2e+01]
  Objective range [1e+00, 1e+00]
  Bounds range    [1e+00, 1e+01]
  RHS range       [2e+01, 8e+01]
Presolved: 54 rows, 551 columns, 974 nonzeros

Root barrier log...

Ordering time: 0.00s

Barrier statistics:
 AA' NZ     : 4.080e+02
 Factor NZ  : 1.308e+03
 Factor Ops : 3.956e+04 (less than 1 second per iteration)
 Threads    : 1

                  Objective                Residual
Iter       Primal          Dual         Primal    Dual     Compl     Time
   0  -2.57667402e+03 -3.18155473e+03  1.81e+01 1.78e-15  7.98e+00     0s
   1  -9.14056270e+02 -1.98956149e+03  1.43e+00 1.05e+00  1.48e+00     0s
   2  -8.14953942e+02 -1.04849061e+03  3.41e-03 1.19e-01  2.15e-01     0s
   3  -8.68884504e+02 -9.05064041e+02  1.74e-04 2.99e-03  3.23e-02     0s
   4  -8.82038441e+02 -8.90884082e+02  0.00e+00 3.55e-15  7.91e-03     0s
   5  -8.85856685e+02 -8.88314328e+02  0.00e+00 1.78e-15  2.21e-03     0s
   6  -8.86960623e+02 -8.87732102e+02  0.00e+00 1.78e-15  6.99e-04     0s
   7  -8.87593823e+02 -8.87673851e+02  0.00e+00 1.78e-15  7.06e-05     0s
   8  -8.87636173e+02 -8.87636675e+02  0.00e+00 1.78e-15  4.35e-07     0s
   9  -8.87636270e+02 -8.87636270e+02  0.00e+00 1.78e-15  4.35e-10     0s

Barrier solved model in 9 iterations and 0.01 seconds
Optimal objective -8.87636270e+02


Root relaxation: objective -8.876363e+02, 50 iterations, 0.00 seconds

    Nodes    |    Current Node    |     Objective Bounds      |     Work
 Expl Unexpl |  Obj  Depth IntInf | Incumbent    BestBd   Gap | It/Node Time

     0     0 -887.63627    0   36 -800.65000 -887.63627  10.9%     -    0s
H    0     0                    -873.4505000 -887.63627  1.62%     -    0s
H    0     0                    -873.4540000 -887.63627  1.62%     -    0s
H    0     0                    -875.4680000 -887.63627  1.39%     -    0s
     0     0 -881.77670    0   36 -875.46800 -881.77670  0.72%     -    0s

Cutting planes:
  Gomory: 2
  MIR: 34

Explored 0 nodes (134 simplex iterations) in 0.04 seconds
Thread count was 16 (of 16 available processors)

Optimal solution found (tolerance 1.00e-02)
Best objective -8.754680000000e+02, best bound -8.817766989660e+02, gap 0.7206%
Changed value of parameter MIPGap to 0.01
   Prev: 0.0001  Min: 0.0  Max: 1e+100  Default: 0.0001
Changed value of parameter TimeLimit to 1800.0
   Prev: 1e+100  Min: 0.0  Max: 1e+100  Default: 1e+100
Changed value of parameter Method to 2
   Prev: -1  Min: -1  Max: 4  Default: -1
Changed value of parameter MIPFocus to 1
   Prev: 0  Min: 0  Max: 3  Default: 0
Optimize a model with 2068 rows, 2952 columns and 5904 nonzeros
Coefficient statistics:
  Matrix range    [1e+00, 2e+01]
  Objective range [1e+00, 1e+00]
  Bounds range    [1e+00, 1e+00]
  RHS range       [8e+01, 8e+01]
Found heuristic solution: objective 0
Presolve removed 2014 rows and 2401 columns
Presolve time: 0.01s
Presolved: 54 rows, 551 columns, 974 nonzeros
Found heuristic solution: objective -802.3000000
Variable types: 0 continuous, 551 integer (455 binary)
Optimize a model with 54 rows, 551 columns and 974 nonzeros
Coefficient statistics:
  Matrix range    [1e+00, 2e+01]
  Objective range [1e+00, 1e+00]
  Bounds range    [1e+00, 1e+01]
  RHS range       [2e+01, 8e+01]
Presolved: 54 rows, 551 columns, 974 nonzeros

Root barrier log...

Ordering time: 0.00s

Barrier statistics:
 AA' NZ     : 4.080e+02
 Factor NZ  : 1.308e+03
 Factor Ops : 3.956e+04 (less than 1 second per iteration)
 Threads    : 1

                  Objective                Residual
Iter       Primal          Dual         Primal    Dual     Compl     Time
   0  -2.58045567e+03 -3.18271577e+03  1.81e+01 1.33e-15  7.98e+00     0s
   1  -9.15622487e+02 -1.99068989e+03  1.43e+00 1.05e+00  1.48e+00     0s
   2  -8.16385085e+02 -1.04995302e+03  3.42e-03 1.19e-01  2.15e-01     0s
   3  -8.70374434e+02 -9.06462358e+02  1.76e-04 2.85e-03  3.22e-02     0s
   4  -8.83994770e+02 -8.92358430e+02  0.00e+00 1.78e-15  7.46e-03     0s
   5  -8.87484057e+02 -8.89856964e+02  0.00e+00 3.55e-15  2.12e-03     0s
   6  -8.88560060e+02 -8.89223603e+02  0.00e+00 1.78e-15  5.97e-04     0s
   7  -8.89120537e+02 -8.89148853e+02  0.00e+00 3.55e-15  2.50e-05     0s
   8  -8.89137614e+02 -8.89137641e+02  0.00e+00 1.78e-15  2.30e-08     0s
   9  -8.89137619e+02 -8.89137619e+02  0.00e+00 3.55e-15  2.30e-11     0s

Barrier solved model in 9 iterations and 0.01 seconds
Optimal objective -8.89137619e+02


Root relaxation: objective -8.891376e+02, 50 iterations, 0.00 seconds

    Nodes    |    Current Node    |     Objective Bounds      |     Work
 Expl Unexpl |  Obj  Depth IntInf | Incumbent    BestBd   Gap | It/Node Time

     0     0 -889.13762    0   36 -802.30000 -889.13762  10.8%     -    0s
H    0     0                    -874.9010000 -889.13762  1.63%     -    0s
H    0     0                    -874.9130000 -889.13762  1.63%     -    0s
H    0     0                    -874.9290000 -889.13762  1.62%     -    0s
H    0     0                    -875.9590000 -889.13762  1.50%     -    0s
     0     0 -883.32238    0   36 -875.95900 -883.32238  0.84%     -    0s

Cutting planes:
  Gomory: 2
  MIR: 34

Explored 0 nodes (136 simplex iterations) in 0.04 seconds
Thread count was 16 (of 16 available processors)

Optimal solution found (tolerance 1.00e-02)
Best objective -8.759590000000e+02, best bound -8.833223787775e+02, gap 0.8406%
Changed value of parameter MIPGap to 0.01
   Prev: 0.0001  Min: 0.0  Max: 1e+100  Default: 0.0001
Changed value of parameter TimeLimit to 1800.0
   Prev: 1e+100  Min: 0.0  Max: 1e+100  Default: 1e+100
Changed value of parameter Method to 2
   Prev: -1  Min: -1  Max: 4  Default: -1
Changed value of parameter MIPFocus to 1
   Prev: 0  Min: 0  Max: 3  Default: 0
Optimize a model with 2068 rows, 2952 columns and 5904 nonzeros
Coefficient statistics:
  Matrix range    [1e+00, 2e+01]
  Objective range [1e+00, 1e+00]
  Bounds range    [1e+00, 1e+00]
  RHS range       [8e+01, 8e+01]
Found heuristic solution: objective 0
Presolve removed 2014 rows and 2401 columns
Presolve time: 0.01s
Presolved: 54 rows, 551 columns, 974 nonzeros
Found heuristic solution: objective -805.6000000
Variable types: 0 continuous, 551 integer (455 binary)
Optimize a model with 54 rows, 551 columns and 974 nonzeros
Coefficient statistics:
  Matrix range    [1e+00, 2e+01]
  Objective range [1e+00, 1e+00]
  Bounds range    [1e+00, 1e+01]
  RHS range       [2e+01, 8e+01]
Presolved: 54 rows, 551 columns, 974 nonzeros

Root barrier log...

Ordering time: 0.00s

Barrier statistics:
 AA' NZ     : 4.080e+02
 Factor NZ  : 1.308e+03
 Factor Ops : 3.956e+04 (less than 1 second per iteration)
 Threads    : 1

                  Objective                Residual
Iter       Primal          Dual         Primal    Dual     Compl     Time
   0  -2.58801888e+03 -3.18503784e+03  1.81e+01 1.78e-15  7.98e+00     0s
   1  -9.18756124e+02 -1.99294712e+03  1.43e+00 1.05e+00  1.48e+00     0s
   2  -8.19250386e+02 -1.05288204e+03  3.44e-03 1.19e-01  2.15e-01     0s
   3  -8.73358844e+02 -9.09362276e+02  1.81e-04 2.65e-03  3.21e-02     0s
   4  -8.87471790e+02 -8.95446400e+02  0.00e+00 1.78e-15  7.10e-03     0s
   5  -8.90824971e+02 -8.93085366e+02  0.00e+00 1.78e-15  2.01e-03     0s
   6  -8.91676740e+02 -8.92267523e+02  0.00e+00 1.78e-15  5.31e-04     0s
   7  -8.92106126e+02 -8.92168509e+02  0.00e+00 1.78e-15  5.49e-05     0s
   8  -8.92139937e+02 -8.92140862e+02  0.00e+00 1.78e-15  8.03e-07     0s
   9  -8.92140317e+02 -8.92140318e+02  0.00e+00 1.78e-15  8.03e-10     0s

Barrier solved model in 9 iterations and 0.01 seconds
Optimal objective -8.92140317e+02


Root relaxation: objective -8.921403e+02, 50 iterations, 0.00 seconds

    Nodes    |    Current Node    |     Objective Bounds      |     Work
 Expl Unexpl |  Obj  Depth IntInf | Incumbent    BestBd   Gap | It/Node Time

     0     0 -892.14032    0   36 -805.60000 -892.14032  10.7%     -    0s
H    0     0                    -877.8020000 -892.14032  1.63%     -    0s
H    0     0                    -877.8160000 -892.14032  1.63%     -    0s
H    0     0                    -878.9040000 -892.14032  1.51%     -    0s
     0     0 -886.41374    0   36 -878.90400 -886.41374  0.85%     -    0s

Cutting planes:
  Gomory: 2
  MIR: 34

Explored 0 nodes (134 simplex iterations) in 0.04 seconds
Thread count was 16 (of 16 available processors)

Optimal solution found (tolerance 1.00e-02)
Best objective -8.789040000000e+02, best bound -8.864137384005e+02, gap 0.8544%
Changed value of parameter MIPGap to 0.01
   Prev: 0.0001  Min: 0.0  Max: 1e+100  Default: 0.0001
Changed value of parameter TimeLimit to 1800.0
   Prev: 1e+100  Min: 0.0  Max: 1e+100  Default: 1e+100
Changed value of parameter Method to 2
   Prev: -1  Min: -1  Max: 4  Default: -1
Changed value of parameter MIPFocus to 1
   Prev: 0  Min: 0  Max: 3  Default: 0
Optimize a model with 2068 rows, 2952 columns and 5904 nonzeros
Coefficient statistics:
  Matrix range    [1e+00, 2e+01]
  Objective range [1e+00, 1e+00]
  Bounds range    [1e+00, 1e+00]
  RHS range       [8e+01, 8e+01]
Found heuristic solution: objective 0
Presolve removed 2014 rows and 2401 columns
Presolve time: 0.01s
Presolved: 54 rows, 551 columns, 974 nonzeros
Found heuristic solution: objective -812.2000000
Variable types: 0 continuous, 551 integer (455 binary)
Optimize a model with 54 rows, 551 columns and 974 nonzeros
Coefficient statistics:
  Matrix range    [1e+00, 2e+01]
  Objective range [1e+00, 1e+00]
  Bounds range    [1e+00, 1e+01]
  RHS range       [2e+01, 8e+01]
Presolved: 54 rows, 551 columns, 974 nonzeros

Root barrier log...

Ordering time: 0.00s

Barrier statistics:
 AA' NZ     : 4.080e+02
 Factor NZ  : 1.308e+03
 Factor Ops : 3.956e+04 (less than 1 second per iteration)
 Threads    : 1

                  Objective                Residual
Iter       Primal          Dual         Primal    Dual     Compl     Time
   0  -2.60314498e+03 -3.18968199e+03  1.81e+01 1.78e-15  7.98e+00     0s
   1  -9.25028211e+02 -1.99746331e+03  1.43e+00 1.05e+00  1.47e+00     0s
   2  -8.24992997e+02 -1.05875630e+03  3.48e-03 1.19e-01  2.15e-01     0s
   3  -8.79341867e+02 -9.15641959e+02  1.91e-04 2.64e-03  3.24e-02     0s
   4  -8.93388903e+02 -9.01629707e+02  0.00e+00 1.78e-15  7.34e-03     0s
   5  -8.97341019e+02 -8.99171492e+02  0.00e+00 3.55e-15  1.62e-03     0s
   6  -8.97824241e+02 -8.98294607e+02  0.00e+00 3.55e-15  4.20e-04     0s
   7  -8.98112551e+02 -8.98165805e+02  0.00e+00 3.55e-15  4.74e-05     0s
   8  -8.98149079e+02 -8.98149631e+02  0.00e+00 3.55e-15  4.78e-07     0s
   9  -8.98149143e+02 -8.98149143e+02  0.00e+00 3.55e-15  4.78e-10     0s

Barrier solved model in 9 iterations and 0.01 seconds
Optimal objective -8.98149143e+02


Root relaxation: objective -8.981491e+02, 52 iterations, 0.00 seconds

    Nodes    |    Current Node    |     Objective Bounds      |     Work
 Expl Unexpl |  Obj  Depth IntInf | Incumbent    BestBd   Gap | It/Node Time

     0     0 -898.14914    0   35 -812.20000 -898.14914  10.6%     -    0s
H    0     0                    -883.6040000 -898.14914  1.65%     -    0s
H    0     0                    -885.7760000 -898.14914  1.40%     -    0s
H    0     0                    -886.7960000 -898.14914  1.28%     -    0s
     0     0 -892.75074    0   42 -886.79600 -892.75074  0.67%     -    0s

Cutting planes:
  Gomory: 3
  MIR: 31

Explored 0 nodes (156 simplex iterations) in 0.04 seconds
Thread count was 16 (of 16 available processors)

Optimal solution found (tolerance 1.00e-02)
Best objective -8.867960000000e+02, best bound -8.927507433608e+02, gap 0.6715%
Changed value of parameter MIPGap to 0.01
   Prev: 0.0001  Min: 0.0  Max: 1e+100  Default: 0.0001
Changed value of parameter TimeLimit to 1800.0
   Prev: 1e+100  Min: 0.0  Max: 1e+100  Default: 1e+100
Changed value of parameter Method to 2
   Prev: -1  Min: -1  Max: 4  Default: -1
Changed value of parameter MIPFocus to 1
   Prev: 0  Min: 0  Max: 3  Default: 0
Optimize a model with 2068 rows, 2952 columns and 5904 nonzeros
Coefficient statistics:
  Matrix range    [1e+00, 2e+01]
  Objective range [1e+00, 1e+00]
  Bounds range    [1e+00, 1e+00]
  RHS range       [8e+01, 8e+01]
Found heuristic solution: objective 0
Presolve removed 2014 rows and 2401 columns
Presolve time: 0.01s
Presolved: 54 rows, 551 columns, 974 nonzeros
Found heuristic solution: objective -815.5000000
Variable types: 0 continuous, 551 integer (455 binary)
Optimize a model with 54 rows, 551 columns and 974 nonzeros
Coefficient statistics:
  Matrix range    [1e+00, 2e+01]
  Objective range [1e+00, 1e+00]
  Bounds range    [1e+00, 1e+01]
  RHS range       [2e+01, 8e+01]
Presolved: 54 rows, 551 columns, 974 nonzeros

Root barrier log...

Ordering time: 0.00s

Barrier statistics:
 AA' NZ     : 4.080e+02
 Factor NZ  : 1.308e+03
 Factor Ops : 3.956e+04 (less than 1 second per iteration)
 Threads    : 1

                  Objective                Residual
Iter       Primal          Dual         Primal    Dual     Compl     Time
   0  -2.61070787e+03 -3.19200406e+03  1.81e+01 1.78e-15  7.97e+00     0s
   1  -9.28166661e+02 -1.99972226e+03  1.43e+00 1.04e+00  1.47e+00     0s
   2  -8.27870280e+02 -1.06170194e+03  3.50e-03 1.19e-01  2.16e-01     0s
   3  -8.82344996e+02 -9.18757229e+02  1.96e-04 2.61e-03  3.25e-02     0s
   4  -8.96359836e+02 -9.04406390e+02  0.00e+00 3.55e-15  7.18e-03     0s
   5  -9.00255441e+02 -9.02011037e+02  0.00e+00 1.78e-15  1.56e-03     0s
   6  -9.00840307e+02 -9.01271110e+02  0.00e+00 3.55e-15  3.86e-04     0s
   7  -9.01009071e+02 -9.01166448e+02  0.00e+00 3.55e-15  1.42e-04     0s
   8  -9.01147228e+02 -9.01156665e+02  0.00e+00 1.78e-15  8.45e-06     0s
   9  -9.01155071e+02 -9.01155081e+02  0.00e+00 3.55e-15  8.47e-09     0s
  10  -9.01155079e+02 -9.01155079e+02  0.00e+00 3.55e-15  8.57e-15     0s

Barrier solved model in 10 iterations and 0.01 seconds
Optimal objective -9.01155079e+02


Root relaxation: objective -9.011551e+02, 52 iterations, 0.00 seconds

    Nodes    |    Current Node    |     Objective Bounds      |     Work
 Expl Unexpl |  Obj  Depth IntInf | Incumbent    BestBd   Gap | It/Node Time

     0     0 -901.15508    0   38 -815.50000 -901.15508  10.5%     -    0s
H    0     0                    -886.4450000 -901.15508  1.66%     -    0s
H    0     0                    -886.6000000 -901.15508  1.64%     -    0s
H    0     0                    -887.6750000 -901.15508  1.52%     -    0s
H    0     0                    -888.6550000 -901.15508  1.41%     -    0s
     0     0 -895.85448    0   38 -888.65500 -895.85448  0.81%     -    0s

Cutting planes:
  Gomory: 2
  MIR: 34

Explored 0 nodes (147 simplex iterations) in 0.04 seconds
Thread count was 16 (of 16 available processors)

Optimal solution found (tolerance 1.00e-02)
Best objective -8.886550000000e+02, best bound -8.958500000000e+02, gap 0.8097%
Changed value of parameter MIPGap to 0.01
   Prev: 0.0001  Min: 0.0  Max: 1e+100  Default: 0.0001
Changed value of parameter TimeLimit to 1800.0
   Prev: 1e+100  Min: 0.0  Max: 1e+100  Default: 1e+100
Changed value of parameter Method to 2
   Prev: -1  Min: -1  Max: 4  Default: -1
Changed value of parameter MIPFocus to 1
   Prev: 0  Min: 0  Max: 3  Default: 0
Optimize a model with 2068 rows, 2952 columns and 5904 nonzeros
Coefficient statistics:
  Matrix range    [1e+00, 2e+01]
  Objective range [1e+00, 1e+00]
  Bounds range    [1e+00, 1e+00]
  RHS range       [8e+01, 8e+01]
Found heuristic solution: objective 0
Presolve removed 2014 rows and 2401 columns
Presolve time: 0.01s
Presolved: 54 rows, 551 columns, 974 nonzeros
Found heuristic solution: objective -832.0000000
Variable types: 0 continuous, 551 integer (455 binary)
Optimize a model with 54 rows, 551 columns and 974 nonzeros
Coefficient statistics:
  Matrix range    [1e+00, 2e+01]
  Objective range [1e+00, 1e+00]
  Bounds range    [1e+00, 1e+01]
  RHS range       [2e+01, 8e+01]
Presolved: 54 rows, 551 columns, 974 nonzeros

Root barrier log...

Ordering time: 0.00s

Barrier statistics:
 AA' NZ     : 4.080e+02
 Factor NZ  : 1.308e+03
 Factor Ops : 3.956e+04 (less than 1 second per iteration)
 Threads    : 1

                  Objective                Residual
Iter       Primal          Dual         Primal    Dual     Compl     Time
   0  -2.64852067e+03 -3.20361442e+03  1.81e+01 1.78e-15  7.96e+00     0s
   1  -9.43882948e+02 -2.01102565e+03  1.43e+00 1.03e+00  1.47e+00     0s
   2  -8.42315894e+02 -1.07649511e+03  3.59e-03 1.18e-01  2.16e-01     0s
   3  -8.97454686e+02 -9.34391352e+02  2.61e-03 2.48e-03  3.30e-02     0s
   4  -9.11422237e+02 -9.19988428e+02  0.00e+00 1.78e-15  7.64e-03     0s
   5  -9.16041503e+02 -9.17605797e+02  0.00e+00 1.78e-15  1.38e-03     0s
   6  -9.16552775e+02 -9.17038569e+02  0.00e+00 1.78e-15  4.25e-04     0s
   7  -9.16690042e+02 -9.16819456e+02  0.00e+00 1.78e-15  1.12e-04     0s
   8  -9.16702626e+02 -9.16707560e+02  0.00e+00 1.78e-15  4.27e-06     0s
   9  -9.16704760e+02 -9.16704765e+02  0.00e+00 3.55e-15  4.33e-09     0s

Barrier solved model in 9 iterations and 0.01 seconds
Optimal objective -9.16704760e+02


Root relaxation: objective -9.167048e+02, 39 iterations, 0.00 seconds

    Nodes    |    Current Node    |     Objective Bounds      |     Work
 Expl Unexpl |  Obj  Depth IntInf | Incumbent    BestBd   Gap | It/Node Time

     0     0 -916.70476    0   39 -832.00000 -916.70476  10.2%     -    0s
H    0     0                    -902.0600000 -916.70476  1.62%     -    0s
H    0     0                    -902.2500000 -916.70476  1.60%     -    0s
H    0     0                    -902.9700000 -916.70476  1.52%     -    0s
H    0     0                    -903.0900000 -916.70476  1.51%     -    0s
     0     0 -910.76851    0   31 -903.09000 -910.76851  0.85%     -    0s

Cutting planes:
  Gomory: 1
  MIR: 34

Explored 0 nodes (109 simplex iterations) in 0.04 seconds
Thread count was 16 (of 16 available processors)

Optimal solution found (tolerance 1.00e-02)
Best objective -9.030900000000e+02, best bound -9.107600000000e+02, gap 0.8493%
Changed value of parameter MIPGap to 0.01
   Prev: 0.0001  Min: 0.0  Max: 1e+100  Default: 0.0001
Changed value of parameter TimeLimit to 1800.0
   Prev: 1e+100  Min: 0.0  Max: 1e+100  Default: 1e+100
Changed value of parameter Method to 2
   Prev: -1  Min: -1  Max: 4  Default: -1
Changed value of parameter MIPFocus to 1
   Prev: 0  Min: 0  Max: 3  Default: 0
Optimize a model with 2068 rows, 2952 columns and 5904 nonzeros
Coefficient statistics:
  Matrix range    [1e+00, 2e+01]
  Objective range [1e+00, 1e+00]
  Bounds range    [1e+00, 1e+00]
  RHS range       [8e+01, 8e+01]
Found heuristic solution: objective 0
Presolve removed 2014 rows and 2401 columns
Presolve time: 0.01s
Presolved: 54 rows, 551 columns, 974 nonzeros
Found heuristic solution: objective -865.0000000
Variable types: 0 continuous, 551 integer (455 binary)
Optimize a model with 54 rows, 551 columns and 974 nonzeros
Coefficient statistics:
  Matrix range    [1e+00, 2e+01]
  Objective range [1e+00, 1e+00]
  Bounds range    [1e+00, 1e+01]
  RHS range       [2e+01, 8e+01]
Presolved: 54 rows, 551 columns, 974 nonzeros

Root barrier log...

Ordering time: 0.00s

Barrier statistics:
 AA' NZ     : 4.080e+02
 Factor NZ  : 1.308e+03
 Factor Ops : 3.956e+04 (less than 1 second per iteration)
 Threads    : 1

                  Objective                Residual
Iter       Primal          Dual         Primal    Dual     Compl     Time
   0  -2.72413810e+03 -3.22683515e+03  1.81e+01 1.33e-15  7.94e+00     0s
   1  -9.75438644e+02 -2.03367568e+03  1.44e+00 1.01e+00  1.46e+00     0s
   2  -8.75315211e+02 -1.10603010e+03  3.31e-03 1.16e-01  2.13e-01     0s
   3  -9.27857508e+02 -9.66078768e+02  2.26e-04 2.71e-03  3.43e-02     0s
   4  -9.44202190e+02 -9.53212808e+02  0.00e+00 3.55e-15  7.97e-03     0s
   5  -9.46136520e+02 -9.50453686e+02  0.00e+00 1.78e-15  3.82e-03     0s
   6  -9.47547697e+02 -9.48564028e+02  3.23e-05 3.55e-15  9.09e-04     0s
   7  -9.48149708e+02 -9.48306126e+02  0.00e+00 3.55e-15  1.39e-04     0s
   8  -9.48262766e+02 -9.48287572e+02  0.00e+00 1.78e-15  2.17e-05     0s
   9  -9.48272882e+02 -9.48272969e+02  0.00e+00 3.55e-15  7.53e-08     0s
  10  -9.48272910e+02 -9.48272910e+02  0.00e+00 5.33e-15  9.09e-14     0s

Barrier solved model in 10 iterations and 0.01 seconds
Optimal objective -9.48272910e+02


Root relaxation: objective -9.482729e+02, 35 iterations, 0.00 seconds

    Nodes    |    Current Node    |     Objective Bounds      |     Work
 Expl Unexpl |  Obj  Depth IntInf | Incumbent    BestBd   Gap | It/Node Time

     0     0 -948.27291    0   42 -865.00000 -948.27291  9.63%     -    0s
H    0     0                    -932.1200000 -948.27291  1.73%     -    0s
H    0     0                    -933.3200000 -948.27291  1.60%     -    0s
     0     0 -941.61405    0   36 -933.32000 -941.61405  0.89%     -    0s

Cutting planes:
  MIR: 37

Explored 0 nodes (116 simplex iterations) in 0.04 seconds
Thread count was 16 (of 16 available processors)

Optimal solution found (tolerance 1.00e-02)
Best objective -9.333200000000e+02, best bound -9.416000000000e+02, gap 0.8872%
Changed value of parameter MIPGap to 0.01
   Prev: 0.0001  Min: 0.0  Max: 1e+100  Default: 0.0001
Changed value of parameter TimeLimit to 1800.0
   Prev: 1e+100  Min: 0.0  Max: 1e+100  Default: 1e+100
Changed value of parameter Method to 2
   Prev: -1  Min: -1  Max: 4  Default: -1
Changed value of parameter MIPFocus to 1
   Prev: 0  Min: 0  Max: 3  Default: 0
Optimize a model with 2068 rows, 2952 columns and 5904 nonzeros
Coefficient statistics:
  Matrix range    [1e+00, 2e+01]
  Objective range [1e+00, 2e+00]
  Bounds range    [1e+00, 1e+00]
  RHS range       [8e+01, 8e+01]
Found heuristic solution: objective 0
Presolve removed 2014 rows and 2401 columns
Presolve time: 0.01s
Presolved: 54 rows, 551 columns, 974 nonzeros
Found heuristic solution: objective -931.0000000
Variable types: 0 continuous, 551 integer (455 binary)
Optimize a model with 54 rows, 551 columns and 974 nonzeros
Coefficient statistics:
  Matrix range    [1e+00, 2e+01]
  Objective range [1e+00, 2e+00]
  Bounds range    [1e+00, 1e+01]
  RHS range       [2e+01, 8e+01]
Presolved: 54 rows, 551 columns, 974 nonzeros

Root barrier log...

Ordering time: 0.00s

Barrier statistics:
 AA' NZ     : 4.080e+02
 Factor NZ  : 1.308e+03
 Factor Ops : 3.956e+04 (less than 1 second per iteration)
 Threads    : 1

                  Objective                Residual
Iter       Primal          Dual         Primal    Dual     Compl     Time
   0  -2.87534001e+03 -3.27327660e+03  1.81e+01 8.88e-16  7.90e+00     0s
   1  -1.03903534e+03 -2.07913857e+03  1.44e+00 9.72e-01  1.45e+00     0s
   2  -9.34540289e+02 -1.16393260e+03  2.84e-03 1.07e-01  2.10e-01     0s
   3  -9.90045719e+02 -1.02835851e+03  4.45e-05 5.33e-15  3.41e-02     0s
   4  -1.00527202e+03 -1.01832313e+03  0.00e+00 1.78e-15  1.15e-02     0s
   5  -1.01045146e+03 -1.01267565e+03  0.00e+00 1.78e-15  1.96e-03     0s
   6  -1.01142399e+03 -1.01190710e+03  0.00e+00 1.78e-15  4.19e-04     0s
   7  -1.01146685e+03 -1.01156920e+03  0.00e+00 1.78e-15  8.87e-05     0s
   8  -1.01147853e+03 -1.01147998e+03  0.00e+00 3.55e-15  1.25e-06     0s
   9  -1.01147864e+03 -1.01147864e+03  0.00e+00 3.55e-15  1.25e-09     0s

Barrier solved model in 9 iterations and 0.01 seconds
Optimal objective -1.01147864e+03


Root relaxation: objective -1.011479e+03, 35 iterations, 0.00 seconds

    Nodes    |    Current Node    |     Objective Bounds      |     Work
 Expl Unexpl |  Obj  Depth IntInf | Incumbent    BestBd   Gap | It/Node Time

     0     0 -1011.4786    0   40 -931.00000 -1011.4786  8.64%     -    0s
H    0     0                    -991.7600000 -1011.4786  1.99%     -    0s
H    0     0                    -993.0800000 -1011.4786  1.85%     -    0s
     0     0 -1003.2224    0   48 -993.08000 -1003.2224  1.02%     -    0s
H    0     0                    -995.9600000 -1003.2224  0.73%     -    0s

Cutting planes:
  Gomory: 1
  MIR: 36

Explored 0 nodes (149 simplex iterations) in 0.05 seconds
Thread count was 16 (of 16 available processors)

Optimal solution found (tolerance 1.00e-02)
Best objective -9.959600000000e+02, best bound -1.003200000000e+03, gap 0.7269%
Changed value of parameter MIPGap to 0.01
   Prev: 0.0001  Min: 0.0  Max: 1e+100  Default: 0.0001
Changed value of parameter TimeLimit to 1800.0
   Prev: 1e+100  Min: 0.0  Max: 1e+100  Default: 1e+100
Changed value of parameter Method to 2
   Prev: -1  Min: -1  Max: 4  Default: -1
Changed value of parameter MIPFocus to 1
   Prev: 0  Min: 0  Max: 3  Default: 0
Optimize a model with 2068 rows, 2952 columns and 5904 nonzeros
Coefficient statistics:
  Matrix range    [1e+00, 2e+01]
  Objective range [1e+00, 2e+00]
  Bounds range    [1e+00, 1e+00]
  RHS range       [8e+01, 8e+01]
Found heuristic solution: objective 0
Presolve removed 2014 rows and 2401 columns
Presolve time: 0.01s
Presolved: 54 rows, 551 columns, 974 nonzeros
Found heuristic solution: objective -964.0000000
Variable types: 0 continuous, 551 integer (455 binary)
Optimize a model with 54 rows, 551 columns and 974 nonzeros
Coefficient statistics:
  Matrix range    [1e+00, 2e+01]
  Objective range [1e+00, 2e+00]
  Bounds range    [1e+00, 1e+01]
  RHS range       [2e+01, 8e+01]
Presolved: 54 rows, 551 columns, 974 nonzeros

Root barrier log...

Ordering time: 0.00s

Barrier statistics:
 AA' NZ     : 4.080e+02
 Factor NZ  : 1.308e+03
 Factor Ops : 3.956e+04 (less than 1 second per iteration)
 Threads    : 1

                  Objective                Residual
Iter       Primal          Dual         Primal    Dual     Compl     Time
   0  -2.95092433e+03 -3.29649732e+03  1.81e+01 1.78e-15  7.88e+00     0s
   1  -1.07107853e+03 -2.10194518e+03  1.44e+00 9.52e-01  1.44e+00     0s
   2  -9.64841925e+02 -1.18695585e+03  2.80e-03 9.85e-02  2.04e-01     0s
   3  -1.02122728e+03 -1.06090649e+03  6.28e-05 1.78e-15  3.53e-02     0s
   4  -1.03372799e+03 -1.04897431e+03  0.00e+00 1.78e-15  1.36e-02     0s
   5  -1.04130311e+03 -1.04458544e+03  0.00e+00 1.78e-15  2.92e-03     0s
   6  -1.04249595e+03 -1.04338727e+03  0.00e+00 1.78e-15  7.99e-04     0s
   7  -1.04311631e+03 -1.04318863e+03  0.00e+00 1.78e-15  6.42e-05     0s
   8  -1.04315893e+03 -1.04315897e+03  0.00e+00 1.78e-15  3.46e-08     0s
   9  -1.04315896e+03 -1.04315896e+03  0.00e+00 3.55e-15  3.46e-11     0s

Barrier solved model in 9 iterations and 0.01 seconds
Optimal objective -1.04315896e+03


Root relaxation: objective -1.043159e+03, 42 iterations, 0.00 seconds

    Nodes    |    Current Node    |     Objective Bounds      |     Work
 Expl Unexpl |  Obj  Depth IntInf | Incumbent    BestBd   Gap | It/Node Time

     0     0 -1043.1590    0   40 -964.00000 -1043.1590  8.21%     -    0s
H    0     0                    -1022.850000 -1043.1590  1.99%     -    0s
H    0     0                    -1025.150000 -1043.1590  1.76%     -    0s
     0     0 -1035.2246    0   55 -1025.1500 -1035.2246  0.98%     -    0s

Cutting planes:
  Gomory: 1
  MIR: 38

Explored 0 nodes (152 simplex iterations) in 0.04 seconds
Thread count was 16 (of 16 available processors)

Optimal solution found (tolerance 1.00e-02)
Best objective -1.025150000000e+03, best bound -1.035200000000e+03, gap 0.9803%
Changed value of parameter MIPGap to 0.01
   Prev: 0.0001  Min: 0.0  Max: 1e+100  Default: 0.0001
Changed value of parameter TimeLimit to 1800.0
   Prev: 1e+100  Min: 0.0  Max: 1e+100  Default: 1e+100
Changed value of parameter Method to 2
   Prev: -1  Min: -1  Max: 4  Default: -1
Changed value of parameter MIPFocus to 1
   Prev: 0  Min: 0  Max: 3  Default: 0
Optimize a model with 2068 rows, 2952 columns and 5904 nonzeros
Coefficient statistics:
  Matrix range    [1e+00, 2e+01]
  Objective range [1e+00, 3e+00]
  Bounds range    [1e+00, 1e+00]
  RHS range       [8e+01, 8e+01]
Found heuristic solution: objective 0
Presolve removed 2014 rows and 2401 columns
Presolve time: 0.01s
Presolved: 54 rows, 551 columns, 974 nonzeros
Found heuristic solution: objective -1129.000000
Variable types: 0 continuous, 551 integer (455 binary)
Optimize a model with 54 rows, 551 columns and 974 nonzeros
Coefficient statistics:
  Matrix range    [1e+00, 2e+01]
  Objective range [1e+00, 3e+00]
  Bounds range    [1e+00, 1e+01]
  RHS range       [2e+01, 8e+01]
Presolved: 54 rows, 551 columns, 974 nonzeros

Root barrier log...

Ordering time: 0.00s

Barrier statistics:
 AA' NZ     : 4.080e+02
 Factor NZ  : 1.308e+03
 Factor Ops : 3.956e+04 (less than 1 second per iteration)
 Threads    : 1

                  Objective                Residual
Iter       Primal          Dual         Primal    Dual     Compl     Time
   0  -3.32867656e+03 -3.41260095e+03  1.81e+01 1.33e-15  7.77e+00     0s
   1  -1.23371327e+03 -2.21690632e+03  1.45e+00 8.51e-01  1.40e+00     0s
   2  -1.12073868e+03 -1.32139190e+03  2.27e-03 7.04e-02  1.83e-01     0s
   3  -1.17756456e+03 -1.21879858e+03  1.79e-04 7.11e-15  3.76e-02     0s
   4  -1.19574702e+03 -1.21286727e+03  0.00e+00 3.55e-15  1.53e-02     0s
   5  -1.20108968e+03 -1.20502693e+03  0.00e+00 1.78e-15  3.53e-03     0s
   6  -1.20267321e+03 -1.20359965e+03  0.00e+00 1.78e-15  8.28e-04     0s
   7  -1.20308462e+03 -1.20324596e+03  0.00e+00 1.78e-15  1.42e-04     0s
   8  -1.20313165e+03 -1.20313860e+03  0.00e+00 3.55e-15  6.28e-06     0s
   9  -1.20313725e+03 -1.20313725e+03  0.00e+00 3.55e-15  6.58e-09     0s

Barrier solved model in 9 iterations and 0.01 seconds
Optimal objective -1.20313725e+03


Root relaxation: objective -1.203137e+03, 35 iterations, 0.00 seconds

    Nodes    |    Current Node    |     Objective Bounds      |     Work
 Expl Unexpl |  Obj  Depth IntInf | Incumbent    BestBd   Gap | It/Node Time

     0     0 -1203.1373    0   42 -1129.0000 -1203.1373  6.57%     -    0s
H    0     0                    -1173.900000 -1203.1373  2.49%     -    0s
H    0     0                    -1175.700000 -1203.1373  2.33%     -    0s
H    0     0                    -1176.400000 -1203.1373  2.27%     -    0s
H    0     0                    -1177.600000 -1203.1373  2.17%     -    0s
     0     0 -1195.7745    0   51 -1177.6000 -1195.7745  1.54%     -    0s
H    0     0                    -1181.800000 -1195.7745  1.18%     -    0s
H    0     0                    -1184.000000 -1195.7745  0.99%     -    0s

Cutting planes:
  MIR: 37

Explored 0 nodes (140 simplex iterations) in 0.05 seconds
Thread count was 16 (of 16 available processors)

Optimal solution found (tolerance 1.00e-02)
Best objective -1.184000000000e+03, best bound -1.195700000000e+03, gap 0.9882%
Changed value of parameter MIPGap to 0.01
   Prev: 0.0001  Min: 0.0  Max: 1e+100  Default: 0.0001
Changed value of parameter TimeLimit to 1800.0
   Prev: 1e+100  Min: 0.0  Max: 1e+100  Default: 1e+100
Changed value of parameter Method to 2
   Prev: -1  Min: -1  Max: 4  Default: -1
Changed value of parameter MIPFocus to 1
   Prev: 0  Min: 0  Max: 3  Default: 0
Optimize a model with 2068 rows, 2952 columns and 5904 nonzeros
Coefficient statistics:
  Matrix range    [1e+00, 2e+01]
  Objective range [1e+00, 5e+00]
  Bounds range    [1e+00, 1e+00]
  RHS range       [8e+01, 8e+01]
Found heuristic solution: objective 0
Presolve removed 2014 rows and 2401 columns
Presolve time: 0.01s
Presolved: 54 rows, 551 columns, 974 nonzeros
Found heuristic solution: objective -1459.000000
Variable types: 0 continuous, 551 integer (455 binary)
Optimize a model with 54 rows, 551 columns and 974 nonzeros
Coefficient statistics:
  Matrix range    [1e+00, 2e+01]
  Objective range [1e+00, 5e+00]
  Bounds range    [1e+00, 1e+01]
  RHS range       [2e+01, 8e+01]
Presolved: 54 rows, 551 columns, 974 nonzeros

Root barrier log...

Ordering time: 0.00s

Barrier statistics:
 AA' NZ     : 4.080e+02
 Factor NZ  : 1.308e+03
 Factor Ops : 3.956e+04 (less than 1 second per iteration)
 Threads    : 1

                  Objective                Residual
Iter       Primal          Dual         Primal    Dual     Compl     Time
   0  -4.08330228e+03 -3.64480820e+03  1.80e+01 1.78e-15  7.55e+00     0s
   1  -1.57101917e+03 -2.55223806e+03  1.45e+00 6.53e-01  1.42e+00     0s
   2  -1.45591666e+03 -1.65142059e+03  2.93e-02 4.52e-02  1.82e-01     0s
   3  -1.50092532e+03 -1.55872020e+03  8.94e-03 5.33e-15  5.34e-02     0s
   4  -1.52321540e+03 -1.53766269e+03  1.23e-03 3.55e-15  1.30e-02     0s
   5  -1.52709185e+03 -1.53275337e+03  5.22e-04 1.78e-15  5.13e-03     0s
   6  -1.52818650e+03 -1.53149973e+03  3.41e-04 3.55e-15  3.02e-03     0s
   7  -1.52943536e+03 -1.53050681e+03  1.33e-04 3.55e-15  9.87e-04     0s
   8  -1.52992728e+03 -1.53034235e+03  4.84e-05 2.66e-15  3.83e-04     0s
   9  -1.53025392e+03 -1.53030292e+03  0.00e+00 2.66e-15  4.26e-05     0s
  10  -1.53026338e+03 -1.53027735e+03  0.00e+00 3.55e-15  1.21e-05     0s
  11  -1.53026613e+03 -1.53026626e+03  0.00e+00 3.55e-15  1.14e-07     0s
  12  -1.53026616e+03 -1.53026616e+03  0.00e+00 5.33e-15  1.70e-10     0s

Barrier solved model in 12 iterations and 0.01 seconds
Optimal objective -1.53026616e+03


Root relaxation: objective -1.530266e+03, 25 iterations, 0.01 seconds

    Nodes    |    Current Node    |     Objective Bounds      |     Work
 Expl Unexpl |  Obj  Depth IntInf | Incumbent    BestBd   Gap | It/Node Time

     0     0 -1530.2662    0   45 -1459.0000 -1530.2662  4.88%     -    0s
H    0     0                    -1492.800000 -1530.2662  2.51%     -    0s
H    0     0                    -1495.000000 -1530.2662  2.36%     -    0s
H    0     0                    -1497.200000 -1530.2662  2.21%     -    0s
H    0     0                    -1500.200000 -1530.2662  2.00%     -    0s
H    0     0                    -1506.200000 -1530.2662  1.60%     -    0s
     0     0 -1524.6551    0   58 -1506.2000 -1524.6551  1.23%     -    0s
H    0     0                    -1511.000000 -1524.6551  0.90%     -    0s

Cutting planes:
  Gomory: 1
  Cover: 1
  MIR: 29

Explored 0 nodes (187 simplex iterations) in 0.06 seconds
Thread count was 16 (of 16 available processors)

Optimal solution found (tolerance 1.00e-02)
Best objective -1.511000000000e+03, best bound -1.524600000000e+03, gap 0.9001%
Changed value of parameter MIPGap to 0.01
   Prev: 0.0001  Min: 0.0  Max: 1e+100  Default: 0.0001
Changed value of parameter TimeLimit to 1800.0
   Prev: 1e+100  Min: 0.0  Max: 1e+100  Default: 1e+100
Changed value of parameter Method to 2
   Prev: -1  Min: -1  Max: 4  Default: -1
Changed value of parameter MIPFocus to 1
   Prev: 0  Min: 0  Max: 3  Default: 0
Optimize a model with 2068 rows, 2952 columns and 5904 nonzeros
Coefficient statistics:
  Matrix range    [1e+00, 2e+01]
  Objective range [1e+00, 9e+00]
  Bounds range    [1e+00, 1e+00]
  RHS range       [8e+01, 8e+01]
Found heuristic solution: objective 0
Presolve removed 2014 rows and 2403 columns
Presolve time: 0.01s
Presolved: 54 rows, 549 columns, 972 nonzeros
Found heuristic solution: objective -2127.000000
Variable types: 0 continuous, 549 integer (455 binary)
Optimize a model with 54 rows, 549 columns and 972 nonzeros
Coefficient statistics:
  Matrix range    [1e+00, 2e+01]
  Objective range [1e+00, 9e+00]
  Bounds range    [1e+00, 1e+01]
  RHS range       [2e+01, 8e+01]
Presolve removed 0 rows and 24 columns
Presolved: 54 rows, 525 columns, 946 nonzeros

Root barrier log...

Ordering time: 0.00s

Barrier statistics:
 AA' NZ     : 4.080e+02
 Factor NZ  : 1.308e+03
 Factor Ops : 3.956e+04 (less than 1 second per iteration)
 Threads    : 1

                  Objective                Residual
Iter       Primal          Dual         Primal    Dual     Compl     Time
   0  -5.47563228e+03 -4.34536335e+03  1.76e+01 1.78e-15  8.07e+00     0s
   1  -2.25397931e+03 -3.11440369e+03  1.33e+00 3.96e-01  1.38e+00     0s
   2  -2.15738347e+03 -2.34117725e+03  6.52e-02 2.87e-02  1.88e-01     0s
   3  -2.18649634e+03 -2.24600219e+03  2.63e-02 1.07e-14  6.15e-02     0s
   4  -2.20061925e+03 -2.22299397e+03  9.10e-03 3.55e-15  2.29e-02     0s
   5  -2.20656705e+03 -2.21844762e+03  4.63e-03 3.55e-15  1.21e-02     0s
   6  -2.20829594e+03 -2.21680577e+03  1.69e-03 3.55e-15  8.23e-03     0s
   7  -2.21142411e+03 -2.21409206e+03  4.68e-04 3.55e-15  2.57e-03     0s
   8  -2.21234798e+03 -2.21280724e+03  8.93e-05 3.55e-15  4.49e-04     0s
   9  -2.21269716e+03 -2.21279971e+03  6.00e-06 3.55e-15  9.51e-05     0s
  10  -2.21272658e+03 -2.21273264e+03  0.00e+00 3.55e-15  5.50e-06     0s
  11  -2.21272730e+03 -2.21273167e+03  0.00e+00 3.55e-15  3.96e-06     0s
  12  -2.21272798e+03 -2.21273139e+03  0.00e+00 3.55e-15  3.09e-06     0s
  13  -2.21272876e+03 -2.21273126e+03  0.00e+00 3.55e-15  2.26e-06     0s
  14  -2.21272927e+03 -2.21272999e+03  0.00e+00 3.55e-15  6.58e-07     0s
  15  -2.21272955e+03 -2.21272957e+03  0.00e+00 3.55e-15  2.08e-08     0s
  16  -2.21272956e+03 -2.21272956e+03  0.00e+00 3.55e-15  2.08e-11     0s

Barrier solved model in 16 iterations and 0.02 seconds
Optimal objective -2.21272956e+03


Root relaxation: objective -2.212730e+03, 49 iterations, 0.01 seconds

    Nodes    |    Current Node    |     Objective Bounds      |     Work
 Expl Unexpl |  Obj  Depth IntInf | Incumbent    BestBd   Gap | It/Node Time

     0     0 -2212.7296    0   44 -2127.0000 -2212.7296  4.03%     -    0s
H    0     0                    -2163.600000 -2212.7296  2.27%     -    0s
H    0     0                    -2176.800000 -2212.7296  1.65%     -    0s
H    0     0                    -2185.200000 -2212.7296  1.26%     -    0s
     0     0 -2207.6385    0   63 -2185.2000 -2207.6385  1.03%     -    0s
H    0     0                    -2189.400000 -2207.6385  0.83%     -    0s

Cutting planes:
  Gomory: 1
  Cover: 1
  MIR: 27

Explored 0 nodes (179 simplex iterations) in 0.05 seconds
Thread count was 16 (of 16 available processors)

Optimal solution found (tolerance 1.00e-02)
Best objective -2.189400000000e+03, best bound -2.207600000000e+03, gap 0.8313%
Changed value of parameter MIPGap to 0.01
   Prev: 0.0001  Min: 0.0  Max: 1e+100  Default: 0.0001
Changed value of parameter TimeLimit to 1800.0
   Prev: 1e+100  Min: 0.0  Max: 1e+100  Default: 1e+100
Changed value of parameter Method to 2
   Prev: -1  Min: -1  Max: 4  Default: -1
Changed value of parameter MIPFocus to 1
   Prev: 0  Min: 0  Max: 3  Default: 0
Optimize a model with 2068 rows, 2952 columns and 5904 nonzeros
Coefficient statistics:
  Matrix range    [1e+00, 2e+01]
  Objective range [2e+00, 1e+01]
  Bounds range    [1e+00, 1e+00]
  RHS range       [8e+01, 8e+01]
Found heuristic solution: objective 0
Presolve removed 2014 rows and 2403 columns
Presolve time: 0.01s
Presolved: 54 rows, 549 columns, 972 nonzeros
Found heuristic solution: objective -2458.500000
Variable types: 0 continuous, 549 integer (453 binary)
Optimize a model with 54 rows, 549 columns and 972 nonzeros
Coefficient statistics:
  Matrix range    [1e+00, 2e+01]
  Objective range [2e+00, 1e+01]
  Bounds range    [1e+00, 1e+01]
  RHS range       [2e+01, 8e+01]
Presolved: 54 rows, 549 columns, 972 nonzeros

Root barrier log...

Ordering time: 0.00s

Barrier statistics:
 AA' NZ     : 4.080e+02
 Factor NZ  : 1.324e+03
 Factor Ops : 4.086e+04 (less than 1 second per iteration)
 Threads    : 1

                  Objective                Residual
Iter       Primal          Dual         Primal    Dual     Compl     Time
   0  -6.33887618e+03 -5.27296109e+03  1.73e+01 1.78e-15  9.92e+00     0s
   1  -2.55281272e+03 -3.78505913e+03  1.15e+00 5.25e-01  1.70e+00     0s
   2  -2.47691070e+03 -2.71509313e+03  7.52e-02 3.38e-02  2.35e-01     0s
   3  -2.53025734e+03 -2.60518770e+03  2.34e-02 1.95e-14  7.28e-02     0s
   4  -2.54735977e+03 -2.57618497e+03  8.48e-03 7.11e-15  2.79e-02     0s
   5  -2.55519387e+03 -2.56644875e+03  2.88e-03 3.55e-15  1.08e-02     0s
   6  -2.55747772e+03 -2.56344169e+03  1.59e-03 3.55e-15  5.72e-03     0s
   7  -2.55829885e+03 -2.56248992e+03  1.15e-03 3.55e-15  4.03e-03     0s
   8  -2.55943674e+03 -2.56170343e+03  5.83e-04 3.55e-15  2.17e-03     0s
   9  -2.56009964e+03 -2.56118264e+03  2.76e-04 3.55e-15  1.04e-03     0s
  10  -2.56041023e+03 -2.56089472e+03  1.37e-04 5.33e-15  4.69e-04     0s
  11  -2.56075629e+03 -2.56080167e+03  4.26e-06 3.55e-15  4.11e-05     0s
  12  -2.56077338e+03 -2.56077688e+03  1.47e-07 3.55e-15  3.12e-06     0s
  13  -2.56077488e+03 -2.56077493e+03  4.18e-10 5.33e-15  4.58e-08     0s
  14  -2.56077490e+03 -2.56077490e+03  4.31e-14 3.55e-15  4.05e-11     0s

Barrier solved model in 14 iterations and 0.01 seconds
Optimal objective -2.56077490e+03


Root relaxation: objective -2.560775e+03, 33 iterations, 0.01 seconds

    Nodes    |    Current Node    |     Objective Bounds      |     Work
 Expl Unexpl |  Obj  Depth IntInf | Incumbent    BestBd   Gap | It/Node Time

     0     0 -2560.7749    0   43 -2458.5000 -2560.7749  4.16%     -    0s
H    0     0                    -2514.000000 -2560.7749  1.86%     -    0s
H    0     0                    -2518.500000 -2560.7749  1.68%     -    0s
     0     0 -2557.9427    0   76 -2518.5000 -2557.9427  1.57%     -    0s
H    0     0                    -2521.000000 -2557.9427  1.47%     -    0s
     0     0 -2557.9377    0   75 -2521.0000 -2557.9377  1.47%     -    0s
H    0     0                    -2526.500000 -2557.9377  1.24%     -    0s
H    0     0                    -2529.500000 -2557.9377  1.12%     -    0s
H    0     0                    -2536.000000 -2557.9377  0.87%     -    0s

Cutting planes:
  Gomory: 1
  Cover: 1
  MIR: 74
  Zero half: 1

Explored 0 nodes (194 simplex iterations) in 0.07 seconds
Thread count was 16 (of 16 available processors)

Optimal solution found (tolerance 1.00e-02)
Best objective -2.536000000000e+03, best bound -2.557500000000e+03, gap 0.8478%
Changed value of parameter MIPGap to 0.01
   Prev: 0.0001  Min: 0.0  Max: 1e+100  Default: 0.0001
Changed value of parameter TimeLimit to 1800.0
   Prev: 1e+100  Min: 0.0  Max: 1e+100  Default: 1e+100
Changed value of parameter Method to 2
   Prev: -1  Min: -1  Max: 4  Default: -1
Changed value of parameter MIPFocus to 1
   Prev: 0  Min: 0  Max: 3  Default: 0
Optimize a model with 2068 rows, 2952 columns and 5904 nonzeros
Coefficient statistics:
  Matrix range    [1e+00, 2e+01]
  Objective range [2e+00, 2e+01]
  Bounds range    [1e+00, 1e+00]
  RHS range       [8e+01, 8e+01]
Found heuristic solution: objective 0
Presolve removed 2014 rows and 2401 columns
Presolve time: 0.01s
Presolved: 54 rows, 551 columns, 974 nonzeros
Found heuristic solution: objective -4147.000000
Variable types: 0 continuous, 551 integer (455 binary)
Optimize a model with 54 rows, 551 columns and 974 nonzeros
Coefficient statistics:
  Matrix range    [1e+00, 2e+01]
  Objective range [2e+00, 2e+01]
  Bounds range    [1e+00, 1e+01]
  RHS range       [2e+01, 8e+01]
Presolve removed 0 rows and 5 columns
Presolved: 54 rows, 546 columns, 969 nonzeros

Root barrier log...

Ordering time: 0.00s

Barrier statistics:
 AA' NZ     : 4.080e+02
 Factor NZ  : 1.322e+03
 Factor Ops : 4.060e+04 (less than 1 second per iteration)
 Threads    : 1

                  Objective                Residual
Iter       Primal          Dual         Primal    Dual     Compl     Time
   0  -1.01203529e+04 -9.78523848e+03  1.81e+01 3.55e-15  1.98e+01     0s
   1  -4.31408769e+03 -6.91897012e+03  1.39e+00 1.58e+00  3.61e+00     0s
   2  -4.19452924e+03 -4.66586672e+03  5.70e-02 1.03e-01  4.46e-01     0s
   3  -4.32236875e+03 -4.44489359e+03  1.33e-02 7.11e-15  1.14e-01     0s
   4  -4.35805385e+03 -4.39852165e+03  4.96e-03 7.11e-15  3.80e-02     0s
   5  -4.37484442e+03 -4.39003814e+03  1.67e-03 7.11e-15  1.42e-02     0s
   6  -4.38073875e+03 -4.38571426e+03  5.68e-04 7.11e-15  4.66e-03     0s
   7  -4.38338046e+03 -4.38447322e+03  1.16e-04 7.11e-15  1.02e-03     0s
   8  -4.38406735e+03 -4.38422239e+03  2.18e-06 7.11e-15  1.37e-04     0s
   9  -4.38410563e+03 -4.38410883e+03  0.00e+00 7.11e-15  2.79e-06     0s
  10  -4.38410714e+03 -4.38410714e+03  0.00e+00 7.11e-15  3.41e-10     0s

Barrier solved model in 10 iterations and 0.01 seconds
Optimal objective -4.38410714e+03


Root relaxation: objective -4.384107e+03, 21 iterations, 0.00 seconds

    Nodes    |    Current Node    |     Objective Bounds      |     Work
 Expl Unexpl |  Obj  Depth IntInf | Incumbent    BestBd   Gap | It/Node Time

     0     0 -4384.1071    0   40 -4147.0000 -4384.1071  5.72%     -    0s
H    0     0                    -4300.000000 -4384.1071  1.96%     -    0s
H    0     0                    -4343.000000 -4384.1071  0.95%     -    0s

Explored 0 nodes (26 simplex iterations) in 0.02 seconds
Thread count was 16 (of 16 available processors)

Optimal solution found (tolerance 1.00e-02)
Best objective -4.343000000000e+03, best bound -4.384000000000e+03, gap 0.9440%
Changed value of parameter MIPGap to 0.01
   Prev: 0.0001  Min: 0.0  Max: 1e+100  Default: 0.0001
Changed value of parameter TimeLimit to 1800.0
   Prev: 1e+100  Min: 0.0  Max: 1e+100  Default: 1e+100
Changed value of parameter Method to 2
   Prev: -1  Min: -1  Max: 4  Default: -1
Changed value of parameter MIPFocus to 1
   Prev: 0  Min: 0  Max: 3  Default: 0
Optimize a model with 2068 rows, 2952 columns and 5904 nonzeros
Coefficient statistics:
  Matrix range    [1e+00, 2e+01]
  Objective range [3e+00, 4e+01]
  Bounds range    [1e+00, 1e+00]
  RHS range       [8e+01, 8e+01]
Found heuristic solution: objective 0
Presolve removed 2014 rows and 2401 columns
Presolve time: 0.01s
Presolved: 54 rows, 551 columns, 974 nonzeros
Found heuristic solution: objective -7535.000000
Variable types: 0 continuous, 551 integer (455 binary)
Optimize a model with 54 rows, 551 columns and 974 nonzeros
Coefficient statistics:
  Matrix range    [1e+00, 2e+01]
  Objective range [3e+00, 4e+01]
  Bounds range    [1e+00, 1e+01]
  RHS range       [2e+01, 8e+01]
Presolved: 54 rows, 551 columns, 974 nonzeros

Root barrier log...

Ordering time: 0.00s

Barrier statistics:
 AA' NZ     : 4.080e+02
 Factor NZ  : 1.308e+03
 Factor Ops : 3.956e+04 (less than 1 second per iteration)
 Threads    : 1

                  Objective                Residual
Iter       Primal          Dual         Primal    Dual     Compl     Time
   0  -1.77316855e+04 -1.87863177e+04  1.81e+01 7.11e-15  3.92e+01     0s
   1  -7.87085465e+03 -1.32757805e+04  1.45e+00 3.64e+00  7.35e+00     0s
   2  -7.69063089e+03 -8.61512331e+03  1.94e-02 2.14e-01  8.25e-01     0s
   3  -8.02804211e+03 -8.19367291e+03  6.95e-04 1.68e-02  1.45e-01     0s
   4  -8.07691756e+03 -8.10970436e+03  2.15e-05 1.42e-14  2.86e-02     0s
   5  -8.08773949e+03 -8.09767831e+03  0.00e+00 1.07e-14  8.69e-03     0s
   6  -8.09300454e+03 -8.09487982e+03  0.00e+00 1.07e-14  1.63e-03     0s
   7  -8.09353694e+03 -8.09372314e+03  0.00e+00 1.42e-14  1.62e-04     0s
   8  -8.09357905e+03 -8.09358208e+03  0.00e+00 1.42e-14  2.64e-06     0s
   9  -8.09358095e+03 -8.09358095e+03  0.00e+00 1.42e-14  2.64e-09     0s

Barrier solved model in 9 iterations and 0.01 seconds
Optimal objective -8.09358095e+03


Root relaxation: objective -8.093581e+03, 26 iterations, 0.00 seconds

    Nodes    |    Current Node    |     Objective Bounds      |     Work
 Expl Unexpl |  Obj  Depth IntInf | Incumbent    BestBd   Gap | It/Node Time

     0     0 -8093.5810    0   37 -7535.0000 -8093.5810  7.41%     -    0s
H    0     0                    -7967.000000 -8093.5810  1.59%     -    0s
H    0     0                    -8010.000000 -8093.5810  1.04%     -    0s
     0     0 -8057.3566    0   64 -8010.0000 -8057.3566  0.59%     -    0s

Cutting planes:
  Gomory: 2
  Cover: 2
  MIR: 37

Explored 0 nodes (119 simplex iterations) in 0.04 seconds
Thread count was 16 (of 16 available processors)

Optimal solution found (tolerance 1.00e-02)
Best objective -8.010000000000e+03, best bound -8.057000000000e+03, gap 0.5868%
Changed value of parameter MIPGap to 0.01
   Prev: 0.0001  Min: 0.0  Max: 1e+100  Default: 0.0001
Changed value of parameter TimeLimit to 1800.0
   Prev: 1e+100  Min: 0.0  Max: 1e+100  Default: 1e+100
Changed value of parameter Method to 2
   Prev: -1  Min: -1  Max: 4  Default: -1
Changed value of parameter MIPFocus to 1
   Prev: 0  Min: 0  Max: 3  Default: 0
Optimize a model with 2068 rows, 2952 columns and 5904 nonzeros
Coefficient statistics:
  Matrix range    [1e+00, 2e+01]
  Objective range [5e+00, 8e+01]
  Bounds range    [1e+00, 1e+00]
  RHS range       [8e+01, 8e+01]
Found heuristic solution: objective 0
Presolve removed 2014 rows and 2401 columns
Presolve time: 0.01s
Presolved: 54 rows, 551 columns, 974 nonzeros
Found heuristic solution: objective -14318.00000
Variable types: 0 continuous, 551 integer (455 binary)
Optimize a model with 54 rows, 551 columns and 974 nonzeros
Coefficient statistics:
  Matrix range    [1e+00, 2e+01]
  Objective range [5e+00, 8e+01]
  Bounds range    [1e+00, 1e+01]
  RHS range       [2e+01, 8e+01]
Presolved: 54 rows, 551 columns, 974 nonzeros

Root barrier log...

Ordering time: 0.00s

Barrier statistics:
 AA' NZ     : 4.080e+02
 Factor NZ  : 1.308e+03
 Factor Ops : 3.956e+04 (less than 1 second per iteration)
 Threads    : 1

                  Objective                Residual
Iter       Primal          Dual         Primal    Dual     Compl     Time
   0  -3.28999385e+04 -3.68018905e+04  1.81e+01 1.42e-14  7.82e+01     0s
   1  -1.49987660e+04 -2.59804486e+04  1.49e+00 7.78e+00  1.49e+01     0s
   2  -1.48065779e+04 -1.66435749e+04  7.20e-02 4.71e-01  1.74e+00     0s
   3  -1.54375480e+04 -1.57376140e+04  4.08e-03 4.26e-02  2.68e-01     0s
   4  -1.55388326e+04 -1.56004135e+04  4.09e-04 3.71e-03  5.42e-02     0s
   5  -1.55513547e+04 -1.55799457e+04  1.81e-04 4.68e-04  2.52e-02     0s
   6  -1.55575543e+04 -1.55701020e+04  8.64e-05 2.84e-14  1.11e-02     0s
   7  -1.55631601e+04 -1.55659202e+04  9.25e-06 2.84e-14  2.43e-03     0s
   8  -1.55644075e+04 -1.55647274e+04  0.00e+00 2.84e-14  2.77e-04     0s
   9  -1.55644343e+04 -1.55644346e+04  0.00e+00 3.55e-14  2.78e-07     0s
  10  -1.55644343e+04 -1.55644343e+04  2.82e-15 2.84e-14  2.80e-13     0s

Barrier solved model in 10 iterations and 0.01 seconds
Optimal objective -1.55644343e+04


Root relaxation: objective -1.556443e+04, 48 iterations, 0.00 seconds

    Nodes    |    Current Node    |     Objective Bounds      |     Work
 Expl Unexpl |  Obj  Depth IntInf | Incumbent    BestBd   Gap | It/Node Time

     0     0 -15564.434    0   37 -14318.000 -15564.434  8.71%     -    0s
H    0     0                    -15260.00000 -15564.434  1.99%     -    0s
H    0     0                    -15338.00000 -15564.434  1.48%     -    0s
H    0     0                    -15352.00000 -15564.434  1.38%     -    0s
H    0     0                    -15362.00000 -15564.434  1.32%     -    0s
     0     0 -15467.631    0   55 -15362.000 -15467.631  0.69%     -    0s

Cutting planes:
  Gomory: 1
  Cover: 3
  MIR: 34

Explored 0 nodes (169 simplex iterations) in 0.05 seconds
Thread count was 16 (of 16 available processors)

Optimal solution found (tolerance 1.00e-02)
Best objective -1.536200000000e+04, best bound -1.546700000000e+04, gap 0.6835%
Changed value of parameter MIPGap to 0.01
   Prev: 0.0001  Min: 0.0  Max: 1e+100  Default: 0.0001
Changed value of parameter TimeLimit to 1800.0
   Prev: 1e+100  Min: 0.0  Max: 1e+100  Default: 1e+100
Changed value of parameter Method to 2
   Prev: -1  Min: -1  Max: 4  Default: -1
Changed value of parameter MIPFocus to 1
   Prev: 0  Min: 0  Max: 3  Default: 0
Optimize a model with 2068 rows, 2952 columns and 5904 nonzeros
Coefficient statistics:
  Matrix range    [1e+00, 2e+01]
  Objective range [6e+00, 1e+02]
  Bounds range    [1e+00, 1e+00]
  RHS range       [8e+01, 8e+01]
Found heuristic solution: objective 0
Presolve removed 2014 rows and 2401 columns
Presolve time: 0.01s
Presolved: 54 rows, 551 columns, 974 nonzeros
Found heuristic solution: objective -17688.00000
Variable types: 0 continuous, 551 integer (455 binary)
Optimize a model with 54 rows, 551 columns and 974 nonzeros
Coefficient statistics:
  Matrix range    [1e+00, 2e+01]
  Objective range [6e+00, 1e+02]
  Bounds range    [1e+00, 1e+01]
  RHS range       [2e+01, 8e+01]
Presolved: 54 rows, 551 columns, 974 nonzeros

Root barrier log...

Ordering time: 0.00s

Barrier statistics:
 AA' NZ     : 4.080e+02
 Factor NZ  : 1.308e+03
 Factor Ops : 3.956e+04 (less than 1 second per iteration)
 Threads    : 1

                  Objective                Residual
Iter       Primal          Dual         Primal    Dual     Compl     Time
   0  -4.04838513e+04 -4.58096768e+04  1.81e+01 1.42e-14  9.77e+01     0s
   1  -1.85646952e+04 -3.23369672e+04  1.50e+00 9.84e+00  1.86e+01     0s
   2  -1.83527327e+04 -2.06666384e+04  7.32e-02 6.06e-01  2.19e+00     0s
   3  -1.91456670e+04 -1.94858749e+04  5.99e-03 3.79e-02  3.09e-01     0s
   4  -1.92757354e+04 -1.93535829e+04  9.06e-04 3.60e-03  6.97e-02     0s
   5  -1.92935933e+04 -1.93307625e+04  3.55e-04 3.56e-04  3.31e-02     0s
   6  -1.93005695e+04 -1.93137302e+04  1.76e-04 2.84e-14  1.19e-02     0s
   7  -1.93062194e+04 -1.93099769e+04  9.64e-06 2.84e-14  3.30e-03     0s
   8  -1.93072768e+04 -1.93078680e+04  1.23e-06 3.55e-14  5.19e-04     0s
   9  -1.93074758e+04 -1.93074779e+04  0.00e+00 3.55e-14  1.80e-06     0s
  10  -1.93074767e+04 -1.93074767e+04  0.00e+00 2.84e-14  2.10e-12     0s

Barrier solved model in 10 iterations and 0.01 seconds
Optimal objective -1.93074767e+04


Root relaxation: objective -1.930748e+04, 47 iterations, 0.00 seconds

    Nodes    |    Current Node    |     Objective Bounds      |     Work
 Expl Unexpl |  Obj  Depth IntInf | Incumbent    BestBd   Gap | It/Node Time

     0     0 -19307.477    0   37 -17688.000 -19307.477  9.16%     -    0s
H    0     0                    -18899.00000 -19307.477  2.16%     -    0s
H    0     0                    -18983.00000 -19307.477  1.71%     -    0s
H    0     0                    -19003.00000 -19307.477  1.60%     -    0s
     0     0 -19177.677    0   54 -19003.000 -19177.677  0.92%     -    0s

Cutting planes:
  Gomory: 1
  Cover: 3
  MIR: 34

Explored 0 nodes (181 simplex iterations) in 0.05 seconds
Thread count was 16 (of 16 available processors)

Optimal solution found (tolerance 1.00e-02)
Best objective -1.900300000000e+04, best bound -1.917700000000e+04, gap 0.9156%
Changed value of parameter MIPGap to 0.01
   Prev: 0.0001  Min: 0.0  Max: 1e+100  Default: 0.0001
Changed value of parameter TimeLimit to 1800.0
   Prev: 1e+100  Min: 0.0  Max: 1e+100  Default: 1e+100
Changed value of parameter Method to 2
   Prev: -1  Min: -1  Max: 4  Default: -1
Changed value of parameter MIPFocus to 1
   Prev: 0  Min: 0  Max: 3  Default: 0
Optimize a model with 2068 rows, 2952 columns and 5904 nonzeros
Coefficient statistics:
  Matrix range    [1e+00, 2e+01]
  Objective range [1e+01, 2e+02]
  Bounds range    [1e+00, 1e+00]
  RHS range       [8e+01, 8e+01]
Found heuristic solution: objective 0
Presolve removed 2014 rows and 2401 columns
Presolve time: 0.01s
Presolved: 54 rows, 551 columns, 974 nonzeros
Found heuristic solution: objective -34627.00000
Variable types: 0 continuous, 551 integer (455 binary)
Optimize a model with 54 rows, 551 columns and 974 nonzeros
Coefficient statistics:
  Matrix range    [1e+00, 2e+01]
  Objective range [1e+01, 2e+02]
  Bounds range    [1e+00, 1e+01]
  RHS range       [2e+01, 8e+01]
Presolved: 54 rows, 551 columns, 974 nonzeros

Root barrier log...

Ordering time: 0.00s

Barrier statistics:
 AA' NZ     : 4.080e+02
 Factor NZ  : 1.308e+03
 Factor Ops : 3.956e+04 (less than 1 second per iteration)
 Threads    : 1

                  Objective                Residual
Iter       Primal          Dual         Primal    Dual     Compl     Time
   0  -7.84029852e+04 -9.08486087e+04  1.81e+01 2.84e-14  1.95e+02     0s
   1  -3.63984253e+04 -6.41205565e+04  1.51e+00 2.02e+01  3.74e+01     0s
   2  -3.60936632e+04 -4.07843706e+04  7.40e-02 1.28e+00  4.43e+00     0s
   3  -3.77511748e+04 -3.83708428e+04  4.31e-03 6.93e-02  5.57e-01     0s
   4  -3.79822424e+04 -3.80927324e+04  6.34e-04 5.41e-03  9.89e-02     0s
   5  -3.80029447e+04 -3.80612382e+04  3.77e-04 7.86e-04  5.24e-02     0s
   6  -3.80228333e+04 -3.80414750e+04  1.47e-04 8.53e-14  1.69e-02     0s
   7  -3.80300732e+04 -3.80372355e+04  5.24e-05 8.53e-14  6.50e-03     0s
   8  -3.80342854e+04 -3.80353267e+04  6.66e-06 5.68e-14  9.47e-04     0s
   9  -3.80351552e+04 -3.80351589e+04  0.00e+00 5.68e-14  3.28e-06     0s
  10  -3.80351569e+04 -3.80351569e+04  2.64e-12 7.11e-14  9.42e-12     0s

Barrier solved model in 10 iterations and 0.01 seconds
Optimal objective -3.80351569e+04


Root relaxation: objective -3.803516e+04, 63 iterations, 0.00 seconds

    Nodes    |    Current Node    |     Objective Bounds      |     Work
 Expl Unexpl |  Obj  Depth IntInf | Incumbent    BestBd   Gap | It/Node Time

     0     0 -38035.157    0   34 -34627.000 -38035.157  9.84%     -    0s
H    0     0                    -37121.00000 -38035.157  2.46%     -    0s
H    0     0                    -37348.00000 -38035.157  1.84%     -    0s
     0     0 -37722.256    0   34 -37348.000 -37722.256  1.00%     -    0s
H    0     0                    -37482.00000 -37722.256  0.64%     -    0s

Cutting planes:
  Cover: 4
  MIR: 26

Explored 0 nodes (163 simplex iterations) in 0.05 seconds
Thread count was 16 (of 16 available processors)

Optimal solution found (tolerance 1.00e-02)
Best objective -3.748200000000e+04, best bound -3.772200000000e+04, gap 0.6403%
Changed value of parameter MIPGap to 0.01
   Prev: 0.0001  Min: 0.0  Max: 1e+100  Default: 0.0001
Changed value of parameter TimeLimit to 1800.0
   Prev: 1e+100  Min: 0.0  Max: 1e+100  Default: 1e+100
Changed value of parameter Method to 2
   Prev: -1  Min: -1  Max: 4  Default: -1
Changed value of parameter MIPFocus to 1
   Prev: 0  Min: 0  Max: 3  Default: 0
Optimize a model with 2068 rows, 2952 columns and 5904 nonzeros
Coefficient statistics:
  Matrix range    [1e+00, 2e+01]
  Objective range [2e+01, 4e+02]
  Bounds range    [1e+00, 1e+00]
  RHS range       [8e+01, 8e+01]
Found heuristic solution: objective 0
Presolve removed 2014 rows and 2401 columns
Presolve time: 0.01s
Presolved: 54 rows, 551 columns, 974 nonzeros
Found heuristic solution: objective -68567.00000
Variable types: 0 continuous, 551 integer (455 binary)
Optimize a model with 54 rows, 551 columns and 974 nonzeros
Coefficient statistics:
  Matrix range    [1e+00, 2e+01]
  Objective range [2e+01, 4e+02]
  Bounds range    [1e+00, 1e+01]
  RHS range       [2e+01, 8e+01]
Presolved: 54 rows, 551 columns, 974 nonzeros

Root barrier log...

Ordering time: 0.00s

Barrier statistics:
 AA' NZ     : 4.080e+02
 Factor NZ  : 1.308e+03
 Factor Ops : 3.956e+04 (less than 1 second per iteration)
 Threads    : 1

                  Objective                Residual
Iter       Primal          Dual         Primal    Dual     Compl     Time
   0  -1.54240822e+05 -1.80926473e+05  1.81e+01 5.68e-14  3.90e+02     0s
   1  -7.20704957e+04 -1.27688777e+05  1.52e+00 4.08e+01  7.50e+01     0s
   2  -7.15856909e+04 -8.10244023e+04  7.42e-02 2.62e+00  8.90e+00     0s
   3  -7.48920215e+04 -7.61542181e+04  4.15e-03 1.58e-01  1.13e+00     0s
   4  -7.53868730e+04 -7.55975988e+04  5.59e-04 1.11e-02  1.88e-01     0s
   5  -7.54387306e+04 -7.55475472e+04  2.91e-04 3.04e-03  9.71e-02     0s
   6  -7.54755238e+04 -7.55138081e+04  1.07e-04 1.71e-13  3.42e-02     0s
   7  -7.54882983e+04 -7.54999821e+04  3.99e-05 1.99e-13  1.05e-02     0s
   8  -7.54945784e+04 -7.54970173e+04  7.61e-06 1.99e-13  2.20e-03     0s
   9  -7.54966218e+04 -7.54966258e+04  0.00e+00 1.99e-13  3.52e-06     0s
  10  -7.54966241e+04 -7.54966241e+04  3.85e-14 1.99e-13  3.76e-12     0s

Barrier solved model in 10 iterations and 0.01 seconds
Optimal objective -7.54966241e+04


Root relaxation: objective -7.549662e+04, 62 iterations, 0.00 seconds

    Nodes    |    Current Node    |     Objective Bounds      |     Work
 Expl Unexpl |  Obj  Depth IntInf | Incumbent    BestBd   Gap | It/Node Time

     0     0 -75496.624    0   34 -68567.000 -75496.624  10.1%     -    0s
H    0     0                    -73697.00000 -75496.624  2.44%     -    0s
H    0     0                    -74026.00000 -75496.624  1.99%     -    0s
H    0     0                    -74063.00000 -75496.624  1.94%     -    0s
H    0     0                    -74168.00000 -75496.624  1.79%     -    0s
     0     0 -74841.425    0   36 -74168.000 -74841.425  0.91%     -    0s

Cutting planes:
  Gomory: 1
  Cover: 4
  MIR: 33

Explored 0 nodes (163 simplex iterations) in 0.04 seconds
Thread count was 16 (of 16 available processors)

Optimal solution found (tolerance 1.00e-02)
Best objective -7.416800000000e+04, best bound -7.484100000000e+04, gap 0.9074%
Changed value of parameter MIPGap to 0.01
   Prev: 0.0001  Min: 0.0  Max: 1e+100  Default: 0.0001
Changed value of parameter TimeLimit to 1800.0
   Prev: 1e+100  Min: 0.0  Max: 1e+100  Default: 1e+100
Changed value of parameter Method to 2
   Prev: -1  Min: -1  Max: 4  Default: -1
Changed value of parameter MIPFocus to 1
   Prev: 0  Min: 0  Max: 3  Default: 0
Optimize a model with 2068 rows, 2952 columns and 5904 nonzeros
Coefficient statistics:
  Matrix range    [1e+00, 2e+01]
  Objective range [5e+01, 1e+03]
  Bounds range    [1e+00, 1e+00]
  RHS range       [8e+01, 8e+01]
Found heuristic solution: objective 0
Presolve removed 2014 rows and 2401 columns
Presolve time: 0.01s
Presolved: 54 rows, 551 columns, 974 nonzeros
Found heuristic solution: objective -170387.0000
Variable types: 0 continuous, 551 integer (455 binary)
Optimize a model with 54 rows, 551 columns and 974 nonzeros
Coefficient statistics:
  Matrix range    [1e+00, 2e+01]
  Objective range [5e+01, 1e+03]
  Bounds range    [1e+00, 1e+01]
  RHS range       [2e+01, 8e+01]
Presolved: 54 rows, 551 columns, 974 nonzeros

Root barrier log...

Ordering time: 0.00s

Barrier statistics:
 AA' NZ     : 4.080e+02
 Factor NZ  : 1.308e+03
 Factor Ops : 3.956e+04 (less than 1 second per iteration)
 Threads    : 1

                  Objective                Residual
Iter       Primal          Dual         Primal    Dual     Compl     Time
   0  -3.81753984e+05 -4.51160064e+05  1.81e+01 1.14e-13  9.76e+02     0s
   1  -1.79090133e+05 -3.18394061e+05  1.52e+00 1.03e+02  1.88e+02     0s
   2  -1.78070006e+05 -2.01740168e+05  7.43e-02 6.63e+00  2.23e+01     0s
   3  -1.86361004e+05 -1.89524727e+05  4.31e-03 4.16e-01  2.83e+00     0s
   4  -1.87623821e+05 -1.88152673e+05  5.15e-04 2.70e-02  4.70e-01     0s
   5  -1.87777585e+05 -1.88013473e+05  2.00e-04 7.43e-03  2.09e-01     0s
   6  -1.87837506e+05 -1.87921501e+05  8.13e-05 2.84e-13  7.48e-02     0s
   7  -1.87864028e+05 -1.87890921e+05  2.75e-05 3.41e-13  2.41e-02     0s
   8  -1.87876144e+05 -1.87881755e+05  6.46e-06 3.41e-13  5.06e-03     0s
   9  -1.87881013e+05 -1.87881047e+05  0.00e+00 3.98e-13  2.89e-05     0s
  10  -1.87881026e+05 -1.87881026e+05  3.30e-13 3.41e-13  3.93e-09     0s

Barrier solved model in 10 iterations and 0.01 seconds
Optimal objective -1.87881026e+05


Root relaxation: objective -1.878810e+05, 62 iterations, 0.00 seconds

    Nodes    |    Current Node    |     Objective Bounds      |     Work
 Expl Unexpl |  Obj  Depth IntInf | Incumbent    BestBd   Gap | It/Node Time

     0     0 -187881.03    0   33 -170387.00 -187881.03  10.3%     -    0s
H    0     0                    -183373.0000 -187881.03  2.46%     -    0s
H    0     0                    -183968.0000 -187881.03  2.13%     -    0s
H    0     0                    -184172.0000 -187881.03  2.01%     -    0s
H    0     0                    -184464.0000 -187881.03  1.85%     -    0s
     0     0 -186208.07    0   42 -184464.00 -186208.07  0.95%     -    0s

Cutting planes:
  Gomory: 1
  Cover: 4
  MIR: 30

Explored 0 nodes (154 simplex iterations) in 0.04 seconds
Thread count was 16 (of 16 available processors)

Optimal solution found (tolerance 1.00e-02)
Best objective -1.844640000000e+05, best bound -1.862080000000e+05, gap 0.9454%
Changed value of parameter MIPGap to 0.01
   Prev: 0.0001  Min: 0.0  Max: 1e+100  Default: 0.0001
Changed value of parameter TimeLimit to 1800.0
   Prev: 1e+100  Min: 0.0  Max: 1e+100  Default: 1e+100
Changed value of parameter Method to 2
   Prev: -1  Min: -1  Max: 4  Default: -1
Changed value of parameter MIPFocus to 1
   Prev: 0  Min: 0  Max: 3  Default: 0
Optimize a model with 2068 rows, 2952 columns and 5904 nonzeros
Coefficient statistics:
  Matrix range    [1e+00, 2e+01]
  Objective range [5e+02, 1e+04]
  Bounds range    [1e+00, 1e+00]
  RHS range       [8e+01, 8e+01]
Found heuristic solution: objective 0
Presolve removed 2014 rows and 2401 columns
Presolve time: 0.01s
Presolved: 54 rows, 551 columns, 974 nonzeros
Found heuristic solution: objective -1697687.000
Variable types: 0 continuous, 551 integer (455 binary)
Optimize a model with 54 rows, 551 columns and 974 nonzeros
Coefficient statistics:
  Matrix range    [1e+00, 2e+01]
  Objective range [5e+02, 1e+04]
  Bounds range    [1e+00, 1e+01]
  RHS range       [2e+01, 8e+01]
Presolved: 54 rows, 551 columns, 974 nonzeros

Root barrier log...

Ordering time: 0.00s

Barrier statistics:
 AA' NZ     : 4.080e+02
 Factor NZ  : 1.308e+03
 Factor Ops : 3.956e+04 (less than 1 second per iteration)
 Threads    : 1

                  Objective                Residual
Iter       Primal          Dual         Primal    Dual     Compl     Time
   0  -3.79445017e+06 -4.50466393e+06  1.81e+01 1.82e-12  9.76e+03     0s
   1  -1.78439686e+06 -3.17897571e+06  1.52e+00 1.03e+03  1.88e+03     0s
   2  -1.77536522e+06 -2.01246220e+06  7.43e-02 6.67e+01  2.23e+02     0s
   3  -1.85847728e+06 -1.89009437e+06  4.36e-03 4.27e+00  2.83e+01     0s
   4  -1.87120079e+06 -1.87665315e+06  4.70e-04 3.77e-01  4.83e+00     0s
   5  -1.87299725e+06 -1.87503832e+06  1.10e-04 9.24e-02  1.79e+00     0s
   6  -1.87342963e+06 -1.87403551e+06  3.45e-05 2.73e-12  5.34e-01     0s
   7  -1.87354934e+06 -1.87373820e+06  1.39e-05 4.09e-12  1.68e-01     0s
   8  -1.87361197e+06 -1.87367766e+06  4.59e-06 3.64e-12  5.83e-02     0s
   9  -1.87364484e+06 -1.87365925e+06  0.00e+00 2.73e-12  1.25e-02     0s
  10  -1.87364653e+06 -1.87365159e+06  0.00e+00 3.64e-12  4.39e-03     0s
  11  -1.87364704e+06 -1.87364706e+06  0.00e+00 3.64e-12  1.89e-05     0s
  12  -1.87364705e+06 -1.87364705e+06  0.00e+00 3.64e-12  1.89e-08     0s
  13  -1.87364705e+06 -1.87364705e+06  3.95e-15 3.64e-12  1.89e-11     0s

Barrier solved model in 13 iterations and 0.01 seconds
Optimal objective -1.87364705e+06


Root relaxation: objective -1.873647e+06, 62 iterations, 0.01 seconds

    Nodes    |    Current Node    |     Objective Bounds      |     Work
 Expl Unexpl |  Obj  Depth IntInf | Incumbent    BestBd   Gap | It/Node Time

     0     0 -1873647.1    0   32 -1697687.0 -1873647.1  10.4%     -    0s
H    0     0                    -1832622.000 -1873647.1  2.24%     -    0s
H    0     0                    -1839123.000 -1873647.1  1.88%     -    0s
H    0     0                    -1839607.000 -1873647.1  1.85%     -    0s
H    0     0                    -1841103.000 -1873647.1  1.77%     -    0s
     0     0 -1856566.3    0   47 -1841103.0 -1856566.3  0.84%     -    0s

Cutting planes:
  Cover: 3
  MIR: 31

Explored 0 nodes (153 simplex iterations) in 0.05 seconds
Thread count was 16 (of 16 available processors)

Optimal solution found (tolerance 1.00e-02)
Best objective -1.841103000000e+06, best bound -1.856566000000e+06, gap 0.8399%
