Changed value of parameter MIPGap to 0.01
   Prev: 0.0001  Min: 0.0  Max: 1e+100  Default: 0.0001
Changed value of parameter TimeLimit to 1800.0
   Prev: 1e+100  Min: 0.0  Max: 1e+100  Default: 1e+100
Changed value of parameter Method to 2
   Prev: -1  Min: -1  Max: 4  Default: -1
Changed value of parameter MIPFocus to 1
   Prev: 0  Min: 0  Max: 3  Default: 0
Optimize a model with 2208 rows, 3162 columns and 6324 nonzeros
Coefficient statistics:
  Matrix range    [1e+00, 2e+01]
  Objective range [1e+00, 1e+00]
  Bounds range    [1e+00, 1e+00]
  RHS range       [8e+01, 8e+01]
Found heuristic solution: objective 0
Presolve removed 2144 rows and 2405 columns
Presolve time: 0.01s
Presolved: 64 rows, 757 columns, 1332 nonzeros
Found heuristic solution: objective -810.0000000
Variable types: 0 continuous, 757 integer (647 binary)
Optimize a model with 64 rows, 757 columns and 1332 nonzeros
Coefficient statistics:
  Matrix range    [1e+00, 2e+01]
  Objective range [1e+00, 1e+00]
  Bounds range    [1e+00, 8e+00]
  RHS range       [2e+01, 8e+01]
Presolved: 64 rows, 757 columns, 1332 nonzeros

Root barrier log...

Ordering time: 0.00s

Barrier statistics:
 AA' NZ     : 5.480e+02
 Factor NZ  : 1.836e+03
 Factor Ops : 7.110e+04 (less than 1 second per iteration)
 Threads    : 1

                  Objective                Residual
Iter       Primal          Dual         Primal    Dual     Compl     Time
   0  -2.35558076e+03 -3.33080082e+03  1.35e+01 8.88e-16  5.13e+00     0s
   1  -9.04425138e+02 -2.08941886e+03  9.30e-01 9.04e-01  1.04e+00     0s
   2  -8.50635573e+02 -1.06012773e+03  0.00e+00 9.43e-02  1.35e-01     0s
   3  -9.23205972e+02 -9.56643247e+02  0.00e+00 6.31e-03  2.13e-02     0s
   4  -9.35543052e+02 -9.42974422e+02  0.00e+00 9.63e-04  4.72e-03     0s
   5  -9.37463344e+02 -9.40158566e+02  0.00e+00 3.53e-04  1.71e-03     0s
   6  -9.37989078e+02 -9.38584483e+02  0.00e+00 3.96e-05  3.78e-04     0s
   7  -9.38112459e+02 -9.38313109e+02  0.00e+00 9.67e-06  1.27e-04     0s
   8  -9.38158151e+02 -9.38170492e+02  0.00e+00 4.27e-07  7.84e-06     0s
   9  -9.38160791e+02 -9.38161000e+02  0.00e+00 2.11e-08  1.33e-07     0s
  10  -9.38160842e+02 -9.38160842e+02  0.00e+00 1.51e-12  7.88e-12     0s

Barrier solved model in 10 iterations and 0.02 seconds
Optimal objective -9.38160842e+02


Root relaxation: objective -9.381608e+02, 61 iterations, 0.01 seconds

    Nodes    |    Current Node    |     Objective Bounds      |     Work
 Expl Unexpl |  Obj  Depth IntInf | Incumbent    BestBd   Gap | It/Node Time

     0     0 -938.16084    0   47 -810.00000 -938.16084  15.8%     -    0s
H    0     0                    -918.0000000 -938.16084  2.20%     -    0s
H    0     0                    -920.0000000 -938.16084  1.97%     -    0s
H    0     0                    -923.0000000 -938.16084  1.64%     -    0s
     0     0 -929.67671    0   58 -923.00000 -929.67671  0.72%     -    0s

Cutting planes:
  Gomory: 4
  Cover: 1
  MIR: 47

Explored 0 nodes (201 simplex iterations) in 0.05 seconds
Thread count was 16 (of 16 available processors)

Optimal solution found (tolerance 1.00e-02)
Best objective -9.230000000000e+02, best bound -9.290000000000e+02, gap 0.6501%
Changed value of parameter MIPGap to 0.01
   Prev: 0.0001  Min: 0.0  Max: 1e+100  Default: 0.0001
Changed value of parameter TimeLimit to 1800.0
   Prev: 1e+100  Min: 0.0  Max: 1e+100  Default: 1e+100
Changed value of parameter Method to 2
   Prev: -1  Min: -1  Max: 4  Default: -1
Changed value of parameter MIPFocus to 1
   Prev: 0  Min: 0  Max: 3  Default: 0
Optimize a model with 2208 rows, 3162 columns and 6324 nonzeros
Coefficient statistics:
  Matrix range    [1e+00, 2e+01]
  Objective range [1e+00, 1e+00]
  Bounds range    [1e+00, 1e+00]
  RHS range       [8e+01, 8e+01]
Found heuristic solution: objective 0
Presolve removed 2144 rows and 2398 columns
Presolve time: 0.01s
Presolved: 64 rows, 764 columns, 1339 nonzeros
Found heuristic solution: objective -803.7185000
Variable types: 0 continuous, 764 integer (651 binary)
Optimize a model with 64 rows, 764 columns and 1339 nonzeros
Coefficient statistics:
  Matrix range    [1e+00, 2e+01]
  Objective range [1e+00, 1e+00]
  Bounds range    [1e+00, 8e+00]
  RHS range       [1e+01, 8e+01]
Presolved: 64 rows, 764 columns, 1339 nonzeros

Root barrier log...

Ordering time: 0.00s

Barrier statistics:
 AA' NZ     : 5.480e+02
 Factor NZ  : 1.839e+03
 Factor Ops : 7.119e+04 (less than 1 second per iteration)
 Threads    : 1

                  Objective                Residual
Iter       Primal          Dual         Primal    Dual     Compl     Time
   0  -2.37222924e+03 -3.34888313e+03  1.35e+01 1.78e-15  5.11e+00     0s
   1  -9.06496776e+02 -2.09717521e+03  9.27e-01 9.24e-01  1.03e+00     0s
   2  -8.51721761e+02 -1.06365176e+03  0.00e+00 9.54e-02  1.35e-01     0s
   3  -9.24599082e+02 -9.57966307e+02  0.00e+00 6.29e-03  2.11e-02     0s
   4  -9.36861445e+02 -9.44243804e+02  0.00e+00 8.52e-04  4.65e-03     0s
   5  -9.38831848e+02 -9.41473676e+02  0.00e+00 2.87e-04  1.66e-03     0s
   6  -9.39489801e+02 -9.40266772e+02  0.00e+00 6.90e-05  4.89e-04     0s
   7  -9.39622278e+02 -9.39804559e+02  0.00e+00 1.83e-06  1.15e-04     0s
   8  -9.39662524e+02 -9.39667689e+02  0.00e+00 1.78e-15  3.25e-06     0s
   9  -9.39663136e+02 -9.39663141e+02  0.00e+00 3.55e-15  3.25e-09     0s

Barrier solved model in 9 iterations and 0.02 seconds
Optimal objective -9.39663136e+02


Root relaxation: objective -9.396631e+02, 62 iterations, 0.01 seconds

    Nodes    |    Current Node    |     Objective Bounds      |     Work
 Expl Unexpl |  Obj  Depth IntInf | Incumbent    BestBd   Gap | It/Node Time

     0     0 -939.66314    0   47 -803.71850 -939.66314  16.9%     -    0s
H    0     0                    -921.4240000 -939.66314  1.98%     -    0s
     0     0 -931.19494    0   57 -921.42400 -931.19494  1.06%     -    0s
H    0     0                    -922.4810000 -931.19494  0.94%     -    0s

Cutting planes:
  Gomory: 4
  Cover: 1
  MIR: 46

Explored 0 nodes (186 simplex iterations) in 0.06 seconds
Thread count was 16 (of 16 available processors)

Optimal solution found (tolerance 1.00e-02)
Best objective -9.224810000000e+02, best bound -9.311949352840e+02, gap 0.9446%
Changed value of parameter MIPGap to 0.01
   Prev: 0.0001  Min: 0.0  Max: 1e+100  Default: 0.0001
Changed value of parameter TimeLimit to 1800.0
   Prev: 1e+100  Min: 0.0  Max: 1e+100  Default: 1e+100
Changed value of parameter Method to 2
   Prev: -1  Min: -1  Max: 4  Default: -1
Changed value of parameter MIPFocus to 1
   Prev: 0  Min: 0  Max: 3  Default: 0
Optimize a model with 2208 rows, 3162 columns and 6324 nonzeros
Coefficient statistics:
  Matrix range    [1e+00, 2e+01]
  Objective range [1e+00, 1e+00]
  Bounds range    [1e+00, 1e+00]
  RHS range       [8e+01, 8e+01]
Found heuristic solution: objective 0
Presolve removed 2144 rows and 2398 columns
Presolve time: 0.01s
Presolved: 64 rows, 764 columns, 1339 nonzeros
Found heuristic solution: objective -805.4370000
Variable types: 0 continuous, 764 integer (651 binary)
Optimize a model with 64 rows, 764 columns and 1339 nonzeros
Coefficient statistics:
  Matrix range    [1e+00, 2e+01]
  Objective range [1e+00, 1e+00]
  Bounds range    [1e+00, 8e+00]
  RHS range       [1e+01, 8e+01]
Presolved: 64 rows, 764 columns, 1339 nonzeros

Root barrier log...

Ordering time: 0.00s

Barrier statistics:
 AA' NZ     : 5.480e+02
 Factor NZ  : 1.839e+03
 Factor Ops : 7.119e+04 (less than 1 second per iteration)
 Threads    : 1

                  Objective                Residual
Iter       Primal          Dual         Primal    Dual     Compl     Time
   0  -2.37580234e+03 -3.35051885e+03  1.35e+01 1.33e-15  5.11e+00     0s
   1  -9.08444825e+02 -2.09902037e+03  9.30e-01 9.23e-01  1.03e+00     0s
   2  -8.53137148e+02 -1.06533682e+03  0.00e+00 9.52e-02  1.36e-01     0s
   3  -9.26148148e+02 -9.59333624e+02  0.00e+00 5.92e-03  2.10e-02     0s
   4  -9.38344058e+02 -9.45529775e+02  0.00e+00 7.53e-04  4.53e-03     0s
   5  -9.40330712e+02 -9.42857815e+02  0.00e+00 2.39e-04  1.59e-03     0s
   6  -9.40968100e+02 -9.41745370e+02  0.00e+00 5.00e-05  4.90e-04     0s
   7  -9.41078829e+02 -9.41283714e+02  0.00e+00 3.55e-15  1.29e-04     0s
   8  -9.41164181e+02 -9.41171089e+02  0.00e+00 1.78e-15  4.35e-06     0s
   9  -9.41165430e+02 -9.41165436e+02  0.00e+00 3.55e-15  4.35e-09     0s

Barrier solved model in 9 iterations and 0.02 seconds
Optimal objective -9.41165430e+02


Root relaxation: objective -9.411654e+02, 62 iterations, 0.01 seconds

    Nodes    |    Current Node    |     Objective Bounds      |     Work
 Expl Unexpl |  Obj  Depth IntInf | Incumbent    BestBd   Gap | It/Node Time

     0     0 -941.16543    0   46 -805.43700 -941.16543  16.9%     -    0s
H    0     0                    -922.8600000 -941.16543  1.98%     -    0s
H    0     0                    -922.8920000 -941.16543  1.98%     -    0s
     0     0 -932.73753    0   59 -922.89200 -932.73753  1.07%     -    0s
H    0     0                    -926.9140000 -932.73753  0.63%     -    0s

Cutting planes:
  Gomory: 2
  Cover: 1
  MIR: 47

Explored 0 nodes (202 simplex iterations) in 0.06 seconds
Thread count was 16 (of 16 available processors)

Optimal solution found (tolerance 1.00e-02)
Best objective -9.269140000000e+02, best bound -9.327375334043e+02, gap 0.6283%
Changed value of parameter MIPGap to 0.01
   Prev: 0.0001  Min: 0.0  Max: 1e+100  Default: 0.0001
Changed value of parameter TimeLimit to 1800.0
   Prev: 1e+100  Min: 0.0  Max: 1e+100  Default: 1e+100
Changed value of parameter Method to 2
   Prev: -1  Min: -1  Max: 4  Default: -1
Changed value of parameter MIPFocus to 1
   Prev: 0  Min: 0  Max: 3  Default: 0
Optimize a model with 2208 rows, 3162 columns and 6324 nonzeros
Coefficient statistics:
  Matrix range    [1e+00, 2e+01]
  Objective range [1e+00, 1e+00]
  Bounds range    [1e+00, 1e+00]
  RHS range       [8e+01, 8e+01]
Found heuristic solution: objective 0
Presolve removed 2144 rows and 2398 columns
Presolve time: 0.01s
Presolved: 64 rows, 764 columns, 1339 nonzeros
Found heuristic solution: objective -808.8740000
Variable types: 0 continuous, 764 integer (651 binary)
Optimize a model with 64 rows, 764 columns and 1339 nonzeros
Coefficient statistics:
  Matrix range    [1e+00, 2e+01]
  Objective range [1e+00, 1e+00]
  Bounds range    [1e+00, 8e+00]
  RHS range       [1e+01, 8e+01]
Presolved: 64 rows, 764 columns, 1339 nonzeros

Root barrier log...

Ordering time: 0.00s

Barrier statistics:
 AA' NZ     : 5.480e+02
 Factor NZ  : 1.839e+03
 Factor Ops : 7.119e+04 (less than 1 second per iteration)
 Threads    : 1

                  Objective                Residual
Iter       Primal          Dual         Primal    Dual     Compl     Time
   0  -2.38294845e+03 -3.35379029e+03  1.35e+01 1.78e-15  5.11e+00     0s
   1  -9.11635755e+02 -2.10203773e+03  9.31e-01 9.22e-01  1.03e+00     0s
   2  -8.56067652e+02 -1.06858746e+03  0.00e+00 9.54e-02  1.36e-01     0s
   3  -9.29254838e+02 -9.62056815e+02  0.00e+00 5.66e-03  2.07e-02     0s
   4  -9.41319751e+02 -9.48041111e+02  0.00e+00 5.51e-04  4.23e-03     0s
   5  -9.43310310e+02 -9.45719507e+02  0.00e+00 1.65e-04  1.52e-03     0s
   6  -9.43868592e+02 -9.44801899e+02  0.00e+00 3.36e-05  5.88e-04     0s
   7  -9.44003569e+02 -9.44228301e+02  0.00e+00 1.78e-15  1.41e-04     0s
   8  -9.44147568e+02 -9.44171535e+02  0.00e+00 1.78e-15  1.51e-05     0s
   9  -9.44169997e+02 -9.44170021e+02  0.00e+00 3.55e-15  1.51e-08     0s
  10  -9.44170019e+02 -9.44170019e+02  0.00e+00 3.55e-15  1.56e-14     0s

Barrier solved model in 10 iterations and 0.02 seconds
Optimal objective -9.44170019e+02


Root relaxation: objective -9.441700e+02, 61 iterations, 0.01 seconds

    Nodes    |    Current Node    |     Objective Bounds      |     Work
 Expl Unexpl |  Obj  Depth IntInf | Incumbent    BestBd   Gap | It/Node Time

     0     0 -944.17002    0   47 -808.87400 -944.17002  16.7%     -    0s
H    0     0                    -925.6720000 -944.17002  2.00%     -    0s
H    0     0                    -925.7600000 -944.17002  1.99%     -    0s
H    0     0                    -928.7500000 -944.17002  1.66%     -    0s
     0     0 -935.75129    0   57 -928.75000 -935.75129  0.75%     -    0s

Cutting planes:
  Gomory: 4
  Cover: 1
  MIR: 49

Explored 0 nodes (203 simplex iterations) in 0.05 seconds
Thread count was 16 (of 16 available processors)

Optimal solution found (tolerance 1.00e-02)
Best objective -9.287500000000e+02, best bound -9.357512882174e+02, gap 0.7538%
Changed value of parameter MIPGap to 0.01
   Prev: 0.0001  Min: 0.0  Max: 1e+100  Default: 0.0001
Changed value of parameter TimeLimit to 1800.0
   Prev: 1e+100  Min: 0.0  Max: 1e+100  Default: 1e+100
Changed value of parameter Method to 2
   Prev: -1  Min: -1  Max: 4  Default: -1
Changed value of parameter MIPFocus to 1
   Prev: 0  Min: 0  Max: 3  Default: 0
Optimize a model with 2208 rows, 3162 columns and 6324 nonzeros
Coefficient statistics:
  Matrix range    [1e+00, 2e+01]
  Objective range [1e+00, 1e+00]
  Bounds range    [1e+00, 1e+00]
  RHS range       [8e+01, 8e+01]
Found heuristic solution: objective 0
Presolve removed 2144 rows and 2398 columns
Presolve time: 0.01s
Presolved: 64 rows, 764 columns, 1339 nonzeros
Found heuristic solution: objective -815.7480000
Variable types: 0 continuous, 764 integer (651 binary)
Optimize a model with 64 rows, 764 columns and 1339 nonzeros
Coefficient statistics:
  Matrix range    [1e+00, 2e+01]
  Objective range [1e+00, 1e+00]
  Bounds range    [1e+00, 8e+00]
  RHS range       [1e+01, 8e+01]
Presolved: 64 rows, 764 columns, 1339 nonzeros

Root barrier log...

Ordering time: 0.00s

Barrier statistics:
 AA' NZ     : 5.480e+02
 Factor NZ  : 1.839e+03
 Factor Ops : 7.119e+04 (less than 1 second per iteration)
 Threads    : 1

                  Objective                Residual
Iter       Primal          Dual         Primal    Dual     Compl     Time
   0  -2.39724041e+03 -3.36033318e+03  1.35e+01 8.88e-16  5.11e+00     0s
   1  -9.18023914e+02 -2.10807511e+03  9.32e-01 9.19e-01  1.03e+00     0s
   2  -8.61940451e+02 -1.07507711e+03  0.00e+00 9.57e-02  1.36e-01     0s
   3  -9.34007679e+02 -9.66859393e+02  0.00e+00 4.54e-03  2.07e-02     0s
   4  -9.46605579e+02 -9.53361736e+02  0.00e+00 1.05e-04  4.26e-03     0s
   5  -9.48795637e+02 -9.51957157e+02  0.00e+00 6.98e-06  1.99e-03     0s
   6  -9.49629137e+02 -9.50798532e+02  0.00e+00 1.78e-15  7.36e-04     0s
   7  -9.50103189e+02 -9.50312639e+02  0.00e+00 2.41e-05  1.32e-04     0s
   8  -9.50176530e+02 -9.50186704e+02  0.00e+00 3.55e-15  6.40e-06     0s
   9  -9.50179193e+02 -9.50179203e+02  0.00e+00 3.55e-15  6.55e-09     0s
  10  -9.50179196e+02 -9.50179196e+02  0.00e+00 3.55e-15  7.06e-15     0s

Barrier solved model in 10 iterations and 0.02 seconds
Optimal objective -9.50179196e+02


Root relaxation: objective -9.501792e+02, 61 iterations, 0.01 seconds

    Nodes    |    Current Node    |     Objective Bounds      |     Work
 Expl Unexpl |  Obj  Depth IntInf | Incumbent    BestBd   Gap | It/Node Time

     0     0 -950.17920    0   46 -815.74800 -950.17920  16.5%     -    0s
H    0     0                    -931.3920000 -950.17920  2.02%     -    0s
H    0     0                    -931.6160000 -950.17920  1.99%     -    0s
H    0     0                    -934.5480000 -950.17920  1.67%     -    0s
     0     0 -941.97559    0   56 -934.54800 -941.97559  0.79%     -    0s

Cutting planes:
  Gomory: 4
  Cover: 1
  MIR: 47

Explored 0 nodes (225 simplex iterations) in 0.05 seconds
Thread count was 16 (of 16 available processors)

Optimal solution found (tolerance 1.00e-02)
Best objective -9.345480000000e+02, best bound -9.419755943723e+02, gap 0.7948%
Changed value of parameter MIPGap to 0.01
   Prev: 0.0001  Min: 0.0  Max: 1e+100  Default: 0.0001
Changed value of parameter TimeLimit to 1800.0
   Prev: 1e+100  Min: 0.0  Max: 1e+100  Default: 1e+100
Changed value of parameter Method to 2
   Prev: -1  Min: -1  Max: 4  Default: -1
Changed value of parameter MIPFocus to 1
   Prev: 0  Min: 0  Max: 3  Default: 0
Optimize a model with 2208 rows, 3162 columns and 6324 nonzeros
Coefficient statistics:
  Matrix range    [1e+00, 2e+01]
  Objective range [1e+00, 1e+00]
  Bounds range    [1e+00, 1e+00]
  RHS range       [8e+01, 8e+01]
Found heuristic solution: objective 0
Presolve removed 2144 rows and 2398 columns
Presolve time: 0.01s
Presolved: 64 rows, 764 columns, 1339 nonzeros
Found heuristic solution: objective -819.1850000
Variable types: 0 continuous, 764 integer (651 binary)
Optimize a model with 64 rows, 764 columns and 1339 nonzeros
Coefficient statistics:
  Matrix range    [1e+00, 2e+01]
  Objective range [1e+00, 1e+00]
  Bounds range    [1e+00, 8e+00]
  RHS range       [1e+01, 8e+01]
Presolved: 64 rows, 764 columns, 1339 nonzeros

Root barrier log...

Ordering time: 0.00s

Barrier statistics:
 AA' NZ     : 5.480e+02
 Factor NZ  : 1.839e+03
 Factor Ops : 7.119e+04 (less than 1 second per iteration)
 Threads    : 1

                  Objective                Residual
Iter       Primal          Dual         Primal    Dual     Compl     Time
   0  -2.40438624e+03 -3.36360462e+03  1.35e+01 1.33e-15  5.11e+00     0s
   1  -9.21221186e+02 -2.11109511e+03  9.32e-01 9.17e-01  1.04e+00     0s
   2  -8.64882685e+02 -1.07831686e+03  0.00e+00 9.58e-02  1.36e-01     0s
   3  -9.37114454e+02 -9.69651008e+02  0.00e+00 4.33e-03  2.05e-02     0s
   4  -9.49667892e+02 -9.56521652e+02  0.00e+00 1.24e-04  4.32e-03     0s
   5  -9.52045336e+02 -9.55033996e+02  0.00e+00 1.15e-05  1.88e-03     0s
   6  -9.52713502e+02 -9.53793711e+02  0.00e+00 1.78e-15  6.80e-04     0s
   7  -9.53041273e+02 -9.53368263e+02  0.00e+00 3.55e-15  2.06e-04     0s
   8  -9.53150390e+02 -9.53207691e+02  0.00e+00 6.51e-07  3.61e-05     0s
   9  -9.53183373e+02 -9.53184132e+02  0.00e+00 3.55e-15  4.77e-07     0s
  10  -9.53183784e+02 -9.53183784e+02  0.00e+00 3.55e-15  4.65e-12     0s

Barrier solved model in 10 iterations and 0.02 seconds
Optimal objective -9.53183784e+02


Root relaxation: objective -9.531838e+02, 61 iterations, 0.01 seconds

    Nodes    |    Current Node    |     Objective Bounds      |     Work
 Expl Unexpl |  Obj  Depth IntInf | Incumbent    BestBd   Gap | It/Node Time

     0     0 -953.18378    0   47 -819.18500 -953.18378  16.4%     -    0s
H    0     0                    -934.2400000 -953.18378  2.03%     -    0s
     0     0 -944.94511    0   59 -934.24000 -944.94511  1.15%     -    0s
H    0     0                    -935.7850000 -944.94511  0.98%     -    0s

Cutting planes:
  Gomory: 4
  Cover: 1
  MIR: 44

Explored 0 nodes (214 simplex iterations) in 0.06 seconds
Thread count was 16 (of 16 available processors)

Optimal solution found (tolerance 1.00e-02)
Best objective -9.357850000000e+02, best bound -9.449450000000e+02, gap 0.9789%
Changed value of parameter MIPGap to 0.01
   Prev: 0.0001  Min: 0.0  Max: 1e+100  Default: 0.0001
Changed value of parameter TimeLimit to 1800.0
   Prev: 1e+100  Min: 0.0  Max: 1e+100  Default: 1e+100
Changed value of parameter Method to 2
   Prev: -1  Min: -1  Max: 4  Default: -1
Changed value of parameter MIPFocus to 1
   Prev: 0  Min: 0  Max: 3  Default: 0
Optimize a model with 2208 rows, 3162 columns and 6324 nonzeros
Coefficient statistics:
  Matrix range    [1e+00, 2e+01]
  Objective range [1e+00, 1e+00]
  Bounds range    [1e+00, 1e+00]
  RHS range       [8e+01, 8e+01]
Found heuristic solution: objective 0
Presolve removed 2144 rows and 2398 columns
Presolve time: 0.01s
Presolved: 64 rows, 764 columns, 1339 nonzeros
Found heuristic solution: objective -836.3700000
Variable types: 0 continuous, 764 integer (651 binary)
Optimize a model with 64 rows, 764 columns and 1339 nonzeros
Coefficient statistics:
  Matrix range    [1e+00, 2e+01]
  Objective range [1e+00, 1e+00]
  Bounds range    [1e+00, 8e+00]
  RHS range       [1e+01, 8e+01]
Presolved: 64 rows, 764 columns, 1339 nonzeros

Root barrier log...

Ordering time: 0.00s

Barrier statistics:
 AA' NZ     : 5.480e+02
 Factor NZ  : 1.839e+03
 Factor Ops : 7.119e+04 (less than 1 second per iteration)
 Threads    : 1

                  Objective                Residual
Iter       Primal          Dual         Primal    Dual     Compl     Time
   0  -2.44011401e+03 -3.37996184e+03  1.35e+01 1.78e-15  5.11e+00     0s
   1  -9.37239338e+02 -2.12620820e+03  9.35e-01 9.09e-01  1.04e+00     0s
   2  -8.79629708e+02 -1.09453528e+03  0.00e+00 9.65e-02  1.37e-01     0s
   3  -9.52743648e+02 -9.83429861e+02  0.00e+00 3.09e-03  1.94e-02     0s
   4  -9.65137854e+02 -9.71927657e+02  0.00e+00 6.25e-05  4.28e-03     0s
   5  -9.66992025e+02 -9.70109228e+02  0.00e+00 1.78e-15  1.96e-03     0s
   6  -9.67891060e+02 -9.68957468e+02  0.00e+00 1.78e-15  6.72e-04     0s
   7  -9.68398957e+02 -9.68642330e+02  0.00e+00 1.78e-15  1.53e-04     0s
   8  -9.68588701e+02 -9.68590502e+02  0.00e+00 3.55e-15  1.13e-06     0s
   9  -9.68589582e+02 -9.68589583e+02  0.00e+00 3.55e-15  1.13e-09     0s

Barrier solved model in 9 iterations and 0.02 seconds
Optimal objective -9.68589582e+02


Root relaxation: objective -9.685896e+02, 61 iterations, 0.01 seconds

    Nodes    |    Current Node    |     Objective Bounds      |     Work
 Expl Unexpl |  Obj  Depth IntInf | Incumbent    BestBd   Gap | It/Node Time

     0     0 -968.58958    0   48 -836.37000 -968.58958  15.8%     -    0s
H    0     0                    -951.4100000 -968.58958  1.81%     -    0s
H    0     0                    -951.4800000 -968.58958  1.80%     -    0s
     0     0 -959.46670    0   56 -951.48000 -959.46670  0.84%     -    0s

Cutting planes:
  Gomory: 4
  Cover: 1
  MIR: 48

Explored 0 nodes (218 simplex iterations) in 0.05 seconds
Thread count was 16 (of 16 available processors)

Optimal solution found (tolerance 1.00e-02)
Best objective -9.514800000000e+02, best bound -9.594600000000e+02, gap 0.8387%
Changed value of parameter MIPGap to 0.01
   Prev: 0.0001  Min: 0.0  Max: 1e+100  Default: 0.0001
Changed value of parameter TimeLimit to 1800.0
   Prev: 1e+100  Min: 0.0  Max: 1e+100  Default: 1e+100
Changed value of parameter Method to 2
   Prev: -1  Min: -1  Max: 4  Default: -1
Changed value of parameter MIPFocus to 1
   Prev: 0  Min: 0  Max: 3  Default: 0
Optimize a model with 2208 rows, 3162 columns and 6324 nonzeros
Coefficient statistics:
  Matrix range    [1e+00, 2e+01]
  Objective range [1e+00, 1e+00]
  Bounds range    [1e+00, 1e+00]
  RHS range       [8e+01, 8e+01]
Found heuristic solution: objective 0
Presolve removed 2144 rows and 2398 columns
Presolve time: 0.01s
Presolved: 64 rows, 764 columns, 1339 nonzeros
Found heuristic solution: objective -870.7400000
Variable types: 0 continuous, 764 integer (651 binary)
Optimize a model with 64 rows, 764 columns and 1339 nonzeros
Coefficient statistics:
  Matrix range    [1e+00, 2e+01]
  Objective range [1e+00, 1e+00]
  Bounds range    [1e+00, 8e+00]
  RHS range       [1e+01, 8e+01]
Presolved: 64 rows, 764 columns, 1339 nonzeros

Root barrier log...

Ordering time: 0.00s

Barrier statistics:
 AA' NZ     : 5.480e+02
 Factor NZ  : 1.839e+03
 Factor Ops : 7.119e+04 (less than 1 second per iteration)
 Threads    : 1

                  Objective                Residual
Iter       Primal          Dual         Primal    Dual     Compl     Time
   0  -2.51157032e+03 -3.41494627e+03  1.35e+01 1.33e-15  5.12e+00     0s
   1  -9.69241721e+02 -2.15769329e+03  9.39e-01 8.96e-01  1.04e+00     0s
   2  -9.09266845e+02 -1.12724704e+03  0.00e+00 9.78e-02  1.39e-01     0s
   3  -9.84456718e+02 -1.01380333e+03  0.00e+00 3.03e-03  1.85e-02     0s
   4  -9.96160045e+02 -1.00361966e+03  0.00e+00 3.89e-04  4.70e-03     0s
   5  -9.98311147e+02 -1.00139189e+03  0.00e+00 1.21e-06  1.94e-03     0s
   6  -9.99067125e+02 -9.99832282e+02  0.00e+00 3.55e-15  4.82e-04     0s
   7  -9.99635991e+02 -9.99678431e+02  0.00e+00 3.55e-15  2.67e-05     0s
   8  -9.99656415e+02 -9.99656422e+02  0.00e+00 3.55e-15  4.73e-09     0s

Barrier solved model in 8 iterations and 0.02 seconds
Optimal objective -9.99656415e+02


Root relaxation: objective -9.996564e+02, 61 iterations, 0.01 seconds

    Nodes    |    Current Node    |     Objective Bounds      |     Work
 Expl Unexpl |  Obj  Depth IntInf | Incumbent    BestBd   Gap | It/Node Time

     0     0 -999.65642    0   49 -870.74000 -999.65642  14.8%     -    0s
H    0     0                    -979.4600000 -999.65642  2.06%     -    0s
H    0     0                    -980.6600000 -999.65642  1.94%     -    0s
     0     0 -990.96796    0   56 -980.66000 -990.96796  1.05%     -    0s
H    0     0                    -982.7600000 -990.96796  0.84%     -    0s

Cutting planes:
  Gomory: 3
  Cover: 1
  MIR: 43

Explored 0 nodes (206 simplex iterations) in 0.06 seconds
Thread count was 16 (of 16 available processors)

Optimal solution found (tolerance 1.00e-02)
Best objective -9.827600000000e+02, best bound -9.909600000000e+02, gap 0.8344%
Changed value of parameter MIPGap to 0.01
   Prev: 0.0001  Min: 0.0  Max: 1e+100  Default: 0.0001
Changed value of parameter TimeLimit to 1800.0
   Prev: 1e+100  Min: 0.0  Max: 1e+100  Default: 1e+100
Changed value of parameter Method to 2
   Prev: -1  Min: -1  Max: 4  Default: -1
Changed value of parameter MIPFocus to 1
   Prev: 0  Min: 0  Max: 3  Default: 0
Optimize a model with 2208 rows, 3162 columns and 6324 nonzeros
Coefficient statistics:
  Matrix range    [1e+00, 2e+01]
  Objective range [1e+00, 2e+00]
  Bounds range    [1e+00, 1e+00]
  RHS range       [8e+01, 8e+01]
Found heuristic solution: objective 0
Presolve removed 2144 rows and 2398 columns
Presolve time: 0.01s
Presolved: 64 rows, 764 columns, 1339 nonzeros
Found heuristic solution: objective -939.4800000
Variable types: 0 continuous, 764 integer (651 binary)
Optimize a model with 64 rows, 764 columns and 1339 nonzeros
Coefficient statistics:
  Matrix range    [1e+00, 2e+01]
  Objective range [1e+00, 2e+00]
  Bounds range    [1e+00, 8e+00]
  RHS range       [1e+01, 8e+01]
Presolved: 64 rows, 764 columns, 1339 nonzeros

Root barrier log...

Ordering time: 0.00s

Barrier statistics:
 AA' NZ     : 5.480e+02
 Factor NZ  : 1.839e+03
 Factor Ops : 7.119e+04 (less than 1 second per iteration)
 Threads    : 1

                  Objective                Residual
Iter       Primal          Dual         Primal    Dual     Compl     Time
   0  -2.65446708e+03 -3.48760486e+03  1.35e+01 1.33e-15  5.14e+00     0s
   1  -1.03363687e+03 -2.22235074e+03  9.46e-01 8.90e-01  1.04e+00     0s
   2  -9.69531578e+02 -1.19263700e+03  0.00e+00 9.95e-02  1.42e-01     0s
   3  -1.05053835e+03 -1.08333973e+03  0.00e+00 8.83e-03  2.07e-02     0s
   4  -1.05721034e+03 -1.06905171e+03  0.00e+00 1.07e-03  7.46e-03     0s
   5  -1.06058360e+03 -1.06422383e+03  0.00e+00 2.66e-04  2.29e-03     0s
   6  -1.06138770e+03 -1.06215301e+03  0.00e+00 3.55e-15  4.82e-04     0s
   7  -1.06191131e+03 -1.06192688e+03  0.00e+00 3.55e-15  9.79e-06     0s
   8  -1.06192009e+03 -1.06192009e+03  0.00e+00 3.55e-15  4.97e-11     0s

Barrier solved model in 8 iterations and 0.02 seconds
Optimal objective -1.06192009e+03


Root relaxation: objective -1.061920e+03, 52 iterations, 0.01 seconds

    Nodes    |    Current Node    |     Objective Bounds      |     Work
 Expl Unexpl |  Obj  Depth IntInf | Incumbent    BestBd   Gap | It/Node Time

     0     0 -1061.9201    0   46 -939.48000 -1061.9201  13.0%     -    0s
H    0     0                    -1038.920000 -1061.9201  2.21%     -    0s
H    0     0                    -1040.400000 -1061.9201  2.07%     -    0s
     0     0 -1053.0522    0   58 -1040.4000 -1053.0522  1.22%     -    0s
H    0     0                    -1043.400000 -1053.0522  0.93%     -    0s

Cutting planes:
  Gomory: 3
  Cover: 1
  MIR: 40

Explored 0 nodes (190 simplex iterations) in 0.06 seconds
Thread count was 16 (of 16 available processors)

Optimal solution found (tolerance 1.00e-02)
Best objective -1.043400000000e+03, best bound -1.053040000000e+03, gap 0.9239%
Changed value of parameter MIPGap to 0.01
   Prev: 0.0001  Min: 0.0  Max: 1e+100  Default: 0.0001
Changed value of parameter TimeLimit to 1800.0
   Prev: 1e+100  Min: 0.0  Max: 1e+100  Default: 1e+100
Changed value of parameter Method to 2
   Prev: -1  Min: -1  Max: 4  Default: -1
Changed value of parameter MIPFocus to 1
   Prev: 0  Min: 0  Max: 3  Default: 0
Optimize a model with 2208 rows, 3162 columns and 6324 nonzeros
Coefficient statistics:
  Matrix range    [1e+00, 2e+01]
  Objective range [1e+00, 2e+00]
  Bounds range    [1e+00, 1e+00]
  RHS range       [8e+01, 8e+01]
Found heuristic solution: objective 0
Presolve removed 2144 rows and 2398 columns
Presolve time: 0.01s
Presolved: 64 rows, 764 columns, 1339 nonzeros
Found heuristic solution: objective -973.8500000
Variable types: 0 continuous, 764 integer (651 binary)
Optimize a model with 64 rows, 764 columns and 1339 nonzeros
Coefficient statistics:
  Matrix range    [1e+00, 2e+01]
  Objective range [1e+00, 2e+00]
  Bounds range    [1e+00, 8e+00]
  RHS range       [1e+01, 8e+01]
Presolved: 64 rows, 764 columns, 1339 nonzeros

Root barrier log...

Ordering time: 0.00s

Barrier statistics:
 AA' NZ     : 5.480e+02
 Factor NZ  : 1.839e+03
 Factor Ops : 7.119e+04 (less than 1 second per iteration)
 Threads    : 1

                  Objective                Residual
Iter       Primal          Dual         Primal    Dual     Compl     Time
   0  -2.72590322e+03 -3.52393416e+03  1.35e+01 1.78e-15  5.15e+00     0s
   1  -1.06613852e+03 -2.25481513e+03  9.49e-01 8.88e-01  1.04e+00     0s
   2  -1.00018461e+03 -1.22549199e+03  0.00e+00 1.00e-01  1.44e-01     0s
   3  -1.08176026e+03 -1.11580086e+03  0.00e+00 9.30e-03  2.15e-02     0s
   4  -1.08807497e+03 -1.10037070e+03  0.00e+00 4.77e-04  7.74e-03     0s
   5  -1.09168272e+03 -1.09562075e+03  0.00e+00 2.45e-06  2.48e-03     0s
   6  -1.09238813e+03 -1.09374657e+03  0.00e+00 1.78e-15  8.55e-04     0s
   7  -1.09312523e+03 -1.09317351e+03  0.00e+00 3.55e-15  3.04e-05     0s
   8  -1.09314359e+03 -1.09314359e+03  0.00e+00 3.55e-15  3.52e-09     0s

Barrier solved model in 8 iterations and 0.02 seconds
Optimal objective -1.09314359e+03


Root relaxation: objective -1.093144e+03, 58 iterations, 0.01 seconds

    Nodes    |    Current Node    |     Objective Bounds      |     Work
 Expl Unexpl |  Obj  Depth IntInf | Incumbent    BestBd   Gap | It/Node Time

     0     0 -1093.1436    0   45 -973.85000 -1093.1436  12.2%     -    0s
H    0     0                    -1068.400000 -1093.1436  2.32%     -    0s
H    0     0                    -1070.800000 -1093.1436  2.09%     -    0s
     0     0 -1084.4513    0   53 -1070.8000 -1084.4513  1.27%     -    0s
H    0     0                    -1073.400000 -1084.4513  1.03%     -    0s
     0     0 -1084.2190    0   49 -1073.4000 -1084.2190  1.01%     -    0s
     0     0 -1081.5683    0   68 -1073.4000 -1081.5683  0.76%     -    0s

Cutting planes:
  Gomory: 6
  Cover: 2
  MIR: 73

Explored 0 nodes (342 simplex iterations) in 0.08 seconds
Thread count was 16 (of 16 available processors)

Optimal solution found (tolerance 1.00e-02)
Best objective -1.073400000000e+03, best bound -1.081550000000e+03, gap 0.7593%
Changed value of parameter MIPGap to 0.01
   Prev: 0.0001  Min: 0.0  Max: 1e+100  Default: 0.0001
Changed value of parameter TimeLimit to 1800.0
   Prev: 1e+100  Min: 0.0  Max: 1e+100  Default: 1e+100
Changed value of parameter Method to 2
   Prev: -1  Min: -1  Max: 4  Default: -1
Changed value of parameter MIPFocus to 1
   Prev: 0  Min: 0  Max: 3  Default: 0
Optimize a model with 2208 rows, 3162 columns and 6324 nonzeros
Coefficient statistics:
  Matrix range    [1e+00, 2e+01]
  Objective range [1e+00, 3e+00]
  Bounds range    [1e+00, 1e+00]
  RHS range       [8e+01, 8e+01]
Found heuristic solution: objective 0
Presolve removed 2144 rows and 2398 columns
Presolve time: 0.01s
Presolved: 64 rows, 764 columns, 1339 nonzeros
Found heuristic solution: objective -1145.700000
Variable types: 0 continuous, 764 integer (651 binary)
Optimize a model with 64 rows, 764 columns and 1339 nonzeros
Coefficient statistics:
  Matrix range    [1e+00, 2e+01]
  Objective range [1e+00, 3e+00]
  Bounds range    [1e+00, 8e+00]
  RHS range       [1e+01, 8e+01]
Presolved: 64 rows, 764 columns, 1339 nonzeros

Root barrier log...

Ordering time: 0.00s

Barrier statistics:
 AA' NZ     : 5.480e+02
 Factor NZ  : 1.839e+03
 Factor Ops : 7.119e+04 (less than 1 second per iteration)
 Threads    : 1

                  Objective                Residual
Iter       Primal          Dual         Primal    Dual     Compl     Time
   0  -3.08296389e+03 -3.70558064e+03  1.35e+01 1.33e-15  5.20e+00     0s
   1  -1.23162438e+03 -2.41847523e+03  9.64e-01 8.75e-01  1.05e+00     0s
   2  -1.16484515e+03 -1.37471322e+03  0.00e+00 8.92e-02  1.33e-01     0s
   3  -1.23443534e+03 -1.26829975e+03  0.00e+00 2.97e-03  2.13e-02     0s
   4  -1.24775433e+03 -1.25668160e+03  0.00e+00 1.78e-15  5.62e-03     0s
   5  -1.25195173e+03 -1.25386512e+03  0.00e+00 3.55e-15  1.20e-03     0s
   6  -1.25255803e+03 -1.25297491e+03  0.00e+00 3.55e-15  2.62e-04     0s
   7  -1.25272901e+03 -1.25282446e+03  0.00e+00 1.78e-15  6.00e-05     0s
   8  -1.25273857e+03 -1.25274288e+03  0.00e+00 2.66e-15  2.71e-06     0s
   9  -1.25273956e+03 -1.25273956e+03  0.00e+00 3.55e-15  2.77e-09     0s

Barrier solved model in 9 iterations and 0.02 seconds
Optimal objective -1.25273956e+03


Root relaxation: objective -1.252740e+03, 35 iterations, 0.01 seconds

    Nodes    |    Current Node    |     Objective Bounds      |     Work
 Expl Unexpl |  Obj  Depth IntInf | Incumbent    BestBd   Gap | It/Node Time

     0     0 -1252.7396    0   52 -1145.7000 -1252.7396  9.34%     -    0s
H    0     0                    -1217.900000 -1252.7396  2.86%     -    0s
H    0     0                    -1223.400000 -1252.7396  2.40%     -    0s
H    0     0                    -1224.000000 -1252.7396  2.35%     -    0s
H    0     0                    -1225.600000 -1252.7396  2.21%     -    0s
     0     0 -1243.8941    0   70 -1225.6000 -1243.8941  1.49%     -    0s
H    0     0                    -1230.500000 -1243.8941  1.09%     -    0s
     0     0 -1243.3950    0   70 -1230.5000 -1243.3950  1.05%     -    0s
     0     0 -1240.7392    0   81 -1230.5000 -1240.7392  0.83%     -    0s

Cutting planes:
  Gomory: 4
  Cover: 2
  MIR: 88

Explored 0 nodes (327 simplex iterations) in 0.11 seconds
Thread count was 16 (of 16 available processors)

Optimal solution found (tolerance 1.00e-02)
Best objective -1.230500000000e+03, best bound -1.240700000000e+03, gap 0.8289%
Changed value of parameter MIPGap to 0.01
   Prev: 0.0001  Min: 0.0  Max: 1e+100  Default: 0.0001
Changed value of parameter TimeLimit to 1800.0
   Prev: 1e+100  Min: 0.0  Max: 1e+100  Default: 1e+100
Changed value of parameter Method to 2
   Prev: -1  Min: -1  Max: 4  Default: -1
Changed value of parameter MIPFocus to 1
   Prev: 0  Min: 0  Max: 3  Default: 0
Optimize a model with 2208 rows, 3162 columns and 6324 nonzeros
Coefficient statistics:
  Matrix range    [1e+00, 2e+01]
  Objective range [1e+00, 5e+00]
  Bounds range    [1e+00, 1e+00]
  RHS range       [8e+01, 8e+01]
Found heuristic solution: objective 0
Presolve removed 2144 rows and 2398 columns
Presolve time: 0.01s
Presolved: 64 rows, 764 columns, 1339 nonzeros
Found heuristic solution: objective -1489.400000
Variable types: 0 continuous, 764 integer (651 binary)
Optimize a model with 64 rows, 764 columns and 1339 nonzeros
Coefficient statistics:
  Matrix range    [1e+00, 2e+01]
  Objective range [1e+00, 5e+00]
  Bounds range    [1e+00, 8e+00]
  RHS range       [1e+01, 8e+01]
Presolved: 64 rows, 764 columns, 1339 nonzeros

Root barrier log...

Ordering time: 0.00s

Barrier statistics:
 AA' NZ     : 5.480e+02
 Factor NZ  : 1.839e+03
 Factor Ops : 7.119e+04 (less than 1 second per iteration)
 Threads    : 1

                  Objective                Residual
Iter       Primal          Dual         Primal    Dual     Compl     Time
   0  -3.79650673e+03 -4.06887359e+03  1.35e+01 1.78e-15  5.30e+00     0s
   1  -1.57676109e+03 -2.75229087e+03  9.91e-01 8.51e-01  1.07e+00     0s
   2  -1.50108541e+03 -1.70142503e+03  0.00e+00 7.65e-02  1.26e-01     0s
   3  -1.56408637e+03 -1.60280634e+03  0.00e+00 1.78e-15  2.44e-02     0s
   4  -1.57501659e+03 -1.59013039e+03  0.00e+00 1.78e-15  9.51e-03     0s
   5  -1.58161107e+03 -1.58737965e+03  0.00e+00 2.66e-15  3.63e-03     0s
   6  -1.58507729e+03 -1.58648791e+03  0.00e+00 1.78e-15  8.87e-04     0s
   7  -1.58573311e+03 -1.58601860e+03  0.00e+00 1.78e-15  1.79e-04     0s
   8  -1.58591185e+03 -1.58592167e+03  0.00e+00 3.55e-15  6.17e-06     0s
   9  -1.58591797e+03 -1.58591798e+03  0.00e+00 1.78e-15  6.19e-09     0s

Barrier solved model in 9 iterations and 0.02 seconds
Optimal objective -1.58591797e+03


Root relaxation: objective -1.585918e+03, 44 iterations, 0.01 seconds

    Nodes    |    Current Node    |     Objective Bounds      |     Work
 Expl Unexpl |  Obj  Depth IntInf | Incumbent    BestBd   Gap | It/Node Time

     0     0 -1585.9180    0   49 -1489.4000 -1585.9180  6.48%     -    0s
H    0     0                    -1546.800000 -1585.9180  2.53%     -    0s
H    0     0                    -1551.800000 -1585.9180  2.20%     -    0s
H    0     0                    -1553.000000 -1585.9180  2.12%     -    0s
     0     0 -1579.1223    0   71 -1553.0000 -1579.1223  1.68%     -    0s
     0     0 -1578.9606    0   77 -1553.0000 -1578.9606  1.67%     -    0s
H    0     0                    -1557.800000 -1578.9606  1.36%     -    0s
H    0     0                    -1559.000000 -1578.9606  1.28%     -    0s
     0     0 -1577.1224    0   90 -1559.0000 -1577.1224  1.16%     -    0s
H    0     0                    -1562.800000 -1577.1224  0.92%     -    0s

Cutting planes:
  Gomory: 4
  Cover: 1
  MIR: 68

Explored 0 nodes (468 simplex iterations) in 0.14 seconds
Thread count was 16 (of 16 available processors)

Optimal solution found (tolerance 1.00e-02)
Best objective -1.562800000000e+03, best bound -1.577000000000e+03, gap 0.9086%
Changed value of parameter MIPGap to 0.01
   Prev: 0.0001  Min: 0.0  Max: 1e+100  Default: 0.0001
Changed value of parameter TimeLimit to 1800.0
   Prev: 1e+100  Min: 0.0  Max: 1e+100  Default: 1e+100
Changed value of parameter Method to 2
   Prev: -1  Min: -1  Max: 4  Default: -1
Changed value of parameter MIPFocus to 1
   Prev: 0  Min: 0  Max: 3  Default: 0
Optimize a model with 2208 rows, 3162 columns and 6324 nonzeros
Coefficient statistics:
  Matrix range    [1e+00, 2e+01]
  Objective range [1e+00, 9e+00]
  Bounds range    [1e+00, 1e+00]
  RHS range       [8e+01, 8e+01]
Found heuristic solution: objective 0
Presolve removed 2144 rows and 2400 columns
Presolve time: 0.01s
Presolved: 64 rows, 762 columns, 1337 nonzeros
Found heuristic solution: objective -2177.800000
Variable types: 0 continuous, 762 integer (649 binary)
Optimize a model with 64 rows, 762 columns and 1337 nonzeros
Coefficient statistics:
  Matrix range    [1e+00, 2e+01]
  Objective range [1e+00, 9e+00]
  Bounds range    [1e+00, 9e+00]
  RHS range       [1e+01, 8e+01]
Presolve removed 0 rows and 74 columns
Presolved: 64 rows, 688 columns, 1253 nonzeros

Root barrier log...

Ordering time: 0.00s

Barrier statistics:
 AA' NZ     : 5.480e+02
 Factor NZ  : 1.839e+03
 Factor Ops : 7.119e+04 (less than 1 second per iteration)
 Threads    : 1

                  Objective                Residual
Iter       Primal          Dual         Primal    Dual     Compl     Time
   0  -5.22241359e+03 -4.77203258e+03  1.45e+01 2.64e+00  6.04e+00     0s
   1  -2.33943405e+03 -3.88974992e+03  1.26e+00 3.18e+00  1.61e+00     0s
   2  -2.18231986e+03 -2.50705819e+03  3.28e-03 3.34e-01  2.29e-01     0s
   3  -2.27361450e+03 -2.32428902e+03  1.20e-04 3.74e-02  3.54e-02     0s
   4  -2.28619283e+03 -2.30764731e+03  2.18e-05 1.70e-02  1.50e-02     0s
   5  -2.28767351e+03 -2.30166438e+03  1.58e-05 9.90e-03  9.77e-03     0s
   6  -2.28886568e+03 -2.29622105e+03  1.17e-05 3.21e-03  5.13e-03     0s
   7  -2.29023785e+03 -2.29454302e+03  6.49e-06 1.83e-03  3.00e-03     0s
   8  -2.29099788e+03 -2.29259213e+03  3.31e-06 4.71e-04  1.11e-03     0s
   9  -2.29171450e+03 -2.29177045e+03  7.12e-08 9.00e-06  3.90e-05     0s
  10  -2.29173997e+03 -2.29174003e+03  8.88e-16 3.55e-15  3.90e-08     0s
  11  -2.29174000e+03 -2.29174000e+03  4.44e-15 3.55e-15  3.90e-11     0s

Barrier solved model in 11 iterations and 0.02 seconds
Optimal objective -2.29174000e+03


Root relaxation: objective -2.291740e+03, 203 iterations, 0.01 seconds

    Nodes    |    Current Node    |     Objective Bounds      |     Work
 Expl Unexpl |  Obj  Depth IntInf | Incumbent    BestBd   Gap | It/Node Time

     0     0 -2291.7400    0   45 -2177.8000 -2291.7400  5.23%     -    0s
H    0     0                    -2255.400000 -2291.7400  1.61%     -    0s
H    0     0                    -2261.400000 -2291.7400  1.34%     -    0s
     0     0 -2290.0381    0   88 -2261.4000 -2290.0381  1.27%     -    0s
H    0     0                    -2265.800000 -2290.0381  1.07%     -    0s
     0     0 -2290.0381    0   75 -2265.8000 -2290.0381  1.07%     -    0s
H    0     0                    -2267.000000 -2290.0381  1.02%     -    0s
H    0     0                    -2269.000000 -2290.0381  0.93%     -    0s
H    0     0                    -2273.400000 -2290.0381  0.73%     -    0s

Cutting planes:
  Gomory: 3
  MIR: 75

Explored 0 nodes (560 simplex iterations) in 0.11 seconds
Thread count was 16 (of 16 available processors)

Optimal solution found (tolerance 1.00e-02)
Best objective -2.273400000000e+03, best bound -2.290000000000e+03, gap 0.7302%
Changed value of parameter MIPGap to 0.01
   Prev: 0.0001  Min: 0.0  Max: 1e+100  Default: 0.0001
Changed value of parameter TimeLimit to 1800.0
   Prev: 1e+100  Min: 0.0  Max: 1e+100  Default: 1e+100
Changed value of parameter Method to 2
   Prev: -1  Min: -1  Max: 4  Default: -1
Changed value of parameter MIPFocus to 1
   Prev: 0  Min: 0  Max: 3  Default: 0
Optimize a model with 2208 rows, 3162 columns and 6324 nonzeros
Coefficient statistics:
  Matrix range    [1e+00, 2e+01]
  Objective range [2e+00, 1e+01]
  Bounds range    [1e+00, 1e+00]
  RHS range       [8e+01, 8e+01]
Found heuristic solution: objective 0
Presolve removed 2144 rows and 2398 columns
Presolve time: 0.01s
Presolved: 64 rows, 764 columns, 1339 nonzeros
Found heuristic solution: objective -2527.500000
Variable types: 0 continuous, 764 integer (651 binary)
Optimize a model with 64 rows, 764 columns and 1339 nonzeros
Coefficient statistics:
  Matrix range    [1e+00, 2e+01]
  Objective range [2e+00, 1e+01]
  Bounds range    [1e+00, 8e+00]
  RHS range       [1e+01, 8e+01]
Presolve removed 0 rows and 4 columns
Presolved: 64 rows, 760 columns, 1335 nonzeros

Root barrier log...

Ordering time: 0.00s

Barrier statistics:
 AA' NZ     : 5.480e+02
 Factor NZ  : 1.821e+03
 Factor Ops : 6.769e+04 (less than 1 second per iteration)
 Threads    : 1

                  Objective                Residual
Iter       Primal          Dual         Primal    Dual     Compl     Time
   0  -5.91179032e+03 -5.21072416e+03  1.29e+01 8.88e-16  5.71e+00     0s
   1  -2.69770392e+03 -3.82647140e+03  1.00e+00 8.13e-01  1.12e+00     0s
   2  -2.60026452e+03 -2.79273898e+03  3.42e-02 6.22e-02  1.32e-01     0s
   3  -2.64078911e+03 -2.68008389e+03  6.95e-03 5.33e-15  2.69e-02     0s
   4  -2.65746465e+03 -2.67125449e+03  1.11e-03 3.55e-15  9.06e-03     0s
   5  -2.66065112e+03 -2.66581397e+03  4.09e-04 3.55e-15  3.39e-03     0s
   6  -2.66229119e+03 -2.66381772e+03  1.00e-04 3.55e-15  1.00e-03     0s
   7  -2.66273818e+03 -2.66318532e+03  3.52e-05 3.55e-15  2.95e-04     0s
   8  -2.66288887e+03 -2.66306512e+03  1.39e-05 3.55e-15  1.16e-04     0s
   9  -2.66295768e+03 -2.66301517e+03  4.14e-06 3.55e-15  3.79e-05     0s
  10  -2.66297384e+03 -2.66299613e+03  2.02e-06 3.55e-15  1.49e-05     0s
  11  -2.66299107e+03 -2.66299143e+03  0.00e+00 3.55e-15  2.25e-07     0s
  12  -2.66299127e+03 -2.66299127e+03  0.00e+00 3.55e-15  2.25e-10     0s

Barrier solved model in 12 iterations and 0.02 seconds
Optimal objective -2.66299127e+03


Root relaxation: objective -2.662991e+03, 50 iterations, 0.01 seconds

    Nodes    |    Current Node    |     Objective Bounds      |     Work
 Expl Unexpl |  Obj  Depth IntInf | Incumbent    BestBd   Gap | It/Node Time

     0     0 -2662.9913    0   48 -2527.5000 -2662.9913  5.36%     -    0s
H    0     0                    -2632.500000 -2662.9913  1.16%     -    0s
H    0     0                    -2634.000000 -2662.9913  1.10%     -    0s
     0     0 -2661.2590    0   69 -2634.0000 -2661.2590  1.03%     -    0s
H    0     0                    -2637.000000 -2661.2590  0.92%     -    0s

Cutting planes:
  Gomory: 1
  Cover: 2
  MIR: 37

Explored 0 nodes (271 simplex iterations) in 0.07 seconds
Thread count was 16 (of 16 available processors)

Optimal solution found (tolerance 1.00e-02)
Best objective -2.637000000000e+03, best bound -2.661000000000e+03, gap 0.9101%
Changed value of parameter MIPGap to 0.01
   Prev: 0.0001  Min: 0.0  Max: 1e+100  Default: 0.0001
Changed value of parameter TimeLimit to 1800.0
   Prev: 1e+100  Min: 0.0  Max: 1e+100  Default: 1e+100
Changed value of parameter Method to 2
   Prev: -1  Min: -1  Max: 4  Default: -1
Changed value of parameter MIPFocus to 1
   Prev: 0  Min: 0  Max: 3  Default: 0
Optimize a model with 2208 rows, 3162 columns and 6324 nonzeros
Coefficient statistics:
  Matrix range    [1e+00, 2e+01]
  Objective range [2e+00, 2e+01]
  Bounds range    [1e+00, 1e+00]
  RHS range       [8e+01, 8e+01]
Found heuristic solution: objective 0
Presolve removed 2144 rows and 2398 columns
Presolve time: 0.01s
Presolved: 64 rows, 764 columns, 1339 nonzeros
Found heuristic solution: objective -4267.000000
Variable types: 0 continuous, 764 integer (651 binary)
Optimize a model with 64 rows, 764 columns and 1339 nonzeros
Coefficient statistics:
  Matrix range    [1e+00, 2e+01]
  Objective range [2e+00, 2e+01]
  Bounds range    [1e+00, 8e+00]
  RHS range       [1e+01, 8e+01]
Presolve removed 0 rows and 55 columns
Presolved: 64 rows, 709 columns, 1280 nonzeros

Root barrier log...

Ordering time: 0.00s

Barrier statistics:
 AA' NZ     : 5.480e+02
 Factor NZ  : 1.839e+03
 Factor Ops : 7.119e+04 (less than 1 second per iteration)
 Threads    : 1

                  Objective                Residual
Iter       Primal          Dual         Primal    Dual     Compl     Time
   0  -9.43214008e+03 -9.83158550e+03  1.38e+01 3.55e-15  1.26e+01     0s
   1  -4.40121720e+03 -7.06111381e+03  8.29e-01 2.02e+00  2.45e+00     0s
   2  -4.42468446e+03 -4.88293054e+03  2.51e-02 2.14e-01  3.25e-01     0s
   3  -4.56938991e+03 -4.65042361e+03  1.13e-03 2.27e-02  5.57e-02     0s
   4  -4.59217770e+03 -4.62015659e+03  1.35e-04 7.11e-15  1.91e-02     0s
   5  -4.59717449e+03 -4.61002445e+03  3.04e-05 7.11e-15  8.73e-03     0s
   6  -4.59925813e+03 -4.60311721e+03  6.62e-06 7.11e-15  2.62e-03     0s
   7  -4.60019458e+03 -4.60103927e+03  0.00e+00 3.55e-15  5.72e-04     0s
   8  -4.60036671e+03 -4.60039149e+03  0.00e+00 7.11e-15  1.68e-05     0s
   9  -4.60037142e+03 -4.60037145e+03  0.00e+00 7.11e-15  1.68e-08     0s
  10  -4.60037143e+03 -4.60037143e+03  0.00e+00 7.11e-15  1.68e-11     0s

Barrier solved model in 10 iterations and 0.02 seconds
Optimal objective -4.60037143e+03


Root relaxation: objective -4.600371e+03, 38 iterations, 0.01 seconds

    Nodes    |    Current Node    |     Objective Bounds      |     Work
 Expl Unexpl |  Obj  Depth IntInf | Incumbent    BestBd   Gap | It/Node Time

     0     0 -4600.3714    0   44 -4267.0000 -4600.3714  7.81%     -    0s
H    0     0                    -4499.000000 -4600.3714  2.25%     -    0s
H    0     0                    -4546.000000 -4600.3714  1.20%     -    0s
     0     0 -4589.1527    0   77 -4546.0000 -4589.1527  0.95%     -    0s

Cutting planes:
  Gomory: 3
  Cover: 3
  MIR: 48

Explored 0 nodes (244 simplex iterations) in 0.06 seconds
Thread count was 16 (of 16 available processors)

Optimal solution found (tolerance 1.00e-02)
Best objective -4.546000000000e+03, best bound -4.589000000000e+03, gap 0.9459%
Changed value of parameter MIPGap to 0.01
   Prev: 0.0001  Min: 0.0  Max: 1e+100  Default: 0.0001
Changed value of parameter TimeLimit to 1800.0
   Prev: 1e+100  Min: 0.0  Max: 1e+100  Default: 1e+100
Changed value of parameter Method to 2
   Prev: -1  Min: -1  Max: 4  Default: -1
Changed value of parameter MIPFocus to 1
   Prev: 0  Min: 0  Max: 3  Default: 0
Optimize a model with 2208 rows, 3162 columns and 6324 nonzeros
Coefficient statistics:
  Matrix range    [1e+00, 2e+01]
  Objective range [3e+00, 4e+01]
  Bounds range    [1e+00, 1e+00]
  RHS range       [8e+01, 8e+01]
Found heuristic solution: objective 0
Presolve removed 2144 rows and 2398 columns
Presolve time: 0.01s
Presolved: 64 rows, 764 columns, 1339 nonzeros
Found heuristic solution: objective -7764.000000
Variable types: 0 continuous, 764 integer (651 binary)
Optimize a model with 64 rows, 764 columns and 1339 nonzeros
Coefficient statistics:
  Matrix range    [1e+00, 2e+01]
  Objective range [3e+00, 4e+01]
  Bounds range    [1e+00, 8e+00]
  RHS range       [1e+01, 8e+01]
Presolve removed 0 rows and 1 columns
Presolved: 64 rows, 763 columns, 1338 nonzeros

Root barrier log...

Ordering time: 0.00s

Barrier statistics:
 AA' NZ     : 5.480e+02
 Factor NZ  : 1.839e+03
 Factor Ops : 7.119e+04 (less than 1 second per iteration)
 Threads    : 1

                  Objective                Residual
Iter       Primal          Dual         Primal    Dual     Compl     Time
   0  -1.66717523e+04 -1.92691655e+04  1.35e+01 7.11e-15  2.42e+01     0s
   1  -8.09539794e+03 -1.37007517e+04  9.18e-01 4.19e+00  4.87e+00     0s
   2  -8.13221447e+03 -9.08905487e+03  2.17e-02 4.54e-01  6.30e-01     0s
   3  -8.45000524e+03 -8.59905603e+03  4.95e-04 5.84e-02  9.46e-02     0s
   4  -8.50010529e+03 -8.53261132e+03  3.05e-05 1.20e-02  2.05e-02     0s
   5  -8.50803152e+03 -8.51925810e+03  0.00e+00 4.16e-03  7.09e-03     0s
   6  -8.51032522e+03 -8.51373551e+03  0.00e+00 1.06e-03  2.15e-03     0s
   7  -8.51110849e+03 -8.51221625e+03  0.00e+00 2.82e-04  7.00e-04     0s
   8  -8.51147833e+03 -8.51173165e+03  0.00e+00 2.78e-05  1.60e-04     0s
   9  -8.51161773e+03 -8.51162267e+03  0.00e+00 1.42e-14  3.11e-06     0s
  10  -8.51162143e+03 -8.51162143e+03  0.00e+00 1.42e-14  2.47e-10     0s

Barrier solved model in 10 iterations and 0.02 seconds
Optimal objective -8.51162143e+03


Root relaxation: objective -8.511621e+03, 37 iterations, 0.01 seconds

    Nodes    |    Current Node    |     Objective Bounds      |     Work
 Expl Unexpl |  Obj  Depth IntInf | Incumbent    BestBd   Gap | It/Node Time

     0     0 -8511.6214    0   46 -7764.0000 -8511.6214  9.63%     -    0s
H    0     0                    -8324.000000 -8511.6214  2.25%     -    0s
H    0     0                    -8424.000000 -8511.6214  1.04%     -    0s
H    0     0                    -8435.000000 -8511.6214  0.91%     -    0s

Explored 0 nodes (57 simplex iterations) in 0.04 seconds
Thread count was 16 (of 16 available processors)

Optimal solution found (tolerance 1.00e-02)
Best objective -8.435000000000e+03, best bound -8.511000000000e+03, gap 0.9010%
Changed value of parameter MIPGap to 0.01
   Prev: 0.0001  Min: 0.0  Max: 1e+100  Default: 0.0001
Changed value of parameter TimeLimit to 1800.0
   Prev: 1e+100  Min: 0.0  Max: 1e+100  Default: 1e+100
Changed value of parameter Method to 2
   Prev: -1  Min: -1  Max: 4  Default: -1
Changed value of parameter MIPFocus to 1
   Prev: 0  Min: 0  Max: 3  Default: 0
Optimize a model with 2208 rows, 3162 columns and 6324 nonzeros
Coefficient statistics:
  Matrix range    [1e+00, 2e+01]
  Objective range [5e+00, 8e+01]
  Bounds range    [1e+00, 1e+00]
  RHS range       [8e+01, 8e+01]
Found heuristic solution: objective 0
Presolve removed 2144 rows and 2398 columns
Presolve time: 0.01s
Presolved: 64 rows, 764 columns, 1339 nonzeros
Found heuristic solution: objective -14752.00000
Variable types: 0 continuous, 764 integer (651 binary)
Optimize a model with 64 rows, 764 columns and 1339 nonzeros
Coefficient statistics:
  Matrix range    [1e+00, 2e+01]
  Objective range [5e+00, 8e+01]
  Bounds range    [1e+00, 8e+00]
  RHS range       [1e+01, 8e+01]
Presolve removed 0 rows and 1 columns
Presolved: 64 rows, 763 columns, 1338 nonzeros

Root barrier log...

Ordering time: 0.00s

Barrier statistics:
 AA' NZ     : 5.480e+02
 Factor NZ  : 1.839e+03
 Factor Ops : 7.119e+04 (less than 1 second per iteration)
 Threads    : 1

                  Objective                Residual
Iter       Primal          Dual         Primal    Dual     Compl     Time
   0  -3.09936712e+04 -3.83377234e+04  1.35e+01 1.42e-14  4.96e+01     0s
   1  -1.54232627e+04 -2.70594304e+04  9.44e-01 8.85e+00  1.01e+01     0s
   2  -1.55914347e+04 -1.75859323e+04  1.52e-02 1.03e+00  1.30e+00     0s
   3  -1.62401685e+04 -1.65408748e+04  4.59e-04 1.26e-01  1.91e-01     0s
   4  -1.63390567e+04 -1.64119899e+04  6.37e-05 2.70e-02  4.62e-02     0s
   5  -1.63598237e+04 -1.63869172e+04  1.10e-05 1.10e-02  1.72e-02     0s
   6  -1.63665677e+04 -1.63744447e+04  0.00e+00 2.29e-03  4.99e-03     0s
   7  -1.63696639e+04 -1.63710408e+04  0.00e+00 1.33e-04  8.73e-04     0s
   8  -1.63706185e+04 -1.63706307e+04  0.00e+00 4.40e-07  7.75e-06     0s
   9  -1.63706286e+04 -1.63706286e+04  0.00e+00 2.13e-14  7.75e-09     0s

Barrier solved model in 9 iterations and 0.02 seconds
Optimal objective -1.63706286e+04


Root relaxation: objective -1.637063e+04, 50 iterations, 0.01 seconds

    Nodes    |    Current Node    |     Objective Bounds      |     Work
 Expl Unexpl |  Obj  Depth IntInf | Incumbent    BestBd   Gap | It/Node Time

     0     0 -16370.629    0   40 -14752.000 -16370.629  11.0%     -    0s
H    0     0                    -16029.00000 -16370.629  2.13%     -    0s
H    0     0                    -16219.00000 -16370.629  0.93%     -    0s

Explored 0 nodes (78 simplex iterations) in 0.03 seconds
Thread count was 16 (of 16 available processors)

Optimal solution found (tolerance 1.00e-02)
Best objective -1.621900000000e+04, best bound -1.637000000000e+04, gap 0.9310%
Changed value of parameter MIPGap to 0.01
   Prev: 0.0001  Min: 0.0  Max: 1e+100  Default: 0.0001
Changed value of parameter TimeLimit to 1800.0
   Prev: 1e+100  Min: 0.0  Max: 1e+100  Default: 1e+100
Changed value of parameter Method to 2
   Prev: -1  Min: -1  Max: 4  Default: -1
Changed value of parameter MIPFocus to 1
   Prev: 0  Min: 0  Max: 3  Default: 0
Optimize a model with 2208 rows, 3162 columns and 6324 nonzeros
Coefficient statistics:
  Matrix range    [1e+00, 2e+01]
  Objective range [6e+00, 1e+02]
  Bounds range    [1e+00, 1e+00]
  RHS range       [8e+01, 8e+01]
Found heuristic solution: objective 0
Presolve removed 2144 rows and 2398 columns
Presolve time: 0.01s
Presolved: 64 rows, 764 columns, 1339 nonzeros
Found heuristic solution: objective -18248.00000
Variable types: 0 continuous, 764 integer (651 binary)
Optimize a model with 64 rows, 764 columns and 1339 nonzeros
Coefficient statistics:
  Matrix range    [1e+00, 2e+01]
  Objective range [6e+00, 1e+02]
  Bounds range    [1e+00, 8e+00]
  RHS range       [1e+01, 8e+01]
Presolve removed 0 rows and 1 columns
Presolved: 64 rows, 763 columns, 1338 nonzeros

Root barrier log...

Ordering time: 0.00s

Barrier statistics:
 AA' NZ     : 5.480e+02
 Factor NZ  : 1.839e+03
 Factor Ops : 7.119e+04 (less than 1 second per iteration)
 Threads    : 1

                  Objective                Residual
Iter       Primal          Dual         Primal    Dual     Compl     Time
   0  -3.81542467e+04 -4.78720024e+04  1.35e+01 1.42e-14  6.23e+01     0s
   1  -1.90892281e+04 -3.37394719e+04  9.49e-01 1.12e+01  1.27e+01     0s
   2  -1.93250927e+04 -2.18306674e+04  1.46e-02 1.29e+00  1.63e+00     0s
   3  -2.01406938e+04 -2.05129485e+04  5.00e-04 1.52e-01  2.36e-01     0s
   4  -2.02665988e+04 -2.03592852e+04  8.15e-05 3.02e-02  5.88e-02     0s
   5  -2.02942261e+04 -2.03303826e+04  1.36e-05 1.36e-02  2.29e-02     0s
   6  -2.03027657e+04 -2.03136842e+04  3.73e-06 3.25e-03  6.92e-03     0s
   7  -2.03063789e+04 -2.03101026e+04  1.93e-07 1.10e-03  2.36e-03     0s
   8  -2.03079795e+04 -2.03081640e+04  0.00e+00 4.24e-05  1.17e-04     0s
   9  -2.03080476e+04 -2.03080477e+04  0.00e+00 2.84e-14  1.17e-07     0s
  10  -2.03080476e+04 -2.03080476e+04  4.50e-15 2.84e-14  1.18e-13     0s

Barrier solved model in 10 iterations and 0.02 seconds
Optimal objective -2.03080476e+04


Root relaxation: objective -2.030805e+04, 58 iterations, 0.01 seconds

    Nodes    |    Current Node    |     Objective Bounds      |     Work
 Expl Unexpl |  Obj  Depth IntInf | Incumbent    BestBd   Gap | It/Node Time

     0     0 -20308.048    0   39 -18248.000 -20308.048  11.3%     -    0s
H    0     0                    -20060.00000 -20308.048  1.24%     -    0s
H    0     0                    -20119.00000 -20308.048  0.94%     -    0s

Explored 0 nodes (77 simplex iterations) in 0.03 seconds
Thread count was 16 (of 16 available processors)

Optimal solution found (tolerance 1.00e-02)
Best objective -2.011900000000e+04, best bound -2.030800000000e+04, gap 0.9394%
Changed value of parameter MIPGap to 0.01
   Prev: 0.0001  Min: 0.0  Max: 1e+100  Default: 0.0001
Changed value of parameter TimeLimit to 1800.0
   Prev: 1e+100  Min: 0.0  Max: 1e+100  Default: 1e+100
Changed value of parameter Method to 2
   Prev: -1  Min: -1  Max: 4  Default: -1
Changed value of parameter MIPFocus to 1
   Prev: 0  Min: 0  Max: 3  Default: 0
Optimize a model with 2208 rows, 3162 columns and 6324 nonzeros
Coefficient statistics:
  Matrix range    [1e+00, 2e+01]
  Objective range [1e+01, 2e+02]
  Bounds range    [1e+00, 1e+00]
  RHS range       [8e+01, 8e+01]
Found heuristic solution: objective 0
Presolve removed 2144 rows and 2398 columns
Presolve time: 0.01s
Presolved: 64 rows, 764 columns, 1339 nonzeros
Found heuristic solution: objective -35728.00000
Variable types: 0 continuous, 764 integer (651 binary)
Optimize a model with 64 rows, 764 columns and 1339 nonzeros
Coefficient statistics:
  Matrix range    [1e+00, 2e+01]
  Objective range [1e+01, 2e+02]
  Bounds range    [1e+00, 8e+00]
  RHS range       [1e+01, 8e+01]
Presolve removed 0 rows and 1 columns
Presolved: 64 rows, 763 columns, 1338 nonzeros

Root barrier log...

Ordering time: 0.00s

Barrier statistics:
 AA' NZ     : 5.480e+02
 Factor NZ  : 1.839e+03
 Factor Ops : 7.119e+04 (less than 1 second per iteration)
 Threads    : 1

                  Objective                Residual
Iter       Primal          Dual         Primal    Dual     Compl     Time
   0  -7.39563808e+04 -9.55433972e+04  1.35e+01 2.84e-14  1.26e+02     0s
   1  -3.74231876e+04 -6.71411110e+04  9.59e-01 2.28e+01  2.57e+01     0s
   2  -3.76745594e+04 -4.30799664e+04  1.02e-02 2.64e+00  3.47e+00     0s
   3  -3.96543511e+04 -4.04486282e+04  2.29e-04 3.11e-01  5.02e-01     0s
   4  -3.99372576e+04 -4.01592127e+04  1.96e-05 8.03e-02  1.40e-01     0s
   5  -3.99881377e+04 -4.00800224e+04  0.00e+00 3.06e-02  5.81e-02     0s
   6  -4.00215186e+04 -4.00445438e+04  0.00e+00 8.57e-03  1.46e-02     0s
   7  -4.00287108e+04 -4.00318264e+04  0.00e+00 9.21e-04  1.97e-03     0s
   8  -4.00299190e+04 -4.00299341e+04  0.00e+00 1.69e-06  9.55e-06     0s
   9  -4.00299286e+04 -4.00299286e+04  0.00e+00 5.68e-14  9.54e-09     0s

Barrier solved model in 9 iterations and 0.02 seconds
Optimal objective -4.00299286e+04


Root relaxation: objective -4.002993e+04, 54 iterations, 0.01 seconds

    Nodes    |    Current Node    |     Objective Bounds      |     Work
 Expl Unexpl |  Obj  Depth IntInf | Incumbent    BestBd   Gap | It/Node Time

     0     0 -40029.929    0   38 -35728.000 -40029.929  12.0%     -    0s
H    0     0                    -39394.00000 -40029.929  1.61%     -    0s
H    0     0                    -39611.00000 -40029.929  1.06%     -    0s
H    0     0                    -39658.00000 -40029.929  0.94%     -    0s
H    0     0                    -39690.00000 -40029.929  0.86%     -    0s
H    0     0                    -39695.00000 -40029.929  0.84%     -    0s

Cutting planes:
  Gomory: 1
  Cover: 6
  MIR: 37

Explored 0 nodes (84 simplex iterations) in 0.06 seconds
Thread count was 16 (of 16 available processors)

Optimal solution found (tolerance 1.00e-02)
Best objective -3.969500000000e+04, best bound -4.001400000000e+04, gap 0.8036%
Changed value of parameter MIPGap to 0.01
   Prev: 0.0001  Min: 0.0  Max: 1e+100  Default: 0.0001
Changed value of parameter TimeLimit to 1800.0
   Prev: 1e+100  Min: 0.0  Max: 1e+100  Default: 1e+100
Changed value of parameter Method to 2
   Prev: -1  Min: -1  Max: 4  Default: -1
Changed value of parameter MIPFocus to 1
   Prev: 0  Min: 0  Max: 3  Default: 0
Optimize a model with 2208 rows, 3162 columns and 6324 nonzeros
Coefficient statistics:
  Matrix range    [1e+00, 2e+01]
  Objective range [2e+01, 4e+02]
  Bounds range    [1e+00, 1e+00]
  RHS range       [8e+01, 8e+01]
Found heuristic solution: objective 0
Presolve removed 2144 rows and 2398 columns
Presolve time: 0.01s
Presolved: 64 rows, 764 columns, 1339 nonzeros
Found heuristic solution: objective -70688.00000
Variable types: 0 continuous, 764 integer (651 binary)
Optimize a model with 64 rows, 764 columns and 1339 nonzeros
Coefficient statistics:
  Matrix range    [1e+00, 2e+01]
  Objective range [2e+01, 4e+02]
  Bounds range    [1e+00, 8e+00]
  RHS range       [1e+01, 8e+01]
Presolve removed 0 rows and 1 columns
Presolved: 64 rows, 763 columns, 1338 nonzeros

Root barrier log...

Ordering time: 0.00s

Barrier statistics:
 AA' NZ     : 5.480e+02
 Factor NZ  : 1.839e+03
 Factor Ops : 7.119e+04 (less than 1 second per iteration)
 Threads    : 1

                  Objective                Residual
Iter       Primal          Dual         Primal    Dual     Compl     Time
   0  -1.45559917e+05 -1.90886187e+05  1.35e+01 5.68e-14  2.53e+02     0s
   1  -7.40947671e+04 -1.33945735e+05  9.63e-01 4.61e+01  5.17e+01     0s
   2  -7.50472085e+04 -8.65837134e+04  6.87e-03 6.08e+00  7.39e+00     0s
   3  -7.88055263e+04 -8.04267627e+04  0.00e+00 7.04e-01  1.02e+00     0s
   4  -7.92960125e+04 -7.96859722e+04  0.00e+00 1.32e-01  2.46e-01     0s
   5  -7.93909709e+04 -7.95502346e+04  0.00e+00 3.76e-02  1.01e-01     0s
   6  -7.94370647e+04 -7.94993333e+04  0.00e+00 9.81e-03  3.93e-02     0s
   7  -7.94735153e+04 -7.94805794e+04  0.00e+00 1.60e-03  4.46e-03     0s
   8  -7.94747589e+04 -7.94772202e+04  0.00e+00 8.47e-05  1.55e-03     0s
   9  -7.94768103e+04 -7.94768546e+04  0.00e+00 1.14e-13  2.79e-05     0s
  10  -7.94768333e+04 -7.94768333e+04  0.00e+00 1.14e-13  2.05e-09     0s

Barrier solved model in 10 iterations and 0.02 seconds
Optimal objective -7.94768333e+04


Root relaxation: objective -7.947683e+04, 54 iterations, 0.01 seconds

    Nodes    |    Current Node    |     Objective Bounds      |     Work
 Expl Unexpl |  Obj  Depth IntInf | Incumbent    BestBd   Gap | It/Node Time

     0     0 -79476.833    0   44 -70688.000 -79476.833  12.4%     -    0s
H    0     0                    -78058.00000 -79476.833  1.82%     -    0s
H    0     0                    -78610.00000 -79476.833  1.10%     -    0s
     0     0 -79167.066    0   64 -78610.000 -79167.066  0.71%     -    0s

Cutting planes:
  Gomory: 1
  Cover: 7
  MIR: 36

Explored 0 nodes (165 simplex iterations) in 0.06 seconds
Thread count was 16 (of 16 available processors)

Optimal solution found (tolerance 1.00e-02)
Best objective -7.861000000000e+04, best bound -7.916700000000e+04, gap 0.7086%
Changed value of parameter MIPGap to 0.01
   Prev: 0.0001  Min: 0.0  Max: 1e+100  Default: 0.0001
Changed value of parameter TimeLimit to 1800.0
   Prev: 1e+100  Min: 0.0  Max: 1e+100  Default: 1e+100
Changed value of parameter Method to 2
   Prev: -1  Min: -1  Max: 4  Default: -1
Changed value of parameter MIPFocus to 1
   Prev: 0  Min: 0  Max: 3  Default: 0
Optimize a model with 2208 rows, 3162 columns and 6324 nonzeros
Coefficient statistics:
  Matrix range    [1e+00, 2e+01]
  Objective range [5e+01, 1e+03]
  Bounds range    [1e+00, 1e+00]
  RHS range       [8e+01, 8e+01]
Found heuristic solution: objective 0
Presolve removed 2144 rows and 2398 columns
Presolve time: 0.01s
Presolved: 64 rows, 764 columns, 1339 nonzeros
Found heuristic solution: objective -175568.0000
Variable types: 0 continuous, 764 integer (651 binary)
Optimize a model with 64 rows, 764 columns and 1339 nonzeros
Coefficient statistics:
  Matrix range    [1e+00, 2e+01]
  Objective range [5e+01, 1e+03]
  Bounds range    [1e+00, 8e+00]
  RHS range       [1e+01, 8e+01]
Presolve removed 0 rows and 1 columns
Presolved: 64 rows, 763 columns, 1338 nonzeros

Root barrier log...

Ordering time: 0.00s

Barrier statistics:
 AA' NZ     : 5.480e+02
 Factor NZ  : 1.839e+03
 Factor Ops : 7.119e+04 (less than 1 second per iteration)
 Threads    : 1

                  Objective                Residual
Iter       Primal          Dual         Primal    Dual     Compl     Time
   0  -3.60369949e+05 -4.76914556e+05  1.35e+01 1.14e-13  6.33e+02     0s
   1  -1.84112228e+05 -3.34360635e+05  9.66e-01 1.16e+02  1.30e+02     0s
   2  -1.86666033e+05 -2.15535664e+05  6.34e-03 1.52e+01  1.85e+01     0s
   3  -1.96082676e+05 -2.00350012e+05  0.00e+00 1.89e+00  2.70e+00     0s
   4  -1.97361108e+05 -1.98461519e+05  0.00e+00 4.18e-01  6.96e-01     0s
   5  -1.97600604e+05 -1.98142601e+05  0.00e+00 1.98e-01  3.43e-01     0s
   6  -1.97715754e+05 -1.97928753e+05  0.00e+00 6.12e-02  1.35e-01     0s
   7  -1.97766654e+05 -1.97853173e+05  0.00e+00 1.74e-02  5.46e-02     0s
   8  -1.97798742e+05 -1.97828192e+05  0.00e+00 2.48e-03  1.86e-02     0s
   9  -1.97820224e+05 -1.97820339e+05  0.00e+00 3.41e-13  7.21e-05     0s
  10  -1.97820271e+05 -1.97820271e+05  0.00e+00 3.41e-13  4.69e-10     0s

Barrier solved model in 10 iterations and 0.02 seconds
Optimal objective -1.97820271e+05


Root relaxation: objective -1.978203e+05, 52 iterations, 0.01 seconds

    Nodes    |    Current Node    |     Objective Bounds      |     Work
 Expl Unexpl |  Obj  Depth IntInf | Incumbent    BestBd   Gap | It/Node Time

     0     0 -197820.27    0   42 -175568.00 -197820.27  12.7%     -    0s
H    0     0                    -193941.0000 -197820.27  2.00%     -    0s
H    0     0                    -195551.0000 -197820.27  1.16%     -    0s
H    0     0                    -196002.0000 -197820.27  0.93%     -    0s

Explored 0 nodes (79 simplex iterations) in 0.04 seconds
Thread count was 16 (of 16 available processors)

Optimal solution found (tolerance 1.00e-02)
Best objective -1.960020000000e+05, best bound -1.978200000000e+05, gap 0.9275%
Changed value of parameter MIPGap to 0.01
   Prev: 0.0001  Min: 0.0  Max: 1e+100  Default: 0.0001
Changed value of parameter TimeLimit to 1800.0
   Prev: 1e+100  Min: 0.0  Max: 1e+100  Default: 1e+100
Changed value of parameter Method to 2
   Prev: -1  Min: -1  Max: 4  Default: -1
Changed value of parameter MIPFocus to 1
   Prev: 0  Min: 0  Max: 3  Default: 0
Optimize a model with 2208 rows, 3162 columns and 6324 nonzeros
Coefficient statistics:
  Matrix range    [1e+00, 2e+01]
  Objective range [5e+02, 1e+04]
  Bounds range    [1e+00, 1e+00]
  RHS range       [8e+01, 8e+01]
Found heuristic solution: objective 0
Presolve removed 2144 rows and 2398 columns
Presolve time: 0.01s
Presolved: 64 rows, 764 columns, 1339 nonzeros
Found heuristic solution: objective -1748768.000
Variable types: 0 continuous, 764 integer (651 binary)
Optimize a model with 64 rows, 764 columns and 1339 nonzeros
Coefficient statistics:
  Matrix range    [1e+00, 2e+01]
  Objective range [5e+02, 1e+04]
  Bounds range    [1e+00, 8e+00]
  RHS range       [1e+01, 8e+01]
Presolve removed 0 rows and 1 columns
Presolved: 64 rows, 763 columns, 1338 nonzeros

Root barrier log...

Ordering time: 0.00s

Barrier statistics:
 AA' NZ     : 5.480e+02
 Factor NZ  : 1.839e+03
 Factor Ops : 7.119e+04 (less than 1 second per iteration)
 Threads    : 1

                  Objective                Residual
Iter       Primal          Dual         Primal    Dual     Compl     Time
   0  -3.58251836e+06 -4.76734009e+06  1.35e+01 1.82e-12  6.34e+03     0s
   1  -1.83438396e+06 -3.34058779e+06  9.68e-01 1.16e+03  1.30e+03     0s
   2  -1.86097639e+06 -2.14968613e+06  6.02e-03 1.52e+02  1.85e+02     0s
   3  -1.95570134e+06 -1.99915666e+06  0.00e+00 1.96e+01  2.75e+01     0s
   4  -1.96844181e+06 -1.97991330e+06  0.00e+00 4.55e+00  7.26e+00     0s
   5  -1.97081036e+06 -1.97590325e+06  0.00e+00 1.92e+00  3.22e+00     0s
   6  -1.97181076e+06 -1.97395212e+06  0.00e+00 5.47e-01  1.35e+00     0s
   7  -1.97228251e+06 -1.97333189e+06  0.00e+00 1.77e-01  6.63e-01     0s
   8  -1.97263118e+06 -1.97313307e+06  0.00e+00 7.00e-02  3.17e-01     0s
   9  -1.97295736e+06 -1.97299115e+06  0.00e+00 6.73e-03  2.13e-02     0s
  10  -1.97297316e+06 -1.97297587e+06  0.00e+00 6.28e-04  1.71e-03     0s
  11  -1.97297384e+06 -1.97297385e+06  0.00e+00 3.64e-12  2.01e-06     0s
  12  -1.97297384e+06 -1.97297384e+06  0.00e+00 3.64e-12  2.01e-09     0s

Barrier solved model in 12 iterations and 0.02 seconds
Optimal objective -1.97297384e+06


Root relaxation: objective -1.972974e+06, 52 iterations, 0.01 seconds

    Nodes    |    Current Node    |     Objective Bounds      |     Work
 Expl Unexpl |  Obj  Depth IntInf | Incumbent    BestBd   Gap | It/Node Time

     0     0 -1972973.8    0   42 -1748768.0 -1972973.8  12.8%     -    0s
H    0     0                    -1929644.000 -1972973.8  2.25%     -    0s
H    0     0                    -1951603.000 -1972973.8  1.10%     -    0s
H    0     0                    -1954605.000 -1972973.8  0.94%     -    0s

Explored 0 nodes (79 simplex iterations) in 0.04 seconds
Thread count was 16 (of 16 available processors)

Optimal solution found (tolerance 1.00e-02)
Best objective -1.954605000000e+06, best bound -1.972973842857e+06, gap 0.9398%
