Changed value of parameter MIPGap to 0.01
   Prev: 0.0001  Min: 0.0  Max: 1e+100  Default: 0.0001
Changed value of parameter TimeLimit to 1800.0
   Prev: 1e+100  Min: 0.0  Max: 1e+100  Default: 1e+100
Changed value of parameter Method to 2
   Prev: -1  Min: -1  Max: 4  Default: -1
Changed value of parameter MIPFocus to 1
   Prev: 0  Min: 0  Max: 3  Default: 0
Optimize a model with 2364 rows, 7224 columns and 14448 nonzeros
Coefficient statistics:
  Matrix range    [1e+00, 4e+01]
  Objective range [1e+00, 1e+00]
  Bounds range    [1e+00, 1e+00]
  RHS range       [8e+01, 8e+01]
Found heuristic solution: objective 0
Presolve removed 97 rows and 315 columns
Presolve time: 0.09s
Presolved: 2267 rows, 6909 columns, 13818 nonzeros
Found heuristic solution: objective -940.0000000
Variable types: 0 continuous, 6909 integer (6909 binary)
Optimize a model with 2267 rows, 6909 columns and 13818 nonzeros
Coefficient statistics:
  Matrix range    [1e+00, 4e+01]
  Objective range [1e+00, 1e+00]
  Bounds range    [1e+00, 1e+00]
  RHS range       [1e+00, 8e+01]
Presolved: 2267 rows, 6909 columns, 13818 nonzeros

Root barrier log...

Ordering time: 0.00s

Barrier statistics:
 AA' NZ     : 6.909e+03
 Factor NZ  : 3.897e+04 (roughly 4 MBytes of memory)
 Factor Ops : 3.007e+06 (less than 1 second per iteration)
 Threads    : 1

                  Objective                Residual
Iter       Primal          Dual         Primal    Dual     Compl     Time
   0  -3.85408664e+03 -5.38180274e+03  2.26e+01 2.48e-01  1.92e+00     0s
   1  -1.42434718e+03 -3.95133015e+03  3.50e+00 8.88e-16  3.80e-01     0s
   2  -1.01480509e+03 -1.68497982e+03  3.02e-01 3.77e-15  5.58e-02     0s
   3  -9.86453783e+02 -1.05188607e+03  2.81e-02 3.33e-15  5.11e-03     0s
   4  -9.86311218e+02 -9.89300966e+02  2.97e-03 1.33e-15  2.62e-04     0s
   5  -9.86461395e+02 -9.86489694e+02  1.89e-05 4.44e-16  2.34e-06     0s
   6  -9.86463415e+02 -9.86463415e+02  9.35e-11 4.88e-15  6.02e-11     0s

Barrier solved model in 6 iterations and 0.25 seconds
Optimal objective -9.86463415e+02


Root relaxation: objective -9.864634e+02, 5181 iterations, 0.18 seconds

    Nodes    |    Current Node    |     Objective Bounds      |     Work
 Expl Unexpl |  Obj  Depth IntInf | Incumbent    BestBd   Gap | It/Node Time

     0     0 -986.46341    0  187 -940.00000 -986.46341  4.94%     -    0s
H    0     0                    -957.0000000 -986.46341  3.08%     -    0s
H    0     0                    -960.0000000 -986.46341  2.76%     -    0s
H    0     0                    -961.0000000 -986.46341  2.65%     -    0s
     0     0 -984.90244    0  263 -961.00000 -984.90244  2.49%     -    0s
H    0     0                    -971.0000000 -984.90244  1.43%     -    0s
     0     0 -982.54580    0  269 -971.00000 -982.54580  1.19%     -    0s
     0     0 -981.92718    0  258 -971.00000 -981.92718  1.13%     -    0s
H    0     0                    -973.0000000 -981.92718  0.92%     -    0s

Cutting planes:
  Gomory: 23
  Cover: 100
  MIR: 33

Explored 0 nodes (7660 simplex iterations) in 0.73 seconds
Thread count was 16 (of 16 available processors)

Optimal solution found (tolerance 1.00e-02)
Best objective -9.730000000000e+02, best bound -9.810000000000e+02, gap 0.8222%
Changed value of parameter MIPGap to 0.01
   Prev: 0.0001  Min: 0.0  Max: 1e+100  Default: 0.0001
Changed value of parameter TimeLimit to 1800.0
   Prev: 1e+100  Min: 0.0  Max: 1e+100  Default: 1e+100
Changed value of parameter Method to 2
   Prev: -1  Min: -1  Max: 4  Default: -1
Changed value of parameter MIPFocus to 1
   Prev: 0  Min: 0  Max: 3  Default: 0
Optimize a model with 2364 rows, 7224 columns and 14448 nonzeros
Coefficient statistics:
  Matrix range    [1e+00, 4e+01]
  Objective range [1e+00, 1e+00]
  Bounds range    [1e+00, 1e+00]
  RHS range       [8e+01, 8e+01]
Found heuristic solution: objective 0
Presolve removed 97 rows and 315 columns
Presolve time: 0.05s
Presolved: 2267 rows, 6909 columns, 13818 nonzeros
Found heuristic solution: objective -941.8310000
Variable types: 0 continuous, 6909 integer (6909 binary)
Optimize a model with 2267 rows, 6909 columns and 13818 nonzeros
Coefficient statistics:
  Matrix range    [1e+00, 4e+01]
  Objective range [1e+00, 1e+00]
  Bounds range    [1e+00, 1e+00]
  RHS range       [1e+00, 8e+01]
Presolved: 2267 rows, 6909 columns, 13818 nonzeros

Root barrier log...

Ordering time: 0.00s

Barrier statistics:
 AA' NZ     : 6.909e+03
 Factor NZ  : 3.897e+04 (roughly 4 MBytes of memory)
 Factor Ops : 3.007e+06 (less than 1 second per iteration)
 Threads    : 1

                  Objective                Residual
Iter       Primal          Dual         Primal    Dual     Compl     Time
   0  -3.86265730e+03 -5.38595919e+03  2.26e+01 2.48e-01  1.92e+00     0s
   1  -1.42847158e+03 -3.95472659e+03  3.51e+00 8.88e-16  3.81e-01     0s
   2  -1.01705669e+03 -1.68962957e+03  3.03e-01 1.78e-14  5.60e-02     0s
   3  -9.88378989e+02 -1.05281644e+03  2.74e-02 1.78e-15  5.03e-03     0s
   4  -9.88255880e+02 -9.94569240e+02  2.75e-03 2.00e-15  4.94e-04     0s
   5  -9.88455190e+02 -9.88537741e+02  4.50e-05 8.88e-16  6.66e-06     0s
   6  -9.88461049e+02 -9.88461049e+02  9.35e-11 4.44e-16  9.83e-12     0s

Barrier solved model in 6 iterations and 0.10 seconds
Optimal objective -9.88461049e+02


Root relaxation: objective -9.884610e+02, 5182 iterations, 0.07 seconds

    Nodes    |    Current Node    |     Objective Bounds      |     Work
 Expl Unexpl |  Obj  Depth IntInf | Incumbent    BestBd   Gap | It/Node Time

     0     0 -988.46105    0  139 -941.83100 -988.46105  4.95%     -    0s
H    0     0                    -963.7830000 -988.46105  2.56%     -    0s
H    0     0                    -966.8010000 -988.46105  2.24%     -    0s
H    0     0                    -967.8050000 -988.46105  2.13%     -    0s
     0     0 -986.66276    0  218 -967.80500 -986.66276  1.95%     -    0s
H    0     0                    -974.8690000 -986.66276  1.21%     -    0s
     0     0 -983.59964    0  221 -974.86900 -983.59964  0.90%     -    0s

Cutting planes:
  Gomory: 29
  Cover: 61
  MIR: 27

Explored 0 nodes (8293 simplex iterations) in 0.34 seconds
Thread count was 16 (of 16 available processors)

Optimal solution found (tolerance 1.00e-02)
Best objective -9.748690000000e+02, best bound -9.835996446959e+02, gap 0.8956%
Changed value of parameter MIPGap to 0.01
   Prev: 0.0001  Min: 0.0  Max: 1e+100  Default: 0.0001
Changed value of parameter TimeLimit to 1800.0
   Prev: 1e+100  Min: 0.0  Max: 1e+100  Default: 1e+100
Changed value of parameter Method to 2
   Prev: -1  Min: -1  Max: 4  Default: -1
Changed value of parameter MIPFocus to 1
   Prev: 0  Min: 0  Max: 3  Default: 0
Optimize a model with 2364 rows, 7224 columns and 14448 nonzeros
Coefficient statistics:
  Matrix range    [1e+00, 4e+01]
  Objective range [1e+00, 1e+00]
  Bounds range    [1e+00, 1e+00]
  RHS range       [8e+01, 8e+01]
Found heuristic solution: objective 0
Presolve removed 97 rows and 315 columns
Presolve time: 0.05s
Presolved: 2267 rows, 6909 columns, 13818 nonzeros
Found heuristic solution: objective -943.6620000
Variable types: 0 continuous, 6909 integer (6909 binary)
Optimize a model with 2267 rows, 6909 columns and 13818 nonzeros
Coefficient statistics:
  Matrix range    [1e+00, 4e+01]
  Objective range [1e+00, 1e+00]
  Bounds range    [1e+00, 1e+00]
  RHS range       [1e+00, 8e+01]
Presolved: 2267 rows, 6909 columns, 13818 nonzeros

Root barrier log...

Ordering time: 0.00s

Barrier statistics:
 AA' NZ     : 6.909e+03
 Factor NZ  : 3.897e+04 (roughly 4 MBytes of memory)
 Factor Ops : 3.007e+06 (less than 1 second per iteration)
 Threads    : 1

                  Objective                Residual
Iter       Primal          Dual         Primal    Dual     Compl     Time
   0  -3.87122789e+03 -5.39011565e+03  2.26e+01 2.48e-01  1.92e+00     0s
   1  -1.43259394e+03 -3.95812446e+03  3.52e+00 6.66e-16  3.81e-01     0s
   2  -1.01929079e+03 -1.69425032e+03  3.04e-01 2.31e-14  5.63e-02     0s
   3  -9.90303770e+02 -1.05368503e+03  2.67e-02 1.11e-15  4.94e-03     0s
   4  -9.90253459e+02 -9.96243942e+02  3.02e-03 1.33e-15  4.76e-04     0s
   5  -9.90453409e+02 -9.90493914e+02  3.97e-05 8.88e-16  3.60e-06     0s
   6  -9.90458683e+02 -9.90458683e+02  5.13e-11 4.44e-16  3.40e-11     0s

Barrier solved model in 6 iterations and 0.10 seconds
Optimal objective -9.90458683e+02


Root relaxation: objective -9.904587e+02, 5169 iterations, 0.07 seconds

    Nodes    |    Current Node    |     Objective Bounds      |     Work
 Expl Unexpl |  Obj  Depth IntInf | Incumbent    BestBd   Gap | It/Node Time

     0     0 -990.45868    0  182 -943.66200 -990.45868  4.96%     -    0s
H    0     0                    -967.5770000 -990.45868  2.36%     -    0s
     0     0 -988.69234    0  260 -967.57700 -988.69234  2.18%     -    0s
H    0     0                    -971.6570000 -988.69234  1.75%     -    0s
     0     0 -986.80003    0  268 -971.65700 -986.80003  1.56%     -    0s
     0     0 -985.63845    0  276 -971.65700 -985.63845  1.44%     -    0s
H    0     0                    -976.8050000 -985.63845  0.90%     -    0s

Cutting planes:
  Gomory: 16
  Cover: 98
  Clique: 1
  MIR: 42

Explored 0 nodes (7540 simplex iterations) in 0.55 seconds
Thread count was 16 (of 16 available processors)

Optimal solution found (tolerance 1.00e-02)
Best objective -9.768050000000e+02, best bound -9.856384477878e+02, gap 0.9043%
Changed value of parameter MIPGap to 0.01
   Prev: 0.0001  Min: 0.0  Max: 1e+100  Default: 0.0001
Changed value of parameter TimeLimit to 1800.0
   Prev: 1e+100  Min: 0.0  Max: 1e+100  Default: 1e+100
Changed value of parameter Method to 2
   Prev: -1  Min: -1  Max: 4  Default: -1
Changed value of parameter MIPFocus to 1
   Prev: 0  Min: 0  Max: 3  Default: 0
Optimize a model with 2364 rows, 7224 columns and 14448 nonzeros
Coefficient statistics:
  Matrix range    [1e+00, 4e+01]
  Objective range [1e+00, 1e+00]
  Bounds range    [1e+00, 1e+00]
  RHS range       [8e+01, 8e+01]
Found heuristic solution: objective 0
Presolve removed 97 rows and 315 columns
Presolve time: 0.05s
Presolved: 2267 rows, 6909 columns, 13818 nonzeros
Found heuristic solution: objective -947.3240000
Variable types: 0 continuous, 6909 integer (6909 binary)
Optimize a model with 2267 rows, 6909 columns and 13818 nonzeros
Coefficient statistics:
  Matrix range    [1e+00, 4e+01]
  Objective range [1e+00, 1e+00]
  Bounds range    [1e+00, 1e+00]
  RHS range       [1e+00, 8e+01]
Presolved: 2267 rows, 6909 columns, 13818 nonzeros

Root barrier log...

Ordering time: 0.00s

Barrier statistics:
 AA' NZ     : 6.909e+03
 Factor NZ  : 3.897e+04 (roughly 4 MBytes of memory)
 Factor Ops : 3.007e+06 (less than 1 second per iteration)
 Threads    : 1

                  Objective                Residual
Iter       Primal          Dual         Primal    Dual     Compl     Time
   0  -3.88836886e+03 -5.39842856e+03  2.26e+01 2.49e-01  1.93e+00     0s
   1  -1.44083259e+03 -3.96492449e+03  3.53e+00 6.66e-16  3.82e-01     0s
   2  -1.02370545e+03 -1.70340374e+03  3.05e-01 1.95e-14  5.67e-02     0s
   3  -9.94151441e+02 -1.05550040e+03  2.53e-02 1.11e-15  4.78e-03     0s
   4  -9.94242621e+02 -9.99594396e+02  3.54e-03 1.33e-15  4.39e-04     0s
   5  -9.94447423e+02 -9.94495215e+02  5.82e-05 6.66e-16  4.43e-06     0s
   6  -9.94453951e+02 -9.94453952e+02  9.27e-11 6.66e-16  4.50e-11     0s

Barrier solved model in 6 iterations and 0.10 seconds
Optimal objective -9.94453951e+02


Root relaxation: objective -9.944540e+02, 5182 iterations, 0.07 seconds

    Nodes    |    Current Node    |     Objective Bounds      |     Work
 Expl Unexpl |  Obj  Depth IntInf | Incumbent    BestBd   Gap | It/Node Time

     0     0 -994.45395    0  157 -947.32400 -994.45395  4.98%     -    0s
H    0     0                    -971.2120000 -994.45395  2.39%     -    0s
H    0     0                    -972.2040000 -994.45395  2.29%     -    0s
H    0     0                    -974.2360000 -994.45395  2.08%     -    0s
H    0     0                    -975.2760000 -994.45395  1.97%     -    0s
H    0     0                    -976.3160000 -994.45395  1.86%     -    0s
     0     0 -992.61028    0  224 -976.31600 -992.61028  1.67%     -    0s
H    0     0                    -981.5300000 -992.61028  1.13%     -    0s
     0     0 -990.50204    0  248 -981.53000 -990.50204  0.91%     -    0s

Cutting planes:
  Gomory: 24
  Cover: 64
  MIR: 33

Explored 0 nodes (7294 simplex iterations) in 0.32 seconds
Thread count was 16 (of 16 available processors)

Optimal solution found (tolerance 1.00e-02)
Best objective -9.815300000000e+02, best bound -9.905020439502e+02, gap 0.9141%
Changed value of parameter MIPGap to 0.01
   Prev: 0.0001  Min: 0.0  Max: 1e+100  Default: 0.0001
Changed value of parameter TimeLimit to 1800.0
   Prev: 1e+100  Min: 0.0  Max: 1e+100  Default: 1e+100
Changed value of parameter Method to 2
   Prev: -1  Min: -1  Max: 4  Default: -1
Changed value of parameter MIPFocus to 1
   Prev: 0  Min: 0  Max: 3  Default: 0
Optimize a model with 2364 rows, 7224 columns and 14448 nonzeros
Coefficient statistics:
  Matrix range    [1e+00, 4e+01]
  Objective range [1e+00, 1e+00]
  Bounds range    [1e+00, 1e+00]
  RHS range       [8e+01, 8e+01]
Found heuristic solution: objective 0
Presolve removed 97 rows and 315 columns
Presolve time: 0.05s
Presolved: 2267 rows, 6909 columns, 13818 nonzeros
Found heuristic solution: objective -954.6480000
Variable types: 0 continuous, 6909 integer (6909 binary)
Optimize a model with 2267 rows, 6909 columns and 13818 nonzeros
Coefficient statistics:
  Matrix range    [1e+00, 4e+01]
  Objective range [1e+00, 1e+00]
  Bounds range    [1e+00, 1e+00]
  RHS range       [1e+00, 8e+01]
Presolved: 2267 rows, 6909 columns, 13818 nonzeros

Root barrier log...

Ordering time: 0.00s

Barrier statistics:
 AA' NZ     : 6.909e+03
 Factor NZ  : 3.897e+04 (roughly 4 MBytes of memory)
 Factor Ops : 3.007e+06 (less than 1 second per iteration)
 Threads    : 1

                  Objective                Residual
Iter       Primal          Dual         Primal    Dual     Compl     Time
   0  -3.92264997e+03 -5.41505439e+03  2.26e+01 2.49e-01  1.93e+00     0s
   1  -1.45728586e+03 -3.97854153e+03  3.56e+00 6.66e-16  3.84e-01     0s
   2  -1.03235565e+03 -1.72134984e+03  3.05e-01 3.42e-14  5.74e-02     0s
   3  -1.00510078e+03 -1.05875331e+03  4.31e-02 1.33e-15  4.54e-03     0s
   4  -1.00273719e+03 -1.01067664e+03  7.37e-03 6.66e-16  6.84e-04     0s
   5  -1.00244433e+03 -1.00278110e+03  5.61e-05 6.66e-16  2.48e-05     0s
   6  -1.00244449e+03 -1.00244449e+03  4.96e-11 4.44e-16  2.94e-10     0s

Barrier solved model in 6 iterations and 0.10 seconds
Optimal objective -1.00244449e+03


Root relaxation: objective -1.002444e+03, 5187 iterations, 0.07 seconds

    Nodes    |    Current Node    |     Objective Bounds      |     Work
 Expl Unexpl |  Obj  Depth IntInf | Incumbent    BestBd   Gap | It/Node Time

     0     0 -1002.4445    0  160 -954.64800 -1002.4445  5.01%     -    0s
H    0     0                    -977.2000000 -1002.4445  2.58%     -    0s
H    0     0                    -979.3120000 -1002.4445  2.36%     -    0s
H    0     0                    -979.3600000 -1002.4445  2.36%     -    0s
H    0     0                    -980.4400000 -1002.4445  2.24%     -    0s
     0     0 -1001.2591    0  228 -980.44000 -1001.2591  2.12%     -    0s
H    0     0                    -988.0000000 -1001.2591  1.34%     -    0s
     0     0 -997.20162    0  231 -988.00000 -997.20162  0.93%     -    0s

Cutting planes:
  Gomory: 34
  Cover: 63
  Clique: 2
  MIR: 41

Explored 0 nodes (7552 simplex iterations) in 0.31 seconds
Thread count was 16 (of 16 available processors)

Optimal solution found (tolerance 1.00e-02)
Best objective -9.880000000000e+02, best bound -9.972016159017e+02, gap 0.9313%
Changed value of parameter MIPGap to 0.01
   Prev: 0.0001  Min: 0.0  Max: 1e+100  Default: 0.0001
Changed value of parameter TimeLimit to 1800.0
   Prev: 1e+100  Min: 0.0  Max: 1e+100  Default: 1e+100
Changed value of parameter Method to 2
   Prev: -1  Min: -1  Max: 4  Default: -1
Changed value of parameter MIPFocus to 1
   Prev: 0  Min: 0  Max: 3  Default: 0
Optimize a model with 2364 rows, 7224 columns and 14448 nonzeros
Coefficient statistics:
  Matrix range    [1e+00, 4e+01]
  Objective range [1e+00, 1e+00]
  Bounds range    [1e+00, 1e+00]
  RHS range       [8e+01, 8e+01]
Found heuristic solution: objective 0
Presolve removed 97 rows and 315 columns
Presolve time: 0.04s
Presolved: 2267 rows, 6909 columns, 13818 nonzeros
Found heuristic solution: objective -958.3100000
Variable types: 0 continuous, 6909 integer (6909 binary)
Optimize a model with 2267 rows, 6909 columns and 13818 nonzeros
Coefficient statistics:
  Matrix range    [1e+00, 4e+01]
  Objective range [1e+00, 1e+00]
  Bounds range    [1e+00, 1e+00]
  RHS range       [1e+00, 8e+01]
Presolved: 2267 rows, 6909 columns, 13818 nonzeros

Root barrier log...

Ordering time: 0.00s

Barrier statistics:
 AA' NZ     : 6.909e+03
 Factor NZ  : 3.897e+04 (roughly 4 MBytes of memory)
 Factor Ops : 3.007e+06 (less than 1 second per iteration)
 Threads    : 1

                  Objective                Residual
Iter       Primal          Dual         Primal    Dual     Compl     Time
   0  -3.93979012e+03 -5.42336730e+03  2.26e+01 2.49e-01  1.93e+00     0s
   1  -1.46550062e+03 -3.98535846e+03  3.57e+00 6.66e-16  3.85e-01     0s
   2  -1.03668226e+03 -1.73128816e+03  3.05e-01 1.24e-14  5.78e-02     0s
   3  -1.00918641e+03 -1.06167242e+03  4.40e-02 1.33e-15  4.47e-03     0s
   4  -1.00693629e+03 -1.01396436e+03  8.36e-03 6.66e-16  6.36e-04     0s
   5  -1.00643927e+03 -1.00651961e+03  7.83e-05 6.22e-15  7.09e-06     0s
   6  -1.00643976e+03 -1.00643978e+03  6.64e-09 4.44e-16  1.85e-09     0s
   7  -1.00643976e+03 -1.00643976e+03  1.18e-12 1.11e-15  1.85e-12     0s

Barrier solved model in 7 iterations and 0.10 seconds
Optimal objective -1.00643976e+03


Root relaxation: objective -1.006440e+03, 4667 iterations, 0.07 seconds

    Nodes    |    Current Node    |     Objective Bounds      |     Work
 Expl Unexpl |  Obj  Depth IntInf | Incumbent    BestBd   Gap | It/Node Time

     0     0 -1006.4398    0  196 -958.31000 -1006.4398  5.02%     -    0s
H    0     0                    -975.5250000 -1006.4398  3.17%     -    0s
H    0     0                    -980.8450000 -1006.4398  2.61%     -    0s
     0     0 -1005.3398    0  252 -980.84500 -1005.3398  2.50%     -    0s
H    0     0                    -986.4050000 -1005.3398  1.92%     -    0s
     0     0 -1003.8294    0  261 -986.40500 -1003.8294  1.77%     -    0s
     0     0 -1002.7563    0  262 -986.40500 -1002.7563  1.66%     -    0s
H    0     0                    -989.7400000 -1002.7563  1.32%     -    0s
     0     0 -1000.2820    0  199 -989.74000 -1000.2820  1.07%     -    0s
     0     0 -1000.2214    0  234 -989.74000 -1000.2214  1.06%     -    0s
H    0     0                    -992.0600000 -1000.2214  0.82%     -    0s

Cutting planes:
  Gomory: 25
  Cover: 119
  Clique: 3
  MIR: 45

Explored 0 nodes (7807 simplex iterations) in 0.71 seconds
Thread count was 16 (of 16 available processors)

Optimal solution found (tolerance 1.00e-02)
Best objective -9.920600000000e+02, best bound -1.000220000000e+03, gap 0.8225%
Changed value of parameter MIPGap to 0.01
   Prev: 0.0001  Min: 0.0  Max: 1e+100  Default: 0.0001
Changed value of parameter TimeLimit to 1800.0
   Prev: 1e+100  Min: 0.0  Max: 1e+100  Default: 1e+100
Changed value of parameter Method to 2
   Prev: -1  Min: -1  Max: 4  Default: -1
Changed value of parameter MIPFocus to 1
   Prev: 0  Min: 0  Max: 3  Default: 0
Optimize a model with 2364 rows, 7224 columns and 14448 nonzeros
Coefficient statistics:
  Matrix range    [1e+00, 4e+01]
  Objective range [1e+00, 1e+00]
  Bounds range    [1e+00, 1e+00]
  RHS range       [8e+01, 8e+01]
Found heuristic solution: objective 0
Presolve removed 97 rows and 315 columns
Presolve time: 0.04s
Presolved: 2267 rows, 6909 columns, 13818 nonzeros
Found heuristic solution: objective -976.6200000
Variable types: 0 continuous, 6909 integer (6909 binary)
Optimize a model with 2267 rows, 6909 columns and 13818 nonzeros
Coefficient statistics:
  Matrix range    [1e+00, 4e+01]
  Objective range [1e+00, 1e+00]
  Bounds range    [1e+00, 1e+00]
  RHS range       [1e+00, 8e+01]
Presolved: 2267 rows, 6909 columns, 13818 nonzeros

Root barrier log...

Ordering time: 0.00s

Barrier statistics:
 AA' NZ     : 6.909e+03
 Factor NZ  : 3.897e+04 (roughly 4 MBytes of memory)
 Factor Ops : 3.007e+06 (less than 1 second per iteration)
 Threads    : 1

                  Objective                Residual
Iter       Primal          Dual         Primal    Dual     Compl     Time
   0  -4.02548691e+03 -5.46512713e+03  2.26e+01 2.51e-01  1.94e+00     0s
   1  -1.50708605e+03 -4.01969199e+03  3.64e+00 6.66e-16  3.90e-01     0s
   2  -1.07932449e+03 -1.85355585e+03  4.36e-01 1.55e-15  6.80e-02     0s
   3  -1.03149165e+03 -1.11673394e+03  5.65e-02 2.89e-15  7.05e-03     0s
   4  -1.02764170e+03 -1.03744480e+03  1.39e-02 1.11e-15  9.27e-04     0s
   5  -1.02641710e+03 -1.02741194e+03  2.72e-04 8.88e-16  7.50e-05     0s
   6  -1.02641596e+03 -1.02641796e+03  9.32e-08 4.44e-16  1.44e-07     0s
   7  -1.02641610e+03 -1.02641610e+03  3.71e-14 4.44e-16  1.44e-10     0s

Barrier solved model in 7 iterations and 0.10 seconds
Optimal objective -1.02641610e+03


Root relaxation: objective -1.026416e+03, 5092 iterations, 0.08 seconds

    Nodes    |    Current Node    |     Objective Bounds      |     Work
 Expl Unexpl |  Obj  Depth IntInf | Incumbent    BestBd   Gap | It/Node Time

     0     0 -1026.4161    0  154 -976.62000 -1026.4161  5.10%     -    0s
H    0     0                    -999.4100000 -1026.4161  2.70%     -    0s
H    0     0                    -1001.570000 -1026.4161  2.48%     -    0s
H    0     0                    -1002.170000 -1026.4161  2.42%     -    0s
     0     0 -1023.8938    0  241 -1002.1700 -1023.8938  2.17%     -    0s
H    0     0                    -1006.010000 -1023.8938  1.78%     -    0s
     0     0 -1022.5857    0  256 -1006.0100 -1022.5857  1.65%     -    0s
     0     0 -1021.6784    0  264 -1006.0100 -1021.6784  1.56%     -    0s
H    0     0                    -1009.610000 -1021.6784  1.20%     -    0s
     0     0 -1020.0136    0  252 -1009.6100 -1020.0136  1.03%     -    0s
     0     0 -1019.4529    0  251 -1009.6100 -1019.4529  0.97%     -    0s

Cutting planes:
  Gomory: 22
  Cover: 130
  Clique: 2
  MIR: 77

Explored 0 nodes (8459 simplex iterations) in 0.57 seconds
Thread count was 16 (of 16 available processors)

Optimal solution found (tolerance 1.00e-02)
Best objective -1.009610000000e+03, best bound -1.019450000000e+03, gap 0.9746%
Changed value of parameter MIPGap to 0.01
   Prev: 0.0001  Min: 0.0  Max: 1e+100  Default: 0.0001
Changed value of parameter TimeLimit to 1800.0
   Prev: 1e+100  Min: 0.0  Max: 1e+100  Default: 1e+100
Changed value of parameter Method to 2
   Prev: -1  Min: -1  Max: 4  Default: -1
Changed value of parameter MIPFocus to 1
   Prev: 0  Min: 0  Max: 3  Default: 0
Optimize a model with 2364 rows, 7224 columns and 14448 nonzeros
Coefficient statistics:
  Matrix range    [1e+00, 4e+01]
  Objective range [1e+00, 1e+00]
  Bounds range    [1e+00, 1e+00]
  RHS range       [8e+01, 8e+01]
Found heuristic solution: objective 0
Presolve removed 97 rows and 315 columns
Presolve time: 0.04s
Presolved: 2267 rows, 6909 columns, 13818 nonzeros
Found heuristic solution: objective -1013.240000
Variable types: 0 continuous, 6909 integer (6909 binary)
Optimize a model with 2267 rows, 6909 columns and 13818 nonzeros
Coefficient statistics:
  Matrix range    [1e+00, 4e+01]
  Objective range [1e+00, 1e+00]
  Bounds range    [1e+00, 1e+00]
  RHS range       [1e+00, 8e+01]
Presolved: 2267 rows, 6909 columns, 13818 nonzeros

Root barrier log...

Ordering time: 0.00s

Barrier statistics:
 AA' NZ     : 6.909e+03
 Factor NZ  : 3.897e+04 (roughly 4 MBytes of memory)
 Factor Ops : 3.007e+06 (less than 1 second per iteration)
 Threads    : 1

                  Objective                Residual
Iter       Primal          Dual         Primal    Dual     Compl     Time
   0  -4.19740473e+03 -6.12441080e+03  2.26e+01 2.66e-01  2.21e+00     0s
   1  -1.53635327e+03 -4.46829980e+03  3.42e+00 6.66e-16  4.31e-01     0s
   2  -1.11655731e+03 -1.96239278e+03  4.22e-01 2.22e-15  7.36e-02     0s
   3  -1.07070535e+03 -1.16052763e+03  5.40e-02 1.33e-15  7.38e-03     0s
   4  -1.06677539e+03 -1.06775946e+03  5.97e-03 8.88e-16  1.75e-04     0s
   5  -1.06637411e+03 -1.06681861e+03  3.70e-05 4.44e-16  3.20e-05     0s
   6  -1.06637603e+03 -1.06649443e+03  1.50e-05 4.44e-16  8.63e-06     0s
   7  -1.06637879e+03 -1.06639852e+03  2.68e-06 4.44e-16  1.44e-06     0s
   8  -1.06637964e+03 -1.06637982e+03  5.64e-10 4.44e-16  1.23e-08     0s
   9  -1.06637968e+03 -1.06637968e+03  3.67e-13 4.44e-16  1.25e-11     0s

Barrier solved model in 9 iterations and 0.12 seconds
Optimal objective -1.06637968e+03


Root relaxation: objective -1.066380e+03, 4645 iterations, 0.09 seconds

    Nodes    |    Current Node    |     Objective Bounds      |     Work
 Expl Unexpl |  Obj  Depth IntInf | Incumbent    BestBd   Gap | It/Node Time

     0     0 -1066.3797    0  201 -1013.2400 -1066.3797  5.24%     -    0s
H    0     0                    -1029.600000 -1066.3797  3.57%     -    0s
H    0     0                    -1032.400000 -1066.3797  3.29%     -    0s
H    0     0                    -1033.560000 -1066.3797  3.18%     -    0s
H    0     0                    -1034.720000 -1066.3797  3.06%     -    0s
H    0     0                    -1036.360000 -1066.3797  2.90%     -    0s
     0     0 -1064.0892    0  297 -1036.3600 -1064.0892  2.68%     -    0s
H    0     0                    -1047.800000 -1064.0892  1.55%     -    0s
     0     0 -1062.3284    0  264 -1047.8000 -1062.3284  1.39%     -    0s
     0     0 -1062.1001    0  255 -1047.8000 -1062.1001  1.36%     -    0s
H    0     0                    -1050.600000 -1062.1001  1.09%     -    0s
     0     0 -1060.6103    0  257 -1050.6000 -1060.6103  0.95%     -    0s

Cutting planes:
  Gomory: 29
  Cover: 107
  Clique: 6
  MIR: 67

Explored 0 nodes (7467 simplex iterations) in 0.57 seconds
Thread count was 16 (of 16 available processors)

Optimal solution found (tolerance 1.00e-02)
Best objective -1.050600000000e+03, best bound -1.060600000000e+03, gap 0.9518%
Changed value of parameter MIPGap to 0.01
   Prev: 0.0001  Min: 0.0  Max: 1e+100  Default: 0.0001
Changed value of parameter TimeLimit to 1800.0
   Prev: 1e+100  Min: 0.0  Max: 1e+100  Default: 1e+100
Changed value of parameter Method to 2
   Prev: -1  Min: -1  Max: 4  Default: -1
Changed value of parameter MIPFocus to 1
   Prev: 0  Min: 0  Max: 3  Default: 0
Optimize a model with 2364 rows, 7224 columns and 14448 nonzeros
Coefficient statistics:
  Matrix range    [1e+00, 4e+01]
  Objective range [1e+00, 2e+00]
  Bounds range    [1e+00, 1e+00]
  RHS range       [8e+01, 8e+01]
Found heuristic solution: objective 0
Presolve removed 97 rows and 315 columns
Presolve time: 0.04s
Presolved: 2267 rows, 6909 columns, 13818 nonzeros
Found heuristic solution: objective -1086.480000
Variable types: 0 continuous, 6909 integer (6909 binary)
Optimize a model with 2267 rows, 6909 columns and 13818 nonzeros
Coefficient statistics:
  Matrix range    [1e+00, 4e+01]
  Objective range [1e+00, 2e+00]
  Bounds range    [1e+00, 1e+00]
  RHS range       [1e+00, 8e+01]
Presolved: 2267 rows, 6909 columns, 13818 nonzeros

Root barrier log...

Ordering time: 0.00s

Barrier statistics:
 AA' NZ     : 6.909e+03
 Factor NZ  : 3.897e+04 (roughly 4 MBytes of memory)
 Factor Ops : 3.007e+06 (less than 1 second per iteration)
 Threads    : 1

                  Objective                Residual
Iter       Primal          Dual         Primal    Dual     Compl     Time
   0  -4.54142943e+03 -7.79014669e+03  2.26e+01 3.47e-01  2.89e+00     0s
   1  -1.67341340e+03 -5.58556681e+03  3.75e+00 8.88e-16  5.86e-01     0s
   2  -1.19150377e+03 -2.34826255e+03  4.51e-01 1.55e-15  9.96e-02     0s
   3  -1.13956322e+03 -1.27539176e+03  7.11e-03 6.66e-16  9.74e-03     0s
   4  -1.14555742e+03 -1.17600693e+03  1.67e-03 8.88e-16  2.18e-03     0s
   5  -1.14770451e+03 -1.15132921e+03  2.92e-04 4.44e-16  2.62e-04     0s
   6  -1.14820077e+03 -1.14822010e+03  1.40e-06 6.66e-16  1.40e-06     0s
   7  -1.14820413e+03 -1.14820415e+03  1.08e-13 6.66e-16  1.40e-09     0s
   8  -1.14820413e+03 -1.14820413e+03  1.60e-13 6.66e-16  1.40e-12     0s

Barrier solved model in 8 iterations and 0.11 seconds
Optimal objective -1.14820413e+03


Root relaxation: objective -1.148204e+03, 4625 iterations, 0.08 seconds

    Nodes    |    Current Node    |     Objective Bounds      |     Work
 Expl Unexpl |  Obj  Depth IntInf | Incumbent    BestBd   Gap | It/Node Time

     0     0 -1148.2041    0  165 -1086.4800 -1148.2041  5.68%     -    0s
H    0     0                    -1104.960000 -1148.2041  3.91%     -    0s
H    0     0                    -1111.000000 -1148.2041  3.35%     -    0s
H    0     0                    -1124.200000 -1148.2041  2.14%     -    0s
     0     0 -1147.1393    0  278 -1124.2000 -1147.1393  2.04%     -    0s
H    0     0                    -1128.640000 -1147.1393  1.64%     -    0s
     0     0 -1144.2918    0  276 -1128.6400 -1144.2918  1.39%     -    0s
     0     0 -1140.3165    0  232 -1128.6400 -1140.3165  1.03%     -    0s
     0     0 -1138.5919    0  235 -1128.6400 -1138.5919  0.88%     -    0s

Cutting planes:
  Gomory: 23
  Cover: 107
  Clique: 2
  MIR: 59

Explored 0 nodes (7893 simplex iterations) in 0.51 seconds
Thread count was 16 (of 16 available processors)

Optimal solution found (tolerance 1.00e-02)
Best objective -1.128640000000e+03, best bound -1.138560000000e+03, gap 0.8789%
Changed value of parameter MIPGap to 0.01
   Prev: 0.0001  Min: 0.0  Max: 1e+100  Default: 0.0001
Changed value of parameter TimeLimit to 1800.0
   Prev: 1e+100  Min: 0.0  Max: 1e+100  Default: 1e+100
Changed value of parameter Method to 2
   Prev: -1  Min: -1  Max: 4  Default: -1
Changed value of parameter MIPFocus to 1
   Prev: 0  Min: 0  Max: 3  Default: 0
Optimize a model with 2364 rows, 7224 columns and 14448 nonzeros
Coefficient statistics:
  Matrix range    [1e+00, 4e+01]
  Objective range [1e+00, 2e+00]
  Bounds range    [1e+00, 1e+00]
  RHS range       [8e+01, 8e+01]
Found heuristic solution: objective 0
Presolve removed 97 rows and 315 columns
Presolve time: 0.04s
Presolved: 2267 rows, 6909 columns, 13818 nonzeros
Found heuristic solution: objective -1123.100000
Variable types: 0 continuous, 6909 integer (6909 binary)
Optimize a model with 2267 rows, 6909 columns and 13818 nonzeros
Coefficient statistics:
  Matrix range    [1e+00, 4e+01]
  Objective range [1e+00, 2e+00]
  Bounds range    [1e+00, 1e+00]
  RHS range       [1e+00, 8e+01]
Presolved: 2267 rows, 6909 columns, 13818 nonzeros

Root barrier log...

Ordering time: 0.00s

Barrier statistics:
 AA' NZ     : 6.909e+03
 Factor NZ  : 3.897e+04 (roughly 4 MBytes of memory)
 Factor Ops : 3.007e+06 (less than 1 second per iteration)
 Threads    : 1

                  Objective                Residual
Iter       Primal          Dual         Primal    Dual     Compl     Time
   0  -4.71339835e+03 -8.62301464e+03  2.26e+01 3.88e-01  3.23e+00     0s
   1  -1.74175908e+03 -6.14867569e+03  3.86e+00 8.88e-16  6.64e-01     0s
   2  -1.22953165e+03 -2.53804600e+03  4.62e-01 1.55e-15  1.12e-01     0s
   3  -1.17957234e+03 -1.32226696e+03  1.06e-02 8.88e-16  1.03e-02     0s
   4  -1.18654982e+03 -1.20924471e+03  2.16e-03 8.88e-16  1.65e-03     0s
   5  -1.18871381e+03 -1.19127548e+03  3.53e-04 4.44e-16  1.88e-04     0s
   6  -1.18911565e+03 -1.18912782e+03  2.80e-07 8.88e-16  8.65e-07     0s
   7  -1.18911636e+03 -1.18911637e+03  4.94e-14 5.27e-16  8.65e-10     0s
   8  -1.18911636e+03 -1.18911636e+03  5.20e-14 8.88e-16  8.65e-13     0s

Barrier solved model in 8 iterations and 0.11 seconds
Optimal objective -1.18911636e+03


Root relaxation: objective -1.189116e+03, 4608 iterations, 0.08 seconds

    Nodes    |    Current Node    |     Objective Bounds      |     Work
 Expl Unexpl |  Obj  Depth IntInf | Incumbent    BestBd   Gap | It/Node Time

     0     0 -1189.1164    0  202 -1123.1000 -1189.1164  5.88%     -    0s
     0     0 -1186.8730    0  283 -1123.1000 -1186.8730  5.68%     -    0s
H    0     0                    -1143.200000 -1186.8730  3.82%     -    0s
H    0     0                    -1152.900000 -1186.8730  2.95%     -    0s
     0     0 -1184.4490    0  276 -1152.9000 -1184.4490  2.74%     -    0s
     0     0 -1179.4995    0  225 -1152.9000 -1179.4995  2.31%     -    0s
H    0     0                    -1163.900000 -1179.4995  1.34%     -    0s
     0     0 -1179.3485    0  234 -1163.9000 -1179.3485  1.33%     -    0s
     0     0 -1178.9226    0  251 -1163.9000 -1178.9226  1.29%     -    0s
H    0     0                    -1166.100000 -1178.9226  1.10%     -    0s
     0     0 -1178.7883    0  221 -1166.1000 -1178.7883  1.09%     -    0s
     0     0 -1178.7883    0  233 -1166.1000 -1178.7883  1.09%     -    0s
H    0     0                    -1166.700000 -1178.7883  1.04%     -    0s
     0     0 -1178.7883    0  215 -1166.7000 -1178.7883  1.04%     -    0s
     0     0 -1178.7883    0  101 -1166.7000 -1178.7883  1.04%     -    0s
H    0     0                    -1168.900000 -1178.7883  0.85%     -    1s

Cutting planes:
  Gomory: 16
  Cover: 126
  Clique: 2
  MIR: 35

Explored 0 nodes (9594 simplex iterations) in 1.06 seconds
Thread count was 16 (of 16 available processors)

Optimal solution found (tolerance 1.00e-02)
Best objective -1.168900000000e+03, best bound -1.178750000000e+03, gap 0.8427%
Changed value of parameter MIPGap to 0.01
   Prev: 0.0001  Min: 0.0  Max: 1e+100  Default: 0.0001
Changed value of parameter TimeLimit to 1800.0
   Prev: 1e+100  Min: 0.0  Max: 1e+100  Default: 1e+100
Changed value of parameter Method to 2
   Prev: -1  Min: -1  Max: 4  Default: -1
Changed value of parameter MIPFocus to 1
   Prev: 0  Min: 0  Max: 3  Default: 0
Optimize a model with 2364 rows, 7224 columns and 14448 nonzeros
Coefficient statistics:
  Matrix range    [1e+00, 4e+01]
  Objective range [1e+00, 3e+00]
  Bounds range    [1e+00, 1e+00]
  RHS range       [8e+01, 8e+01]
Found heuristic solution: objective 0
Presolve removed 97 rows and 315 columns
Presolve time: 0.04s
Presolved: 2267 rows, 6909 columns, 13818 nonzeros
Found heuristic solution: objective -1306.200000
Variable types: 0 continuous, 6909 integer (6909 binary)
Optimize a model with 2267 rows, 6909 columns and 13818 nonzeros
Coefficient statistics:
  Matrix range    [1e+00, 4e+01]
  Objective range [1e+00, 3e+00]
  Bounds range    [1e+00, 1e+00]
  RHS range       [1e+00, 8e+01]
Presolved: 2267 rows, 6909 columns, 13818 nonzeros

Root barrier log...

Ordering time: 0.00s

Barrier statistics:
 AA' NZ     : 6.909e+03
 Factor NZ  : 3.897e+04 (roughly 4 MBytes of memory)
 Factor Ops : 3.007e+06 (less than 1 second per iteration)
 Threads    : 1

                  Objective                Residual
Iter       Primal          Dual         Primal    Dual     Compl     Time
   0  -5.57304845e+03 -1.27873544e+04  2.26e+01 5.91e-01  4.95e+00     0s
   1  -2.01316404e+03 -9.00043417e+03  3.87e+00 1.55e-15  1.02e+00     0s
   2  -1.41722471e+03 -3.44613182e+03  4.64e-01 1.33e-15  1.71e-01     0s
   3  -1.37311722e+03 -1.55071708e+03  5.71e-03 2.22e-15  1.27e-02     0s
   4  -1.38895541e+03 -1.42665585e+03  1.01e-03 8.88e-16  2.69e-03     0s
   5  -1.39299457e+03 -1.40302363e+03  1.49e-04 8.15e-16  7.12e-04     0s
   6  -1.39319667e+03 -1.39415669e+03  1.11e-04 8.88e-16  7.12e-05     0s
   7  -1.39379118e+03 -1.39382080e+03  3.01e-13 8.88e-16  2.09e-06     0s
   8  -1.39379368e+03 -1.39379371e+03  2.71e-14 8.88e-16  2.09e-09     0s
   9  -1.39379369e+03 -1.39379369e+03  2.45e-14 8.88e-16  2.09e-12     0s

Barrier solved model in 9 iterations and 0.11 seconds
Optimal objective -1.39379369e+03


Root relaxation: objective -1.393794e+03, 4557 iterations, 0.09 seconds

    Nodes    |    Current Node    |     Objective Bounds      |     Work
 Expl Unexpl |  Obj  Depth IntInf | Incumbent    BestBd   Gap | It/Node Time

     0     0 -1393.7937    0  197 -1306.2000 -1393.7937  6.71%     -    0s
H    0     0                    -1331.200000 -1393.7937  4.70%     -    0s
H    0     0                    -1340.200000 -1393.7937  4.00%     -    0s
     0     0 -1388.7091    0  304 -1340.2000 -1388.7091  3.62%     -    0s
H    0     0                    -1348.000000 -1388.7091  3.02%     -    0s
     0     0 -1386.2054    0  301 -1348.0000 -1386.2054  2.83%     -    0s
     0     0 -1383.5459    0  320 -1348.0000 -1383.5459  2.64%     -    0s
H    0     0                    -1350.800000 -1383.5459  2.42%     -    0s
     0     0 -1377.5123    0  249 -1350.8000 -1377.5123  1.98%     -    0s
     0     0 -1375.6707    0  255 -1350.8000 -1375.6707  1.84%     -    0s
H    0     0                    -1360.200000 -1375.6707  1.14%     -    0s
     0     0 -1375.3976    0  255 -1360.2000 -1375.3976  1.12%     -    0s
     0     0 -1375.3976    0  273 -1360.2000 -1375.3976  1.12%     -    0s
H    0     0                    -1362.000000 -1375.3976  0.98%     -    0s

Cutting planes:
  Gomory: 19
  Cover: 149
  Clique: 3
  MIR: 49

Explored 0 nodes (8019 simplex iterations) in 0.93 seconds
Thread count was 16 (of 16 available processors)

Optimal solution found (tolerance 1.00e-02)
Best objective -1.362000000000e+03, best bound -1.375300000000e+03, gap 0.9765%
Changed value of parameter MIPGap to 0.01
   Prev: 0.0001  Min: 0.0  Max: 1e+100  Default: 0.0001
Changed value of parameter TimeLimit to 1800.0
   Prev: 1e+100  Min: 0.0  Max: 1e+100  Default: 1e+100
Changed value of parameter Method to 2
   Prev: -1  Min: -1  Max: 4  Default: -1
Changed value of parameter MIPFocus to 1
   Prev: 0  Min: 0  Max: 3  Default: 0
Optimize a model with 2364 rows, 7224 columns and 14448 nonzeros
Coefficient statistics:
  Matrix range    [1e+00, 4e+01]
  Objective range [1e+00, 5e+00]
  Bounds range    [1e+00, 1e+00]
  RHS range       [8e+01, 8e+01]
Found heuristic solution: objective 0
Presolve removed 97 rows and 315 columns
Presolve time: 0.04s
Presolved: 2267 rows, 6909 columns, 13818 nonzeros
Found heuristic solution: objective -1672.400000
Variable types: 0 continuous, 6909 integer (6909 binary)
Optimize a model with 2267 rows, 6909 columns and 13818 nonzeros
Coefficient statistics:
  Matrix range    [1e+00, 4e+01]
  Objective range [1e+00, 5e+00]
  Bounds range    [1e+00, 1e+00]
  RHS range       [1e+00, 8e+01]
Presolved: 2267 rows, 6909 columns, 13818 nonzeros

Root barrier log...

Ordering time: 0.00s

Barrier statistics:
 AA' NZ     : 6.909e+03
 Factor NZ  : 3.897e+04 (roughly 4 MBytes of memory)
 Factor Ops : 3.007e+06 (less than 1 second per iteration)
 Threads    : 1

                  Objective                Residual
Iter       Primal          Dual         Primal    Dual     Compl     Time
   0  -7.29201168e+03 -2.11160338e+04  2.26e+01 9.98e-01  8.38e+00     0s
   1  -2.57615412e+03 -1.47157399e+04  3.85e+00 2.66e-15  1.72e+00     0s
   2  -1.81297586e+03 -4.94741635e+03  4.59e-01 2.22e-15  2.62e-01     0s
   3  -1.76246899e+03 -2.09108277e+03  1.00e-02 3.55e-15  2.36e-02     0s
   4  -1.79663784e+03 -1.85935370e+03  1.27e-03 1.78e-15  4.47e-03     0s
   5  -1.80126378e+03 -1.83216271e+03  4.80e-04 1.78e-15  2.20e-03     0s
   6  -1.80331112e+03 -1.80737098e+03  1.41e-04 1.78e-15  2.91e-04     0s
   7  -1.80420907e+03 -1.80425000e+03  7.48e-14 1.78e-15  2.89e-06     0s
   8  -1.80421062e+03 -1.80421066e+03  1.26e-13 1.78e-15  2.89e-09     0s
   9  -1.80421062e+03 -1.80421062e+03  3.82e-14 1.78e-15  2.89e-12     0s

Barrier solved model in 9 iterations and 0.11 seconds
Optimal objective -1.80421062e+03


Root relaxation: objective -1.804211e+03, 4543 iterations, 0.09 seconds

    Nodes    |    Current Node    |     Objective Bounds      |     Work
 Expl Unexpl |  Obj  Depth IntInf | Incumbent    BestBd   Gap | It/Node Time

     0     0 -1804.2106    0  190 -1672.4000 -1804.2106  7.88%     -    0s
H    0     0                    -1720.200000 -1804.2106  4.88%     -    0s
H    0     0                    -1739.200000 -1804.2106  3.74%     -    0s
H    0     0                    -1740.800000 -1804.2106  3.64%     -    0s
     0     0 -1798.3630    0  318 -1740.8000 -1798.3630  3.31%     -    0s
     0     0 -1791.9303    0  339 -1740.8000 -1791.9303  2.94%     -    0s
H    0     0                    -1742.000000 -1791.9303  2.87%     -    0s
     0     0 -1780.2448    0  282 -1742.0000 -1780.2448  2.20%     -    0s
H    0     0                    -1752.000000 -1780.2448  1.61%     -    0s
     0     0 -1773.5298    0  217 -1752.0000 -1773.5298  1.23%     -    0s
     0     0 -1773.4829    0  238 -1752.0000 -1773.4829  1.23%     -    0s
     0     0 -1773.4245    0  255 -1752.0000 -1773.4245  1.22%     -    0s
     0     0 -1773.4245    0  280 -1752.0000 -1773.4245  1.22%     -    0s
H    0     0                    -1754.600000 -1773.4245  1.07%     -    0s
     0     0 -1773.3899    0  241 -1754.6000 -1773.3899  1.07%     -    0s
     0     0 -1773.3899    0  132 -1754.6000 -1773.3899  1.07%     -    0s
H    0     2                    -1756.000000 -1773.3899  0.99%     -    1s
     0     2 -1773.3899    0  117 -1756.0000 -1773.3899  0.99%     -    1s

Cutting planes:
  Gomory: 19
  Cover: 128
  Clique: 4
  MIR: 44

Explored 1 nodes (11478 simplex iterations) in 1.34 seconds
Thread count was 16 (of 16 available processors)

Optimal solution found (tolerance 1.00e-02)
Best objective -1.756000000000e+03, best bound -1.773200000000e+03, gap 0.9795%
Changed value of parameter MIPGap to 0.01
   Prev: 0.0001  Min: 0.0  Max: 1e+100  Default: 0.0001
Changed value of parameter TimeLimit to 1800.0
   Prev: 1e+100  Min: 0.0  Max: 1e+100  Default: 1e+100
Changed value of parameter Method to 2
   Prev: -1  Min: -1  Max: 4  Default: -1
Changed value of parameter MIPFocus to 1
   Prev: 0  Min: 0  Max: 3  Default: 0
Optimize a model with 2364 rows, 7224 columns and 14448 nonzeros
Coefficient statistics:
  Matrix range    [1e+00, 4e+01]
  Objective range [1e+00, 9e+00]
  Bounds range    [1e+00, 1e+00]
  RHS range       [8e+01, 8e+01]
Found heuristic solution: objective 0
Presolve removed 97 rows and 315 columns
Presolve time: 0.04s
Presolved: 2267 rows, 6909 columns, 13818 nonzeros
Found heuristic solution: objective -2404.800000
Variable types: 0 continuous, 6909 integer (6909 binary)
Optimize a model with 2267 rows, 6909 columns and 13818 nonzeros
Coefficient statistics:
  Matrix range    [1e+00, 4e+01]
  Objective range [1e+00, 9e+00]
  Bounds range    [1e+00, 1e+00]
  RHS range       [1e+00, 8e+01]
Presolved: 2267 rows, 6909 columns, 13818 nonzeros

Root barrier log...

Ordering time: 0.00s

Barrier statistics:
 AA' NZ     : 6.909e+03
 Factor NZ  : 3.897e+04 (roughly 4 MBytes of memory)
 Factor Ops : 3.007e+06 (less than 1 second per iteration)
 Threads    : 1

                  Objective                Residual
Iter       Primal          Dual         Primal    Dual     Compl     Time
   0  -1.07296507e+04 -3.77733927e+04  2.26e+01 1.81e+00  1.52e+01     0s
   1  -3.72958424e+03 -2.61567006e+04  3.83e+00 4.88e-15  3.13e+00     0s
   2  -2.63344091e+03 -8.36160070e+03  4.50e-01 4.44e-15  4.73e-01     0s
   3  -2.55315649e+03 -3.30822779e+03  1.45e-02 5.33e-15  5.41e-02     0s
   4  -2.60736772e+03 -2.69006359e+03  2.50e-03 3.55e-15  5.95e-03     0s
   5  -2.61884323e+03 -2.63768262e+03  9.35e-04 3.55e-15  1.37e-03     0s
   6  -2.62363899e+03 -2.63050479e+03  3.03e-04 3.55e-15  4.99e-04     0s
   7  -2.62581783e+03 -2.62660512e+03  9.78e-06 1.82e-15  5.61e-05     0s
   8  -2.62596465e+03 -2.62596870e+03  5.66e-14 3.55e-15  2.85e-07     0s
   9  -2.62596499e+03 -2.62596500e+03  1.55e-13 3.55e-15  2.85e-10     0s

Barrier solved model in 9 iterations and 0.11 seconds
Optimal objective -2.62596499e+03


Root relaxation: objective -2.625965e+03, 5052 iterations, 0.09 seconds

    Nodes    |    Current Node    |     Objective Bounds      |     Work
 Expl Unexpl |  Obj  Depth IntInf | Incumbent    BestBd   Gap | It/Node Time

     0     0 -2625.9650    0  171 -2404.8000 -2625.9650  9.20%     -    0s
H    0     0                    -2479.600000 -2625.9650  5.90%     -    0s
H    0     0                    -2488.000000 -2625.9650  5.55%     -    0s
     0     0 -2605.9386    0  282 -2488.0000 -2605.9386  4.74%     -    0s
H    0     0                    -2502.000000 -2605.9386  4.15%     -    0s
     0     0 -2603.1585    0  315 -2502.0000 -2603.1585  4.04%     -    0s
     0     0 -2580.6575    0  317 -2502.0000 -2580.6575  3.14%     -    0s
H    0     0                    -2522.800000 -2580.6575  2.29%     -    0s
H    0     0                    -2528.400000 -2580.6575  2.07%     -    0s
     0     0 -2576.6438    0  271 -2528.4000 -2576.6438  1.91%     -    0s
     0     0 -2575.4131    0  243 -2528.4000 -2575.4131  1.86%     -    0s
H    0     0                    -2534.000000 -2575.4131  1.63%     -    0s
     0     0 -2574.7275    0  268 -2534.0000 -2574.7275  1.61%     -    0s
     0     0 -2574.7275    0  294 -2534.0000 -2574.7275  1.61%     -    0s
     0     0 -2574.7275    0  314 -2534.0000 -2574.7275  1.61%     -    0s
     0     0 -2574.7275    0  142 -2534.0000 -2574.7275  1.61%     -    1s
H    0     0                    -2536.000000 -2574.7275  1.53%     -    1s
     0     2 -2574.7275    0  134 -2536.0000 -2574.7275  1.53%     -    1s
H   28    33                    -2538.800000 -2573.5631  1.37%  67.4    1s
H  116   114                    -2540.200000 -2573.4524  1.31%  23.3    2s
H  215   217                    -2541.800000 -2573.4524  1.25%  14.6    2s
H  319   320                    -2542.400000 -2573.4524  1.22%  11.5    3s
H  477   477                    -2543.000000 -2573.4524  1.20%   9.4    4s
H  591   579                    -2544.400000 -2573.4524  1.14%   8.7    4s
   908   827 -2545.0444  107  137 -2544.4000 -2573.4524  1.14%   7.4    5s
  1567  1432 -2556.0028   74  274 -2544.4000 -2572.9150  1.12%   6.7   11s
H 1572  1363                    -2545.600000 -2572.8189  1.07%   6.7   15s
H 2327  1768                    -2546.400000 -2571.9420  1.00%  12.7   17s
H 3434  2270                    -2547.000000 -2571.9420  0.98%  11.1   18s

Cutting planes:
  Gomory: 19
  Cover: 135
  Clique: 4
  MIR: 49
  Flow cover: 37

Explored 3626 nodes (50394 simplex iterations) in 18.46 seconds
Thread count was 16 (of 16 available processors)

Optimal solution found (tolerance 1.00e-02)
Best objective -2.547000000000e+03, best bound -2.571800000000e+03, gap 0.9737%
Changed value of parameter MIPGap to 0.01
   Prev: 0.0001  Min: 0.0  Max: 1e+100  Default: 0.0001
Changed value of parameter TimeLimit to 1800.0
   Prev: 1e+100  Min: 0.0  Max: 1e+100  Default: 1e+100
Changed value of parameter Method to 2
   Prev: -1  Min: -1  Max: 4  Default: -1
Changed value of parameter MIPFocus to 1
   Prev: 0  Min: 0  Max: 3  Default: 0
Optimize a model with 2364 rows, 7224 columns and 14448 nonzeros
Coefficient statistics:
  Matrix range    [1e+00, 4e+01]
  Objective range [2e+00, 1e+01]
  Bounds range    [1e+00, 1e+00]
  RHS range       [8e+01, 8e+01]
Found heuristic solution: objective 0
Presolve removed 97 rows and 315 columns
Presolve time: 0.04s
Presolved: 2267 rows, 6909 columns, 13818 nonzeros
Found heuristic solution: objective -2771.000000
Variable types: 0 continuous, 6909 integer (6909 binary)
Optimize a model with 2267 rows, 6909 columns and 13818 nonzeros
Coefficient statistics:
  Matrix range    [1e+00, 4e+01]
  Objective range [2e+00, 1e+01]
  Bounds range    [1e+00, 1e+00]
  RHS range       [1e+00, 8e+01]
Presolved: 2267 rows, 6909 columns, 13818 nonzeros

Root barrier log...

Ordering time: 0.00s

Barrier statistics:
 AA' NZ     : 6.909e+03
 Factor NZ  : 3.897e+04 (roughly 4 MBytes of memory)
 Factor Ops : 3.007e+06 (less than 1 second per iteration)
 Threads    : 1

                  Objective                Residual
Iter       Primal          Dual         Primal    Dual     Compl     Time
   0  -1.24484320e+04 -4.61020722e+04  2.26e+01 2.22e+00  1.87e+01     0s
   1  -4.31072436e+03 -3.18785951e+04  3.83e+00 7.11e-15  3.83e+00     0s
   2  -3.04804819e+03 -1.00708094e+04  4.46e-01 5.33e-15  5.79e-01     0s
   3  -2.95198769e+03 -3.87149187e+03  1.54e-02 7.11e-15  6.59e-02     0s
   4  -3.00996310e+03 -3.12121557e+03  3.69e-03 1.42e-14  8.05e-03     0s
   5  -3.02896893e+03 -3.07986859e+03  1.23e-03 7.11e-15  3.66e-03     0s
   6  -3.03624920e+03 -3.06035071e+03  2.99e-04 3.55e-15  1.72e-03     0s
   7  -3.03832469e+03 -3.04505143e+03  8.47e-05 3.55e-15  4.79e-04     0s
   8  -3.03906860e+03 -3.03940761e+03  7.66e-06 3.55e-15  2.44e-05     0s
   9  -3.03915330e+03 -3.03916225e+03  1.36e-08 3.55e-15  6.32e-07     0s
  10  -3.03915459e+03 -3.03915460e+03  2.34e-12 3.55e-15  4.10e-10     0s

Barrier solved model in 10 iterations and 0.12 seconds
Optimal objective -3.03915459e+03


Root relaxation: objective -3.039155e+03, 4890 iterations, 0.09 seconds

    Nodes    |    Current Node    |     Objective Bounds      |     Work
 Expl Unexpl |  Obj  Depth IntInf | Incumbent    BestBd   Gap | It/Node Time

     0     0 -3039.1546    0  257 -2771.0000 -3039.1546  9.68%     -    0s
     0     0 -3017.6377    0  341 -2771.0000 -3017.6377  8.90%     -    0s
     0     0 -3006.3131    0  307 -2771.0000 -3006.3131  8.49%     -    0s
     0     0 -2986.3151    0  273 -2771.0000 -2986.3151  7.77%     -    0s
     0     0 -2977.6905    0  270 -2771.0000 -2977.6905  7.46%     -    0s
     0     0 -2977.6905    0  287 -2771.0000 -2977.6905  7.46%     -    0s
H    0     0                    -2828.500000 -2977.6905  5.27%     -    0s
H    0     0                    -2893.500000 -2977.6905  2.91%     -    0s
     0     0 -2974.6375    0  281 -2893.5000 -2974.6375  2.80%     -    0s
     0     0 -2974.6375    0  297 -2893.5000 -2974.6375  2.80%     -    0s
H    0     0                    -2919.500000 -2974.6375  1.89%     -    0s
     0     0 -2974.2732    0  280 -2919.5000 -2974.2732  1.88%     -    0s
     0     0 -2974.2732    0  146 -2919.5000 -2974.2732  1.88%     -    1s
H    0     0                    -2929.500000 -2974.2732  1.53%     -    1s
     0     2 -2974.2732    0  145 -2929.5000 -2974.2732  1.53%     -    1s
H   83    84                    -2933.000000 -2973.5766  1.38%  19.5    2s
H  271   272                    -2935.000000 -2973.5766  1.31%   9.7    2s
H  389   389                    -2936.000000 -2973.5766  1.28%   8.0    3s
H  474   475                    -2936.500000 -2973.5766  1.26%   7.1    3s
H  475   476                    -2937.500000 -2973.5766  1.23%   7.1    3s
H  597   597                    -2940.000000 -2973.5766  1.14%   6.3    4s
   899   888 -2958.0333  111  151 -2940.0000 -2973.5766  1.14%   5.6    5s
  1773  1638 -2963.9318   69  280 -2940.0000 -2973.5388  1.14%   4.9   12s
H 2134  1795                    -2940.500000 -2972.6421  1.09%  11.4   14s
  2154  1807 -2969.5645   33  168 -2940.5000 -2972.6421  1.09%  11.4   15s
H 2169  1738                    -2944.000000 -2972.6421  0.97%  11.4   15s

Cutting planes:
  Gomory: 25
  Cover: 153
  Clique: 9
  MIR: 53
  Flow cover: 24

Explored 2280 nodes (36340 simplex iterations) in 15.11 seconds
Thread count was 16 (of 16 available processors)

Optimal solution found (tolerance 1.00e-02)
Best objective -2.944000000000e+03, best bound -2.972500000000e+03, gap 0.9681%
Changed value of parameter MIPGap to 0.01
   Prev: 0.0001  Min: 0.0  Max: 1e+100  Default: 0.0001
Changed value of parameter TimeLimit to 1800.0
   Prev: 1e+100  Min: 0.0  Max: 1e+100  Default: 1e+100
Changed value of parameter Method to 2
   Prev: -1  Min: -1  Max: 4  Default: -1
Changed value of parameter MIPFocus to 1
   Prev: 0  Min: 0  Max: 3  Default: 0
Optimize a model with 2364 rows, 7224 columns and 14448 nonzeros
Coefficient statistics:
  Matrix range    [1e+00, 4e+01]
  Objective range [2e+00, 2e+01]
  Bounds range    [1e+00, 1e+00]
  RHS range       [8e+01, 8e+01]
Found heuristic solution: objective 0
Presolve removed 97 rows and 315 columns
Presolve time: 0.04s
Presolved: 2267 rows, 6909 columns, 13818 nonzeros
Found heuristic solution: objective -4602.000000
Variable types: 0 continuous, 6909 integer (6909 binary)
Optimize a model with 2267 rows, 6909 columns and 13818 nonzeros
Coefficient statistics:
  Matrix range    [1e+00, 4e+01]
  Objective range [2e+00, 2e+01]
  Bounds range    [1e+00, 1e+00]
  RHS range       [1e+00, 8e+01]
Presolved: 2267 rows, 6909 columns, 13818 nonzeros

Root barrier log...

Ordering time: 0.00s

Barrier statistics:
 AA' NZ     : 6.909e+03
 Factor NZ  : 3.897e+04 (roughly 4 MBytes of memory)
 Factor Ops : 3.007e+06 (less than 1 second per iteration)
 Threads    : 1

                  Objective                Residual
Iter       Primal          Dual         Primal    Dual     Compl     Time
   0  -2.10422491e+04 -8.77454694e+04  2.26e+01 4.25e+00  3.58e+01     0s
   1  -7.22790055e+03 -6.04913791e+04  3.81e+00 1.24e-14  7.33e+00     0s
   2  -5.13343987e+03 -1.86241624e+04  4.38e-01 1.42e-14  1.10e+00     0s
   3  -4.95582698e+03 -6.19250801e+03  1.42e-02 1.07e-14  8.88e-02     0s
   4  -5.09164731e+03 -5.30962593e+03  1.70e-03 2.13e-14  1.55e-02     0s
   5  -5.10638212e+03 -5.18415308e+03  8.18e-04 7.11e-15  5.56e-03     0s
   6  -5.11558400e+03 -5.15145767e+03  3.02e-04 4.62e-15  2.56e-03     0s
   7  -5.12080222e+03 -5.13039695e+03  1.96e-05 7.11e-15  6.79e-04     0s
   8  -5.12151484e+03 -5.12178848e+03  8.52e-09 7.11e-15  1.93e-05     0s
   9  -5.12153369e+03 -5.12153397e+03  2.31e-13 7.11e-15  1.98e-08     0s
  10  -5.12153372e+03 -5.12153372e+03  2.42e-13 7.11e-15  2.09e-14     0s

Barrier solved model in 10 iterations and 0.12 seconds
Optimal objective -5.12153372e+03


Root relaxation: objective -5.121534e+03, 4467 iterations, 0.09 seconds

    Nodes    |    Current Node    |     Objective Bounds      |     Work
 Expl Unexpl |  Obj  Depth IntInf | Incumbent    BestBd   Gap | It/Node Time

     0     0 -5121.5337    0  227 -4602.0000 -5121.5337  11.3%     -    0s
H    0     0                    -4842.000000 -5121.5337  5.77%     -    0s
     0     0 -5047.9168    0  274 -4842.0000 -5047.9168  4.25%     -    0s
H    0     0                    -4895.000000 -5047.9168  3.12%     -    0s
     0     0 -5038.9033    0  285 -4895.0000 -5038.9033  2.94%     -    0s
     0     0 -4988.2414    0  262 -4895.0000 -4988.2414  1.90%     -    0s
H    0     0                    -4912.000000 -4988.2414  1.55%     -    0s
     0     0 -4983.2911    0  228 -4912.0000 -4983.2911  1.45%     -    0s
     0     0 -4979.5246    0  237 -4912.0000 -4979.5246  1.37%     -    0s
     0     0 -4979.1119    0  206 -4912.0000 -4979.1119  1.37%     -    0s
     0     0 -4979.1119    0  201 -4912.0000 -4979.1119  1.37%     -    0s
     0     0 -4978.8030    0  202 -4912.0000 -4978.8030  1.36%     -    0s
     0     0 -4978.8030    0  106 -4912.0000 -4978.8030  1.36%     -    1s
H    0     0                    -4914.000000 -4978.8030  1.32%     -    1s
     0     2 -4978.8030    0  101 -4914.0000 -4978.8030  1.32%     -    1s
H    2     4                    -4916.000000 -4978.7238  1.28%   250    1s
H   39    42                    -4917.000000 -4978.2846  1.25%  47.6    1s
H  132   133                    -4922.000000 -4978.2512  1.14%  18.5    2s
H  171   169                    -4929.000000 -4978.2512  1.00%  16.3    2s

Cutting planes:
  Gomory: 17
  Cover: 152
  Clique: 4
  MIR: 57

Explored 184 nodes (13128 simplex iterations) in 2.36 seconds
Thread count was 16 (of 16 available processors)

Optimal solution found (tolerance 1.00e-02)
Best objective -4.929000000000e+03, best bound -4.978000000000e+03, gap 0.9941%
Changed value of parameter MIPGap to 0.01
   Prev: 0.0001  Min: 0.0  Max: 1e+100  Default: 0.0001
Changed value of parameter TimeLimit to 1800.0
   Prev: 1e+100  Min: 0.0  Max: 1e+100  Default: 1e+100
Changed value of parameter Method to 2
   Prev: -1  Min: -1  Max: 4  Default: -1
Changed value of parameter MIPFocus to 1
   Prev: 0  Min: 0  Max: 3  Default: 0
Optimize a model with 2364 rows, 7224 columns and 14448 nonzeros
Coefficient statistics:
  Matrix range    [1e+00, 4e+01]
  Objective range [3e+00, 4e+01]
  Bounds range    [1e+00, 1e+00]
  RHS range       [8e+01, 8e+01]
Found heuristic solution: objective 0
Presolve removed 97 rows and 315 columns
Presolve time: 0.04s
Presolved: 2267 rows, 6909 columns, 13818 nonzeros
Found heuristic solution: objective -8264.000000
Variable types: 0 continuous, 6909 integer (6909 binary)
Optimize a model with 2267 rows, 6909 columns and 13818 nonzeros
Coefficient statistics:
  Matrix range    [1e+00, 4e+01]
  Objective range [3e+00, 4e+01]
  Bounds range    [1e+00, 1e+00]
  RHS range       [1e+00, 8e+01]
Presolved: 2267 rows, 6909 columns, 13818 nonzeros

Root barrier log...

Ordering time: 0.00s

Barrier statistics:
 AA' NZ     : 6.909e+03
 Factor NZ  : 3.897e+04 (roughly 4 MBytes of memory)
 Factor Ops : 3.007e+06 (less than 1 second per iteration)
 Threads    : 1

                  Objective                Residual
Iter       Primal          Dual         Primal    Dual     Compl     Time
   0  -3.82297859e+04 -1.71032264e+05  2.26e+01 8.32e+00  7.01e+01     0s
   1  -1.30754119e+04 -1.17720408e+05  3.81e+00 2.13e-14  1.43e+01     0s
   2  -9.31935182e+03 -3.57398702e+04  4.33e-01 1.60e-14  2.16e+00     0s
   3  -8.99918706e+03 -1.14349779e+04  1.72e-02 4.26e-14  1.75e-01     0s
   4  -9.23121844e+03 -9.90327580e+03  1.79e-03 2.84e-14  4.77e-02     0s
   5  -9.27338400e+03 -9.51139074e+03  6.69e-04 7.11e-15  1.69e-02     0s
   6  -9.29337818e+03 -9.31285990e+03  1.09e-04 1.42e-14  1.39e-03     0s
   7  -9.29599437e+03 -9.29604032e+03  1.99e-13 1.42e-14  3.24e-06     0s
   8  -9.29599999e+03 -9.29600004e+03  6.65e-13 1.42e-14  3.24e-09     0s

Barrier solved model in 8 iterations and 0.11 seconds
Optimal objective -9.29599999e+03


Root relaxation: objective -9.296000e+03, 5338 iterations, 0.08 seconds

    Nodes    |    Current Node    |     Objective Bounds      |     Work
 Expl Unexpl |  Obj  Depth IntInf | Incumbent    BestBd   Gap | It/Node Time

     0     0 -9296.0000    0  209 -8264.0000 -9296.0000  12.5%     -    0s
H    0     0                    -8597.000000 -9296.0000  8.13%     -    0s
H    0     0                    -8652.000000 -9296.0000  7.44%     -    0s
     0     0 -9021.0000    0  277 -8652.0000 -9021.0000  4.26%     -    0s
H    0     0                    -8734.000000 -9021.0000  3.29%     -    0s
     0     0 -9021.0000    0  284 -8734.0000 -9021.0000  3.29%     -    0s
     0     0 -9017.0000    0  281 -8734.0000 -9017.0000  3.24%     -    0s
H    0     0                    -8761.000000 -9017.0000  2.92%     -    0s
     0     0 -9017.0000    0  217 -8761.0000 -9017.0000  2.92%     -    0s
     0     0 -8997.0000    0  241 -8761.0000 -8997.0000  2.69%     -    0s
     0     0 -8997.0000    0  223 -8761.0000 -8997.0000  2.69%     -    0s
     0     0 -8997.0000    0  220 -8761.0000 -8997.0000  2.69%     -    0s
H    0     0                    -8778.000000 -8997.0000  2.49%     -    0s
     0     0 -8997.0000    0  237 -8778.0000 -8997.0000  2.49%     -    0s
     0     0 -8997.0000    0  105 -8778.0000 -8997.0000  2.49%     -    0s
H    0     0                    -8869.000000 -8997.0000  1.44%     -    1s
H    0     0                    -8893.000000 -8997.0000  1.17%     -    1s
     0     2 -8997.0000    0   94 -8893.0000 -8997.0000  1.17%     -    1s
H    2     4                    -8914.000000 -8997.0000  0.93%   596    1s

Cutting planes:
  Gomory: 4
  Cover: 152
  Clique: 2
  MIR: 38

Explored 3 nodes (12458 simplex iterations) in 1.41 seconds
Thread count was 16 (of 16 available processors)

Optimal solution found (tolerance 1.00e-02)
Best objective -8.914000000000e+03, best bound -8.997000000000e+03, gap 0.9311%
Changed value of parameter MIPGap to 0.01
   Prev: 0.0001  Min: 0.0  Max: 1e+100  Default: 0.0001
Changed value of parameter TimeLimit to 1800.0
   Prev: 1e+100  Min: 0.0  Max: 1e+100  Default: 1e+100
Changed value of parameter Method to 2
   Prev: -1  Min: -1  Max: 4  Default: -1
Changed value of parameter MIPFocus to 1
   Prev: 0  Min: 0  Max: 3  Default: 0
Optimize a model with 2364 rows, 7224 columns and 14448 nonzeros
Coefficient statistics:
  Matrix range    [1e+00, 4e+01]
  Objective range [5e+00, 8e+01]
  Bounds range    [1e+00, 1e+00]
  RHS range       [8e+01, 8e+01]
Found heuristic solution: objective 0
Presolve removed 97 rows and 315 columns
Presolve time: 0.04s
Presolved: 2267 rows, 6909 columns, 13818 nonzeros
Found heuristic solution: objective -15588.00000
Variable types: 0 continuous, 6909 integer (6909 binary)
Optimize a model with 2267 rows, 6909 columns and 13818 nonzeros
Coefficient statistics:
  Matrix range    [1e+00, 4e+01]
  Objective range [5e+00, 8e+01]
  Bounds range    [1e+00, 1e+00]
  RHS range       [1e+00, 8e+01]
Presolved: 2267 rows, 6909 columns, 13818 nonzeros

Root barrier log...

Ordering time: 0.00s

Barrier statistics:
 AA' NZ     : 6.909e+03
 Factor NZ  : 3.897e+04 (roughly 4 MBytes of memory)
 Factor Ops : 3.007e+06 (less than 1 second per iteration)
 Threads    : 1

                  Objective                Residual
Iter       Primal          Dual         Primal    Dual     Compl     Time
   0  -7.26048069e+04 -3.37605853e+05  2.26e+01 1.64e+01  1.39e+02     0s
   1  -2.47798462e+04 -2.32174857e+05  3.80e+00 4.26e-14  2.83e+01     0s
   2  -1.77004027e+04 -7.00211158e+04  4.30e-01 4.97e-14  4.26e+00     0s
   3  -1.70871221e+04 -2.18347831e+04  1.57e-02 2.84e-14  3.41e-01     0s
   4  -1.75139151e+04 -1.90173608e+04  1.45e-03 4.26e-14  1.07e-01     0s
   5  -1.76348785e+04 -1.81732622e+04  5.52e-04 2.84e-14  3.82e-02     0s
   6  -1.76913737e+04 -1.78979149e+04  2.32e-04 2.84e-14  1.46e-02     0s
   7  -1.77155012e+04 -1.77734749e+04  9.77e-05 2.84e-14  4.12e-03     0s
   8  -1.77298442e+04 -1.77484604e+04  2.31e-05 2.84e-14  1.32e-03     0s
   9  -1.77333010e+04 -1.77417197e+04  5.86e-06 2.84e-14  5.96e-04     0s
  10  -1.77345458e+04 -1.77358550e+04  1.03e-06 2.84e-14  9.28e-05     0s
  11  -1.77349057e+04 -1.77349173e+04  7.74e-09 2.84e-14  8.27e-07     0s
  12  -1.77349090e+04 -1.77349090e+04  4.41e-13 1.75e-14  8.27e-10     0s

Barrier solved model in 12 iterations and 0.13 seconds
Optimal objective -1.77349090e+04


Root relaxation: objective -1.773491e+04, 4673 iterations, 0.10 seconds

    Nodes    |    Current Node    |     Objective Bounds      |     Work
 Expl Unexpl |  Obj  Depth IntInf | Incumbent    BestBd   Gap | It/Node Time

     0     0 -17734.909    0  215 -15588.000 -17734.909  13.8%     -    0s
H    0     0                    -16429.00000 -17734.909  7.95%     -    0s
H    0     0                    -16535.00000 -17734.909  7.26%     -    0s
     0     0 -17241.328    0  282 -16535.000 -17241.328  4.27%     -    0s
H    0     0                    -16593.00000 -17241.328  3.91%     -    0s
     0     0 -17228.107    0  308 -16593.000 -17228.107  3.83%     -    0s
     0     0 -17079.257    0  278 -16593.000 -17079.257  2.93%     -    0s
H    0     0                    -16745.00000 -17079.257  2.00%     -    0s
     0     0 -17065.361    0  245 -16745.000 -17065.361  1.91%     -    0s
     0     0 -17065.361    0  246 -16745.000 -17065.361  1.91%     -    0s
     0     0 -17063.988    0  267 -16745.000 -17063.988  1.90%     -    0s
     0     0 -17059.498    0  242 -16745.000 -17059.498  1.88%     -    0s
H    0     0                    -16788.00000 -17059.498  1.62%     -    0s
     0     0 -17059.498    0  280 -16788.000 -17059.498  1.62%     -    0s
     0     0 -17059.498    0  117 -16788.000 -17059.498  1.62%     -    0s
H    0     0                    -16886.00000 -17059.498  1.03%     -    1s
H    0     0                    -16921.00000 -17059.498  0.82%     -    1s

Cutting planes:
  Gomory: 4
  Cover: 145
  Clique: 4
  MIR: 40

Explored 0 nodes (11364 simplex iterations) in 1.08 seconds
Thread count was 16 (of 16 available processors)

Optimal solution found (tolerance 1.00e-02)
Best objective -1.692100000000e+04, best bound -1.705900000000e+04, gap 0.8156%
Changed value of parameter MIPGap to 0.01
   Prev: 0.0001  Min: 0.0  Max: 1e+100  Default: 0.0001
Changed value of parameter TimeLimit to 1800.0
   Prev: 1e+100  Min: 0.0  Max: 1e+100  Default: 1e+100
Changed value of parameter Method to 2
   Prev: -1  Min: -1  Max: 4  Default: -1
Changed value of parameter MIPFocus to 1
   Prev: 0  Min: 0  Max: 3  Default: 0
Optimize a model with 2364 rows, 7224 columns and 14448 nonzeros
Coefficient statistics:
  Matrix range    [1e+00, 4e+01]
  Objective range [6e+00, 1e+02]
  Bounds range    [1e+00, 1e+00]
  RHS range       [8e+01, 8e+01]
Found heuristic solution: objective 0
Presolve removed 97 rows and 315 columns
Presolve time: 0.04s
Presolved: 2267 rows, 6909 columns, 13818 nonzeros
Found heuristic solution: objective -19250.00000
Variable types: 0 continuous, 6909 integer (6909 binary)
Optimize a model with 2267 rows, 6909 columns and 13818 nonzeros
Coefficient statistics:
  Matrix range    [1e+00, 4e+01]
  Objective range [6e+00, 1e+02]
  Bounds range    [1e+00, 1e+00]
  RHS range       [1e+00, 8e+01]
Presolved: 2267 rows, 6909 columns, 13818 nonzeros

Root barrier log...

Ordering time: 0.00s

Barrier statistics:
 AA' NZ     : 6.909e+03
 Factor NZ  : 3.897e+04 (roughly 4 MBytes of memory)
 Factor Ops : 3.007e+06 (less than 1 second per iteration)
 Threads    : 1

                  Objective                Residual
Iter       Primal          Dual         Primal    Dual     Compl     Time
   0  -8.97923120e+04 -4.20892647e+05  2.26e+01 2.05e+01  1.73e+02     0s
   1  -3.06331672e+04 -2.89401339e+05  3.80e+00 5.68e-14  3.54e+01     0s
   2  -2.18919414e+04 -8.71963358e+04  4.29e-01 4.26e-14  5.32e+00     0s
   3  -2.11382713e+04 -2.71170703e+04  1.59e-02 7.11e-14  4.30e-01     0s
   4  -2.16578172e+04 -2.35360963e+04  1.78e-03 1.71e-13  1.33e-01     0s
   5  -2.18442737e+04 -2.24614552e+04  5.41e-04 5.68e-14  4.38e-02     0s
   6  -2.19050375e+04 -2.21970791e+04  2.40e-04 2.84e-14  2.07e-02     0s
   7  -2.19415150e+04 -2.20217454e+04  4.64e-05 2.84e-14  5.68e-03     0s
   8  -2.19508789e+04 -2.19703808e+04  9.90e-06 2.84e-14  1.38e-03     0s
   9  -2.19537028e+04 -2.19571956e+04  1.16e-06 2.84e-14  2.47e-04     0s
  10  -2.19539786e+04 -2.19545438e+04  6.66e-07 2.84e-14  4.03e-05     0s
  11  -2.19543606e+04 -2.19543651e+04  5.45e-09 4.26e-14  3.20e-07     0s
  12  -2.19543635e+04 -2.19543635e+04  8.07e-12 2.84e-14  3.20e-10     0s

Barrier solved model in 12 iterations and 0.13 seconds
Optimal objective -2.19543635e+04


Root relaxation: objective -2.195436e+04, 4626 iterations, 0.10 seconds

    Nodes    |    Current Node    |     Objective Bounds      |     Work
 Expl Unexpl |  Obj  Depth IntInf | Incumbent    BestBd   Gap | It/Node Time

     0     0 -21954.363    0  219 -19250.000 -21954.363  14.0%     -    0s
     0     0 -21228.949    0  275 -19250.000 -21228.949  10.3%     -    0s
     0     0 -21223.096    0  304 -19250.000 -21223.096  10.2%     -    0s
     0     0 -21100.158    0  272 -19250.000 -21100.158  9.61%     -    0s
H    0     0                    -19835.00000 -21100.158  6.38%     -    0s
H    0     0                    -20597.00000 -21100.158  2.44%     -    0s
H    0     0                    -20656.00000 -21100.158  2.15%     -    0s
     0     0 -21096.040    0  276 -20656.000 -21096.040  2.13%     -    0s
     0     0 -21095.246    0  293 -20656.000 -21095.246  2.13%     -    0s
     0     0 -21095.246    0  295 -20656.000 -21095.246  2.13%     -    0s
     0     0 -21092.367    0  264 -20656.000 -21092.367  2.11%     -    0s
H    0     0                    -20717.00000 -21092.367  1.81%     -    0s
H    0     0                    -20770.00000 -21092.367  1.55%     -    0s
     0     0 -21090.765    0  245 -20770.000 -21090.765  1.54%     -    0s
     0     0 -21090.765    0  104 -20770.000 -21090.765  1.54%     -    0s
H    0     0                    -20787.00000 -21090.765  1.46%     -    1s
     0     2 -21090.765    0  104 -20787.000 -21090.765  1.46%     -    1s
H    2     4                    -20793.00000 -21090.765  1.43%   366    1s
H    5     6                    -20822.00000 -21090.765  1.29%   180    1s
H   17    22                    -20862.00000 -21084.792  1.07%  94.6    1s
H   25    29                    -20886.00000 -21084.792  0.95%  76.8    1s

Cutting planes:
  Gomory: 12
  Cover: 194
  Clique: 3
  MIR: 62

Explored 39 nodes (14226 simplex iterations) in 1.57 seconds
Thread count was 16 (of 16 available processors)

Optimal solution found (tolerance 1.00e-02)
Best objective -2.088600000000e+04, best bound -2.108400000000e+04, gap 0.9480%
Changed value of parameter MIPGap to 0.01
   Prev: 0.0001  Min: 0.0  Max: 1e+100  Default: 0.0001
Changed value of parameter TimeLimit to 1800.0
   Prev: 1e+100  Min: 0.0  Max: 1e+100  Default: 1e+100
Changed value of parameter Method to 2
   Prev: -1  Min: -1  Max: 4  Default: -1
Changed value of parameter MIPFocus to 1
   Prev: 0  Min: 0  Max: 3  Default: 0
Optimize a model with 2364 rows, 7224 columns and 14448 nonzeros
Coefficient statistics:
  Matrix range    [1e+00, 4e+01]
  Objective range [1e+01, 2e+02]
  Bounds range    [1e+00, 1e+00]
  RHS range       [8e+01, 8e+01]
Found heuristic solution: objective 0
Presolve removed 97 rows and 315 columns
Presolve time: 0.04s
Presolved: 2267 rows, 6909 columns, 13818 nonzeros
Found heuristic solution: objective -37560.00000
Variable types: 0 continuous, 6909 integer (6909 binary)
Optimize a model with 2267 rows, 6909 columns and 13818 nonzeros
Coefficient statistics:
  Matrix range    [1e+00, 4e+01]
  Objective range [1e+01, 2e+02]
  Bounds range    [1e+00, 1e+00]
  RHS range       [1e+00, 8e+01]
Presolved: 2267 rows, 6909 columns, 13818 nonzeros

Root barrier log...

Ordering time: 0.00s

Barrier statistics:
 AA' NZ     : 6.909e+03
 Factor NZ  : 3.897e+04 (roughly 4 MBytes of memory)
 Factor Ops : 3.007e+06 (less than 1 second per iteration)
 Threads    : 1

                  Objective                Residual
Iter       Primal          Dual         Primal    Dual     Compl     Time
   0  -1.75729826e+05 -8.37326620e+05  2.26e+01 4.08e+01  3.45e+02     0s
   1  -5.99010651e+04 -5.75534102e+05  3.80e+00 9.95e-14  7.04e+01     0s
   2  -4.28515899e+04 -1.73072771e+05  4.28e-01 9.95e-14  1.06e+01     0s
   3  -4.13994710e+04 -5.35670027e+04  1.65e-02 1.99e-13  8.74e-01     0s
   4  -4.23983302e+04 -4.59473861e+04  2.36e-03 5.68e-14  2.52e-01     0s
   5  -4.28283760e+04 -4.41548005e+04  7.10e-04 5.68e-14  9.41e-02     0s
   6  -4.29539270e+04 -4.35681124e+04  2.98e-04 5.68e-14  4.36e-02     0s
   7  -4.30324828e+04 -4.31556389e+04  5.54e-05 5.68e-14  8.73e-03     0s
   8  -4.30509117e+04 -4.30994584e+04  7.41e-06 5.68e-14  3.43e-03     0s
   9  -4.30525756e+04 -4.30637181e+04  4.44e-06 5.68e-14  7.90e-04     0s
  10  -4.30549386e+04 -4.30560159e+04  4.75e-07 5.68e-14  7.64e-05     0s
  11  -4.30552096e+04 -4.30552500e+04  2.75e-09 5.68e-14  2.86e-06     0s
  12  -4.30552145e+04 -4.30552151e+04  1.27e-11 5.68e-14  4.11e-08     0s
  13  -4.30552146e+04 -4.30552146e+04  1.76e-13 5.68e-14  4.27e-14     0s

Barrier solved model in 13 iterations and 0.13 seconds
Optimal objective -4.30552146e+04


Root relaxation: objective -4.305521e+04, 4314 iterations, 0.11 seconds

    Nodes    |    Current Node    |     Objective Bounds      |     Work
 Expl Unexpl |  Obj  Depth IntInf | Incumbent    BestBd   Gap | It/Node Time

     0     0 -43055.215    0  217 -37560.000 -43055.215  14.6%     -    0s
     0     0 -41872.884    0  292 -37560.000 -41872.884  11.5%     -    0s
H    0     0                    -39556.00000 -41872.884  5.86%     -    0s
H    0     0                    -40223.00000 -41872.884  4.10%     -    0s
     0     0 -41791.694    0  298 -40223.000 -41791.694  3.90%     -    0s
     0     0 -41318.876    0  260 -40223.000 -41318.876  2.72%     -    0s
H    0     0                    -40315.00000 -41318.876  2.49%     -    0s
     0     0 -41305.723    0  291 -40315.000 -41305.723  2.46%     -    0s
     0     0 -41251.055    0  265 -40315.000 -41251.055  2.32%     -    0s
H    0     0                    -40542.00000 -41251.055  1.75%     -    0s
     0     0 -41225.264    0  264 -40542.000 -41225.264  1.69%     -    0s
     0     0 -41225.264    0  267 -40542.000 -41225.264  1.69%     -    0s
H    0     0                    -40543.00000 -41225.264  1.68%     -    0s
     0     0 -41225.264    0  285 -40543.000 -41225.264  1.68%     -    0s
     0     0 -41225.264    0  109 -40543.000 -41225.264  1.68%     -    0s
H    0     0                    -40679.00000 -41225.264  1.34%     -    1s
H    0     0                    -40712.00000 -41225.264  1.26%     -    1s
H    0     2                    -40722.00000 -41225.264  1.24%     -    1s
     0     2 -41225.264    0  102 -40722.000 -41225.264  1.24%     -    1s
H    1     3                    -40748.00000 -41225.264  1.17%  1016    1s
H    5     7                    -40763.00000 -41225.264  1.13%   204    1s
H   26    31                    -40807.00000 -41225.264  1.02%  75.2    1s
H   27    32                    -40888.00000 -41225.264  0.82%  72.5    1s

Cutting planes:
  Gomory: 12
  Cover: 177
  Clique: 6
  MIR: 76

Explored 32 nodes (13554 simplex iterations) in 1.51 seconds
Thread count was 16 (of 16 available processors)

Optimal solution found (tolerance 1.00e-02)
Best objective -4.088800000000e+04, best bound -4.122500000000e+04, gap 0.8242%
Changed value of parameter MIPGap to 0.01
   Prev: 0.0001  Min: 0.0  Max: 1e+100  Default: 0.0001
Changed value of parameter TimeLimit to 1800.0
   Prev: 1e+100  Min: 0.0  Max: 1e+100  Default: 1e+100
Changed value of parameter Method to 2
   Prev: -1  Min: -1  Max: 4  Default: -1
Changed value of parameter MIPFocus to 1
   Prev: 0  Min: 0  Max: 3  Default: 0
Optimize a model with 2364 rows, 7224 columns and 14448 nonzeros
Coefficient statistics:
  Matrix range    [1e+00, 4e+01]
  Objective range [2e+01, 4e+02]
  Bounds range    [1e+00, 1e+00]
  RHS range       [8e+01, 8e+01]
Found heuristic solution: objective 0
Presolve removed 97 rows and 315 columns
Presolve time: 0.04s
Presolved: 2267 rows, 6909 columns, 13818 nonzeros
Found heuristic solution: objective -74180.00000
Variable types: 0 continuous, 6909 integer (6909 binary)
Optimize a model with 2267 rows, 6909 columns and 13818 nonzeros
Coefficient statistics:
  Matrix range    [1e+00, 4e+01]
  Objective range [2e+01, 4e+02]
  Bounds range    [1e+00, 1e+00]
  RHS range       [1e+00, 8e+01]
Presolved: 2267 rows, 6909 columns, 13818 nonzeros

Root barrier log...

Ordering time: 0.00s

Barrier statistics:
 AA' NZ     : 6.909e+03
 Factor NZ  : 3.897e+04 (roughly 4 MBytes of memory)
 Factor Ops : 3.007e+06 (less than 1 second per iteration)
 Threads    : 1

                  Objective                Residual
Iter       Primal          Dual         Primal    Dual     Compl     Time
   0  -3.47604844e+05 -1.67019457e+06  2.26e+01 8.15e+01  6.88e+02     0s
   1  -1.18438170e+05 -1.14779998e+06  3.80e+00 1.99e-13  1.40e+02     0s
   2  -8.47728827e+04 -3.44825984e+05  4.27e-01 1.14e-13  2.11e+01     0s
   3  -8.19270851e+04 -1.06452912e+05  1.68e-02 2.84e-13  1.76e+00     0s
   4  -8.38976221e+04 -9.05411688e+04  2.60e-03 1.71e-13  4.73e-01     0s
   5  -8.47968251e+04 -8.76236951e+04  8.09e-04 1.14e-13  2.01e-01     0s
   6  -8.50865550e+04 -8.64849295e+04  2.74e-04 1.14e-13  9.91e-02     0s
   7  -8.52202138e+04 -8.57560791e+04  5.23e-05 1.14e-13  3.79e-02     0s
   8  -8.52636957e+04 -8.54501008e+04  3.89e-07 1.14e-13  1.32e-02     0s
   9  -8.52683865e+04 -8.52834169e+04  4.39e-09 1.14e-13  1.06e-03     0s
  10  -8.52695556e+04 -8.52696703e+04  3.75e-11 1.14e-13  8.09e-06     0s
  11  -8.52695696e+04 -8.52695696e+04  8.94e-14 1.14e-13  1.44e-11     0s

Barrier solved model in 11 iterations and 0.12 seconds
Optimal objective -8.52695696e+04


Root relaxation: objective -8.526957e+04, 4393 iterations, 0.10 seconds

    Nodes    |    Current Node    |     Objective Bounds      |     Work
 Expl Unexpl |  Obj  Depth IntInf | Incumbent    BestBd   Gap | It/Node Time

     0     0 -85269.570    0  227 -74180.000 -85269.570  14.9%     -    0s
     0     0 -82402.737    0  286 -74180.000 -82402.737  11.1%     -    0s
     0     0 -82290.862    0  285 -74180.000 -82290.862  10.9%     -    0s
H    0     0                    -74378.00000 -82290.862  10.6%     -    0s
     0     0 -81657.422    0  248 -74378.000 -81657.422  9.79%     -    0s
H    0     0                    -76158.00000 -81657.422  7.22%     -    0s
H    0     0                    -78626.00000 -81657.422  3.86%     -    0s
H    0     0                    -79615.00000 -81657.422  2.57%     -    0s
     0     0 -81610.336    0  269 -79615.000 -81610.336  2.51%     -    0s
     0     0 -81599.549    0  263 -79615.000 -81599.549  2.49%     -    0s
H    0     0                    -80219.00000 -81599.549  1.72%     -    0s
     0     0 -81578.821    0  289 -80219.000 -81578.821  1.70%     -    0s
     0     0 -81578.821    0  301 -80219.000 -81578.821  1.70%     -    0s
H    0     0                    -80396.00000 -81578.821  1.47%     -    0s
     0     0 -81541.762    0  303 -80396.000 -81541.762  1.43%     -    0s
     0     0 -81541.762    0  119 -80396.000 -81541.762  1.43%     -    1s
H    0     0                    -80417.00000 -81541.762  1.40%     -    1s
     0     2 -81541.762    0  108 -80417.000 -81541.762  1.40%     -    1s
H   11    14                    -80522.00000 -81541.762  1.27%  85.3    1s
H   26    32                    -80622.00000 -81541.762  1.14%  72.2    1s
H   34    38                    -80825.00000 -81534.471  0.88%  65.7    1s

Cutting planes:
  Gomory: 10
  Cover: 189
  Clique: 4
  MIR: 93

Explored 37 nodes (13423 simplex iterations) in 1.83 seconds
Thread count was 16 (of 16 available processors)

Optimal solution found (tolerance 1.00e-02)
Best objective -8.082500000000e+04, best bound -8.153400000000e+04, gap 0.8772%
Changed value of parameter MIPGap to 0.01
   Prev: 0.0001  Min: 0.0  Max: 1e+100  Default: 0.0001
Changed value of parameter TimeLimit to 1800.0
   Prev: 1e+100  Min: 0.0  Max: 1e+100  Default: 1e+100
Changed value of parameter Method to 2
   Prev: -1  Min: -1  Max: 4  Default: -1
Changed value of parameter MIPFocus to 1
   Prev: 0  Min: 0  Max: 3  Default: 0
Optimize a model with 2364 rows, 7224 columns and 14448 nonzeros
Coefficient statistics:
  Matrix range    [1e+00, 4e+01]
  Objective range [5e+01, 1e+03]
  Bounds range    [1e+00, 1e+00]
  RHS range       [8e+01, 8e+01]
Found heuristic solution: objective 0
Presolve removed 97 rows and 315 columns
Presolve time: 0.04s
Presolved: 2267 rows, 6909 columns, 13818 nonzeros
Found heuristic solution: objective -184040.0000
Variable types: 0 continuous, 6909 integer (6909 binary)
Optimize a model with 2267 rows, 6909 columns and 13818 nonzeros
Coefficient statistics:
  Matrix range    [1e+00, 4e+01]
  Objective range [5e+01, 1e+03]
  Bounds range    [1e+00, 1e+00]
  RHS range       [1e+00, 8e+01]
Presolved: 2267 rows, 6909 columns, 13818 nonzeros

Root barrier log...

Ordering time: 0.00s

Barrier statistics:
 AA' NZ     : 6.909e+03
 Factor NZ  : 3.897e+04 (roughly 4 MBytes of memory)
 Factor Ops : 3.007e+06 (less than 1 second per iteration)
 Threads    : 1

                  Objective                Residual
Iter       Primal          Dual         Primal    Dual     Compl     Time
   0  -8.63229888e+05 -4.16879840e+06  2.26e+01 2.03e+02  1.72e+03     0s
   1  -2.94050546e+05 -2.86459792e+06  3.80e+00 4.55e-13  3.51e+02     0s
   2  -2.10538382e+05 -8.60085911e+05  4.27e-01 3.41e-13  5.28e+01     0s
   3  -2.03514059e+05 -2.65113476e+05  1.70e-02 4.55e-13  4.43e+00     0s
   4  -2.08410016e+05 -2.24763695e+05  2.73e-03 4.55e-13  1.16e+00     0s
   5  -2.10577839e+05 -2.18115075e+05  9.68e-04 2.27e-13  5.35e-01     0s
   6  -2.11353330e+05 -2.14988552e+05  3.63e-04 2.27e-13  2.58e-01     0s
   7  -2.11772401e+05 -2.12983549e+05  8.17e-05 2.27e-13  8.58e-02     0s
   8  -2.11913981e+05 -2.12166382e+05  1.55e-07 2.27e-13  1.78e-02     0s
   9  -2.11924284e+05 -2.11953377e+05  1.33e-08 3.41e-13  2.05e-03     0s
  10  -2.11925803e+05 -2.11926390e+05  1.46e-10 3.41e-13  4.14e-05     0s
  11  -2.11925857e+05 -2.11925857e+05  2.68e-13 2.27e-13  9.46e-10     0s

Barrier solved model in 11 iterations and 0.12 seconds
Optimal objective -2.11925857e+05


Root relaxation: objective -2.119259e+05, 4541 iterations, 0.10 seconds

    Nodes    |    Current Node    |     Objective Bounds      |     Work
 Expl Unexpl |  Obj  Depth IntInf | Incumbent    BestBd   Gap | It/Node Time

     0     0 -211925.86    0  195 -184040.00 -211925.86  15.2%     -    0s
     0     0 -205326.03    0  244 -184040.00 -205326.03  11.6%     -    0s
H    0     0                    -188779.0000 -205326.03  8.77%     -    0s
     0     0 -204867.90    0  247 -188779.00 -204867.90  8.52%     -    0s
     0     0 -203172.55    0  199 -188779.00 -203172.55  7.62%     -    0s
H    0     0                    -193297.0000 -203172.55  5.11%     -    0s
H    0     0                    -197961.0000 -203172.55  2.63%     -    0s
H    0     0                    -199069.0000 -203172.55  2.06%     -    0s
     0     0 -202617.36    0  271 -199069.00 -202617.36  1.78%     -    0s
     0     0 -202568.34    0  270 -199069.00 -202568.34  1.76%     -    0s
H    0     0                    -199572.0000 -202568.34  1.50%     -    0s
     0     0 -202512.67    0  297 -199572.00 -202512.67  1.47%     -    0s
     0     0 -202479.73    0  238 -199572.00 -202479.73  1.46%     -    0s
     0     0 -202413.85    0  271 -199572.00 -202413.85  1.42%     -    0s
     0     0 -202413.85    0  129 -199572.00 -202413.85  1.42%     -    0s
H    0     0                    -199903.0000 -202413.85  1.26%     -    0s
H    0     0                    -200311.0000 -202413.85  1.05%     -    1s
     0     2 -202413.85    0  104 -200311.00 -202413.85  1.05%     -    1s
H   26    33                    -200362.0000 -202413.85  1.02%  60.3    1s
H   32    38                    -200508.0000 -202413.85  0.95%  52.6    1s

Cutting planes:
  Gomory: 15
  Cover: 180
  Clique: 7
  MIR: 69

Explored 38 nodes (12858 simplex iterations) in 1.48 seconds
Thread count was 16 (of 16 available processors)

Optimal solution found (tolerance 1.00e-02)
Best objective -2.005080000000e+05, best bound -2.023790000000e+05, gap 0.9331%
Changed value of parameter MIPGap to 0.01
   Prev: 0.0001  Min: 0.0  Max: 1e+100  Default: 0.0001
Changed value of parameter TimeLimit to 1800.0
   Prev: 1e+100  Min: 0.0  Max: 1e+100  Default: 1e+100
Changed value of parameter Method to 2
   Prev: -1  Min: -1  Max: 4  Default: -1
Changed value of parameter MIPFocus to 1
   Prev: 0  Min: 0  Max: 3  Default: 0
Optimize a model with 2364 rows, 7224 columns and 14448 nonzeros
Coefficient statistics:
  Matrix range    [1e+00, 4e+01]
  Objective range [5e+02, 1e+04]
  Bounds range    [1e+00, 1e+00]
  RHS range       [8e+01, 8e+01]
Found heuristic solution: objective 0
Presolve removed 97 rows and 315 columns
Presolve time: 0.04s
Presolved: 2267 rows, 6909 columns, 13818 nonzeros
Found heuristic solution: objective -1831940.000
Variable types: 0 continuous, 6909 integer (6909 binary)
Optimize a model with 2267 rows, 6909 columns and 13818 nonzeros
Coefficient statistics:
  Matrix range    [1e+00, 4e+01]
  Objective range [5e+02, 1e+04]
  Bounds range    [1e+00, 1e+00]
  RHS range       [1e+00, 8e+01]
Presolved: 2267 rows, 6909 columns, 13818 nonzeros

Root barrier log...

Ordering time: 0.00s

Barrier statistics:
 AA' NZ     : 6.909e+03
 Factor NZ  : 3.897e+04 (roughly 4 MBytes of memory)
 Factor Ops : 3.007e+06 (less than 1 second per iteration)
 Threads    : 1

                  Objective                Residual
Iter       Primal          Dual         Primal    Dual     Compl     Time
   0  -8.59760551e+06 -4.16478559e+07  2.26e+01 2.03e+03  1.72e+04     0s
   1  -2.92824001e+06 -2.86165680e+07  3.80e+00 5.46e-12  3.50e+03     0s
   2  -2.09702677e+06 -8.58898587e+06  4.27e-01 3.64e-12  5.28e+02     0s
   3  -2.02733809e+06 -2.64504936e+06  1.71e-02 5.46e-12  4.44e+01     0s
   4  -2.07614628e+06 -2.24661373e+06  2.81e-03 7.28e-12  1.21e+01     0s
   5  -2.09737882e+06 -2.17567629e+06  1.05e-03 7.28e-12  5.56e+00     0s
   6  -2.10453439e+06 -2.14476408e+06  4.86e-04 2.44e-12  2.86e+00     0s
   7  -2.11007098e+06 -2.12337998e+06  8.35e-05 2.24e-12  9.42e-01     0s
   8  -2.11167272e+06 -2.11642213e+06  6.63e-08 3.64e-12  3.35e-01     0s
   9  -2.11176334e+06 -2.11245968e+06  2.23e-08 5.46e-12  4.91e-02     0s
  10  -2.11181395e+06 -2.11188256e+06  1.11e-09 3.64e-12  4.84e-03     0s
  11  -2.11181778e+06 -2.11181780e+06  1.27e-13 3.64e-12  1.43e-06     0s
  12  -2.11181778e+06 -2.11181778e+06  5.66e-14 1.82e-12  1.43e-09     0s

Barrier solved model in 12 iterations and 0.13 seconds
Optimal objective -2.11181778e+06


Root relaxation: objective -2.111818e+06, 4249 iterations, 0.10 seconds

    Nodes    |    Current Node    |     Objective Bounds      |     Work
 Expl Unexpl |  Obj  Depth IntInf | Incumbent    BestBd   Gap | It/Node Time

     0     0 -2111817.8    0  216 -1831940.0 -2111817.8  15.3%     -    0s
     0     0 -2059899.3    0  283 -1831940.0 -2059899.3  12.4%     -    0s
H    0     0                    -1963412.000 -2059899.3  4.91%     -    0s
H    0     0                    -1976419.000 -2059899.3  4.22%     -    0s
     0     0 -2055475.7    0  324 -1976419.0 -2055475.7  4.00%     -    0s
     0     0 -2033007.6    0  276 -1976419.0 -2033007.6  2.86%     -    0s
H    0     0                    -1987415.000 -2033007.6  2.29%     -    0s
     0     0 -2017716.1    0  263 -1987415.0 -2017716.1  1.52%     -    0s
     0     0 -2017666.7    0  285 -1987415.0 -2017666.7  1.52%     -    0s
H    0     0                    -1987916.000 -2017666.7  1.50%     -    0s
     0     0 -2016641.5    0  278 -1987916.0 -2016641.5  1.45%     -    0s
     0     0 -2016528.5    0  275 -1987916.0 -2016528.5  1.44%     -    0s
H    0     0                    -1994422.000 -2016528.5  1.11%     -    0s
     0     0 -2016528.5    0  272 -1994422.0 -2016528.5  1.11%     -    0s
     0     0 -2016528.5    0  126 -1994422.0 -2016528.5  1.11%     -    1s
H    0     0                    -1994923.000 -2016528.5  1.08%     -    1s
     0     2 -2016528.5    0  118 -1994923.0 -2016528.5  1.08%     -    1s
H   30    36                    -1997409.000 -2016528.5  0.96%  63.1    1s

Cutting planes:
  Gomory: 7
  Cover: 200
  Clique: 6
  MIR: 93

Explored 37 nodes (13469 simplex iterations) in 1.71 seconds
Thread count was 16 (of 16 available processors)

Optimal solution found (tolerance 1.00e-02)
Best objective -1.997409000000e+06, best bound -2.016528000000e+06, gap 0.9572%
