Changed value of parameter MIPGap to 0.01
   Prev: 0.0001  Min: 0.0  Max: 1e+100  Default: 0.0001
Changed value of parameter TimeLimit to 1800.0
   Prev: 1e+100  Min: 0.0  Max: 1e+100  Default: 1e+100
Changed value of parameter Method to 2
   Prev: -1  Min: -1  Max: 4  Default: -1
Changed value of parameter MIPFocus to 1
   Prev: 0  Min: 0  Max: 3  Default: 0
Optimize a model with 2268 rows, 6888 columns and 13776 nonzeros
Coefficient statistics:
  Matrix range    [1e+00, 4e+01]
  Objective range [1e+00, 1e+00]
  Bounds range    [1e+00, 1e+00]
  RHS range       [8e+01, 8e+01]
Found heuristic solution: objective 0
Presolve removed 140 rows and 462 columns
Presolve time: 0.10s
Presolved: 2128 rows, 6426 columns, 12852 nonzeros
Found heuristic solution: objective -891.0000000
Variable types: 0 continuous, 6426 integer (6426 binary)
Optimize a model with 2128 rows, 6426 columns and 12852 nonzeros
Coefficient statistics:
  Matrix range    [1e+00, 4e+01]
  Objective range [1e+00, 1e+00]
  Bounds range    [1e+00, 1e+00]
  RHS range       [1e+00, 8e+01]
Presolved: 2128 rows, 6426 columns, 12852 nonzeros

Root barrier log...

Ordering time: 0.00s

Barrier statistics:
 AA' NZ     : 6.426e+03
 Factor NZ  : 3.626e+04 (roughly 4 MBytes of memory)
 Factor Ops : 2.669e+06 (less than 1 second per iteration)
 Threads    : 1

                  Objective                Residual
Iter       Primal          Dual         Primal    Dual     Compl     Time
   0  -3.63871095e+03 -4.91329373e+03  2.12e+01 2.48e-01  1.78e+00     0s
   1  -1.32515082e+03 -3.56897194e+03  3.12e+00 6.66e-16  3.49e-01     0s
   2  -9.51872729e+02 -1.51499147e+03  2.48e-01 8.88e-16  5.00e-02     0s
   3  -9.30583746e+02 -9.59758711e+02  3.19e-02 8.88e-16  2.84e-03     0s
   4  -9.29778073e+02 -9.30225016e+02  3.20e-03 2.89e-15  9.55e-05     0s
   5  -9.29705958e+02 -9.29713190e+02  4.08e-05 4.44e-16  1.34e-06     0s
   6  -9.29707317e+02 -9.29707317e+02  3.64e-09 1.11e-15  9.34e-11     0s

Barrier solved model in 6 iterations and 0.24 seconds
Optimal objective -9.29707317e+02


Root relaxation: objective -9.297073e+02, 4831 iterations, 0.16 seconds

    Nodes    |    Current Node    |     Objective Bounds      |     Work
 Expl Unexpl |  Obj  Depth IntInf | Incumbent    BestBd   Gap | It/Node Time

     0     0 -929.70732    0  171 -891.00000 -929.70732  4.34%     -    0s
H    0     0                    -903.0000000 -929.70732  2.96%     -    0s
H    0     0                    -904.0000000 -929.70732  2.84%     -    0s
     0     0 -926.51220    0  226 -904.00000 -926.51220  2.49%     -    0s
H    0     0                    -915.0000000 -926.51220  1.26%     -    0s
     0     0 -925.45335    0  220 -915.00000 -925.45335  1.14%     -    0s
     0     0 -922.46341    0  148 -915.00000 -922.46341  0.82%     -    0s

Cutting planes:
  Gomory: 23
  Cover: 127
  MIR: 39

Explored 0 nodes (7175 simplex iterations) in 0.62 seconds
Thread count was 16 (of 16 available processors)

Optimal solution found (tolerance 1.00e-02)
Best objective -9.150000000000e+02, best bound -9.220000000000e+02, gap 0.7650%
Changed value of parameter MIPGap to 0.01
   Prev: 0.0001  Min: 0.0  Max: 1e+100  Default: 0.0001
Changed value of parameter TimeLimit to 1800.0
   Prev: 1e+100  Min: 0.0  Max: 1e+100  Default: 1e+100
Changed value of parameter Method to 2
   Prev: -1  Min: -1  Max: 4  Default: -1
Changed value of parameter MIPFocus to 1
   Prev: 0  Min: 0  Max: 3  Default: 0
Optimize a model with 2268 rows, 6888 columns and 13776 nonzeros
Coefficient statistics:
  Matrix range    [1e+00, 4e+01]
  Objective range [1e+00, 1e+00]
  Bounds range    [1e+00, 1e+00]
  RHS range       [8e+01, 8e+01]
Found heuristic solution: objective 0
Presolve removed 140 rows and 462 columns
Presolve time: 0.04s
Presolved: 2128 rows, 6426 columns, 12852 nonzeros
Found heuristic solution: objective -892.7410000
Variable types: 0 continuous, 6426 integer (6426 binary)
Optimize a model with 2128 rows, 6426 columns and 12852 nonzeros
Coefficient statistics:
  Matrix range    [1e+00, 4e+01]
  Objective range [1e+00, 1e+00]
  Bounds range    [1e+00, 1e+00]
  RHS range       [1e+00, 8e+01]
Presolved: 2128 rows, 6426 columns, 12852 nonzeros

Root barrier log...

Ordering time: 0.00s

Barrier statistics:
 AA' NZ     : 6.426e+03
 Factor NZ  : 3.626e+04 (roughly 4 MBytes of memory)
 Factor Ops : 2.669e+06 (less than 1 second per iteration)
 Threads    : 1

                  Objective                Residual
Iter       Primal          Dual         Primal    Dual     Compl     Time
   0  -3.64700953e+03 -4.91723132e+03  2.12e+01 2.48e-01  1.78e+00     0s
   1  -1.32880310e+03 -3.57217336e+03  3.13e+00 6.66e-16  3.50e-01     0s
   2  -9.54228165e+02 -1.52094167e+03  2.50e-01 1.80e-14  5.03e-02     0s
   3  -9.32598894e+02 -9.61640728e+02  3.27e-02 2.00e-15  2.85e-03     0s
   4  -9.31712109e+02 -9.32145005e+02  3.24e-03 3.33e-15  9.49e-05     0s
   5  -9.31633137e+02 -9.31640192e+02  4.03e-05 6.66e-16  1.31e-06     0s
   6  -9.31634390e+02 -9.31634391e+02  3.42e-09 8.88e-16  8.70e-11     0s

Barrier solved model in 6 iterations and 0.09 seconds
Optimal objective -9.31634390e+02


Root relaxation: objective -9.316344e+02, 4833 iterations, 0.07 seconds

    Nodes    |    Current Node    |     Objective Bounds      |     Work
 Expl Unexpl |  Obj  Depth IntInf | Incumbent    BestBd   Gap | It/Node Time

     0     0 -931.63439    0  153 -892.74100 -931.63439  4.36%     -    0s
H    0     0                    -902.6640000 -931.63439  3.21%     -    0s
H    0     0                    -904.6720000 -931.63439  2.98%     -    0s
H    0     0                    -906.6955000 -931.63439  2.75%     -    0s
     0     0 -928.11171    0  212 -906.69550 -928.11171  2.36%     -    0s
H    0     0                    -914.7780000 -928.11171  1.46%     -    0s
H    0     0                    -916.7955000 -928.11171  1.23%     -    0s
     0     0 -926.45041    0  213 -916.79550 -926.45041  1.05%     -    0s
     0     0 -923.92717    0  151 -916.79550 -923.92717  0.78%     -    0s

Cutting planes:
  Gomory: 24
  Cover: 110
  Clique: 2
  MIR: 46

Explored 0 nodes (7641 simplex iterations) in 0.40 seconds
Thread count was 16 (of 16 available processors)

Optimal solution found (tolerance 1.00e-02)
Best objective -9.167955000000e+02, best bound -9.239271685234e+02, gap 0.7779%
Changed value of parameter MIPGap to 0.01
   Prev: 0.0001  Min: 0.0  Max: 1e+100  Default: 0.0001
Changed value of parameter TimeLimit to 1800.0
   Prev: 1e+100  Min: 0.0  Max: 1e+100  Default: 1e+100
Changed value of parameter Method to 2
   Prev: -1  Min: -1  Max: 4  Default: -1
Changed value of parameter MIPFocus to 1
   Prev: 0  Min: 0  Max: 3  Default: 0
Optimize a model with 2268 rows, 6888 columns and 13776 nonzeros
Coefficient statistics:
  Matrix range    [1e+00, 4e+01]
  Objective range [1e+00, 1e+00]
  Bounds range    [1e+00, 1e+00]
  RHS range       [8e+01, 8e+01]
Found heuristic solution: objective 0
Presolve removed 140 rows and 462 columns
Presolve time: 0.04s
Presolved: 2128 rows, 6426 columns, 12852 nonzeros
Found heuristic solution: objective -894.4820000
Variable types: 0 continuous, 6426 integer (6426 binary)
Optimize a model with 2128 rows, 6426 columns and 12852 nonzeros
Coefficient statistics:
  Matrix range    [1e+00, 4e+01]
  Objective range [1e+00, 1e+00]
  Bounds range    [1e+00, 1e+00]
  RHS range       [1e+00, 8e+01]
Presolved: 2128 rows, 6426 columns, 12852 nonzeros

Root barrier log...

Ordering time: 0.00s

Barrier statistics:
 AA' NZ     : 6.426e+03
 Factor NZ  : 3.626e+04 (roughly 4 MBytes of memory)
 Factor Ops : 2.669e+06 (less than 1 second per iteration)
 Threads    : 1

                  Objective                Residual
Iter       Primal          Dual         Primal    Dual     Compl     Time
   0  -3.65530804e+03 -4.92116890e+03  2.12e+01 2.48e-01  1.79e+00     0s
   1  -1.33245972e+03 -3.57537605e+03  3.13e+00 6.66e-16  3.50e-01     0s
   2  -9.56575967e+02 -1.52846964e+03  2.52e-01 3.55e-15  5.08e-02     0s
   3  -9.34600373e+02 -9.63572795e+02  3.34e-02 2.89e-15  2.85e-03     0s
   4  -9.33644738e+02 -9.34067794e+02  3.26e-03 3.11e-15  9.44e-05     0s
   5  -9.33560298e+02 -9.33567187e+02  3.98e-05 1.11e-15  1.29e-06     0s
   6  -9.33561463e+02 -9.33561464e+02  3.23e-09 1.33e-15  8.15e-11     0s

Barrier solved model in 6 iterations and 0.09 seconds
Optimal objective -9.33561463e+02


Root relaxation: objective -9.335615e+02, 4833 iterations, 0.07 seconds

    Nodes    |    Current Node    |     Objective Bounds      |     Work
 Expl Unexpl |  Obj  Depth IntInf | Incumbent    BestBd   Gap | It/Node Time

     0     0 -933.56146    0  164 -894.48200 -933.56146  4.37%     -    0s
H    0     0                    -904.3710000 -933.56146  3.23%     -    0s
H    0     0                    -907.3950000 -933.56146  2.88%     -    0s
H    0     0                    -908.4030000 -933.56146  2.77%     -    0s
     0     0 -929.03656    0  194 -908.40300 -929.03656  2.27%     -    0s
H    0     0                    -916.5440000 -929.03656  1.36%     -    0s
     0     0 -927.64332    0  206 -916.54400 -927.64332  1.21%     -    0s
     0     0 -926.32802    0  172 -916.54400 -926.32802  1.07%     -    0s
H    0     0                    -919.6420000 -926.32802  0.73%     -    0s

Cutting planes:
  Gomory: 14
  Cover: 99
  MIR: 26

Explored 0 nodes (7804 simplex iterations) in 0.42 seconds
Thread count was 16 (of 16 available processors)

Optimal solution found (tolerance 1.00e-02)
Best objective -9.196420000000e+02, best bound -9.263280243902e+02, gap 0.7270%
Changed value of parameter MIPGap to 0.01
   Prev: 0.0001  Min: 0.0  Max: 1e+100  Default: 0.0001
Changed value of parameter TimeLimit to 1800.0
   Prev: 1e+100  Min: 0.0  Max: 1e+100  Default: 1e+100
Changed value of parameter Method to 2
   Prev: -1  Min: -1  Max: 4  Default: -1
Changed value of parameter MIPFocus to 1
   Prev: 0  Min: 0  Max: 3  Default: 0
Optimize a model with 2268 rows, 6888 columns and 13776 nonzeros
Coefficient statistics:
  Matrix range    [1e+00, 4e+01]
  Objective range [1e+00, 1e+00]
  Bounds range    [1e+00, 1e+00]
  RHS range       [8e+01, 8e+01]
Found heuristic solution: objective 0
Presolve removed 140 rows and 462 columns
Presolve time: 0.04s
Presolved: 2128 rows, 6426 columns, 12852 nonzeros
Found heuristic solution: objective -897.9640000
Variable types: 0 continuous, 6426 integer (6426 binary)
Optimize a model with 2128 rows, 6426 columns and 12852 nonzeros
Coefficient statistics:
  Matrix range    [1e+00, 4e+01]
  Objective range [1e+00, 1e+00]
  Bounds range    [1e+00, 1e+00]
  RHS range       [1e+00, 8e+01]
Presolved: 2128 rows, 6426 columns, 12852 nonzeros

Root barrier log...

Ordering time: 0.00s

Barrier statistics:
 AA' NZ     : 6.426e+03
 Factor NZ  : 3.626e+04 (roughly 4 MBytes of memory)
 Factor Ops : 2.669e+06 (less than 1 second per iteration)
 Threads    : 1

                  Objective                Residual
Iter       Primal          Dual         Primal    Dual     Compl     Time
   0  -3.67190483e+03 -4.92904407e+03  2.12e+01 2.49e-01  1.79e+00     0s
   1  -1.33978723e+03 -3.58178500e+03  3.14e+00 6.66e-16  3.51e-01     0s
   2  -9.61247090e+02 -1.54677139e+03  2.57e-01 5.42e-14  5.20e-02     0s
   3  -9.38575163e+02 -9.67637967e+02  3.45e-02 2.66e-15  2.88e-03     0s
   4  -9.37506956e+02 -9.37947477e+02  3.29e-03 5.33e-15  9.59e-05     0s
   5  -9.37414580e+02 -9.37421277e+02  3.89e-05 8.88e-16  1.25e-06     0s
   6  -9.37415610e+02 -9.37415610e+02  2.93e-09 8.88e-15  7.32e-11     0s

Barrier solved model in 6 iterations and 0.09 seconds
Optimal objective -9.37415610e+02


Root relaxation: objective -9.374156e+02, 4829 iterations, 0.07 seconds

    Nodes    |    Current Node    |     Objective Bounds      |     Work
 Expl Unexpl |  Obj  Depth IntInf | Incumbent    BestBd   Gap | It/Node Time

     0     0 -937.41561    0  172 -897.96400 -937.41561  4.39%     -    0s
H    0     0                    -908.6620000 -937.41561  3.16%     -    0s
H    0     0                    -909.7020000 -937.41561  3.05%     -    0s
H    0     0                    -911.7820000 -937.41561  2.81%     -    0s
     0     0 -936.24878    0  258 -911.78200 -936.24878  2.68%     -    0s
H    0     0                    -919.0860000 -936.24878  1.87%     -    0s
     0     0 -934.80617    0  265 -919.08600 -934.80617  1.71%     -    0s
     0     0 -929.70502    0  196 -919.08600 -929.70502  1.16%     -    0s
H    0     0                    -922.2200000 -929.70502  0.81%     -    0s

Cutting planes:
  Gomory: 15
  Cover: 126
  Clique: 2
  MIR: 37

Explored 0 nodes (6876 simplex iterations) in 0.45 seconds
Thread count was 16 (of 16 available processors)

Optimal solution found (tolerance 1.00e-02)
Best objective -9.222200000000e+02, best bound -9.297050243902e+02, gap 0.8116%
Changed value of parameter MIPGap to 0.01
   Prev: 0.0001  Min: 0.0  Max: 1e+100  Default: 0.0001
Changed value of parameter TimeLimit to 1800.0
   Prev: 1e+100  Min: 0.0  Max: 1e+100  Default: 1e+100
Changed value of parameter Method to 2
   Prev: -1  Min: -1  Max: 4  Default: -1
Changed value of parameter MIPFocus to 1
   Prev: 0  Min: 0  Max: 3  Default: 0
Optimize a model with 2268 rows, 6888 columns and 13776 nonzeros
Coefficient statistics:
  Matrix range    [1e+00, 4e+01]
  Objective range [1e+00, 1e+00]
  Bounds range    [1e+00, 1e+00]
  RHS range       [8e+01, 8e+01]
Found heuristic solution: objective 0
Presolve removed 140 rows and 462 columns
Presolve time: 0.04s
Presolved: 2128 rows, 6426 columns, 12852 nonzeros
Found heuristic solution: objective -904.9280000
Variable types: 0 continuous, 6426 integer (6426 binary)
Optimize a model with 2128 rows, 6426 columns and 12852 nonzeros
Coefficient statistics:
  Matrix range    [1e+00, 4e+01]
  Objective range [1e+00, 1e+00]
  Bounds range    [1e+00, 1e+00]
  RHS range       [1e+00, 8e+01]
Presolved: 2128 rows, 6426 columns, 12852 nonzeros

Root barrier log...

Ordering time: 0.00s

Barrier statistics:
 AA' NZ     : 6.426e+03
 Factor NZ  : 3.626e+04 (roughly 4 MBytes of memory)
 Factor Ops : 2.669e+06 (less than 1 second per iteration)
 Threads    : 1

                  Objective                Residual
Iter       Primal          Dual         Primal    Dual     Compl     Time
   0  -3.70509748e+03 -4.94479442e+03  2.12e+01 2.49e-01  1.79e+00     0s
   1  -1.35448891e+03 -3.59461767e+03  3.16e+00 5.00e-16  3.52e-01     0s
   2  -9.70461104e+02 -1.56926906e+03  2.65e-01 1.27e-14  5.33e-02     0s
   3  -9.46516568e+02 -9.75331897e+02  3.64e-02 1.33e-15  2.89e-03     0s
   4  -9.45241932e+02 -9.45655993e+02  3.68e-03 2.89e-15  1.01e-04     0s
   5  -9.45123882e+02 -9.45129786e+02  4.88e-05 1.35e-14  1.37e-06     0s
   6  -9.45123902e+02 -9.45123903e+02  2.37e-09 1.33e-15  5.53e-11     0s

Barrier solved model in 6 iterations and 0.09 seconds
Optimal objective -9.45123902e+02


Root relaxation: objective -9.451239e+02, 4829 iterations, 0.07 seconds

    Nodes    |    Current Node    |     Objective Bounds      |     Work
 Expl Unexpl |  Obj  Depth IntInf | Incumbent    BestBd   Gap | It/Node Time

     0     0 -945.12390    0  155 -904.92800 -945.12390  4.44%     -    0s
H    0     0                    -913.2120000 -945.12390  3.49%     -    0s
H    0     0                    -916.4520000 -945.12390  3.13%     -    0s
H    0     0                    -918.5640000 -945.12390  2.89%     -    0s
     0     0 -941.85756    0  209 -918.56400 -941.85756  2.54%     -    0s
H    0     0                    -918.6240000 -941.85756  2.53%     -    0s
H    0     0                    -932.5560000 -941.85756  1.00%     -    0s

Cutting planes:
  Gomory: 4
  Cover: 65
  MIR: 19

Explored 0 nodes (7764 simplex iterations) in 0.32 seconds
Thread count was 16 (of 16 available processors)

Optimal solution found (tolerance 1.00e-02)
Best objective -9.325560000000e+02, best bound -9.418575609756e+02, gap 0.9974%
Changed value of parameter MIPGap to 0.01
   Prev: 0.0001  Min: 0.0  Max: 1e+100  Default: 0.0001
Changed value of parameter TimeLimit to 1800.0
   Prev: 1e+100  Min: 0.0  Max: 1e+100  Default: 1e+100
Changed value of parameter Method to 2
   Prev: -1  Min: -1  Max: 4  Default: -1
Changed value of parameter MIPFocus to 1
   Prev: 0  Min: 0  Max: 3  Default: 0
Optimize a model with 2268 rows, 6888 columns and 13776 nonzeros
Coefficient statistics:
  Matrix range    [1e+00, 4e+01]
  Objective range [1e+00, 1e+00]
  Bounds range    [1e+00, 1e+00]
  RHS range       [8e+01, 8e+01]
Found heuristic solution: objective 0
Presolve removed 140 rows and 462 columns
Presolve time: 0.04s
Presolved: 2128 rows, 6426 columns, 12852 nonzeros
Found heuristic solution: objective -908.4100000
Variable types: 0 continuous, 6426 integer (6426 binary)
Optimize a model with 2128 rows, 6426 columns and 12852 nonzeros
Coefficient statistics:
  Matrix range    [1e+00, 4e+01]
  Objective range [1e+00, 1e+00]
  Bounds range    [1e+00, 1e+00]
  RHS range       [1e+00, 8e+01]
Presolved: 2128 rows, 6426 columns, 12852 nonzeros

Root barrier log...

Ordering time: 0.00s

Barrier statistics:
 AA' NZ     : 6.426e+03
 Factor NZ  : 3.626e+04 (roughly 4 MBytes of memory)
 Factor Ops : 2.669e+06 (less than 1 second per iteration)
 Threads    : 1

                  Objective                Residual
Iter       Primal          Dual         Primal    Dual     Compl     Time
   0  -3.72169335e+03 -4.95266959e+03  2.12e+01 2.49e-01  1.79e+00     0s
   1  -1.36186256e+03 -3.60104129e+03  3.17e+00 6.66e-16  3.53e-01     0s
   2  -9.75009065e+02 -1.57931513e+03  2.68e-01 4.88e-15  5.39e-02     0s
   3  -9.50350048e+02 -9.79077620e+02  3.60e-02 1.11e-15  2.87e-03     0s
   4  -9.49092449e+02 -9.49511923e+02  3.62e-03 6.00e-15  9.99e-05     0s
   5  -9.48978058e+02 -9.48983261e+02  4.64e-05 1.33e-15  1.27e-06     0s
   6  -9.48978049e+02 -9.48978049e+02  1.79e-09 2.22e-15  3.83e-11     0s

Barrier solved model in 6 iterations and 0.09 seconds
Optimal objective -9.48978049e+02


Root relaxation: objective -9.489780e+02, 4831 iterations, 0.07 seconds

    Nodes    |    Current Node    |     Objective Bounds      |     Work
 Expl Unexpl |  Obj  Depth IntInf | Incumbent    BestBd   Gap | It/Node Time

     0     0 -948.97805    0  165 -908.41000 -948.97805  4.47%     -    0s
H    0     0                    -916.7300000 -948.97805  3.52%     -    0s
H    0     0                    -919.8150000 -948.97805  3.17%     -    0s
H    0     0                    -921.9550000 -948.97805  2.93%     -    0s
H    0     0                    -923.0550000 -948.97805  2.81%     -    0s
     0     0 -945.70488    0  210 -923.05500 -945.70488  2.45%     -    0s
H    0     0                    -932.8950000 -945.70488  1.37%     -    0s
     0     0 -943.94786    0  219 -932.89500 -943.94786  1.18%     -    0s
     0     0 -941.12894    0  155 -932.89500 -941.12894  0.88%     -    0s

Cutting planes:
  Gomory: 32
  Cover: 134
  Clique: 1
  MIR: 42

Explored 0 nodes (7449 simplex iterations) in 0.42 seconds
Thread count was 16 (of 16 available processors)

Optimal solution found (tolerance 1.00e-02)
Best objective -9.328950000000e+02, best bound -9.411250000000e+02, gap 0.8822%
Changed value of parameter MIPGap to 0.01
   Prev: 0.0001  Min: 0.0  Max: 1e+100  Default: 0.0001
Changed value of parameter TimeLimit to 1800.0
   Prev: 1e+100  Min: 0.0  Max: 1e+100  Default: 1e+100
Changed value of parameter Method to 2
   Prev: -1  Min: -1  Max: 4  Default: -1
Changed value of parameter MIPFocus to 1
   Prev: 0  Min: 0  Max: 3  Default: 0
Optimize a model with 2268 rows, 6888 columns and 13776 nonzeros
Coefficient statistics:
  Matrix range    [1e+00, 4e+01]
  Objective range [1e+00, 1e+00]
  Bounds range    [1e+00, 1e+00]
  RHS range       [8e+01, 8e+01]
Found heuristic solution: objective 0
Presolve removed 140 rows and 462 columns
Presolve time: 0.04s
Presolved: 2128 rows, 6426 columns, 12852 nonzeros
Found heuristic solution: objective -925.8200000
Variable types: 0 continuous, 6426 integer (6426 binary)
Optimize a model with 2128 rows, 6426 columns and 12852 nonzeros
Coefficient statistics:
  Matrix range    [1e+00, 4e+01]
  Objective range [1e+00, 1e+00]
  Bounds range    [1e+00, 1e+00]
  RHS range       [1e+00, 8e+01]
Presolved: 2128 rows, 6426 columns, 12852 nonzeros

Root barrier log...

Ordering time: 0.00s

Barrier statistics:
 AA' NZ     : 6.426e+03
 Factor NZ  : 3.626e+04 (roughly 4 MBytes of memory)
 Factor Ops : 2.669e+06 (less than 1 second per iteration)
 Threads    : 1

                  Objective                Residual
Iter       Primal          Dual         Primal    Dual     Compl     Time
   0  -3.80466813e+03 -4.99204544e+03  2.12e+01 2.55e-01  1.80e+00     0s
   1  -1.39916729e+03 -3.63325679e+03  3.22e+00 6.66e-16  3.57e-01     0s
   2  -1.00086728e+03 -1.62481873e+03  3.07e-01 3.33e-15  5.67e-02     0s
   3  -9.69582932e+02 -1.00160948e+03  3.50e-02 2.66e-15  3.10e-03     0s
   4  -9.68361560e+02 -9.69054331e+02  3.42e-03 1.11e-15  1.17e-04     0s
   5  -9.68248269e+02 -9.68255298e+02  1.95e-06 6.66e-16  5.71e-07     0s
   6  -9.68248780e+02 -9.68248780e+02  3.87e-12 4.44e-16  9.94e-13     0s

Barrier solved model in 6 iterations and 0.10 seconds
Optimal objective -9.68248780e+02


Root relaxation: objective -9.682488e+02, 4460 iterations, 0.07 seconds

    Nodes    |    Current Node    |     Objective Bounds      |     Work
 Expl Unexpl |  Obj  Depth IntInf | Incumbent    BestBd   Gap | It/Node Time

     0     0 -968.24878    0  149 -925.82000 -968.24878  4.58%     -    0s
H    0     0                    -936.8600000 -968.24878  3.35%     -    0s
H    0     0                    -939.2600000 -968.24878  3.09%     -    0s
     0     0 -965.15049    0  214 -939.26000 -965.15049  2.76%     -    0s
H    0     0                    -949.5600000 -965.15049  1.64%     -    0s
     0     0 -963.10707    0  216 -949.56000 -963.10707  1.43%     -    0s
     0     0 -959.54549    0  137 -949.56000 -959.54549  1.05%     -    0s
H    0     0                    -953.1200000 -959.54549  0.67%     -    0s

Cutting planes:
  Gomory: 18
  Cover: 104
  Clique: 4
  MIR: 24

Explored 0 nodes (7738 simplex iterations) in 0.41 seconds
Thread count was 16 (of 16 available processors)

Optimal solution found (tolerance 1.00e-02)
Best objective -9.531200000000e+02, best bound -9.595400000000e+02, gap 0.6736%
Changed value of parameter MIPGap to 0.01
   Prev: 0.0001  Min: 0.0  Max: 1e+100  Default: 0.0001
Changed value of parameter TimeLimit to 1800.0
   Prev: 1e+100  Min: 0.0  Max: 1e+100  Default: 1e+100
Changed value of parameter Method to 2
   Prev: -1  Min: -1  Max: 4  Default: -1
Changed value of parameter MIPFocus to 1
   Prev: 0  Min: 0  Max: 3  Default: 0
Optimize a model with 2268 rows, 6888 columns and 13776 nonzeros
Coefficient statistics:
  Matrix range    [1e+00, 4e+01]
  Objective range [1e+00, 1e+00]
  Bounds range    [1e+00, 1e+00]
  RHS range       [8e+01, 8e+01]
Found heuristic solution: objective 0
Presolve removed 140 rows and 462 columns
Presolve time: 0.04s
Presolved: 2128 rows, 6426 columns, 12852 nonzeros
Found heuristic solution: objective -960.6400000
Variable types: 0 continuous, 6426 integer (6426 binary)
Optimize a model with 2128 rows, 6426 columns and 12852 nonzeros
Coefficient statistics:
  Matrix range    [1e+00, 4e+01]
  Objective range [1e+00, 1e+00]
  Bounds range    [1e+00, 1e+00]
  RHS range       [1e+00, 8e+01]
Presolved: 2128 rows, 6426 columns, 12852 nonzeros

Root barrier log...

Ordering time: 0.00s

Barrier statistics:
 AA' NZ     : 6.426e+03
 Factor NZ  : 3.626e+04 (roughly 4 MBytes of memory)
 Factor Ops : 2.669e+06 (less than 1 second per iteration)
 Threads    : 1

                  Objective                Residual
Iter       Primal          Dual         Primal    Dual     Compl     Time
   0  -3.97102499e+03 -5.45066293e+03  2.12e+01 2.74e-01  1.98e+00     0s
   1  -1.44298614e+03 -3.94337691e+03  3.17e+00 8.88e-16  3.89e-01     0s
   2  -1.04355409e+03 -1.82399236e+03  3.58e-01 1.04e-14  7.11e-02     0s
   3  -1.00655757e+03 -1.05446885e+03  3.06e-02 1.11e-15  4.23e-03     0s
   4  -1.00675651e+03 -1.00805750e+03  2.28e-03 2.44e-15  1.41e-04     0s
   5  -1.00679055e+03 -1.00720771e+03  1.87e-13 2.00e-15  3.15e-05     0s
   6  -1.00679469e+03 -1.00690304e+03  2.85e-13 6.66e-16  8.18e-06     0s
   7  -1.00679779e+03 -1.00680765e+03  2.39e-13 4.55e-16  7.45e-07     0s
   8  -1.00679831e+03 -1.00679842e+03  3.24e-13 4.44e-16  8.23e-09     0s
   9  -1.00679839e+03 -1.00679839e+03  3.37e-12 4.44e-16  2.65e-11     0s

Barrier solved model in 9 iterations and 0.11 seconds
Optimal objective -1.00679839e+03


Root relaxation: objective -1.006798e+03, 4151 iterations, 0.08 seconds

    Nodes    |    Current Node    |     Objective Bounds      |     Work
 Expl Unexpl |  Obj  Depth IntInf | Incumbent    BestBd   Gap | It/Node Time

     0     0 -1006.7984    0  163 -960.64000 -1006.7984  4.80%     -    0s
     0     0 -1003.2090    0  209 -960.64000 -1003.2090  4.43%     -    0s
H    0     0                    -982.4800000 -1003.2090  2.11%     -    0s
H    0     0                    -986.6800000 -1003.2090  1.68%     -    0s
     0     0 -1001.8700    0  189 -986.68000 -1001.8700  1.54%     -    0s
     0     0 -997.08577    0  146 -986.68000 -997.08577  1.05%     -    0s
H    0     0                    -987.8400000 -997.08577  0.94%     -    0s

Cutting planes:
  Gomory: 18
  Cover: 89
  Clique: 1
  MIR: 36

Explored 0 nodes (6859 simplex iterations) in 0.44 seconds
Thread count was 16 (of 16 available processors)

Optimal solution found (tolerance 1.00e-02)
Best objective -9.878400000000e+02, best bound -9.970800000000e+02, gap 0.9354%
Changed value of parameter MIPGap to 0.01
   Prev: 0.0001  Min: 0.0  Max: 1e+100  Default: 0.0001
Changed value of parameter TimeLimit to 1800.0
   Prev: 1e+100  Min: 0.0  Max: 1e+100  Default: 1e+100
Changed value of parameter Method to 2
   Prev: -1  Min: -1  Max: 4  Default: -1
Changed value of parameter MIPFocus to 1
   Prev: 0  Min: 0  Max: 3  Default: 0
Optimize a model with 2268 rows, 6888 columns and 13776 nonzeros
Coefficient statistics:
  Matrix range    [1e+00, 4e+01]
  Objective range [1e+00, 2e+00]
  Bounds range    [1e+00, 1e+00]
  RHS range       [8e+01, 8e+01]
Found heuristic solution: objective 0
Presolve removed 140 rows and 462 columns
Presolve time: 0.04s
Presolved: 2128 rows, 6426 columns, 12852 nonzeros
Found heuristic solution: objective -1030.280000
Variable types: 0 continuous, 6426 integer (6426 binary)
Optimize a model with 2128 rows, 6426 columns and 12852 nonzeros
Coefficient statistics:
  Matrix range    [1e+00, 4e+01]
  Objective range [1e+00, 2e+00]
  Bounds range    [1e+00, 1e+00]
  RHS range       [1e+00, 8e+01]
Presolved: 2128 rows, 6426 columns, 12852 nonzeros

Root barrier log...

Ordering time: 0.00s

Barrier statistics:
 AA' NZ     : 6.426e+03
 Factor NZ  : 3.626e+04 (roughly 4 MBytes of memory)
 Factor Ops : 2.669e+06 (less than 1 second per iteration)
 Threads    : 1

                  Objective                Residual
Iter       Primal          Dual         Primal    Dual     Compl     Time
   0  -4.30422632e+03 -6.91526874e+03  2.12e+01 3.36e-01  2.60e+00     0s
   1  -1.50375539e+03 -4.91279012e+03  2.88e+00 8.88e-16  4.86e-01     0s
   2  -1.09970497e+03 -1.98018612e+03  2.55e-01 2.00e-15  7.60e-02     0s
   3  -1.08047245e+03 -1.13722972e+03  1.37e-02 1.78e-15  4.59e-03     0s
   4  -1.08391437e+03 -1.09510806e+03  3.65e-03 3.11e-15  9.23e-04     0s
   5  -1.08519603e+03 -1.08584347e+03  3.02e-04 1.33e-15  5.53e-05     0s
   6  -1.08531528e+03 -1.08531584e+03  7.67e-07 1.11e-15  5.82e-08     0s
   7  -1.08531558e+03 -1.08531558e+03  8.01e-13 8.88e-16  5.82e-11     0s

Barrier solved model in 7 iterations and 0.10 seconds
Optimal objective -1.08531558e+03


Root relaxation: objective -1.085316e+03, 4686 iterations, 0.07 seconds

    Nodes    |    Current Node    |     Objective Bounds      |     Work
 Expl Unexpl |  Obj  Depth IntInf | Incumbent    BestBd   Gap | It/Node Time

     0     0 -1085.3156    0  187 -1030.2800 -1085.3156  5.34%     -    0s
H    0     0                    -1051.480000 -1085.3156  3.22%     -    0s
     0     0 -1077.7089    0  219 -1051.4800 -1077.7089  2.49%     -    0s
H    0     0                    -1053.280000 -1077.7089  2.32%     -    0s
     0     0 -1077.1821    0  224 -1053.2800 -1077.1821  2.27%     -    0s
     0     0 -1072.0199    0  133 -1053.2800 -1072.0199  1.78%     -    0s
H    0     0                    -1053.360000 -1072.0199  1.77%     -    0s
H    0     0                    -1058.280000 -1072.0199  1.30%     -    0s
H    0     0                    -1063.760000 -1072.0199  0.78%     -    0s

Cutting planes:
  Gomory: 8
  Cover: 120
  Clique: 2
  MIR: 33

Explored 0 nodes (6780 simplex iterations) in 0.45 seconds
Thread count was 16 (of 16 available processors)

Optimal solution found (tolerance 1.00e-02)
Best objective -1.063760000000e+03, best bound -1.072000000000e+03, gap 0.7746%
Changed value of parameter MIPGap to 0.01
   Prev: 0.0001  Min: 0.0  Max: 1e+100  Default: 0.0001
Changed value of parameter TimeLimit to 1800.0
   Prev: 1e+100  Min: 0.0  Max: 1e+100  Default: 1e+100
Changed value of parameter Method to 2
   Prev: -1  Min: -1  Max: 4  Default: -1
Changed value of parameter MIPFocus to 1
   Prev: 0  Min: 0  Max: 3  Default: 0
Optimize a model with 2268 rows, 6888 columns and 13776 nonzeros
Coefficient statistics:
  Matrix range    [1e+00, 4e+01]
  Objective range [1e+00, 2e+00]
  Bounds range    [1e+00, 1e+00]
  RHS range       [8e+01, 8e+01]
Found heuristic solution: objective 0
Presolve removed 140 rows and 462 columns
Presolve time: 0.04s
Presolved: 2128 rows, 6426 columns, 12852 nonzeros
Found heuristic solution: objective -1065.100000
Variable types: 0 continuous, 6426 integer (6426 binary)
Optimize a model with 2128 rows, 6426 columns and 12852 nonzeros
Coefficient statistics:
  Matrix range    [1e+00, 4e+01]
  Objective range [1e+00, 2e+00]
  Bounds range    [1e+00, 1e+00]
  RHS range       [1e+00, 8e+01]
Presolved: 2128 rows, 6426 columns, 12852 nonzeros

Root barrier log...

Ordering time: 0.00s

Barrier statistics:
 AA' NZ     : 6.426e+03
 Factor NZ  : 3.626e+04 (roughly 4 MBytes of memory)
 Factor Ops : 2.669e+06 (less than 1 second per iteration)
 Threads    : 1

                  Objective                Residual
Iter       Primal          Dual         Primal    Dual     Compl     Time
   0  -4.47078372e+03 -7.64757165e+03  2.12e+01 3.75e-01  2.90e+00     0s
   1  -1.55305377e+03 -5.40104989e+03  2.91e+00 8.88e-16  5.44e-01     0s
   2  -1.13315688e+03 -2.12175470e+03  2.53e-01 3.33e-15  8.47e-02     0s
   3  -1.11770878e+03 -1.20218291e+03  1.26e-02 2.22e-15  6.66e-03     0s
   4  -1.12294540e+03 -1.13573937e+03  2.56e-03 4.44e-15  1.02e-03     0s
   5  -1.12445755e+03 -1.12472871e+03  1.89e-04 1.78e-15  2.46e-05     0s
   6  -1.12457412e+03 -1.12457434e+03  6.46e-08 6.41e-16  1.79e-08     0s
   7  -1.12457417e+03 -1.12457418e+03  5.88e-14 8.88e-16  1.79e-11     0s

Barrier solved model in 7 iterations and 0.10 seconds
Optimal objective -1.12457417e+03


Root relaxation: objective -1.124574e+03, 4462 iterations, 0.07 seconds

    Nodes    |    Current Node    |     Objective Bounds      |     Work
 Expl Unexpl |  Obj  Depth IntInf | Incumbent    BestBd   Gap | It/Node Time

     0     0 -1124.5742    0  174 -1065.1000 -1124.5742  5.58%     -    0s
H    0     0                    -1086.350000 -1124.5742  3.52%     -    0s
H    0     0                    -1090.950000 -1124.5742  3.08%     -    0s
     0     0 -1117.9133    0  246 -1090.9500 -1117.9133  2.47%     -    0s
     0     0 -1116.0861    0  230 -1090.9500 -1116.0861  2.30%     -    0s
H    0     0                    -1091.550000 -1116.0861  2.25%     -    0s
     0     0 -1109.2577    0  151 -1091.5500 -1109.2577  1.62%     -    0s
H    0     0                    -1102.350000 -1109.2577  0.63%     -    0s

Cutting planes:
  Gomory: 12
  Cover: 120
  Clique: 3
  MIR: 24

Explored 0 nodes (6869 simplex iterations) in 0.45 seconds
Thread count was 16 (of 16 available processors)

Optimal solution found (tolerance 1.00e-02)
Best objective -1.102350000000e+03, best bound -1.109250000000e+03, gap 0.6259%
Changed value of parameter MIPGap to 0.01
   Prev: 0.0001  Min: 0.0  Max: 1e+100  Default: 0.0001
Changed value of parameter TimeLimit to 1800.0
   Prev: 1e+100  Min: 0.0  Max: 1e+100  Default: 1e+100
Changed value of parameter Method to 2
   Prev: -1  Min: -1  Max: 4  Default: -1
Changed value of parameter MIPFocus to 1
   Prev: 0  Min: 0  Max: 3  Default: 0
Optimize a model with 2268 rows, 6888 columns and 13776 nonzeros
Coefficient statistics:
  Matrix range    [1e+00, 4e+01]
  Objective range [1e+00, 3e+00]
  Bounds range    [1e+00, 1e+00]
  RHS range       [8e+01, 8e+01]
Found heuristic solution: objective 0
Presolve removed 140 rows and 462 columns
Presolve time: 0.04s
Presolved: 2128 rows, 6426 columns, 12852 nonzeros
Found heuristic solution: objective -1239.200000
Variable types: 0 continuous, 6426 integer (6426 binary)
Optimize a model with 2128 rows, 6426 columns and 12852 nonzeros
Coefficient statistics:
  Matrix range    [1e+00, 4e+01]
  Objective range [1e+00, 3e+00]
  Bounds range    [1e+00, 1e+00]
  RHS range       [1e+00, 8e+01]
Presolved: 2128 rows, 6426 columns, 12852 nonzeros

Root barrier log...

Ordering time: 0.00s

Barrier statistics:
 AA' NZ     : 6.426e+03
 Factor NZ  : 3.626e+04 (roughly 4 MBytes of memory)
 Factor Ops : 2.669e+06 (less than 1 second per iteration)
 Threads    : 1

                  Objective                Residual
Iter       Primal          Dual         Primal    Dual     Compl     Time
   0  -5.30337629e+03 -1.13090862e+04  2.12e+01 5.69e-01  4.44e+00     0s
   1  -1.82255143e+03 -7.86351426e+03  3.04e+00 1.78e-15  8.47e-01     0s
   2  -1.30750308e+03 -2.79210138e+03  2.48e-01 3.77e-15  1.25e-01     0s
   3  -1.30554629e+03 -1.44675305e+03  8.98e-03 6.22e-15  1.09e-02     0s
   4  -1.31844065e+03 -1.34250343e+03  1.34e-03 2.22e-15  1.85e-03     0s
   5  -1.32063376e+03 -1.33113543e+03  1.08e-04 1.33e-15  7.96e-04     0s
   6  -1.32090003e+03 -1.32150414e+03  5.94e-06 8.88e-16  4.59e-05     0s
   7  -1.32095231e+03 -1.32095292e+03  1.71e-14 8.88e-16  4.62e-08     0s
   8  -1.32095237e+03 -1.32095237e+03  3.79e-14 8.88e-16  4.62e-11     0s

Barrier solved model in 8 iterations and 0.10 seconds
Optimal objective -1.32095237e+03


Root relaxation: objective -1.320952e+03, 4549 iterations, 0.07 seconds

    Nodes    |    Current Node    |     Objective Bounds      |     Work
 Expl Unexpl |  Obj  Depth IntInf | Incumbent    BestBd   Gap | It/Node Time

     0     0 -1320.9524    0  183 -1239.2000 -1320.9524  6.60%     -    0s
     0     0 -1312.6496    0  236 -1239.2000 -1312.6496  5.93%     -    0s
H    0     0                    -1267.500000 -1312.6496  3.56%     -    0s
H    0     0                    -1272.300000 -1312.6496  3.17%     -    0s
     0     0 -1310.6631    0  240 -1272.3000 -1310.6631  3.02%     -    0s
     0     0 -1296.9261    0  158 -1272.3000 -1296.9261  1.94%     -    0s
H    0     0                    -1282.000000 -1296.9261  1.16%     -    0s
     0     0 -1295.1648    0  141 -1282.0000 -1295.1648  1.03%     -    0s
     0     0 -1294.7258    0  136 -1282.0000 -1294.7258  0.99%     -    0s

Cutting planes:
  Gomory: 22
  Cover: 139
  Clique: 3
  MIR: 51

Explored 0 nodes (7434 simplex iterations) in 0.50 seconds
Thread count was 16 (of 16 available processors)

Optimal solution found (tolerance 1.00e-02)
Best objective -1.282000000000e+03, best bound -1.294700000000e+03, gap 0.9906%
Changed value of parameter MIPGap to 0.01
   Prev: 0.0001  Min: 0.0  Max: 1e+100  Default: 0.0001
Changed value of parameter TimeLimit to 1800.0
   Prev: 1e+100  Min: 0.0  Max: 1e+100  Default: 1e+100
Changed value of parameter Method to 2
   Prev: -1  Min: -1  Max: 4  Default: -1
Changed value of parameter MIPFocus to 1
   Prev: 0  Min: 0  Max: 3  Default: 0
Optimize a model with 2268 rows, 6888 columns and 13776 nonzeros
Coefficient statistics:
  Matrix range    [1e+00, 4e+01]
  Objective range [1e+00, 5e+00]
  Bounds range    [1e+00, 1e+00]
  RHS range       [8e+01, 8e+01]
Found heuristic solution: objective 0
Presolve removed 140 rows and 462 columns
Presolve time: 0.04s
Presolved: 2128 rows, 6426 columns, 12852 nonzeros
Found heuristic solution: objective -1587.400000
Variable types: 0 continuous, 6426 integer (6426 binary)
Optimize a model with 2128 rows, 6426 columns and 12852 nonzeros
Coefficient statistics:
  Matrix range    [1e+00, 4e+01]
  Objective range [1e+00, 5e+00]
  Bounds range    [1e+00, 1e+00]
  RHS range       [1e+00, 8e+01]
Presolved: 2128 rows, 6426 columns, 12852 nonzeros

Root barrier log...

Ordering time: 0.00s

Barrier statistics:
 AA' NZ     : 6.426e+03
 Factor NZ  : 3.626e+04 (roughly 4 MBytes of memory)
 Factor Ops : 2.669e+06 (less than 1 second per iteration)
 Threads    : 1

                  Objective                Residual
Iter       Primal          Dual         Primal    Dual     Compl     Time
   0  -6.96822320e+03 -1.86321152e+04  2.12e+01 9.58e-01  7.51e+00     0s
   1  -2.33578689e+03 -1.28152698e+04  3.01e+00 3.55e-15  1.43e+00     0s
   2  -1.67534322e+03 -4.15643120e+03  2.40e-01 1.78e-15  2.07e-01     0s
   3  -1.68135463e+03 -1.88027143e+03  6.23e-03 4.44e-14  1.53e-02     0s
   4  -1.70951548e+03 -1.77784105e+03  7.90e-04 1.51e-14  5.19e-03     0s
   5  -1.71375134e+03 -1.72132871e+03  4.23e-05 2.66e-15  5.74e-04     0s
   6  -1.71411083e+03 -1.71421295e+03  4.98e-08 1.78e-15  7.72e-06     0s
   7  -1.71411277e+03 -1.71411287e+03  9.55e-15 1.78e-15  7.72e-09     0s
   8  -1.71411277e+03 -1.71411277e+03  8.10e-15 1.78e-15  7.72e-12     0s

Barrier solved model in 8 iterations and 0.10 seconds
Optimal objective -1.71411277e+03


Root relaxation: objective -1.714113e+03, 4248 iterations, 0.07 seconds

    Nodes    |    Current Node    |     Objective Bounds      |     Work
 Expl Unexpl |  Obj  Depth IntInf | Incumbent    BestBd   Gap | It/Node Time

     0     0 -1714.1128    0  152 -1587.4000 -1714.1128  7.98%     -    0s
H    0     0                    -1630.000000 -1714.1128  5.16%     -    0s
H    0     0                    -1630.400000 -1714.1128  5.13%     -    0s
H    0     0                    -1640.400000 -1714.1128  4.49%     -    0s
     0     0 -1679.5977    0  201 -1640.4000 -1679.5977  2.39%     -    0s
H    0     0                    -1649.200000 -1679.5977  1.84%     -    0s
     0     0 -1676.2046    0  195 -1649.2000 -1676.2046  1.64%     -    0s
     0     0 -1668.3903    0  179 -1649.2000 -1668.3903  1.16%     -    0s
     0     0 -1666.4897    0  170 -1649.2000 -1666.4897  1.05%     -    0s
     0     0 -1666.4133    0  160 -1649.2000 -1666.4133  1.04%     -    0s
H    0     0                    -1655.200000 -1666.4133  0.68%     -    0s

Cutting planes:
  Gomory: 16
  Cover: 116
  Clique: 1
  MIR: 34

Explored 0 nodes (7766 simplex iterations) in 0.52 seconds
Thread count was 16 (of 16 available processors)

Optimal solution found (tolerance 1.00e-02)
Best objective -1.655200000000e+03, best bound -1.666400000000e+03, gap 0.6767%
Changed value of parameter MIPGap to 0.01
   Prev: 0.0001  Min: 0.0  Max: 1e+100  Default: 0.0001
Changed value of parameter TimeLimit to 1800.0
   Prev: 1e+100  Min: 0.0  Max: 1e+100  Default: 1e+100
Changed value of parameter Method to 2
   Prev: -1  Min: -1  Max: 4  Default: -1
Changed value of parameter MIPFocus to 1
   Prev: 0  Min: 0  Max: 3  Default: 0
Optimize a model with 2268 rows, 6888 columns and 13776 nonzeros
Coefficient statistics:
  Matrix range    [1e+00, 4e+01]
  Objective range [1e+00, 9e+00]
  Bounds range    [1e+00, 1e+00]
  RHS range       [8e+01, 8e+01]
Found heuristic solution: objective 0
Presolve removed 140 rows and 462 columns
Presolve time: 0.04s
Presolved: 2128 rows, 6426 columns, 12852 nonzeros
Found heuristic solution: objective -2283.800000
Variable types: 0 continuous, 6426 integer (6426 binary)
Optimize a model with 2128 rows, 6426 columns and 12852 nonzeros
Coefficient statistics:
  Matrix range    [1e+00, 4e+01]
  Objective range [1e+00, 9e+00]
  Bounds range    [1e+00, 1e+00]
  RHS range       [1e+00, 8e+01]
Presolved: 2128 rows, 6426 columns, 12852 nonzeros

Root barrier log...

Ordering time: 0.00s

Barrier statistics:
 AA' NZ     : 6.426e+03
 Factor NZ  : 3.626e+04 (roughly 4 MBytes of memory)
 Factor Ops : 2.669e+06 (less than 1 second per iteration)
 Threads    : 1

                  Objective                Residual
Iter       Primal          Dual         Primal    Dual     Compl     Time
   0  -1.02976411e+04 -3.33278434e+04  2.12e+01 1.74e+00  1.37e+01     0s
   1  -3.39109261e+03 -2.27630128e+04  2.98e+00 4.00e-15  2.59e+00     0s
   2  -2.43780781e+03 -6.94650736e+03  2.40e-01 3.55e-15  3.74e-01     0s
   3  -2.43638269e+03 -2.76794895e+03  7.60e-03 1.95e-14  2.55e-02     0s
   4  -2.48017131e+03 -2.56280139e+03  2.28e-03 5.33e-15  6.36e-03     0s
   5  -2.49608691e+03 -2.52682935e+03  4.42e-04 3.55e-15  2.34e-03     0s
   6  -2.49974218e+03 -2.50475679e+03  6.16e-05 3.55e-15  3.82e-04     0s
   7  -2.50043265e+03 -2.50043959e+03  3.21e-14 3.55e-15  5.24e-07     0s
   8  -2.50043357e+03 -2.50043358e+03  1.61e-14 3.55e-15  5.24e-10     0s

Barrier solved model in 8 iterations and 0.10 seconds
Optimal objective -2.50043357e+03


Root relaxation: objective -2.500434e+03, 4729 iterations, 0.07 seconds

    Nodes    |    Current Node    |     Objective Bounds      |     Work
 Expl Unexpl |  Obj  Depth IntInf | Incumbent    BestBd   Gap | It/Node Time

     0     0 -2500.4336    0  157 -2283.8000 -2500.4336  9.49%     -    0s
H    0     0                    -2331.600000 -2500.4336  7.24%     -    0s
H    0     0                    -2340.600000 -2500.4336  6.83%     -    0s
     0     0 -2467.7882    0  233 -2340.6000 -2467.7882  5.43%     -    0s
     0     0 -2462.5915    0  253 -2340.6000 -2462.5915  5.21%     -    0s
H    0     0                    -2358.600000 -2462.5915  4.41%     -    0s
H    0     0                    -2363.400000 -2462.5915  4.20%     -    0s
     0     0 -2423.7727    0  186 -2363.4000 -2423.7727  2.55%     -    0s
H    0     0                    -2371.000000 -2423.7727  2.23%     -    0s
H    0     0                    -2380.000000 -2423.7727  1.84%     -    0s
     0     0 -2414.7806    0  182 -2380.0000 -2414.7806  1.46%     -    0s
H    0     0                    -2381.400000 -2414.7806  1.40%     -    0s
     0     0 -2414.7806    0  168 -2381.4000 -2414.7806  1.40%     -    0s
     0     0 -2414.7806    0  150 -2381.4000 -2414.7806  1.40%     -    0s
     0     0 -2410.8293    0  185 -2381.4000 -2410.8293  1.24%     -    0s
H    0     0                    -2384.800000 -2410.8293  1.09%     -    0s
H    0     0                    -2386.200000 -2410.8293  1.03%     -    0s
     0     0 -2410.1708    0  146 -2386.2000 -2410.1708  1.00%     -    0s
     0     0 -2410.1708    0   61 -2386.2000 -2410.1708  1.00%     -    0s
H    0     0                    -2390.400000 -2410.1708  0.83%     -    0s

Cutting planes:
  Gomory: 15
  Cover: 126
  Clique: 1
  MIR: 39

Explored 0 nodes (9240 simplex iterations) in 0.81 seconds
Thread count was 16 (of 16 available processors)

Optimal solution found (tolerance 1.00e-02)
Best objective -2.390400000000e+03, best bound -2.410000000000e+03, gap 0.8199%
Changed value of parameter MIPGap to 0.01
   Prev: 0.0001  Min: 0.0  Max: 1e+100  Default: 0.0001
Changed value of parameter TimeLimit to 1800.0
   Prev: 1e+100  Min: 0.0  Max: 1e+100  Default: 1e+100
Changed value of parameter Method to 2
   Prev: -1  Min: -1  Max: 4  Default: -1
Changed value of parameter MIPFocus to 1
   Prev: 0  Min: 0  Max: 3  Default: 0
Optimize a model with 2268 rows, 6888 columns and 13776 nonzeros
Coefficient statistics:
  Matrix range    [1e+00, 4e+01]
  Objective range [2e+00, 1e+01]
  Bounds range    [1e+00, 1e+00]
  RHS range       [8e+01, 8e+01]
Found heuristic solution: objective 0
Presolve removed 140 rows and 462 columns
Presolve time: 0.04s
Presolved: 2128 rows, 6426 columns, 12852 nonzeros
Found heuristic solution: objective -2632.000000
Variable types: 0 continuous, 6426 integer (6426 binary)
Optimize a model with 2128 rows, 6426 columns and 12852 nonzeros
Coefficient statistics:
  Matrix range    [1e+00, 4e+01]
  Objective range [2e+00, 1e+01]
  Bounds range    [1e+00, 1e+00]
  RHS range       [1e+00, 8e+01]
Presolved: 2128 rows, 6426 columns, 12852 nonzeros

Root barrier log...

Ordering time: 0.00s

Barrier statistics:
 AA' NZ     : 6.426e+03
 Factor NZ  : 3.626e+04 (roughly 4 MBytes of memory)
 Factor Ops : 2.669e+06 (less than 1 second per iteration)
 Threads    : 1

                  Objective                Residual
Iter       Primal          Dual         Primal    Dual     Compl     Time
   0  -1.19623150e+04 -4.06948820e+04  2.12e+01 2.13e+00  1.68e+01     0s
   1  -3.92315670e+03 -2.77511404e+04  2.97e+00 4.44e-15  3.18e+00     0s
   2  -2.82327894e+03 -8.33947761e+03  2.40e-01 4.44e-15  4.57e-01     0s
   3  -2.81716641e+03 -3.21227118e+03  9.41e-03 3.38e-14  3.04e-02     0s
   4  -2.87811150e+03 -2.97391544e+03  1.76e-03 1.78e-14  7.34e-03     0s
   5  -2.88680148e+03 -2.92737143e+03  9.03e-04 8.88e-15  3.12e-03     0s
   6  -2.89241168e+03 -2.90777638e+03  3.53e-04 3.55e-15  1.18e-03     0s
   7  -2.89572035e+03 -2.89961383e+03  3.85e-05 3.55e-15  2.96e-04     0s
   8  -2.89620278e+03 -2.89625265e+03  1.03e-07 3.55e-15  3.79e-06     0s
   9  -2.89621305e+03 -2.89621310e+03  4.05e-13 3.55e-15  3.81e-09     0s
  10  -2.89621306e+03 -2.89621306e+03  1.73e-12 5.33e-15  3.99e-15     0s

Barrier solved model in 10 iterations and 0.11 seconds
Optimal objective -2.89621306e+03


Root relaxation: objective -2.896213e+03, 4060 iterations, 0.08 seconds

    Nodes    |    Current Node    |     Objective Bounds      |     Work
 Expl Unexpl |  Obj  Depth IntInf | Incumbent    BestBd   Gap | It/Node Time

     0     0 -2896.2131    0  169 -2632.0000 -2896.2131  10.0%     -    0s
H    0     0                    -2686.500000 -2896.2131  7.81%     -    0s
     0     0 -2841.4268    0  198 -2686.5000 -2841.4268  5.77%     -    0s
H    0     0                    -2715.000000 -2841.4268  4.66%     -    0s
H    0     0                    -2735.500000 -2841.4268  3.87%     -    0s
     0     0 -2835.4647    0  221 -2735.5000 -2835.4647  3.65%     -    0s
     0     0 -2786.2367    0  129 -2735.5000 -2786.2367  1.85%     -    0s
H    0     0                    -2741.500000 -2786.2367  1.63%     -    0s
H    0     0                    -2763.500000 -2786.2367  0.82%     -    0s

Cutting planes:
  Gomory: 10
  Cover: 127
  Clique: 2
  MIR: 28

Explored 0 nodes (6500 simplex iterations) in 0.42 seconds
Thread count was 16 (of 16 available processors)

Optimal solution found (tolerance 1.00e-02)
Best objective -2.763500000000e+03, best bound -2.786000000000e+03, gap 0.8142%
Changed value of parameter MIPGap to 0.01
   Prev: 0.0001  Min: 0.0  Max: 1e+100  Default: 0.0001
Changed value of parameter TimeLimit to 1800.0
   Prev: 1e+100  Min: 0.0  Max: 1e+100  Default: 1e+100
Changed value of parameter Method to 2
   Prev: -1  Min: -1  Max: 4  Default: -1
Changed value of parameter MIPFocus to 1
   Prev: 0  Min: 0  Max: 3  Default: 0
Optimize a model with 2268 rows, 6888 columns and 13776 nonzeros
Coefficient statistics:
  Matrix range    [1e+00, 4e+01]
  Objective range [2e+00, 2e+01]
  Bounds range    [1e+00, 1e+00]
  RHS range       [8e+01, 8e+01]
Found heuristic solution: objective 0
Presolve removed 140 rows and 462 columns
Presolve time: 0.04s
Presolved: 2128 rows, 6426 columns, 12852 nonzeros
Found heuristic solution: objective -4373.000000
Variable types: 0 continuous, 6426 integer (6426 binary)
Optimize a model with 2128 rows, 6426 columns and 12852 nonzeros
Coefficient statistics:
  Matrix range    [1e+00, 4e+01]
  Objective range [2e+00, 2e+01]
  Bounds range    [1e+00, 1e+00]
  RHS range       [1e+00, 8e+01]
Presolved: 2128 rows, 6426 columns, 12852 nonzeros

Root barrier log...

Ordering time: 0.00s

Barrier statistics:
 AA' NZ     : 6.426e+03
 Factor NZ  : 3.626e+04 (roughly 4 MBytes of memory)
 Factor Ops : 2.669e+06 (less than 1 second per iteration)
 Threads    : 1

                  Objective                Residual
Iter       Primal          Dual         Primal    Dual     Compl     Time
   0  -2.02855869e+04 -7.75300746e+04  2.12e+01 4.07e+00  3.22e+01     0s
   1  -6.59663213e+03 -5.26954588e+04  2.96e+00 1.07e-14  6.09e+00     0s
   2  -4.76362519e+03 -1.53040128e+04  2.40e-01 1.07e-14  8.71e-01     0s
   3  -4.73633147e+03 -5.49655050e+03  1.48e-02 4.26e-14  5.90e-02     0s
   4  -4.85062939e+03 -5.13926771e+03  2.97e-03 2.13e-14  2.21e-02     0s
   5  -4.87701111e+03 -4.95223718e+03  8.90e-04 1.07e-14  5.77e-03     0s
   6  -4.88182475e+03 -4.91668470e+03  5.54e-04 1.07e-14  2.69e-03     0s
   7  -4.88787963e+03 -4.89393705e+03  9.56e-05 7.11e-15  4.67e-04     0s
   8  -4.88944522e+03 -4.88964018e+03  3.80e-08 7.11e-15  1.47e-05     0s
   9  -4.88947531e+03 -4.88947573e+03  3.70e-13 7.11e-15  3.13e-08     0s
  10  -4.88947537e+03 -4.88947537e+03  1.26e-13 7.20e-15  3.19e-14     0s

Barrier solved model in 10 iterations and 0.11 seconds
Optimal objective -4.88947537e+03


Root relaxation: objective -4.889475e+03, 4176 iterations, 0.09 seconds

    Nodes    |    Current Node    |     Objective Bounds      |     Work
 Expl Unexpl |  Obj  Depth IntInf | Incumbent    BestBd   Gap | It/Node Time

     0     0 -4889.4754    0  178 -4373.0000 -4889.4754  11.8%     -    0s
     0     0 -4785.7642    0  217 -4373.0000 -4785.7642  9.44%     -    0s
H    0     0                    -4562.000000 -4785.7642  4.90%     -    0s
H    0     0                    -4604.000000 -4785.7642  3.95%     -    0s
     0     0 -4772.8017    0  216 -4604.0000 -4772.8017  3.67%     -    0s
     0     0 -4665.3989    0  194 -4604.0000 -4665.3989  1.33%     -    0s
H    0     0                    -4607.000000 -4665.3989  1.27%     -    0s
     0     0 -4664.9354    0  197 -4607.0000 -4664.9354  1.26%     -    0s
     0     0 -4659.9225    0  139 -4607.0000 -4659.9225  1.15%     -    0s
H    0     0                    -4612.000000 -4659.9225  1.04%     -    0s
     0     0 -4652.6055    0  142 -4612.0000 -4652.6055  0.88%     -    0s

Cutting planes:
  Gomory: 17
  Cover: 140
  Clique: 2
  MIR: 53

Explored 0 nodes (6879 simplex iterations) in 0.60 seconds
Thread count was 16 (of 16 available processors)

Optimal solution found (tolerance 1.00e-02)
Best objective -4.612000000000e+03, best bound -4.652000000000e+03, gap 0.8673%
Changed value of parameter MIPGap to 0.01
   Prev: 0.0001  Min: 0.0  Max: 1e+100  Default: 0.0001
Changed value of parameter TimeLimit to 1800.0
   Prev: 1e+100  Min: 0.0  Max: 1e+100  Default: 1e+100
Changed value of parameter Method to 2
   Prev: -1  Min: -1  Max: 4  Default: -1
Changed value of parameter MIPFocus to 1
   Prev: 0  Min: 0  Max: 3  Default: 0
Optimize a model with 2268 rows, 6888 columns and 13776 nonzeros
Coefficient statistics:
  Matrix range    [1e+00, 4e+01]
  Objective range [3e+00, 4e+01]
  Bounds range    [1e+00, 1e+00]
  RHS range       [8e+01, 8e+01]
Found heuristic solution: objective 0
Presolve removed 140 rows and 462 columns
Presolve time: 0.04s
Presolved: 2128 rows, 6426 columns, 12852 nonzeros
Found heuristic solution: objective -7855.000000
Variable types: 0 continuous, 6426 integer (6426 binary)
Optimize a model with 2128 rows, 6426 columns and 12852 nonzeros
Coefficient statistics:
  Matrix range    [1e+00, 4e+01]
  Objective range [3e+00, 4e+01]
  Bounds range    [1e+00, 1e+00]
  RHS range       [1e+00, 8e+01]
Presolved: 2128 rows, 6426 columns, 12852 nonzeros

Root barrier log...

Ordering time: 0.00s

Barrier statistics:
 AA' NZ     : 6.426e+03
 Factor NZ  : 3.626e+04 (roughly 4 MBytes of memory)
 Factor Ops : 2.669e+06 (less than 1 second per iteration)
 Threads    : 1

                  Objective                Residual
Iter       Primal          Dual         Primal    Dual     Compl     Time
   0  -3.69320247e+04 -1.51200460e+05  2.12e+01 7.96e+00  6.31e+01     0s
   1  -1.19586548e+04 -1.02587831e+05  2.95e+00 1.78e-14  1.19e+01     0s
   2  -8.66097661e+03 -3.18307097e+04  2.41e-01 1.42e-14  1.91e+00     0s
   3  -8.61584082e+03 -1.04186214e+04  2.00e-02 3.55e-14  1.40e-01     0s
   4  -8.81919418e+03 -9.29523157e+03  2.74e-03 7.11e-14  3.64e-02     0s
   5  -8.86700107e+03 -8.92389195e+03  4.32e-04 1.21e-13  4.37e-03     0s
   6  -8.87586456e+03 -8.87622459e+03  6.53e-06 1.42e-14  2.84e-05     0s
   7  -8.87599985e+03 -8.87600022e+03  5.21e-13 1.42e-14  2.84e-08     0s
   8  -8.87600000e+03 -8.87600000e+03  1.20e-12 1.42e-14  2.84e-11     0s

Barrier solved model in 8 iterations and 0.10 seconds
Optimal objective -8.87600000e+03


Root relaxation: objective -8.876000e+03, 4647 iterations, 0.08 seconds

    Nodes    |    Current Node    |     Objective Bounds      |     Work
 Expl Unexpl |  Obj  Depth IntInf | Incumbent    BestBd   Gap | It/Node Time

     0     0 -8876.0000    0  160 -7855.0000 -8876.0000  13.0%     -    0s
     0     0 -8513.0000    0  185 -7855.0000 -8513.0000  8.38%     -    0s
     0     0 -8512.1016    0  194 -7855.0000 -8512.1016  8.37%     -    0s
     0     0 -8405.0000    0  118 -7855.0000 -8405.0000  7.00%     -    0s
H    0     0                    -8190.000000 -8405.0000  2.63%     -    0s
H    0     0                    -8270.000000 -8405.0000  1.63%     -    0s
H    0     0                    -8323.000000 -8405.0000  0.99%     -    0s

Cutting planes:
  Gomory: 10
  Cover: 109
  Clique: 2
  MIR: 27

Explored 0 nodes (7274 simplex iterations) in 0.42 seconds
Thread count was 16 (of 16 available processors)

Optimal solution found (tolerance 1.00e-02)
Best objective -8.323000000000e+03, best bound -8.405000000000e+03, gap 0.9852%
Changed value of parameter MIPGap to 0.01
   Prev: 0.0001  Min: 0.0  Max: 1e+100  Default: 0.0001
Changed value of parameter TimeLimit to 1800.0
   Prev: 1e+100  Min: 0.0  Max: 1e+100  Default: 1e+100
Changed value of parameter Method to 2
   Prev: -1  Min: -1  Max: 4  Default: -1
Changed value of parameter MIPFocus to 1
   Prev: 0  Min: 0  Max: 3  Default: 0
Optimize a model with 2268 rows, 6888 columns and 13776 nonzeros
Coefficient statistics:
  Matrix range    [1e+00, 4e+01]
  Objective range [5e+00, 8e+01]
  Bounds range    [1e+00, 1e+00]
  RHS range       [8e+01, 8e+01]
Found heuristic solution: objective 0
Presolve removed 140 rows and 462 columns
Presolve time: 0.04s
Presolved: 2128 rows, 6426 columns, 12852 nonzeros
Found heuristic solution: objective -14819.00000
Variable types: 0 continuous, 6426 integer (6426 binary)
Optimize a model with 2128 rows, 6426 columns and 12852 nonzeros
Coefficient statistics:
  Matrix range    [1e+00, 4e+01]
  Objective range [5e+00, 8e+01]
  Bounds range    [1e+00, 1e+00]
  RHS range       [1e+00, 8e+01]
Presolved: 2128 rows, 6426 columns, 12852 nonzeros

Root barrier log...

Ordering time: 0.00s

Barrier statistics:
 AA' NZ     : 6.426e+03
 Factor NZ  : 3.626e+04 (roughly 4 MBytes of memory)
 Factor Ops : 2.669e+06 (less than 1 second per iteration)
 Threads    : 1

                  Objective                Residual
Iter       Primal          Dual         Primal    Dual     Compl     Time
   0  -7.02248433e+04 -2.98541230e+05  2.12e+01 1.57e+01  1.25e+02     0s
   1  -2.26914417e+04 -2.02374290e+05  2.94e+00 4.26e-14  2.36e+01     0s
   2  -1.64656237e+04 -6.73362044e+04  2.41e-01 3.55e-14  4.17e+00     0s
   3  -1.63692370e+04 -2.02935527e+04  2.03e-02 2.42e-13  3.04e-01     0s
   4  -1.67604325e+04 -1.78400195e+04  3.53e-03 8.53e-14  8.28e-02     0s
   5  -1.68738490e+04 -1.72405379e+04  1.58e-03 5.68e-14  2.82e-02     0s
   6  -1.69188754e+04 -1.71378471e+04  9.05e-04 8.53e-14  1.68e-02     0s
   7  -1.69561423e+04 -1.70245174e+04  3.20e-04 7.11e-14  5.27e-03     0s
   8  -1.69733077e+04 -1.69814717e+04  4.92e-05 2.84e-14  6.33e-04     0s
   9  -1.69766341e+04 -1.69784728e+04  1.27e-06 2.84e-14  1.39e-04     0s
  10  -1.69770893e+04 -1.69772506e+04  2.32e-09 2.84e-14  1.22e-05     0s
  11  -1.69771037e+04 -1.69771038e+04  5.29e-12 2.84e-14  4.08e-09     0s

Barrier solved model in 11 iterations and 0.12 seconds
Optimal objective -1.69771037e+04


Root relaxation: objective -1.697710e+04, 4360 iterations, 0.09 seconds

    Nodes    |    Current Node    |     Objective Bounds      |     Work
 Expl Unexpl |  Obj  Depth IntInf | Incumbent    BestBd   Gap | It/Node Time

     0     0 -16977.104    0  188 -14819.000 -16977.104  14.6%     -    0s
     0     0 -16033.264    0  184 -14819.000 -16033.264  8.19%     -    0s
H    0     0                    -15345.00000 -16033.264  4.49%     -    0s
H    0     0                    -15626.00000 -16033.264  2.61%     -    0s
     0     0 -16031.855    0  184 -15626.000 -16031.855  2.60%     -    0s
     0     0 -15905.610    0  141 -15626.000 -15905.610  1.79%     -    0s
H    0     0                    -15702.00000 -15905.610  1.30%     -    0s
H    0     0                    -15705.00000 -15905.610  1.28%     -    0s
     0     0 -15903.633    0  150 -15705.000 -15903.633  1.26%     -    0s
     0     0 -15903.633    0  142 -15705.000 -15903.633  1.26%     -    0s
H    0     0                    -15789.00000 -15903.633  0.73%     -    0s

Cutting planes:
  Gomory: 13
  Cover: 148
  MIR: 26

Explored 0 nodes (7491 simplex iterations) in 0.53 seconds
Thread count was 16 (of 16 available processors)

Optimal solution found (tolerance 1.00e-02)
Best objective -1.578900000000e+04, best bound -1.590300000000e+04, gap 0.7220%
Changed value of parameter MIPGap to 0.01
   Prev: 0.0001  Min: 0.0  Max: 1e+100  Default: 0.0001
Changed value of parameter TimeLimit to 1800.0
   Prev: 1e+100  Min: 0.0  Max: 1e+100  Default: 1e+100
Changed value of parameter Method to 2
   Prev: -1  Min: -1  Max: 4  Default: -1
Changed value of parameter MIPFocus to 1
   Prev: 0  Min: 0  Max: 3  Default: 0
Optimize a model with 2268 rows, 6888 columns and 13776 nonzeros
Coefficient statistics:
  Matrix range    [1e+00, 4e+01]
  Objective range [6e+00, 1e+02]
  Bounds range    [1e+00, 1e+00]
  RHS range       [8e+01, 8e+01]
Found heuristic solution: objective 0
Presolve removed 140 rows and 462 columns
Presolve time: 0.04s
Presolved: 2128 rows, 6426 columns, 12852 nonzeros
Found heuristic solution: objective -18301.00000
Variable types: 0 continuous, 6426 integer (6426 binary)
Optimize a model with 2128 rows, 6426 columns and 12852 nonzeros
Coefficient statistics:
  Matrix range    [1e+00, 4e+01]
  Objective range [6e+00, 1e+02]
  Bounds range    [1e+00, 1e+00]
  RHS range       [1e+00, 8e+01]
Presolved: 2128 rows, 6426 columns, 12852 nonzeros

Root barrier log...

Ordering time: 0.00s

Barrier statistics:
 AA' NZ     : 6.426e+03
 Factor NZ  : 3.626e+04 (roughly 4 MBytes of memory)
 Factor Ops : 2.669e+06 (less than 1 second per iteration)
 Threads    : 1

                  Objective                Residual
Iter       Primal          Dual         Primal    Dual     Compl     Time
   0  -8.68712467e+04 -3.72211616e+05  2.12e+01 1.96e+01  1.56e+02     0s
   1  -2.80597738e+04 -2.52265588e+05  2.94e+00 4.97e-14  2.94e+01     0s
   2  -2.03687869e+04 -8.37158487e+04  2.42e-01 4.26e-14  5.20e+00     0s
   3  -2.02510995e+04 -2.51857826e+04  2.05e-02 7.96e-13  3.83e-01     0s
   4  -2.07381491e+04 -2.20753428e+04  3.76e-03 1.42e-13  1.03e-01     0s
   5  -2.08887869e+04 -2.13335755e+04  1.77e-03 1.85e-13  3.43e-02     0s
   6  -2.09494991e+04 -2.11673453e+04  1.01e-03 1.14e-13  1.69e-02     0s
   7  -2.10129163e+04 -2.10642040e+04  1.60e-04 9.95e-14  3.94e-03     0s
   8  -2.10251545e+04 -2.10361749e+04  1.12e-05 2.84e-14  8.37e-04     0s
   9  -2.10273599e+04 -2.10294140e+04  1.28e-07 2.84e-14  1.55e-04     0s
  10  -2.10276467e+04 -2.10276851e+04  1.26e-10 2.84e-14  2.90e-06     0s
  11  -2.10276557e+04 -2.10276557e+04  1.05e-12 2.84e-14  1.05e-09     0s

Barrier solved model in 11 iterations and 0.12 seconds
Optimal objective -2.10276557e+04


Root relaxation: objective -2.102766e+04, 4061 iterations, 0.09 seconds

    Nodes    |    Current Node    |     Objective Bounds      |     Work
 Expl Unexpl |  Obj  Depth IntInf | Incumbent    BestBd   Gap | It/Node Time

     0     0 -21027.656    0  203 -18301.000 -21027.656  14.9%     -    0s
     0     0 -20028.498    0  164 -18301.000 -20028.498  9.44%     -    0s
H    0     0                    -19357.00000 -20028.498  3.47%     -    0s
H    0     0                    -19482.00000 -20028.498  2.81%     -    0s
     0     0 -20026.595    0  177 -19482.000 -20026.595  2.80%     -    0s
     0     0 -19665.824    0  122 -19482.000 -19665.824  0.94%     -    0s

Cutting planes:
  Gomory: 10
  Cover: 149
  Clique: 1
  MIR: 21

Explored 0 nodes (7061 simplex iterations) in 0.46 seconds
Thread count was 16 (of 16 available processors)

Optimal solution found (tolerance 1.00e-02)
Best objective -1.948200000000e+04, best bound -1.966500000000e+04, gap 0.9393%
Changed value of parameter MIPGap to 0.01
   Prev: 0.0001  Min: 0.0  Max: 1e+100  Default: 0.0001
Changed value of parameter TimeLimit to 1800.0
   Prev: 1e+100  Min: 0.0  Max: 1e+100  Default: 1e+100
Changed value of parameter Method to 2
   Prev: -1  Min: -1  Max: 4  Default: -1
Changed value of parameter MIPFocus to 1
   Prev: 0  Min: 0  Max: 3  Default: 0
Optimize a model with 2268 rows, 6888 columns and 13776 nonzeros
Coefficient statistics:
  Matrix range    [1e+00, 4e+01]
  Objective range [1e+01, 2e+02]
  Bounds range    [1e+00, 1e+00]
  RHS range       [8e+01, 8e+01]
Found heuristic solution: objective 0
Presolve removed 140 rows and 462 columns
Presolve time: 0.04s
Presolved: 2128 rows, 6426 columns, 12852 nonzeros
Found heuristic solution: objective -35711.00000
Variable types: 0 continuous, 6426 integer (6426 binary)
Optimize a model with 2128 rows, 6426 columns and 12852 nonzeros
Coefficient statistics:
  Matrix range    [1e+00, 4e+01]
  Objective range [1e+01, 2e+02]
  Bounds range    [1e+00, 1e+00]
  RHS range       [1e+00, 8e+01]
Presolved: 2128 rows, 6426 columns, 12852 nonzeros

Root barrier log...

Ordering time: 0.00s

Barrier statistics:
 AA' NZ     : 6.426e+03
 Factor NZ  : 3.626e+04 (roughly 4 MBytes of memory)
 Factor Ops : 2.669e+06 (less than 1 second per iteration)
 Threads    : 1

                  Objective                Residual
Iter       Primal          Dual         Primal    Dual     Compl     Time
   0  -1.70103252e+05 -7.40563542e+05  2.12e+01 3.91e+01  3.10e+02     0s
   1  -5.49033926e+04 -5.01718159e+05  2.94e+00 1.14e-13  5.86e+01     0s
   2  -3.98868542e+04 -1.65615426e+05  2.42e-01 9.24e-14  1.03e+01     0s
   3  -3.96652938e+04 -4.96163723e+04  2.08e-02 1.42e-13  7.72e-01     0s
   4  -4.06512762e+04 -4.35062785e+04  4.04e-03 4.55e-13  2.19e-01     0s
   5  -4.09414071e+04 -4.21204358e+04  2.21e-03 1.99e-13  9.08e-02     0s
   6  -4.10812169e+04 -4.16744195e+04  1.32e-03 1.42e-13  4.59e-02     0s
   7  -4.12390929e+04 -4.13896605e+04  2.26e-04 1.42e-13  1.16e-02     0s
   8  -4.12698731e+04 -4.13214383e+04  4.07e-05 5.68e-14  3.93e-03     0s
   9  -4.12787349e+04 -4.12895893e+04  2.63e-07 8.53e-14  8.20e-04     0s
  10  -4.12803485e+04 -4.12813274e+04  1.58e-09 5.68e-14  7.39e-05     0s
  11  -4.12804151e+04 -4.12804152e+04  1.79e-12 5.68e-14  8.69e-09     0s

Barrier solved model in 11 iterations and 0.12 seconds
Optimal objective -4.12804151e+04


Root relaxation: objective -4.128042e+04, 4305 iterations, 0.09 seconds

    Nodes    |    Current Node    |     Objective Bounds      |     Work
 Expl Unexpl |  Obj  Depth IntInf | Incumbent    BestBd   Gap | It/Node Time

     0     0 -41280.415    0  203 -35711.000 -41280.415  15.6%     -    0s
     0     0 -39222.833    0  207 -35711.000 -39222.833  9.83%     -    0s
H    0     0                    -36594.00000 -39222.833  7.18%     -    0s
     0     0 -39219.345    0  218 -36594.000 -39219.345  7.17%     -    0s
     0     0 -38476.544    0  160 -36594.000 -38476.544  5.14%     -    0s
H    0     0                    -37874.00000 -38476.544  1.59%     -    0s
H    0     0                    -38302.00000 -38476.544  0.46%     -    0s

Cutting planes:
  Gomory: 6
  Cover: 130
  Clique: 1
  MIR: 24

Explored 0 nodes (7375 simplex iterations) in 0.41 seconds
Thread count was 16 (of 16 available processors)

Optimal solution found (tolerance 1.00e-02)
Best objective -3.830200000000e+04, best bound -3.847600000000e+04, gap 0.4543%
Changed value of parameter MIPGap to 0.01
   Prev: 0.0001  Min: 0.0  Max: 1e+100  Default: 0.0001
Changed value of parameter TimeLimit to 1800.0
   Prev: 1e+100  Min: 0.0  Max: 1e+100  Default: 1e+100
Changed value of parameter Method to 2
   Prev: -1  Min: -1  Max: 4  Default: -1
Changed value of parameter MIPFocus to 1
   Prev: 0  Min: 0  Max: 3  Default: 0
Optimize a model with 2268 rows, 6888 columns and 13776 nonzeros
Coefficient statistics:
  Matrix range    [1e+00, 4e+01]
  Objective range [2e+01, 4e+02]
  Bounds range    [1e+00, 1e+00]
  RHS range       [8e+01, 8e+01]
Found heuristic solution: objective 0
Presolve removed 140 rows and 462 columns
Presolve time: 0.04s
Presolved: 2128 rows, 6426 columns, 12852 nonzeros
Found heuristic solution: objective -70531.00000
Variable types: 0 continuous, 6426 integer (6426 binary)
Optimize a model with 2128 rows, 6426 columns and 12852 nonzeros
Coefficient statistics:
  Matrix range    [1e+00, 4e+01]
  Objective range [2e+01, 4e+02]
  Bounds range    [1e+00, 1e+00]
  RHS range       [1e+00, 8e+01]
Presolved: 2128 rows, 6426 columns, 12852 nonzeros

Root barrier log...

Ordering time: 0.00s

Barrier statistics:
 AA' NZ     : 6.426e+03
 Factor NZ  : 3.626e+04 (roughly 4 MBytes of memory)
 Factor Ops : 2.669e+06 (less than 1 second per iteration)
 Threads    : 1

                  Objective                Residual
Iter       Primal          Dual         Primal    Dual     Compl     Time
   0  -3.36567250e+05 -1.47726739e+06  2.12e+01 7.80e+01  6.19e+02     0s
   1  -1.08592031e+05 -1.00062361e+06  2.94e+00 1.99e-13  1.17e+02     0s
   2  -7.89250644e+04 -3.29413026e+05  2.42e-01 1.14e-13  2.05e+01     0s
   3  -7.84986504e+04 -9.84510664e+04  2.09e-02 4.26e-12  1.55e+00     0s
   4  -8.04796154e+04 -8.61289041e+04  4.26e-03 1.31e-12  4.34e-01     0s
   5  -8.10402918e+04 -8.35989265e+04  2.50e-03 3.98e-13  1.97e-01     0s
   6  -8.13535703e+04 -8.26005705e+04  1.48e-03 2.27e-13  9.65e-02     0s
   7  -8.16569960e+04 -8.20178703e+04  4.35e-04 1.71e-13  2.79e-02     0s
   8  -8.17385580e+04 -8.19093706e+04  1.48e-04 1.14e-13  1.31e-02     0s
   9  -8.17789679e+04 -8.18184498e+04  8.15e-08 1.14e-13  2.98e-03     0s
  10  -8.17852321e+04 -8.17920349e+04  3.68e-09 1.14e-13  5.14e-04     0s
  11  -8.17859270e+04 -8.17859586e+04  9.37e-12 1.14e-13  2.38e-06     0s
  12  -8.17859340e+04 -8.17859340e+04  1.25e-12 1.14e-13  2.38e-09     0s

Barrier solved model in 12 iterations and 0.12 seconds
Optimal objective -8.17859340e+04


Root relaxation: objective -8.178593e+04, 4031 iterations, 0.09 seconds

    Nodes    |    Current Node    |     Objective Bounds      |     Work
 Expl Unexpl |  Obj  Depth IntInf | Incumbent    BestBd   Gap | It/Node Time

     0     0 -81785.934    0  208 -70531.000 -81785.934  16.0%     -    0s
     0     0 -77385.215    0  206 -70531.000 -77385.215  9.72%     -    0s
H    0     0                    -74538.00000 -77385.215  3.82%     -    0s
H    0     0                    -75403.00000 -77385.215  2.63%     -    0s
     0     0 -77376.685    0  222 -75403.000 -77376.685  2.62%     -    0s
     0     0 -76081.113    0  142 -75403.000 -76081.113  0.90%     -    0s

Cutting planes:
  Gomory: 11
  Cover: 148
  Clique: 2
  MIR: 33

Explored 0 nodes (6890 simplex iterations) in 0.48 seconds
Thread count was 16 (of 16 available processors)

Optimal solution found (tolerance 1.00e-02)
Best objective -7.540300000000e+04, best bound -7.608100000000e+04, gap 0.8992%
Changed value of parameter MIPGap to 0.01
   Prev: 0.0001  Min: 0.0  Max: 1e+100  Default: 0.0001
Changed value of parameter TimeLimit to 1800.0
   Prev: 1e+100  Min: 0.0  Max: 1e+100  Default: 1e+100
Changed value of parameter Method to 2
   Prev: -1  Min: -1  Max: 4  Default: -1
Changed value of parameter MIPFocus to 1
   Prev: 0  Min: 0  Max: 3  Default: 0
Optimize a model with 2268 rows, 6888 columns and 13776 nonzeros
Coefficient statistics:
  Matrix range    [1e+00, 4e+01]
  Objective range [5e+01, 1e+03]
  Bounds range    [1e+00, 1e+00]
  RHS range       [8e+01, 8e+01]
Found heuristic solution: objective 0
Presolve removed 140 rows and 462 columns
Presolve time: 0.04s
Presolved: 2128 rows, 6426 columns, 12852 nonzeros
Found heuristic solution: objective -174991.0000
Variable types: 0 continuous, 6426 integer (6426 binary)
Optimize a model with 2128 rows, 6426 columns and 12852 nonzeros
Coefficient statistics:
  Matrix range    [1e+00, 4e+01]
  Objective range [5e+01, 1e+03]
  Bounds range    [1e+00, 1e+00]
  RHS range       [1e+00, 8e+01]
Presolved: 2128 rows, 6426 columns, 12852 nonzeros

Root barrier log...

Ordering time: 0.00s

Barrier statistics:
 AA' NZ     : 6.426e+03
 Factor NZ  : 3.626e+04 (roughly 4 MBytes of memory)
 Factor Ops : 2.669e+06 (less than 1 second per iteration)
 Threads    : 1

                  Objective                Residual
Iter       Primal          Dual         Primal    Dual     Compl     Time
   0  -8.35959234e+05 -3.68737895e+06  2.12e+01 1.95e+02  1.55e+03     0s
   1  -2.69659069e+05 -2.49734025e+06  2.94e+00 4.55e-13  2.92e+02     0s
   2  -1.96041394e+05 -8.20804198e+05  2.42e-01 2.84e-13  5.12e+01     0s
   3  -1.95003029e+05 -2.44938596e+05  2.10e-02 1.59e-12  3.87e+00     0s
   4  -1.99965438e+05 -2.14022694e+05  4.42e-03 1.25e-12  1.08e+00     0s
   5  -2.01357566e+05 -2.07576448e+05  2.66e-03 7.96e-13  4.80e-01     0s
   6  -2.02165031e+05 -2.05186501e+05  1.60e-03 6.82e-13  2.35e-01     0s
   7  -2.03029071e+05 -2.03893380e+05  3.33e-04 5.68e-13  6.66e-02     0s
   8  -2.03164741e+05 -2.03565051e+05  1.60e-04 3.41e-13  3.09e-02     0s
   9  -2.03284918e+05 -2.03368202e+05  3.60e-06 5.68e-13  6.31e-03     0s
  10  -2.03299711e+05 -2.03354928e+05  4.04e-07 5.68e-13  4.17e-03     0s
  11  -2.03302437e+05 -2.03302713e+05  7.49e-10 2.27e-13  2.09e-05     0s
  12  -2.03302491e+05 -2.03302491e+05  4.23e-13 4.55e-13  2.09e-08     0s
  13  -2.03302491e+05 -2.03302491e+05  3.30e-13 2.27e-13  4.16e-14     0s

Barrier solved model in 13 iterations and 0.13 seconds
Optimal objective -2.03302491e+05


Root relaxation: objective -2.033025e+05, 3691 iterations, 0.10 seconds

    Nodes    |    Current Node    |     Objective Bounds      |     Work
 Expl Unexpl |  Obj  Depth IntInf | Incumbent    BestBd   Gap | It/Node Time

     0     0 -203302.49    0  227 -174991.00 -203302.49  16.2%     -    0s
     0     0 -193108.78    0  211 -174991.00 -193108.78  10.4%     -    0s
H    0     0                    -181535.0000 -193108.78  6.38%     -    0s
H    0     0                    -187026.0000 -193108.78  3.25%     -    0s
H    0     0                    -187427.0000 -193108.78  3.03%     -    0s
     0     0 -193075.84    0  218 -187427.00 -193075.84  3.01%     -    0s
     0     0 -188803.18    0  122 -187427.00 -188803.18  0.73%     -    0s

Cutting planes:
  Gomory: 15
  Cover: 167
  MIR: 28

Explored 0 nodes (6315 simplex iterations) in 0.42 seconds
Thread count was 16 (of 16 available processors)

Optimal solution found (tolerance 1.00e-02)
Best objective -1.874270000000e+05, best bound -1.888030000000e+05, gap 0.7342%
Changed value of parameter MIPGap to 0.01
   Prev: 0.0001  Min: 0.0  Max: 1e+100  Default: 0.0001
Changed value of parameter TimeLimit to 1800.0
   Prev: 1e+100  Min: 0.0  Max: 1e+100  Default: 1e+100
Changed value of parameter Method to 2
   Prev: -1  Min: -1  Max: 4  Default: -1
Changed value of parameter MIPFocus to 1
   Prev: 0  Min: 0  Max: 3  Default: 0
Optimize a model with 2268 rows, 6888 columns and 13776 nonzeros
Coefficient statistics:
  Matrix range    [1e+00, 4e+01]
  Objective range [5e+02, 1e+04]
  Bounds range    [1e+00, 1e+00]
  RHS range       [8e+01, 8e+01]
Found heuristic solution: objective 0
Presolve removed 140 rows and 462 columns
Presolve time: 0.04s
Presolved: 2128 rows, 6426 columns, 12852 nonzeros
Found heuristic solution: objective -1741891.000
Variable types: 0 continuous, 6426 integer (6426 binary)
Optimize a model with 2128 rows, 6426 columns and 12852 nonzeros
Coefficient statistics:
  Matrix range    [1e+00, 4e+01]
  Objective range [5e+02, 1e+04]
  Bounds range    [1e+00, 1e+00]
  RHS range       [1e+00, 8e+01]
Presolved: 2128 rows, 6426 columns, 12852 nonzeros

Root barrier log...

Ordering time: 0.00s

Barrier statistics:
 AA' NZ     : 6.426e+03
 Factor NZ  : 3.626e+04 (roughly 4 MBytes of memory)
 Factor Ops : 2.669e+06 (less than 1 second per iteration)
 Threads    : 1

                  Objective                Residual
Iter       Primal          Dual         Primal    Dual     Compl     Time
   0  -8.32683896e+06 -3.68390523e+07  2.12e+01 1.95e+03  1.55e+04     0s
   1  -2.68566872e+06 -2.49480909e+07  2.94e+00 4.55e-12  2.92e+03     0s
   2  -1.95279246e+06 -8.19166590e+06  2.42e-01 4.09e-12  5.12e+02     0s
   3  -1.94258466e+06 -2.44218916e+06  2.11e-02 9.09e-12  3.87e+01     0s
   4  -1.99227195e+06 -2.13274711e+06  4.51e-03 2.36e-11  1.08e+01     0s
   5  -2.00529976e+06 -2.06664821e+06  2.80e-03 5.46e-12  4.74e+00     0s
   6  -2.01448870e+06 -2.04159427e+06  1.62e-03 7.28e-12  2.11e+00     0s
   7  -2.02225530e+06 -2.02983311e+06  4.94e-04 5.46e-12  5.91e-01     0s
   8  -2.02414094e+06 -2.02941749e+06  2.31e-04 5.46e-12  4.07e-01     0s
   9  -2.02553237e+06 -2.02786074e+06  4.14e-05 3.64e-12  1.77e-01     0s
  10  -2.02566247e+06 -2.02692295e+06  1.45e-05 1.82e-12  9.58e-02     0s
  11  -2.02592728e+06 -2.02639738e+06  2.86e-06 3.64e-12  3.56e-02     0s
  12  -2.02604884e+06 -2.02607006e+06  1.35e-09 1.92e-12  1.60e-03     0s
  13  -2.02605084e+06 -2.02605084e+06  2.96e-13 3.64e-12  4.54e-08     0s
  14  -2.02605084e+06 -2.02605084e+06  1.27e-13 3.64e-12  4.54e-11     0s

Barrier solved model in 14 iterations and 0.13 seconds
Optimal objective -2.02605084e+06


Root relaxation: objective -2.026051e+06, 3730 iterations, 0.10 seconds

    Nodes    |    Current Node    |     Objective Bounds      |     Work
 Expl Unexpl |  Obj  Depth IntInf | Incumbent    BestBd   Gap | It/Node Time

     0     0 -2026050.8    0  237 -1741891.0 -2026050.8  16.3%     -    0s
     0     0 -1899878.2    0  172 -1741891.0 -1899878.2  9.07%     -    0s
H    0     0                    -1834871.000 -1899878.2  3.54%     -    0s
H    0     0                    -1866377.000 -1899878.2  1.79%     -    0s
     0     0 -1899284.0    0  184 -1866377.0 -1899284.0  1.76%     -    0s
     0     0 -1880795.1    0  105 -1866377.0 -1880795.1  0.77%     -    0s

Cutting planes:
  Gomory: 8
  Cover: 167
  Clique: 1
  MIR: 27

Explored 0 nodes (6209 simplex iterations) in 0.52 seconds
Thread count was 16 (of 16 available processors)

Optimal solution found (tolerance 1.00e-02)
Best objective -1.866377000000e+06, best bound -1.880795000000e+06, gap 0.7725%
