Changed value of parameter MIPGap to 0.01
   Prev: 0.0001  Min: 0.0  Max: 1e+100  Default: 0.0001
Changed value of parameter TimeLimit to 1800.0
   Prev: 1e+100  Min: 0.0  Max: 1e+100  Default: 1e+100
Changed value of parameter Method to 2
   Prev: -1  Min: -1  Max: 4  Default: -1
Changed value of parameter MIPFocus to 1
   Prev: 0  Min: 0  Max: 3  Default: 0
Optimize a model with 2430 rows, 7455 columns and 14910 nonzeros
Coefficient statistics:
  Matrix range    [1e+00, 4e+01]
  Objective range [1e+00, 1e+00]
  Bounds range    [1e+00, 1e+00]
  RHS range       [8e+01, 8e+01]
Found heuristic solution: objective 0
Presolve removed 83 rows and 260 columns
Presolve time: 0.05s
Presolved: 2347 rows, 7195 columns, 14390 nonzeros
Variable types: 0 continuous, 7195 integer (7195 binary)
Optimize a model with 2347 rows, 7195 columns and 14390 nonzeros
Coefficient statistics:
  Matrix range    [1e+00, 4e+01]
  Objective range [1e+00, 1e+00]
  Bounds range    [1e+00, 1e+00]
  RHS range       [1e+00, 8e+01]
Presolved: 2347 rows, 7195 columns, 14390 nonzeros

Root barrier log...

Ordering time: 0.00s

Barrier statistics:
 AA' NZ     : 7.195e+03
 Factor NZ  : 4.041e+04 (roughly 4 MBytes of memory)
 Factor Ops : 3.195e+06 (less than 1 second per iteration)
 Threads    : 1

                  Objective                Residual
Iter       Primal          Dual         Primal    Dual     Compl     Time
   0  -3.36771901e+03 -5.60392182e+03  1.66e+01 2.48e-01  1.64e+00     0s
   1  -1.29090914e+03 -3.87405315e+03  1.90e+00 6.66e-16  2.92e-01     0s
   2  -1.03262786e+03 -1.45142304e+03  2.08e-01 6.66e-16  3.38e-02     0s
   3  -1.01478537e+03 -1.07360637e+03  2.35e-02 4.44e-16  4.43e-03     0s
   4  -1.01450090e+03 -1.01893971e+03  1.19e-03 4.44e-16  3.24e-04     0s
   5  -1.01470498e+03 -1.01477129e+03  9.86e-06 3.11e-15  4.69e-06     0s
   6  -1.01470732e+03 -1.01470732e+03  6.55e-11 3.11e-15  2.87e-11     0s

Barrier solved model in 6 iterations and 0.13 seconds
Optimal objective -1.01470732e+03


Root relaxation: objective -1.014707e+03, 5384 iterations, 0.10 seconds

    Nodes    |    Current Node    |     Objective Bounds      |     Work
 Expl Unexpl |  Obj  Depth IntInf | Incumbent    BestBd   Gap | It/Node Time

     0     0 -1014.7073    0  213    0.00000 -1014.7073      -     -    0s
H    0     0                    -983.0000000 -1014.7073  3.23%     -    0s
H    0     0                    -986.0000000 -1014.7073  2.91%     -    0s
     0     0 -1010.3389    0  335 -986.00000 -1010.3389  2.47%     -    0s
H    0     0                    -990.0000000 -1010.3389  2.05%     -    0s
     0     0 -1009.5008    0  330 -990.00000 -1009.5008  1.97%     -    0s
     0     0 -1006.8293    0  319 -990.00000 -1006.8293  1.70%     -    0s
H    0     0                    -992.0000000 -1006.8293  1.49%     -    0s
     0     0 -1005.6904    0  341 -992.00000 -1005.6904  1.38%     -    0s
     0     0 -1005.6904    0  317 -992.00000 -1005.6904  1.38%     -    0s
H    0     0                    -993.0000000 -1005.6904  1.28%     -    0s
     0     0 -1005.2845    0  292 -993.00000 -1005.2845  1.24%     -    0s
     0     0 -1005.2791    0  298 -993.00000 -1005.2791  1.24%     -    0s
H    0     0                    -995.0000000 -1005.2791  1.03%     -    0s
     0     0 -1005.2791    0  302 -995.00000 -1005.2791  1.03%     -    0s
     0     0 -1005.2571    0  145 -995.00000 -1005.2571  1.03%     -    1s
     0     2 -1005.2571    0  130 -995.00000 -1005.2571  1.03%     -    1s
H   30    34                    -997.0000000 -1005.2571  0.83%  49.3    2s

Cutting planes:
  Gomory: 23
  Cover: 166
  Clique: 4
  MIR: 72

Explored 37 nodes (12650 simplex iterations) in 2.09 seconds
Thread count was 16 (of 16 available processors)

Optimal solution found (tolerance 1.00e-02)
Best objective -9.970000000000e+02, best bound -1.005000000000e+03, gap 0.8024%
Changed value of parameter MIPGap to 0.01
   Prev: 0.0001  Min: 0.0  Max: 1e+100  Default: 0.0001
Changed value of parameter TimeLimit to 1800.0
   Prev: 1e+100  Min: 0.0  Max: 1e+100  Default: 1e+100
Changed value of parameter Method to 2
   Prev: -1  Min: -1  Max: 4  Default: -1
Changed value of parameter MIPFocus to 1
   Prev: 0  Min: 0  Max: 3  Default: 0
Optimize a model with 2430 rows, 7455 columns and 14910 nonzeros
Coefficient statistics:
  Matrix range    [1e+00, 4e+01]
  Objective range [1e+00, 1e+00]
  Bounds range    [1e+00, 1e+00]
  RHS range       [8e+01, 8e+01]
Found heuristic solution: objective 0
Presolve removed 83 rows and 260 columns
Presolve time: 0.05s
Presolved: 2347 rows, 7195 columns, 14390 nonzeros
Variable types: 0 continuous, 7195 integer (7195 binary)
Optimize a model with 2347 rows, 7195 columns and 14390 nonzeros
Coefficient statistics:
  Matrix range    [1e+00, 4e+01]
  Objective range [1e+00, 1e+00]
  Bounds range    [1e+00, 1e+00]
  RHS range       [1e+00, 8e+01]
Presolved: 2347 rows, 7195 columns, 14390 nonzeros

Root barrier log...

Ordering time: 0.00s

Barrier statistics:
 AA' NZ     : 7.195e+03
 Factor NZ  : 4.041e+04 (roughly 4 MBytes of memory)
 Factor Ops : 3.195e+06 (less than 1 second per iteration)
 Threads    : 1

                  Objective                Residual
Iter       Primal          Dual         Primal    Dual     Compl     Time
   0  -3.37582624e+03 -5.60840255e+03  1.66e+01 2.48e-01  1.65e+00     0s
   1  -1.29560473e+03 -3.87760516e+03  1.91e+00 5.55e-16  2.92e-01     0s
   2  -1.03528719e+03 -1.45867394e+03  2.11e-01 8.88e-16  3.42e-02     0s
   3  -1.01695279e+03 -1.07680826e+03  2.36e-02 4.44e-16  4.50e-03     0s
   4  -1.01666876e+03 -1.02109164e+03  1.18e-03 6.66e-16  3.23e-04     0s
   5  -1.01687406e+03 -1.01693664e+03  9.73e-06 1.33e-15  4.43e-06     0s
   6  -1.01687639e+03 -1.01687639e+03  1.00e-10 4.00e-15  1.41e-10     0s

Barrier solved model in 6 iterations and 0.11 seconds
Optimal objective -1.01687639e+03


Root relaxation: objective -1.016876e+03, 5374 iterations, 0.08 seconds

    Nodes    |    Current Node    |     Objective Bounds      |     Work
 Expl Unexpl |  Obj  Depth IntInf | Incumbent    BestBd   Gap | It/Node Time

     0     0 -1016.8764    0  204    0.00000 -1016.8764      -     -    0s
H    0     0                    -985.8715000 -1016.8764  3.14%     -    0s
H    0     0                    -987.9010000 -1016.8764  2.93%     -    0s
H    0     0                    -988.9155000 -1016.8764  2.83%     -    0s
     0     0 -1013.4310    0  334 -988.91550 -1013.4310  2.48%     -    0s
H    0     0                    -991.9455000 -1013.4310  2.17%     -    0s
     0     0 -1011.1790    0  345 -991.94550 -1011.1790  1.94%     -    0s
     0     0 -1007.2873    0  272 -991.94550 -1007.2873  1.55%     -    0s
H    0     0                    -994.9915000 -1007.2873  1.24%     -    0s
     0     0 -1007.0151    0  266 -994.99150 -1007.0151  1.21%     -    0s
     0     0 -1007.0151    0  237 -994.99150 -1007.0151  1.21%     -    0s
H    0     0                    -997.0295000 -1007.0151  1.00%     -    0s
     0     0 -1006.6535    0  270 -997.02950 -1006.6535  0.97%     -    0s

Cutting planes:
  Gomory: 21
  Cover: 172
  Clique: 4
  MIR: 89

Explored 0 nodes (9503 simplex iterations) in 0.77 seconds
Thread count was 16 (of 16 available processors)

Optimal solution found (tolerance 1.00e-02)
Best objective -9.970295000000e+02, best bound -1.006653506157e+03, gap 0.9653%
Changed value of parameter MIPGap to 0.01
   Prev: 0.0001  Min: 0.0  Max: 1e+100  Default: 0.0001
Changed value of parameter TimeLimit to 1800.0
   Prev: 1e+100  Min: 0.0  Max: 1e+100  Default: 1e+100
Changed value of parameter Method to 2
   Prev: -1  Min: -1  Max: 4  Default: -1
Changed value of parameter MIPFocus to 1
   Prev: 0  Min: 0  Max: 3  Default: 0
Optimize a model with 2430 rows, 7455 columns and 14910 nonzeros
Coefficient statistics:
  Matrix range    [1e+00, 4e+01]
  Objective range [1e+00, 1e+00]
  Bounds range    [1e+00, 1e+00]
  RHS range       [8e+01, 8e+01]
Found heuristic solution: objective 0
Presolve removed 83 rows and 260 columns
Presolve time: 0.05s
Presolved: 2347 rows, 7195 columns, 14390 nonzeros
Variable types: 0 continuous, 7195 integer (7195 binary)
Optimize a model with 2347 rows, 7195 columns and 14390 nonzeros
Coefficient statistics:
  Matrix range    [1e+00, 4e+01]
  Objective range [1e+00, 1e+00]
  Bounds range    [1e+00, 1e+00]
  RHS range       [1e+00, 8e+01]
Presolved: 2347 rows, 7195 columns, 14390 nonzeros

Root barrier log...

Ordering time: 0.00s

Barrier statistics:
 AA' NZ     : 7.195e+03
 Factor NZ  : 4.041e+04 (roughly 4 MBytes of memory)
 Factor Ops : 3.195e+06 (less than 1 second per iteration)
 Threads    : 1

                  Objective                Residual
Iter       Primal          Dual         Primal    Dual     Compl     Time
   0  -3.38393340e+03 -5.61288327e+03  1.66e+01 2.48e-01  1.65e+00     0s
   1  -1.30029899e+03 -3.88115866e+03  1.93e+00 6.11e-16  2.93e-01     0s
   2  -1.03795799e+03 -1.46560518e+03  2.13e-01 1.11e-15  3.46e-02     0s
   3  -1.01941329e+03 -1.07520187e+03  2.55e-02 6.66e-16  4.26e-03     0s
   4  -1.01887234e+03 -1.02270385e+03  1.40e-03 4.44e-16  2.86e-04     0s
   5  -1.01904341e+03 -1.01909528e+03  1.14e-05 4.44e-16  3.73e-06     0s
   6  -1.01904546e+03 -1.01904547e+03  1.04e-10 1.22e-14  1.41e-10     0s

Barrier solved model in 6 iterations and 0.11 seconds
Optimal objective -1.01904546e+03


Root relaxation: objective -1.019045e+03, 5375 iterations, 0.08 seconds

    Nodes    |    Current Node    |     Objective Bounds      |     Work
 Expl Unexpl |  Obj  Depth IntInf | Incumbent    BestBd   Gap | It/Node Time

     0     0 -1019.0455    0  203    0.00000 -1019.0455      -     -    0s
H    0     0                    -987.7600000 -1019.0455  3.17%     -    0s
H    0     0                    -987.7790000 -1019.0455  3.17%     -    0s
H    0     0                    -988.7800000 -1019.0455  3.06%     -    0s
     0     0 -1016.8313    0  352 -988.78000 -1016.8313  2.84%     -    0s
H    0     0                    -996.9400000 -1016.8313  2.00%     -    0s
     0     0 -1014.5317    0  340 -996.94000 -1014.5317  1.76%     -    0s
     0     0 -1010.0314    0  284 -996.94000 -1010.0314  1.31%     -    0s
H    0     0                    -996.9760000 -1010.0314  1.31%     -    0s
     0     0 -1009.5270    0  289 -996.97600 -1009.5270  1.26%     -    0s
     0     0 -1009.4103    0  281 -996.97600 -1009.4103  1.25%     -    0s
H    0     0                    -997.9960000 -1009.4103  1.14%     -    0s
     0     0 -1009.3393    0  292 -997.99600 -1009.3393  1.14%     -    0s
     0     0 -1009.3345    0  284 -997.99600 -1009.3345  1.14%     -    0s
H    0     0                    -999.0230000 -1009.3345  1.03%     -    0s
     0     0 -1009.3345    0  278 -999.02300 -1009.3345  1.03%     -    0s
     0     0 -1009.3345    0  135 -999.02300 -1009.3345  1.03%     -    1s
H    0     0                    -1000.043000 -1009.3345  0.93%     -    1s

Cutting planes:
  Gomory: 16
  Cover: 146
  Clique: 4
  MIR: 45

Explored 0 nodes (12004 simplex iterations) in 1.26 seconds
Thread count was 16 (of 16 available processors)

Optimal solution found (tolerance 1.00e-02)
Best objective -1.000043000000e+03, best bound -1.009334490055e+03, gap 0.9291%
Changed value of parameter MIPGap to 0.01
   Prev: 0.0001  Min: 0.0  Max: 1e+100  Default: 0.0001
Changed value of parameter TimeLimit to 1800.0
   Prev: 1e+100  Min: 0.0  Max: 1e+100  Default: 1e+100
Changed value of parameter Method to 2
   Prev: -1  Min: -1  Max: 4  Default: -1
Changed value of parameter MIPFocus to 1
   Prev: 0  Min: 0  Max: 3  Default: 0
Optimize a model with 2430 rows, 7455 columns and 14910 nonzeros
Coefficient statistics:
  Matrix range    [1e+00, 4e+01]
  Objective range [1e+00, 1e+00]
  Bounds range    [1e+00, 1e+00]
  RHS range       [8e+01, 8e+01]
Found heuristic solution: objective 0
Presolve removed 83 rows and 260 columns
Presolve time: 0.05s
Presolved: 2347 rows, 7195 columns, 14390 nonzeros
Variable types: 0 continuous, 7195 integer (7195 binary)
Optimize a model with 2347 rows, 7195 columns and 14390 nonzeros
Coefficient statistics:
  Matrix range    [1e+00, 4e+01]
  Objective range [1e+00, 1e+00]
  Bounds range    [1e+00, 1e+00]
  RHS range       [1e+00, 8e+01]
Presolved: 2347 rows, 7195 columns, 14390 nonzeros

Root barrier log...

Ordering time: 0.00s

Barrier statistics:
 AA' NZ     : 7.195e+03
 Factor NZ  : 4.041e+04 (roughly 4 MBytes of memory)
 Factor Ops : 3.195e+06 (less than 1 second per iteration)
 Threads    : 1

                  Objective                Residual
Iter       Primal          Dual         Primal    Dual     Compl     Time
   0  -3.40014746e+03 -5.62184472e+03  1.66e+01 2.48e-01  1.65e+00     0s
   1  -1.30968363e+03 -3.88827011e+03  1.95e+00 6.66e-16  2.95e-01     0s
   2  -1.04333032e+03 -1.47939504e+03  2.18e-01 8.88e-16  3.53e-02     0s
   3  -1.02375905e+03 -1.08091054e+03  2.56e-02 6.66e-16  4.36e-03     0s
   4  -1.02320960e+03 -1.02694125e+03  1.38e-03 4.44e-16  2.79e-04     0s
   5  -1.02338159e+03 -1.02343513e+03  1.10e-05 4.44e-16  3.84e-06     0s
   6  -1.02338361e+03 -1.02338361e+03  6.25e-11 4.44e-16  2.09e-11     0s

Barrier solved model in 6 iterations and 0.11 seconds
Optimal objective -1.02338361e+03


Root relaxation: objective -1.023384e+03, 5374 iterations, 0.08 seconds

    Nodes    |    Current Node    |     Objective Bounds      |     Work
 Expl Unexpl |  Obj  Depth IntInf | Incumbent    BestBd   Gap | It/Node Time

     0     0 -1023.3836    0  215    0.00000 -1023.3836      -     -    0s
H    0     0                    -988.4240000 -1023.3836  3.54%     -    0s
H    0     0                    -993.5760000 -1023.3836  3.00%     -    0s
H    0     0                    -994.6880000 -1023.3836  2.88%     -    0s
H    0     0                    -995.7040000 -1023.3836  2.78%     -    0s
     0     0 -1018.9127    0  347 -995.70400 -1018.9127  2.33%     -    0s
H    0     0                    -999.8640000 -1018.9127  1.91%     -    0s
     0     0 -1017.3177    0  333 -999.86400 -1017.3177  1.75%     -    0s
     0     0 -1014.2865    0  332 -999.86400 -1014.2865  1.44%     -    0s
H    0     0                    -1000.942000 -1014.2865  1.33%     -    0s
     0     0 -1013.7300    0  318 -1000.9420 -1013.7300  1.28%     -    0s
     0     0 -1013.7300    0  293 -1000.9420 -1013.7300  1.28%     -    0s
H    0     0                    -1003.022000 -1013.7300  1.07%     -    0s
     0     0 -1013.7015    0  303 -1003.0220 -1013.7015  1.06%     -    0s
     0     0 -1013.7015    0  329 -1003.0220 -1013.7015  1.06%     -    0s
     0     0 -1013.6684    0  333 -1003.0220 -1013.6684  1.06%     -    0s
     0     0 -1013.6684    0  173 -1003.0220 -1013.6684  1.06%     -    1s
H    0     0                    -1003.046000 -1013.6684  1.06%     -    1s
H    0     2                    -1003.084000 -1013.6684  1.06%     -    1s
     0     2 -1013.6684    0  132 -1003.0840 -1013.6684  1.06%     -    1s
H    1     3                    -1003.108000 -1013.6526  1.05%   762    1s
H   16    22                    -1004.148000 -1013.5835  0.94%  90.4    2s

Cutting planes:
  Gomory: 20
  Cover: 189
  Clique: 5
  MIR: 62

Explored 22 nodes (12679 simplex iterations) in 2.03 seconds
Thread count was 16 (of 16 available processors)

Optimal solution found (tolerance 1.00e-02)
Best objective -1.004148000000e+03, best bound -1.013583477374e+03, gap 0.9397%
Changed value of parameter MIPGap to 0.01
   Prev: 0.0001  Min: 0.0  Max: 1e+100  Default: 0.0001
Changed value of parameter TimeLimit to 1800.0
   Prev: 1e+100  Min: 0.0  Max: 1e+100  Default: 1e+100
Changed value of parameter Method to 2
   Prev: -1  Min: -1  Max: 4  Default: -1
Changed value of parameter MIPFocus to 1
   Prev: 0  Min: 0  Max: 3  Default: 0
Optimize a model with 2430 rows, 7455 columns and 14910 nonzeros
Coefficient statistics:
  Matrix range    [1e+00, 4e+01]
  Objective range [1e+00, 1e+00]
  Bounds range    [1e+00, 1e+00]
  RHS range       [8e+01, 8e+01]
Found heuristic solution: objective 0
Presolve removed 83 rows and 260 columns
Presolve time: 0.05s
Presolved: 2347 rows, 7195 columns, 14390 nonzeros
Variable types: 0 continuous, 7195 integer (7195 binary)
Optimize a model with 2347 rows, 7195 columns and 14390 nonzeros
Coefficient statistics:
  Matrix range    [1e+00, 4e+01]
  Objective range [1e+00, 1e+00]
  Bounds range    [1e+00, 1e+00]
  RHS range       [1e+00, 8e+01]
Presolved: 2347 rows, 7195 columns, 14390 nonzeros

Root barrier log...

Ordering time: 0.00s

Barrier statistics:
 AA' NZ     : 7.195e+03
 Factor NZ  : 4.041e+04 (roughly 4 MBytes of memory)
 Factor Ops : 3.195e+06 (less than 1 second per iteration)
 Threads    : 1

                  Objective                Residual
Iter       Primal          Dual         Primal    Dual     Compl     Time
   0  -3.43257459e+03 -5.63976762e+03  1.66e+01 2.49e-01  1.65e+00     0s
   1  -1.32843766e+03 -3.90251064e+03  2.00e+00 6.66e-16  2.98e-01     0s
   2  -1.05407800e+03 -1.50106193e+03  2.28e-01 1.33e-15  3.64e-02     0s
   3  -1.03251944e+03 -1.09365542e+03  2.63e-02 4.44e-16  4.65e-03     0s
   4  -1.03188889e+03 -1.03550640e+03  1.37e-03 2.22e-15  2.71e-04     0s
   5  -1.03205800e+03 -1.03210670e+03  9.81e-06 4.44e-16  3.49e-06     0s
   6  -1.03205990e+03 -1.03205990e+03  4.75e-11 1.33e-15  1.73e-11     0s

Barrier solved model in 6 iterations and 0.11 seconds
Optimal objective -1.03205990e+03


Root relaxation: objective -1.032060e+03, 5368 iterations, 0.08 seconds

    Nodes    |    Current Node    |     Objective Bounds      |     Work
 Expl Unexpl |  Obj  Depth IntInf | Incumbent    BestBd   Gap | It/Node Time

     0     0 -1032.0599    0  180    0.00000 -1032.0599      -     -    0s
H    0     0                    -1000.120000 -1032.0599  3.19%     -    0s
H    0     0                    -1001.276000 -1032.0599  3.07%     -    0s
H    0     0                    -1001.372000 -1032.0599  3.06%     -    0s
     0     0 -1027.7399    0  306 -1001.3720 -1027.7399  2.63%     -    0s
H    0     0                    -1007.708000 -1027.7399  1.99%     -    0s
     0     0 -1026.1444    0  310 -1007.7080 -1026.1444  1.83%     -    0s
     0     0 -1022.2487    0  277 -1007.7080 -1022.2487  1.44%     -    0s
H    0     0                    -1010.996000 -1022.2487  1.11%     -    0s
     0     0 -1021.2819    0  276 -1010.9960 -1021.2819  1.02%     -    0s
     0     0 -1021.2699    0  273 -1010.9960 -1021.2699  1.02%     -    0s
H    0     0                    -1011.140000 -1021.2699  1.00%     -    0s
     0     0 -1021.2699    0  257 -1011.1400 -1021.2699  1.00%     -    0s
     0     0 -1021.2699    0  265 -1011.1400 -1021.2699  1.00%     -    0s
H    0     0                    -1011.216000 -1021.2699  0.99%     -    0s

Cutting planes:
  Gomory: 26
  Cover: 154
  Clique: 3
  MIR: 47

Explored 0 nodes (9603 simplex iterations) in 0.95 seconds
Thread count was 16 (of 16 available processors)

Optimal solution found (tolerance 1.00e-02)
Best objective -1.011216000000e+03, best bound -1.021269863847e+03, gap 0.9942%
Changed value of parameter MIPGap to 0.01
   Prev: 0.0001  Min: 0.0  Max: 1e+100  Default: 0.0001
Changed value of parameter TimeLimit to 1800.0
   Prev: 1e+100  Min: 0.0  Max: 1e+100  Default: 1e+100
Changed value of parameter Method to 2
   Prev: -1  Min: -1  Max: 4  Default: -1
Changed value of parameter MIPFocus to 1
   Prev: 0  Min: 0  Max: 3  Default: 0
Optimize a model with 2430 rows, 7455 columns and 14910 nonzeros
Coefficient statistics:
  Matrix range    [1e+00, 4e+01]
  Objective range [1e+00, 1e+00]
  Bounds range    [1e+00, 1e+00]
  RHS range       [8e+01, 8e+01]
Found heuristic solution: objective 0
Presolve removed 83 rows and 260 columns
Presolve time: 0.05s
Presolved: 2347 rows, 7195 columns, 14390 nonzeros
Variable types: 0 continuous, 7195 integer (7195 binary)
Optimize a model with 2347 rows, 7195 columns and 14390 nonzeros
Coefficient statistics:
  Matrix range    [1e+00, 4e+01]
  Objective range [1e+00, 1e+00]
  Bounds range    [1e+00, 1e+00]
  RHS range       [1e+00, 8e+01]
Presolved: 2347 rows, 7195 columns, 14390 nonzeros

Root barrier log...

Ordering time: 0.00s

Barrier statistics:
 AA' NZ     : 7.195e+03
 Factor NZ  : 4.041e+04 (roughly 4 MBytes of memory)
 Factor Ops : 3.195e+06 (less than 1 second per iteration)
 Threads    : 1

                  Objective                Residual
Iter       Primal          Dual         Primal    Dual     Compl     Time
   0  -3.44878767e+03 -5.64872907e+03  1.66e+01 2.49e-01  1.65e+00     0s
   1  -1.33779288e+03 -3.90964505e+03  2.02e+00 6.66e-16  2.99e-01     0s
   2  -1.05945363e+03 -1.50968138e+03  2.32e-01 8.88e-16  3.68e-02     0s
   3  -1.03686568e+03 -1.09941935e+03  2.66e-02 4.44e-16  4.75e-03     0s
   4  -1.03619110e+03 -1.04120613e+03  1.27e-03 6.66e-16  3.65e-04     0s
   5  -1.03639528e+03 -1.03648899e+03  1.12e-05 4.44e-16  6.57e-06     0s
   6  -1.03639805e+03 -1.03639805e+03  8.72e-11 4.44e-16  3.99e-11     0s

Barrier solved model in 6 iterations and 0.11 seconds
Optimal objective -1.03639805e+03


Root relaxation: objective -1.036398e+03, 5384 iterations, 0.08 seconds

    Nodes    |    Current Node    |     Objective Bounds      |     Work
 Expl Unexpl |  Obj  Depth IntInf | Incumbent    BestBd   Gap | It/Node Time

     0     0 -1036.3980    0  231    0.00000 -1036.3980      -     -    0s
H    0     0                    -995.1950000 -1036.3980  4.14%     -    0s
H    0     0                    -996.2950000 -1036.3980  4.03%     -    0s
H    0     0                    -997.4550000 -1036.3980  3.90%     -    0s
H    0     0                    -999.6550000 -1036.3980  3.68%     -    0s
H    0     0                    -1001.795000 -1036.3980  3.45%     -    0s
     0     0 -1033.2759    0  356 -1001.7950 -1033.2759  3.14%     -    0s
H    0     0                    -1011.695000 -1033.2759  2.13%     -    0s
     0     0 -1031.4870    0  336 -1011.6950 -1031.4870  1.96%     -    0s
     0     0 -1026.4915    0  266 -1011.6950 -1026.4915  1.46%     -    0s
H    0     0                    -1012.915000 -1026.4915  1.34%     -    0s
     0     0 -1025.4392    0  253 -1012.9150 -1025.4392  1.24%     -    0s
     0     0 -1025.4392    0  246 -1012.9150 -1025.4392  1.24%     -    0s
H    0     0                    -1014.135000 -1025.4392  1.11%     -    0s
     0     0 -1025.3158    0  270 -1014.1350 -1025.3158  1.10%     -    0s
     0     0 -1025.1689    0  258 -1014.1350 -1025.1689  1.09%     -    0s
H    0     0                    -1015.295000 -1025.1689  0.97%     -    0s

Cutting planes:
  Gomory: 25
  Cover: 172
  Clique: 2
  MIR: 78

Explored 0 nodes (8694 simplex iterations) in 0.85 seconds
Thread count was 16 (of 16 available processors)

Optimal solution found (tolerance 1.00e-02)
Best objective -1.015295000000e+03, best bound -1.025165000000e+03, gap 0.9721%
Changed value of parameter MIPGap to 0.01
   Prev: 0.0001  Min: 0.0  Max: 1e+100  Default: 0.0001
Changed value of parameter TimeLimit to 1800.0
   Prev: 1e+100  Min: 0.0  Max: 1e+100  Default: 1e+100
Changed value of parameter Method to 2
   Prev: -1  Min: -1  Max: 4  Default: -1
Changed value of parameter MIPFocus to 1
   Prev: 0  Min: 0  Max: 3  Default: 0
Optimize a model with 2430 rows, 7455 columns and 14910 nonzeros
Coefficient statistics:
  Matrix range    [1e+00, 4e+01]
  Objective range [1e+00, 1e+00]
  Bounds range    [1e+00, 1e+00]
  RHS range       [8e+01, 8e+01]
Found heuristic solution: objective 0
Presolve removed 83 rows and 260 columns
Presolve time: 0.05s
Presolved: 2347 rows, 7195 columns, 14390 nonzeros
Variable types: 0 continuous, 7195 integer (7195 binary)
Optimize a model with 2347 rows, 7195 columns and 14390 nonzeros
Coefficient statistics:
  Matrix range    [1e+00, 4e+01]
  Objective range [1e+00, 1e+00]
  Bounds range    [1e+00, 1e+00]
  RHS range       [1e+00, 8e+01]
Presolved: 2347 rows, 7195 columns, 14390 nonzeros

Root barrier log...

Ordering time: 0.00s

Barrier statistics:
 AA' NZ     : 7.195e+03
 Factor NZ  : 4.041e+04 (roughly 4 MBytes of memory)
 Factor Ops : 3.195e+06 (less than 1 second per iteration)
 Threads    : 1

                  Objective                Residual
Iter       Primal          Dual         Primal    Dual     Compl     Time
   0  -3.52984819e+03 -5.69353631e+03  1.66e+01 2.55e-01  1.66e+00     0s
   1  -1.38448800e+03 -3.94540727e+03  2.13e+00 6.66e-16  3.06e-01     0s
   2  -1.08645612e+03 -1.58068137e+03  2.56e-01 8.88e-16  4.08e-02     0s
   3  -1.05855962e+03 -1.12727790e+03  2.67e-02 1.11e-15  5.19e-03     0s
   4  -1.05788497e+03 -1.06456794e+03  1.27e-03 2.22e-15  4.78e-04     0s
   5  -1.05808462e+03 -1.05817766e+03  1.88e-05 6.66e-16  6.67e-06     0s
   6  -1.05808878e+03 -1.05808878e+03  2.53e-10 1.49e-14  2.87e-10     0s

Barrier solved model in 6 iterations and 0.11 seconds
Optimal objective -1.05808878e+03


Root relaxation: objective -1.058089e+03, 5393 iterations, 0.08 seconds

    Nodes    |    Current Node    |     Objective Bounds      |     Work
 Expl Unexpl |  Obj  Depth IntInf | Incumbent    BestBd   Gap | It/Node Time

     0     0 -1058.0888    0  258    0.00000 -1058.0888      -     -    0s
H    0     0                    -1013.080000 -1058.0888  4.44%     -    0s
H    0     0                    -1016.680000 -1058.0888  4.07%     -    0s
H    0     0                    -1019.080000 -1058.0888  3.83%     -    0s
H    0     0                    -1020.280000 -1058.0888  3.71%     -    0s
     0     0 -1054.1081    0  386 -1020.2800 -1054.1081  3.32%     -    0s
H    0     0                    -1030.840000 -1054.1081  2.26%     -    0s
     0     0 -1053.2528    0  361 -1030.8400 -1053.2528  2.17%     -    0s
     0     0 -1047.7821    0  350 -1030.8400 -1047.7821  1.64%     -    0s
H    0     0                    -1032.520000 -1047.7821  1.48%     -    0s
     0     0 -1047.1820    0  327 -1032.5200 -1047.1820  1.42%     -    0s
     0     0 -1047.1820    0  335 -1032.5200 -1047.1820  1.42%     -    0s
H    0     0                    -1032.560000 -1047.1820  1.42%     -    0s
     0     0 -1046.7487    0  329 -1032.5600 -1046.7487  1.37%     -    0s
     0     0 -1046.6131    0  297 -1032.5600 -1046.6131  1.36%     -    0s
H    0     0                    -1033.040000 -1046.6131  1.31%     -    0s
     0     0 -1046.6131    0  324 -1033.0400 -1046.6131  1.31%     -    0s
     0     0 -1046.6131    0  124 -1033.0400 -1046.6131  1.31%     -    1s
H    0     0                    -1035.520000 -1046.6131  1.07%     -    1s
     0     2 -1046.6131    0  108 -1035.5200 -1046.6131  1.07%     -    1s
H   28    38                    -1035.590000 -1046.4634  1.05%  55.7    1s
H   31    40                    -1035.640000 -1046.4634  1.05%  51.7    1s
H   87    88                    -1036.670000 -1046.2780  0.93%  27.9    2s
H   90    92                    -1036.840000 -1046.2780  0.91%  27.1    2s
H   91    92                    -1036.960000 -1046.2780  0.90%  26.9    2s

Cutting planes:
  Gomory: 19
  Cover: 176
  Clique: 5
  MIR: 88

Explored 95 nodes (14068 simplex iterations) in 2.31 seconds
Thread count was 16 (of 16 available processors)

Optimal solution found (tolerance 1.00e-02)
Best objective -1.036960000000e+03, best bound -1.046270000000e+03, gap 0.8978%
Changed value of parameter MIPGap to 0.01
   Prev: 0.0001  Min: 0.0  Max: 1e+100  Default: 0.0001
Changed value of parameter TimeLimit to 1800.0
   Prev: 1e+100  Min: 0.0  Max: 1e+100  Default: 1e+100
Changed value of parameter Method to 2
   Prev: -1  Min: -1  Max: 4  Default: -1
Changed value of parameter MIPFocus to 1
   Prev: 0  Min: 0  Max: 3  Default: 0
Optimize a model with 2430 rows, 7455 columns and 14910 nonzeros
Coefficient statistics:
  Matrix range    [1e+00, 4e+01]
  Objective range [1e+00, 1e+00]
  Bounds range    [1e+00, 1e+00]
  RHS range       [8e+01, 8e+01]
Found heuristic solution: objective 0
Presolve removed 83 rows and 260 columns
Presolve time: 0.05s
Presolved: 2347 rows, 7195 columns, 14390 nonzeros
Variable types: 0 continuous, 7195 integer (7195 binary)
Optimize a model with 2347 rows, 7195 columns and 14390 nonzeros
Coefficient statistics:
  Matrix range    [1e+00, 4e+01]
  Objective range [1e+00, 1e+00]
  Bounds range    [1e+00, 1e+00]
  RHS range       [1e+00, 8e+01]
Presolved: 2347 rows, 7195 columns, 14390 nonzeros

Root barrier log...

Ordering time: 0.00s

Barrier statistics:
 AA' NZ     : 7.195e+03
 Factor NZ  : 4.041e+04 (roughly 4 MBytes of memory)
 Factor Ops : 3.195e+06 (less than 1 second per iteration)
 Threads    : 1

                  Objective                Residual
Iter       Primal          Dual         Primal    Dual     Compl     Time
   0  -3.69239833e+03 -6.26423324e+03  1.66e+01 2.77e-01  1.84e+00     0s
   1  -1.45720766e+03 -4.30665628e+03  2.30e+00 6.66e-16  3.50e-01     0s
   2  -1.13158493e+03 -1.74656834e+03  2.80e-01 8.88e-16  5.05e-02     0s
   3  -1.10065661e+03 -1.18287206e+03  2.45e-02 6.66e-16  6.09e-03     0s
   4  -1.10117482e+03 -1.10643180e+03  9.76e-04 8.88e-16  3.77e-04     0s
   5  -1.10146681e+03 -1.10254488e+03  6.62e-06 4.44e-16  7.33e-05     0s
   6  -1.10147314e+03 -1.10193219e+03  2.16e-09 4.44e-16  3.11e-05     0s
   7  -1.10147729e+03 -1.10159010e+03  3.77e-10 4.44e-16  7.65e-06     0s
   8  -1.10147897e+03 -1.10148268e+03  6.10e-14 4.44e-16  2.52e-07     0s
   9  -1.10147914e+03 -1.10147914e+03  1.44e-13 4.44e-16  2.57e-10     0s

Barrier solved model in 9 iterations and 0.13 seconds
Optimal objective -1.10147914e+03


Root relaxation: objective -1.101479e+03, 5293 iterations, 0.10 seconds

    Nodes    |    Current Node    |     Objective Bounds      |     Work
 Expl Unexpl |  Obj  Depth IntInf | Incumbent    BestBd   Gap | It/Node Time

     0     0 -1101.4791    0  275    0.00000 -1101.4791      -     -    0s
H    0     0                    -1051.560000 -1101.4791  4.75%     -    0s
H    0     0                    -1056.920000 -1101.4791  4.22%     -    0s
H    0     0                    -1059.720000 -1101.4791  3.94%     -    0s
     0     0 -1097.0712    0  410 -1059.7200 -1097.0712  3.52%     -    0s
H    0     0                    -1067.640000 -1097.0712  2.76%     -    0s
     0     0 -1096.1123    0  371 -1067.6400 -1096.1123  2.67%     -    0s
     0     0 -1090.4598    0  308 -1067.6400 -1090.4598  2.14%     -    0s
H    0     0                    -1073.480000 -1090.4598  1.58%     -    0s
     0     0 -1088.8933    0  294 -1073.4800 -1088.8933  1.44%     -    0s
     0     0 -1088.7091    0  269 -1073.4800 -1088.7091  1.42%     -    0s
H    0     0                    -1075.360000 -1088.7091  1.24%     -    0s
     0     0 -1088.7091    0  290 -1075.3600 -1088.7091  1.24%     -    0s
     0     0 -1088.7091    0  257 -1075.3600 -1088.7091  1.24%     -    0s
H    0     0                    -1076.760000 -1088.7091  1.11%     -    0s
     0     0 -1088.3612    0  265 -1076.7600 -1088.3612  1.08%     -    0s
     0     0 -1088.3543    0  132 -1076.7600 -1088.3543  1.08%     -    1s
H    0     0                    -1076.900000 -1088.3543  1.06%     -    1s
     0     2 -1088.3543    0  130 -1076.9000 -1088.3543  1.06%     -    1s
H   14    18                    -1077.380000 -1088.3543  1.02%  70.4    1s

Cutting planes:
  Gomory: 30
  Cover: 180
  Clique: 9
  MIR: 94

Explored 31 nodes (12487 simplex iterations) in 1.79 seconds
Thread count was 16 (of 16 available processors)

Optimal solution found (tolerance 1.00e-02)
Best objective -1.077380000000e+03, best bound -1.088100000000e+03, gap 0.9950%
Changed value of parameter MIPGap to 0.01
   Prev: 0.0001  Min: 0.0  Max: 1e+100  Default: 0.0001
Changed value of parameter TimeLimit to 1800.0
   Prev: 1e+100  Min: 0.0  Max: 1e+100  Default: 1e+100
Changed value of parameter Method to 2
   Prev: -1  Min: -1  Max: 4  Default: -1
Changed value of parameter MIPFocus to 1
   Prev: 0  Min: 0  Max: 3  Default: 0
Optimize a model with 2430 rows, 7455 columns and 14910 nonzeros
Coefficient statistics:
  Matrix range    [1e+00, 4e+01]
  Objective range [1e+00, 2e+00]
  Bounds range    [1e+00, 1e+00]
  RHS range       [8e+01, 8e+01]
Found heuristic solution: objective 0
Presolve removed 83 rows and 260 columns
Presolve time: 0.05s
Presolved: 2347 rows, 7195 columns, 14390 nonzeros
Variable types: 0 continuous, 7195 integer (7195 binary)
Optimize a model with 2347 rows, 7195 columns and 14390 nonzeros
Coefficient statistics:
  Matrix range    [1e+00, 4e+01]
  Objective range [1e+00, 2e+00]
  Bounds range    [1e+00, 1e+00]
  RHS range       [1e+00, 8e+01]
Presolved: 2347 rows, 7195 columns, 14390 nonzeros

Root barrier log...

Ordering time: 0.00s

Barrier statistics:
 AA' NZ     : 7.195e+03
 Factor NZ  : 4.041e+04 (roughly 4 MBytes of memory)
 Factor Ops : 3.195e+06 (less than 1 second per iteration)
 Threads    : 1

                  Objective                Residual
Iter       Primal          Dual         Primal    Dual     Compl     Time
   0  -4.01790284e+03 -7.96349889e+03  1.66e+01 3.62e-01  2.41e+00     0s
   1  -1.59280400e+03 -5.36629912e+03  2.57e+00 1.11e-15  4.77e-01     0s
   2  -1.20748691e+03 -2.10130849e+03  2.76e-01 6.66e-16  7.12e-02     0s
   3  -1.18325209e+03 -1.30531923e+03  2.04e-02 1.11e-15  8.75e-03     0s
   4  -1.18836444e+03 -1.21448938e+03  2.81e-03 1.11e-15  1.83e-03     0s
   5  -1.18905872e+03 -1.19249689e+03  1.46e-03 4.44e-16  2.65e-04     0s
   6  -1.18977873e+03 -1.18989030e+03  5.23e-05 4.44e-16  8.72e-06     0s
   7  -1.18980759e+03 -1.18980772e+03  4.70e-14 4.44e-16  8.72e-09     0s
   8  -1.18980763e+03 -1.18980763e+03  3.23e-14 6.66e-16  8.72e-12     0s

Barrier solved model in 8 iterations and 0.12 seconds
Optimal objective -1.18980763e+03


Root relaxation: objective -1.189808e+03, 4904 iterations, 0.09 seconds

    Nodes    |    Current Node    |     Objective Bounds      |     Work
 Expl Unexpl |  Obj  Depth IntInf | Incumbent    BestBd   Gap | It/Node Time

     0     0 -1189.8076    0  264    0.00000 -1189.8076      -     -    0s
H    0     0                    -1131.880000 -1189.8076  5.12%     -    0s
H    0     0                    -1135.480000 -1189.8076  4.78%     -    0s
H    0     0                    -1136.440000 -1189.8076  4.70%     -    0s
     0     0 -1182.3401    0  388 -1136.4400 -1182.3401  4.04%     -    0s
H    0     0                    -1153.000000 -1182.3401  2.54%     -    0s
     0     0 -1178.8906    0  348 -1153.0000 -1178.8906  2.25%     -    0s
     0     0 -1175.5595    0  338 -1153.0000 -1175.5595  1.96%     -    0s
H    0     0                    -1157.720000 -1175.5595  1.54%     -    0s
     0     0 -1174.4270    0  302 -1157.7200 -1174.4270  1.44%     -    0s
     0     0 -1174.4239    0  273 -1157.7200 -1174.4239  1.44%     -    0s
H    0     0                    -1160.480000 -1174.4239  1.20%     -    0s
     0     0 -1174.0866    0  287 -1160.4800 -1174.0866  1.17%     -    0s
     0     0 -1174.0866    0  283 -1160.4800 -1174.0866  1.17%     -    0s
H    0     0                    -1161.440000 -1174.0866  1.09%     -    0s
     0     0 -1174.0866    0  316 -1161.4400 -1174.0866  1.09%     -    0s
     0     0 -1174.0866    0  151 -1161.4400 -1174.0866  1.09%     -    1s
H    0     0                    -1161.920000 -1174.0866  1.05%     -    1s
     0     2 -1174.0866    0  144 -1161.9200 -1174.0866  1.05%     -    1s
H    1     3                    -1162.400000 -1174.0866  1.01%   746    1s
H   10    14                    -1162.880000 -1174.0866  0.96%   120    1s

Cutting planes:
  Gomory: 21
  Cover: 174
  Clique: 10
  MIR: 67

Explored 13 nodes (12555 simplex iterations) in 1.75 seconds
Thread count was 16 (of 16 available processors)

Optimal solution found (tolerance 1.00e-02)
Best objective -1.162880000000e+03, best bound -1.174040000000e+03, gap 0.9597%
Changed value of parameter MIPGap to 0.01
   Prev: 0.0001  Min: 0.0  Max: 1e+100  Default: 0.0001
Changed value of parameter TimeLimit to 1800.0
   Prev: 1e+100  Min: 0.0  Max: 1e+100  Default: 1e+100
Changed value of parameter Method to 2
   Prev: -1  Min: -1  Max: 4  Default: -1
Changed value of parameter MIPFocus to 1
   Prev: 0  Min: 0  Max: 3  Default: 0
Optimize a model with 2430 rows, 7455 columns and 14910 nonzeros
Coefficient statistics:
  Matrix range    [1e+00, 4e+01]
  Objective range [1e+00, 2e+00]
  Bounds range    [1e+00, 1e+00]
  RHS range       [8e+01, 8e+01]
Found heuristic solution: objective 0
Presolve removed 83 rows and 260 columns
Presolve time: 0.05s
Presolved: 2347 rows, 7195 columns, 14390 nonzeros
Variable types: 0 continuous, 7195 integer (7195 binary)
Optimize a model with 2347 rows, 7195 columns and 14390 nonzeros
Coefficient statistics:
  Matrix range    [1e+00, 4e+01]
  Objective range [1e+00, 2e+00]
  Bounds range    [1e+00, 1e+00]
  RHS range       [1e+00, 8e+01]
Presolved: 2347 rows, 7195 columns, 14390 nonzeros

Root barrier log...

Ordering time: 0.00s

Barrier statistics:
 AA' NZ     : 7.195e+03
 Factor NZ  : 4.041e+04 (roughly 4 MBytes of memory)
 Factor Ops : 3.195e+06 (less than 1 second per iteration)
 Threads    : 1

                  Objective                Residual
Iter       Primal          Dual         Primal    Dual     Compl     Time
   0  -4.18061648e+03 -8.81313172e+03  1.66e+01 4.05e-01  2.70e+00     0s
   1  -1.65600624e+03 -5.90007204e+03  2.64e+00 1.11e-15  5.39e-01     0s
   2  -1.24695850e+03 -2.27349602e+03  2.81e-01 8.88e-16  8.13e-02     0s
   3  -1.22436052e+03 -1.39747321e+03  1.68e-02 1.33e-15  1.22e-02     0s
   4  -1.23151161e+03 -1.28800493e+03  3.33e-03 4.44e-16  3.91e-03     0s
   5  -1.23266947e+03 -1.23910348e+03  1.76e-03 4.44e-16  4.76e-04     0s
   6  -1.23391669e+03 -1.23407317e+03  7.42e-05 8.88e-16  1.23e-05     0s
   7  -1.23397180e+03 -1.23397198e+03  9.13e-14 8.88e-16  1.23e-08     0s
   8  -1.23397188e+03 -1.23397188e+03  7.74e-14 6.66e-16  1.23e-11     0s

Barrier solved model in 8 iterations and 0.12 seconds
Optimal objective -1.23397188e+03


Root relaxation: objective -1.233972e+03, 4999 iterations, 0.10 seconds

    Nodes    |    Current Node    |     Objective Bounds      |     Work
 Expl Unexpl |  Obj  Depth IntInf | Incumbent    BestBd   Gap | It/Node Time

     0     0 -1233.9719    0  221    0.00000 -1233.9719      -     -    0s
H    0     0                    -1164.800000 -1233.9719  5.94%     -    0s
H    0     0                    -1169.600000 -1233.9719  5.50%     -    0s
H    0     0                    -1172.200000 -1233.9719  5.27%     -    0s
H    0     0                    -1175.600000 -1233.9719  4.97%     -    0s
H    0     0                    -1176.200000 -1233.9719  4.91%     -    0s
     0     0 -1226.2815    0  355 -1176.2000 -1226.2815  4.26%     -    0s
H    0     0                    -1191.800000 -1226.2815  2.89%     -    0s
     0     0 -1224.7479    0  361 -1191.8000 -1224.7479  2.76%     -    0s
     0     0 -1217.7577    0  309 -1191.8000 -1217.7577  2.18%     -    0s
H    0     0                    -1195.800000 -1217.7577  1.84%     -    0s
     0     0 -1216.9007    0  268 -1195.8000 -1216.9007  1.76%     -    0s
     0     0 -1216.9007    0  275 -1195.8000 -1216.9007  1.76%     -    0s
H    0     0                    -1198.800000 -1216.9007  1.51%     -    0s
     0     0 -1216.7403    0  309 -1198.8000 -1216.7403  1.50%     -    0s
     0     0 -1216.7329    0  301 -1198.8000 -1216.7329  1.50%     -    0s
H    0     0                    -1201.400000 -1216.7329  1.28%     -    0s
     0     0 -1216.2742    0  286 -1201.4000 -1216.2742  1.24%     -    1s
     0     0 -1216.2742    0  143 -1201.4000 -1216.2742  1.24%     -    1s
     0     2 -1216.2742    0  135 -1201.4000 -1216.2742  1.24%     -    1s
H    1     3                    -1202.000000 -1216.2090  1.18%   888    1s
H   24    29                    -1204.800000 -1216.2090  0.95%  99.1    2s
H   29    33                    -1205.400000 -1216.1611  0.89%  88.0    2s

Cutting planes:
  Gomory: 23
  Cover: 192
  Clique: 4
  MIR: 95

Explored 32 nodes (14244 simplex iterations) in 2.21 seconds
Thread count was 16 (of 16 available processors)

Optimal solution found (tolerance 1.00e-02)
Best objective -1.205400000000e+03, best bound -1.216150000000e+03, gap 0.8918%
Changed value of parameter MIPGap to 0.01
   Prev: 0.0001  Min: 0.0  Max: 1e+100  Default: 0.0001
Changed value of parameter TimeLimit to 1800.0
   Prev: 1e+100  Min: 0.0  Max: 1e+100  Default: 1e+100
Changed value of parameter Method to 2
   Prev: -1  Min: -1  Max: 4  Default: -1
Changed value of parameter MIPFocus to 1
   Prev: 0  Min: 0  Max: 3  Default: 0
Optimize a model with 2430 rows, 7455 columns and 14910 nonzeros
Coefficient statistics:
  Matrix range    [1e+00, 4e+01]
  Objective range [1e+00, 3e+00]
  Bounds range    [1e+00, 1e+00]
  RHS range       [8e+01, 8e+01]
Found heuristic solution: objective 0
Presolve removed 83 rows and 260 columns
Presolve time: 0.05s
Presolved: 2347 rows, 7195 columns, 14390 nonzeros
Variable types: 0 continuous, 7195 integer (7195 binary)
Optimize a model with 2347 rows, 7195 columns and 14390 nonzeros
Coefficient statistics:
  Matrix range    [1e+00, 4e+01]
  Objective range [1e+00, 3e+00]
  Bounds range    [1e+00, 1e+00]
  RHS range       [1e+00, 8e+01]
Presolved: 2347 rows, 7195 columns, 14390 nonzeros

Root barrier log...

Ordering time: 0.00s

Barrier statistics:
 AA' NZ     : 7.195e+03
 Factor NZ  : 4.041e+04 (roughly 4 MBytes of memory)
 Factor Ops : 3.195e+06 (less than 1 second per iteration)
 Threads    : 1

                  Objective                Residual
Iter       Primal          Dual         Primal    Dual     Compl     Time
   0  -4.99402695e+03 -1.30982776e+04  1.66e+01 6.18e-01  4.14e+00     0s
   1  -1.91969160e+03 -8.62257113e+03  2.62e+00 1.55e-15  8.24e-01     0s
   2  -1.44616989e+03 -3.15467450e+03  2.75e-01 8.88e-16  1.32e-01     0s
   3  -1.43635599e+03 -1.74846707e+03  1.88e-02 1.78e-15  2.18e-02     0s
   4  -1.44850809e+03 -1.48654510e+03  5.85e-03 1.78e-15  2.74e-03     0s
   5  -1.45375824e+03 -1.47129733e+03  1.17e-03 1.33e-15  1.22e-03     0s
   6  -1.45478330e+03 -1.46435274e+03  2.77e-04 9.80e-16  6.57e-04     0s
   7  -1.45507410e+03 -1.45718120e+03  1.14e-04 8.88e-16  1.46e-04     0s
   8  -1.45527374e+03 -1.45530551e+03  7.87e-07 8.88e-16  2.19e-06     0s
   9  -1.45528120e+03 -1.45528123e+03  8.81e-13 8.88e-16  2.53e-09     0s
  10  -1.45528121e+03 -1.45528121e+03  3.54e-12 1.33e-15  1.03e-14     0s

Barrier solved model in 10 iterations and 0.13 seconds
Optimal objective -1.45528121e+03


Root relaxation: objective -1.455281e+03, 4814 iterations, 0.11 seconds

    Nodes    |    Current Node    |     Objective Bounds      |     Work
 Expl Unexpl |  Obj  Depth IntInf | Incumbent    BestBd   Gap | It/Node Time

     0     0 -1455.2812    0  263    0.00000 -1455.2812      -     -    0s
H    0     0                    -1362.400000 -1455.2812  6.82%     -    0s
H    0     0                    -1368.400000 -1455.2812  6.35%     -    0s
     0     0 -1436.7578    0  404 -1368.4000 -1436.7578  5.00%     -    0s
H    0     0                    -1395.000000 -1436.7578  2.99%     -    0s
     0     0 -1434.3091    0  381 -1395.0000 -1434.3091  2.82%     -    0s
     0     0 -1429.2578    0  370 -1395.0000 -1429.2578  2.46%     -    0s
H    0     0                    -1402.300000 -1429.2578  1.92%     -    0s
     0     0 -1428.6648    0  363 -1402.3000 -1428.6648  1.88%     -    0s
     0     0 -1428.4422    0  353 -1402.3000 -1428.4422  1.86%     -    0s
H    0     0                    -1407.700000 -1428.4422  1.47%     -    0s
     0     0 -1427.6949    0  363 -1407.7000 -1427.6949  1.42%     -    0s
     0     0 -1427.6245    0  329 -1407.7000 -1427.6245  1.42%     -    0s
H    0     0                    -1413.600000 -1427.6245  0.99%     -    0s

Cutting planes:
  Gomory: 15
  Cover: 192
  Clique: 5
  MIR: 72

Explored 0 nodes (8793 simplex iterations) in 0.99 seconds
Thread count was 16 (of 16 available processors)

Optimal solution found (tolerance 1.00e-02)
Best objective -1.413600000000e+03, best bound -1.427600000000e+03, gap 0.9904%
Changed value of parameter MIPGap to 0.01
   Prev: 0.0001  Min: 0.0  Max: 1e+100  Default: 0.0001
Changed value of parameter TimeLimit to 1800.0
   Prev: 1e+100  Min: 0.0  Max: 1e+100  Default: 1e+100
Changed value of parameter Method to 2
   Prev: -1  Min: -1  Max: 4  Default: -1
Changed value of parameter MIPFocus to 1
   Prev: 0  Min: 0  Max: 3  Default: 0
Optimize a model with 2430 rows, 7455 columns and 14910 nonzeros
Coefficient statistics:
  Matrix range    [1e+00, 4e+01]
  Objective range [1e+00, 5e+00]
  Bounds range    [1e+00, 1e+00]
  RHS range       [8e+01, 8e+01]
Found heuristic solution: objective 0
Presolve removed 83 rows and 260 columns
Presolve time: 0.05s
Presolved: 2347 rows, 7195 columns, 14390 nonzeros
Variable types: 0 continuous, 7195 integer (7195 binary)
Optimize a model with 2347 rows, 7195 columns and 14390 nonzeros
Coefficient statistics:
  Matrix range    [1e+00, 4e+01]
  Objective range [1e+00, 5e+00]
  Bounds range    [1e+00, 1e+00]
  RHS range       [1e+00, 8e+01]
Presolved: 2347 rows, 7195 columns, 14390 nonzeros

Root barrier log...

Ordering time: 0.00s

Barrier statistics:
 AA' NZ     : 7.195e+03
 Factor NZ  : 4.041e+04 (roughly 4 MBytes of memory)
 Factor Ops : 3.195e+06 (less than 1 second per iteration)
 Threads    : 1

                  Objective                Residual
Iter       Primal          Dual         Primal    Dual     Compl     Time
   0  -6.62056607e+03 -2.17758864e+04  1.66e+01 1.04e+00  7.05e+00     0s
   1  -2.48108761e+03 -1.41446695e+04  2.61e+00 3.55e-15  1.40e+00     0s
   2  -1.86421567e+03 -4.74743105e+03  2.61e-01 1.78e-15  2.19e-01     0s
   3  -1.86154402e+03 -2.35764720e+03  1.42e-02 2.66e-15  3.43e-02     0s
   4  -1.88843154e+03 -2.05295310e+03  3.49e-03 1.78e-15  1.13e-02     0s
   5  -1.89417974e+03 -1.93918914e+03  1.76e-03 2.66e-15  3.12e-03     0s
   6  -1.89785712e+03 -1.91098512e+03  7.06e-04 1.78e-15  9.16e-04     0s
   7  -1.89997245e+03 -1.90046649e+03  5.62e-05 2.66e-15  3.55e-05     0s
   8  -1.90021175e+03 -1.90021870e+03  4.37e-09 6.22e-15  4.72e-07     0s
   9  -1.90021377e+03 -1.90021378e+03  1.64e-12 2.66e-15  4.72e-10     0s

Barrier solved model in 9 iterations and 0.13 seconds
Optimal objective -1.90021377e+03


Root relaxation: objective -1.900214e+03, 5271 iterations, 0.10 seconds

    Nodes    |    Current Node    |     Objective Bounds      |     Work
 Expl Unexpl |  Obj  Depth IntInf | Incumbent    BestBd   Gap | It/Node Time

     0     0 -1900.2138    0  239    0.00000 -1900.2138      -     -    0s
H    0     0                    -1730.200000 -1900.2138  9.83%     -    0s
H    0     0                    -1747.800000 -1900.2138  8.72%     -    0s
H    0     0                    -1750.200000 -1900.2138  8.57%     -    0s
     0     0 -1871.2731    0  331 -1750.2000 -1871.2731  6.92%     -    0s
H    0     0                    -1792.800000 -1871.2731  4.38%     -    0s
     0     0 -1867.1734    0  356 -1792.8000 -1867.1734  4.15%     -    0s
     0     0 -1855.0898    0  336 -1792.8000 -1855.0898  3.47%     -    0s
H    0     0                    -1812.600000 -1855.0898  2.34%     -    0s
     0     0 -1851.7919    0  273 -1812.6000 -1851.7919  2.16%     -    0s
     0     0 -1851.0524    0  282 -1812.6000 -1851.0524  2.12%     -    0s
H    0     0                    -1827.400000 -1851.0524  1.29%     -    0s
     0     0 -1850.1816    0  272 -1827.4000 -1850.1816  1.25%     -    0s
     0     0 -1850.1816    0  258 -1827.4000 -1850.1816  1.25%     -    0s
H    0     0                    -1828.800000 -1850.1816  1.17%     -    1s
     0     0 -1849.5993    0  275 -1828.8000 -1849.5993  1.14%     -    1s
     0     0 -1849.5993    0  172 -1828.8000 -1849.5993  1.14%     -    1s
H    0     0                    -1830.000000 -1849.5993  1.07%     -    1s
     0     2 -1849.5993    0  162 -1830.0000 -1849.5993  1.07%     -    1s
H   29    34                    -1831.200000 -1849.5993  1.00%  62.4    2s
H   29    34                    -1832.400000 -1849.5993  0.94%  62.4    2s

Cutting planes:
  Gomory: 21
  Cover: 172
  Clique: 6
  MIR: 87

Explored 35 nodes (13578 simplex iterations) in 2.05 seconds
Thread count was 16 (of 16 available processors)

Optimal solution found (tolerance 1.00e-02)
Best objective -1.832400000000e+03, best bound -1.849200000000e+03, gap 0.9168%
Changed value of parameter MIPGap to 0.01
   Prev: 0.0001  Min: 0.0  Max: 1e+100  Default: 0.0001
Changed value of parameter TimeLimit to 1800.0
   Prev: 1e+100  Min: 0.0  Max: 1e+100  Default: 1e+100
Changed value of parameter Method to 2
   Prev: -1  Min: -1  Max: 4  Default: -1
Changed value of parameter MIPFocus to 1
   Prev: 0  Min: 0  Max: 3  Default: 0
Optimize a model with 2430 rows, 7455 columns and 14910 nonzeros
Coefficient statistics:
  Matrix range    [1e+00, 4e+01]
  Objective range [1e+00, 9e+00]
  Bounds range    [1e+00, 1e+00]
  RHS range       [8e+01, 8e+01]
Found heuristic solution: objective 0
Presolve removed 83 rows and 260 columns
Presolve time: 0.05s
Presolved: 2347 rows, 7195 columns, 14390 nonzeros
Variable types: 0 continuous, 7195 integer (7195 binary)
Optimize a model with 2347 rows, 7195 columns and 14390 nonzeros
Coefficient statistics:
  Matrix range    [1e+00, 4e+01]
  Objective range [1e+00, 9e+00]
  Bounds range    [1e+00, 1e+00]
  RHS range       [1e+00, 8e+01]
Presolved: 2347 rows, 7195 columns, 14390 nonzeros

Root barrier log...

Ordering time: 0.00s

Barrier statistics:
 AA' NZ     : 7.195e+03
 Factor NZ  : 4.041e+04 (roughly 4 MBytes of memory)
 Factor Ops : 3.195e+06 (less than 1 second per iteration)
 Threads    : 1

                  Objective                Residual
Iter       Primal          Dual         Primal    Dual     Compl     Time
   0  -9.87335480e+03 -3.91311041e+04  1.66e+01 1.90e+00  1.29e+01     0s
   1  -3.63554630e+03 -2.52004107e+04  2.60e+00 4.88e-15  2.56e+00     0s
   2  -2.72461100e+03 -7.95802781e+03  2.44e-01 3.55e-15  3.93e-01     0s
   3  -2.71354611e+03 -3.49827758e+03  8.57e-03 7.11e-15  5.38e-02     0s
   4  -2.77006275e+03 -3.05138796e+03  1.30e-03 3.55e-15  1.92e-02     0s
   5  -2.78053774e+03 -2.85319504e+03  6.24e-04 3.55e-15  4.96e-03     0s
   6  -2.78523638e+03 -2.80350618e+03  3.46e-04 3.55e-15  1.26e-03     0s
   7  -2.78925701e+03 -2.79624246e+03  1.03e-04 3.55e-15  4.80e-04     0s
   8  -2.79081706e+03 -2.79109695e+03  1.86e-06 5.33e-15  1.91e-05     0s
   9  -2.79092051e+03 -2.79092093e+03  3.68e-13 3.55e-15  2.80e-08     0s
  10  -2.79092063e+03 -2.79092063e+03  2.89e-13 3.55e-15  3.89e-14     0s

Barrier solved model in 10 iterations and 0.13 seconds
Optimal objective -2.79092063e+03


Root relaxation: objective -2.790921e+03, 4984 iterations, 0.11 seconds

    Nodes    |    Current Node    |     Objective Bounds      |     Work
 Expl Unexpl |  Obj  Depth IntInf | Incumbent    BestBd   Gap | It/Node Time

     0     0 -2790.9206    0  240    0.00000 -2790.9206      -     -    0s
H    0     0                    -2502.200000 -2790.9206  11.5%     -    0s
H    0     0                    -2547.200000 -2790.9206  9.57%     -    0s
     0     0 -2745.1848    0  340 -2547.2000 -2745.1848  7.77%     -    0s
H    0     0                    -2604.200000 -2745.1848  5.41%     -    0s
H    0     0                    -2641.600000 -2745.1848  3.92%     -    0s
     0     0 -2741.0172    0  363 -2641.6000 -2741.0172  3.76%     -    0s
     0     0 -2705.0407    0  297 -2641.6000 -2705.0407  2.40%     -    0s
H    0     0                    -2657.000000 -2705.0407  1.81%     -    0s
     0     0 -2701.8566    0  319 -2657.0000 -2701.8566  1.69%     -    0s
     0     0 -2701.8566    0  327 -2657.0000 -2701.8566  1.69%     -    0s
H    0     0                    -2664.000000 -2701.8566  1.42%     -    0s
     0     0 -2697.0185    0  356 -2664.0000 -2697.0185  1.24%     -    0s
     0     0 -2697.0185    0  326 -2664.0000 -2697.0185  1.24%     -    0s
H    0     0                    -2673.800000 -2697.0185  0.87%     -    1s

Cutting planes:
  Gomory: 16
  Cover: 157
  Clique: 4
  MIR: 61

Explored 0 nodes (9464 simplex iterations) in 1.04 seconds
Thread count was 16 (of 16 available processors)

Optimal solution found (tolerance 1.00e-02)
Best objective -2.673800000000e+03, best bound -2.697000000000e+03, gap 0.8677%
Changed value of parameter MIPGap to 0.01
   Prev: 0.0001  Min: 0.0  Max: 1e+100  Default: 0.0001
Changed value of parameter TimeLimit to 1800.0
   Prev: 1e+100  Min: 0.0  Max: 1e+100  Default: 1e+100
Changed value of parameter Method to 2
   Prev: -1  Min: -1  Max: 4  Default: -1
Changed value of parameter MIPFocus to 1
   Prev: 0  Min: 0  Max: 3  Default: 0
Optimize a model with 2430 rows, 7455 columns and 14910 nonzeros
Coefficient statistics:
  Matrix range    [1e+00, 4e+01]
  Objective range [2e+00, 1e+01]
  Bounds range    [1e+00, 1e+00]
  RHS range       [8e+01, 8e+01]
Found heuristic solution: objective 0
Presolve removed 83 rows and 260 columns
Presolve time: 0.05s
Presolved: 2347 rows, 7195 columns, 14390 nonzeros
Variable types: 0 continuous, 7195 integer (7195 binary)
Optimize a model with 2347 rows, 7195 columns and 14390 nonzeros
Coefficient statistics:
  Matrix range    [1e+00, 4e+01]
  Objective range [2e+00, 1e+01]
  Bounds range    [1e+00, 1e+00]
  RHS range       [1e+00, 8e+01]
Presolved: 2347 rows, 7195 columns, 14390 nonzeros

Root barrier log...

Ordering time: 0.00s

Barrier statistics:
 AA' NZ     : 7.195e+03
 Factor NZ  : 4.041e+04 (roughly 4 MBytes of memory)
 Factor Ops : 3.195e+06 (less than 1 second per iteration)
 Threads    : 1

                  Objective                Residual
Iter       Primal          Dual         Primal    Dual     Compl     Time
   0  -1.14997111e+04 -4.78087129e+04  1.66e+01 2.32e+00  1.58e+01     0s
   1  -4.21750838e+03 -3.07298510e+04  2.60e+00 6.22e-15  3.14e+00     0s
   2  -3.15951089e+03 -9.56532180e+03  2.39e-01 7.11e-15  4.80e-01     0s
   3  -3.14379932e+03 -4.04303901e+03  6.96e-03 5.33e-15  6.16e-02     0s
   4  -3.20698354e+03 -3.49812686e+03  1.51e-03 5.33e-15  1.99e-02     0s
   5  -3.22520377e+03 -3.33539269e+03  5.66e-04 5.33e-15  7.52e-03     0s
   6  -3.23314527e+03 -3.27370522e+03  1.93e-04 3.07e-15  2.77e-03     0s
   7  -3.23690485e+03 -3.24293763e+03  2.93e-05 3.55e-15  4.12e-04     0s
   8  -3.23781535e+03 -3.23789966e+03  2.49e-14 3.55e-15  5.72e-06     0s
   9  -3.23782381e+03 -3.23782389e+03  7.64e-14 3.55e-15  5.74e-09     0s
  10  -3.23782382e+03 -3.23782382e+03  3.17e-13 3.55e-15  5.93e-15     0s

Barrier solved model in 10 iterations and 0.13 seconds
Optimal objective -3.23782382e+03


Root relaxation: objective -3.237824e+03, 4659 iterations, 0.11 seconds

    Nodes    |    Current Node    |     Objective Bounds      |     Work
 Expl Unexpl |  Obj  Depth IntInf | Incumbent    BestBd   Gap | It/Node Time

     0     0 -3237.8238    0  258    0.00000 -3237.8238      -     -    0s
H    0     0                    -2909.500000 -3237.8238  11.3%     -    0s
H    0     0                    -2915.500000 -3237.8238  11.1%     -    0s
H    0     0                    -2950.000000 -3237.8238  9.76%     -    0s
H    0     0                    -2951.000000 -3237.8238  9.72%     -    0s
H    0     0                    -2983.000000 -3237.8238  8.54%     -    0s
     0     0 -3187.7141    0  343 -2983.0000 -3187.7141  6.86%     -    0s
H    0     0                    -3005.000000 -3187.7141  6.08%     -    0s
     0     0 -3184.6596    0  365 -3005.0000 -3184.6596  5.98%     -    0s
     0     0 -3139.6991    0  330 -3005.0000 -3139.6991  4.48%     -    0s
H    0     0                    -3048.000000 -3139.6991  3.01%     -    0s
     0     0 -3124.9465    0  299 -3048.0000 -3124.9465  2.52%     -    0s
     0     0 -3124.5813    0  328 -3048.0000 -3124.5813  2.51%     -    0s
H    0     0                    -3059.000000 -3124.5813  2.14%     -    1s
     0     0 -3124.5813    0  306 -3059.0000 -3124.5813  2.14%     -    1s
     0     0 -3124.5813    0  301 -3059.0000 -3124.5813  2.14%     -    1s
H    0     0                    -3065.500000 -3124.5813  1.93%     -    1s
H    0     0                    -3075.000000 -3124.5813  1.61%     -    1s
     0     0 -3124.5813    0  317 -3075.0000 -3124.5813  1.61%     -    1s
     0     0 -3124.5813    0  164 -3075.0000 -3124.5813  1.61%     -    1s
H    0     2                    -3079.500000 -3124.5813  1.46%     -    1s
     0     2 -3124.5813    0  152 -3079.5000 -3124.5813  1.46%     -    1s
H    3     4                    -3083.000000 -3124.5813  1.35%   266    2s
H   40    44                    -3084.000000 -3123.4619  1.28%  56.1    2s
H   75    76                    -3085.500000 -3123.4619  1.23%  37.9    2s
H  477   476                    -3087.000000 -3123.4619  1.18%  10.9    4s
H  484   481                    -3091.500000 -3123.4619  1.03%  10.7    4s
   721   691 -3115.9515   86  185 -3091.5000 -3123.4619  1.03%   9.7    5s
H  736   705                    -3092.500000 -3123.4619  1.00%   9.7    5s
H  959   882                    -3093.000000 -3123.4619  0.98%   9.3    5s

Cutting planes:
  Gomory: 20
  Cover: 180
  Clique: 7
  MIR: 64

Explored 989 nodes (21099 simplex iterations) in 5.87 seconds
Thread count was 16 (of 16 available processors)

Optimal solution found (tolerance 1.00e-02)
Best objective -3.093000000000e+03, best bound -3.123000000000e+03, gap 0.9699%
Changed value of parameter MIPGap to 0.01
   Prev: 0.0001  Min: 0.0  Max: 1e+100  Default: 0.0001
Changed value of parameter TimeLimit to 1800.0
   Prev: 1e+100  Min: 0.0  Max: 1e+100  Default: 1e+100
Changed value of parameter Method to 2
   Prev: -1  Min: -1  Max: 4  Default: -1
Changed value of parameter MIPFocus to 1
   Prev: 0  Min: 0  Max: 3  Default: 0
Optimize a model with 2430 rows, 7455 columns and 14910 nonzeros
Coefficient statistics:
  Matrix range    [1e+00, 4e+01]
  Objective range [2e+00, 2e+01]
  Bounds range    [1e+00, 1e+00]
  RHS range       [8e+01, 8e+01]
Found heuristic solution: objective 0
Presolve removed 83 rows and 260 columns
Presolve time: 0.05s
Presolved: 2347 rows, 7195 columns, 14390 nonzeros
Variable types: 0 continuous, 7195 integer (7195 binary)
Optimize a model with 2347 rows, 7195 columns and 14390 nonzeros
Coefficient statistics:
  Matrix range    [1e+00, 4e+01]
  Objective range [2e+00, 2e+01]
  Bounds range    [1e+00, 1e+00]
  RHS range       [1e+00, 8e+01]
Presolved: 2347 rows, 7195 columns, 14390 nonzeros

Root barrier log...

Ordering time: 0.00s

Barrier statistics:
 AA' NZ     : 7.195e+03
 Factor NZ  : 4.041e+04 (roughly 4 MBytes of memory)
 Factor Ops : 3.195e+06 (less than 1 second per iteration)
 Threads    : 1

                  Objective                Residual
Iter       Primal          Dual         Primal    Dual     Compl     Time
   0  -1.96314043e+04 -9.11967569e+04  1.66e+01 4.46e+00  3.03e+01     0s
   1  -7.13810224e+03 -5.83810236e+04  2.60e+00 1.07e-14  6.03e+00     0s
   2  -5.34833368e+03 -1.76095025e+04  2.28e-01 7.11e-15  9.12e-01     0s
   3  -5.31530153e+03 -6.75012144e+03  6.93e-03 1.42e-14  9.83e-02     0s
   4  -5.43258422e+03 -5.87949159e+03  1.16e-03 7.11e-15  3.05e-02     0s
   5  -5.46039359e+03 -5.62909313e+03  5.58e-04 3.68e-15  1.15e-02     0s
   6  -5.47419018e+03 -5.54873835e+03  2.87e-04 3.85e-15  5.09e-03     0s
   7  -5.48229130e+03 -5.50626640e+03  1.27e-04 7.11e-15  1.64e-03     0s
   8  -5.48475240e+03 -5.49702472e+03  8.74e-05 5.23e-15  8.42e-04     0s
   9  -5.48699626e+03 -5.49056840e+03  4.14e-05 7.11e-15  2.47e-04     0s
  10  -5.48805674e+03 -5.48960833e+03  2.07e-05 7.11e-15  1.08e-04     0s
  11  -5.48892090e+03 -5.48923309e+03  4.37e-06 7.11e-15  2.17e-05     0s
  12  -5.48916403e+03 -5.48916711e+03  5.26e-12 7.11e-15  2.09e-07     0s
  13  -5.48916483e+03 -5.48916483e+03  3.24e-12 7.11e-15  4.10e-12     0s

Barrier solved model in 13 iterations and 0.15 seconds
Optimal objective -5.48916483e+03


Root relaxation: objective -5.489165e+03, 4913 iterations, 0.12 seconds

    Nodes    |    Current Node    |     Objective Bounds      |     Work
 Expl Unexpl |  Obj  Depth IntInf | Incumbent    BestBd   Gap | It/Node Time

     0     0 -5489.1648    0  282    0.00000 -5489.1648      -     -    0s
H    0     0                    -4829.000000 -5489.1648  13.7%     -    0s
H    0     0                    -4892.000000 -5489.1648  12.2%     -    0s
H    0     0                    -4927.000000 -5489.1648  11.4%     -    0s
     0     0 -5339.0077    0  324 -4927.0000 -5339.0077  8.36%     -    0s
H    0     0                    -4981.000000 -5339.0077  7.19%     -    0s
     0     0 -5333.5727    0  336 -4981.0000 -5333.5727  7.08%     -    0s
H    0     0                    -4983.000000 -5333.5727  7.04%     -    0s
H    0     0                    -4988.000000 -5333.5727  6.93%     -    0s
     0     0 -5271.2626    0  304 -4988.0000 -5271.2626  5.68%     -    0s
H    0     0                    -5110.000000 -5271.2626  3.16%     -    0s
H    0     0                    -5161.000000 -5271.2626  2.14%     -    0s
     0     0 -5261.8579    0  322 -5161.0000 -5261.8579  1.95%     -    0s
     0     0 -5254.3631    0  333 -5161.0000 -5254.3631  1.81%     -    0s
H    0     0                    -5164.000000 -5254.3631  1.75%     -    0s
H    0     0                    -5181.000000 -5254.3631  1.42%     -    1s
     0     0 -5254.3631    0  348 -5181.0000 -5254.3631  1.42%     -    1s
     0     0 -5254.3631    0  347 -5181.0000 -5254.3631  1.42%     -    1s
     0     0 -5254.3631    0  376 -5181.0000 -5254.3631  1.42%     -    1s
     0     0 -5254.3631    0  180 -5181.0000 -5254.3631  1.42%     -    1s
H    0     0                    -5186.000000 -5254.3631  1.32%     -    1s
     0     2 -5254.3631    0  177 -5186.0000 -5254.3631  1.32%     -    1s
H    1     3                    -5188.000000 -5254.3631  1.28%   522    1s
H   39    43                    -5194.000000 -5254.2749  1.16%  39.7    2s
H   78    79                    -5196.000000 -5254.2749  1.12%  24.0    2s
H  203   204                    -5198.000000 -5254.2749  1.08%  12.4    3s
H  622   581                    -5202.000000 -5254.2749  1.00%  11.6    4s
H  764   700                    -5204.000000 -5254.2749  0.97%  11.3    4s

Cutting planes:
  Gomory: 13
  Cover: 164
  Clique: 5
  MIR: 53

Explored 814 nodes (21763 simplex iterations) in 4.94 seconds
Thread count was 16 (of 16 available processors)

Optimal solution found (tolerance 1.00e-02)
Best objective -5.204000000000e+03, best bound -5.254000000000e+03, gap 0.9608%
Changed value of parameter MIPGap to 0.01
   Prev: 0.0001  Min: 0.0  Max: 1e+100  Default: 0.0001
Changed value of parameter TimeLimit to 1800.0
   Prev: 1e+100  Min: 0.0  Max: 1e+100  Default: 1e+100
Changed value of parameter Method to 2
   Prev: -1  Min: -1  Max: 4  Default: -1
Changed value of parameter MIPFocus to 1
   Prev: 0  Min: 0  Max: 3  Default: 0
Optimize a model with 2430 rows, 7455 columns and 14910 nonzeros
Coefficient statistics:
  Matrix range    [1e+00, 4e+01]
  Objective range [3e+00, 4e+01]
  Bounds range    [1e+00, 1e+00]
  RHS range       [8e+01, 8e+01]
Found heuristic solution: objective 0
Presolve removed 83 rows and 260 columns
Presolve time: 0.05s
Presolved: 2347 rows, 7195 columns, 14390 nonzeros
Variable types: 0 continuous, 7195 integer (7195 binary)
Optimize a model with 2347 rows, 7195 columns and 14390 nonzeros
Coefficient statistics:
  Matrix range    [1e+00, 4e+01]
  Objective range [3e+00, 4e+01]
  Bounds range    [1e+00, 1e+00]
  RHS range       [1e+00, 8e+01]
Presolved: 2347 rows, 7195 columns, 14390 nonzeros

Root barrier log...

Ordering time: 0.00s

Barrier statistics:
 AA' NZ     : 7.195e+03
 Factor NZ  : 4.041e+04 (roughly 4 MBytes of memory)
 Factor Ops : 3.195e+06 (less than 1 second per iteration)
 Threads    : 1

                  Objective                Residual
Iter       Primal          Dual         Primal    Dual     Compl     Time
   0  -3.58946949e+04 -1.77972845e+05  1.66e+01 8.72e+00  5.95e+01     0s
   1  -1.29920038e+04 -1.13684569e+05  2.60e+00 2.31e-14  1.18e+01     0s
   2  -9.74385221e+03 -3.36849285e+04  2.20e-01 1.42e-14  1.77e+00     0s
   3  -9.68666688e+03 -1.23610522e+04  8.54e-03 8.53e-14  1.84e-01     0s
   4  -9.89660611e+03 -1.05242572e+04  1.71e-03 2.84e-14  4.29e-02     0s
   5  -9.96255784e+03 -1.01791373e+04  7.64e-04 2.13e-14  1.48e-02     0s
   6  -9.99421940e+03 -1.00240312e+04  1.51e-04 1.42e-14  2.05e-03     0s
   7  -1.00015501e+04 -1.00034320e+04  2.69e-05 1.01e-14  1.33e-04     0s
   8  -1.00029659e+04 -1.00030260e+04  5.26e-11 1.42e-14  4.07e-06     0s
   9  -1.00030000e+04 -1.00030000e+04  1.79e-12 1.42e-14  4.07e-09     0s

Barrier solved model in 9 iterations and 0.13 seconds
Optimal objective -1.00030000e+04


Root relaxation: objective -1.000300e+04, 5521 iterations, 0.10 seconds

    Nodes    |    Current Node    |     Objective Bounds      |     Work
 Expl Unexpl |  Obj  Depth IntInf | Incumbent    BestBd   Gap | It/Node Time

     0     0 -10003.000    0  282    0.00000 -10003.000      -     -    0s
H    0     0                    -8677.000000 -10003.000  15.3%     -    0s
H    0     0                    -8848.000000 -10003.000  13.1%     -    0s
     0     0 -9684.5000    0  355 -8848.0000 -9684.5000  9.45%     -    0s
H    0     0                    -9168.000000 -9684.5000  5.63%     -    0s
H    0     0                    -9257.000000 -9684.5000  4.62%     -    0s
     0     0 -9683.9545    0  342 -9257.0000 -9683.9545  4.61%     -    0s
     0     0 -9546.0000    0  301 -9257.0000 -9546.0000  3.12%     -    0s
H    0     0                    -9294.000000 -9546.0000  2.71%     -    0s
     0     0 -9519.0000    0  256 -9294.0000 -9519.0000  2.42%     -    0s
     0     0 -9519.0000    0  331 -9294.0000 -9519.0000  2.42%     -    0s
H    0     0                    -9384.000000 -9519.0000  1.44%     -    1s
     0     0 -9519.0000    0  295 -9384.0000 -9519.0000  1.44%     -    1s
     0     0 -9519.0000    0  284 -9384.0000 -9519.0000  1.44%     -    1s
H    0     0                    -9387.000000 -9519.0000  1.41%     -    1s
     0     0 -9519.0000    0  260 -9387.0000 -9519.0000  1.41%     -    1s
     0     0 -9519.0000    0  175 -9387.0000 -9519.0000  1.41%     -    1s
     0     2 -9519.0000    0  172 -9387.0000 -9519.0000  1.41%     -    1s
H    1     3                    -9428.000000 -9519.0000  0.97%   768    1s

Cutting planes:
  Gomory: 10
  Cover: 157
  Clique: 3
  MIR: 38

Explored 2 nodes (13907 simplex iterations) in 1.92 seconds
Thread count was 16 (of 16 available processors)

Optimal solution found (tolerance 1.00e-02)
Best objective -9.428000000000e+03, best bound -9.519000000000e+03, gap 0.9652%
Changed value of parameter MIPGap to 0.01
   Prev: 0.0001  Min: 0.0  Max: 1e+100  Default: 0.0001
Changed value of parameter TimeLimit to 1800.0
   Prev: 1e+100  Min: 0.0  Max: 1e+100  Default: 1e+100
Changed value of parameter Method to 2
   Prev: -1  Min: -1  Max: 4  Default: -1
Changed value of parameter MIPFocus to 1
   Prev: 0  Min: 0  Max: 3  Default: 0
Optimize a model with 2430 rows, 7455 columns and 14910 nonzeros
Coefficient statistics:
  Matrix range    [1e+00, 4e+01]
  Objective range [5e+00, 8e+01]
  Bounds range    [1e+00, 1e+00]
  RHS range       [8e+01, 8e+01]
Found heuristic solution: objective 0
Presolve removed 83 rows and 260 columns
Presolve time: 0.05s
Presolved: 2347 rows, 7195 columns, 14390 nonzeros
Variable types: 0 continuous, 7195 integer (7195 binary)
Optimize a model with 2347 rows, 7195 columns and 14390 nonzeros
Coefficient statistics:
  Matrix range    [1e+00, 4e+01]
  Objective range [5e+00, 8e+01]
  Bounds range    [1e+00, 1e+00]
  RHS range       [1e+00, 8e+01]
Presolved: 2347 rows, 7195 columns, 14390 nonzeros

Root barrier log...

Ordering time: 0.00s

Barrier statistics:
 AA' NZ     : 7.195e+03
 Factor NZ  : 4.041e+04 (roughly 4 MBytes of memory)
 Factor Ops : 3.195e+06 (less than 1 second per iteration)
 Threads    : 1

                  Objective                Residual
Iter       Primal          Dual         Primal    Dual     Compl     Time
   0  -6.84212245e+04 -3.51525021e+05  1.66e+01 1.72e+01  1.18e+02     0s
   1  -2.47063632e+04 -2.24290140e+05  2.60e+00 4.97e-14  2.34e+01     0s
   2  -1.85455034e+04 -6.58328548e+04  2.16e-01 3.20e-14  3.50e+00     0s
   3  -1.84523846e+04 -2.35942143e+04  1.08e-02 1.42e-13  3.54e-01     0s
   4  -1.88424698e+04 -1.99308207e+04  3.20e-03 9.95e-14  7.51e-02     0s
   5  -1.89739154e+04 -1.95115184e+04  1.62e-03 7.11e-14  3.71e-02     0s
   6  -1.90247275e+04 -1.93634035e+04  1.04e-03 4.26e-14  2.34e-02     0s
   7  -1.90781811e+04 -1.92635800e+04  4.22e-04 2.84e-14  1.27e-02     0s
   8  -1.91089293e+04 -1.91796825e+04  1.19e-04 2.84e-14  4.84e-03     0s
   9  -1.91196891e+04 -1.91445091e+04  4.02e-05 1.42e-14  1.70e-03     0s
  10  -1.91244124e+04 -1.91389542e+04  9.66e-06 1.42e-14  9.90e-04     0s
  11  -1.91245277e+04 -1.91312258e+04  8.77e-06 1.42e-14  4.58e-04     0s
  12  -1.91260232e+04 -1.91264584e+04  1.24e-07 1.70e-14  2.96e-05     0s
  13  -1.91261266e+04 -1.91261279e+04  3.38e-10 2.84e-14  9.20e-08     0s
  14  -1.91261269e+04 -1.91261269e+04  1.66e-12 2.84e-14  9.20e-11     0s

Barrier solved model in 14 iterations and 0.16 seconds
Optimal objective -1.91261269e+04


Root relaxation: objective -1.912613e+04, 4467 iterations, 0.13 seconds

    Nodes    |    Current Node    |     Objective Bounds      |     Work
 Expl Unexpl |  Obj  Depth IntInf | Incumbent    BestBd   Gap | It/Node Time

     0     0 -19126.127    0  330    0.00000 -19126.127      -     -    0s
H    0     0                    -16539.00000 -19126.127  15.6%     -    0s
H    0     0                    -16757.00000 -19126.127  14.1%     -    0s
H    0     0                    -16972.00000 -19126.127  12.7%     -    0s
H    0     0                    -17086.00000 -19126.127  11.9%     -    0s
H    0     0                    -17240.00000 -19126.127  10.9%     -    0s
     0     0 -18373.277    0  376 -17240.000 -18373.277  6.57%     -    0s
     0     0 -18305.837    0  364 -17240.000 -18305.837  6.18%     -    0s
     0     0 -18120.961    0  314 -17240.000 -18120.961  5.11%     -    0s
H    0     0                    -17363.00000 -18120.961  4.37%     -    0s
     0     0 -18061.684    0  332 -17363.000 -18061.684  4.02%     -    0s
     0     0 -18060.368    0  369 -17363.000 -18060.368  4.02%     -    0s
H    0     0                    -17682.00000 -18060.368  2.14%     -    0s
H    0     0                    -17773.00000 -18060.368  1.62%     -    1s
     0     0 -18060.368    0  376 -17773.000 -18060.368  1.62%     -    1s
     0     0 -18059.970    0  378 -17773.000 -18059.970  1.61%     -    1s
H    0     0                    -17786.00000 -18059.970  1.54%     -    1s
     0     0 -18059.421    0  395 -17786.000 -18059.421  1.54%     -    1s
     0     0 -18059.421    0  199 -17786.000 -18059.421  1.54%     -    1s
H    0     0                    -17872.00000 -18059.421  1.05%     -    1s
     0     2 -18059.421    0  189 -17872.000 -18059.421  1.05%     -    2s
H   36    41                    -17895.00000 -18058.029  0.91%  51.1    2s
H   37    42                    -17900.00000 -18058.029  0.88%  50.0    2s

Cutting planes:
  Gomory: 20
  Cover: 222
  Clique: 5
  MIR: 79

Explored 44 nodes (13356 simplex iterations) in 2.54 seconds
Thread count was 16 (of 16 available processors)

Optimal solution found (tolerance 1.00e-02)
Best objective -1.790000000000e+04, best bound -1.805800000000e+04, gap 0.8827%
Changed value of parameter MIPGap to 0.01
   Prev: 0.0001  Min: 0.0  Max: 1e+100  Default: 0.0001
Changed value of parameter TimeLimit to 1800.0
   Prev: 1e+100  Min: 0.0  Max: 1e+100  Default: 1e+100
Changed value of parameter Method to 2
   Prev: -1  Min: -1  Max: 4  Default: -1
Changed value of parameter MIPFocus to 1
   Prev: 0  Min: 0  Max: 3  Default: 0
Optimize a model with 2430 rows, 7455 columns and 14910 nonzeros
Coefficient statistics:
  Matrix range    [1e+00, 4e+01]
  Objective range [6e+00, 1e+02]
  Bounds range    [1e+00, 1e+00]
  RHS range       [8e+01, 8e+01]
Found heuristic solution: objective 0
Presolve removed 83 rows and 260 columns
Presolve time: 0.05s
Presolved: 2347 rows, 7195 columns, 14390 nonzeros
Variable types: 0 continuous, 7195 integer (7195 binary)
Optimize a model with 2347 rows, 7195 columns and 14390 nonzeros
Coefficient statistics:
  Matrix range    [1e+00, 4e+01]
  Objective range [6e+00, 1e+02]
  Bounds range    [1e+00, 1e+00]
  RHS range       [1e+00, 8e+01]
Presolved: 2347 rows, 7195 columns, 14390 nonzeros

Root barrier log...

Ordering time: 0.00s

Barrier statistics:
 AA' NZ     : 7.195e+03
 Factor NZ  : 4.041e+04 (roughly 4 MBytes of memory)
 Factor Ops : 3.195e+06 (less than 1 second per iteration)
 Threads    : 1

                  Objective                Residual
Iter       Primal          Dual         Primal    Dual     Compl     Time
   0  -8.46844840e+04 -4.38301109e+05  1.66e+01 2.15e+01  1.47e+02     0s
   1  -3.05641369e+04 -2.79593124e+05  2.60e+00 5.68e-14  2.92e+01     0s
   2  -2.29474369e+04 -8.19069308e+04  2.16e-01 4.26e-14  4.36e+00     0s
   3  -2.28390479e+04 -2.92143330e+04  1.15e-02 8.53e-14  4.39e-01     0s
   4  -2.33178035e+04 -2.48105712e+04  3.53e-03 7.11e-14  1.03e-01     0s
   5  -2.35193401e+04 -2.42593804e+04  1.48e-03 2.84e-14  5.09e-02     0s
   6  -2.35801572e+04 -2.40257470e+04  9.05e-04 2.84e-14  3.06e-02     0s
   7  -2.36259247e+04 -2.38791724e+04  4.87e-04 2.84e-14  1.74e-02     0s
   8  -2.36674241e+04 -2.37297847e+04  1.44e-04 4.26e-14  4.30e-03     0s
   9  -2.36709078e+04 -2.37093559e+04  1.18e-04 2.84e-14  2.66e-03     0s
  10  -2.36769558e+04 -2.36925301e+04  7.59e-05 5.68e-14  1.09e-03     0s
  11  -2.36831270e+04 -2.36888004e+04  3.37e-05 2.84e-14  4.00e-04     0s
  12  -2.36868758e+04 -2.36881333e+04  5.35e-06 1.42e-14  8.78e-05     0s
  13  -2.36877539e+04 -2.36880625e+04  9.39e-07 1.79e-14  2.14e-05     0s
  14  -2.36879024e+04 -2.36879609e+04  2.30e-07 2.84e-14  4.08e-06     0s
  15  -2.36879526e+04 -2.36879527e+04  4.16e-12 2.84e-14  4.86e-09     0s

Barrier solved model in 15 iterations and 0.16 seconds
Optimal objective -2.36879526e+04


Root relaxation: objective -2.368795e+04, 4662 iterations, 0.14 seconds

    Nodes    |    Current Node    |     Objective Bounds      |     Work
 Expl Unexpl |  Obj  Depth IntInf | Incumbent    BestBd   Gap | It/Node Time

     0     0 -23687.953    0  298    0.00000 -23687.953      -     -    0s
H    0     0                    -19953.00000 -23687.953  18.7%     -    0s
H    0     0                    -20196.00000 -23687.953  17.3%     -    0s
H    0     0                    -20232.00000 -23687.953  17.1%     -    0s
H    0     0                    -20525.00000 -23687.953  15.4%     -    0s
H    0     0                    -20575.00000 -23687.953  15.1%     -    0s
     0     0 -22664.988    0  362 -20575.000 -22664.988  10.2%     -    0s
H    0     0                    -20996.00000 -22664.988  7.95%     -    0s
     0     0 -22650.914    0  373 -20996.000 -22650.914  7.88%     -    0s
     0     0 -22385.842    0  316 -20996.000 -22385.842  6.62%     -    0s
H    0     0                    -21722.00000 -22385.842  3.06%     -    0s
H    0     0                    -21925.00000 -22385.842  2.10%     -    0s
     0     0 -22343.964    0  313 -21925.000 -22343.964  1.91%     -    0s
     0     0 -22343.964    0  339 -21925.000 -22343.964  1.91%     -    0s
H    0     0                    -21997.00000 -22343.964  1.58%     -    0s
H    0     0                    -22077.00000 -22343.964  1.21%     -    1s
     0     0 -22342.734    0  330 -22077.000 -22342.734  1.20%     -    1s
     0     0 -22342.734    0  355 -22077.000 -22342.734  1.20%     -    1s
H    0     0                    -22130.00000 -22342.734  0.96%     -    1s

Cutting planes:
  Gomory: 8
  Cover: 203
  Clique: 5
  MIR: 65

Explored 0 nodes (9256 simplex iterations) in 1.36 seconds
Thread count was 16 (of 16 available processors)

Optimal solution found (tolerance 1.00e-02)
Best objective -2.213000000000e+04, best bound -2.234200000000e+04, gap 0.9580%
Changed value of parameter MIPGap to 0.01
   Prev: 0.0001  Min: 0.0  Max: 1e+100  Default: 0.0001
Changed value of parameter TimeLimit to 1800.0
   Prev: 1e+100  Min: 0.0  Max: 1e+100  Default: 1e+100
Changed value of parameter Method to 2
   Prev: -1  Min: -1  Max: 4  Default: -1
Changed value of parameter MIPFocus to 1
   Prev: 0  Min: 0  Max: 3  Default: 0
Optimize a model with 2430 rows, 7455 columns and 14910 nonzeros
Coefficient statistics:
  Matrix range    [1e+00, 4e+01]
  Objective range [1e+01, 2e+02]
  Bounds range    [1e+00, 1e+00]
  RHS range       [8e+01, 8e+01]
Found heuristic solution: objective 0
Presolve removed 83 rows and 260 columns
Presolve time: 0.05s
Presolved: 2347 rows, 7195 columns, 14390 nonzeros
Variable types: 0 continuous, 7195 integer (7195 binary)
Optimize a model with 2347 rows, 7195 columns and 14390 nonzeros
Coefficient statistics:
  Matrix range    [1e+00, 4e+01]
  Objective range [1e+01, 2e+02]
  Bounds range    [1e+00, 1e+00]
  RHS range       [1e+00, 8e+01]
Presolved: 2347 rows, 7195 columns, 14390 nonzeros

Root barrier log...

Ordering time: 0.00s

Barrier statistics:
 AA' NZ     : 7.195e+03
 Factor NZ  : 4.041e+04 (roughly 4 MBytes of memory)
 Factor Ops : 3.195e+06 (less than 1 second per iteration)
 Threads    : 1

                  Objective                Residual
Iter       Primal          Dual         Primal    Dual     Compl     Time
   0  -1.66000771e+05 -8.72181550e+05  1.66e+01 4.28e+01  2.92e+02     0s
   1  -5.98543584e+04 -5.56108448e+05  2.60e+00 1.14e-13  5.81e+01     0s
   2  -4.49595190e+04 -1.62277323e+05  2.14e-01 5.68e-14  8.67e+00     0s
   3  -4.47773790e+04 -5.73161534e+04  1.29e-02 5.40e-13  8.65e-01     0s
   4  -4.57369523e+04 -4.92700530e+04  3.96e-03 8.53e-14  2.43e-01     0s
   5  -4.61617534e+04 -4.80019666e+04  1.59e-03 8.53e-14  1.26e-01     0s
   6  -4.63102025e+04 -4.72299616e+04  8.62e-04 5.68e-14  6.32e-02     0s
   7  -4.64187549e+04 -4.68936825e+04  3.63e-04 4.24e-14  3.26e-02     0s
   8  -4.64898638e+04 -4.65999430e+04  5.31e-05 5.68e-14  7.52e-03     0s
   9  -4.65022361e+04 -4.65711134e+04  1.71e-05 5.68e-14  4.69e-03     0s
  10  -4.65066501e+04 -4.65266816e+04  7.68e-06 5.68e-14  1.37e-03     0s
  11  -4.65085848e+04 -4.65164602e+04  3.75e-06 5.68e-14  5.39e-04     0s
  12  -4.65098421e+04 -4.65135723e+04  1.14e-06 2.84e-14  2.54e-04     0s
  13  -4.65104583e+04 -4.65108246e+04  9.37e-09 5.68e-14  2.49e-05     0s
  14  -4.65104773e+04 -4.65104776e+04  3.31e-13 5.68e-14  2.51e-08     0s
  15  -4.65104773e+04 -4.65104773e+04  4.48e-13 5.68e-14  2.51e-11     0s

Barrier solved model in 15 iterations and 0.16 seconds
Optimal objective -4.65104773e+04


Root relaxation: objective -4.651048e+04, 4293 iterations, 0.13 seconds

    Nodes    |    Current Node    |     Objective Bounds      |     Work
 Expl Unexpl |  Obj  Depth IntInf | Incumbent    BestBd   Gap | It/Node Time

     0     0 -46510.477    0  275    0.00000 -46510.477      -     -    0s
H    0     0                    -40630.00000 -46510.477  14.5%     -    0s
H    0     0                    -40750.00000 -46510.477  14.1%     -    0s
H    0     0                    -40766.00000 -46510.477  14.1%     -    0s
     0     0 -44375.946    0  333 -40766.000 -44375.946  8.86%     -    0s
     0     0 -44366.563    0  350 -40766.000 -44366.563  8.83%     -    0s
H    0     0                    -41164.00000 -44366.563  7.78%     -    0s
H    0     0                    -41487.00000 -44366.563  6.94%     -    0s
     0     0 -43960.185    0  338 -41487.000 -43960.185  5.96%     -    0s
H    0     0                    -42113.00000 -43960.185  4.39%     -    0s
H    0     0                    -42349.00000 -43960.185  3.80%     -    0s
     0     0 -43819.654    0  354 -42349.000 -43819.654  3.47%     -    0s
     0     0 -43745.566    0  331 -42349.000 -43745.566  3.30%     -    0s
H    0     0                    -43083.00000 -43745.566  1.54%     -    0s
H    0     0                    -43231.00000 -43745.566  1.19%     -    1s
     0     0 -43742.710    0  388 -43231.000 -43742.710  1.18%     -    1s
     0     0 -43742.710    0  395 -43231.000 -43742.710  1.18%     -    1s
H    0     0                    -43345.00000 -43742.710  0.92%     -    1s

Cutting planes:
  Gomory: 9
  Cover: 209
  Clique: 6
  MIR: 56

Explored 0 nodes (9280 simplex iterations) in 1.23 seconds
Thread count was 16 (of 16 available processors)

Optimal solution found (tolerance 1.00e-02)
Best objective -4.334500000000e+04, best bound -4.374200000000e+04, gap 0.9159%
Changed value of parameter MIPGap to 0.01
   Prev: 0.0001  Min: 0.0  Max: 1e+100  Default: 0.0001
Changed value of parameter TimeLimit to 1800.0
   Prev: 1e+100  Min: 0.0  Max: 1e+100  Default: 1e+100
Changed value of parameter Method to 2
   Prev: -1  Min: -1  Max: 4  Default: -1
Changed value of parameter MIPFocus to 1
   Prev: 0  Min: 0  Max: 3  Default: 0
Optimize a model with 2430 rows, 7455 columns and 14910 nonzeros
Coefficient statistics:
  Matrix range    [1e+00, 4e+01]
  Objective range [2e+01, 4e+02]
  Bounds range    [1e+00, 1e+00]
  RHS range       [8e+01, 8e+01]
Found heuristic solution: objective 0
Presolve removed 83 rows and 260 columns
Presolve time: 0.05s
Presolved: 2347 rows, 7195 columns, 14390 nonzeros
Variable types: 0 continuous, 7195 integer (7195 binary)
Optimize a model with 2347 rows, 7195 columns and 14390 nonzeros
Coefficient statistics:
  Matrix range    [1e+00, 4e+01]
  Objective range [2e+01, 4e+02]
  Bounds range    [1e+00, 1e+00]
  RHS range       [1e+00, 8e+01]
Presolved: 2347 rows, 7195 columns, 14390 nonzeros

Root barrier log...

Ordering time: 0.00s

Barrier statistics:
 AA' NZ     : 7.195e+03
 Factor NZ  : 4.041e+04 (roughly 4 MBytes of memory)
 Factor Ops : 3.195e+06 (less than 1 second per iteration)
 Threads    : 1

                  Objective                Residual
Iter       Primal          Dual         Primal    Dual     Compl     Time
   0  -3.28633333e+05 -1.73994243e+06  1.66e+01 8.55e+01  5.84e+02     0s
   1  -1.18436026e+05 -1.10913951e+06  2.60e+00 1.71e-13  1.16e+02     0s
   2  -8.89859902e+04 -3.23018362e+05  2.13e-01 2.27e-13  1.73e+01     0s
   3  -8.86257007e+04 -1.15695637e+05  7.68e-03 1.71e-13  1.85e+00     0s
   4  -9.05833479e+04 -9.81945668e+04  2.24e-03 1.71e-13  5.21e-01     0s
   5  -9.14089902e+04 -9.55947843e+04  9.35e-04 1.14e-13  2.86e-01     0s
   6  -9.17427879e+04 -9.39399430e+04  4.79e-04 1.14e-13  1.50e-01     0s
   7  -9.18865171e+04 -9.28373262e+04  3.03e-04 1.14e-13  6.51e-02     0s
   8  -9.20943573e+04 -9.23120577e+04  5.72e-05 1.14e-13  1.49e-02     0s
   9  -9.21383958e+04 -9.21968436e+04  1.64e-05 5.68e-14  4.00e-03     0s
  10  -9.21505697e+04 -9.21695494e+04  6.54e-06 1.14e-13  1.30e-03     0s
  11  -9.21533843e+04 -9.21611509e+04  4.25e-06 1.14e-13  5.36e-04     0s
  12  -9.21551399e+04 -9.21595327e+04  2.76e-06 1.14e-13  3.04e-04     0s
  13  -9.21578402e+04 -9.21592662e+04  5.63e-07 1.14e-13  9.79e-05     0s
  14  -9.21585715e+04 -9.21585773e+04  2.29e-12 1.14e-13  3.90e-07     0s
  15  -9.21585739e+04 -9.21585739e+04  1.28e-12 1.14e-13  3.90e-10     0s

Barrier solved model in 15 iterations and 0.17 seconds
Optimal objective -9.21585739e+04


Root relaxation: objective -9.215857e+04, 4492 iterations, 0.14 seconds

    Nodes    |    Current Node    |     Objective Bounds      |     Work
 Expl Unexpl |  Obj  Depth IntInf | Incumbent    BestBd   Gap | It/Node Time

     0     0 -92158.574    0  264    0.00000 -92158.574      -     -    0s
H    0     0                    -79581.00000 -92158.574  15.8%     -    0s
H    0     0                    -80987.00000 -92158.574  13.8%     -    0s
H    0     0                    -81045.00000 -92158.574  13.7%     -    0s
H    0     0                    -81181.00000 -92158.574  13.5%     -    0s
     0     0 -87983.570    0  311 -81181.000 -87983.570  8.38%     -    0s
H    0     0                    -81665.00000 -87983.570  7.74%     -    0s
     0     0 -87982.462    0  325 -81665.000 -87982.462  7.74%     -    0s
H    0     0                    -81870.00000 -87982.462  7.47%     -    0s
     0     0 -86750.294    0  320 -81870.000 -86750.294  5.96%     -    0s
H    0     0                    -84043.00000 -86750.294  3.22%     -    0s
H    0     0                    -84834.00000 -86750.294  2.26%     -    0s
     0     0 -86670.823    0  317 -84834.000 -86670.823  2.17%     -    0s
     0     0 -86583.594    0  311 -84834.000 -86583.594  2.06%     -    0s
H    0     0                    -85037.00000 -86583.594  1.82%     -    0s
H    0     0                    -85464.00000 -86583.594  1.31%     -    1s
     0     0 -86525.712    0  323 -85464.000 -86525.712  1.24%     -    1s
     0     0 -86525.712    0  356 -85464.000 -86525.712  1.24%     -    1s
H    0     0                    -85625.00000 -86525.712  1.05%     -    1s
     0     0 -86516.986    0  350 -85625.000 -86516.986  1.04%     -    1s
     0     0 -86516.986    0  189 -85625.000 -86516.986  1.04%     -    1s
H    0     0                    -85688.00000 -86516.986  0.97%     -    1s

Cutting planes:
  Gomory: 10
  Cover: 151
  Clique: 8
  MIR: 27

Explored 0 nodes (12111 simplex iterations) in 1.83 seconds
Thread count was 16 (of 16 available processors)

Optimal solution found (tolerance 1.00e-02)
Best objective -8.568800000000e+04, best bound -8.651600000000e+04, gap 0.9663%
Changed value of parameter MIPGap to 0.01
   Prev: 0.0001  Min: 0.0  Max: 1e+100  Default: 0.0001
Changed value of parameter TimeLimit to 1800.0
   Prev: 1e+100  Min: 0.0  Max: 1e+100  Default: 1e+100
Changed value of parameter Method to 2
   Prev: -1  Min: -1  Max: 4  Default: -1
Changed value of parameter MIPFocus to 1
   Prev: 0  Min: 0  Max: 3  Default: 0
Optimize a model with 2430 rows, 7455 columns and 14910 nonzeros
Coefficient statistics:
  Matrix range    [1e+00, 4e+01]
  Objective range [5e+01, 1e+03]
  Bounds range    [1e+00, 1e+00]
  RHS range       [8e+01, 8e+01]
Found heuristic solution: objective 0
Presolve removed 83 rows and 260 columns
Presolve time: 0.05s
Presolved: 2347 rows, 7195 columns, 14390 nonzeros
Variable types: 0 continuous, 7195 integer (7195 binary)
Optimize a model with 2347 rows, 7195 columns and 14390 nonzeros
Coefficient statistics:
  Matrix range    [1e+00, 4e+01]
  Objective range [5e+01, 1e+03]
  Bounds range    [1e+00, 1e+00]
  RHS range       [1e+00, 8e+01]
Presolved: 2347 rows, 7195 columns, 14390 nonzeros

Root barrier log...

Ordering time: 0.00s

Barrier statistics:
 AA' NZ     : 7.195e+03
 Factor NZ  : 4.041e+04 (roughly 4 MBytes of memory)
 Factor Ops : 3.195e+06 (less than 1 second per iteration)
 Threads    : 1

                  Objective                Residual
Iter       Primal          Dual         Primal    Dual     Compl     Time
   0  -8.16531011e+05 -4.34322507e+06  1.66e+01 2.13e+02  1.46e+03     0s
   1  -2.94182014e+05 -2.76823301e+06  2.60e+00 5.12e-13  2.90e+02     0s
   2  -2.21067316e+05 -8.05241698e+05  2.13e-01 2.84e-13  4.31e+01     0s
   3  -2.20226080e+05 -2.87513981e+05  8.06e-03 5.68e-13  4.61e+00     0s
   4  -2.25093259e+05 -2.45195036e+05  2.41e-03 2.27e-13  1.38e+00     0s
   5  -2.27198525e+05 -2.38276037e+05  1.02e-03 3.41e-13  7.56e-01     0s
   6  -2.28112205e+05 -2.34055844e+05  4.91e-04 2.35e-13  4.06e-01     0s
   7  -2.28716826e+05 -2.30632115e+05  1.78e-04 2.27e-13  1.31e-01     0s
   8  -2.28996741e+05 -2.29290455e+05  3.90e-05 2.27e-13  2.01e-02     0s
   9  -2.29077957e+05 -2.29127969e+05  8.92e-06 2.27e-13  3.44e-03     0s
  10  -2.29094026e+05 -2.29106002e+05  3.22e-06 2.27e-13  8.29e-04     0s
  11  -2.29102655e+05 -2.29103629e+05  1.22e-09 2.27e-13  6.61e-05     0s
  12  -2.29102863e+05 -2.29102865e+05  9.19e-13 2.27e-13  9.93e-08     0s
  13  -2.29102864e+05 -2.29102864e+05  1.75e-12 3.41e-13  1.51e-13     0s

Barrier solved model in 13 iterations and 0.15 seconds
Optimal objective -2.29102864e+05


Root relaxation: objective -2.291029e+05, 4153 iterations, 0.12 seconds

    Nodes    |    Current Node    |     Objective Bounds      |     Work
 Expl Unexpl |  Obj  Depth IntInf | Incumbent    BestBd   Gap | It/Node Time

     0     0 -229102.86    0  288    0.00000 -229102.86      -     -    0s
H    0     0                    -196411.0000 -229102.86  16.6%     -    0s
H    0     0                    -200065.0000 -229102.86  14.5%     -    0s
H    0     0                    -202159.0000 -229102.86  13.3%     -    0s
     0     0 -217005.53    0  342 -202159.00 -217005.53  7.34%     -    0s
H    0     0                    -206541.0000 -217005.53  5.07%     -    0s
H    0     0                    -208645.0000 -217005.53  4.01%     -    0s
     0     0 -217001.57    0  357 -208645.00 -217001.57  4.01%     -    0s
     0     0 -214974.03    0  364 -208645.00 -214974.03  3.03%     -    0s
H    0     0                    -210276.0000 -214974.03  2.23%     -    0s
H    0     0                    -212638.0000 -214974.03  1.10%     -    0s
     0     0 -214858.97    0  361 -212638.00 -214858.97  1.04%     -    0s
     0     0 -214858.97    0  330 -212638.00 -214858.97  1.04%     -    0s
H    0     0                    -212740.0000 -214858.97  1.00%     -    1s

Cutting planes:
  Gomory: 4
  Cover: 204
  Clique: 5
  MIR: 54

Explored 0 nodes (8009 simplex iterations) in 1.06 seconds
Thread count was 16 (of 16 available processors)

Optimal solution found (tolerance 1.00e-02)
Best objective -2.127400000000e+05, best bound -2.148580000000e+05, gap 0.9956%
Changed value of parameter MIPGap to 0.01
   Prev: 0.0001  Min: 0.0  Max: 1e+100  Default: 0.0001
Changed value of parameter TimeLimit to 1800.0
   Prev: 1e+100  Min: 0.0  Max: 1e+100  Default: 1e+100
Changed value of parameter Method to 2
   Prev: -1  Min: -1  Max: 4  Default: -1
Changed value of parameter MIPFocus to 1
   Prev: 0  Min: 0  Max: 3  Default: 0
Optimize a model with 2430 rows, 7455 columns and 14910 nonzeros
Coefficient statistics:
  Matrix range    [1e+00, 4e+01]
  Objective range [5e+02, 1e+04]
  Bounds range    [1e+00, 1e+00]
  RHS range       [8e+01, 8e+01]
Found heuristic solution: objective 0
Presolve removed 83 rows and 260 columns
Presolve time: 0.05s
Presolved: 2347 rows, 7195 columns, 14390 nonzeros
Variable types: 0 continuous, 7195 integer (7195 binary)
Optimize a model with 2347 rows, 7195 columns and 14390 nonzeros
Coefficient statistics:
  Matrix range    [1e+00, 4e+01]
  Objective range [5e+02, 1e+04]
  Bounds range    [1e+00, 1e+00]
  RHS range       [1e+00, 8e+01]
Presolved: 2347 rows, 7195 columns, 14390 nonzeros

Root barrier log...

Ordering time: 0.00s

Barrier statistics:
 AA' NZ     : 7.195e+03
 Factor NZ  : 4.041e+04 (roughly 4 MBytes of memory)
 Factor Ops : 3.195e+06 (less than 1 second per iteration)
 Threads    : 1

                  Objective                Residual
Iter       Primal          Dual         Primal    Dual     Compl     Time
   0  -8.13499615e+06 -4.33924647e+07  1.66e+01 2.13e+03  1.46e+04     0s
   1  -2.93037542e+06 -2.76546368e+07  2.60e+00 5.46e-12  2.89e+03     0s
   2  -2.20229436e+06 -8.03859050e+06  2.12e-01 3.64e-12  4.31e+02     0s
   3  -2.19424796e+06 -2.86466766e+06  8.28e-03 5.46e-12  4.60e+01     0s
   4  -2.24276763e+06 -2.44747311e+06  2.51e-03 5.46e-12  1.40e+01     0s
   5  -2.26296826e+06 -2.37247482e+06  1.09e-03 5.46e-12  7.48e+00     0s
   6  -2.27165539e+06 -2.33334921e+06  5.84e-04 1.83e-12  4.21e+00     0s
   7  -2.27774402e+06 -2.29957954e+06  2.68e-04 3.64e-12  1.49e+00     0s
   8  -2.28197154e+06 -2.28814901e+06  5.26e-05 1.82e-12  4.22e-01     0s
   9  -2.28266333e+06 -2.28399497e+06  2.08e-05 3.64e-12  9.14e-02     0s
  10  -2.28312552e+06 -2.28344977e+06  4.80e-06 1.82e-12  2.22e-02     0s
  11  -2.28321004e+06 -2.28329214e+06  1.97e-06 1.82e-12  5.67e-03     0s
  12  -2.28326577e+06 -2.28326853e+06  3.67e-09 1.82e-12  1.88e-04     0s
  13  -2.28326721e+06 -2.28326721e+06  6.36e-12 1.82e-12  2.18e-07     0s
  14  -2.28326721e+06 -2.28326721e+06  2.61e-11 3.64e-12  2.18e-10     0s

Barrier solved model in 14 iterations and 0.16 seconds
Optimal objective -2.28326721e+06


Root relaxation: objective -2.283267e+06, 4225 iterations, 0.13 seconds

    Nodes    |    Current Node    |     Objective Bounds      |     Work
 Expl Unexpl |  Obj  Depth IntInf | Incumbent    BestBd   Gap | It/Node Time

     0     0 -2283267.2    0  290    0.00000 -2283267.2      -     -    0s
H    0     0                    -1912964.000 -2283267.2  19.4%     -    0s
H    0     0                    -1977465.000 -2283267.2  15.5%     -    0s
H    0     0                    -1982465.000 -2283267.2  15.2%     -    0s
H    0     0                    -1987462.000 -2283267.2  14.9%     -    0s
     0     0 -2181609.3    0  307 -1987462.0 -2181609.3  9.77%     -    0s
H    0     0                    -2040963.000 -2181609.3  6.89%     -    0s
     0     0 -2179205.2    0  323 -2040963.0 -2179205.2  6.77%     -    0s
     0     0 -2148455.1    0  303 -2040963.0 -2148455.1  5.27%     -    0s
H    0     0                    -2058465.000 -2148455.1  4.37%     -    0s
     0     0 -2141730.3    0  288 -2058465.0 -2141730.3  4.05%     -    0s
     0     0 -2141512.5    0  304 -2058465.0 -2141512.5  4.03%     -    0s
H    0     0                    -2085963.000 -2141512.5  2.66%     -    0s
     0     0 -2140317.8    0  344 -2085963.0 -2140317.8  2.61%     -    0s
     0     0 -2140317.8    0  333 -2085963.0 -2140317.8  2.61%     -    1s
H    0     0                    -2110923.000 -2140317.8  1.39%     -    1s
H    0     0                    -2113929.000 -2140317.8  1.25%     -    1s
     0     0 -2140317.8    0  338 -2113929.0 -2140317.8  1.25%     -    1s
     0     0 -2140317.8    0  174 -2113929.0 -2140317.8  1.25%     -    1s
H    0     0                    -2117923.000 -2140317.8  1.06%     -    1s
H    0     0                    -2119419.000 -2140317.8  0.99%     -    1s

Cutting planes:
  Gomory: 6
  Cover: 165
  Clique: 2
  MIR: 24

Explored 0 nodes (11916 simplex iterations) in 1.46 seconds
Thread count was 16 (of 16 available processors)

Optimal solution found (tolerance 1.00e-02)
Best objective -2.119419000000e+06, best bound -2.140317000000e+06, gap 0.9860%
