Changed value of parameter MIPGap to 0.01
   Prev: 0.0001  Min: 0.0  Max: 1e+100  Default: 0.0001
Changed value of parameter TimeLimit to 1800.0
   Prev: 1e+100  Min: 0.0  Max: 1e+100  Default: 1e+100
Changed value of parameter Method to 2
   Prev: -1  Min: -1  Max: 4  Default: -1
Changed value of parameter MIPFocus to 1
   Prev: 0  Min: 0  Max: 3  Default: 0
Optimize a model with 2328 rows, 7098 columns and 14196 nonzeros
Coefficient statistics:
  Matrix range    [1e+00, 4e+01]
  Objective range [1e+00, 1e+00]
  Bounds range    [1e+00, 1e+00]
  RHS range       [8e+01, 8e+01]
Found heuristic solution: objective 0
Presolve removed 89 rows and 306 columns
Presolve time: 0.09s
Presolved: 2239 rows, 6792 columns, 13584 nonzeros
Found heuristic solution: objective -937.0000000
Variable types: 0 continuous, 6792 integer (6792 binary)
Optimize a model with 2239 rows, 6792 columns and 13584 nonzeros
Coefficient statistics:
  Matrix range    [1e+00, 4e+01]
  Objective range [1e+00, 1e+00]
  Bounds range    [1e+00, 1e+00]
  RHS range       [1e+00, 8e+01]
Presolved: 2239 rows, 6792 columns, 13584 nonzeros

Root barrier log...

Ordering time: 0.00s

Barrier statistics:
 AA' NZ     : 6.792e+03
 Factor NZ  : 3.935e+04 (roughly 4 MBytes of memory)
 Factor Ops : 3.150e+06 (less than 1 second per iteration)
 Threads    : 1

                  Objective                Residual
Iter       Primal          Dual         Primal    Dual     Compl     Time
   0  -3.14596280e+03 -5.28928410e+03  1.46e+01 2.48e-01  1.58e+00     0s
   1  -1.33932391e+03 -3.62810111e+03  2.40e+00 6.66e-16  3.20e-01     0s
   2  -1.00537732e+03 -1.43926066e+03  2.26e-01 8.88e-16  3.77e-02     0s
   3  -9.81111120e+02 -1.01302628e+03  1.97e-02 6.66e-16  2.69e-03     0s
   4  -9.80556385e+02 -9.82467583e+02  8.17e-04 8.88e-16  1.55e-04     0s
   5  -9.80608601e+02 -9.80651924e+02  5.58e-06 5.77e-15  3.23e-06     0s
   6  -9.80609756e+02 -9.80609756e+02  1.56e-11 3.02e-16  1.80e-11     0s

Barrier solved model in 6 iterations and 0.23 seconds
Optimal objective -9.80609756e+02


Root relaxation: objective -9.806098e+02, 5051 iterations, 0.16 seconds

    Nodes    |    Current Node    |     Objective Bounds      |     Work
 Expl Unexpl |  Obj  Depth IntInf | Incumbent    BestBd   Gap | It/Node Time

     0     0 -980.60976    0  137 -937.00000 -980.60976  4.65%     -    0s
H    0     0                    -956.0000000 -980.60976  2.57%     -    0s
H    0     0                    -958.0000000 -980.60976  2.36%     -    0s
H    0     0                    -965.0000000 -980.60976  1.62%     -    0s
     0     0 -980.35815    0  205 -965.00000 -980.35815  1.59%     -    0s
H    0     0                    -968.0000000 -980.35815  1.28%     -    0s
     0     0 -977.97116    0  195 -968.00000 -977.97116  1.03%     -    0s
     0     0 -976.25470    0  132 -968.00000 -976.25470  0.85%     -    0s

Cutting planes:
  Gomory: 27
  Cover: 100
  Clique: 1
  MIR: 47

Explored 0 nodes (8309 simplex iterations) in 0.61 seconds
Thread count was 16 (of 16 available processors)

Optimal solution found (tolerance 1.00e-02)
Best objective -9.680000000000e+02, best bound -9.760000000000e+02, gap 0.8264%
Changed value of parameter MIPGap to 0.01
   Prev: 0.0001  Min: 0.0  Max: 1e+100  Default: 0.0001
Changed value of parameter TimeLimit to 1800.0
   Prev: 1e+100  Min: 0.0  Max: 1e+100  Default: 1e+100
Changed value of parameter Method to 2
   Prev: -1  Min: -1  Max: 4  Default: -1
Changed value of parameter MIPFocus to 1
   Prev: 0  Min: 0  Max: 3  Default: 0
Optimize a model with 2328 rows, 7098 columns and 14196 nonzeros
Coefficient statistics:
  Matrix range    [1e+00, 4e+01]
  Objective range [1e+00, 1e+00]
  Bounds range    [1e+00, 1e+00]
  RHS range       [8e+01, 8e+01]
Found heuristic solution: objective 0
Presolve removed 89 rows and 306 columns
Presolve time: 0.04s
Presolved: 2239 rows, 6792 columns, 13584 nonzeros
Found heuristic solution: objective -938.7655000
Variable types: 0 continuous, 6792 integer (6792 binary)
Optimize a model with 2239 rows, 6792 columns and 13584 nonzeros
Coefficient statistics:
  Matrix range    [1e+00, 4e+01]
  Objective range [1e+00, 1e+00]
  Bounds range    [1e+00, 1e+00]
  RHS range       [1e+00, 8e+01]
Presolved: 2239 rows, 6792 columns, 13584 nonzeros

Root barrier log...

Ordering time: 0.00s

Barrier statistics:
 AA' NZ     : 6.792e+03
 Factor NZ  : 3.935e+04 (roughly 4 MBytes of memory)
 Factor Ops : 3.150e+06 (less than 1 second per iteration)
 Threads    : 1

                  Objective                Residual
Iter       Primal          Dual         Primal    Dual     Compl     Time
   0  -3.15281109e+03 -5.29334953e+03  1.46e+01 2.48e-01  1.58e+00     0s
   1  -1.34350923e+03 -3.63130670e+03  2.41e+00 6.66e-16  3.21e-01     0s
   2  -1.00815516e+03 -1.44393509e+03  2.30e-01 6.66e-16  3.80e-02     0s
   3  -9.83157517e+02 -1.01497530e+03  2.01e-02 6.66e-16  2.69e-03     0s
   4  -9.82549900e+02 -9.84476999e+02  8.37e-04 2.22e-15  1.56e-04     0s
   5  -9.82603676e+02 -9.82649274e+02  5.88e-06 7.33e-15  3.40e-06     0s
   6  -9.82604854e+02 -9.82604854e+02  1.54e-11 4.44e-16  1.82e-11     0s

Barrier solved model in 6 iterations and 0.10 seconds
Optimal objective -9.82604854e+02


Root relaxation: objective -9.826049e+02, 5034 iterations, 0.07 seconds

    Nodes    |    Current Node    |     Objective Bounds      |     Work
 Expl Unexpl |  Obj  Depth IntInf | Incumbent    BestBd   Gap | It/Node Time

     0     0 -982.60485    0  136 -938.76550 -982.60485  4.67%     -    0s
H    0     0                    -958.7830000 -982.60485  2.48%     -    0s
H    0     0                    -960.7970000 -982.60485  2.27%     -    0s
H    0     0                    -960.8185000 -982.60485  2.27%     -    0s
H    0     0                    -962.8265000 -982.60485  2.05%     -    0s
     0     0 -981.15144    0  197 -962.82650 -981.15144  1.90%     -    0s
H    0     0                    -967.8825000 -981.15144  1.37%     -    0s
     0     0 -977.66388    0  205 -967.88250 -977.66388  1.01%     -    0s
     0     0 -977.37175    0  144 -967.88250 -977.37175  0.98%     -    0s

Cutting planes:
  Gomory: 20
  Cover: 100
  Clique: 1
  MIR: 39

Explored 0 nodes (7936 simplex iterations) in 0.40 seconds
Thread count was 16 (of 16 available processors)

Optimal solution found (tolerance 1.00e-02)
Best objective -9.678825000000e+02, best bound -9.773717465946e+02, gap 0.9804%
Changed value of parameter MIPGap to 0.01
   Prev: 0.0001  Min: 0.0  Max: 1e+100  Default: 0.0001
Changed value of parameter TimeLimit to 1800.0
   Prev: 1e+100  Min: 0.0  Max: 1e+100  Default: 1e+100
Changed value of parameter Method to 2
   Prev: -1  Min: -1  Max: 4  Default: -1
Changed value of parameter MIPFocus to 1
   Prev: 0  Min: 0  Max: 3  Default: 0
Optimize a model with 2328 rows, 7098 columns and 14196 nonzeros
Coefficient statistics:
  Matrix range    [1e+00, 4e+01]
  Objective range [1e+00, 1e+00]
  Bounds range    [1e+00, 1e+00]
  RHS range       [8e+01, 8e+01]
Found heuristic solution: objective 0
Presolve removed 89 rows and 306 columns
Presolve time: 0.04s
Presolved: 2239 rows, 6792 columns, 13584 nonzeros
Found heuristic solution: objective -940.5310000
Variable types: 0 continuous, 6792 integer (6792 binary)
Optimize a model with 2239 rows, 6792 columns and 13584 nonzeros
Coefficient statistics:
  Matrix range    [1e+00, 4e+01]
  Objective range [1e+00, 1e+00]
  Bounds range    [1e+00, 1e+00]
  RHS range       [1e+00, 8e+01]
Presolved: 2239 rows, 6792 columns, 13584 nonzeros

Root barrier log...

Ordering time: 0.00s

Barrier statistics:
 AA' NZ     : 6.792e+03
 Factor NZ  : 3.935e+04 (roughly 4 MBytes of memory)
 Factor Ops : 3.150e+06 (less than 1 second per iteration)
 Threads    : 1

                  Objective                Residual
Iter       Primal          Dual         Primal    Dual     Compl     Time
   0  -3.15965932e+03 -5.29741496e+03  1.46e+01 2.48e-01  1.58e+00     0s
   1  -1.34769457e+03 -3.63451357e+03  2.42e+00 6.66e-16  3.21e-01     0s
   2  -1.01092689e+03 -1.44859776e+03  2.33e-01 8.88e-16  3.83e-02     0s
   3  -9.85202402e+02 -1.01695536e+03  2.04e-02 6.66e-16  2.69e-03     0s
   4  -9.84543172e+02 -9.86486281e+02  8.60e-04 4.44e-16  1.58e-04     0s
   5  -9.84598768e+02 -9.84646881e+02  6.20e-06 2.15e-14  3.59e-06     0s
   6  -9.84599951e+02 -9.84599951e+02  1.31e-11 2.44e-15  1.82e-11     0s

Barrier solved model in 6 iterations and 0.10 seconds
Optimal objective -9.84599951e+02


Root relaxation: objective -9.846000e+02, 5040 iterations, 0.07 seconds

    Nodes    |    Current Node    |     Objective Bounds      |     Work
 Expl Unexpl |  Obj  Depth IntInf | Incumbent    BestBd   Gap | It/Node Time

     0     0 -984.59995    0  142 -940.53100 -984.59995  4.69%     -    0s
H    0     0                    -958.5260000 -984.59995  2.72%     -    0s
H    0     0                    -959.5340000 -984.59995  2.61%     -    0s
H    0     0                    -963.7330000 -984.59995  2.17%     -    0s
H    0     0                    -967.7370000 -984.59995  1.74%     -    0s
     0     0 -984.36417    0  241 -967.73700 -984.36417  1.72%     -    0s
H    0     0                    -971.8290000 -984.36417  1.29%     -    0s
     0     0 -981.31448    0  250 -971.82900 -981.31448  0.98%     -    0s

Cutting planes:
  Gomory: 22
  Cover: 56
  MIR: 31

Explored 0 nodes (7452 simplex iterations) in 0.31 seconds
Thread count was 16 (of 16 available processors)

Optimal solution found (tolerance 1.00e-02)
Best objective -9.718290000000e+02, best bound -9.813144757856e+02, gap 0.9760%
Changed value of parameter MIPGap to 0.01
   Prev: 0.0001  Min: 0.0  Max: 1e+100  Default: 0.0001
Changed value of parameter TimeLimit to 1800.0
   Prev: 1e+100  Min: 0.0  Max: 1e+100  Default: 1e+100
Changed value of parameter Method to 2
   Prev: -1  Min: -1  Max: 4  Default: -1
Changed value of parameter MIPFocus to 1
   Prev: 0  Min: 0  Max: 3  Default: 0
Optimize a model with 2328 rows, 7098 columns and 14196 nonzeros
Coefficient statistics:
  Matrix range    [1e+00, 4e+01]
  Objective range [1e+00, 1e+00]
  Bounds range    [1e+00, 1e+00]
  RHS range       [8e+01, 8e+01]
Found heuristic solution: objective 0
Presolve removed 89 rows and 306 columns
Presolve time: 0.04s
Presolved: 2239 rows, 6792 columns, 13584 nonzeros
Found heuristic solution: objective -944.0620000
Variable types: 0 continuous, 6792 integer (6792 binary)
Optimize a model with 2239 rows, 6792 columns and 13584 nonzeros
Coefficient statistics:
  Matrix range    [1e+00, 4e+01]
  Objective range [1e+00, 1e+00]
  Bounds range    [1e+00, 1e+00]
  RHS range       [1e+00, 8e+01]
Presolved: 2239 rows, 6792 columns, 13584 nonzeros

Root barrier log...

Ordering time: 0.00s

Barrier statistics:
 AA' NZ     : 6.792e+03
 Factor NZ  : 3.935e+04 (roughly 4 MBytes of memory)
 Factor Ops : 3.150e+06 (less than 1 second per iteration)
 Threads    : 1

                  Objective                Residual
Iter       Primal          Dual         Primal    Dual     Compl     Time
   0  -3.17335559e+03 -5.30554581e+03  1.46e+01 2.49e-01  1.58e+00     0s
   1  -1.35606530e+03 -3.64093108e+03  2.44e+00 6.66e-16  3.23e-01     0s
   2  -1.01644344e+03 -1.45788593e+03  2.41e-01 8.88e-16  3.88e-02     0s
   3  -9.89287072e+02 -1.02089481e+03  2.11e-02 6.66e-16  2.70e-03     0s
   4  -9.88531124e+02 -9.90987667e+02  9.16e-04 4.00e-15  1.96e-04     0s
   5  -9.88588588e+02 -9.88658130e+02  1.21e-05 8.88e-16  5.26e-06     0s
   6  -9.88590146e+02 -9.88590147e+02  1.56e-10 4.44e-16  3.32e-11     0s

Barrier solved model in 6 iterations and 0.10 seconds
Optimal objective -9.88590146e+02


Root relaxation: objective -9.885901e+02, 5093 iterations, 0.07 seconds

    Nodes    |    Current Node    |     Objective Bounds      |     Work
 Expl Unexpl |  Obj  Depth IntInf | Incumbent    BestBd   Gap | It/Node Time

     0     0 -988.59015    0  116 -944.06200 -988.59015  4.72%     -    0s
H    0     0                    -968.2920000 -988.59015  2.10%     -    0s
H    0     0                    -969.3700000 -988.59015  1.98%     -    0s
H    0     0                    -971.4020000 -988.59015  1.77%     -    0s
H    0     0                    -971.4260000 -988.59015  1.77%     -    0s
     0     0 -988.35248    0  198 -971.42600 -988.35248  1.74%     -    0s
H    0     0                    -975.5860000 -988.35248  1.31%     -    0s
     0     0 -986.39787    0  201 -975.58600 -986.39787  1.11%     -    0s
     0     0 -985.60152    0  186 -975.58600 -985.60152  1.03%     -    0s
H    0     0                    -976.6980000 -985.60152  0.91%     -    0s

Cutting planes:
  Gomory: 17
  Cover: 71
  MIR: 20

Explored 0 nodes (7860 simplex iterations) in 0.45 seconds
Thread count was 16 (of 16 available processors)

Optimal solution found (tolerance 1.00e-02)
Best objective -9.766980000000e+02, best bound -9.856015245887e+02, gap 0.9116%
Changed value of parameter MIPGap to 0.01
   Prev: 0.0001  Min: 0.0  Max: 1e+100  Default: 0.0001
Changed value of parameter TimeLimit to 1800.0
   Prev: 1e+100  Min: 0.0  Max: 1e+100  Default: 1e+100
Changed value of parameter Method to 2
   Prev: -1  Min: -1  Max: 4  Default: -1
Changed value of parameter MIPFocus to 1
   Prev: 0  Min: 0  Max: 3  Default: 0
Optimize a model with 2328 rows, 7098 columns and 14196 nonzeros
Coefficient statistics:
  Matrix range    [1e+00, 4e+01]
  Objective range [1e+00, 1e+00]
  Bounds range    [1e+00, 1e+00]
  RHS range       [8e+01, 8e+01]
Found heuristic solution: objective 0
Presolve removed 89 rows and 306 columns
Presolve time: 0.04s
Presolved: 2239 rows, 6792 columns, 13584 nonzeros
Found heuristic solution: objective -951.1240000
Variable types: 0 continuous, 6792 integer (6792 binary)
Optimize a model with 2239 rows, 6792 columns and 13584 nonzeros
Coefficient statistics:
  Matrix range    [1e+00, 4e+01]
  Objective range [1e+00, 1e+00]
  Bounds range    [1e+00, 1e+00]
  RHS range       [1e+00, 8e+01]
Presolved: 2239 rows, 6792 columns, 13584 nonzeros

Root barrier log...

Ordering time: 0.00s

Barrier statistics:
 AA' NZ     : 6.792e+03
 Factor NZ  : 3.935e+04 (roughly 4 MBytes of memory)
 Factor Ops : 3.150e+06 (less than 1 second per iteration)
 Threads    : 1

                  Objective                Residual
Iter       Primal          Dual         Primal    Dual     Compl     Time
   0  -3.20074738e+03 -5.32180751e+03  1.46e+01 2.49e-01  1.58e+00     0s
   1  -1.37280249e+03 -3.65379230e+03  2.47e+00 6.66e-16  3.25e-01     0s
   2  -1.02732833e+03 -1.47627832e+03  2.55e-01 8.88e-16  3.99e-02     0s
   3  -9.97431521e+02 -1.02913083e+03  2.22e-02 6.66e-16  2.73e-03     0s
   4  -9.96584549e+02 -9.98207954e+02  3.12e-03 4.44e-15  1.79e-04     0s
   5  -9.96570714e+02 -9.96683087e+02  6.95e-05 8.88e-16  9.47e-06     0s
   6  -9.96570536e+02 -9.96570551e+02  1.23e-09 3.11e-15  1.07e-09     0s
   7  -9.96570537e+02 -9.96570537e+02  7.26e-14 4.44e-16  1.07e-12     0s

Barrier solved model in 7 iterations and 0.10 seconds
Optimal objective -9.96570537e+02


Root relaxation: objective -9.965705e+02, 4548 iterations, 0.07 seconds

    Nodes    |    Current Node    |     Objective Bounds      |     Work
 Expl Unexpl |  Obj  Depth IntInf | Incumbent    BestBd   Gap | It/Node Time

     0     0 -996.57054    0  142 -951.12400 -996.57054  4.78%     -    0s
H    0     0                    -969.1520000 -996.57054  2.83%     -    0s
H    0     0                    -972.3440000 -996.57054  2.49%     -    0s
H    0     0                    -973.4240000 -996.57054  2.38%     -    0s
H    0     0                    -974.5040000 -996.57054  2.26%     -    0s
     0     0 -996.09571    0  214 -974.50400 -996.09571  2.22%     -    0s
H    0     0                    -977.8880000 -996.09571  1.86%     -    0s
H    0     0                    -982.2080000 -996.09571  1.41%     -    0s
     0     0 -994.95090    0  201 -982.20800 -994.95090  1.30%     -    0s
     0     0 -993.31773    0  215 -982.20800 -993.31773  1.13%     -    0s
H    0     0                    -984.5120000 -993.31773  0.89%     -    0s

Cutting planes:
  Gomory: 15
  Cover: 86
  MIR: 28

Explored 0 nodes (7507 simplex iterations) in 0.44 seconds
Thread count was 16 (of 16 available processors)

Optimal solution found (tolerance 1.00e-02)
Best objective -9.845120000000e+02, best bound -9.933177304236e+02, gap 0.8944%
Changed value of parameter MIPGap to 0.01
   Prev: 0.0001  Min: 0.0  Max: 1e+100  Default: 0.0001
Changed value of parameter TimeLimit to 1800.0
   Prev: 1e+100  Min: 0.0  Max: 1e+100  Default: 1e+100
Changed value of parameter Method to 2
   Prev: -1  Min: -1  Max: 4  Default: -1
Changed value of parameter MIPFocus to 1
   Prev: 0  Min: 0  Max: 3  Default: 0
Optimize a model with 2328 rows, 7098 columns and 14196 nonzeros
Coefficient statistics:
  Matrix range    [1e+00, 4e+01]
  Objective range [1e+00, 1e+00]
  Bounds range    [1e+00, 1e+00]
  RHS range       [8e+01, 8e+01]
Found heuristic solution: objective 0
Presolve removed 89 rows and 306 columns
Presolve time: 0.04s
Presolved: 2239 rows, 6792 columns, 13584 nonzeros
Found heuristic solution: objective -954.6550000
Variable types: 0 continuous, 6792 integer (6792 binary)
Optimize a model with 2239 rows, 6792 columns and 13584 nonzeros
Coefficient statistics:
  Matrix range    [1e+00, 4e+01]
  Objective range [1e+00, 1e+00]
  Bounds range    [1e+00, 1e+00]
  RHS range       [1e+00, 8e+01]
Presolved: 2239 rows, 6792 columns, 13584 nonzeros

Root barrier log...

Ordering time: 0.00s

Barrier statistics:
 AA' NZ     : 6.792e+03
 Factor NZ  : 3.935e+04 (roughly 4 MBytes of memory)
 Factor Ops : 3.150e+06 (less than 1 second per iteration)
 Threads    : 1

                  Objective                Residual
Iter       Primal          Dual         Primal    Dual     Compl     Time
   0  -3.21444290e+03 -5.32993837e+03  1.46e+01 2.49e-01  1.58e+00     0s
   1  -1.38116546e+03 -3.66024130e+03  2.49e+00 5.55e-16  3.26e-01     0s
   2  -1.03269996e+03 -1.48536693e+03  2.61e-01 8.88e-16  4.04e-02     0s
   3  -1.00148812e+03 -1.03325735e+03  2.26e-02 6.66e-16  2.75e-03     0s
   4  -1.00075324e+03 -1.00380062e+03  4.74e-03 1.33e-15  3.14e-04     0s
   5  -1.00055748e+03 -1.00084467e+03  1.89e-05 6.66e-16  2.10e-05     0s
   6  -1.00056072e+03 -1.00056086e+03  1.06e-09 1.11e-15  9.86e-09     0s
   7  -1.00056073e+03 -1.00056073e+03  1.92e-14 4.44e-16  9.86e-12     0s

Barrier solved model in 7 iterations and 0.10 seconds
Optimal objective -1.00056073e+03


Root relaxation: objective -1.000561e+03, 4578 iterations, 0.07 seconds

    Nodes    |    Current Node    |     Objective Bounds      |     Work
 Expl Unexpl |  Obj  Depth IntInf | Incumbent    BestBd   Gap | It/Node Time

     0     0 -1000.5607    0  128 -954.65500 -1000.5607  4.81%     -    0s
H    0     0                    -974.7700000 -1000.5607  2.65%     -    0s
H    0     0                    -978.0100000 -1000.5607  2.31%     -    0s
H    0     0                    -979.1700000 -1000.5607  2.18%     -    0s
H    0     0                    -979.2300000 -1000.5607  2.18%     -    0s
     0     0 -1000.3708    0  222 -979.23000 -1000.3708  2.16%     -    0s
H    0     0                    -983.6300000 -1000.3708  1.70%     -    0s
     0     0 -998.52143    0  228 -983.63000 -998.52143  1.51%     -    0s
     0     0 -998.05643    0  188 -983.63000 -998.05643  1.47%     -    0s
H    0     0                    -987.0500000 -998.05643  1.12%     -    0s
     0     0 -996.58515    0  162 -987.05000 -996.58515  0.97%     -    0s

Cutting planes:
  Gomory: 18
  Cover: 90
  Clique: 2
  MIR: 51

Explored 0 nodes (7593 simplex iterations) in 0.45 seconds
Thread count was 16 (of 16 available processors)

Optimal solution found (tolerance 1.00e-02)
Best objective -9.870500000000e+02, best bound -9.965850000000e+02, gap 0.9660%
Changed value of parameter MIPGap to 0.01
   Prev: 0.0001  Min: 0.0  Max: 1e+100  Default: 0.0001
Changed value of parameter TimeLimit to 1800.0
   Prev: 1e+100  Min: 0.0  Max: 1e+100  Default: 1e+100
Changed value of parameter Method to 2
   Prev: -1  Min: -1  Max: 4  Default: -1
Changed value of parameter MIPFocus to 1
   Prev: 0  Min: 0  Max: 3  Default: 0
Optimize a model with 2328 rows, 7098 columns and 14196 nonzeros
Coefficient statistics:
  Matrix range    [1e+00, 4e+01]
  Objective range [1e+00, 1e+00]
  Bounds range    [1e+00, 1e+00]
  RHS range       [8e+01, 8e+01]
Found heuristic solution: objective 0
Presolve removed 89 rows and 306 columns
Presolve time: 0.04s
Presolved: 2239 rows, 6792 columns, 13584 nonzeros
Found heuristic solution: objective -972.3100000
Variable types: 0 continuous, 6792 integer (6792 binary)
Optimize a model with 2239 rows, 6792 columns and 13584 nonzeros
Coefficient statistics:
  Matrix range    [1e+00, 4e+01]
  Objective range [1e+00, 1e+00]
  Bounds range    [1e+00, 1e+00]
  RHS range       [1e+00, 8e+01]
Presolved: 2239 rows, 6792 columns, 13584 nonzeros

Root barrier log...

Ordering time: 0.00s

Barrier statistics:
 AA' NZ     : 6.792e+03
 Factor NZ  : 3.935e+04 (roughly 4 MBytes of memory)
 Factor Ops : 3.150e+06 (less than 1 second per iteration)
 Threads    : 1

                  Objective                Residual
Iter       Primal          Dual         Primal    Dual     Compl     Time
   0  -3.28291687e+03 -5.37059263e+03  1.46e+01 2.50e-01  1.59e+00     0s
   1  -1.42299258e+03 -3.69255973e+03  2.57e+00 6.11e-16  3.32e-01     0s
   2  -1.05935073e+03 -1.62990005e+03  2.91e-01 6.66e-16  5.05e-02     0s
   3  -1.02237484e+03 -1.06698642e+03  2.87e-02 6.66e-16  3.81e-03     0s
   4  -1.02092220e+03 -1.02770329e+03  6.73e-03 8.88e-16  6.24e-04     0s
   5  -1.02051008e+03 -1.02092052e+03  1.26e-04 8.88e-16  3.21e-05     0s
   6  -1.02051170e+03 -1.02051179e+03  1.02e-08 1.33e-15  6.95e-09     0s
   7  -1.02051171e+03 -1.02051171e+03  1.21e-14 4.44e-16  6.95e-12     0s

Barrier solved model in 7 iterations and 0.10 seconds
Optimal objective -1.02051171e+03


Root relaxation: objective -1.020512e+03, 4597 iterations, 0.07 seconds

    Nodes    |    Current Node    |     Objective Bounds      |     Work
 Expl Unexpl |  Obj  Depth IntInf | Incumbent    BestBd   Gap | It/Node Time

     0     0 -1020.5117    0  130 -972.31000 -1020.5117  4.96%     -    0s
H    0     0                    -995.1800000 -1020.5117  2.55%     -    0s
H    0     0                    -997.5800000 -1020.5117  2.30%     -    0s
     0     0 -1019.0483    0  196 -997.58000 -1019.0483  2.15%     -    0s
H    0     0                    -1002.450000 -1019.0483  1.66%     -    0s
H    0     0                    -1004.850000 -1019.0483  1.41%     -    0s
     0     0 -1016.5150    0  189 -1004.8500 -1016.5150  1.16%     -    0s
     0     0 -1015.1180    0  134 -1004.8500 -1015.1180  1.02%     -    0s
H    0     0                    -1008.570000 -1015.1180  0.65%     -    0s

Cutting planes:
  Gomory: 12
  Cover: 81
  MIR: 25

Explored 0 nodes (7181 simplex iterations) in 0.42 seconds
Thread count was 16 (of 16 available processors)

Optimal solution found (tolerance 1.00e-02)
Best objective -1.008570000000e+03, best bound -1.015110000000e+03, gap 0.6484%
Changed value of parameter MIPGap to 0.01
   Prev: 0.0001  Min: 0.0  Max: 1e+100  Default: 0.0001
Changed value of parameter TimeLimit to 1800.0
   Prev: 1e+100  Min: 0.0  Max: 1e+100  Default: 1e+100
Changed value of parameter Method to 2
   Prev: -1  Min: -1  Max: 4  Default: -1
Changed value of parameter MIPFocus to 1
   Prev: 0  Min: 0  Max: 3  Default: 0
Optimize a model with 2328 rows, 7098 columns and 14196 nonzeros
Coefficient statistics:
  Matrix range    [1e+00, 4e+01]
  Objective range [1e+00, 1e+00]
  Bounds range    [1e+00, 1e+00]
  RHS range       [8e+01, 8e+01]
Found heuristic solution: objective 0
Presolve removed 89 rows and 306 columns
Presolve time: 0.05s
Presolved: 2239 rows, 6792 columns, 13584 nonzeros
Found heuristic solution: objective -1007.620000
Variable types: 0 continuous, 6792 integer (6792 binary)
Optimize a model with 2239 rows, 6792 columns and 13584 nonzeros
Coefficient statistics:
  Matrix range    [1e+00, 4e+01]
  Objective range [1e+00, 1e+00]
  Bounds range    [1e+00, 1e+00]
  RHS range       [1e+00, 8e+01]
Presolved: 2239 rows, 6792 columns, 13584 nonzeros

Root barrier log...

Ordering time: 0.00s

Barrier statistics:
 AA' NZ     : 6.792e+03
 Factor NZ  : 3.935e+04 (roughly 4 MBytes of memory)
 Factor Ops : 3.150e+06 (less than 1 second per iteration)
 Threads    : 1

                  Objective                Residual
Iter       Primal          Dual         Primal    Dual     Compl     Time
   0  -3.42036953e+03 -6.02694501e+03  1.46e+01 2.67e-01  1.81e+00     0s
   1  -1.48465211e+03 -4.09802407e+03  2.69e+00 8.88e-16  3.86e-01     0s
   2  -1.09929529e+03 -1.79225311e+03  3.09e-01 6.66e-16  6.09e-02     0s
   3  -1.06094655e+03 -1.11660717e+03  2.64e-02 1.55e-15  4.58e-03     0s
   4  -1.06040344e+03 -1.06144213e+03  1.94e-03 1.11e-15  1.16e-04     0s
   5  -1.06041608e+03 -1.06075391e+03  4.09e-07 8.88e-16  2.43e-05     0s
   6  -1.06042003e+03 -1.06050861e+03  1.04e-07 3.71e-16  6.36e-06     0s
   7  -1.06042228e+03 -1.06043656e+03  4.20e-09 4.44e-16  1.02e-06     0s
   8  -1.06042287e+03 -1.06042328e+03  5.71e-11 6.66e-16  2.95e-08     0s
   9  -1.06042290e+03 -1.06042290e+03  1.91e-13 6.66e-16  2.97e-11     0s

Barrier solved model in 9 iterations and 0.12 seconds
Optimal objective -1.06042290e+03


Root relaxation: objective -1.060423e+03, 4619 iterations, 0.09 seconds

    Nodes    |    Current Node    |     Objective Bounds      |     Work
 Expl Unexpl |  Obj  Depth IntInf | Incumbent    BestBd   Gap | It/Node Time

     0     0 -1060.4229    0  162 -1007.6200 -1060.4229  5.24%     -    0s
H    0     0                    -1028.640000 -1060.4229  3.09%     -    0s
H    0     0                    -1034.160000 -1060.4229  2.54%     -    0s
     0     0 -1060.4221    0  249 -1034.1600 -1060.4221  2.54%     -    0s
H    0     0                    -1043.760000 -1060.4221  1.60%     -    0s
     0     0 -1058.7390    0  223 -1043.7600 -1058.7390  1.44%     -    0s
     0     0 -1057.4372    0  192 -1043.7600 -1057.4372  1.31%     -    0s
     0     0 -1056.8152    0  179 -1043.7600 -1056.8152  1.25%     -    0s
     0     0 -1056.6519    0  200 -1043.7600 -1056.6519  1.24%     -    0s
H    0     0                    -1045.160000 -1056.6519  1.10%     -    0s
     0     0 -1056.3128    0  212 -1045.1600 -1056.3128  1.07%     -    0s
     0     0 -1056.3128    0  202 -1045.1600 -1056.3128  1.07%     -    0s
H    0     0                    -1046.940000 -1056.3128  0.90%     -    0s

Cutting planes:
  Gomory: 13
  Cover: 113
  Clique: 2
  MIR: 41

Explored 0 nodes (7865 simplex iterations) in 0.73 seconds
Thread count was 16 (of 16 available processors)

Optimal solution found (tolerance 1.00e-02)
Best objective -1.046940000000e+03, best bound -1.056300000000e+03, gap 0.8940%
Changed value of parameter MIPGap to 0.01
   Prev: 0.0001  Min: 0.0  Max: 1e+100  Default: 0.0001
Changed value of parameter TimeLimit to 1800.0
   Prev: 1e+100  Min: 0.0  Max: 1e+100  Default: 1e+100
Changed value of parameter Method to 2
   Prev: -1  Min: -1  Max: 4  Default: -1
Changed value of parameter MIPFocus to 1
   Prev: 0  Min: 0  Max: 3  Default: 0
Optimize a model with 2328 rows, 7098 columns and 14196 nonzeros
Coefficient statistics:
  Matrix range    [1e+00, 4e+01]
  Objective range [1e+00, 2e+00]
  Bounds range    [1e+00, 1e+00]
  RHS range       [8e+01, 8e+01]
Found heuristic solution: objective 0
Presolve removed 89 rows and 306 columns
Presolve time: 0.04s
Presolved: 2239 rows, 6792 columns, 13584 nonzeros
Found heuristic solution: objective -1078.240000
Variable types: 0 continuous, 6792 integer (6792 binary)
Optimize a model with 2239 rows, 6792 columns and 13584 nonzeros
Coefficient statistics:
  Matrix range    [1e+00, 4e+01]
  Objective range [1e+00, 2e+00]
  Bounds range    [1e+00, 1e+00]
  RHS range       [1e+00, 8e+01]
Presolved: 2239 rows, 6792 columns, 13584 nonzeros

Root barrier log...

Ordering time: 0.00s

Barrier statistics:
 AA' NZ     : 6.792e+03
 Factor NZ  : 3.935e+04 (roughly 4 MBytes of memory)
 Factor Ops : 3.150e+06 (less than 1 second per iteration)
 Threads    : 1

                  Objective                Residual
Iter       Primal          Dual         Primal    Dual     Compl     Time
   0  -3.69543553e+03 -7.66764389e+03  1.46e+01 3.03e-01  2.38e+00     0s
   1  -1.60558196e+03 -5.10675590e+03  2.89e+00 1.11e-15  5.19e-01     0s
   2  -1.17102267e+03 -2.04503683e+03  3.16e-01 7.22e-16  7.60e-02     0s
   3  -1.13882806e+03 -1.22526699e+03  2.48e-02 2.00e-15  6.81e-03     0s
   4  -1.14122954e+03 -1.15093924e+03  1.64e-03 1.33e-15  7.36e-04     0s
   5  -1.14176613e+03 -1.14289717e+03  2.10e-04 6.66e-16  8.62e-05     0s
   6  -1.14184253e+03 -1.14186503e+03  2.36e-05 4.44e-16  2.19e-06     0s
   7  -1.14185295e+03 -1.14185300e+03  9.37e-13 6.90e-16  3.51e-09     0s
   8  -1.14185297e+03 -1.14185297e+03  6.44e-12 4.44e-16  3.51e-12     0s

Barrier solved model in 8 iterations and 0.11 seconds
Optimal objective -1.14185297e+03


Root relaxation: objective -1.141853e+03, 4527 iterations, 0.08 seconds

    Nodes    |    Current Node    |     Objective Bounds      |     Work
 Expl Unexpl |  Obj  Depth IntInf | Incumbent    BestBd   Gap | It/Node Time

     0     0 -1141.8530    0  142 -1078.2400 -1141.8530  5.90%     -    0s
H    0     0                    -1099.280000 -1141.8530  3.87%     -    0s
H    0     0                    -1108.280000 -1141.8530  3.03%     -    0s
H    0     0                    -1115.360000 -1141.8530  2.38%     -    0s
     0     0 -1141.6280    0  224 -1115.3600 -1141.6280  2.36%     -    0s
H    0     0                    -1122.680000 -1141.6280  1.69%     -    0s
     0     0 -1138.5332    0  236 -1122.6800 -1138.5332  1.41%     -    0s
     0     0 -1136.4741    0  193 -1122.6800 -1136.4741  1.23%     -    0s
H    0     0                    -1124.000000 -1136.4741  1.11%     -    0s
     0     0 -1136.0242    0  189 -1124.0000 -1136.0242  1.07%     -    0s
     0     0 -1135.0144    0  199 -1124.0000 -1135.0144  0.98%     -    0s

Cutting planes:
  Gomory: 18
  Cover: 117
  Clique: 2
  MIR: 62

Explored 0 nodes (7823 simplex iterations) in 0.51 seconds
Thread count was 16 (of 16 available processors)

Optimal solution found (tolerance 1.00e-02)
Best objective -1.124000000000e+03, best bound -1.135000000000e+03, gap 0.9786%
Changed value of parameter MIPGap to 0.01
   Prev: 0.0001  Min: 0.0  Max: 1e+100  Default: 0.0001
Changed value of parameter TimeLimit to 1800.0
   Prev: 1e+100  Min: 0.0  Max: 1e+100  Default: 1e+100
Changed value of parameter Method to 2
   Prev: -1  Min: -1  Max: 4  Default: -1
Changed value of parameter MIPFocus to 1
   Prev: 0  Min: 0  Max: 3  Default: 0
Optimize a model with 2328 rows, 7098 columns and 14196 nonzeros
Coefficient statistics:
  Matrix range    [1e+00, 4e+01]
  Objective range [1e+00, 2e+00]
  Bounds range    [1e+00, 1e+00]
  RHS range       [8e+01, 8e+01]
Found heuristic solution: objective 0
Presolve removed 89 rows and 306 columns
Presolve time: 0.04s
Presolved: 2239 rows, 6792 columns, 13584 nonzeros
Found heuristic solution: objective -1113.550000
Variable types: 0 continuous, 6792 integer (6792 binary)
Optimize a model with 2239 rows, 6792 columns and 13584 nonzeros
Coefficient statistics:
  Matrix range    [1e+00, 4e+01]
  Objective range [1e+00, 2e+00]
  Bounds range    [1e+00, 1e+00]
  RHS range       [1e+00, 8e+01]
Presolved: 2239 rows, 6792 columns, 13584 nonzeros

Root barrier log...

Ordering time: 0.00s

Barrier statistics:
 AA' NZ     : 6.792e+03
 Factor NZ  : 3.935e+04 (roughly 4 MBytes of memory)
 Factor Ops : 3.150e+06 (less than 1 second per iteration)
 Threads    : 1

                  Objective                Residual
Iter       Primal          Dual         Primal    Dual     Compl     Time
   0  -3.83292558e+03 -8.48799333e+03  1.46e+01 3.22e-01  2.66e+00     0s
   1  -1.66380588e+03 -5.61470376e+03  2.94e+00 1.11e-15  5.85e-01     0s
   2  -1.20868610e+03 -2.20159469e+03  3.27e-01 8.88e-16  8.62e-02     0s
   3  -1.17710043e+03 -1.29917613e+03  2.22e-02 8.88e-16  9.34e-03     0s
   4  -1.18159825e+03 -1.19837568e+03  1.94e-03 1.33e-15  1.25e-03     0s
   5  -1.18235265e+03 -1.18507088e+03  4.17e-04 8.88e-16  2.05e-04     0s
   6  -1.18255800e+03 -1.18288572e+03  1.69e-05 4.62e-16  2.39e-05     0s
   7  -1.18256797e+03 -1.18256838e+03  6.43e-14 4.44e-16  2.90e-08     0s
   8  -1.18256801e+03 -1.18256801e+03  8.68e-14 6.66e-16  2.90e-11     0s

Barrier solved model in 8 iterations and 0.11 seconds
Optimal objective -1.18256801e+03


Root relaxation: objective -1.182568e+03, 4652 iterations, 0.08 seconds

    Nodes    |    Current Node    |     Objective Bounds      |     Work
 Expl Unexpl |  Obj  Depth IntInf | Incumbent    BestBd   Gap | It/Node Time

     0     0 -1182.5680    0  158 -1113.5500 -1182.5680  6.20%     -    0s
H    0     0                    -1138.300000 -1182.5680  3.89%     -    0s
H    0     0                    -1140.300000 -1182.5680  3.71%     -    0s
H    0     0                    -1142.700000 -1182.5680  3.49%     -    0s
H    0     0                    -1146.100000 -1182.5680  3.18%     -    0s
     0     0 -1181.5151    0  228 -1146.1000 -1181.5151  3.09%     -    0s
H    0     0                    -1160.900000 -1181.5151  1.78%     -    0s
     0     0 -1178.2214    0  213 -1160.9000 -1178.2214  1.49%     -    0s
     0     0 -1175.7154    0  190 -1160.9000 -1175.7154  1.28%     -    0s
H    0     0                    -1162.050000 -1175.7154  1.18%     -    0s
     0     0 -1175.1441    0  181 -1162.0500 -1175.1441  1.13%     -    0s
     0     0 -1175.1441    0  162 -1162.0500 -1175.1441  1.13%     -    0s
H    0     0                    -1162.650000 -1175.1441  1.07%     -    0s
     0     0 -1175.0350    0  167 -1162.6500 -1175.0350  1.07%     -    0s
     0     0 -1175.0350    0  178 -1162.6500 -1175.0350  1.07%     -    0s
H    0     0                    -1163.600000 -1175.0350  0.98%     -    0s

Cutting planes:
  Gomory: 16
  Cover: 116
  Clique: 1
  MIR: 39

Explored 0 nodes (7837 simplex iterations) in 0.64 seconds
Thread count was 16 (of 16 available processors)

Optimal solution found (tolerance 1.00e-02)
Best objective -1.163600000000e+03, best bound -1.175000000000e+03, gap 0.9797%
Changed value of parameter MIPGap to 0.01
   Prev: 0.0001  Min: 0.0  Max: 1e+100  Default: 0.0001
Changed value of parameter TimeLimit to 1800.0
   Prev: 1e+100  Min: 0.0  Max: 1e+100  Default: 1e+100
Changed value of parameter Method to 2
   Prev: -1  Min: -1  Max: 4  Default: -1
Changed value of parameter MIPFocus to 1
   Prev: 0  Min: 0  Max: 3  Default: 0
Optimize a model with 2328 rows, 7098 columns and 14196 nonzeros
Coefficient statistics:
  Matrix range    [1e+00, 4e+01]
  Objective range [1e+00, 3e+00]
  Bounds range    [1e+00, 1e+00]
  RHS range       [8e+01, 8e+01]
Found heuristic solution: objective 0
Presolve removed 89 rows and 306 columns
Presolve time: 0.04s
Presolved: 2239 rows, 6792 columns, 13584 nonzeros
Found heuristic solution: objective -1290.100000
Variable types: 0 continuous, 6792 integer (6792 binary)
Optimize a model with 2239 rows, 6792 columns and 13584 nonzeros
Coefficient statistics:
  Matrix range    [1e+00, 4e+01]
  Objective range [1e+00, 3e+00]
  Bounds range    [1e+00, 1e+00]
  RHS range       [1e+00, 8e+01]
Presolved: 2239 rows, 6792 columns, 13584 nonzeros

Root barrier log...

Ordering time: 0.00s

Barrier statistics:
 AA' NZ     : 6.792e+03
 Factor NZ  : 3.935e+04 (roughly 4 MBytes of memory)
 Factor Ops : 3.150e+06 (less than 1 second per iteration)
 Threads    : 1

                  Objective                Residual
Iter       Primal          Dual         Primal    Dual     Compl     Time
   0  -4.52018358e+03 -1.25897405e+04  1.46e+01 4.14e-01  4.07e+00     0s
   1  -1.96458036e+03 -8.16102382e+03  3.11e+00 1.33e-15  9.16e-01     0s
   2  -1.39565797e+03 -3.05100222e+03  3.36e-01 1.33e-15  1.41e-01     0s
   3  -1.37133407e+03 -1.55663054e+03  1.50e-02 2.22e-15  1.38e-02     0s
   4  -1.38224150e+03 -1.42503962e+03  3.40e-03 8.88e-16  3.17e-03     0s
   5  -1.38567240e+03 -1.38983781e+03  4.15e-04 1.33e-15  3.11e-04     0s
   6  -1.38613709e+03 -1.38678392e+03  1.05e-13 8.88e-16  4.64e-05     0s
   7  -1.38614318e+03 -1.38614383e+03  1.13e-13 8.88e-16  4.64e-08     0s
   8  -1.38614319e+03 -1.38614319e+03  1.19e-13 1.33e-15  4.64e-11     0s

Barrier solved model in 8 iterations and 0.11 seconds
Optimal objective -1.38614319e+03


Root relaxation: objective -1.386143e+03, 4548 iterations, 0.08 seconds

    Nodes    |    Current Node    |     Objective Bounds      |     Work
 Expl Unexpl |  Obj  Depth IntInf | Incumbent    BestBd   Gap | It/Node Time

     0     0 -1386.1432    0  133 -1290.1000 -1386.1432  7.44%     -    0s
H    0     0                    -1333.400000 -1386.1432  3.96%     -    0s
H    0     0                    -1339.400000 -1386.1432  3.49%     -    0s
     0     0 -1385.4506    0  187 -1339.4000 -1385.4506  3.44%     -    0s
H    0     0                    -1355.600000 -1385.4506  2.20%     -    0s
     0     0 -1382.6078    0  207 -1355.6000 -1382.6078  1.99%     -    0s
     0     0 -1375.8208    0  180 -1355.6000 -1375.8208  1.49%     -    0s
H    0     0                    -1358.100000 -1375.8208  1.30%     -    0s
     0     0 -1375.0998    0  194 -1358.1000 -1375.0998  1.25%     -    0s
     0     0 -1374.4504    0  165 -1358.1000 -1374.4504  1.20%     -    0s
H    0     0                    -1362.300000 -1374.4504  0.89%     -    0s

Cutting planes:
  Gomory: 12
  Cover: 105
  Clique: 3
  MIR: 32

Explored 0 nodes (7867 simplex iterations) in 0.57 seconds
Thread count was 16 (of 16 available processors)

Optimal solution found (tolerance 1.00e-02)
Best objective -1.362300000000e+03, best bound -1.374400000000e+03, gap 0.8882%
Changed value of parameter MIPGap to 0.01
   Prev: 0.0001  Min: 0.0  Max: 1e+100  Default: 0.0001
Changed value of parameter TimeLimit to 1800.0
   Prev: 1e+100  Min: 0.0  Max: 1e+100  Default: 1e+100
Changed value of parameter Method to 2
   Prev: -1  Min: -1  Max: 4  Default: -1
Changed value of parameter MIPFocus to 1
   Prev: 0  Min: 0  Max: 3  Default: 0
Optimize a model with 2328 rows, 7098 columns and 14196 nonzeros
Coefficient statistics:
  Matrix range    [1e+00, 4e+01]
  Objective range [1e+00, 5e+00]
  Bounds range    [1e+00, 1e+00]
  RHS range       [8e+01, 8e+01]
Found heuristic solution: objective 0
Presolve removed 89 rows and 306 columns
Presolve time: 0.04s
Presolved: 2239 rows, 6792 columns, 13584 nonzeros
Found heuristic solution: objective -1643.200000
Variable types: 0 continuous, 6792 integer (6792 binary)
Optimize a model with 2239 rows, 6792 columns and 13584 nonzeros
Coefficient statistics:
  Matrix range    [1e+00, 4e+01]
  Objective range [1e+00, 5e+00]
  Bounds range    [1e+00, 1e+00]
  RHS range       [1e+00, 8e+01]
Presolved: 2239 rows, 6792 columns, 13584 nonzeros

Root barrier log...

Ordering time: 0.00s

Barrier statistics:
 AA' NZ     : 6.792e+03
 Factor NZ  : 3.935e+04 (roughly 4 MBytes of memory)
 Factor Ops : 3.150e+06 (less than 1 second per iteration)
 Threads    : 1

                  Objective                Residual
Iter       Primal          Dual         Primal    Dual     Compl     Time
   0  -5.89436645e+03 -2.07932349e+04  1.46e+01 5.98e-01  6.89e+00     0s
   1  -2.57995897e+03 -1.32662807e+04  3.28e+00 2.66e-15  1.59e+00     0s
   2  -1.77944549e+03 -4.81869739e+03  3.08e-01 2.22e-15  2.50e-01     0s
   3  -1.75778562e+03 -2.00241368e+03  9.18e-03 4.44e-15  1.79e-02     0s
   4  -1.78503973e+03 -1.87598155e+03  1.88e-03 1.78e-15  6.60e-03     0s
   5  -1.79119047e+03 -1.80660254e+03  4.47e-04 1.78e-15  1.12e-03     0s
   6  -1.79319770e+03 -1.79986832e+03  9.96e-06 1.78e-15  4.79e-04     0s
   7  -1.79331097e+03 -1.79384421e+03  3.19e-08 1.78e-15  3.82e-05     0s
   8  -1.79332242e+03 -1.79332447e+03  9.38e-12 1.78e-15  1.47e-07     0s
   9  -1.79332253e+03 -1.79332253e+03  9.11e-12 1.78e-15  1.47e-10     0s

Barrier solved model in 9 iterations and 0.11 seconds
Optimal objective -1.79332253e+03


Root relaxation: objective -1.793323e+03, 4805 iterations, 0.09 seconds

    Nodes    |    Current Node    |     Objective Bounds      |     Work
 Expl Unexpl |  Obj  Depth IntInf | Incumbent    BestBd   Gap | It/Node Time

     0     0 -1793.3225    0  156 -1643.2000 -1793.3225  9.14%     -    0s
H    0     0                    -1704.600000 -1793.3225  5.20%     -    0s
H    0     0                    -1712.200000 -1793.3225  4.74%     -    0s
H    0     0                    -1716.200000 -1793.3225  4.49%     -    0s
     0     0 -1792.1090    0  218 -1716.2000 -1792.1090  4.42%     -    0s
H    0     0                    -1743.600000 -1792.1090  2.78%     -    0s
     0     0 -1786.4593    0  243 -1743.6000 -1786.4593  2.46%     -    0s
     0     0 -1772.8878    0  203 -1743.6000 -1772.8878  1.68%     -    0s
     0     0 -1772.2462    0  208 -1743.6000 -1772.2462  1.64%     -    0s
     0     0 -1772.2462    0  233 -1743.6000 -1772.2462  1.64%     -    0s
H    0     0                    -1748.600000 -1772.2462  1.35%     -    0s
     0     0 -1772.2462    0  237 -1748.6000 -1772.2462  1.35%     -    0s
     0     0 -1772.2462    0  206 -1748.6000 -1772.2462  1.35%     -    0s
     0     0 -1772.2462    0  214 -1748.6000 -1772.2462  1.35%     -    0s
     0     0 -1772.2462    0  112 -1748.6000 -1772.2462  1.35%     -    0s
H    0     0                    -1752.400000 -1772.2462  1.13%     -    1s
     0     2 -1772.2462    0  109 -1752.4000 -1772.2462  1.13%     -    1s
H    1     3                    -1753.800000 -1772.2462  1.05%   727    1s
H   45    51                    -1756.000000 -1771.8717  0.90%  36.4    1s

Cutting planes:
  Gomory: 13
  Cover: 122
  Clique: 3
  MIR: 60

Explored 58 nodes (12178 simplex iterations) in 1.50 seconds
Thread count was 16 (of 16 available processors)

Optimal solution found (tolerance 1.00e-02)
Best objective -1.756000000000e+03, best bound -1.771800000000e+03, gap 0.8998%
Changed value of parameter MIPGap to 0.01
   Prev: 0.0001  Min: 0.0  Max: 1e+100  Default: 0.0001
Changed value of parameter TimeLimit to 1800.0
   Prev: 1e+100  Min: 0.0  Max: 1e+100  Default: 1e+100
Changed value of parameter Method to 2
   Prev: -1  Min: -1  Max: 4  Default: -1
Changed value of parameter MIPFocus to 1
   Prev: 0  Min: 0  Max: 3  Default: 0
Optimize a model with 2328 rows, 7098 columns and 14196 nonzeros
Coefficient statistics:
  Matrix range    [1e+00, 4e+01]
  Objective range [1e+00, 9e+00]
  Bounds range    [1e+00, 1e+00]
  RHS range       [8e+01, 8e+01]
Found heuristic solution: objective 0
Presolve removed 89 rows and 306 columns
Presolve time: 0.04s
Presolved: 2239 rows, 6792 columns, 13584 nonzeros
Found heuristic solution: objective -2349.400000
Variable types: 0 continuous, 6792 integer (6792 binary)
Optimize a model with 2239 rows, 6792 columns and 13584 nonzeros
Coefficient statistics:
  Matrix range    [1e+00, 4e+01]
  Objective range [1e+00, 9e+00]
  Bounds range    [1e+00, 1e+00]
  RHS range       [1e+00, 8e+01]
Presolved: 2239 rows, 6792 columns, 13584 nonzeros

Root barrier log...

Ordering time: 0.00s

Barrier statistics:
 AA' NZ     : 6.792e+03
 Factor NZ  : 3.935e+04 (roughly 4 MBytes of memory)
 Factor Ops : 3.150e+06 (less than 1 second per iteration)
 Threads    : 1

                  Objective                Residual
Iter       Primal          Dual         Primal    Dual     Compl     Time
   0  -8.64244806e+03 -3.72002237e+04  1.46e+01 9.67e-01  1.25e+01     0s
   1  -3.81841211e+03 -2.34889539e+04  3.41e+00 4.44e-15  2.93e+00     0s
   2  -2.57141760e+03 -8.37239555e+03  2.72e-01 3.55e-15  4.67e-01     0s
   3  -2.52951314e+03 -3.18073800e+03  3.54e-03 1.60e-14  4.70e-02     0s
   4  -2.59320953e+03 -2.72318084e+03  4.54e-04 5.33e-15  9.35e-03     0s
   5  -2.60356982e+03 -2.65493039e+03  1.12e-04 3.55e-15  3.69e-03     0s
   6  -2.60685115e+03 -2.61044151e+03  1.67e-05 2.38e-15  2.59e-04     0s
   7  -2.60771356e+03 -2.60796359e+03  1.55e-12 3.55e-15  1.79e-05     0s
   8  -2.60773112e+03 -2.60773137e+03  1.24e-13 3.55e-15  1.79e-08     0s
   9  -2.60773113e+03 -2.60773113e+03  1.23e-13 3.55e-15  1.79e-11     0s

Barrier solved model in 9 iterations and 0.11 seconds
Optimal objective -2.60773113e+03


Root relaxation: objective -2.607731e+03, 4494 iterations, 0.08 seconds

    Nodes    |    Current Node    |     Objective Bounds      |     Work
 Expl Unexpl |  Obj  Depth IntInf | Incumbent    BestBd   Gap | It/Node Time

     0     0 -2607.7311    0  166 -2349.4000 -2607.7311  11.0%     -    0s
H    0     0                    -2435.000000 -2607.7311  7.09%     -    0s
H    0     0                    -2461.400000 -2607.7311  5.95%     -    0s
     0     0 -2596.7122    0  244 -2461.4000 -2596.7122  5.50%     -    0s
H    0     0                    -2502.200000 -2596.7122  3.78%     -    0s
     0     0 -2593.2848    0  254 -2502.2000 -2593.2848  3.64%     -    0s
     0     0 -2572.5277    0  207 -2502.2000 -2572.5277  2.81%     -    0s
H    0     0                    -2532.600000 -2572.5277  1.58%     -    0s
     0     0 -2570.4787    0  235 -2532.6000 -2570.4787  1.50%     -    0s
     0     0 -2567.6451    0  156 -2532.6000 -2567.6451  1.38%     -    0s
H    0     0                    -2543.800000 -2567.6451  0.94%     -    0s

Cutting planes:
  Gomory: 15
  Cover: 103
  Clique: 1
  MIR: 35

Explored 0 nodes (7265 simplex iterations) in 0.65 seconds
Thread count was 16 (of 16 available processors)

Optimal solution found (tolerance 1.00e-02)
Best objective -2.543800000000e+03, best bound -2.567600000000e+03, gap 0.9356%
Changed value of parameter MIPGap to 0.01
   Prev: 0.0001  Min: 0.0  Max: 1e+100  Default: 0.0001
Changed value of parameter TimeLimit to 1800.0
   Prev: 1e+100  Min: 0.0  Max: 1e+100  Default: 1e+100
Changed value of parameter Method to 2
   Prev: -1  Min: -1  Max: 4  Default: -1
Changed value of parameter MIPFocus to 1
   Prev: 0  Min: 0  Max: 3  Default: 0
Optimize a model with 2328 rows, 7098 columns and 14196 nonzeros
Coefficient statistics:
  Matrix range    [1e+00, 4e+01]
  Objective range [2e+00, 1e+01]
  Bounds range    [1e+00, 1e+00]
  RHS range       [8e+01, 8e+01]
Found heuristic solution: objective 0
Presolve removed 89 rows and 306 columns
Presolve time: 0.04s
Presolved: 2239 rows, 6792 columns, 13584 nonzeros
Found heuristic solution: objective -2702.500000
Variable types: 0 continuous, 6792 integer (6792 binary)
Optimize a model with 2239 rows, 6792 columns and 13584 nonzeros
Coefficient statistics:
  Matrix range    [1e+00, 4e+01]
  Objective range [2e+00, 1e+01]
  Bounds range    [1e+00, 1e+00]
  RHS range       [1e+00, 8e+01]
Presolved: 2239 rows, 6792 columns, 13584 nonzeros

Root barrier log...

Ordering time: 0.00s

Barrier statistics:
 AA' NZ     : 6.792e+03
 Factor NZ  : 3.935e+04 (roughly 4 MBytes of memory)
 Factor Ops : 3.150e+06 (less than 1 second per iteration)
 Threads    : 1

                  Objective                Residual
Iter       Primal          Dual         Primal    Dual     Compl     Time
   0  -1.00164511e+04 -4.54037181e+04  1.46e+01 1.15e+00  1.53e+01     0s
   1  -4.43824806e+03 -2.86020767e+04  3.44e+00 5.33e-15  3.60e+00     0s
   2  -2.97176820e+03 -1.01524778e+04  2.62e-01 4.00e-15  5.75e-01     0s
   3  -2.92220718e+03 -3.71346217e+03  2.75e-03 1.60e-14  5.70e-02     0s
   4  -2.99624466e+03 -3.14995871e+03  3.43e-04 5.33e-15  1.11e-02     0s
   5  -3.00781164e+03 -3.07630556e+03  1.22e-04 3.55e-15  4.92e-03     0s
   6  -3.01357293e+03 -3.03529238e+03  3.28e-05 3.55e-15  1.56e-03     0s
   7  -3.01547262e+03 -3.01905757e+03  6.38e-06 3.55e-15  2.58e-04     0s
   8  -3.01601309e+03 -3.01612386e+03  7.31e-08 3.55e-15  7.96e-06     0s
   9  -3.01603717e+03 -3.01603871e+03  1.33e-13 3.55e-15  1.11e-07     0s
  10  -3.01603730e+03 -3.01603730e+03  2.44e-14 3.55e-15  1.11e-13     0s

Barrier solved model in 10 iterations and 0.12 seconds
Optimal objective -3.01603730e+03


Root relaxation: objective -3.016037e+03, 4345 iterations, 0.09 seconds

    Nodes    |    Current Node    |     Objective Bounds      |     Work
 Expl Unexpl |  Obj  Depth IntInf | Incumbent    BestBd   Gap | It/Node Time

     0     0 -3016.0373    0  192 -2702.5000 -3016.0373  11.6%     -    0s
     0     0 -3013.1876    0  231 -2702.5000 -3013.1876  11.5%     -    0s
H    0     0                    -2779.500000 -3013.1876  8.41%     -    0s
H    0     0                    -2883.500000 -3013.1876  4.50%     -    0s
H    0     0                    -2916.500000 -3013.1876  3.32%     -    0s
     0     0 -3008.7060    0  271 -2916.5000 -3008.7060  3.16%     -    0s
     0     0 -2968.9595    0  188 -2916.5000 -2968.9595  1.80%     -    0s
H    0     0                    -2919.500000 -2968.9595  1.69%     -    0s
     0     0 -2968.1550    0  195 -2919.5000 -2968.1550  1.67%     -    0s
     0     0 -2968.1550    0  231 -2919.5000 -2968.1550  1.67%     -    0s
     0     0 -2968.1427    0  220 -2919.5000 -2968.1427  1.67%     -    0s
     0     0 -2968.1427    0  193 -2919.5000 -2968.1427  1.67%     -    0s
H    0     0                    -2921.000000 -2968.1427  1.61%     -    0s
     0     0 -2968.1427    0  187 -2921.0000 -2968.1427  1.61%     -    0s
     0     0 -2968.1427    0   96 -2921.0000 -2968.1427  1.61%     -    0s
H    0     0                    -2924.500000 -2968.1427  1.49%     -    1s
H    0     0                    -2926.000000 -2968.1427  1.44%     -    1s
     0     2 -2968.1427    0   90 -2926.0000 -2968.1427  1.44%     -    1s
H    1     3                    -2935.000000 -2968.1427  1.13%   810    1s
H    8    12                    -2939.000000 -2968.1427  0.99%   112    1s

Cutting planes:
  Gomory: 14
  Cover: 143
  Clique: 6
  MIR: 75

Explored 12 nodes (10070 simplex iterations) in 1.42 seconds
Thread count was 16 (of 16 available processors)

Optimal solution found (tolerance 1.00e-02)
Best objective -2.939000000000e+03, best bound -2.967500000000e+03, gap 0.9697%
Changed value of parameter MIPGap to 0.01
   Prev: 0.0001  Min: 0.0  Max: 1e+100  Default: 0.0001
Changed value of parameter TimeLimit to 1800.0
   Prev: 1e+100  Min: 0.0  Max: 1e+100  Default: 1e+100
Changed value of parameter Method to 2
   Prev: -1  Min: -1  Max: 4  Default: -1
Changed value of parameter MIPFocus to 1
   Prev: 0  Min: 0  Max: 3  Default: 0
Optimize a model with 2328 rows, 7098 columns and 14196 nonzeros
Coefficient statistics:
  Matrix range    [1e+00, 4e+01]
  Objective range [2e+00, 2e+01]
  Bounds range    [1e+00, 1e+00]
  RHS range       [8e+01, 8e+01]
Found heuristic solution: objective 0
Presolve removed 89 rows and 306 columns
Presolve time: 0.04s
Presolved: 2239 rows, 6792 columns, 13584 nonzeros
Found heuristic solution: objective -4468.000000
Variable types: 0 continuous, 6792 integer (6792 binary)
Optimize a model with 2239 rows, 6792 columns and 13584 nonzeros
Coefficient statistics:
  Matrix range    [1e+00, 4e+01]
  Objective range [2e+00, 2e+01]
  Bounds range    [1e+00, 1e+00]
  RHS range       [1e+00, 8e+01]
Presolved: 2239 rows, 6792 columns, 13584 nonzeros

Root barrier log...

Ordering time: 0.00s

Barrier statistics:
 AA' NZ     : 6.792e+03
 Factor NZ  : 3.935e+04 (roughly 4 MBytes of memory)
 Factor Ops : 3.150e+06 (less than 1 second per iteration)
 Threads    : 1

                  Objective                Residual
Iter       Primal          Dual         Primal    Dual     Compl     Time
   0  -1.68863778e+04 -8.64211901e+04  1.46e+01 2.07e+00  2.94e+01     0s
   1  -7.53818618e+03 -5.41720634e+04  3.51e+00 1.07e-14  6.97e+00     0s
   2  -4.99349756e+03 -1.90580610e+04  2.45e-01 8.88e-15  1.11e+00     0s
   3  -4.90090003e+03 -6.29412618e+03  3.21e-03 2.84e-14  1.00e-01     0s
   4  -5.02593250e+03 -5.32836003e+03  6.20e-04 1.42e-14  2.18e-02     0s
   5  -5.05197100e+03 -5.18592460e+03  2.19e-04 1.07e-14  9.64e-03     0s
   6  -5.06354242e+03 -5.12154943e+03  6.78e-05 4.65e-15  4.17e-03     0s
   7  -5.06625057e+03 -5.09426882e+03  3.01e-05 3.92e-15  2.01e-03     0s
   8  -5.06878476e+03 -5.07096302e+03  1.29e-06 7.11e-15  1.57e-04     0s
   9  -5.06918325e+03 -5.06920445e+03  1.30e-13 7.11e-15  1.52e-06     0s
  10  -5.06918556e+03 -5.06918556e+03  2.50e-14 7.11e-15  8.57e-12     0s

Barrier solved model in 10 iterations and 0.12 seconds
Optimal objective -5.06918556e+03


Root relaxation: objective -5.069186e+03, 4784 iterations, 0.09 seconds

    Nodes    |    Current Node    |     Objective Bounds      |     Work
 Expl Unexpl |  Obj  Depth IntInf | Incumbent    BestBd   Gap | It/Node Time

     0     0 -5069.1856    0  140 -4468.0000 -5069.1856  13.5%     -    0s
H    0     0                    -4762.000000 -5069.1856  6.45%     -    0s
H    0     0                    -4804.000000 -5069.1856  5.52%     -    0s
     0     0 -5012.4725    0  169 -4804.0000 -5012.4725  4.34%     -    0s
H    0     0                    -4842.000000 -5012.4725  3.52%     -    0s
H    0     0                    -4858.000000 -5012.4725  3.18%     -    0s
     0     0 -5007.1492    0  185 -4858.0000 -5007.1492  3.07%     -    0s
     0     0 -4966.1034    0  153 -4858.0000 -4966.1034  2.23%     -    0s
H    0     0                    -4893.000000 -4966.1034  1.49%     -    0s
     0     0 -4965.1022    0  191 -4893.0000 -4965.1022  1.47%     -    0s
     0     0 -4964.9805    0  174 -4893.0000 -4964.9805  1.47%     -    0s
H    0     0                    -4896.000000 -4964.9805  1.41%     -    0s
     0     0 -4964.9446    0  195 -4896.0000 -4964.9446  1.41%     -    0s
     0     0 -4964.9446    0  201 -4896.0000 -4964.9446  1.41%     -    0s
H    0     0                    -4920.000000 -4964.9446  0.91%     -    0s

Cutting planes:
  Gomory: 8
  Cover: 96
  Clique: 2
  MIR: 43

Explored 0 nodes (8521 simplex iterations) in 0.80 seconds
Thread count was 16 (of 16 available processors)

Optimal solution found (tolerance 1.00e-02)
Best objective -4.920000000000e+03, best bound -4.964000000000e+03, gap 0.8943%
Changed value of parameter MIPGap to 0.01
   Prev: 0.0001  Min: 0.0  Max: 1e+100  Default: 0.0001
Changed value of parameter TimeLimit to 1800.0
   Prev: 1e+100  Min: 0.0  Max: 1e+100  Default: 1e+100
Changed value of parameter Method to 2
   Prev: -1  Min: -1  Max: 4  Default: -1
Changed value of parameter MIPFocus to 1
   Prev: 0  Min: 0  Max: 3  Default: 0
Optimize a model with 2328 rows, 7098 columns and 14196 nonzeros
Coefficient statistics:
  Matrix range    [1e+00, 4e+01]
  Objective range [3e+00, 4e+01]
  Bounds range    [1e+00, 1e+00]
  RHS range       [8e+01, 8e+01]
Found heuristic solution: objective 0
Presolve removed 89 rows and 306 columns
Presolve time: 0.04s
Presolved: 2239 rows, 6792 columns, 13584 nonzeros
Found heuristic solution: objective -7999.000000
Variable types: 0 continuous, 6792 integer (6792 binary)
Optimize a model with 2239 rows, 6792 columns and 13584 nonzeros
Coefficient statistics:
  Matrix range    [1e+00, 4e+01]
  Objective range [3e+00, 4e+01]
  Bounds range    [1e+00, 1e+00]
  RHS range       [1e+00, 8e+01]
Presolved: 2239 rows, 6792 columns, 13584 nonzeros

Root barrier log...

Ordering time: 0.00s

Barrier statistics:
 AA' NZ     : 6.792e+03
 Factor NZ  : 3.935e+04 (roughly 4 MBytes of memory)
 Factor Ops : 3.150e+06 (less than 1 second per iteration)
 Threads    : 1

                  Objective                Residual
Iter       Primal          Dual         Primal    Dual     Compl     Time
   0  -3.06261350e+04 -1.68456134e+05  1.46e+01 3.92e+00  5.76e+01     0s
   1  -1.37388994e+04 -1.05312602e+05  3.55e+00 2.13e-14  1.37e+01     0s
   2  -9.06548960e+03 -3.69587538e+04  2.44e-01 1.42e-14  2.21e+00     0s
   3  -8.88202073e+03 -1.18919215e+04  3.39e-03 5.68e-14  2.17e-01     0s
   4  -9.10293416e+03 -9.87652466e+03  4.44e-04 5.68e-14  5.56e-02     0s
   5  -9.14659538e+03 -9.39346433e+03  1.87e-04 1.42e-14  1.78e-02     0s
   6  -9.16817616e+03 -9.21837856e+03  7.50e-05 1.42e-14  3.62e-03     0s
   7  -9.18093851e+03 -9.18140880e+03  2.04e-13 1.42e-14  3.37e-05     0s
   8  -9.18099994e+03 -9.18100041e+03  1.62e-13 1.42e-14  3.37e-08     0s
   9  -9.18100000e+03 -9.18100000e+03  1.94e-13 1.42e-14  3.37e-11     0s

Barrier solved model in 9 iterations and 0.11 seconds
Optimal objective -9.18100000e+03


Root relaxation: objective -9.181000e+03, 5011 iterations, 0.09 seconds

    Nodes    |    Current Node    |     Objective Bounds      |     Work
 Expl Unexpl |  Obj  Depth IntInf | Incumbent    BestBd   Gap | It/Node Time

     0     0 -9181.0000    0  135 -7999.0000 -9181.0000  14.8%     -    0s
H    0     0                    -8511.000000 -9181.0000  7.87%     -    0s
H    0     0                    -8559.000000 -9181.0000  7.27%     -    0s
     0     0 -8995.0000    0  190 -8559.0000 -8995.0000  5.09%     -    0s
H    0     0                    -8658.000000 -8995.0000  3.89%     -    0s
     0     0 -8995.0000    0  189 -8658.0000 -8995.0000  3.89%     -    0s
H    0     0                    -8671.000000 -8995.0000  3.74%     -    0s
     0     0 -8964.0000    0  154 -8671.0000 -8964.0000  3.38%     -    0s
H    0     0                    -8829.000000 -8964.0000  1.53%     -    0s
     0     0 -8964.0000    0  173 -8829.0000 -8964.0000  1.53%     -    0s
     0     0 -8964.0000    0  164 -8829.0000 -8964.0000  1.53%     -    0s
H    0     0                    -8895.000000 -8964.0000  0.78%     -    0s

Cutting planes:
  Gomory: 11
  Cover: 107
  Clique: 1
  MIR: 32

Explored 0 nodes (8136 simplex iterations) in 0.61 seconds
Thread count was 16 (of 16 available processors)

Optimal solution found (tolerance 1.00e-02)
Best objective -8.895000000000e+03, best bound -8.964000000000e+03, gap 0.7757%
Changed value of parameter MIPGap to 0.01
   Prev: 0.0001  Min: 0.0  Max: 1e+100  Default: 0.0001
Changed value of parameter TimeLimit to 1800.0
   Prev: 1e+100  Min: 0.0  Max: 1e+100  Default: 1e+100
Changed value of parameter Method to 2
   Prev: -1  Min: -1  Max: 4  Default: -1
Changed value of parameter MIPFocus to 1
   Prev: 0  Min: 0  Max: 3  Default: 0
Optimize a model with 2328 rows, 7098 columns and 14196 nonzeros
Coefficient statistics:
  Matrix range    [1e+00, 4e+01]
  Objective range [5e+00, 8e+01]
  Bounds range    [1e+00, 1e+00]
  RHS range       [8e+01, 8e+01]
Found heuristic solution: objective 0
Presolve removed 89 rows and 306 columns
Presolve time: 0.04s
Presolved: 2239 rows, 6792 columns, 13584 nonzeros
Found heuristic solution: objective -15061.00000
Variable types: 0 continuous, 6792 integer (6792 binary)
Optimize a model with 2239 rows, 6792 columns and 13584 nonzeros
Coefficient statistics:
  Matrix range    [1e+00, 4e+01]
  Objective range [5e+00, 8e+01]
  Bounds range    [1e+00, 1e+00]
  RHS range       [1e+00, 8e+01]
Presolved: 2239 rows, 6792 columns, 13584 nonzeros

Root barrier log...

Ordering time: 0.00s

Barrier statistics:
 AA' NZ     : 6.792e+03
 Factor NZ  : 3.935e+04 (roughly 4 MBytes of memory)
 Factor Ops : 3.150e+06 (less than 1 second per iteration)
 Threads    : 1

                  Objective                Residual
Iter       Primal          Dual         Primal    Dual     Compl     Time
   0  -5.81055975e+04 -3.32526022e+05  1.46e+01 7.60e+00  1.14e+02     0s
   1  -2.61402558e+04 -2.07593107e+05  3.56e+00 4.26e-14  2.72e+01     0s
   2  -1.72175040e+04 -7.27926090e+04  2.44e-01 2.84e-14  4.39e+00     0s
   3  -1.68628966e+04 -2.29503681e+04  3.94e-03 1.28e-13  4.39e-01     0s
   4  -1.72575701e+04 -1.87007022e+04  6.78e-04 5.68e-14  1.04e-01     0s
   5  -1.73702122e+04 -1.79282853e+04  2.64e-04 2.84e-14  4.02e-02     0s
   6  -1.74066738e+04 -1.76609016e+04  1.63e-04 2.49e-14  1.83e-02     0s
   7  -1.74613933e+04 -1.75394039e+04  2.19e-05 1.49e-14  5.61e-03     0s
   8  -1.74694684e+04 -1.74825149e+04  4.16e-06 2.84e-14  9.39e-04     0s
   9  -1.74720256e+04 -1.74764605e+04  1.27e-06 2.84e-14  3.19e-04     0s
  10  -1.74733073e+04 -1.74738094e+04  1.44e-10 2.84e-14  3.60e-05     0s
  11  -1.74733308e+04 -1.74733400e+04  3.28e-13 2.84e-14  6.58e-07     0s
  12  -1.74733319e+04 -1.74733319e+04  7.12e-14 2.84e-14  6.58e-10     0s

Barrier solved model in 12 iterations and 0.13 seconds
Optimal objective -1.74733319e+04


Root relaxation: objective -1.747333e+04, 4497 iterations, 0.10 seconds

    Nodes    |    Current Node    |     Objective Bounds      |     Work
 Expl Unexpl |  Obj  Depth IntInf | Incumbent    BestBd   Gap | It/Node Time

     0     0 -17473.332    0  161 -15061.000 -17473.332  16.0%     -    0s
     0     0 -17037.958    0  184 -15061.000 -17037.958  13.1%     -    0s
H    0     0                    -16270.00000 -17037.958  4.72%     -    0s
H    0     0                    -16521.00000 -17037.958  3.13%     -    0s
     0     0 -17027.894    0  159 -16521.000 -17027.894  3.07%     -    0s
     0     0 -17019.465    0  138 -16521.000 -17019.465  3.02%     -    0s
H    0     0                    -16759.00000 -17019.465  1.55%     -    0s
H    0     0                    -16790.00000 -17019.465  1.37%     -    0s
     0     0 -17019.346    0  194 -16790.000 -17019.346  1.37%     -    0s
     0     0 -17016.745    0  205 -16790.000 -17016.745  1.35%     -    0s
H    0     0                    -16871.00000 -17016.745  0.86%     -    0s

Cutting planes:
  Gomory: 6
  Cover: 123
  Clique: 7
  MIR: 33

Explored 0 nodes (7930 simplex iterations) in 0.62 seconds
Thread count was 16 (of 16 available processors)

Optimal solution found (tolerance 1.00e-02)
Best objective -1.687100000000e+04, best bound -1.701600000000e+04, gap 0.8595%
Changed value of parameter MIPGap to 0.01
   Prev: 0.0001  Min: 0.0  Max: 1e+100  Default: 0.0001
Changed value of parameter TimeLimit to 1800.0
   Prev: 1e+100  Min: 0.0  Max: 1e+100  Default: 1e+100
Changed value of parameter Method to 2
   Prev: -1  Min: -1  Max: 4  Default: -1
Changed value of parameter MIPFocus to 1
   Prev: 0  Min: 0  Max: 3  Default: 0
Optimize a model with 2328 rows, 7098 columns and 14196 nonzeros
Coefficient statistics:
  Matrix range    [1e+00, 4e+01]
  Objective range [6e+00, 1e+02]
  Bounds range    [1e+00, 1e+00]
  RHS range       [8e+01, 8e+01]
Found heuristic solution: objective 0
Presolve removed 89 rows and 306 columns
Presolve time: 0.04s
Presolved: 2239 rows, 6792 columns, 13584 nonzeros
Found heuristic solution: objective -18592.00000
Variable types: 0 continuous, 6792 integer (6792 binary)
Optimize a model with 2239 rows, 6792 columns and 13584 nonzeros
Coefficient statistics:
  Matrix range    [1e+00, 4e+01]
  Objective range [6e+00, 1e+02]
  Bounds range    [1e+00, 1e+00]
  RHS range       [1e+00, 8e+01]
Presolved: 2239 rows, 6792 columns, 13584 nonzeros

Root barrier log...

Ordering time: 0.00s

Barrier statistics:
 AA' NZ     : 6.792e+03
 Factor NZ  : 3.935e+04 (roughly 4 MBytes of memory)
 Factor Ops : 3.150e+06 (less than 1 second per iteration)
 Threads    : 1

                  Objective                Residual
Iter       Primal          Dual         Primal    Dual     Compl     Time
   0  -7.18453233e+04 -4.14560966e+05  1.46e+01 9.45e+00  1.42e+02     0s
   1  -3.23408646e+04 -2.58733631e+05  3.57e+00 5.68e-14  3.39e+01     0s
   2  -2.12943590e+04 -9.07103849e+04  2.43e-01 4.26e-14  5.48e+00     0s
   3  -2.08564143e+04 -2.84655269e+04  4.15e-03 1.42e-13  5.49e-01     0s
   4  -2.13382386e+04 -2.31258630e+04  7.57e-04 1.56e-13  1.29e-01     0s
   5  -2.14847063e+04 -2.20808696e+04  2.96e-04 2.84e-14  4.29e-02     0s
   6  -2.15452517e+04 -2.17633813e+04  1.55e-04 2.84e-14  1.57e-02     0s
   7  -2.16105612e+04 -2.16823255e+04  1.39e-05 2.84e-14  5.15e-03     0s
   8  -2.16176747e+04 -2.16290056e+04  6.12e-07 2.84e-14  8.13e-04     0s
   9  -2.16194250e+04 -2.16204023e+04  2.03e-13 2.84e-14  7.01e-05     0s
  10  -2.16194974e+04 -2.16195010e+04  4.51e-14 4.26e-14  2.59e-07     0s
  11  -2.16194978e+04 -2.16194978e+04  1.33e-13 2.84e-14  2.62e-13     0s

Barrier solved model in 11 iterations and 0.12 seconds
Optimal objective -2.16194978e+04


Root relaxation: objective -2.161950e+04, 4263 iterations, 0.10 seconds

    Nodes    |    Current Node    |     Objective Bounds      |     Work
 Expl Unexpl |  Obj  Depth IntInf | Incumbent    BestBd   Gap | It/Node Time

     0     0 -21619.498    0  161 -18592.000 -21619.498  16.3%     -    0s
     0     0 -21227.034    0  192 -18592.000 -21227.034  14.2%     -    0s
H    0     0                    -20217.00000 -21227.034  5.00%     -    0s
H    0     0                    -20448.00000 -21227.034  3.81%     -    0s
H    0     0                    -20812.00000 -21227.034  1.99%     -    0s
     0     0 -21208.007    0  204 -20812.000 -21208.007  1.90%     -    0s
     0     0 -21047.399    0  137 -20812.000 -21047.399  1.13%     -    0s
H    0     0                    -20826.00000 -21047.399  1.06%     -    0s
     0     0 -21045.242    0  184 -20826.000 -21045.242  1.05%     -    0s
     0     0 -21039.417    0  176 -20826.000 -21039.417  1.02%     -    0s
H    0     0                    -20832.00000 -21039.417  1.00%     -    0s

Cutting planes:
  Gomory: 5
  Cover: 114
  Clique: 6
  MIR: 37

Explored 0 nodes (7855 simplex iterations) in 0.65 seconds
Thread count was 16 (of 16 available processors)

Optimal solution found (tolerance 1.00e-02)
Best objective -2.083200000000e+04, best bound -2.103900000000e+04, gap 0.9937%
Changed value of parameter MIPGap to 0.01
   Prev: 0.0001  Min: 0.0  Max: 1e+100  Default: 0.0001
Changed value of parameter TimeLimit to 1800.0
   Prev: 1e+100  Min: 0.0  Max: 1e+100  Default: 1e+100
Changed value of parameter Method to 2
   Prev: -1  Min: -1  Max: 4  Default: -1
Changed value of parameter MIPFocus to 1
   Prev: 0  Min: 0  Max: 3  Default: 0
Optimize a model with 2328 rows, 7098 columns and 14196 nonzeros
Coefficient statistics:
  Matrix range    [1e+00, 4e+01]
  Objective range [1e+01, 2e+02]
  Bounds range    [1e+00, 1e+00]
  RHS range       [8e+01, 8e+01]
Found heuristic solution: objective 0
Presolve removed 89 rows and 306 columns
Presolve time: 0.04s
Presolved: 2239 rows, 6792 columns, 13584 nonzeros
Found heuristic solution: objective -36247.00000
Variable types: 0 continuous, 6792 integer (6792 binary)
Optimize a model with 2239 rows, 6792 columns and 13584 nonzeros
Coefficient statistics:
  Matrix range    [1e+00, 4e+01]
  Objective range [1e+01, 2e+02]
  Bounds range    [1e+00, 1e+00]
  RHS range       [1e+00, 8e+01]
Presolved: 2239 rows, 6792 columns, 13584 nonzeros

Root barrier log...

Ordering time: 0.00s

Barrier statistics:
 AA' NZ     : 6.792e+03
 Factor NZ  : 3.935e+04 (roughly 4 MBytes of memory)
 Factor Ops : 3.150e+06 (less than 1 second per iteration)
 Threads    : 1

                  Objective                Residual
Iter       Primal          Dual         Primal    Dual     Compl     Time
   0  -1.40543942e+05 -8.24735686e+05  1.46e+01 1.87e+01  2.83e+02     0s
   1  -6.33437426e+04 -5.14436803e+05  3.58e+00 8.53e-14  6.77e+01     0s
   2  -4.16809505e+04 -1.80299848e+05  2.43e-01 5.68e-14  1.09e+01     0s
   3  -4.08788938e+04 -5.46061072e+04  3.98e-03 9.09e-13  9.90e-01     0s
   4  -4.17221978e+04 -4.46106551e+04  1.26e-03 1.42e-13  2.09e-01     0s
   5  -4.20873745e+04 -4.32124893e+04  4.49e-04 5.68e-14  8.12e-02     0s
   6  -4.22312190e+04 -4.26342686e+04  1.92e-04 3.65e-14  2.91e-02     0s
   7  -4.23051163e+04 -4.23861221e+04  7.07e-05 3.38e-14  5.89e-03     0s
   8  -4.23468009e+04 -4.23542710e+04  2.64e-06 5.68e-14  5.40e-04     0s
   9  -4.23502881e+04 -4.23506990e+04  1.18e-12 4.26e-14  2.95e-05     0s
  10  -4.23503276e+04 -4.23503277e+04  5.73e-13 5.68e-14  1.04e-08     0s
  11  -4.23503276e+04 -4.23503276e+04  5.22e-14 5.68e-14  1.38e-14     0s

Barrier solved model in 11 iterations and 0.12 seconds
Optimal objective -4.23503276e+04


Root relaxation: objective -4.235033e+04, 4092 iterations, 0.10 seconds

    Nodes    |    Current Node    |     Objective Bounds      |     Work
 Expl Unexpl |  Obj  Depth IntInf | Incumbent    BestBd   Gap | It/Node Time

     0     0 -42350.328    0  199 -36247.000 -42350.328  16.8%     -    0s
     0     0 -41774.857    0  210 -36247.000 -41774.857  15.3%     -    0s
H    0     0                    -38867.00000 -41774.857  7.48%     -    0s
H    0     0                    -39606.00000 -41774.857  5.48%     -    0s
H    0     0                    -40210.00000 -41774.857  3.89%     -    0s
     0     0 -41740.581    0  234 -40210.000 -41740.581  3.81%     -    0s
     0     0 -41206.364    0  166 -40210.000 -41206.364  2.48%     -    0s
H    0     0                    -40592.00000 -41206.364  1.51%     -    0s
     0     0 -41187.000    0  195 -40592.000 -41187.000  1.47%     -    0s
     0     0 -41163.911    0  191 -40592.000 -41163.911  1.41%     -    0s
H    0     0                    -40631.00000 -41163.911  1.31%     -    0s
     0     0 -41149.088    0  189 -40631.000 -41149.088  1.28%     -    0s
     0     0 -41138.342    0  199 -40631.000 -41138.342  1.25%     -    0s
H    0     0                    -40635.00000 -41138.342  1.24%     -    0s
     0     0 -41137.831    0  195 -40635.000 -41137.831  1.24%     -    0s
     0     0 -41137.831    0   95 -40635.000 -41137.831  1.24%     -    0s
H    0     0                    -40744.00000 -41137.831  0.97%     -    0s

Cutting planes:
  Gomory: 8
  Cover: 146
  Clique: 8
  MIR: 41

Explored 0 nodes (8995 simplex iterations) in 0.97 seconds
Thread count was 16 (of 16 available processors)

Optimal solution found (tolerance 1.00e-02)
Best objective -4.074400000000e+04, best bound -4.113700000000e+04, gap 0.9646%
Changed value of parameter MIPGap to 0.01
   Prev: 0.0001  Min: 0.0  Max: 1e+100  Default: 0.0001
Changed value of parameter TimeLimit to 1800.0
   Prev: 1e+100  Min: 0.0  Max: 1e+100  Default: 1e+100
Changed value of parameter Method to 2
   Prev: -1  Min: -1  Max: 4  Default: -1
Changed value of parameter MIPFocus to 1
   Prev: 0  Min: 0  Max: 3  Default: 0
Optimize a model with 2328 rows, 7098 columns and 14196 nonzeros
Coefficient statistics:
  Matrix range    [1e+00, 4e+01]
  Objective range [2e+01, 4e+02]
  Bounds range    [1e+00, 1e+00]
  RHS range       [8e+01, 8e+01]
Found heuristic solution: objective 0
Presolve removed 89 rows and 306 columns
Presolve time: 0.04s
Presolved: 2239 rows, 6792 columns, 13584 nonzeros
Found heuristic solution: objective -71557.00000
Variable types: 0 continuous, 6792 integer (6792 binary)
Optimize a model with 2239 rows, 6792 columns and 13584 nonzeros
Coefficient statistics:
  Matrix range    [1e+00, 4e+01]
  Objective range [2e+01, 4e+02]
  Bounds range    [1e+00, 1e+00]
  RHS range       [1e+00, 8e+01]
Presolved: 2239 rows, 6792 columns, 13584 nonzeros

Root barrier log...

Ordering time: 0.00s

Barrier statistics:
 AA' NZ     : 6.792e+03
 Factor NZ  : 3.935e+04 (roughly 4 MBytes of memory)
 Factor Ops : 3.150e+06 (less than 1 second per iteration)
 Threads    : 1

                  Objective                Residual
Iter       Primal          Dual         Primal    Dual     Compl     Time
   0  -2.77941167e+05 -1.64508513e+06  1.46e+01 3.71e+01  5.65e+02     0s
   1  -1.25349324e+05 -1.02584370e+06  3.58e+00 2.27e-13  1.35e+02     0s
   2  -8.24561387e+04 -3.59480770e+05  2.43e-01 1.42e-13  2.19e+01     0s
   3  -8.08755735e+04 -1.08349559e+05  4.16e-03 7.39e-13  1.98e+00     0s
   4  -8.25815193e+04 -8.91641637e+04  1.04e-03 2.27e-13  4.74e-01     0s
   5  -8.32395546e+04 -8.60916509e+04  4.04e-04 1.14e-13  2.05e-01     0s
   6  -8.36261394e+04 -8.43908403e+04  1.16e-04 1.14e-13  5.51e-02     0s
   7  -8.37217859e+04 -8.39451711e+04  5.33e-05 1.14e-13  1.61e-02     0s
   8  -8.37953274e+04 -8.38330902e+04  9.25e-06 1.14e-13  2.73e-03     0s
   9  -8.38117334e+04 -8.38133451e+04  3.17e-13 1.14e-13  1.16e-04     0s
  10  -8.38119870e+04 -8.38119889e+04  4.07e-13 1.14e-13  1.38e-07     0s
  11  -8.38119871e+04 -8.38119871e+04  2.18e-13 1.14e-13  1.46e-13     0s

Barrier solved model in 11 iterations and 0.12 seconds
Optimal objective -8.38119871e+04


Root relaxation: objective -8.381199e+04, 4173 iterations, 0.09 seconds

    Nodes    |    Current Node    |     Objective Bounds      |     Work
 Expl Unexpl |  Obj  Depth IntInf | Incumbent    BestBd   Gap | It/Node Time

     0     0 -83811.987    0  162 -71557.000 -83811.987  17.1%     -    0s
H    0     0                    -75910.00000 -83811.987  10.4%     -    0s
H    0     0                    -77598.00000 -83811.987  8.01%     -    0s
H    0     0                    -77831.00000 -83811.987  7.68%     -    0s
     0     0 -82600.051    0  211 -77831.000 -82600.051  6.13%     -    0s
H    0     0                    -80041.00000 -82600.051  3.20%     -    0s
     0     0 -82462.805    0  223 -80041.000 -82462.805  3.03%     -    0s
     0     0 -81501.514    0  160 -80041.000 -81501.514  1.82%     -    0s
H    0     0                    -80267.00000 -81501.514  1.54%     -    0s
     0     0 -81474.632    0  175 -80267.000 -81474.632  1.50%     -    0s
     0     0 -81459.326    0  164 -80267.000 -81459.326  1.49%     -    0s
H    0     0                    -80535.00000 -81459.326  1.15%     -    0s
H    0     0                    -80759.00000 -81459.326  0.87%     -    0s

Cutting planes:
  Gomory: 12
  Cover: 132
  Clique: 3
  MIR: 35

Explored 0 nodes (7295 simplex iterations) in 0.63 seconds
Thread count was 16 (of 16 available processors)

Optimal solution found (tolerance 1.00e-02)
Best objective -8.075900000000e+04, best bound -8.145900000000e+04, gap 0.8668%
Changed value of parameter MIPGap to 0.01
   Prev: 0.0001  Min: 0.0  Max: 1e+100  Default: 0.0001
Changed value of parameter TimeLimit to 1800.0
   Prev: 1e+100  Min: 0.0  Max: 1e+100  Default: 1e+100
Changed value of parameter Method to 2
   Prev: -1  Min: -1  Max: 4  Default: -1
Changed value of parameter MIPFocus to 1
   Prev: 0  Min: 0  Max: 3  Default: 0
Optimize a model with 2328 rows, 7098 columns and 14196 nonzeros
Coefficient statistics:
  Matrix range    [1e+00, 4e+01]
  Objective range [5e+01, 1e+03]
  Bounds range    [1e+00, 1e+00]
  RHS range       [8e+01, 8e+01]
Found heuristic solution: objective 0
Presolve removed 89 rows and 306 columns
Presolve time: 0.04s
Presolved: 2239 rows, 6792 columns, 13584 nonzeros
Found heuristic solution: objective -177487.0000
Variable types: 0 continuous, 6792 integer (6792 binary)
Optimize a model with 2239 rows, 6792 columns and 13584 nonzeros
Coefficient statistics:
  Matrix range    [1e+00, 4e+01]
  Objective range [5e+01, 1e+03]
  Bounds range    [1e+00, 1e+00]
  RHS range       [1e+00, 8e+01]
Presolved: 2239 rows, 6792 columns, 13584 nonzeros

Root barrier log...

Ordering time: 0.00s

Barrier statistics:
 AA' NZ     : 6.792e+03
 Factor NZ  : 3.935e+04 (roughly 4 MBytes of memory)
 Factor Ops : 3.150e+06 (less than 1 second per iteration)
 Threads    : 1

                  Objective                Residual
Iter       Primal          Dual         Primal    Dual     Compl     Time
   0  -6.90132836e+05 -4.10613344e+06  1.46e+01 9.24e+01  1.41e+03     0s
   1  -3.11365923e+05 -2.56006486e+06  3.58e+00 5.12e-13  3.37e+02     0s
   2  -2.04783166e+05 -8.97025113e+05  2.43e-01 2.56e-13  5.47e+01     0s
   3  -2.00869070e+05 -2.69541956e+05  4.26e-03 1.82e-12  4.95e+00     0s
   4  -2.05100253e+05 -2.21313913e+05  1.08e-03 3.41e-13  1.17e+00     0s
   5  -2.06746252e+05 -2.14186716e+05  4.28e-04 3.41e-13  5.36e-01     0s
   6  -2.07734748e+05 -2.09767409e+05  1.20e-04 2.27e-13  1.46e-01     0s
   7  -2.08143124e+05 -2.08673974e+05  8.42e-06 2.27e-13  3.81e-02     0s
   8  -2.08184107e+05 -2.08257934e+05  1.54e-06 2.27e-13  5.31e-03     0s
   9  -2.08196687e+05 -2.08200172e+05  8.73e-10 2.27e-13  2.50e-04     0s
  10  -2.08196966e+05 -2.08196966e+05  4.51e-14 3.41e-13  2.60e-09     0s

Barrier solved model in 10 iterations and 0.12 seconds
Optimal objective -2.08196966e+05


Root relaxation: objective -2.081970e+05, 4676 iterations, 0.09 seconds

    Nodes    |    Current Node    |     Objective Bounds      |     Work
 Expl Unexpl |  Obj  Depth IntInf | Incumbent    BestBd   Gap | It/Node Time

     0     0 -208196.97    0  152 -177487.00 -208196.97  17.3%     -    0s
H    0     0                    -190380.0000 -208196.97  9.36%     -    0s
H    0     0                    -192669.0000 -208196.97  8.06%     -    0s
H    0     0                    -192676.0000 -208196.97  8.06%     -    0s
H    0     0                    -193677.0000 -208196.97  7.50%     -    0s
     0     0 -204616.74    0  182 -193677.00 -204616.74  5.65%     -    0s
H    0     0                    -196605.0000 -204616.74  4.08%     -    0s
H    0     0                    -198862.0000 -204616.74  2.89%     -    0s
     0     0 -204414.14    0  198 -198862.00 -204414.14  2.79%     -    0s
     0     0 -202850.37    0  156 -198862.00 -202850.37  2.01%     -    0s
H    0     0                    -199008.0000 -202850.37  1.93%     -    0s
     0     0 -202296.29    0  168 -199008.00 -202296.29  1.65%     -    0s
     0     0 -202214.86    0  170 -199008.00 -202214.86  1.61%     -    0s
H    0     0                    -200410.0000 -202214.86  0.90%     -    0s

Cutting planes:
  Gomory: 6
  Cover: 111
  Clique: 5
  MIR: 30

Explored 0 nodes (8071 simplex iterations) in 0.62 seconds
Thread count was 16 (of 16 available processors)

Optimal solution found (tolerance 1.00e-02)
Best objective -2.004100000000e+05, best bound -2.022140000000e+05, gap 0.9002%
Changed value of parameter MIPGap to 0.01
   Prev: 0.0001  Min: 0.0  Max: 1e+100  Default: 0.0001
Changed value of parameter TimeLimit to 1800.0
   Prev: 1e+100  Min: 0.0  Max: 1e+100  Default: 1e+100
Changed value of parameter Method to 2
   Prev: -1  Min: -1  Max: 4  Default: -1
Changed value of parameter MIPFocus to 1
   Prev: 0  Min: 0  Max: 3  Default: 0
Optimize a model with 2328 rows, 7098 columns and 14196 nonzeros
Coefficient statistics:
  Matrix range    [1e+00, 4e+01]
  Objective range [5e+02, 1e+04]
  Bounds range    [1e+00, 1e+00]
  RHS range       [8e+01, 8e+01]
Found heuristic solution: objective 0
Presolve removed 89 rows and 306 columns
Presolve time: 0.04s
Presolved: 2239 rows, 6792 columns, 13584 nonzeros
Found heuristic solution: objective -1766437.000
Variable types: 0 continuous, 6792 integer (6792 binary)
Optimize a model with 2239 rows, 6792 columns and 13584 nonzeros
Coefficient statistics:
  Matrix range    [1e+00, 4e+01]
  Objective range [5e+02, 1e+04]
  Bounds range    [1e+00, 1e+00]
  RHS range       [1e+00, 8e+01]
Presolved: 2239 rows, 6792 columns, 13584 nonzeros

Root barrier log...

Ordering time: 0.00s

Barrier statistics:
 AA' NZ     : 6.792e+03
 Factor NZ  : 3.935e+04 (roughly 4 MBytes of memory)
 Factor Ops : 3.150e+06 (less than 1 second per iteration)
 Threads    : 1

                  Objective                Residual
Iter       Primal          Dual         Primal    Dual     Compl     Time
   0  -6.87300783e+06 -4.10218582e+07  1.46e+01 9.22e+02  1.41e+04     0s
   1  -3.10161436e+06 -2.55733838e+07  3.58e+00 5.91e-12  3.37e+03     0s
   2  -2.03969388e+06 -8.96019596e+06  2.43e-01 3.64e-12  5.46e+02     0s
   3  -2.00078418e+06 -2.68726800e+06  4.31e-03 1.46e-11  4.95e+01     0s
   4  -2.04290135e+06 -2.20344971e+06  1.10e-03 5.46e-12  1.16e+01     0s
   5  -2.05936165e+06 -2.12890325e+06  4.43e-04 3.64e-12  5.01e+00     0s
   6  -2.06938873e+06 -2.08979434e+06  1.25e-04 1.82e-12  1.47e+00     0s
   7  -2.07262076e+06 -2.07730738e+06  3.29e-05 3.64e-12  3.38e-01     0s
   8  -2.07360383e+06 -2.07432991e+06  7.65e-06 1.82e-12  5.25e-02     0s
   9  -2.07396859e+06 -2.07398615e+06  2.25e-09 3.64e-12  1.26e-03     0s
  10  -2.07397164e+06 -2.07397164e+06  3.50e-13 3.64e-12  1.09e-07     0s
  11  -2.07397164e+06 -2.07397164e+06  2.09e-13 3.48e-12  1.74e-13     0s

Barrier solved model in 11 iterations and 0.12 seconds
Optimal objective -2.07397164e+06


Root relaxation: objective -2.073972e+06, 4067 iterations, 0.09 seconds

    Nodes    |    Current Node    |     Objective Bounds      |     Work
 Expl Unexpl |  Obj  Depth IntInf | Incumbent    BestBd   Gap | It/Node Time

     0     0 -2073971.6    0  165 -1766437.0 -2073971.6  17.4%     -    0s
     0     0 -2048049.7    0  236 -1766437.0 -2048049.7  15.9%     -    0s
H    0     0                    -1850924.000 -2048049.7  10.7%     -    0s
H    0     0                    -1941404.000 -2048049.7  5.49%     -    0s
H    0     0                    -1975923.000 -2048049.7  3.65%     -    0s
     0     0 -2045518.9    0  255 -1975923.0 -2045518.9  3.52%     -    0s
     0     0 -2016501.7    0  184 -1975923.0 -2016501.7  2.05%     -    0s
H    0     0                    -1985924.000 -2016501.7  1.54%     -    0s
     0     0 -2014684.6    0  206 -1985924.0 -2014684.6  1.45%     -    0s
     0     0 -2013590.9    0  212 -1985924.0 -2013590.9  1.39%     -    0s
H    0     0                    -1993914.000 -2013590.9  0.99%     -    0s

Cutting planes:
  Gomory: 6
  Cover: 152
  Clique: 3
  MIR: 42

Explored 0 nodes (7845 simplex iterations) in 0.66 seconds
Thread count was 16 (of 16 available processors)

Optimal solution found (tolerance 1.00e-02)
Best objective -1.993914000000e+06, best bound -2.013590932568e+06, gap 0.9868%
