Changed value of parameter MIPGap to 0.01
   Prev: 0.0001  Min: 0.0  Max: 1e+100  Default: 0.0001
Changed value of parameter TimeLimit to 1800.0
   Prev: 1e+100  Min: 0.0  Max: 1e+100  Default: 1e+100
Changed value of parameter Method to 2
   Prev: -1  Min: -1  Max: 4  Default: -1
Changed value of parameter MIPFocus to 1
   Prev: 0  Min: 0  Max: 3  Default: 0
Optimize a model with 2184 rows, 3126 columns and 6252 nonzeros
Coefficient statistics:
  Matrix range    [1e+00, 2e+01]
  Objective range [1e+00, 1e+00]
  Bounds range    [1e+00, 1e+00]
  RHS range       [8e+01, 8e+01]
Found heuristic solution: objective 0
Presolve removed 2119 rows and 2429 columns
Presolve time: 0.07s
Presolved: 65 rows, 697 columns, 1269 nonzeros
Found heuristic solution: objective -796.0000000
Variable types: 0 continuous, 697 integer (603 binary)
Optimize a model with 65 rows, 697 columns and 1269 nonzeros
Coefficient statistics:
  Matrix range    [1e+00, 2e+01]
  Objective range [1e+00, 1e+00]
  Bounds range    [1e+00, 1e+01]
  RHS range       [2e+01, 8e+01]
Presolved: 65 rows, 697 columns, 1269 nonzeros

Root barrier log...

Ordering time: 0.00s

Barrier statistics:
 AA' NZ     : 5.510e+02
 Factor NZ  : 1.756e+03
 Factor Ops : 6.027e+04 (less than 1 second per iteration)
 Threads    : 1

                  Objective                Residual
Iter       Primal          Dual         Primal    Dual     Compl     Time
   0  -2.50344104e+03 -3.25704096e+03  1.47e+01 8.88e-16  5.64e+00     0s
   1  -9.44623251e+02 -1.99448638e+03  1.10e+00 1.05e+00  1.06e+00     0s
   2  -8.69052507e+02 -1.06138601e+03  4.30e-03 9.85e-02  1.44e-01     0s
   3  -9.11163047e+02 -9.52960301e+02  7.70e-03 6.77e-03  3.07e-02     0s
   4  -9.25781075e+02 -9.36313753e+02  4.38e-04 3.55e-15  7.77e-03     0s
   5  -9.29409754e+02 -9.33221526e+02  2.33e-04 1.78e-15  2.84e-03     0s
   6  -9.31456999e+02 -9.32226489e+02  0.00e+00 1.78e-15  5.65e-04     0s
   7  -9.31877876e+02 -9.31912834e+02  0.00e+00 3.55e-15  2.53e-05     0s
   8  -9.31896820e+02 -9.31896835e+02  0.00e+00 3.55e-15  1.09e-08     0s
   9  -9.31896825e+02 -9.31896825e+02  0.00e+00 3.55e-15  1.09e-11     0s

Barrier solved model in 9 iterations and 0.16 seconds
Optimal objective -9.31896825e+02


Root relaxation: objective -9.318968e+02, 76 iterations, 0.08 seconds

    Nodes    |    Current Node    |     Objective Bounds      |     Work
 Expl Unexpl |  Obj  Depth IntInf | Incumbent    BestBd   Gap | It/Node Time

     0     0 -931.89683    0   38 -796.00000 -931.89683  17.1%     -    0s
H    0     0                    -918.0000000 -931.89683  1.51%     -    0s
H    0     0                    -919.0000000 -931.89683  1.40%     -    0s
     0     0 -924.62810    0   41 -919.00000 -924.62810  0.61%     -    0s

Cutting planes:
  Gomory: 5
  Cover: 1
  MIR: 40

Explored 0 nodes (238 simplex iterations) in 0.26 seconds
Thread count was 16 (of 16 available processors)

Optimal solution found (tolerance 1.00e-02)
Best objective -9.190000000000e+02, best bound -9.240000000000e+02, gap 0.5441%
Changed value of parameter MIPGap to 0.01
   Prev: 0.0001  Min: 0.0  Max: 1e+100  Default: 0.0001
Changed value of parameter TimeLimit to 1800.0
   Prev: 1e+100  Min: 0.0  Max: 1e+100  Default: 1e+100
Changed value of parameter Method to 2
   Prev: -1  Min: -1  Max: 4  Default: -1
Changed value of parameter MIPFocus to 1
   Prev: 0  Min: 0  Max: 3  Default: 0
Optimize a model with 2184 rows, 3126 columns and 6252 nonzeros
Coefficient statistics:
  Matrix range    [1e+00, 2e+01]
  Objective range [1e+00, 1e+00]
  Bounds range    [1e+00, 1e+00]
  RHS range       [8e+01, 8e+01]
Found heuristic solution: objective 0
Presolve removed 2119 rows and 2413 columns
Presolve time: 0.01s
Presolved: 65 rows, 713 columns, 1285 nonzeros
Found heuristic solution: objective -800.7545000
Variable types: 0 continuous, 713 integer (608 binary)
Optimize a model with 65 rows, 713 columns and 1285 nonzeros
Coefficient statistics:
  Matrix range    [1e+00, 2e+01]
  Objective range [1e+00, 1e+00]
  Bounds range    [1e+00, 1e+01]
  RHS range       [2e+01, 8e+01]
Presolved: 65 rows, 713 columns, 1285 nonzeros

Root barrier log...

Ordering time: 0.00s

Barrier statistics:
 AA' NZ     : 5.510e+02
 Factor NZ  : 1.756e+03
 Factor Ops : 6.027e+04 (less than 1 second per iteration)
 Threads    : 1

                  Objective                Residual
Iter       Primal          Dual         Primal    Dual     Compl     Time
   0  -2.68993603e+03 -3.32920817e+03  1.59e+01 1.78e-15  5.99e+00     0s
   1  -9.53868657e+02 -2.06207624e+03  1.17e+00 1.06e+00  1.11e+00     0s
   2  -8.66666536e+02 -1.07622379e+03  3.48e-03 1.14e-01  1.53e-01     0s
   3  -9.07398209e+02 -9.54819338e+02  1.07e-02 8.15e-03  3.45e-02     0s
   4  -9.27183324e+02 -9.39428146e+02  9.57e-05 1.78e-15  8.75e-03     0s
   5  -9.31380288e+02 -9.35584079e+02  1.89e-05 1.78e-15  3.00e-03     0s
   6  -9.33008639e+02 -9.33994303e+02  0.00e+00 1.78e-15  6.97e-04     0s
   7  -9.33456058e+02 -9.33542276e+02  0.00e+00 1.78e-15  6.14e-05     0s
   8  -9.33509191e+02 -9.33512125e+02  0.00e+00 1.78e-15  2.07e-06     0s
   9  -9.33510792e+02 -9.33510795e+02  0.00e+00 3.55e-15  2.07e-09     0s

Barrier solved model in 9 iterations and 0.02 seconds
Optimal objective -9.33510792e+02


Root relaxation: objective -9.335108e+02, 75 iterations, 0.01 seconds

    Nodes    |    Current Node    |     Objective Bounds      |     Work
 Expl Unexpl |  Obj  Depth IntInf | Incumbent    BestBd   Gap | It/Node Time

     0     0 -933.51079    0   37 -800.75450 -933.51079  16.6%     -    0s
H    0     0                    -919.5655000 -933.51079  1.52%     -    0s
H    0     0                    -921.5580000 -933.51079  1.30%     -    0s
     0     0 -926.37849    0   51 -921.55800 -926.37849  0.52%     -    0s

Cutting planes:
  Gomory: 5
  MIR: 40

Explored 0 nodes (229 simplex iterations) in 0.05 seconds
Thread count was 16 (of 16 available processors)

Optimal solution found (tolerance 1.00e-02)
Best objective -9.215580000000e+02, best bound -9.263784865553e+02, gap 0.5231%
Changed value of parameter MIPGap to 0.01
   Prev: 0.0001  Min: 0.0  Max: 1e+100  Default: 0.0001
Changed value of parameter TimeLimit to 1800.0
   Prev: 1e+100  Min: 0.0  Max: 1e+100  Default: 1e+100
Changed value of parameter Method to 2
   Prev: -1  Min: -1  Max: 4  Default: -1
Changed value of parameter MIPFocus to 1
   Prev: 0  Min: 0  Max: 3  Default: 0
Optimize a model with 2184 rows, 3126 columns and 6252 nonzeros
Coefficient statistics:
  Matrix range    [1e+00, 2e+01]
  Objective range [1e+00, 1e+00]
  Bounds range    [1e+00, 1e+00]
  RHS range       [8e+01, 8e+01]
Found heuristic solution: objective 0
Presolve removed 2119 rows and 2413 columns
Presolve time: 0.01s
Presolved: 65 rows, 713 columns, 1285 nonzeros
Found heuristic solution: objective -802.5090000
Variable types: 0 continuous, 713 integer (608 binary)
Optimize a model with 65 rows, 713 columns and 1285 nonzeros
Coefficient statistics:
  Matrix range    [1e+00, 2e+01]
  Objective range [1e+00, 1e+00]
  Bounds range    [1e+00, 1e+01]
  RHS range       [2e+01, 8e+01]
Presolved: 65 rows, 713 columns, 1285 nonzeros

Root barrier log...

Ordering time: 0.00s

Barrier statistics:
 AA' NZ     : 5.510e+02
 Factor NZ  : 1.756e+03
 Factor Ops : 6.027e+04 (less than 1 second per iteration)
 Threads    : 1

                  Objective                Residual
Iter       Primal          Dual         Primal    Dual     Compl     Time
   0  -2.69379808e+03 -3.33069036e+03  1.59e+01 1.33e-15  5.99e+00     0s
   1  -9.55531458e+02 -2.06332560e+03  1.17e+00 1.06e+00  1.11e+00     0s
   2  -8.68210340e+02 -1.07755484e+03  3.48e-03 1.14e-01  1.52e-01     0s
   3  -9.08976011e+02 -9.56246928e+02  1.07e-02 7.91e-03  3.44e-02     0s
   4  -9.28611517e+02 -9.40989121e+02  1.04e-04 3.55e-15  8.86e-03     0s
   5  -9.32901730e+02 -9.37083121e+02  2.19e-05 1.78e-15  3.00e-03     0s
   6  -9.34584365e+02 -9.35602799e+02  0.00e+00 3.55e-15  7.22e-04     0s
   7  -9.35051569e+02 -9.35158187e+02  0.00e+00 1.78e-15  7.65e-05     0s
   8  -9.35121643e+02 -9.35125804e+02  0.00e+00 3.55e-15  2.99e-06     0s
   9  -9.35124758e+02 -9.35124763e+02  0.00e+00 3.55e-15  2.99e-09     0s

Barrier solved model in 9 iterations and 0.02 seconds
Optimal objective -9.35124758e+02


Root relaxation: objective -9.351248e+02, 74 iterations, 0.01 seconds

    Nodes    |    Current Node    |     Objective Bounds      |     Work
 Expl Unexpl |  Obj  Depth IntInf | Incumbent    BestBd   Gap | It/Node Time

     0     0 -935.12476    0   39 -802.50900 -935.12476  16.5%     -    0s
H    0     0                    -921.1310000 -935.12476  1.52%     -    0s
H    0     0                    -922.1150000 -935.12476  1.41%     -    0s
     0     0 -927.90747    0   50 -922.11500 -927.90747  0.63%     -    0s

Cutting planes:
  Gomory: 6
  MIR: 40

Explored 0 nodes (223 simplex iterations) in 0.05 seconds
Thread count was 16 (of 16 available processors)

Optimal solution found (tolerance 1.00e-02)
Best objective -9.221150000000e+02, best bound -9.279074726523e+02, gap 0.6282%
Changed value of parameter MIPGap to 0.01
   Prev: 0.0001  Min: 0.0  Max: 1e+100  Default: 0.0001
Changed value of parameter TimeLimit to 1800.0
   Prev: 1e+100  Min: 0.0  Max: 1e+100  Default: 1e+100
Changed value of parameter Method to 2
   Prev: -1  Min: -1  Max: 4  Default: -1
Changed value of parameter MIPFocus to 1
   Prev: 0  Min: 0  Max: 3  Default: 0
Optimize a model with 2184 rows, 3126 columns and 6252 nonzeros
Coefficient statistics:
  Matrix range    [1e+00, 2e+01]
  Objective range [1e+00, 1e+00]
  Bounds range    [1e+00, 1e+00]
  RHS range       [8e+01, 8e+01]
Found heuristic solution: objective 0
Presolve removed 2119 rows and 2413 columns
Presolve time: 0.01s
Presolved: 65 rows, 713 columns, 1285 nonzeros
Found heuristic solution: objective -806.0180000
Variable types: 0 continuous, 713 integer (608 binary)
Optimize a model with 65 rows, 713 columns and 1285 nonzeros
Coefficient statistics:
  Matrix range    [1e+00, 2e+01]
  Objective range [1e+00, 1e+00]
  Bounds range    [1e+00, 1e+01]
  RHS range       [2e+01, 8e+01]
Presolved: 65 rows, 713 columns, 1285 nonzeros

Root barrier log...

Ordering time: 0.00s

Barrier statistics:
 AA' NZ     : 5.510e+02
 Factor NZ  : 1.756e+03
 Factor Ops : 6.027e+04 (less than 1 second per iteration)
 Threads    : 1

                  Objective                Residual
Iter       Primal          Dual         Primal    Dual     Compl     Time
   0  -2.70152210e+03 -3.33365474e+03  1.59e+01 1.78e-15  5.99e+00     0s
   1  -9.58858459e+02 -2.06582460e+03  1.17e+00 1.06e+00  1.11e+00     0s
   2  -8.71301032e+02 -1.08021743e+03  3.46e-03 1.13e-01  1.52e-01     0s
   3  -9.12948143e+02 -9.60249404e+02  9.99e-03 7.10e-03  3.43e-02     0s
   4  -9.31563588e+02 -9.43242447e+02  1.23e-04 3.55e-15  8.43e-03     0s
   5  -9.35928922e+02 -9.39918482e+02  3.08e-05 1.78e-15  2.89e-03     0s
   6  -9.37809041e+02 -9.38789791e+02  0.00e+00 1.78e-15  6.98e-04     0s
   7  -9.38269401e+02 -9.38385802e+02  0.00e+00 3.55e-15  8.40e-05     0s
   8  -9.38350555e+02 -9.38353425e+02  0.00e+00 3.55e-15  2.07e-06     0s
   9  -9.38352696e+02 -9.38352699e+02  0.00e+00 3.55e-15  2.07e-09     0s

Barrier solved model in 9 iterations and 0.02 seconds
Optimal objective -9.38352696e+02


Root relaxation: objective -9.383527e+02, 73 iterations, 0.01 seconds

    Nodes    |    Current Node    |     Objective Bounds      |     Work
 Expl Unexpl |  Obj  Depth IntInf | Incumbent    BestBd   Gap | It/Node Time

     0     0 -938.35270    0   39 -806.01800 -938.35270  16.4%     -    0s
H    0     0                    -924.2620000 -938.35270  1.52%     -    0s
H    0     0                    -926.2320000 -938.35270  1.31%     -    0s
H    0     0                    -926.3380000 -938.35270  1.30%     -    0s
     0     0 -931.42599    0   47 -926.33800 -931.42599  0.55%     -    0s

Cutting planes:
  Gomory: 5
  MIR: 40

Explored 0 nodes (254 simplex iterations) in 0.05 seconds
Thread count was 16 (of 16 available processors)

Optimal solution found (tolerance 1.00e-02)
Best objective -9.263380000000e+02, best bound -9.314259935542e+02, gap 0.5493%
Changed value of parameter MIPGap to 0.01
   Prev: 0.0001  Min: 0.0  Max: 1e+100  Default: 0.0001
Changed value of parameter TimeLimit to 1800.0
   Prev: 1e+100  Min: 0.0  Max: 1e+100  Default: 1e+100
Changed value of parameter Method to 2
   Prev: -1  Min: -1  Max: 4  Default: -1
Changed value of parameter MIPFocus to 1
   Prev: 0  Min: 0  Max: 3  Default: 0
Optimize a model with 2184 rows, 3126 columns and 6252 nonzeros
Coefficient statistics:
  Matrix range    [1e+00, 2e+01]
  Objective range [1e+00, 1e+00]
  Bounds range    [1e+00, 1e+00]
  RHS range       [8e+01, 8e+01]
Found heuristic solution: objective 0
Presolve removed 2119 rows and 2413 columns
Presolve time: 0.01s
Presolved: 65 rows, 713 columns, 1285 nonzeros
Found heuristic solution: objective -813.0360000
Variable types: 0 continuous, 713 integer (608 binary)
Optimize a model with 65 rows, 713 columns and 1285 nonzeros
Coefficient statistics:
  Matrix range    [1e+00, 2e+01]
  Objective range [1e+00, 1e+00]
  Bounds range    [1e+00, 1e+01]
  RHS range       [2e+01, 8e+01]
Presolved: 65 rows, 713 columns, 1285 nonzeros

Root barrier log...

Ordering time: 0.00s

Barrier statistics:
 AA' NZ     : 5.510e+02
 Factor NZ  : 1.756e+03
 Factor Ops : 6.027e+04 (less than 1 second per iteration)
 Threads    : 1

                  Objective                Residual
Iter       Primal          Dual         Primal    Dual     Compl     Time
   0  -2.71696984e+03 -3.33958351e+03  1.59e+01 8.88e-16  5.99e+00     0s
   1  -9.65518047e+02 -2.07082371e+03  1.17e+00 1.05e+00  1.11e+00     0s
   2  -8.77494106e+02 -1.08554738e+03  3.44e-03 1.12e-01  1.51e-01     0s
   3  -9.19364579e+02 -9.65568593e+02  1.00e-02 5.74e-03  3.35e-02     0s
   4  -9.37590984e+02 -9.49671089e+02  1.41e-04 3.55e-15  8.74e-03     0s
   5  -9.41778105e+02 -9.46601634e+02  3.27e-05 1.78e-15  3.50e-03     0s
   6  -9.43695596e+02 -9.45534874e+02  0.00e+00 1.78e-15  1.33e-03     0s
   7  -9.44347345e+02 -9.45016771e+02  0.00e+00 3.55e-15  4.89e-04     0s
   8  -9.44806666e+02 -9.44855960e+02  1.51e-08 1.78e-15  3.54e-05     0s
   9  -9.44837669e+02 -9.44837760e+02  0.00e+00 3.55e-15  6.11e-08     0s
  10  -9.44837714e+02 -9.44837714e+02  0.00e+00 3.55e-15  6.23e-14     0s

Barrier solved model in 10 iterations and 0.02 seconds
Optimal objective -9.44837714e+02


Root relaxation: objective -9.448377e+02, 76 iterations, 0.01 seconds

    Nodes    |    Current Node    |     Objective Bounds      |     Work
 Expl Unexpl |  Obj  Depth IntInf | Incumbent    BestBd   Gap | It/Node Time

     0     0 -944.83771    0   37 -813.03600 -944.83771  16.2%     -    0s
H    0     0                    -929.5200000 -944.83771  1.65%     -    0s
H    0     0                    -931.5080000 -944.83771  1.43%     -    0s
H    0     0                    -931.5560000 -944.83771  1.43%     -    0s
     0     0 -937.99133    0   52 -931.55600 -937.99133  0.69%     -    0s

Cutting planes:
  Gomory: 6
  MIR: 37

Explored 0 nodes (231 simplex iterations) in 0.05 seconds
Thread count was 16 (of 16 available processors)

Optimal solution found (tolerance 1.00e-02)
Best objective -9.315560000000e+02, best bound -9.379913349051e+02, gap 0.6908%
Changed value of parameter MIPGap to 0.01
   Prev: 0.0001  Min: 0.0  Max: 1e+100  Default: 0.0001
Changed value of parameter TimeLimit to 1800.0
   Prev: 1e+100  Min: 0.0  Max: 1e+100  Default: 1e+100
Changed value of parameter Method to 2
   Prev: -1  Min: -1  Max: 4  Default: -1
Changed value of parameter MIPFocus to 1
   Prev: 0  Min: 0  Max: 3  Default: 0
Optimize a model with 2184 rows, 3126 columns and 6252 nonzeros
Coefficient statistics:
  Matrix range    [1e+00, 2e+01]
  Objective range [1e+00, 1e+00]
  Bounds range    [1e+00, 1e+00]
  RHS range       [8e+01, 8e+01]
Found heuristic solution: objective 0
Presolve removed 2119 rows and 2413 columns
Presolve time: 0.01s
Presolved: 65 rows, 713 columns, 1285 nonzeros
Found heuristic solution: objective -816.5450000
Variable types: 0 continuous, 713 integer (608 binary)
Optimize a model with 65 rows, 713 columns and 1285 nonzeros
Coefficient statistics:
  Matrix range    [1e+00, 2e+01]
  Objective range [1e+00, 1e+00]
  Bounds range    [1e+00, 1e+01]
  RHS range       [2e+01, 8e+01]
Presolved: 65 rows, 713 columns, 1285 nonzeros

Root barrier log...

Ordering time: 0.00s

Barrier statistics:
 AA' NZ     : 5.510e+02
 Factor NZ  : 1.756e+03
 Factor Ops : 6.027e+04 (less than 1 second per iteration)
 Threads    : 1

                  Objective                Residual
Iter       Primal          Dual         Primal    Dual     Compl     Time
   0  -2.72469356e+03 -3.34254789e+03  1.59e+01 1.33e-15  5.99e+00     0s
   1  -9.68850630e+02 -2.07332381e+03  1.17e+00 1.05e+00  1.11e+00     0s
   2  -8.80596557e+02 -1.08821830e+03  3.42e-03 1.11e-01  1.51e-01     0s
   3  -9.22584486e+02 -9.68248049e+02  1.00e-02 5.07e-03  3.31e-02     0s
   4  -9.40522235e+02 -9.52886260e+02  2.45e-04 1.78e-15  8.96e-03     0s
   5  -9.44845665e+02 -9.49762289e+02  3.98e-05 1.78e-15  3.58e-03     0s
   6  -9.47010431e+02 -9.48784663e+02  0.00e+00 1.78e-15  1.28e-03     0s
   7  -9.47888861e+02 -9.48304352e+02  0.00e+00 3.55e-15  2.91e-04     0s
   8  -9.47974773e+02 -9.48118857e+02  0.00e+00 1.78e-15  1.04e-04     0s
   9  -9.48092669e+02 -9.48093649e+02  0.00e+00 3.55e-15  6.71e-07     0s
  10  -9.48093175e+02 -9.48093175e+02  0.00e+00 3.55e-15  2.99e-11     0s

Barrier solved model in 10 iterations and 0.02 seconds
Optimal objective -9.48093175e+02


Root relaxation: objective -9.480932e+02, 75 iterations, 0.01 seconds

    Nodes    |    Current Node    |     Objective Bounds      |     Work
 Expl Unexpl |  Obj  Depth IntInf | Incumbent    BestBd   Gap | It/Node Time

     0     0 -948.09317    0   38 -816.54500 -948.09317  16.1%     -    0s
H    0     0                    -932.7100000 -948.09317  1.65%     -    0s
H    0     0                    -934.6350000 -948.09317  1.44%     -    0s
     0     0 -941.26026    0   53 -934.63500 -941.26026  0.71%     -    0s

Cutting planes:
  Gomory: 7
  MIR: 37

Explored 0 nodes (251 simplex iterations) in 0.05 seconds
Thread count was 16 (of 16 available processors)

Optimal solution found (tolerance 1.00e-02)
Best objective -9.346350000000e+02, best bound -9.412600000000e+02, gap 0.7088%
Changed value of parameter MIPGap to 0.01
   Prev: 0.0001  Min: 0.0  Max: 1e+100  Default: 0.0001
Changed value of parameter TimeLimit to 1800.0
   Prev: 1e+100  Min: 0.0  Max: 1e+100  Default: 1e+100
Changed value of parameter Method to 2
   Prev: -1  Min: -1  Max: 4  Default: -1
Changed value of parameter MIPFocus to 1
   Prev: 0  Min: 0  Max: 3  Default: 0
Optimize a model with 2184 rows, 3126 columns and 6252 nonzeros
Coefficient statistics:
  Matrix range    [1e+00, 2e+01]
  Objective range [1e+00, 1e+00]
  Bounds range    [1e+00, 1e+00]
  RHS range       [8e+01, 8e+01]
Found heuristic solution: objective 0
Presolve removed 2119 rows and 2413 columns
Presolve time: 0.01s
Presolved: 65 rows, 713 columns, 1285 nonzeros
Found heuristic solution: objective -834.0900000
Variable types: 0 continuous, 713 integer (608 binary)
Optimize a model with 65 rows, 713 columns and 1285 nonzeros
Coefficient statistics:
  Matrix range    [1e+00, 2e+01]
  Objective range [1e+00, 1e+00]
  Bounds range    [1e+00, 1e+01]
  RHS range       [2e+01, 8e+01]
Presolved: 65 rows, 713 columns, 1285 nonzeros

Root barrier log...

Ordering time: 0.00s

Barrier statistics:
 AA' NZ     : 5.510e+02
 Factor NZ  : 1.756e+03
 Factor Ops : 6.027e+04 (less than 1 second per iteration)
 Threads    : 1

                  Objective                Residual
Iter       Primal          Dual         Primal    Dual     Compl     Time
   0  -2.76331063e+03 -3.35736981e+03  1.59e+01 1.78e-15  5.98e+00     0s
   1  -9.86104255e+02 -2.22503276e+03  1.18e+00 1.04e+00  1.22e+00     0s
   2  -8.86699916e+02 -1.11117074e+03  1.39e-03 1.01e-01  1.57e-01     0s
   3  -9.38555807e+02 -9.86784914e+02  3.05e-03 4.04e-03  3.33e-02     0s
   4  -9.56034917e+02 -9.68681510e+02  0.00e+00 1.78e-15  8.76e-03     0s
   5  -9.60955584e+02 -9.66072513e+02  0.00e+00 1.78e-15  3.55e-03     0s
   6  -9.63610985e+02 -9.65325326e+02  0.00e+00 1.78e-15  1.18e-03     0s
   7  -9.64549403e+02 -9.64973336e+02  0.00e+00 1.78e-15  2.90e-04     0s
   8  -9.64717450e+02 -9.64842630e+02  0.00e+00 1.78e-15  8.51e-05     0s
   9  -9.64741878e+02 -9.64799815e+02  0.00e+00 1.78e-15  3.93e-05     0s
  10  -9.64763157e+02 -9.64775052e+02  0.00e+00 1.78e-15  8.12e-06     0s
  11  -9.64771573e+02 -9.64771658e+02  0.00e+00 3.55e-15  5.74e-08     0s
  12  -9.64771619e+02 -9.64771619e+02  0.00e+00 1.78e-15  5.74e-11     0s

Barrier solved model in 12 iterations and 0.02 seconds
Optimal objective -9.64771619e+02


Root relaxation: objective -9.647716e+02, 50 iterations, 0.01 seconds

    Nodes    |    Current Node    |     Objective Bounds      |     Work
 Expl Unexpl |  Obj  Depth IntInf | Incumbent    BestBd   Gap | It/Node Time

     0     0 -964.77162    0   49 -834.09000 -964.77162  15.7%     -    0s
H    0     0                    -949.9200000 -964.77162  1.56%     -    0s
H    0     0                    -951.7600000 -964.77162  1.37%     -    0s
     0     0 -958.40313    0   56 -951.76000 -958.40313  0.70%     -    0s

Cutting planes:
  Gomory: 3
  MIR: 45

Explored 0 nodes (193 simplex iterations) in 0.06 seconds
Thread count was 16 (of 16 available processors)

Optimal solution found (tolerance 1.00e-02)
Best objective -9.517600000000e+02, best bound -9.584000000000e+02, gap 0.6977%
Changed value of parameter MIPGap to 0.01
   Prev: 0.0001  Min: 0.0  Max: 1e+100  Default: 0.0001
Changed value of parameter TimeLimit to 1800.0
   Prev: 1e+100  Min: 0.0  Max: 1e+100  Default: 1e+100
Changed value of parameter Method to 2
   Prev: -1  Min: -1  Max: 4  Default: -1
Changed value of parameter MIPFocus to 1
   Prev: 0  Min: 0  Max: 3  Default: 0
Optimize a model with 2184 rows, 3126 columns and 6252 nonzeros
Coefficient statistics:
  Matrix range    [1e+00, 2e+01]
  Objective range [1e+00, 1e+00]
  Bounds range    [1e+00, 1e+00]
  RHS range       [8e+01, 8e+01]
Found heuristic solution: objective 0
Presolve removed 2119 rows and 2413 columns
Presolve time: 0.01s
Presolved: 65 rows, 713 columns, 1285 nonzeros
Found heuristic solution: objective -869.1800000
Variable types: 0 continuous, 713 integer (608 binary)
Optimize a model with 65 rows, 713 columns and 1285 nonzeros
Coefficient statistics:
  Matrix range    [1e+00, 2e+01]
  Objective range [1e+00, 1e+00]
  Bounds range    [1e+00, 1e+01]
  RHS range       [2e+01, 8e+01]
Presolved: 65 rows, 713 columns, 1285 nonzeros

Root barrier log...

Ordering time: 0.00s

Barrier statistics:
 AA' NZ     : 5.510e+02
 Factor NZ  : 1.756e+03
 Factor Ops : 6.027e+04 (less than 1 second per iteration)
 Threads    : 1

                  Objective                Residual
Iter       Primal          Dual         Primal    Dual     Compl     Time
   0  -2.84053717e+03 -3.38701365e+03  1.59e+01 1.33e-15  5.98e+00     0s
   1  -1.01963471e+03 -2.24839132e+03  1.18e+00 1.01e+00  1.21e+00     0s
   2  -9.17776550e+02 -1.14451172e+03  1.20e-03 1.00e-01  1.58e-01     0s
   3  -9.70265178e+02 -1.02165601e+03  2.93e-03 3.46e-03  3.54e-02     0s
   4  -9.88226097e+02 -1.00252617e+03  0.00e+00 3.55e-15  9.88e-03     0s
   5  -9.95657893e+02 -9.99590722e+02  0.00e+00 3.55e-15  2.72e-03     0s
   6  -9.97746796e+02 -9.98933271e+02  0.00e+00 1.78e-15  8.13e-04     0s
   7  -9.98277987e+02 -9.98624723e+02  0.00e+00 1.78e-15  2.35e-04     0s
   8  -9.98400403e+02 -9.98435750e+02  0.00e+00 3.55e-15  2.40e-05     0s
   9  -9.98417506e+02 -9.98417542e+02  0.00e+00 3.55e-15  2.43e-08     0s
  10  -9.98417524e+02 -9.98417524e+02  0.00e+00 3.55e-15  2.46e-14     0s

Barrier solved model in 10 iterations and 0.02 seconds
Optimal objective -9.98417524e+02


Root relaxation: objective -9.984175e+02, 48 iterations, 0.01 seconds

    Nodes    |    Current Node    |     Objective Bounds      |     Work
 Expl Unexpl |  Obj  Depth IntInf | Incumbent    BestBd   Gap | It/Node Time

     0     0 -998.41752    0   44 -869.18000 -998.41752  14.9%     -    0s
H    0     0                    -982.2200000 -998.41752  1.65%     -    0s
H    0     0                    -983.2400000 -998.41752  1.54%     -    0s
H    0     0                    -983.8400000 -998.41752  1.48%     -    0s
     0     0 -990.63087    0   64 -983.84000 -990.63087  0.69%     -    0s

Cutting planes:
  Gomory: 2
  MIR: 46

Explored 0 nodes (234 simplex iterations) in 0.06 seconds
Thread count was 16 (of 16 available processors)

Optimal solution found (tolerance 1.00e-02)
Best objective -9.838400000000e+02, best bound -9.906200000000e+02, gap 0.6891%
Changed value of parameter MIPGap to 0.01
   Prev: 0.0001  Min: 0.0  Max: 1e+100  Default: 0.0001
Changed value of parameter TimeLimit to 1800.0
   Prev: 1e+100  Min: 0.0  Max: 1e+100  Default: 1e+100
Changed value of parameter Method to 2
   Prev: -1  Min: -1  Max: 4  Default: -1
Changed value of parameter MIPFocus to 1
   Prev: 0  Min: 0  Max: 3  Default: 0
Optimize a model with 2184 rows, 3126 columns and 6252 nonzeros
Coefficient statistics:
  Matrix range    [1e+00, 2e+01]
  Objective range [1e+00, 2e+00]
  Bounds range    [1e+00, 1e+00]
  RHS range       [8e+01, 8e+01]
Found heuristic solution: objective 0
Presolve removed 2119 rows and 2413 columns
Presolve time: 0.01s
Presolved: 65 rows, 713 columns, 1285 nonzeros
Found heuristic solution: objective -939.3600000
Variable types: 0 continuous, 713 integer (608 binary)
Optimize a model with 65 rows, 713 columns and 1285 nonzeros
Coefficient statistics:
  Matrix range    [1e+00, 2e+01]
  Objective range [1e+00, 2e+00]
  Bounds range    [1e+00, 1e+01]
  RHS range       [2e+01, 8e+01]
Presolved: 65 rows, 713 columns, 1285 nonzeros

Root barrier log...

Ordering time: 0.00s

Barrier statistics:
 AA' NZ     : 5.510e+02
 Factor NZ  : 1.756e+03
 Factor Ops : 6.027e+04 (less than 1 second per iteration)
 Threads    : 1

                  Objective                Residual
Iter       Primal          Dual         Primal    Dual     Compl     Time
   0  -2.99495974e+03 -3.44630131e+03  1.59e+01 1.33e-15  5.97e+00     0s
   1  -1.08724463e+03 -2.29511330e+03  1.19e+00 9.55e-01  1.20e+00     0s
   2  -9.81612081e+02 -1.21460983e+03  8.80e-04 9.52e-02  1.62e-01     0s
   3  -1.03899241e+03 -1.08789756e+03  2.36e-03 7.11e-15  3.36e-02     0s
   4  -1.05702890e+03 -1.07243425e+03  0.00e+00 1.78e-15  1.06e-02     0s
   5  -1.06300063e+03 -1.06761446e+03  0.00e+00 3.55e-15  3.17e-03     0s
   6  -1.06478576e+03 -1.06645426e+03  0.00e+00 1.78e-15  1.15e-03     0s
   7  -1.06564247e+03 -1.06592722e+03  0.00e+00 1.78e-15  1.95e-04     0s
   8  -1.06582322e+03 -1.06582935e+03  0.00e+00 3.55e-15  4.23e-06     0s
   9  -1.06582857e+03 -1.06582857e+03  0.00e+00 3.55e-15  4.23e-09     0s

Barrier solved model in 9 iterations and 0.02 seconds
Optimal objective -1.06582857e+03


Root relaxation: objective -1.065829e+03, 47 iterations, 0.01 seconds

    Nodes    |    Current Node    |     Objective Bounds      |     Work
 Expl Unexpl |  Obj  Depth IntInf | Incumbent    BestBd   Gap | It/Node Time

     0     0 -1065.8286    0   48 -939.36000 -1065.8286  13.5%     -    0s
H    0     0                    -1045.240000 -1065.8286  1.97%     -    0s
H    0     0                    -1048.080000 -1065.8286  1.69%     -    0s
     0     0 -1056.6813    0   63 -1048.0800 -1056.6813  0.82%     -    0s

Cutting planes:
  Gomory: 2
  MIR: 47

Explored 0 nodes (236 simplex iterations) in 0.06 seconds
Thread count was 16 (of 16 available processors)

Optimal solution found (tolerance 1.00e-02)
Best objective -1.048080000000e+03, best bound -1.056680000000e+03, gap 0.8205%
Changed value of parameter MIPGap to 0.01
   Prev: 0.0001  Min: 0.0  Max: 1e+100  Default: 0.0001
Changed value of parameter TimeLimit to 1800.0
   Prev: 1e+100  Min: 0.0  Max: 1e+100  Default: 1e+100
Changed value of parameter Method to 2
   Prev: -1  Min: -1  Max: 4  Default: -1
Changed value of parameter MIPFocus to 1
   Prev: 0  Min: 0  Max: 3  Default: 0
Optimize a model with 2184 rows, 3126 columns and 6252 nonzeros
Coefficient statistics:
  Matrix range    [1e+00, 2e+01]
  Objective range [1e+00, 2e+00]
  Bounds range    [1e+00, 1e+00]
  RHS range       [8e+01, 8e+01]
Found heuristic solution: objective 0
Presolve removed 2119 rows and 2413 columns
Presolve time: 0.01s
Presolved: 65 rows, 713 columns, 1285 nonzeros
Found heuristic solution: objective -974.4500000
Variable types: 0 continuous, 713 integer (608 binary)
Optimize a model with 65 rows, 713 columns and 1285 nonzeros
Coefficient statistics:
  Matrix range    [1e+00, 2e+01]
  Objective range [1e+00, 2e+00]
  Bounds range    [1e+00, 1e+01]
  RHS range       [2e+01, 8e+01]
Presolved: 65 rows, 713 columns, 1285 nonzeros

Root barrier log...

Ordering time: 0.00s

Barrier statistics:
 AA' NZ     : 5.510e+02
 Factor NZ  : 1.756e+03
 Factor Ops : 6.027e+04 (less than 1 second per iteration)
 Threads    : 1

                  Objective                Residual
Iter       Primal          Dual         Primal    Dual     Compl     Time
   0  -3.07215574e+03 -3.47594515e+03  1.59e+01 1.78e-15  5.96e+00     0s
   1  -1.12131722e+03 -2.31847941e+03  1.20e+00 9.28e-01  1.19e+00     0s
   2  -1.01412511e+03 -1.24293931e+03  9.58e-04 8.90e-02  1.59e-01     0s
   3  -1.07208228e+03 -1.11914559e+03  2.85e-03 1.24e-14  3.25e-02     0s
   4  -1.08975088e+03 -1.10510293e+03  0.00e+00 1.78e-15  1.06e-02     0s
   5  -1.09442425e+03 -1.10215892e+03  0.00e+00 1.78e-15  5.34e-03     0s
   6  -1.09770643e+03 -1.10047799e+03  0.00e+00 1.78e-15  1.91e-03     0s
   7  -1.09926997e+03 -1.09983242e+03  0.00e+00 1.78e-15  3.84e-04     0s
   8  -1.09954291e+03 -1.09969900e+03  0.00e+00 1.78e-15  1.05e-04     0s
   9  -1.09958267e+03 -1.09960568e+03  0.00e+00 3.55e-15  1.56e-05     0s
  10  -1.09959284e+03 -1.09959367e+03  0.00e+00 1.78e-15  5.54e-07     0s
  11  -1.09959333e+03 -1.09959333e+03  0.00e+00 3.55e-15  5.73e-10     0s

Barrier solved model in 11 iterations and 0.02 seconds
Optimal objective -1.09959333e+03


Root relaxation: objective -1.099593e+03, 59 iterations, 0.01 seconds

    Nodes    |    Current Node    |     Objective Bounds      |     Work
 Expl Unexpl |  Obj  Depth IntInf | Incumbent    BestBd   Gap | It/Node Time

     0     0 -1099.5933    0   49 -974.45000 -1099.5933  12.8%     -    0s
H    0     0                    -1075.950000 -1099.5933  2.20%     -    0s
H    0     0                    -1079.350000 -1099.5933  1.88%     -    0s
H    0     0                    -1080.550000 -1099.5933  1.76%     -    0s
     0     0 -1090.6869    0   62 -1080.5500 -1090.6869  0.94%     -    0s

Cutting planes:
  Gomory: 2
  MIR: 47

Explored 0 nodes (222 simplex iterations) in 0.06 seconds
Thread count was 16 (of 16 available processors)

Optimal solution found (tolerance 1.00e-02)
Best objective -1.080550000000e+03, best bound -1.090650000000e+03, gap 0.9347%
Changed value of parameter MIPGap to 0.01
   Prev: 0.0001  Min: 0.0  Max: 1e+100  Default: 0.0001
Changed value of parameter TimeLimit to 1800.0
   Prev: 1e+100  Min: 0.0  Max: 1e+100  Default: 1e+100
Changed value of parameter Method to 2
   Prev: -1  Min: -1  Max: 4  Default: -1
Changed value of parameter MIPFocus to 1
   Prev: 0  Min: 0  Max: 3  Default: 0
Optimize a model with 2184 rows, 3126 columns and 6252 nonzeros
Coefficient statistics:
  Matrix range    [1e+00, 2e+01]
  Objective range [1e+00, 3e+00]
  Bounds range    [1e+00, 1e+00]
  RHS range       [8e+01, 8e+01]
Found heuristic solution: objective 0
Presolve removed 2119 rows and 2413 columns
Presolve time: 0.01s
Presolved: 65 rows, 713 columns, 1285 nonzeros
Found heuristic solution: objective -1149.900000
Variable types: 0 continuous, 713 integer (608 binary)
Optimize a model with 65 rows, 713 columns and 1285 nonzeros
Coefficient statistics:
  Matrix range    [1e+00, 2e+01]
  Objective range [1e+00, 3e+00]
  Bounds range    [1e+00, 1e+01]
  RHS range       [2e+01, 8e+01]
Presolved: 65 rows, 713 columns, 1285 nonzeros

Root barrier log...

Ordering time: 0.00s

Barrier statistics:
 AA' NZ     : 5.510e+02
 Factor NZ  : 1.756e+03
 Factor Ops : 6.027e+04 (less than 1 second per iteration)
 Threads    : 1

                  Objective                Residual
Iter       Primal          Dual         Primal    Dual     Compl     Time
   0  -3.45798223e+03 -3.62416432e+03  1.59e+01 8.88e-16  5.93e+00     0s
   1  -1.29426197e+03 -2.43538556e+03  1.21e+00 7.98e-01  1.16e+00     0s
   2  -1.18139468e+03 -1.39437402e+03  1.42e-03 5.89e-02  1.48e-01     0s
   3  -1.23933657e+03 -1.28593700e+03  3.19e-04 5.33e-15  3.24e-02     0s
   4  -1.25957737e+03 -1.27710355e+03  2.74e-05 1.78e-15  1.21e-02     0s
   5  -1.26517120e+03 -1.27427561e+03  0.00e+00 1.78e-15  6.31e-03     0s
   6  -1.26952906e+03 -1.27264414e+03  0.00e+00 3.55e-15  2.16e-03     0s
   7  -1.27108889e+03 -1.27190383e+03  0.00e+00 3.55e-15  5.68e-04     0s
   8  -1.27144807e+03 -1.27182590e+03  0.00e+00 3.55e-15  2.64e-04     0s
   9  -1.27179573e+03 -1.27181136e+03  0.00e+00 3.55e-15  1.07e-05     0s
  10  -1.27180715e+03 -1.27180875e+03  0.00e+00 3.55e-15  1.08e-06     0s
  11  -1.27180761e+03 -1.27180763e+03  0.00e+00 3.55e-15  7.74e-09     0s

Barrier solved model in 11 iterations and 0.02 seconds
Optimal objective -1.27180761e+03


Root relaxation: objective -1.271808e+03, 24 iterations, 0.01 seconds

    Nodes    |    Current Node    |     Objective Bounds      |     Work
 Expl Unexpl |  Obj  Depth IntInf | Incumbent    BestBd   Gap | It/Node Time

     0     0 -1271.8076    0   57 -1149.9000 -1271.8076  10.6%     -    0s
H    0     0                    -1241.600000 -1271.8076  2.43%     -    0s
H    0     0                    -1246.100000 -1271.8076  2.06%     -    0s
     0     0 -1259.1439    0   60 -1246.1000 -1259.1439  1.05%     -    0s
H    0     0                    -1247.200000 -1259.1439  0.96%     -    0s

Cutting planes:
  Gomory: 3
  MIR: 44

Explored 0 nodes (225 simplex iterations) in 0.07 seconds
Thread count was 16 (of 16 available processors)

Optimal solution found (tolerance 1.00e-02)
Best objective -1.247200000000e+03, best bound -1.259100000000e+03, gap 0.9541%
Changed value of parameter MIPGap to 0.01
   Prev: 0.0001  Min: 0.0  Max: 1e+100  Default: 0.0001
Changed value of parameter TimeLimit to 1800.0
   Prev: 1e+100  Min: 0.0  Max: 1e+100  Default: 1e+100
Changed value of parameter Method to 2
   Prev: -1  Min: -1  Max: 4  Default: -1
Changed value of parameter MIPFocus to 1
   Prev: 0  Min: 0  Max: 3  Default: 0
Optimize a model with 2184 rows, 3126 columns and 6252 nonzeros
Coefficient statistics:
  Matrix range    [1e+00, 2e+01]
  Objective range [1e+00, 5e+00]
  Bounds range    [1e+00, 1e+00]
  RHS range       [8e+01, 8e+01]
Found heuristic solution: objective 0
Presolve removed 2119 rows and 2413 columns
Presolve time: 0.01s
Presolved: 65 rows, 713 columns, 1285 nonzeros
Found heuristic solution: objective -1494.600000
Variable types: 0 continuous, 713 integer (608 binary)
Optimize a model with 65 rows, 713 columns and 1285 nonzeros
Coefficient statistics:
  Matrix range    [1e+00, 2e+01]
  Objective range [1e+00, 5e+00]
  Bounds range    [1e+00, 1e+01]
  RHS range       [2e+01, 8e+01]
Presolved: 65 rows, 713 columns, 1285 nonzeros

Root barrier log...

Ordering time: 0.00s

Barrier statistics:
 AA' NZ     : 5.510e+02
 Factor NZ  : 1.756e+03
 Factor Ops : 6.027e+04 (less than 1 second per iteration)
 Threads    : 1

                  Objective                Residual
Iter       Primal          Dual         Primal    Dual     Compl     Time
   0  -4.22888060e+03 -3.92322151e+03  1.59e+01 1.78e-15  5.87e+00     0s
   1  -1.65193382e+03 -2.67122207e+03  1.23e+00 5.55e-01  1.09e+00     0s
   2  -1.54373736e+03 -1.73016391e+03  1.04e-02 3.52e-02  1.31e-01     0s
   3  -1.57814617e+03 -1.64267641e+03  5.94e-03 8.88e-15  4.61e-02     0s
   4  -1.61401968e+03 -1.62875881e+03  1.84e-04 3.55e-15  1.02e-02     0s
   5  -1.61774290e+03 -1.62460574e+03  1.06e-04 1.78e-15  4.76e-03     0s
   6  -1.61976740e+03 -1.62238191e+03  2.07e-05 1.78e-15  1.81e-03     0s
   7  -1.62087762e+03 -1.62140597e+03  0.00e+00 1.78e-15  3.65e-04     0s
   8  -1.62112672e+03 -1.62115506e+03  0.00e+00 1.78e-15  1.95e-05     0s
   9  -1.62114252e+03 -1.62114255e+03  0.00e+00 1.78e-15  1.96e-08     0s
  10  -1.62114254e+03 -1.62114254e+03  0.00e+00 3.55e-15  2.03e-14     0s

Barrier solved model in 10 iterations and 0.02 seconds
Optimal objective -1.62114254e+03


Root relaxation: objective -1.621143e+03, 30 iterations, 0.01 seconds

    Nodes    |    Current Node    |     Objective Bounds      |     Work
 Expl Unexpl |  Obj  Depth IntInf | Incumbent    BestBd   Gap | It/Node Time

     0     0 -1621.1425    0   53 -1494.6000 -1621.1425  8.47%     -    0s
H    0     0                    -1567.000000 -1621.1425  3.46%     -    0s
H    0     0                    -1576.800000 -1621.1425  2.81%     -    0s
H    0     0                    -1583.600000 -1621.1425  2.37%     -    0s
     0     0 -1609.9409    0   83 -1583.6000 -1609.9409  1.66%     -    0s
H    0     0                    -1587.200000 -1609.9409  1.43%     -    0s
     0     0 -1609.7351    0   94 -1587.2000 -1609.7351  1.42%     -    0s
H    0     0                    -1590.600000 -1609.7351  1.20%     -    0s
     0     0 -1606.6803    0   94 -1590.6000 -1606.6803  1.01%     -    0s
H    0     0                    -1594.600000 -1606.6803  0.76%     -    0s

Cutting planes:
  Gomory: 4
  MIR: 71

Explored 0 nodes (428 simplex iterations) in 0.14 seconds
Thread count was 16 (of 16 available processors)

Optimal solution found (tolerance 1.00e-02)
Best objective -1.594600000000e+03, best bound -1.606600000000e+03, gap 0.7525%
Changed value of parameter MIPGap to 0.01
   Prev: 0.0001  Min: 0.0  Max: 1e+100  Default: 0.0001
Changed value of parameter TimeLimit to 1800.0
   Prev: 1e+100  Min: 0.0  Max: 1e+100  Default: 1e+100
Changed value of parameter Method to 2
   Prev: -1  Min: -1  Max: 4  Default: -1
Changed value of parameter MIPFocus to 1
   Prev: 0  Min: 0  Max: 3  Default: 0
Optimize a model with 2184 rows, 3126 columns and 6252 nonzeros
Coefficient statistics:
  Matrix range    [1e+00, 2e+01]
  Objective range [1e+00, 9e+00]
  Bounds range    [1e+00, 1e+00]
  RHS range       [8e+01, 8e+01]
Found heuristic solution: objective 0
Presolve removed 2119 rows and 2417 columns
Presolve time: 0.01s
Presolved: 65 rows, 709 columns, 1281 nonzeros
Found heuristic solution: objective -2195.000000
Variable types: 0 continuous, 709 integer (604 binary)
Optimize a model with 65 rows, 709 columns and 1281 nonzeros
Coefficient statistics:
  Matrix range    [1e+00, 2e+01]
  Objective range [1e+00, 9e+00]
  Bounds range    [1e+00, 1e+01]
  RHS range       [2e+01, 8e+01]
Presolve removed 0 rows and 17 columns
Presolved: 65 rows, 692 columns, 1260 nonzeros

Root barrier log...

Ordering time: 0.00s

Barrier statistics:
 AA' NZ     : 5.510e+02
 Factor NZ  : 1.923e+03
 Factor Ops : 7.426e+04 (less than 1 second per iteration)
 Threads    : 1

                  Objective                Residual
Iter       Primal          Dual         Primal    Dual     Compl     Time
   0  -5.29017665e+03 -4.73698725e+03  1.42e+01 1.78e-15  5.87e+00     0s
   1  -2.34941422e+03 -3.21737611e+03  1.03e+00 2.82e-01  9.75e-01     0s
   2  -2.28613610e+03 -2.44543712e+03  5.02e-02 2.03e-13  1.25e-01     0s
   3  -2.31047282e+03 -2.34697118e+03  1.51e-02 3.20e-14  2.93e-02     0s
   4  -2.32400528e+03 -2.33644233e+03  1.31e-03 1.42e-14  8.97e-03     0s
   5  -2.32547375e+03 -2.33198216e+03  7.64e-04 3.55e-15  4.72e-03     0s
   6  -2.32625555e+03 -2.33029192e+03  5.07e-04 3.55e-15  2.94e-03     0s
   7  -2.32705727e+03 -2.32908190e+03  2.27e-04 3.55e-15  1.47e-03     0s
   8  -2.32755857e+03 -2.32858969e+03  8.05e-05 3.55e-15  7.39e-04     0s
   9  -2.32782558e+03 -2.32801393e+03  1.77e-05 3.55e-15  1.36e-04     0s
  10  -2.32788852e+03 -2.32789478e+03  3.61e-07 3.55e-15  4.53e-06     0s
  11  -2.32789285e+03 -2.32789286e+03  0.00e+00 3.55e-15  4.60e-09     0s

Barrier solved model in 11 iterations and 0.02 seconds
Optimal objective -2.32789285e+03


Root relaxation: objective -2.327893e+03, 123 iterations, 0.01 seconds

    Nodes    |    Current Node    |     Objective Bounds      |     Work
 Expl Unexpl |  Obj  Depth IntInf | Incumbent    BestBd   Gap | It/Node Time

     0     0 -2327.8929    0   45 -2195.0000 -2327.8929  6.05%     -    0s
H    0     0                    -2278.000000 -2327.8929  2.19%     -    0s
H    0     0                    -2286.200000 -2327.8929  1.82%     -    0s
     0     0 -2323.9853    0   84 -2286.2000 -2323.9853  1.65%     -    0s
     0     0 -2323.6578    0   82 -2286.2000 -2323.6578  1.64%     -    0s
H    0     0                    -2289.000000 -2323.6578  1.51%     -    0s
H    0     0                    -2293.000000 -2323.6578  1.34%     -    0s
H    0     0                    -2294.200000 -2323.6578  1.28%     -    0s
     0     0 -2322.0816    0  111 -2294.2000 -2322.0816  1.22%     -    0s
     0     0 -2320.9970    0  113 -2294.2000 -2320.9970  1.17%     -    0s
H    0     0                    -2296.600000 -2320.9970  1.06%     -    0s
H    0     0                    -2301.400000 -2320.9970  0.85%     -    0s
H    0     0                    -2306.600000 -2320.9970  0.62%     -    0s

Cutting planes:
  Gomory: 10
  Cover: 4
  MIR: 98

Explored 0 nodes (934 simplex iterations) in 0.17 seconds
Thread count was 16 (of 16 available processors)

Optimal solution found (tolerance 1.00e-02)
Best objective -2.306600000000e+03, best bound -2.320800000000e+03, gap 0.6156%
Changed value of parameter MIPGap to 0.01
   Prev: 0.0001  Min: 0.0  Max: 1e+100  Default: 0.0001
Changed value of parameter TimeLimit to 1800.0
   Prev: 1e+100  Min: 0.0  Max: 1e+100  Default: 1e+100
Changed value of parameter Method to 2
   Prev: -1  Min: -1  Max: 4  Default: -1
Changed value of parameter MIPFocus to 1
   Prev: 0  Min: 0  Max: 3  Default: 0
Optimize a model with 2184 rows, 3126 columns and 6252 nonzeros
Coefficient statistics:
  Matrix range    [1e+00, 2e+01]
  Objective range [2e+00, 1e+01]
  Bounds range    [1e+00, 1e+00]
  RHS range       [8e+01, 8e+01]
Found heuristic solution: objective 0
Presolve removed 2119 rows and 2421 columns
Presolve time: 0.01s
Presolved: 65 rows, 705 columns, 1275 nonzeros
Found heuristic solution: objective -2561.000000
Variable types: 0 continuous, 705 integer (598 binary)
Optimize a model with 65 rows, 705 columns and 1275 nonzeros
Coefficient statistics:
  Matrix range    [1e+00, 2e+01]
  Objective range [2e+00, 1e+01]
  Bounds range    [1e+00, 1e+01]
  RHS range       [2e+01, 8e+01]
Presolved: 65 rows, 705 columns, 1275 nonzeros

Root barrier log...

Ordering time: 0.00s

Barrier statistics:
 AA' NZ     : 5.510e+02
 Factor NZ  : 1.820e+03
 Factor Ops : 6.564e+04 (less than 1 second per iteration)
 Threads    : 1

                  Objective                Residual
Iter       Primal          Dual         Primal    Dual     Compl     Time
   0  -6.49695077e+03 -5.74101510e+03  1.59e+01 1.78e-15  7.90e+00     0s
   1  -2.66358966e+03 -3.95791515e+03  8.96e-01 4.72e-01  1.28e+00     0s
   2  -2.63626564e+03 -2.84871342e+03  3.21e-02 2.10e-02  1.57e-01     0s
   3  -2.65729781e+03 -2.71230253e+03  1.77e-02 3.55e-15  4.34e-02     0s
   4  -2.68125325e+03 -2.69761958e+03  2.61e-03 3.55e-15  1.20e-02     0s
   5  -2.68495603e+03 -2.69275850e+03  1.19e-03 3.55e-15  5.73e-03     0s
   6  -2.68667333e+03 -2.69066863e+03  6.19e-04 3.55e-15  2.94e-03     0s
   7  -2.68785777e+03 -2.68972400e+03  2.75e-04 3.55e-15  1.37e-03     0s
   8  -2.68849939e+03 -2.68921082e+03  9.21e-05 3.55e-15  5.20e-04     0s
   9  -2.68882280e+03 -2.68891204e+03  1.32e-05 3.55e-15  6.66e-05     0s
  10  -2.68888964e+03 -2.68889104e+03  0.00e+00 3.55e-15  9.52e-07     0s
  11  -2.68889047e+03 -2.68889048e+03  0.00e+00 3.55e-15  2.50e-09     0s

Barrier solved model in 11 iterations and 0.02 seconds
Optimal objective -2.68889047e+03


Root relaxation: objective -2.688890e+03, 123 iterations, 0.01 seconds

    Nodes    |    Current Node    |     Objective Bounds      |     Work
 Expl Unexpl |  Obj  Depth IntInf | Incumbent    BestBd   Gap | It/Node Time

     0     0 -2688.8905    0   48 -2561.0000 -2688.8905  4.99%     -    0s
H    0     0                    -2610.500000 -2688.8905  3.00%     -    0s
H    0     0                    -2645.000000 -2688.8905  1.66%     -    0s
H    0     0                    -2652.500000 -2688.8905  1.37%     -    0s
     0     0 -2687.2053    0   77 -2652.5000 -2687.2053  1.31%     -    0s
     0     0 -2687.2000    0   78 -2652.5000 -2687.2000  1.31%     -    0s
H    0     0                    -2653.000000 -2687.2000  1.29%     -    0s
H    0     0                    -2663.000000 -2687.2000  0.91%     -    0s
H    0     0                    -2663.500000 -2687.2000  0.89%     -    0s
H    0     0                    -2664.000000 -2687.2000  0.87%     -    0s

Cutting planes:
  Gomory: 7
  Cover: 1
  MIR: 70
  Zero half: 2

Explored 0 nodes (619 simplex iterations) in 0.12 seconds
Thread count was 16 (of 16 available processors)

Optimal solution found (tolerance 1.00e-02)
Best objective -2.664000000000e+03, best bound -2.687000000000e+03, gap 0.8634%
Changed value of parameter MIPGap to 0.01
   Prev: 0.0001  Min: 0.0  Max: 1e+100  Default: 0.0001
Changed value of parameter TimeLimit to 1800.0
   Prev: 1e+100  Min: 0.0  Max: 1e+100  Default: 1e+100
Changed value of parameter Method to 2
   Prev: -1  Min: -1  Max: 4  Default: -1
Changed value of parameter MIPFocus to 1
   Prev: 0  Min: 0  Max: 3  Default: 0
Optimize a model with 2184 rows, 3126 columns and 6252 nonzeros
Coefficient statistics:
  Matrix range    [1e+00, 2e+01]
  Objective range [2e+00, 2e+01]
  Bounds range    [1e+00, 1e+00]
  RHS range       [8e+01, 8e+01]
Found heuristic solution: objective 0
Presolve removed 2119 rows and 2413 columns
Presolve time: 0.01s
Presolved: 65 rows, 713 columns, 1285 nonzeros
Found heuristic solution: objective -4353.000000
Variable types: 0 continuous, 713 integer (608 binary)
Optimize a model with 65 rows, 713 columns and 1285 nonzeros
Coefficient statistics:
  Matrix range    [1e+00, 2e+01]
  Objective range [2e+00, 2e+01]
  Bounds range    [1e+00, 1e+01]
  RHS range       [2e+01, 8e+01]
Presolve removed 0 rows and 2 columns
Presolved: 65 rows, 711 columns, 1283 nonzeros

Root barrier log...

Ordering time: 0.00s

Barrier statistics:
 AA' NZ     : 5.510e+02
 Factor NZ  : 1.756e+03
 Factor Ops : 6.027e+04 (less than 1 second per iteration)
 Threads    : 1

                  Objective                Residual
Iter       Primal          Dual         Primal    Dual     Compl     Time
   0  -1.04115225e+04 -1.06753898e+04  1.59e+01 3.55e-15  1.56e+01     0s
   1  -4.36640459e+03 -7.35189537e+03  6.19e-01 1.43e+00  2.57e+00     0s
   2  -4.49286717e+03 -5.08121214e+03  2.49e-02 1.91e-01  4.13e-01     0s
   3  -4.60486777e+03 -4.75888087e+03  5.88e-03 7.11e-15  1.07e-01     0s
   4  -4.66639969e+03 -4.70615890e+03  3.20e-04 1.13e-02  2.71e-02     0s
   5  -4.67135141e+03 -4.68967940e+03  2.14e-04 7.11e-15  1.26e-02     0s
   6  -4.67218189e+03 -4.68658228e+03  1.82e-04 7.11e-15  9.91e-03     0s
   7  -4.67605826e+03 -4.68392128e+03  1.09e-04 3.55e-15  5.42e-03     0s
   8  -4.67944564e+03 -4.68170253e+03  1.73e-05 7.11e-15  1.55e-03     0s
   9  -4.68086467e+03 -4.68090396e+03  0.00e+00 7.11e-15  2.64e-05     0s
  10  -4.68088571e+03 -4.68088573e+03  0.00e+00 7.11e-15  1.01e-08     0s
  11  -4.68088571e+03 -4.68088571e+03  0.00e+00 7.11e-15  1.01e-11     0s

Barrier solved model in 11 iterations and 0.02 seconds
Optimal objective -4.68088571e+03


Root relaxation: objective -4.680886e+03, 93 iterations, 0.01 seconds

    Nodes    |    Current Node    |     Objective Bounds      |     Work
 Expl Unexpl |  Obj  Depth IntInf | Incumbent    BestBd   Gap | It/Node Time

     0     0 -4680.8857    0   47 -4353.0000 -4680.8857  7.53%     -    0s
H    0     0                    -4575.000000 -4680.8857  2.31%     -    0s
H    0     0                    -4591.000000 -4680.8857  1.96%     -    0s
H    0     0                    -4593.000000 -4680.8857  1.91%     -    0s
H    0     0                    -4605.000000 -4680.8857  1.65%     -    0s
     0     0 -4667.2770    0   85 -4605.0000 -4667.2770  1.35%     -    0s
     0     0 -4666.9376    0   85 -4605.0000 -4666.9376  1.35%     -    0s
H    0     0                    -4613.000000 -4666.9376  1.17%     -    0s
     0     0 -4663.1641    0  107 -4613.0000 -4663.1641  1.09%     -    0s
     0     0 -4661.9021    0  111 -4613.0000 -4661.9021  1.06%     -    0s
H    0     0                    -4618.000000 -4661.9021  0.95%     -    0s
H    0     0                    -4620.000000 -4661.9021  0.91%     -    0s
H    0     0                    -4627.000000 -4661.9021  0.75%     -    0s
H    0     0                    -4629.000000 -4661.9021  0.71%     -    0s

Cutting planes:
  Gomory: 8
  Cover: 6
  MIR: 105

Explored 0 nodes (658 simplex iterations) in 0.16 seconds
Thread count was 16 (of 16 available processors)

Optimal solution found (tolerance 1.00e-02)
Best objective -4.629000000000e+03, best bound -4.661000000000e+03, gap 0.6913%
Changed value of parameter MIPGap to 0.01
   Prev: 0.0001  Min: 0.0  Max: 1e+100  Default: 0.0001
Changed value of parameter TimeLimit to 1800.0
   Prev: 1e+100  Min: 0.0  Max: 1e+100  Default: 1e+100
Changed value of parameter Method to 2
   Prev: -1  Min: -1  Max: 4  Default: -1
Changed value of parameter MIPFocus to 1
   Prev: 0  Min: 0  Max: 3  Default: 0
Optimize a model with 2184 rows, 3126 columns and 6252 nonzeros
Coefficient statistics:
  Matrix range    [1e+00, 2e+01]
  Objective range [3e+00, 4e+01]
  Bounds range    [1e+00, 1e+00]
  RHS range       [8e+01, 8e+01]
Found heuristic solution: objective 0
Presolve removed 2119 rows and 2413 columns
Presolve time: 0.01s
Presolved: 65 rows, 713 columns, 1285 nonzeros
Found heuristic solution: objective -7926.000000
Variable types: 0 continuous, 713 integer (608 binary)
Optimize a model with 65 rows, 713 columns and 1285 nonzeros
Coefficient statistics:
  Matrix range    [1e+00, 2e+01]
  Objective range [3e+00, 4e+01]
  Bounds range    [1e+00, 1e+01]
  RHS range       [2e+01, 8e+01]
Presolved: 65 rows, 713 columns, 1285 nonzeros

Root barrier log...

Ordering time: 0.00s

Barrier statistics:
 AA' NZ     : 5.510e+02
 Factor NZ  : 1.756e+03
 Factor Ops : 6.027e+04 (less than 1 second per iteration)
 Threads    : 1

                  Objective                Residual
Iter       Primal          Dual         Primal    Dual     Compl     Time
   0  -1.81733305e+04 -2.05452474e+04  1.59e+01 7.11e-15  3.11e+01     0s
   1  -8.03497838e+03 -1.41808617e+04  6.92e-01 3.38e+00  5.32e+00     0s
   2  -8.26879277e+03 -9.61336318e+03  2.84e-02 5.28e-01  9.42e-01     0s
   3  -8.59260256e+03 -8.93890610e+03  5.68e-04 8.69e-02  2.33e-01     0s
   4  -8.65696874e+03 -8.76250961e+03  9.54e-05 1.42e-14  7.10e-02     0s
   5  -8.68522589e+03 -8.71896444e+03  0.00e+00 1.42e-14  2.27e-02     0s
   6  -8.69335535e+03 -8.70440184e+03  0.00e+00 1.42e-14  7.43e-03     0s
   7  -8.69641192e+03 -8.69883405e+03  0.00e+00 1.42e-14  1.63e-03     0s
   8  -8.69721727e+03 -8.69729446e+03  0.00e+00 1.42e-14  5.19e-05     0s
   9  -8.69726662e+03 -8.69726669e+03  0.00e+00 1.42e-14  5.20e-08     0s
  10  -8.69726667e+03 -8.69726667e+03  5.21e-14 1.42e-14  5.29e-14     0s

Barrier solved model in 10 iterations and 0.02 seconds
Optimal objective -8.69726667e+03


Root relaxation: objective -8.697267e+03, 99 iterations, 0.01 seconds

    Nodes    |    Current Node    |     Objective Bounds      |     Work
 Expl Unexpl |  Obj  Depth IntInf | Incumbent    BestBd   Gap | It/Node Time

     0     0 -8697.2667    0   46 -7926.0000 -8697.2667  9.73%     -    0s
H    0     0                    -8435.000000 -8697.2667  3.11%     -    0s
H    0     0                    -8573.000000 -8697.2667  1.45%     -    0s
H    0     0                    -8578.000000 -8697.2667  1.39%     -    0s
     0     0 -8669.4316    0   83 -8578.0000 -8669.4316  1.07%     -    0s
     0     0 -8668.0359    0   85 -8578.0000 -8668.0359  1.05%     -    0s
H    0     0                    -8599.000000 -8668.0359  0.80%     -    0s
H    0     0                    -8604.000000 -8668.0359  0.74%     -    0s
H    0     0                    -8606.000000 -8668.0359  0.72%     -    0s

Cutting planes:
  Gomory: 2
  Cover: 6
  MIR: 79
  Zero half: 2

Explored 0 nodes (413 simplex iterations) in 0.13 seconds
Thread count was 16 (of 16 available processors)

Optimal solution found (tolerance 1.00e-02)
Best objective -8.606000000000e+03, best bound -8.668000000000e+03, gap 0.7204%
Changed value of parameter MIPGap to 0.01
   Prev: 0.0001  Min: 0.0  Max: 1e+100  Default: 0.0001
Changed value of parameter TimeLimit to 1800.0
   Prev: 1e+100  Min: 0.0  Max: 1e+100  Default: 1e+100
Changed value of parameter Method to 2
   Prev: -1  Min: -1  Max: 4  Default: -1
Changed value of parameter MIPFocus to 1
   Prev: 0  Min: 0  Max: 3  Default: 0
Optimize a model with 2184 rows, 3126 columns and 6252 nonzeros
Coefficient statistics:
  Matrix range    [1e+00, 2e+01]
  Objective range [5e+00, 8e+01]
  Bounds range    [1e+00, 1e+00]
  RHS range       [8e+01, 8e+01]
Found heuristic solution: objective 0
Presolve removed 2119 rows and 2413 columns
Presolve time: 0.01s
Presolved: 65 rows, 713 columns, 1285 nonzeros
Found heuristic solution: objective -15069.00000
Variable types: 0 continuous, 713 integer (608 binary)
Optimize a model with 65 rows, 713 columns and 1285 nonzeros
Coefficient statistics:
  Matrix range    [1e+00, 2e+01]
  Objective range [5e+00, 8e+01]
  Bounds range    [1e+00, 1e+01]
  RHS range       [2e+01, 8e+01]
Presolved: 65 rows, 713 columns, 1285 nonzeros

Root barrier log...

Ordering time: 0.00s

Barrier statistics:
 AA' NZ     : 5.510e+02
 Factor NZ  : 1.756e+03
 Factor Ops : 6.027e+04 (less than 1 second per iteration)
 Threads    : 1

                  Objective                Residual
Iter       Primal          Dual         Primal    Dual     Compl     Time
   0  -3.36703914e+04 -4.04273549e+04  1.59e+01 1.42e-14  6.25e+01     0s
   1  -1.54249215e+04 -2.79288786e+04  7.58e-01 7.35e+00  1.09e+01     0s
   2  -1.60235315e+04 -1.85521735e+04  4.73e-02 1.04e+00  1.80e+00     0s
   3  -1.66359310e+04 -1.72062123e+04  9.55e-04 1.69e-01  3.85e-01     0s
   4  -1.67444475e+04 -1.68615498e+04  0.00e+00 1.96e-02  7.90e-02     0s
   5  -1.67738375e+04 -1.68054899e+04  0.00e+00 2.35e-03  2.14e-02     0s
   6  -1.67805996e+04 -1.67910002e+04  0.00e+00 2.84e-14  7.03e-03     0s
   7  -1.67859395e+04 -1.67866394e+04  0.00e+00 2.84e-14  4.74e-04     0s
   8  -1.67864142e+04 -1.67864149e+04  0.00e+00 2.84e-14  4.89e-07     0s
   9  -1.67864143e+04 -1.67864143e+04  0.00e+00 2.84e-14  4.89e-10     0s

Barrier solved model in 9 iterations and 0.02 seconds
Optimal objective -1.67864143e+04


Root relaxation: objective -1.678641e+04, 94 iterations, 0.01 seconds

    Nodes    |    Current Node    |     Objective Bounds      |     Work
 Expl Unexpl |  Obj  Depth IntInf | Incumbent    BestBd   Gap | It/Node Time

     0     0 -16786.414    0   39 -15069.000 -16786.414  11.4%     -    0s
H    0     0                    -16420.00000 -16786.414  2.23%     -    0s
H    0     0                    -16479.00000 -16786.414  1.87%     -    0s
H    0     0                    -16483.00000 -16786.414  1.84%     -    0s
     0     0 -16703.741    0   65 -16483.000 -16703.741  1.34%     -    0s
     0     0 -16700.375    0   58 -16483.000 -16700.375  1.32%     -    0s
H    0     0                    -16518.00000 -16700.375  1.10%     -    0s
H    0     0                    -16526.00000 -16700.375  1.06%     -    0s
H    0     0                    -16547.00000 -16700.375  0.93%     -    0s

Cutting planes:
  Gomory: 2
  Cover: 14
  MIR: 60

Explored 0 nodes (305 simplex iterations) in 0.09 seconds
Thread count was 16 (of 16 available processors)

Optimal solution found (tolerance 1.00e-02)
Best objective -1.654700000000e+04, best bound -1.670000000000e+04, gap 0.9246%
Changed value of parameter MIPGap to 0.01
   Prev: 0.0001  Min: 0.0  Max: 1e+100  Default: 0.0001
Changed value of parameter TimeLimit to 1800.0
   Prev: 1e+100  Min: 0.0  Max: 1e+100  Default: 1e+100
Changed value of parameter Method to 2
   Prev: -1  Min: -1  Max: 4  Default: -1
Changed value of parameter MIPFocus to 1
   Prev: 0  Min: 0  Max: 3  Default: 0
Optimize a model with 2184 rows, 3126 columns and 6252 nonzeros
Coefficient statistics:
  Matrix range    [1e+00, 2e+01]
  Objective range [6e+00, 1e+02]
  Bounds range    [1e+00, 1e+00]
  RHS range       [8e+01, 8e+01]
Found heuristic solution: objective 0
Presolve removed 2119 rows and 2413 columns
Presolve time: 0.01s
Presolved: 65 rows, 713 columns, 1285 nonzeros
Found heuristic solution: objective -18656.00000
Variable types: 0 continuous, 713 integer (608 binary)
Optimize a model with 65 rows, 713 columns and 1285 nonzeros
Coefficient statistics:
  Matrix range    [1e+00, 2e+01]
  Objective range [6e+00, 1e+02]
  Bounds range    [1e+00, 1e+01]
  RHS range       [2e+01, 8e+01]
Presolved: 65 rows, 713 columns, 1285 nonzeros

Root barrier log...

Ordering time: 0.00s

Barrier statistics:
 AA' NZ     : 5.510e+02
 Factor NZ  : 1.756e+03
 Factor Ops : 6.027e+04 (less than 1 second per iteration)
 Threads    : 1

                  Objective                Residual
Iter       Primal          Dual         Primal    Dual     Compl     Time
   0  -4.14189146e+04 -5.04508797e+04  1.59e+01 1.42e-14  7.83e+01     0s
   1  -1.91127579e+04 -3.48492543e+04  7.68e-01 9.39e+00  1.38e+01     0s
   2  -1.98771718e+04 -2.30204131e+04  4.76e-02 1.31e+00  2.24e+00     0s
   3  -2.06602208e+04 -2.13665906e+04  1.05e-03 2.19e-01  4.77e-01     0s
   4  -2.07953607e+04 -2.09240842e+04  0.00e+00 3.02e-02  8.70e-02     0s
   5  -2.08273510e+04 -2.08693318e+04  0.00e+00 5.27e-03  2.84e-02     0s
   6  -2.08401712e+04 -2.08529198e+04  0.00e+00 4.89e-04  8.62e-03     0s
   7  -2.08454022e+04 -2.08477264e+04  0.00e+00 2.84e-14  1.56e-03     0s
   8  -2.08459728e+04 -2.08459833e+04  0.00e+00 3.55e-14  7.04e-06     0s
   9  -2.08459762e+04 -2.08459762e+04  0.00e+00 2.84e-14  7.04e-09     0s

Barrier solved model in 9 iterations and 0.02 seconds
Optimal objective -2.08459762e+04


Root relaxation: objective -2.084598e+04, 91 iterations, 0.01 seconds

    Nodes    |    Current Node    |     Objective Bounds      |     Work
 Expl Unexpl |  Obj  Depth IntInf | Incumbent    BestBd   Gap | It/Node Time

     0     0 -20845.976    0   41 -18656.000 -20845.976  11.7%     -    0s
H    0     0                    -20344.00000 -20845.976  2.47%     -    0s
H    0     0                    -20499.00000 -20845.976  1.69%     -    0s
     0     0 -20726.162    0   63 -20499.000 -20726.162  1.11%     -    0s
H    0     0                    -20575.00000 -20726.162  0.73%     -    0s

Cutting planes:
  Gomory: 1
  Cover: 11
  MIR: 25

Explored 0 nodes (253 simplex iterations) in 0.06 seconds
Thread count was 16 (of 16 available processors)

Optimal solution found (tolerance 1.00e-02)
Best objective -2.057500000000e+04, best bound -2.072600000000e+04, gap 0.7339%
Changed value of parameter MIPGap to 0.01
   Prev: 0.0001  Min: 0.0  Max: 1e+100  Default: 0.0001
Changed value of parameter TimeLimit to 1800.0
   Prev: 1e+100  Min: 0.0  Max: 1e+100  Default: 1e+100
Changed value of parameter Method to 2
   Prev: -1  Min: -1  Max: 4  Default: -1
Changed value of parameter MIPFocus to 1
   Prev: 0  Min: 0  Max: 3  Default: 0
Optimize a model with 2184 rows, 3126 columns and 6252 nonzeros
Coefficient statistics:
  Matrix range    [1e+00, 2e+01]
  Objective range [1e+01, 2e+02]
  Bounds range    [1e+00, 1e+00]
  RHS range       [8e+01, 8e+01]
Found heuristic solution: objective 0
Presolve removed 2119 rows and 2413 columns
Presolve time: 0.01s
Presolved: 65 rows, 713 columns, 1285 nonzeros
Found heuristic solution: objective -36599.00000
Variable types: 0 continuous, 713 integer (608 binary)
Optimize a model with 65 rows, 713 columns and 1285 nonzeros
Coefficient statistics:
  Matrix range    [1e+00, 2e+01]
  Objective range [1e+01, 2e+02]
  Bounds range    [1e+00, 1e+01]
  RHS range       [2e+01, 8e+01]
Presolved: 65 rows, 713 columns, 1285 nonzeros

Root barrier log...

Ordering time: 0.00s

Barrier statistics:
 AA' NZ     : 5.510e+02
 Factor NZ  : 1.756e+03
 Factor Ops : 6.027e+04 (less than 1 second per iteration)
 Threads    : 1

                  Objective                Residual
Iter       Primal          Dual         Primal    Dual     Compl     Time
   0  -8.01608568e+04 -1.00568504e+05  1.59e+01 2.84e-14  1.58e+02     0s
   1  -3.75544945e+04 -6.94509072e+04  7.88e-01 1.95e+01  2.80e+01     0s
   2  -3.91506166e+04 -4.53680483e+04  5.05e-02 2.63e+00  4.44e+00     0s
   3  -4.07638181e+04 -4.23352998e+04  3.81e-03 6.00e-01  1.07e+00     0s
   4  -4.10682219e+04 -4.14304506e+04  4.11e-04 1.08e-01  2.47e-01     0s
   5  -4.11509666e+04 -4.12731277e+04  9.71e-05 3.40e-02  8.30e-02     0s
   6  -4.11739041e+04 -4.12008612e+04  1.49e-05 3.32e-03  1.83e-02     0s
   7  -4.11815984e+04 -4.11858349e+04  1.03e-06 3.66e-04  2.89e-03     0s
   8  -4.11834064e+04 -4.11834284e+04  0.00e+00 8.53e-14  1.47e-05     0s
   9  -4.11834143e+04 -4.11834143e+04  0.00e+00 8.53e-14  1.47e-08     0s
  10  -4.11834143e+04 -4.11834143e+04  1.62e-15 8.53e-14  2.00e-14     0s

Barrier solved model in 10 iterations and 0.02 seconds
Optimal objective -4.11834143e+04


Root relaxation: objective -4.118341e+04, 97 iterations, 0.01 seconds

    Nodes    |    Current Node    |     Objective Bounds      |     Work
 Expl Unexpl |  Obj  Depth IntInf | Incumbent    BestBd   Gap | It/Node Time

     0     0 -41183.414    0   38 -36599.000 -41183.414  12.5%     -    0s
H    0     0                    -40374.00000 -41183.414  2.00%     -    0s
H    0     0                    -40491.00000 -41183.414  1.71%     -    0s
H    0     0                    -40511.00000 -41183.414  1.66%     -    0s
H    0     0                    -40548.00000 -41183.414  1.57%     -    0s
     0     0 -40877.783    0   72 -40548.000 -40877.783  0.81%     -    0s

Cutting planes:
  Cover: 14
  MIR: 32

Explored 0 nodes (334 simplex iterations) in 0.06 seconds
Thread count was 16 (of 16 available processors)

Optimal solution found (tolerance 1.00e-02)
Best objective -4.054800000000e+04, best bound -4.087700000000e+04, gap 0.8114%
Changed value of parameter MIPGap to 0.01
   Prev: 0.0001  Min: 0.0  Max: 1e+100  Default: 0.0001
Changed value of parameter TimeLimit to 1800.0
   Prev: 1e+100  Min: 0.0  Max: 1e+100  Default: 1e+100
Changed value of parameter Method to 2
   Prev: -1  Min: -1  Max: 4  Default: -1
Changed value of parameter MIPFocus to 1
   Prev: 0  Min: 0  Max: 3  Default: 0
Optimize a model with 2184 rows, 3126 columns and 6252 nonzeros
Coefficient statistics:
  Matrix range    [1e+00, 2e+01]
  Objective range [2e+01, 4e+02]
  Bounds range    [1e+00, 1e+00]
  RHS range       [8e+01, 8e+01]
Found heuristic solution: objective 0
Presolve removed 2119 rows and 2413 columns
Presolve time: 0.01s
Presolved: 65 rows, 713 columns, 1285 nonzeros
Found heuristic solution: objective -72489.00000
Variable types: 0 continuous, 713 integer (608 binary)
Optimize a model with 65 rows, 713 columns and 1285 nonzeros
Coefficient statistics:
  Matrix range    [1e+00, 2e+01]
  Objective range [2e+01, 4e+02]
  Bounds range    [1e+00, 1e+01]
  RHS range       [2e+01, 8e+01]
Presolved: 65 rows, 713 columns, 1285 nonzeros

Root barrier log...

Ordering time: 0.00s

Barrier statistics:
 AA' NZ     : 5.510e+02
 Factor NZ  : 1.756e+03
 Factor Ops : 6.027e+04 (less than 1 second per iteration)
 Threads    : 1

                  Objective                Residual
Iter       Primal          Dual         Primal    Dual     Compl     Time
   0  -1.57644075e+05 -2.00803752e+05  1.59e+01 5.68e-14  3.16e+02     0s
   1  -7.44406855e+04 -1.38654034e+05  7.98e-01 3.99e+01  5.64e+01     0s
   2  -7.77096609e+04 -9.00537270e+04  5.22e-02 5.23e+00  8.83e+00     0s
   3  -8.10181827e+04 -8.40934241e+04  4.18e-03 1.20e+00  2.11e+00     0s
   4  -8.16418284e+04 -8.23434135e+04  5.75e-04 2.11e-01  4.79e-01     0s
   5  -8.18263633e+04 -8.20027009e+04  8.63e-05 3.99e-02  1.20e-01     0s
   6  -8.18608997e+04 -8.18930593e+04  3.04e-05 2.98e-03  2.22e-02     0s
   7  -8.18788670e+04 -8.18795876e+04  6.25e-07 1.14e-13  4.96e-04     0s
   8  -8.18793667e+04 -8.18793667e+04  1.71e-12 1.71e-13  1.61e-08     0s
   9  -8.18793667e+04 -8.18793667e+04  0.00e+00 1.14e-13  1.61e-11     0s

Barrier solved model in 9 iterations and 0.02 seconds
Optimal objective -8.18793667e+04


Root relaxation: objective -8.187937e+04, 98 iterations, 0.01 seconds

    Nodes    |    Current Node    |     Objective Bounds      |     Work
 Expl Unexpl |  Obj  Depth IntInf | Incumbent    BestBd   Gap | It/Node Time

     0     0 -81879.367    0   39 -72489.000 -81879.367  13.0%     -    0s
H    0     0                    -80087.00000 -81879.367  2.24%     -    0s
H    0     0                    -80439.00000 -81879.367  1.79%     -    0s
     0     0 -81205.164    0   69 -80439.000 -81205.164  0.95%     -    0s

Cutting planes:
  Gomory: 2
  Cover: 14
  MIR: 30

Explored 0 nodes (258 simplex iterations) in 0.05 seconds
Thread count was 16 (of 16 available processors)

Optimal solution found (tolerance 1.00e-02)
Best objective -8.043900000000e+04, best bound -8.120500000000e+04, gap 0.9523%
Changed value of parameter MIPGap to 0.01
   Prev: 0.0001  Min: 0.0  Max: 1e+100  Default: 0.0001
Changed value of parameter TimeLimit to 1800.0
   Prev: 1e+100  Min: 0.0  Max: 1e+100  Default: 1e+100
Changed value of parameter Method to 2
   Prev: -1  Min: -1  Max: 4  Default: -1
Changed value of parameter MIPFocus to 1
   Prev: 0  Min: 0  Max: 3  Default: 0
Optimize a model with 2184 rows, 3126 columns and 6252 nonzeros
Coefficient statistics:
  Matrix range    [1e+00, 2e+01]
  Objective range [5e+01, 1e+03]
  Bounds range    [1e+00, 1e+00]
  RHS range       [8e+01, 8e+01]
Found heuristic solution: objective 0
Presolve removed 2119 rows and 2413 columns
Presolve time: 0.01s
Presolved: 65 rows, 713 columns, 1285 nonzeros
Found heuristic solution: objective -180159.0000
Variable types: 0 continuous, 713 integer (608 binary)
Optimize a model with 65 rows, 713 columns and 1285 nonzeros
Coefficient statistics:
  Matrix range    [1e+00, 2e+01]
  Objective range [5e+01, 1e+03]
  Bounds range    [1e+00, 1e+01]
  RHS range       [2e+01, 8e+01]
Presolved: 65 rows, 713 columns, 1285 nonzeros

Root barrier log...

Ordering time: 0.00s

Barrier statistics:
 AA' NZ     : 5.510e+02
 Factor NZ  : 1.756e+03
 Factor Ops : 6.027e+04 (less than 1 second per iteration)
 Threads    : 1

                  Objective                Residual
Iter       Primal          Dual         Primal    Dual     Compl     Time
   0  -3.90093200e+05 -5.01509497e+05  1.59e+01 1.14e-13  7.92e+02     0s
   1  -1.85101889e+05 -3.46262937e+05  8.04e-01 1.01e+02  1.42e+02     0s
   2  -1.93395579e+05 -2.24134733e+05  5.34e-02 1.31e+01  2.20e+01     0s
   3  -2.01924719e+05 -2.09362677e+05  3.65e-03 2.99e+00  5.09e+00     0s
   4  -2.03398145e+05 -2.05257561e+05  5.06e-04 6.15e-01  1.27e+00     0s
   5  -2.03812431e+05 -2.04352121e+05  1.03e-04 1.52e-01  3.67e-01     0s
   6  -2.03915415e+05 -2.04028785e+05  2.52e-05 1.37e-02  7.76e-02     0s
   7  -2.03964762e+05 -2.03968447e+05  5.22e-07 3.41e-13  2.53e-03     0s
   8  -2.03967224e+05 -2.03967224e+05  0.00e+00 2.84e-13  3.90e-07     0s
   9  -2.03967224e+05 -2.03967224e+05  0.00e+00 3.41e-13  3.90e-10     0s

Barrier solved model in 9 iterations and 0.02 seconds
Optimal objective -2.03967224e+05


Root relaxation: objective -2.039672e+05, 98 iterations, 0.01 seconds

    Nodes    |    Current Node    |     Objective Bounds      |     Work
 Expl Unexpl |  Obj  Depth IntInf | Incumbent    BestBd   Gap | It/Node Time

     0     0 -203967.22    0   38 -180159.00 -203967.22  13.2%     -    0s
H    0     0                    -198795.0000 -203967.22  2.60%     -    0s
H    0     0                    -200027.0000 -203967.22  1.97%     -    0s
     0     0 -202219.98    0   61 -200027.00 -202219.98  1.10%     -    0s
H    0     0                    -200777.0000 -202219.98  0.72%     -    0s

Cutting planes:
  Cover: 10
  MIR: 26

Explored 0 nodes (256 simplex iterations) in 0.07 seconds
Thread count was 16 (of 16 available processors)

Optimal solution found (tolerance 1.00e-02)
Best objective -2.007770000000e+05, best bound -2.022190000000e+05, gap 0.7182%
Changed value of parameter MIPGap to 0.01
   Prev: 0.0001  Min: 0.0  Max: 1e+100  Default: 0.0001
Changed value of parameter TimeLimit to 1800.0
   Prev: 1e+100  Min: 0.0  Max: 1e+100  Default: 1e+100
Changed value of parameter Method to 2
   Prev: -1  Min: -1  Max: 4  Default: -1
Changed value of parameter MIPFocus to 1
   Prev: 0  Min: 0  Max: 3  Default: 0
Optimize a model with 2184 rows, 3126 columns and 6252 nonzeros
Coefficient statistics:
  Matrix range    [1e+00, 2e+01]
  Objective range [5e+02, 1e+04]
  Bounds range    [1e+00, 1e+00]
  RHS range       [8e+01, 8e+01]
Found heuristic solution: objective 0
Presolve removed 2119 rows and 2413 columns
Presolve time: 0.01s
Presolved: 65 rows, 713 columns, 1285 nonzeros
Found heuristic solution: objective -1795209.000
Variable types: 0 continuous, 713 integer (608 binary)
Optimize a model with 65 rows, 713 columns and 1285 nonzeros
Coefficient statistics:
  Matrix range    [1e+00, 2e+01]
  Objective range [5e+02, 1e+04]
  Bounds range    [1e+00, 1e+01]
  RHS range       [2e+01, 8e+01]
Presolved: 65 rows, 713 columns, 1285 nonzeros

Root barrier log...

Ordering time: 0.00s

Barrier statistics:
 AA' NZ     : 5.510e+02
 Factor NZ  : 1.756e+03
 Factor Ops : 6.027e+04 (less than 1 second per iteration)
 Threads    : 1

                  Objective                Residual
Iter       Primal          Dual         Primal    Dual     Compl     Time
   0  -3.87682820e+06 -5.01209567e+06  1.59e+01 1.82e-12  7.93e+03     0s
   1  -1.84502681e+06 -3.46039592e+06  8.07e-01 1.02e+03  1.42e+03     0s
   2  -1.92872101e+06 -2.23532451e+06  5.41e-02 1.31e+02  2.20e+02     0s
   3  -2.01507355e+06 -2.08838809e+06  3.63e-03 2.98e+01  5.02e+01     0s
   4  -2.02994837e+06 -2.04856867e+06  5.07e-04 6.44e+00  1.27e+01     0s
   5  -2.03379868e+06 -2.03916631e+06  1.23e-04 1.55e+00  3.65e+00     0s
   6  -2.03483055e+06 -2.03630720e+06  3.30e-05 3.04e-01  1.01e+00     0s
   7  -2.03521902e+06 -2.03534850e+06  2.07e-06 7.36e-03  8.87e-02     0s
   8  -2.03528491e+06 -2.03528517e+06  0.00e+00 5.46e-12  1.81e-04     0s
   9  -2.03528508e+06 -2.03528508e+06  0.00e+00 3.64e-12  1.81e-07     0s
  10  -2.03528508e+06 -2.03528508e+06  1.73e-15 3.64e-12  2.93e-13     0s

Barrier solved model in 10 iterations and 0.02 seconds
Optimal objective -2.03528508e+06


Root relaxation: objective -2.035285e+06, 98 iterations, 0.01 seconds

    Nodes    |    Current Node    |     Objective Bounds      |     Work
 Expl Unexpl |  Obj  Depth IntInf | Incumbent    BestBd   Gap | It/Node Time

     0     0 -2035285.1    0   41 -1795209.0 -2035285.1  13.4%     -    0s
H    0     0                    -1984086.000 -2035285.1  2.58%     -    0s
H    0     0                    -1994581.000 -2035285.1  2.04%     -    0s
     0     0 -2017973.3    0   61 -1994581.0 -2017973.3  1.17%     -    0s
H    0     0                    -2002560.000 -2017973.3  0.77%     -    0s

Cutting planes:
  Gomory: 1
  Cover: 13
  MIR: 24

Explored 0 nodes (265 simplex iterations) in 0.07 seconds
Thread count was 16 (of 16 available processors)

Optimal solution found (tolerance 1.00e-02)
Best objective -2.002560000000e+06, best bound -2.017973000000e+06, gap 0.7697%
