Changed value of parameter MIPGap to 0.01
   Prev: 0.0001  Min: 0.0  Max: 1e+100  Default: 0.0001
Changed value of parameter TimeLimit to 1800.0
   Prev: 1e+100  Min: 0.0  Max: 1e+100  Default: 1e+100
Changed value of parameter Method to 2
   Prev: -1  Min: -1  Max: 4  Default: -1
Changed value of parameter MIPFocus to 1
   Prev: 0  Min: 0  Max: 3  Default: 0
Optimize a model with 2336 rows, 3354 columns and 6708 nonzeros
Coefficient statistics:
  Matrix range    [1e+00, 2e+01]
  Objective range [1e+00, 1e+00]
  Bounds range    [1e+00, 1e+00]
  RHS range       [8e+01, 8e+01]
Found heuristic solution: objective 0
Presolve removed 2261 rows and 2427 columns
Presolve time: 0.06s
Presolved: 75 rows, 927 columns, 1687 nonzeros
Found heuristic solution: objective -785.0000000
Variable types: 0 continuous, 927 integer (841 binary)
Optimize a model with 75 rows, 927 columns and 1687 nonzeros
Coefficient statistics:
  Matrix range    [1e+00, 2e+01]
  Objective range [1e+00, 1e+00]
  Bounds range    [1e+00, 6e+00]
  RHS range       [2e+01, 8e+01]
Presolved: 75 rows, 927 columns, 1687 nonzeros

Root barrier log...

Ordering time: 0.00s

Barrier statistics:
 AA' NZ     : 7.140e+02
 Factor NZ  : 2.341e+03
 Factor Ops : 9.510e+04 (less than 1 second per iteration)
 Threads    : 1

                  Objective                Residual
Iter       Primal          Dual         Primal    Dual     Compl     Time
   0  -3.44452903e+03 -3.81451081e+03  2.05e+01 8.88e-16  6.67e+00     0s
   1  -1.02235181e+03 -2.82084324e+03  1.72e+00 1.19e+00  1.48e+00     0s
   2  -8.28530475e+02 -1.15735294e+03  0.00e+00 8.63e-02  1.73e-01     0s
   3  -9.44743226e+02 -9.87961993e+02  0.00e+00 4.84e-03  2.25e-02     0s
   4  -9.59776738e+02 -9.69401838e+02  0.00e+00 3.55e-15  5.00e-03     0s
   5  -9.62825380e+02 -9.65411894e+02  0.00e+00 4.54e-04  1.34e-03     0s
   6  -9.63431436e+02 -9.64131279e+02  0.00e+00 3.55e-15  3.63e-04     0s
   7  -9.63839488e+02 -9.63928824e+02  0.00e+00 3.55e-15  4.64e-05     0s
   8  -9.63876118e+02 -9.63876312e+02  0.00e+00 3.55e-15  1.01e-07     0s
   9  -9.63876190e+02 -9.63876191e+02  0.00e+00 3.55e-15  1.01e-10     0s

Barrier solved model in 9 iterations and 0.15 seconds
Optimal objective -9.63876190e+02


Root relaxation: objective -9.638762e+02, 79 iterations, 0.08 seconds

    Nodes    |    Current Node    |     Objective Bounds      |     Work
 Expl Unexpl |  Obj  Depth IntInf | Incumbent    BestBd   Gap | It/Node Time

     0     0 -963.87619    0   41 -785.00000 -963.87619  22.8%     -    0s
H    0     0                    -947.0000000 -963.87619  1.78%     -    0s
H    0     0                    -951.0000000 -963.87619  1.35%     -    0s
H    0     0                    -952.0000000 -963.87619  1.25%     -    0s
     0     0 -957.64130    0   49 -952.00000 -957.64130  0.59%     -    0s

Cutting planes:
  Gomory: 4
  MIR: 47

Explored 0 nodes (258 simplex iterations) in 0.26 seconds
Thread count was 16 (of 16 available processors)

Optimal solution found (tolerance 1.00e-02)
Best objective -9.520000000000e+02, best bound -9.570000000000e+02, gap 0.5252%
Changed value of parameter MIPGap to 0.01
   Prev: 0.0001  Min: 0.0  Max: 1e+100  Default: 0.0001
Changed value of parameter TimeLimit to 1800.0
   Prev: 1e+100  Min: 0.0  Max: 1e+100  Default: 1e+100
Changed value of parameter Method to 2
   Prev: -1  Min: -1  Max: 4  Default: -1
Changed value of parameter MIPFocus to 1
   Prev: 0  Min: 0  Max: 3  Default: 0
Optimize a model with 2336 rows, 3354 columns and 6708 nonzeros
Coefficient statistics:
  Matrix range    [1e+00, 2e+01]
  Objective range [1e+00, 1e+00]
  Bounds range    [1e+00, 1e+00]
  RHS range       [8e+01, 8e+01]
Found heuristic solution: objective 0
Presolve removed 2261 rows and 2417 columns
Presolve time: 0.01s
Presolved: 75 rows, 937 columns, 1697 nonzeros
Found heuristic solution: objective -794.7465000
Variable types: 0 continuous, 937 integer (846 binary)
Optimize a model with 75 rows, 937 columns and 1697 nonzeros
Coefficient statistics:
  Matrix range    [1e+00, 2e+01]
  Objective range [1e+00, 1e+00]
  Bounds range    [1e+00, 6e+00]
  RHS range       [2e+01, 8e+01]
Presolved: 75 rows, 937 columns, 1697 nonzeros

Root barrier log...

Ordering time: 0.00s

Barrier statistics:
 AA' NZ     : 7.140e+02
 Factor NZ  : 2.341e+03
 Factor Ops : 9.510e+04 (less than 1 second per iteration)
 Threads    : 1

                  Objective                Residual
Iter       Primal          Dual         Primal    Dual     Compl     Time
   0  -3.47744608e+03 -3.86578177e+03  2.05e+01 1.78e-15  6.70e+00     0s
   1  -1.02134553e+03 -2.85092628e+03  1.69e+00 1.20e+00  1.48e+00     0s
   2  -8.28696039e+02 -1.15986506e+03  0.00e+00 8.70e-02  1.72e-01     0s
   3  -9.46294217e+02 -9.89763680e+02  0.00e+00 4.92e-03  2.24e-02     0s
   4  -9.61316279e+02 -9.70980693e+02  0.00e+00 1.78e-15  4.97e-03     0s
   5  -9.64518936e+02 -9.66841811e+02  0.00e+00 3.40e-04  1.19e-03     0s
   6  -9.65225841e+02 -9.65667638e+02  0.00e+00 5.55e-05  2.27e-04     0s
   7  -9.65374485e+02 -9.65391039e+02  0.00e+00 3.55e-15  8.50e-06     0s
   8  -9.65385595e+02 -9.65385596e+02  0.00e+00 3.55e-15  5.69e-10     0s

Barrier solved model in 8 iterations and 0.02 seconds
Optimal objective -9.65385595e+02


Root relaxation: objective -9.653856e+02, 79 iterations, 0.01 seconds

    Nodes    |    Current Node    |     Objective Bounds      |     Work
 Expl Unexpl |  Obj  Depth IntInf | Incumbent    BestBd   Gap | It/Node Time

     0     0 -965.38560    0   41 -794.74650 -965.38560  21.5%     -    0s
H    0     0                    -949.4725000 -965.38560  1.68%     -    0s
H    0     0                    -950.4860000 -965.38560  1.57%     -    0s
H    0     0                    -952.4940000 -965.38560  1.35%     -    0s
H    0     0                    -953.4850000 -965.38560  1.25%     -    0s
     0     0 -959.02173    0   52 -953.48500 -959.02173  0.58%     -    0s

Cutting planes:
  Gomory: 4
  MIR: 47

Explored 0 nodes (244 simplex iterations) in 0.06 seconds
Thread count was 16 (of 16 available processors)

Optimal solution found (tolerance 1.00e-02)
Best objective -9.534850000000e+02, best bound -9.590217310571e+02, gap 0.5807%
Changed value of parameter MIPGap to 0.01
   Prev: 0.0001  Min: 0.0  Max: 1e+100  Default: 0.0001
Changed value of parameter TimeLimit to 1800.0
   Prev: 1e+100  Min: 0.0  Max: 1e+100  Default: 1e+100
Changed value of parameter Method to 2
   Prev: -1  Min: -1  Max: 4  Default: -1
Changed value of parameter MIPFocus to 1
   Prev: 0  Min: 0  Max: 3  Default: 0
Optimize a model with 2336 rows, 3354 columns and 6708 nonzeros
Coefficient statistics:
  Matrix range    [1e+00, 2e+01]
  Objective range [1e+00, 1e+00]
  Bounds range    [1e+00, 1e+00]
  RHS range       [8e+01, 8e+01]
Found heuristic solution: objective 0
Presolve removed 2261 rows and 2417 columns
Presolve time: 0.01s
Presolved: 75 rows, 937 columns, 1697 nonzeros
Found heuristic solution: objective -796.4930000
Variable types: 0 continuous, 937 integer (846 binary)
Optimize a model with 75 rows, 937 columns and 1697 nonzeros
Coefficient statistics:
  Matrix range    [1e+00, 2e+01]
  Objective range [1e+00, 1e+00]
  Bounds range    [1e+00, 6e+00]
  RHS range       [2e+01, 8e+01]
Presolved: 75 rows, 937 columns, 1697 nonzeros

Root barrier log...

Ordering time: 0.00s

Barrier statistics:
 AA' NZ     : 7.140e+02
 Factor NZ  : 2.341e+03
 Factor Ops : 9.510e+04 (less than 1 second per iteration)
 Threads    : 1

                  Objective                Residual
Iter       Primal          Dual         Primal    Dual     Compl     Time
   0  -3.48266536e+03 -3.86764622e+03  2.05e+01 1.33e-15  6.70e+00     0s
   1  -1.02319138e+03 -2.85254328e+03  1.69e+00 1.20e+00  1.48e+00     0s
   2  -8.30199082e+02 -1.16139362e+03  0.00e+00 8.70e-02  1.72e-01     0s
   3  -9.47813519e+02 -9.91279163e+02  0.00e+00 4.88e-03  2.24e-02     0s
   4  -9.62841061e+02 -9.72603211e+02  0.00e+00 3.55e-15  5.02e-03     0s
   5  -9.66088236e+02 -9.68280876e+02  0.00e+00 4.21e-04  1.13e-03     0s
   6  -9.66695534e+02 -9.67156415e+02  0.00e+00 1.78e-15  2.37e-04     0s
   7  -9.66877608e+02 -9.66902955e+02  0.00e+00 3.55e-15  1.30e-05     0s
   8  -9.66894999e+02 -9.66895001e+02  0.00e+00 3.55e-15  1.13e-09     0s

Barrier solved model in 8 iterations and 0.02 seconds
Optimal objective -9.66894999e+02


Root relaxation: objective -9.668950e+02, 79 iterations, 0.01 seconds

    Nodes    |    Current Node    |     Objective Bounds      |     Work
 Expl Unexpl |  Obj  Depth IntInf | Incumbent    BestBd   Gap | It/Node Time

     0     0 -966.89500    0   43 -796.49300 -966.89500  21.4%     -    0s
H    0     0                    -950.9890000 -966.89500  1.67%     -    0s
H    0     0                    -952.9860000 -966.89500  1.46%     -    0s
     0     0 -960.30641    0   56 -952.98600 -960.30641  0.77%     -    0s

Cutting planes:
  Gomory: 6
  Cover: 1
  MIR: 45

Explored 0 nodes (254 simplex iterations) in 0.06 seconds
Thread count was 16 (of 16 available processors)

Optimal solution found (tolerance 1.00e-02)
Best objective -9.529860000000e+02, best bound -9.603064087727e+02, gap 0.7682%
Changed value of parameter MIPGap to 0.01
   Prev: 0.0001  Min: 0.0  Max: 1e+100  Default: 0.0001
Changed value of parameter TimeLimit to 1800.0
   Prev: 1e+100  Min: 0.0  Max: 1e+100  Default: 1e+100
Changed value of parameter Method to 2
   Prev: -1  Min: -1  Max: 4  Default: -1
Changed value of parameter MIPFocus to 1
   Prev: 0  Min: 0  Max: 3  Default: 0
Optimize a model with 2336 rows, 3354 columns and 6708 nonzeros
Coefficient statistics:
  Matrix range    [1e+00, 2e+01]
  Objective range [1e+00, 1e+00]
  Bounds range    [1e+00, 1e+00]
  RHS range       [8e+01, 8e+01]
Found heuristic solution: objective 0
Presolve removed 2261 rows and 2417 columns
Presolve time: 0.01s
Presolved: 75 rows, 937 columns, 1697 nonzeros
Found heuristic solution: objective -799.9860000
Variable types: 0 continuous, 937 integer (846 binary)
Optimize a model with 75 rows, 937 columns and 1697 nonzeros
Coefficient statistics:
  Matrix range    [1e+00, 2e+01]
  Objective range [1e+00, 1e+00]
  Bounds range    [1e+00, 6e+00]
  RHS range       [2e+01, 8e+01]
Presolved: 75 rows, 937 columns, 1697 nonzeros

Root barrier log...

Ordering time: 0.00s

Barrier statistics:
 AA' NZ     : 7.140e+02
 Factor NZ  : 2.341e+03
 Factor Ops : 9.510e+04 (less than 1 second per iteration)
 Threads    : 1

                  Objective                Residual
Iter       Primal          Dual         Primal    Dual     Compl     Time
   0  -3.49310384e+03 -3.87137513e+03  2.05e+01 1.78e-15  6.70e+00     0s
   1  -1.02688447e+03 -2.85577757e+03  1.69e+00 1.20e+00  1.48e+00     0s
   2  -8.33208247e+02 -1.16445238e+03  0.00e+00 8.69e-02  1.72e-01     0s
   3  -9.50857458e+02 -9.94304169e+02  0.00e+00 4.79e-03  2.24e-02     0s
   4  -9.65896369e+02 -9.75863575e+02  0.00e+00 3.55e-15  5.12e-03     0s
   5  -9.68748178e+02 -9.71890126e+02  0.00e+00 1.78e-15  1.61e-03     0s
   6  -9.69526862e+02 -9.70332125e+02  0.00e+00 8.70e-05  4.14e-04     0s
   7  -9.69866114e+02 -9.69997515e+02  0.00e+00 1.78e-15  6.75e-05     0s
   8  -9.69913616e+02 -9.69914077e+02  0.00e+00 1.78e-15  2.37e-07     0s
   9  -9.69913809e+02 -9.69913810e+02  0.00e+00 3.55e-15  2.37e-10     0s

Barrier solved model in 9 iterations and 0.02 seconds
Optimal objective -9.69913809e+02


Root relaxation: objective -9.699138e+02, 79 iterations, 0.01 seconds

    Nodes    |    Current Node    |     Objective Bounds      |     Work
 Expl Unexpl |  Obj  Depth IntInf | Incumbent    BestBd   Gap | It/Node Time

     0     0 -969.91381    0   45 -799.98600 -969.91381  21.2%     -    0s
H    0     0                    -954.9560000 -969.91381  1.57%     -    0s
H    0     0                    -954.9940000 -969.91381  1.56%     -    0s
H    0     0                    -956.9580000 -969.91381  1.35%     -    0s
     0     0 -963.96337    0   47 -956.95800 -963.96337  0.73%     -    0s

Cutting planes:
  Gomory: 4
  MIR: 48

Explored 0 nodes (258 simplex iterations) in 0.06 seconds
Thread count was 16 (of 16 available processors)

Optimal solution found (tolerance 1.00e-02)
Best objective -9.569580000000e+02, best bound -9.639633704927e+02, gap 0.7320%
Changed value of parameter MIPGap to 0.01
   Prev: 0.0001  Min: 0.0  Max: 1e+100  Default: 0.0001
Changed value of parameter TimeLimit to 1800.0
   Prev: 1e+100  Min: 0.0  Max: 1e+100  Default: 1e+100
Changed value of parameter Method to 2
   Prev: -1  Min: -1  Max: 4  Default: -1
Changed value of parameter MIPFocus to 1
   Prev: 0  Min: 0  Max: 3  Default: 0
Optimize a model with 2336 rows, 3354 columns and 6708 nonzeros
Coefficient statistics:
  Matrix range    [1e+00, 2e+01]
  Objective range [1e+00, 1e+00]
  Bounds range    [1e+00, 1e+00]
  RHS range       [8e+01, 8e+01]
Found heuristic solution: objective 0
Presolve removed 2261 rows and 2417 columns
Presolve time: 0.01s
Presolved: 75 rows, 937 columns, 1697 nonzeros
Found heuristic solution: objective -806.9720000
Variable types: 0 continuous, 937 integer (846 binary)
Optimize a model with 75 rows, 937 columns and 1697 nonzeros
Coefficient statistics:
  Matrix range    [1e+00, 2e+01]
  Objective range [1e+00, 1e+00]
  Bounds range    [1e+00, 6e+00]
  RHS range       [2e+01, 8e+01]
Presolved: 75 rows, 937 columns, 1697 nonzeros

Root barrier log...

Ordering time: 0.00s

Barrier statistics:
 AA' NZ     : 7.140e+02
 Factor NZ  : 2.341e+03
 Factor Ops : 9.510e+04 (less than 1 second per iteration)
 Threads    : 1

                  Objective                Residual
Iter       Primal          Dual         Primal    Dual     Compl     Time
   0  -3.51398049e+03 -3.87883294e+03  2.05e+01 8.88e-16  6.71e+00     0s
   1  -1.03427619e+03 -2.86224735e+03  1.69e+00 1.20e+00  1.49e+00     0s
   2  -8.39238570e+02 -1.17058315e+03  0.00e+00 8.67e-02  1.72e-01     0s
   3  -9.56797730e+02 -1.00058265e+03  0.00e+00 4.73e-03  2.25e-02     0s
   4  -9.72055575e+02 -9.82419178e+02  0.00e+00 3.55e-15  5.33e-03     0s
   5  -9.74918420e+02 -9.77513918e+02  0.00e+00 1.78e-15  1.33e-03     0s
   6  -9.75706518e+02 -9.76469972e+02  0.00e+00 1.57e-04  3.92e-04     0s
   7  -9.75905830e+02 -9.76058285e+02  0.00e+00 3.55e-15  7.84e-05     0s
   8  -9.75948845e+02 -9.75953024e+02  0.00e+00 3.55e-15  2.15e-06     0s
   9  -9.75951426e+02 -9.75951430e+02  0.00e+00 3.55e-15  2.15e-09     0s

Barrier solved model in 9 iterations and 0.02 seconds
Optimal objective -9.75951426e+02


Root relaxation: objective -9.759514e+02, 79 iterations, 0.01 seconds

    Nodes    |    Current Node    |     Objective Bounds      |     Work
 Expl Unexpl |  Obj  Depth IntInf | Incumbent    BestBd   Gap | It/Node Time

     0     0 -975.95143    0   43 -806.97200 -975.95143  20.9%     -    0s
H    0     0                    -960.8640000 -975.95143  1.57%     -    0s
H    0     0                    -962.0440000 -975.95143  1.45%     -    0s
H    0     0                    -962.9480000 -975.95143  1.35%     -    0s
     0     0 -969.50918    0   56 -962.94800 -969.50918  0.68%     -    0s

Cutting planes:
  Gomory: 6
  Cover: 1
  MIR: 48

Explored 0 nodes (261 simplex iterations) in 0.06 seconds
Thread count was 16 (of 16 available processors)

Optimal solution found (tolerance 1.00e-02)
Best objective -9.629480000000e+02, best bound -9.695091818591e+02, gap 0.6814%
Changed value of parameter MIPGap to 0.01
   Prev: 0.0001  Min: 0.0  Max: 1e+100  Default: 0.0001
Changed value of parameter TimeLimit to 1800.0
   Prev: 1e+100  Min: 0.0  Max: 1e+100  Default: 1e+100
Changed value of parameter Method to 2
   Prev: -1  Min: -1  Max: 4  Default: -1
Changed value of parameter MIPFocus to 1
   Prev: 0  Min: 0  Max: 3  Default: 0
Optimize a model with 2336 rows, 3354 columns and 6708 nonzeros
Coefficient statistics:
  Matrix range    [1e+00, 2e+01]
  Objective range [1e+00, 1e+00]
  Bounds range    [1e+00, 1e+00]
  RHS range       [8e+01, 8e+01]
Found heuristic solution: objective 0
Presolve removed 2261 rows and 2417 columns
Presolve time: 0.01s
Presolved: 75 rows, 937 columns, 1697 nonzeros
Found heuristic solution: objective -810.4650000
Variable types: 0 continuous, 937 integer (846 binary)
Optimize a model with 75 rows, 937 columns and 1697 nonzeros
Coefficient statistics:
  Matrix range    [1e+00, 2e+01]
  Objective range [1e+00, 1e+00]
  Bounds range    [1e+00, 6e+00]
  RHS range       [2e+01, 8e+01]
Presolved: 75 rows, 937 columns, 1697 nonzeros

Root barrier log...

Ordering time: 0.00s

Barrier statistics:
 AA' NZ     : 7.140e+02
 Factor NZ  : 2.341e+03
 Factor Ops : 9.510e+04 (less than 1 second per iteration)
 Threads    : 1

                  Objective                Residual
Iter       Primal          Dual         Primal    Dual     Compl     Time
   0  -3.52441867e+03 -3.88256185e+03  2.05e+01 1.33e-15  6.71e+00     0s
   1  -1.03797481e+03 -2.86548285e+03  1.69e+00 1.20e+00  1.49e+00     0s
   2  -8.42259536e+02 -1.17365932e+03  0.00e+00 8.66e-02  1.72e-01     0s
   3  -9.59610346e+02 -1.00380933e+03  0.00e+00 4.70e-03  2.27e-02     0s
   4  -9.75087582e+02 -9.85535095e+02  0.00e+00 1.78e-15  5.37e-03     0s
   5  -9.78002617e+02 -9.80348936e+02  0.00e+00 1.78e-15  1.21e-03     0s
   6  -9.78756524e+02 -9.79346150e+02  0.00e+00 1.09e-04  3.03e-04     0s
   7  -9.78879461e+02 -9.79051221e+02  0.00e+00 3.55e-15  8.82e-05     0s
   8  -9.78962557e+02 -9.78987777e+02  0.00e+00 3.55e-15  1.30e-05     0s
   9  -9.78970227e+02 -9.78970256e+02  0.00e+00 3.55e-15  1.51e-08     0s
  10  -9.78970238e+02 -9.78970238e+02  0.00e+00 3.55e-15  1.51e-11     0s

Barrier solved model in 10 iterations and 0.02 seconds
Optimal objective -9.78970238e+02


Root relaxation: objective -9.789702e+02, 79 iterations, 0.01 seconds

    Nodes    |    Current Node    |     Objective Bounds      |     Work
 Expl Unexpl |  Obj  Depth IntInf | Incumbent    BestBd   Gap | It/Node Time

     0     0 -978.97024    0   40 -810.46500 -978.97024  20.8%     -    0s
H    0     0                    -962.9150000 -978.97024  1.67%     -    0s
H    0     0                    -965.0250000 -978.97024  1.45%     -    0s
H    0     0                    -967.0000000 -978.97024  1.24%     -    0s
     0     0 -972.96453    0   54 -967.00000 -972.96453  0.62%     -    0s

Cutting planes:
  Gomory: 5
  Cover: 1
  MIR: 45

Explored 0 nodes (265 simplex iterations) in 0.06 seconds
Thread count was 16 (of 16 available processors)

Optimal solution found (tolerance 1.00e-02)
Best objective -9.670000000000e+02, best bound -9.729600000000e+02, gap 0.6163%
Changed value of parameter MIPGap to 0.01
   Prev: 0.0001  Min: 0.0  Max: 1e+100  Default: 0.0001
Changed value of parameter TimeLimit to 1800.0
   Prev: 1e+100  Min: 0.0  Max: 1e+100  Default: 1e+100
Changed value of parameter Method to 2
   Prev: -1  Min: -1  Max: 4  Default: -1
Changed value of parameter MIPFocus to 1
   Prev: 0  Min: 0  Max: 3  Default: 0
Optimize a model with 2336 rows, 3354 columns and 6708 nonzeros
Coefficient statistics:
  Matrix range    [1e+00, 2e+01]
  Objective range [1e+00, 1e+00]
  Bounds range    [1e+00, 1e+00]
  RHS range       [8e+01, 8e+01]
Found heuristic solution: objective 0
Presolve removed 2261 rows and 2417 columns
Presolve time: 0.01s
Presolved: 75 rows, 937 columns, 1697 nonzeros
Found heuristic solution: objective -827.9300000
Variable types: 0 continuous, 937 integer (846 binary)
Optimize a model with 75 rows, 937 columns and 1697 nonzeros
Coefficient statistics:
  Matrix range    [1e+00, 2e+01]
  Objective range [1e+00, 1e+00]
  Bounds range    [1e+00, 6e+00]
  RHS range       [2e+01, 8e+01]
Presolved: 75 rows, 937 columns, 1697 nonzeros

Root barrier log...

Ordering time: 0.00s

Barrier statistics:
 AA' NZ     : 7.140e+02
 Factor NZ  : 2.341e+03
 Factor Ops : 9.510e+04 (less than 1 second per iteration)
 Threads    : 1

                  Objective                Residual
Iter       Primal          Dual         Primal    Dual     Compl     Time
   0  -3.57660806e+03 -3.90120638e+03  2.05e+01 1.78e-15  6.71e+00     0s
   1  -1.05649539e+03 -2.88166636e+03  1.70e+00 1.19e+00  1.49e+00     0s
   2  -8.57426663e+02 -1.18902732e+03  0.00e+00 8.61e-02  1.72e-01     0s
   3  -9.73736254e+02 -1.01755397e+03  0.00e+00 3.40e-03  2.25e-02     0s
   4  -9.90512274e+02 -1.00098865e+03  0.00e+00 1.78e-15  5.38e-03     0s
   5  -9.93597138e+02 -9.96535959e+02  0.00e+00 1.78e-15  1.51e-03     0s
   6  -9.94521149e+02 -9.95347355e+02  0.00e+00 1.78e-15  4.24e-04     0s
   7  -9.94737732e+02 -9.94849735e+02  0.00e+00 3.55e-15  5.75e-05     0s
   8  -9.94799913e+02 -9.94801633e+02  0.00e+00 3.55e-15  8.83e-07     0s
   9  -9.94801427e+02 -9.94801429e+02  0.00e+00 1.78e-15  8.83e-10     0s

Barrier solved model in 9 iterations and 0.02 seconds
Optimal objective -9.94801427e+02


Root relaxation: objective -9.948014e+02, 65 iterations, 0.01 seconds

    Nodes    |    Current Node    |     Objective Bounds      |     Work
 Expl Unexpl |  Obj  Depth IntInf | Incumbent    BestBd   Gap | It/Node Time

     0     0 -994.80143    0   51 -827.93000 -994.80143  20.2%     -    0s
H    0     0                    -976.2400000 -994.80143  1.90%     -    0s
H    0     0                    -980.6900000 -994.80143  1.44%     -    0s
H    0     0                    -982.4100000 -994.80143  1.26%     -    0s
     0     0 -988.89121    0   51 -982.41000 -988.89121  0.66%     -    0s

Cutting planes:
  Gomory: 4
  Cover: 1
  MIR: 52

Explored 0 nodes (244 simplex iterations) in 0.08 seconds
Thread count was 16 (of 16 available processors)

Optimal solution found (tolerance 1.00e-02)
Best objective -9.824100000000e+02, best bound -9.888900000000e+02, gap 0.6596%
Changed value of parameter MIPGap to 0.01
   Prev: 0.0001  Min: 0.0  Max: 1e+100  Default: 0.0001
Changed value of parameter TimeLimit to 1800.0
   Prev: 1e+100  Min: 0.0  Max: 1e+100  Default: 1e+100
Changed value of parameter Method to 2
   Prev: -1  Min: -1  Max: 4  Default: -1
Changed value of parameter MIPFocus to 1
   Prev: 0  Min: 0  Max: 3  Default: 0
Optimize a model with 2336 rows, 3354 columns and 6708 nonzeros
Coefficient statistics:
  Matrix range    [1e+00, 2e+01]
  Objective range [1e+00, 1e+00]
  Bounds range    [1e+00, 1e+00]
  RHS range       [8e+01, 8e+01]
Found heuristic solution: objective 0
Presolve removed 2261 rows and 2417 columns
Presolve time: 0.01s
Presolved: 75 rows, 937 columns, 1697 nonzeros
Found heuristic solution: objective -862.8600000
Variable types: 0 continuous, 937 integer (846 binary)
Optimize a model with 75 rows, 937 columns and 1697 nonzeros
Coefficient statistics:
  Matrix range    [1e+00, 2e+01]
  Objective range [1e+00, 1e+00]
  Bounds range    [1e+00, 6e+00]
  RHS range       [2e+01, 8e+01]
Presolved: 75 rows, 937 columns, 1697 nonzeros

Root barrier log...

Ordering time: 0.00s

Barrier statistics:
 AA' NZ     : 7.140e+02
 Factor NZ  : 2.341e+03
 Factor Ops : 9.510e+04 (less than 1 second per iteration)
 Threads    : 1

                  Objective                Residual
Iter       Primal          Dual         Primal    Dual     Compl     Time
   0  -3.68097939e+03 -3.93849544e+03  2.05e+01 1.33e-15  6.72e+00     0s
   1  -1.09367205e+03 -2.91406369e+03  1.70e+00 1.18e+00  1.49e+00     0s
   2  -8.81462796e+02 -1.22009891e+03  0.00e+00 8.53e-02  1.76e-01     0s
   3  -1.00144989e+03 -1.04987665e+03  0.00e+00 3.07e-03  2.49e-02     0s
   4  -1.02008341e+03 -1.03483960e+03  0.00e+00 1.78e-15  7.58e-03     0s
   5  -1.02430311e+03 -1.02970017e+03  0.00e+00 1.78e-15  2.77e-03     0s
   6  -1.02623313e+03 -1.02748876e+03  0.00e+00 3.55e-15  6.45e-04     0s
   7  -1.02691179e+03 -1.02696580e+03  0.00e+00 3.55e-15  2.77e-05     0s
   8  -1.02695524e+03 -1.02695524e+03  0.00e+00 3.55e-15  1.86e-09     0s

Barrier solved model in 8 iterations and 0.02 seconds
Optimal objective -1.02695524e+03


Root relaxation: objective -1.026955e+03, 65 iterations, 0.01 seconds

    Nodes    |    Current Node    |     Objective Bounds      |     Work
 Expl Unexpl |  Obj  Depth IntInf | Incumbent    BestBd   Gap | It/Node Time

     0     0 -1026.9552    0   60 -862.86000 -1026.9552  19.0%     -    0s
H    0     0                    -1010.880000 -1026.9552  1.59%     -    0s
H    0     0                    -1011.560000 -1026.9552  1.52%     -    0s
H    0     0                    -1012.540000 -1026.9552  1.42%     -    0s
     0     0 -1019.8135    0   49 -1012.5400 -1019.8135  0.72%     -    0s

Cutting planes:
  Gomory: 4
  Cover: 2
  MIR: 50

Explored 0 nodes (262 simplex iterations) in 0.07 seconds
Thread count was 16 (of 16 available processors)

Optimal solution found (tolerance 1.00e-02)
Best objective -1.012540000000e+03, best bound -1.019800000000e+03, gap 0.7170%
Changed value of parameter MIPGap to 0.01
   Prev: 0.0001  Min: 0.0  Max: 1e+100  Default: 0.0001
Changed value of parameter TimeLimit to 1800.0
   Prev: 1e+100  Min: 0.0  Max: 1e+100  Default: 1e+100
Changed value of parameter Method to 2
   Prev: -1  Min: -1  Max: 4  Default: -1
Changed value of parameter MIPFocus to 1
   Prev: 0  Min: 0  Max: 3  Default: 0
Optimize a model with 2336 rows, 3354 columns and 6708 nonzeros
Coefficient statistics:
  Matrix range    [1e+00, 2e+01]
  Objective range [1e+00, 2e+00]
  Bounds range    [1e+00, 1e+00]
  RHS range       [8e+01, 8e+01]
Found heuristic solution: objective 0
Presolve removed 2261 rows and 2417 columns
Presolve time: 0.01s
Presolved: 75 rows, 937 columns, 1697 nonzeros
Found heuristic solution: objective -932.7200000
Variable types: 0 continuous, 937 integer (846 binary)
Optimize a model with 75 rows, 937 columns and 1697 nonzeros
Coefficient statistics:
  Matrix range    [1e+00, 2e+01]
  Objective range [1e+00, 2e+00]
  Bounds range    [1e+00, 6e+00]
  RHS range       [2e+01, 8e+01]
Presolved: 75 rows, 937 columns, 1697 nonzeros

Root barrier log...

Ordering time: 0.00s

Barrier statistics:
 AA' NZ     : 7.140e+02
 Factor NZ  : 2.341e+03
 Factor Ops : 9.510e+04 (less than 1 second per iteration)
 Threads    : 1

                  Objective                Residual
Iter       Primal          Dual         Primal    Dual     Compl     Time
   0  -3.88969239e+03 -4.01307356e+03  2.05e+01 1.55e-15  6.73e+00     0s
   1  -1.16855594e+03 -2.97897637e+03  1.71e+00 1.16e+00  1.49e+00     0s
   2  -9.43679214e+02 -1.28279736e+03  0.00e+00 8.31e-02  1.76e-01     0s
   3  -1.06051418e+03 -1.11484504e+03  0.00e+00 2.92e-03  2.79e-02     0s
   4  -1.07882265e+03 -1.09906936e+03  0.00e+00 1.78e-15  1.04e-02     0s
   5  -1.08730388e+03 -1.09460569e+03  0.00e+00 1.78e-15  3.75e-03     0s
   6  -1.08969761e+03 -1.09265762e+03  0.00e+00 1.78e-15  1.52e-03     0s
   7  -1.09119451e+03 -1.09194003e+03  0.00e+00 1.78e-15  3.83e-04     0s
   8  -1.09143232e+03 -1.09144985e+03  0.00e+00 3.55e-15  8.99e-06     0s
   9  -1.09143657e+03 -1.09143658e+03  0.00e+00 3.55e-15  9.00e-09     0s
  10  -1.09143657e+03 -1.09143657e+03  0.00e+00 3.55e-15  9.00e-12     0s

Barrier solved model in 10 iterations and 0.02 seconds
Optimal objective -1.09143657e+03


Root relaxation: objective -1.091437e+03, 64 iterations, 0.01 seconds

    Nodes    |    Current Node    |     Objective Bounds      |     Work
 Expl Unexpl |  Obj  Depth IntInf | Incumbent    BestBd   Gap | It/Node Time

     0     0 -1091.4366    0   60 -932.72000 -1091.4366  17.0%     -    0s
H    0     0                    -1070.920000 -1091.4366  1.92%     -    0s
H    0     0                    -1074.120000 -1091.4366  1.61%     -    0s
     0     0 -1082.2418    0   76 -1074.1200 -1082.2418  0.76%     -    0s

Cutting planes:
  Gomory: 6
  Cover: 1
  MIR: 51

Explored 0 nodes (261 simplex iterations) in 0.07 seconds
Thread count was 16 (of 16 available processors)

Optimal solution found (tolerance 1.00e-02)
Best objective -1.074120000000e+03, best bound -1.082240000000e+03, gap 0.7560%
Changed value of parameter MIPGap to 0.01
   Prev: 0.0001  Min: 0.0  Max: 1e+100  Default: 0.0001
Changed value of parameter TimeLimit to 1800.0
   Prev: 1e+100  Min: 0.0  Max: 1e+100  Default: 1e+100
Changed value of parameter Method to 2
   Prev: -1  Min: -1  Max: 4  Default: -1
Changed value of parameter MIPFocus to 1
   Prev: 0  Min: 0  Max: 3  Default: 0
Optimize a model with 2336 rows, 3354 columns and 6708 nonzeros
Coefficient statistics:
  Matrix range    [1e+00, 2e+01]
  Objective range [1e+00, 2e+00]
  Bounds range    [1e+00, 1e+00]
  RHS range       [8e+01, 8e+01]
Found heuristic solution: objective 0
Presolve removed 2261 rows and 2417 columns
Presolve time: 0.01s
Presolved: 75 rows, 937 columns, 1697 nonzeros
Found heuristic solution: objective -967.6500000
Variable types: 0 continuous, 937 integer (846 binary)
Optimize a model with 75 rows, 937 columns and 1697 nonzeros
Coefficient statistics:
  Matrix range    [1e+00, 2e+01]
  Objective range [1e+00, 2e+00]
  Bounds range    [1e+00, 6e+00]
  RHS range       [2e+01, 8e+01]
Presolved: 75 rows, 937 columns, 1697 nonzeros

Root barrier log...

Ordering time: 0.00s

Barrier statistics:
 AA' NZ     : 7.140e+02
 Factor NZ  : 2.341e+03
 Factor Ops : 9.510e+04 (less than 1 second per iteration)
 Threads    : 1

                  Objective                Residual
Iter       Primal          Dual         Primal    Dual     Compl     Time
   0  -3.99403414e+03 -4.05036262e+03  2.05e+01 1.78e-15  6.74e+00     0s
   1  -1.20625569e+03 -3.01149132e+03  1.72e+00 1.15e+00  1.49e+00     0s
   2  -9.75306872e+02 -1.31500826e+03  0.00e+00 8.21e-02  1.76e-01     0s
   3  -1.09394947e+03 -1.14658341e+03  0.00e+00 2.78e-03  2.71e-02     0s
   4  -1.11072254e+03 -1.13149611e+03  0.00e+00 3.55e-15  1.07e-02     0s
   5  -1.11865025e+03 -1.12666740e+03  0.00e+00 1.78e-15  4.12e-03     0s
   6  -1.12287156e+03 -1.12437314e+03  0.00e+00 1.78e-15  7.71e-04     0s
   7  -1.12314517e+03 -1.12396488e+03  0.00e+00 3.55e-15  4.21e-04     0s
   8  -1.12370343e+03 -1.12379366e+03  0.00e+00 3.55e-15  4.63e-05     0s
   9  -1.12376454e+03 -1.12376469e+03  0.00e+00 1.78e-15  7.50e-08     0s
  10  -1.12376460e+03 -1.12376460e+03  0.00e+00 3.55e-15  7.50e-11     0s

Barrier solved model in 10 iterations and 0.02 seconds
Optimal objective -1.12376460e+03


Root relaxation: objective -1.123765e+03, 82 iterations, 0.01 seconds

    Nodes    |    Current Node    |     Objective Bounds      |     Work
 Expl Unexpl |  Obj  Depth IntInf | Incumbent    BestBd   Gap | It/Node Time

     0     0 -1123.7646    0   57 -967.65000 -1123.7646  16.1%     -    0s
H    0     0                    -1101.100000 -1123.7646  2.06%     -    0s
H    0     0                    -1102.300000 -1123.7646  1.95%     -    0s
     0     0 -1115.0582    0   73 -1102.3000 -1115.0582  1.16%     -    0s
H    0     0                    -1105.150000 -1115.0582  0.90%     -    0s

Cutting planes:
  Gomory: 5
  Cover: 2
  MIR: 49

Explored 0 nodes (307 simplex iterations) in 0.09 seconds
Thread count was 16 (of 16 available processors)

Optimal solution found (tolerance 1.00e-02)
Best objective -1.105150000000e+03, best bound -1.115050000000e+03, gap 0.8958%
Changed value of parameter MIPGap to 0.01
   Prev: 0.0001  Min: 0.0  Max: 1e+100  Default: 0.0001
Changed value of parameter TimeLimit to 1800.0
   Prev: 1e+100  Min: 0.0  Max: 1e+100  Default: 1e+100
Changed value of parameter Method to 2
   Prev: -1  Min: -1  Max: 4  Default: -1
Changed value of parameter MIPFocus to 1
   Prev: 0  Min: 0  Max: 3  Default: 0
Optimize a model with 2336 rows, 3354 columns and 6708 nonzeros
Coefficient statistics:
  Matrix range    [1e+00, 2e+01]
  Objective range [1e+00, 3e+00]
  Bounds range    [1e+00, 1e+00]
  RHS range       [8e+01, 8e+01]
Found heuristic solution: objective 0
Presolve removed 2261 rows and 2417 columns
Presolve time: 0.01s
Presolved: 75 rows, 937 columns, 1697 nonzeros
Found heuristic solution: objective -1140.600000
Variable types: 0 continuous, 937 integer (846 binary)
Optimize a model with 75 rows, 937 columns and 1697 nonzeros
Coefficient statistics:
  Matrix range    [1e+00, 2e+01]
  Objective range [1e+00, 3e+00]
  Bounds range    [1e+00, 6e+00]
  RHS range       [2e+01, 8e+01]
Presolved: 75 rows, 937 columns, 1697 nonzeros

Root barrier log...

Ordering time: 0.00s

Barrier statistics:
 AA' NZ     : 7.140e+02
 Factor NZ  : 2.341e+03
 Factor Ops : 9.510e+04 (less than 1 second per iteration)
 Threads    : 1

                  Objective                Residual
Iter       Primal          Dual         Primal    Dual     Compl     Time
   0  -4.51559720e+03 -4.23680793e+03  2.05e+01 1.33e-15  6.78e+00     0s
   1  -1.39718214e+03 -3.17468854e+03  1.74e+00 1.10e+00  1.49e+00     0s
   2  -1.14554523e+03 -1.48161376e+03  0.00e+00 7.77e-02  1.74e-01     0s
   3  -1.25516282e+03 -1.31915665e+03  0.00e+00 4.45e-03  3.29e-02     0s
   4  -1.26626563e+03 -1.29666253e+03  0.00e+00 3.55e-15  1.56e-02     0s
   5  -1.28051538e+03 -1.29250507e+03  0.00e+00 1.78e-15  6.15e-03     0s
   6  -1.28574784e+03 -1.29035408e+03  0.00e+00 1.78e-15  2.36e-03     0s
   7  -1.28787617e+03 -1.28957024e+03  0.00e+00 1.78e-15  8.69e-04     0s
   8  -1.28854783e+03 -1.28911219e+03  0.00e+00 1.78e-15  2.90e-04     0s
   9  -1.28882732e+03 -1.28891167e+03  0.00e+00 3.55e-15  4.33e-05     0s
  10  -1.28889139e+03 -1.28889179e+03  0.00e+00 3.55e-15  2.07e-07     0s
  11  -1.28889156e+03 -1.28889156e+03  0.00e+00 3.55e-15  2.07e-10     0s

Barrier solved model in 11 iterations and 0.02 seconds
Optimal objective -1.28889156e+03


Root relaxation: objective -1.288892e+03, 40 iterations, 0.01 seconds

    Nodes    |    Current Node    |     Objective Bounds      |     Work
 Expl Unexpl |  Obj  Depth IntInf | Incumbent    BestBd   Gap | It/Node Time

     0     0 -1288.8916    0   66 -1140.6000 -1288.8916  13.0%     -    0s
H    0     0                    -1253.600000 -1288.8916  2.82%     -    0s
H    0     0                    -1257.200000 -1288.8916  2.52%     -    0s
H    0     0                    -1257.700000 -1288.8916  2.48%     -    0s
H    0     0                    -1259.900000 -1288.8916  2.30%     -    0s
     0     0 -1278.6313    0   89 -1259.9000 -1278.6313  1.49%     -    0s
H    0     0                    -1267.100000 -1278.6313  0.91%     -    0s

Cutting planes:
  Gomory: 5
  Cover: 3
  MIR: 48

Explored 0 nodes (266 simplex iterations) in 0.10 seconds
Thread count was 16 (of 16 available processors)

Optimal solution found (tolerance 1.00e-02)
Best objective -1.267100000000e+03, best bound -1.278600000000e+03, gap 0.9076%
Changed value of parameter MIPGap to 0.01
   Prev: 0.0001  Min: 0.0  Max: 1e+100  Default: 0.0001
Changed value of parameter TimeLimit to 1800.0
   Prev: 1e+100  Min: 0.0  Max: 1e+100  Default: 1e+100
Changed value of parameter Method to 2
   Prev: -1  Min: -1  Max: 4  Default: -1
Changed value of parameter MIPFocus to 1
   Prev: 0  Min: 0  Max: 3  Default: 0
Optimize a model with 2336 rows, 3354 columns and 6708 nonzeros
Coefficient statistics:
  Matrix range    [1e+00, 2e+01]
  Objective range [1e+00, 5e+00]
  Bounds range    [1e+00, 1e+00]
  RHS range       [8e+01, 8e+01]
Found heuristic solution: objective 0
Presolve removed 2261 rows and 2417 columns
Presolve time: 0.01s
Presolved: 75 rows, 937 columns, 1697 nonzeros
Found heuristic solution: objective -1488.200000
Variable types: 0 continuous, 937 integer (846 binary)
Optimize a model with 75 rows, 937 columns and 1697 nonzeros
Coefficient statistics:
  Matrix range    [1e+00, 2e+01]
  Objective range [1e+00, 5e+00]
  Bounds range    [1e+00, 6e+00]
  RHS range       [2e+01, 8e+01]
Presolved: 75 rows, 937 columns, 1697 nonzeros

Root barrier log...

Ordering time: 0.00s

Barrier statistics:
 AA' NZ     : 7.140e+02
 Factor NZ  : 2.341e+03
 Factor Ops : 9.510e+04 (less than 1 second per iteration)
 Threads    : 1

                  Objective                Residual
Iter       Primal          Dual         Primal    Dual     Compl     Time
   0  -5.55801157e+03 -4.60969855e+03  2.05e+01 1.78e-15  6.85e+00     0s
   1  -1.78946366e+03 -3.50417002e+03  1.78e+00 1.01e+00  1.49e+00     0s
   2  -1.50133555e+03 -1.82645411e+03  0.00e+00 6.83e-02  1.68e-01     0s
   3  -1.59195316e+03 -1.66173473e+03  0.00e+00 7.14e-04  3.58e-02     0s
   4  -1.60895821e+03 -1.65520623e+03  0.00e+00 1.78e-15  2.37e-02     0s
   5  -1.61987704e+03 -1.63823451e+03  0.00e+00 1.78e-15  9.42e-03     0s
   6  -1.62540697e+03 -1.63385220e+03  0.00e+00 1.78e-15  4.33e-03     0s
   7  -1.62775474e+03 -1.63165198e+03  0.00e+00 1.78e-15  2.00e-03     0s
   8  -1.62912329e+03 -1.63076025e+03  0.00e+00 1.78e-15  8.40e-04     0s
   9  -1.63000295e+03 -1.63042303e+03  0.00e+00 1.78e-15  2.16e-04     0s
  10  -1.63023844e+03 -1.63026504e+03  0.00e+00 1.78e-15  1.37e-05     0s
  11  -1.63025225e+03 -1.63025241e+03  0.00e+00 1.78e-15  8.31e-08     0s
  12  -1.63025238e+03 -1.63025238e+03  0.00e+00 3.55e-15  1.79e-12     0s

Barrier solved model in 12 iterations and 0.02 seconds
Optimal objective -1.63025238e+03


Root relaxation: objective -1.630252e+03, 33 iterations, 0.01 seconds

    Nodes    |    Current Node    |     Objective Bounds      |     Work
 Expl Unexpl |  Obj  Depth IntInf | Incumbent    BestBd   Gap | It/Node Time

     0     0 -1630.2524    0   61 -1488.2000 -1630.2524  9.55%     -    0s
H    0     0                    -1579.400000 -1630.2524  3.22%     -    0s
H    0     0                    -1590.600000 -1630.2524  2.49%     -    0s
H    0     0                    -1597.000000 -1630.2524  2.08%     -    0s
     0     0 -1621.2526    0   95 -1597.0000 -1621.2526  1.52%     -    0s
H    0     0                    -1605.200000 -1621.2526  1.00%     -    0s
     0     0 -1620.9409    0  101 -1605.2000 -1620.9409  0.98%     -    0s

Cutting planes:
  Gomory: 6
  Cover: 8
  MIR: 46

Explored 0 nodes (375 simplex iterations) in 0.10 seconds
Thread count was 16 (of 16 available processors)

Optimal solution found (tolerance 1.00e-02)
Best objective -1.605200000000e+03, best bound -1.620800000000e+03, gap 0.9718%
Changed value of parameter MIPGap to 0.01
   Prev: 0.0001  Min: 0.0  Max: 1e+100  Default: 0.0001
Changed value of parameter TimeLimit to 1800.0
   Prev: 1e+100  Min: 0.0  Max: 1e+100  Default: 1e+100
Changed value of parameter Method to 2
   Prev: -1  Min: -1  Max: 4  Default: -1
Changed value of parameter MIPFocus to 1
   Prev: 0  Min: 0  Max: 3  Default: 0
Optimize a model with 2336 rows, 3354 columns and 6708 nonzeros
Coefficient statistics:
  Matrix range    [1e+00, 2e+01]
  Objective range [1e+00, 9e+00]
  Bounds range    [1e+00, 1e+00]
  RHS range       [8e+01, 8e+01]
Found heuristic solution: objective 0
Presolve removed 2261 rows and 2419 columns
Presolve time: 0.01s
Presolved: 75 rows, 935 columns, 1695 nonzeros
Found heuristic solution: objective -2167.000000
Variable types: 0 continuous, 935 integer (845 binary)
Optimize a model with 75 rows, 935 columns and 1695 nonzeros
Coefficient statistics:
  Matrix range    [1e+00, 2e+01]
  Objective range [1e+00, 9e+00]
  Bounds range    [1e+00, 2e+01]
  RHS range       [2e+01, 8e+01]
Presolve removed 0 rows and 53 columns
Presolved: 75 rows, 882 columns, 1628 nonzeros

Root barrier log...

Ordering time: 0.00s

Barrier statistics:
 AA' NZ     : 7.140e+02
 Factor NZ  : 2.341e+03
 Factor Ops : 9.510e+04 (less than 1 second per iteration)
 Threads    : 1

                  Objective                Residual
Iter       Primal          Dual         Primal    Dual     Compl     Time
   0  -7.89110445e+03 -5.48122235e+03  1.99e+01 1.78e-15  7.87e+00     0s
   1  -2.62174318e+03 -4.20551802e+03  1.71e+00 8.86e-01  1.59e+00     0s
   2  -2.25031259e+03 -2.56940430e+03  3.82e-02 4.93e-02  1.86e-01     0s
   3  -2.30064027e+03 -2.37396179e+03  7.80e-03 3.55e-15  4.21e-02     0s
   4  -2.31489788e+03 -2.35032396e+03  2.58e-03 3.55e-15  2.01e-02     0s
   5  -2.32242532e+03 -2.33507711e+03  8.77e-04 3.55e-15  7.17e-03     0s
   6  -2.32580751e+03 -2.32946717e+03  2.00e-04 3.55e-15  2.06e-03     0s
   7  -2.32676466e+03 -2.32722456e+03  1.73e-05 3.55e-15  2.60e-04     0s
   8  -2.32695665e+03 -2.32696047e+03  2.58e-07 3.55e-15  2.25e-06     0s
   9  -2.32696000e+03 -2.32696000e+03  0.00e+00 3.55e-15  2.25e-09     0s

Barrier solved model in 9 iterations and 0.02 seconds
Optimal objective -2.32696000e+03


Root relaxation: objective -2.326960e+03, 382 iterations, 0.01 seconds

    Nodes    |    Current Node    |     Objective Bounds      |     Work
 Expl Unexpl |  Obj  Depth IntInf | Incumbent    BestBd   Gap | It/Node Time

     0     0 -2326.9600    0   57 -2167.0000 -2326.9600  7.38%     -    0s
H    0     0                    -2284.000000 -2326.9600  1.88%     -    0s
H    0     0                    -2290.000000 -2326.9600  1.61%     -    0s
     0     0 -2326.2530    0   87 -2290.0000 -2326.2530  1.58%     -    0s
     0     0 -2326.2530    0   75 -2290.0000 -2326.2530  1.58%     -    0s
     0     0 -2326.1256    0  100 -2290.0000 -2326.1256  1.58%     -    0s
     0     0 -2325.9914    0   79 -2290.0000 -2325.9914  1.57%     -    0s
H    0     0                    -2294.800000 -2325.9914  1.36%     -    0s
H    0     0                    -2300.800000 -2325.9914  1.09%     -    0s
H    0     0                    -2305.400000 -2325.9914  0.89%     -    0s

Cutting planes:
  Gomory: 2
  Cover: 9
  MIR: 73

Explored 0 nodes (1213 simplex iterations) in 0.19 seconds
Thread count was 16 (of 16 available processors)

Optimal solution found (tolerance 1.00e-02)
Best objective -2.305400000000e+03, best bound -2.325800000000e+03, gap 0.8849%
Changed value of parameter MIPGap to 0.01
   Prev: 0.0001  Min: 0.0  Max: 1e+100  Default: 0.0001
Changed value of parameter TimeLimit to 1800.0
   Prev: 1e+100  Min: 0.0  Max: 1e+100  Default: 1e+100
Changed value of parameter Method to 2
   Prev: -1  Min: -1  Max: 4  Default: -1
Changed value of parameter MIPFocus to 1
   Prev: 0  Min: 0  Max: 3  Default: 0
Optimize a model with 2336 rows, 3354 columns and 6708 nonzeros
Coefficient statistics:
  Matrix range    [1e+00, 2e+01]
  Objective range [2e+00, 1e+01]
  Bounds range    [1e+00, 1e+00]
  RHS range       [8e+01, 8e+01]
Found heuristic solution: objective 0
Presolve removed 2261 rows and 2417 columns
Presolve time: 0.01s
Presolved: 75 rows, 937 columns, 1697 nonzeros
Found heuristic solution: objective -2530.500000
Variable types: 0 continuous, 937 integer (846 binary)
Optimize a model with 75 rows, 937 columns and 1697 nonzeros
Coefficient statistics:
  Matrix range    [1e+00, 2e+01]
  Objective range [2e+00, 1e+01]
  Bounds range    [1e+00, 6e+00]
  RHS range       [2e+01, 8e+01]
Presolve removed 0 rows and 2 columns
Presolved: 75 rows, 935 columns, 1695 nonzeros

Root barrier log...

Ordering time: 0.00s

Barrier statistics:
 AA' NZ     : 7.140e+02
 Factor NZ  : 2.341e+03
 Factor Ops : 9.510e+04 (less than 1 second per iteration)
 Threads    : 1

                  Objective                Residual
Iter       Primal          Dual         Primal    Dual     Compl     Time
   0  -8.67594568e+03 -6.62924177e+03  2.05e+01 1.78e-15  9.02e+00     0s
   1  -2.88248333e+03 -5.13212117e+03  1.40e+00 1.17e+00  1.81e+00     0s
   2  -2.61999853e+03 -3.01672037e+03  2.88e-02 9.64e-02  2.16e-01     0s
   3  -2.67961095e+03 -2.76472147e+03  5.21e-03 1.96e-03  4.58e-02     0s
   4  -2.70080593e+03 -2.73398740e+03  1.24e-03 3.55e-15  1.76e-02     0s
   5  -2.70841985e+03 -2.72496839e+03  5.58e-04 3.55e-15  8.75e-03     0s
   6  -2.71237082e+03 -2.72061985e+03  2.35e-04 3.55e-15  4.35e-03     0s
   7  -2.71464792e+03 -2.71818149e+03  7.86e-05 3.55e-15  1.86e-03     0s
   8  -2.71559927e+03 -2.71701093e+03  3.11e-05 3.55e-15  7.43e-04     0s
   9  -2.71614140e+03 -2.71653072e+03  4.12e-06 3.55e-15  2.04e-04     0s
  10  -2.71625828e+03 -2.71631753e+03  7.16e-07 3.55e-15  3.16e-05     0s
  11  -2.71631028e+03 -2.71631293e+03  0.00e+00 3.55e-15  1.38e-06     0s
  12  -2.71631190e+03 -2.71631191e+03  0.00e+00 5.33e-15  6.00e-09     0s

Barrier solved model in 12 iterations and 0.02 seconds
Optimal objective -2.71631190e+03


Root relaxation: objective -2.716312e+03, 64 iterations, 0.01 seconds

    Nodes    |    Current Node    |     Objective Bounds      |     Work
 Expl Unexpl |  Obj  Depth IntInf | Incumbent    BestBd   Gap | It/Node Time

     0     0 -2716.3119    0   54 -2530.5000 -2716.3119  7.34%     -    0s
H    0     0                    -2683.000000 -2716.3119  1.24%     -    0s
     0     0 -2714.2450    0  104 -2683.0000 -2714.2450  1.16%     -    0s
     0     0 -2713.6895    0  111 -2683.0000 -2713.6895  1.14%     -    0s
H    0     0                    -2687.000000 -2713.6895  0.99%     -    0s
H    0     0                    -2690.000000 -2713.6895  0.88%     -    0s

Cutting planes:
  Gomory: 2
  Cover: 19
  MIR: 86
  Zero half: 2

Explored 0 nodes (449 simplex iterations) in 0.13 seconds
Thread count was 16 (of 16 available processors)

Optimal solution found (tolerance 1.00e-02)
Best objective -2.690000000000e+03, best bound -2.713500000000e+03, gap 0.8736%
Changed value of parameter MIPGap to 0.01
   Prev: 0.0001  Min: 0.0  Max: 1e+100  Default: 0.0001
Changed value of parameter TimeLimit to 1800.0
   Prev: 1e+100  Min: 0.0  Max: 1e+100  Default: 1e+100
Changed value of parameter Method to 2
   Prev: -1  Min: -1  Max: 4  Default: -1
Changed value of parameter MIPFocus to 1
   Prev: 0  Min: 0  Max: 3  Default: 0
Optimize a model with 2336 rows, 3354 columns and 6708 nonzeros
Coefficient statistics:
  Matrix range    [1e+00, 2e+01]
  Objective range [2e+00, 2e+01]
  Bounds range    [1e+00, 1e+00]
  RHS range       [8e+01, 8e+01]
Found heuristic solution: objective 0
Presolve removed 2261 rows and 2417 columns
Presolve time: 0.01s
Presolved: 75 rows, 937 columns, 1697 nonzeros
Found heuristic solution: objective -4290.000000
Variable types: 0 continuous, 937 integer (846 binary)
Optimize a model with 75 rows, 937 columns and 1697 nonzeros
Coefficient statistics:
  Matrix range    [1e+00, 2e+01]
  Objective range [2e+00, 2e+01]
  Bounds range    [1e+00, 6e+00]
  RHS range       [2e+01, 8e+01]
Presolve removed 0 rows and 64 columns
Presolved: 75 rows, 873 columns, 1620 nonzeros

Root barrier log...

Ordering time: 0.00s

Barrier statistics:
 AA' NZ     : 7.140e+02
 Factor NZ  : 2.341e+03
 Factor Ops : 9.510e+04 (less than 1 second per iteration)
 Threads    : 1

                  Objective                Residual
Iter       Primal          Dual         Primal    Dual     Compl     Time
   0  -1.33976548e+04 -1.26479302e+04  1.94e+01 3.55e-15  1.89e+01     0s
   1  -4.57632080e+03 -9.62543725e+03  8.28e-01 2.66e+00  3.68e+00     0s
   2  -4.45668430e+03 -5.24674331e+03  9.41e-03 2.28e-01  4.43e-01     0s
   3  -4.71803627e+03 -4.85726432e+03  0.00e+00 2.45e-02  7.68e-02     0s
   4  -4.74011363e+03 -4.80871871e+03  0.00e+00 7.11e-15  3.78e-02     0s
   5  -4.76490676e+03 -4.79330751e+03  0.00e+00 5.33e-15  1.56e-02     0s
   6  -4.77169979e+03 -4.78336801e+03  0.00e+00 7.11e-15  6.42e-03     0s
   7  -4.77384119e+03 -4.77881700e+03  0.00e+00 7.11e-15  2.74e-03     0s
   8  -4.77464190e+03 -4.77619753e+03  0.00e+00 7.11e-15  8.56e-04     0s
   9  -4.77531774e+03 -4.77555067e+03  0.00e+00 7.11e-15  1.28e-04     0s
  10  -4.77537792e+03 -4.77538734e+03  0.00e+00 7.11e-15  5.18e-06     0s
  11  -4.77538214e+03 -4.77538216e+03  0.00e+00 8.88e-15  1.32e-08     0s
  12  -4.77538214e+03 -4.77538214e+03  4.48e-13 7.11e-15  3.29e-14     0s

Barrier solved model in 12 iterations and 0.02 seconds
Optimal objective -4.77538214e+03


Root relaxation: objective -4.775382e+03, 34 iterations, 0.01 seconds

    Nodes    |    Current Node    |     Objective Bounds      |     Work
 Expl Unexpl |  Obj  Depth IntInf | Incumbent    BestBd   Gap | It/Node Time

     0     0 -4775.3821    0   58 -4290.0000 -4775.3821  11.3%     -    0s
H    0     0                    -4679.000000 -4775.3821  2.06%     -    0s
H    0     0                    -4686.000000 -4775.3821  1.91%     -    0s
H    0     0                    -4710.000000 -4775.3821  1.39%     -    0s
     0     0 -4762.8315    0   97 -4710.0000 -4762.8315  1.12%     -    0s
     0     0 -4762.0783    0   99 -4710.0000 -4762.0783  1.11%     -    0s
H    0     0                    -4726.000000 -4762.0783  0.76%     -    0s

Cutting planes:
  Gomory: 1
  Cover: 18
  MIR: 92

Explored 0 nodes (425 simplex iterations) in 0.13 seconds
Thread count was 16 (of 16 available processors)

Optimal solution found (tolerance 1.00e-02)
Best objective -4.726000000000e+03, best bound -4.762000000000e+03, gap 0.7617%
Changed value of parameter MIPGap to 0.01
   Prev: 0.0001  Min: 0.0  Max: 1e+100  Default: 0.0001
Changed value of parameter TimeLimit to 1800.0
   Prev: 1e+100  Min: 0.0  Max: 1e+100  Default: 1e+100
Changed value of parameter Method to 2
   Prev: -1  Min: -1  Max: 4  Default: -1
Changed value of parameter MIPFocus to 1
   Prev: 0  Min: 0  Max: 3  Default: 0
Optimize a model with 2336 rows, 3354 columns and 6708 nonzeros
Coefficient statistics:
  Matrix range    [1e+00, 2e+01]
  Objective range [3e+00, 4e+01]
  Bounds range    [1e+00, 1e+00]
  RHS range       [8e+01, 8e+01]
Found heuristic solution: objective 0
Presolve removed 2261 rows and 2417 columns
Presolve time: 0.01s
Presolved: 75 rows, 937 columns, 1697 nonzeros
Found heuristic solution: objective -7788.000000
Variable types: 0 continuous, 937 integer (846 binary)
Optimize a model with 75 rows, 937 columns and 1697 nonzeros
Coefficient statistics:
  Matrix range    [1e+00, 2e+01]
  Objective range [3e+00, 4e+01]
  Bounds range    [1e+00, 6e+00]
  RHS range       [2e+01, 8e+01]
Presolved: 75 rows, 937 columns, 1697 nonzeros

Root barrier log...

Ordering time: 0.00s

Barrier statistics:
 AA' NZ     : 7.140e+02
 Factor NZ  : 2.341e+03
 Factor Ops : 9.510e+04 (less than 1 second per iteration)
 Threads    : 1

                  Objective                Residual
Iter       Primal          Dual         Primal    Dual     Compl     Time
   0  -2.43829703e+04 -2.45620477e+04  2.05e+01 7.11e-15  3.67e+01     0s
   1  -8.56702428e+03 -1.87872776e+04  1.07e+00 5.46e+00  7.27e+00     0s
   2  -8.23307541e+03 -9.81388558e+03  5.34e-03 4.17e-01  8.21e-01     0s
   3  -8.81109544e+03 -9.07965767e+03  0.00e+00 5.21e-02  1.38e-01     0s
   4  -8.89895077e+03 -8.96956148e+03  0.00e+00 1.33e-03  3.63e-02     0s
   5  -8.91495024e+03 -8.94290048e+03  0.00e+00 1.42e-14  1.43e-02     0s
   6  -8.91757411e+03 -8.92658803e+03  0.00e+00 1.42e-14  4.63e-03     0s
   7  -8.91972374e+03 -8.92186466e+03  0.00e+00 1.42e-14  1.10e-03     0s
   8  -8.92029602e+03 -8.92067745e+03  0.00e+00 1.42e-14  1.96e-04     0s
   9  -8.92049498e+03 -8.92050060e+03  0.00e+00 1.42e-14  2.89e-06     0s
  10  -8.92049762e+03 -8.92049762e+03  0.00e+00 1.42e-14  2.94e-09     0s

Barrier solved model in 10 iterations and 0.02 seconds
Optimal objective -8.92049762e+03


Root relaxation: objective -8.920498e+03, 41 iterations, 0.01 seconds

    Nodes    |    Current Node    |     Objective Bounds      |     Work
 Expl Unexpl |  Obj  Depth IntInf | Incumbent    BestBd   Gap | It/Node Time

     0     0 -8920.4976    0   56 -7788.0000 -8920.4976  14.5%     -    0s
H    0     0                    -8709.000000 -8920.4976  2.43%     -    0s
H    0     0                    -8752.000000 -8920.4976  1.93%     -    0s
H    0     0                    -8777.000000 -8920.4976  1.63%     -    0s
H    0     0                    -8781.000000 -8920.4976  1.59%     -    0s
     0     0 -8898.3072    0   97 -8781.0000 -8898.3072  1.34%     -    0s
H    0     0                    -8800.000000 -8898.3072  1.12%     -    0s
     0     0 -8895.0765    0  100 -8800.0000 -8895.0765  1.08%     -    0s
H    0     0                    -8808.000000 -8895.0765  0.99%     -    0s
H    0     0                    -8811.000000 -8895.0765  0.95%     -    0s
H    0     0                    -8835.000000 -8895.0765  0.68%     -    0s

Cutting planes:
  Gomory: 3
  Cover: 22
  MIR: 88
  Zero half: 1

Explored 0 nodes (298 simplex iterations) in 0.13 seconds
Thread count was 16 (of 16 available processors)

Optimal solution found (tolerance 1.00e-02)
Best objective -8.835000000000e+03, best bound -8.895000000000e+03, gap 0.6791%
Changed value of parameter MIPGap to 0.01
   Prev: 0.0001  Min: 0.0  Max: 1e+100  Default: 0.0001
Changed value of parameter TimeLimit to 1800.0
   Prev: 1e+100  Min: 0.0  Max: 1e+100  Default: 1e+100
Changed value of parameter Method to 2
   Prev: -1  Min: -1  Max: 4  Default: -1
Changed value of parameter MIPFocus to 1
   Prev: 0  Min: 0  Max: 3  Default: 0
Optimize a model with 2336 rows, 3354 columns and 6708 nonzeros
Coefficient statistics:
  Matrix range    [1e+00, 2e+01]
  Objective range [5e+00, 8e+01]
  Bounds range    [1e+00, 1e+00]
  RHS range       [8e+01, 8e+01]
Found heuristic solution: objective 0
Presolve removed 2261 rows and 2417 columns
Presolve time: 0.01s
Presolved: 75 rows, 937 columns, 1697 nonzeros
Found heuristic solution: objective -14808.00000
Variable types: 0 continuous, 937 integer (846 binary)
Optimize a model with 75 rows, 937 columns and 1697 nonzeros
Coefficient statistics:
  Matrix range    [1e+00, 2e+01]
  Objective range [5e+00, 8e+01]
  Bounds range    [1e+00, 6e+00]
  RHS range       [2e+01, 8e+01]
Presolved: 75 rows, 937 columns, 1697 nonzeros

Root barrier log...

Ordering time: 0.00s

Barrier statistics:
 AA' NZ     : 7.140e+02
 Factor NZ  : 2.341e+03
 Factor Ops : 9.510e+04 (less than 1 second per iteration)
 Threads    : 1

                  Objective                Residual
Iter       Primal          Dual         Primal    Dual     Compl     Time
   0  -4.53035525e+04 -4.84726016e+04  2.05e+01 1.42e-14  7.36e+01     0s
   1  -1.64601593e+04 -3.70316519e+04  1.15e+00 1.12e+01  1.48e+01     0s
   2  -1.58370466e+04 -1.89314526e+04  6.73e-03 7.79e-01  1.61e+00     0s
   3  -1.70096881e+04 -1.75463714e+04  0.00e+00 1.05e-01  2.76e-01     0s
   4  -1.71692126e+04 -1.73194652e+04  0.00e+00 2.38e-02  7.73e-02     0s
   5  -1.72096353e+04 -1.72683211e+04  0.00e+00 7.09e-03  3.02e-02     0s
   6  -1.72249072e+04 -1.72472805e+04  0.00e+00 1.82e-03  1.15e-02     0s
   7  -1.72331390e+04 -1.72392385e+04  0.00e+00 3.13e-04  3.13e-03     0s
   8  -1.72342626e+04 -1.72349493e+04  0.00e+00 3.83e-06  3.53e-04     0s
   9  -1.72344975e+04 -1.72345022e+04  0.00e+00 2.84e-14  2.38e-06     0s
  10  -1.72345000e+04 -1.72345000e+04  0.00e+00 2.84e-14  2.38e-09     0s

Barrier solved model in 10 iterations and 0.02 seconds
Optimal objective -1.72345000e+04


Root relaxation: objective -1.723450e+04, 40 iterations, 0.01 seconds

    Nodes    |    Current Node    |     Objective Bounds      |     Work
 Expl Unexpl |  Obj  Depth IntInf | Incumbent    BestBd   Gap | It/Node Time

     0     0 -17234.500    0   54 -14808.000 -17234.500  16.4%     -    0s
H    0     0                    -16820.00000 -17234.500  2.46%     -    0s
H    0     0                    -17001.00000 -17234.500  1.37%     -    0s
H    0     0                    -17034.00000 -17234.500  1.18%     -    0s
     0     0 -17193.352    0   97 -17034.000 -17193.352  0.94%     -    0s

Cutting planes:
  Gomory: 1
  Cover: 15
  MIR: 45

Explored 0 nodes (190 simplex iterations) in 0.07 seconds
Thread count was 16 (of 16 available processors)

Optimal solution found (tolerance 1.00e-02)
Best objective -1.703400000000e+04, best bound -1.719300000000e+04, gap 0.9334%
Changed value of parameter MIPGap to 0.01
   Prev: 0.0001  Min: 0.0  Max: 1e+100  Default: 0.0001
Changed value of parameter TimeLimit to 1800.0
   Prev: 1e+100  Min: 0.0  Max: 1e+100  Default: 1e+100
Changed value of parameter Method to 2
   Prev: -1  Min: -1  Max: 4  Default: -1
Changed value of parameter MIPFocus to 1
   Prev: 0  Min: 0  Max: 3  Default: 0
Optimize a model with 2336 rows, 3354 columns and 6708 nonzeros
Coefficient statistics:
  Matrix range    [1e+00, 2e+01]
  Objective range [6e+00, 1e+02]
  Bounds range    [1e+00, 1e+00]
  RHS range       [8e+01, 8e+01]
Found heuristic solution: objective 0
Presolve removed 2261 rows and 2417 columns
Presolve time: 0.01s
Presolved: 75 rows, 937 columns, 1697 nonzeros
Found heuristic solution: objective -18323.00000
Variable types: 0 continuous, 937 integer (846 binary)
Optimize a model with 75 rows, 937 columns and 1697 nonzeros
Coefficient statistics:
  Matrix range    [1e+00, 2e+01]
  Objective range [6e+00, 1e+02]
  Bounds range    [1e+00, 6e+00]
  RHS range       [2e+01, 8e+01]
Presolved: 75 rows, 937 columns, 1697 nonzeros

Root barrier log...

Ordering time: 0.00s

Barrier statistics:
 AA' NZ     : 7.140e+02
 Factor NZ  : 2.341e+03
 Factor Ops : 9.510e+04 (less than 1 second per iteration)
 Threads    : 1

                  Objective                Residual
Iter       Primal          Dual         Primal    Dual     Compl     Time
   0  -5.57636120e+04 -6.04278786e+04  2.05e+01 1.42e-14  9.20e+01     0s
   1  -2.04059598e+04 -4.61541948e+04  1.16e+00 1.41e+01  1.86e+01     0s
   2  -1.96416895e+04 -2.34920627e+04  7.99e-03 9.54e-01  2.01e+00     0s
   3  -2.11122466e+04 -2.17761374e+04  1.16e-04 1.26e-01  3.42e-01     0s
   4  -2.13043502e+04 -2.15145796e+04  0.00e+00 3.59e-02  1.08e-01     0s
   5  -2.13685038e+04 -2.14461839e+04  0.00e+00 1.20e-02  4.00e-02     0s
   6  -2.13865111e+04 -2.14125025e+04  0.00e+00 2.02e-03  1.34e-02     0s
   7  -2.13961635e+04 -2.14050427e+04  0.00e+00 4.09e-04  4.57e-03     0s
   8  -2.13988542e+04 -2.14001223e+04  0.00e+00 9.68e-06  6.52e-04     0s
   9  -2.13992055e+04 -2.13992153e+04  0.00e+00 2.84e-14  5.08e-06     0s
  10  -2.13992095e+04 -2.13992095e+04  0.00e+00 2.84e-14  5.08e-09     0s

Barrier solved model in 10 iterations and 0.02 seconds
Optimal objective -2.13992095e+04


Root relaxation: objective -2.139921e+04, 37 iterations, 0.01 seconds

    Nodes    |    Current Node    |     Objective Bounds      |     Work
 Expl Unexpl |  Obj  Depth IntInf | Incumbent    BestBd   Gap | It/Node Time

     0     0 -21399.210    0   54 -18323.000 -21399.210  16.8%     -    0s
H    0     0                    -20891.00000 -21399.210  2.43%     -    0s
H    0     0                    -21090.00000 -21399.210  1.47%     -    0s
H    0     0                    -21146.00000 -21399.210  1.20%     -    0s
     0     0 -21345.783    0   80 -21146.000 -21345.783  0.94%     -    0s

Cutting planes:
  Cover: 19
  MIR: 41

Explored 0 nodes (198 simplex iterations) in 0.07 seconds
Thread count was 16 (of 16 available processors)

Optimal solution found (tolerance 1.00e-02)
Best objective -2.114600000000e+04, best bound -2.134500000000e+04, gap 0.9411%
Changed value of parameter MIPGap to 0.01
   Prev: 0.0001  Min: 0.0  Max: 1e+100  Default: 0.0001
Changed value of parameter TimeLimit to 1800.0
   Prev: 1e+100  Min: 0.0  Max: 1e+100  Default: 1e+100
Changed value of parameter Method to 2
   Prev: -1  Min: -1  Max: 4  Default: -1
Changed value of parameter MIPFocus to 1
   Prev: 0  Min: 0  Max: 3  Default: 0
Optimize a model with 2336 rows, 3354 columns and 6708 nonzeros
Coefficient statistics:
  Matrix range    [1e+00, 2e+01]
  Objective range [1e+01, 2e+02]
  Bounds range    [1e+00, 1e+00]
  RHS range       [8e+01, 8e+01]
Found heuristic solution: objective 0
Presolve removed 2261 rows and 2417 columns
Presolve time: 0.01s
Presolved: 75 rows, 937 columns, 1697 nonzeros
Found heuristic solution: objective -35898.00000
Variable types: 0 continuous, 937 integer (846 binary)
Optimize a model with 75 rows, 937 columns and 1697 nonzeros
Coefficient statistics:
  Matrix range    [1e+00, 2e+01]
  Objective range [1e+01, 2e+02]
  Bounds range    [1e+00, 6e+00]
  RHS range       [2e+01, 8e+01]
Presolved: 75 rows, 937 columns, 1697 nonzeros

Root barrier log...

Ordering time: 0.00s

Barrier statistics:
 AA' NZ     : 7.140e+02
 Factor NZ  : 2.341e+03
 Factor Ops : 9.510e+04 (less than 1 second per iteration)
 Threads    : 1

                  Objective                Residual
Iter       Primal          Dual         Primal    Dual     Compl     Time
   0  -1.08063447e+05 -1.20204263e+05  2.05e+01 2.84e-14  1.84e+02     0s
   1  -4.01338177e+04 -9.17676577e+04  1.19e+00 2.84e+01  3.74e+01     0s
   2  -3.88607957e+04 -4.64724411e+04  0.00e+00 1.92e+00  3.93e+00     0s
   3  -4.16812165e+04 -4.29018491e+04  0.00e+00 2.17e-01  6.28e-01     0s
   4  -4.20459753e+04 -4.24404851e+04  0.00e+00 6.34e-02  2.03e-01     0s
   5  -4.21968285e+04 -4.23207769e+04  0.00e+00 2.22e-02  6.37e-02     0s
   6  -4.22337728e+04 -4.22746714e+04  0.00e+00 6.80e-03  2.10e-02     0s
   7  -4.22495878e+04 -4.22597630e+04  0.00e+00 1.63e-03  5.23e-03     0s
   8  -4.22527138e+04 -4.22528622e+04  0.00e+00 1.64e-05  7.63e-05     0s
   9  -4.22527571e+04 -4.22527572e+04  0.00e+00 5.68e-14  7.63e-08     0s
  10  -4.22527571e+04 -4.22527571e+04  0.00e+00 5.68e-14  7.63e-11     0s

Barrier solved model in 10 iterations and 0.02 seconds
Optimal objective -4.22527571e+04


Root relaxation: objective -4.225276e+04, 52 iterations, 0.01 seconds

    Nodes    |    Current Node    |     Objective Bounds      |     Work
 Expl Unexpl |  Obj  Depth IntInf | Incumbent    BestBd   Gap | It/Node Time

     0     0 -42252.757    0   53 -35898.000 -42252.757  17.7%     -    0s
H    0     0                    -41117.00000 -42252.757  2.76%     -    0s
H    0     0                    -41591.00000 -42252.757  1.59%     -    0s
H    0     0                    -41738.00000 -42252.757  1.23%     -    0s
     0     0 -42114.952    0   76 -41738.000 -42114.952  0.90%     -    0s

Cutting planes:
  Cover: 19
  MIR: 40

Explored 0 nodes (189 simplex iterations) in 0.07 seconds
Thread count was 16 (of 16 available processors)

Optimal solution found (tolerance 1.00e-02)
Best objective -4.173800000000e+04, best bound -4.211400000000e+04, gap 0.9009%
Changed value of parameter MIPGap to 0.01
   Prev: 0.0001  Min: 0.0  Max: 1e+100  Default: 0.0001
Changed value of parameter TimeLimit to 1800.0
   Prev: 1e+100  Min: 0.0  Max: 1e+100  Default: 1e+100
Changed value of parameter Method to 2
   Prev: -1  Min: -1  Max: 4  Default: -1
Changed value of parameter MIPFocus to 1
   Prev: 0  Min: 0  Max: 3  Default: 0
Optimize a model with 2336 rows, 3354 columns and 6708 nonzeros
Coefficient statistics:
  Matrix range    [1e+00, 2e+01]
  Objective range [2e+01, 4e+02]
  Bounds range    [1e+00, 1e+00]
  RHS range       [8e+01, 8e+01]
Found heuristic solution: objective 0
Presolve removed 2261 rows and 2417 columns
Presolve time: 0.01s
Presolved: 75 rows, 937 columns, 1697 nonzeros
Found heuristic solution: objective -71048.00000
Variable types: 0 continuous, 937 integer (846 binary)
Optimize a model with 75 rows, 937 columns and 1697 nonzeros
Coefficient statistics:
  Matrix range    [1e+00, 2e+01]
  Objective range [2e+01, 4e+02]
  Bounds range    [1e+00, 6e+00]
  RHS range       [2e+01, 8e+01]
Presolved: 75 rows, 937 columns, 1697 nonzeros

Root barrier log...

Ordering time: 0.00s

Barrier statistics:
 AA' NZ     : 7.140e+02
 Factor NZ  : 2.341e+03
 Factor Ops : 9.510e+04 (less than 1 second per iteration)
 Threads    : 1

                  Objective                Residual
Iter       Primal          Dual         Primal    Dual     Compl     Time
   0  -2.12662655e+05 -2.39757033e+05  2.05e+01 5.68e-14  3.69e+02     0s
   1  -7.95879892e+04 -1.82995290e+05  1.21e+00 5.70e+01  7.51e+01     0s
   2  -7.71100111e+04 -9.24336610e+04  0.00e+00 3.83e+00  7.92e+00     0s
   3  -8.28206609e+04 -8.52185962e+04  0.00e+00 4.20e-01  1.23e+00     0s
   4  -8.35369226e+04 -8.43258856e+04  0.00e+00 1.24e-01  4.06e-01     0s
   5  -8.37898347e+04 -8.40968561e+04  0.00e+00 3.50e-02  1.58e-01     0s
   6  -8.39200509e+04 -8.40138770e+04  0.00e+00 9.72e-03  4.82e-02     0s
   7  -8.39487635e+04 -8.39889148e+04  0.00e+00 3.63e-03  2.06e-02     0s
   8  -8.39703243e+04 -8.39762497e+04  0.00e+00 6.29e-04  3.05e-03     0s
   9  -8.39715921e+04 -8.39716628e+04  0.00e+00 1.14e-13  3.62e-05     0s
  10  -8.39716333e+04 -8.39716334e+04  0.00e+00 1.14e-13  3.98e-08     0s
  11  -8.39716333e+04 -8.39716333e+04  0.00e+00 1.42e-13  3.98e-11     0s

Barrier solved model in 11 iterations and 0.02 seconds
Optimal objective -8.39716333e+04


Root relaxation: objective -8.397163e+04, 53 iterations, 0.01 seconds

    Nodes    |    Current Node    |     Objective Bounds      |     Work
 Expl Unexpl |  Obj  Depth IntInf | Incumbent    BestBd   Gap | It/Node Time

     0     0 -83971.633    0   54 -71048.000 -83971.633  18.2%     -    0s
H    0     0                    -81852.00000 -83971.633  2.59%     -    0s
H    0     0                    -82769.00000 -83971.633  1.45%     -    0s
H    0     0                    -82912.00000 -83971.633  1.28%     -    0s
     0     0 -83667.242    0   69 -82912.000 -83667.242  0.91%     -    0s

Cutting planes:
  Cover: 21
  MIR: 38

Explored 0 nodes (208 simplex iterations) in 0.07 seconds
Thread count was 16 (of 16 available processors)

Optimal solution found (tolerance 1.00e-02)
Best objective -8.291200000000e+04, best bound -8.366700000000e+04, gap 0.9106%
Changed value of parameter MIPGap to 0.01
   Prev: 0.0001  Min: 0.0  Max: 1e+100  Default: 0.0001
Changed value of parameter TimeLimit to 1800.0
   Prev: 1e+100  Min: 0.0  Max: 1e+100  Default: 1e+100
Changed value of parameter Method to 2
   Prev: -1  Min: -1  Max: 4  Default: -1
Changed value of parameter MIPFocus to 1
   Prev: 0  Min: 0  Max: 3  Default: 0
Optimize a model with 2336 rows, 3354 columns and 6708 nonzeros
Coefficient statistics:
  Matrix range    [1e+00, 2e+01]
  Objective range [5e+01, 1e+03]
  Bounds range    [1e+00, 1e+00]
  RHS range       [8e+01, 8e+01]
Found heuristic solution: objective 0
Presolve removed 2261 rows and 2417 columns
Presolve time: 0.01s
Presolved: 75 rows, 937 columns, 1697 nonzeros
Found heuristic solution: objective -176498.0000
Variable types: 0 continuous, 937 integer (846 binary)
Optimize a model with 75 rows, 937 columns and 1697 nonzeros
Coefficient statistics:
  Matrix range    [1e+00, 2e+01]
  Objective range [5e+01, 1e+03]
  Bounds range    [1e+00, 6e+00]
  RHS range       [2e+01, 8e+01]
Presolved: 75 rows, 937 columns, 1697 nonzeros

Root barrier log...

Ordering time: 0.00s

Barrier statistics:
 AA' NZ     : 7.140e+02
 Factor NZ  : 2.341e+03
 Factor Ops : 9.510e+04 (less than 1 second per iteration)
 Threads    : 1

                  Objective                Residual
Iter       Primal          Dual         Primal    Dual     Compl     Time
   0  -5.26459910e+05 -5.98415342e+05  2.05e+01 1.14e-13  9.22e+02     0s
   1  -1.97949159e+05 -4.56678752e+05  1.22e+00 1.43e+02  1.88e+02     0s
   2  -1.91864815e+05 -2.30313943e+05  0.00e+00 9.59e+00  1.99e+01     0s
   3  -2.06257351e+05 -2.12177586e+05  0.00e+00 1.03e+00  3.04e+00     0s
   4  -2.08018434e+05 -2.10090474e+05  0.00e+00 3.26e-01  1.07e+00     0s
   5  -2.08696897e+05 -2.09392438e+05  0.00e+00 8.03e-02  3.58e-01     0s
   6  -2.09002198e+05 -2.09216173e+05  0.00e+00 2.10e-02  1.10e-01     0s
   7  -2.09087673e+05 -2.09166075e+05  0.00e+00 9.04e-03  4.03e-02     0s
   8  -2.09107880e+05 -2.09141711e+05  0.00e+00 2.04e-03  1.74e-02     0s
   9  -2.09127883e+05 -2.09131642e+05  0.00e+00 1.39e-04  1.93e-03     0s
  10  -2.09130339e+05 -2.09130480e+05  0.00e+00 3.41e-13  7.21e-05     0s
  11  -2.09130369e+05 -2.09130369e+05  0.00e+00 3.41e-13  1.27e-07     0s
  12  -2.09130369e+05 -2.09130369e+05  6.34e-13 3.41e-13  1.90e-13     0s

Barrier solved model in 12 iterations and 0.02 seconds
Optimal objective -2.09130369e+05


Root relaxation: objective -2.091304e+05, 52 iterations, 0.01 seconds

    Nodes    |    Current Node    |     Objective Bounds      |     Work
 Expl Unexpl |  Obj  Depth IntInf | Incumbent    BestBd   Gap | It/Node Time

     0     0 -209130.37    0   52 -176498.00 -209130.37  18.5%     -    0s
H    0     0                    -203008.0000 -209130.37  3.02%     -    0s
H    0     0                    -206405.0000 -209130.37  1.32%     -    0s
H    0     0                    -206758.0000 -209130.37  1.15%     -    0s
     0     0 -208362.44    0   67 -206758.00 -208362.44  0.78%     -    0s

Cutting planes:
  Gomory: 1
  Cover: 19
  MIR: 38

Explored 0 nodes (183 simplex iterations) in 0.07 seconds
Thread count was 16 (of 16 available processors)

Optimal solution found (tolerance 1.00e-02)
Best objective -2.067580000000e+05, best bound -2.083620000000e+05, gap 0.7758%
Changed value of parameter MIPGap to 0.01
   Prev: 0.0001  Min: 0.0  Max: 1e+100  Default: 0.0001
Changed value of parameter TimeLimit to 1800.0
   Prev: 1e+100  Min: 0.0  Max: 1e+100  Default: 1e+100
Changed value of parameter Method to 2
   Prev: -1  Min: -1  Max: 4  Default: -1
Changed value of parameter MIPFocus to 1
   Prev: 0  Min: 0  Max: 3  Default: 0
Optimize a model with 2336 rows, 3354 columns and 6708 nonzeros
Coefficient statistics:
  Matrix range    [1e+00, 2e+01]
  Objective range [5e+02, 1e+04]
  Bounds range    [1e+00, 1e+00]
  RHS range       [8e+01, 8e+01]
Found heuristic solution: objective 0
Presolve removed 2261 rows and 2417 columns
Presolve time: 0.01s
Presolved: 75 rows, 937 columns, 1697 nonzeros
Found heuristic solution: objective -1758248.000
Variable types: 0 continuous, 937 integer (846 binary)
Optimize a model with 75 rows, 937 columns and 1697 nonzeros
Coefficient statistics:
  Matrix range    [1e+00, 2e+01]
  Objective range [5e+02, 1e+04]
  Bounds range    [1e+00, 6e+00]
  RHS range       [2e+01, 8e+01]
Presolved: 75 rows, 937 columns, 1697 nonzeros

Root barrier log...

Ordering time: 0.00s

Barrier statistics:
 AA' NZ     : 7.140e+02
 Factor NZ  : 2.341e+03
 Factor Ops : 9.510e+04 (less than 1 second per iteration)
 Threads    : 1

                  Objective                Residual
Iter       Primal          Dual         Primal    Dual     Compl     Time
   0  -5.23341741e+06 -5.97828997e+06  2.05e+01 1.82e-12  9.22e+03     0s
   1  -1.97336145e+06 -4.56193258e+06  1.22e+00 1.43e+03  1.88e+03     0s
   2  -1.91321222e+06 -2.29852790e+06  0.00e+00 9.59e+01  1.99e+02     0s
   3  -2.05787896e+06 -2.11662587e+06  0.00e+00 1.02e+01  3.02e+01     0s
   4  -2.07524848e+06 -2.09614546e+06  0.00e+00 3.25e+00  1.07e+01     0s
   5  -2.08215251e+06 -2.08908551e+06  0.00e+00 7.56e-01  3.56e+00     0s
   6  -2.08530972e+06 -2.08723373e+06  0.00e+00 1.83e-01  9.89e-01     0s
   7  -2.08641084e+06 -2.08690834e+06  0.00e+00 9.38e-02  2.56e-01     0s
   8  -2.08644859e+06 -2.08660499e+06  0.00e+00 1.62e-02  8.04e-02     0s
   9  -2.08651627e+06 -2.08654233e+06  0.00e+00 3.15e-03  1.34e-02     0s
  10  -2.08651918e+06 -2.08652008e+06  0.00e+00 5.46e-12  4.61e-04     0s
  11  -2.08651965e+06 -2.08651966e+06  0.00e+00 3.64e-12  7.37e-07     0s
  12  -2.08651965e+06 -2.08651965e+06  3.46e-15 3.64e-12  9.73e-13     0s

Barrier solved model in 12 iterations and 0.02 seconds
Optimal objective -2.08651965e+06


Root relaxation: objective -2.086520e+06, 52 iterations, 0.01 seconds

    Nodes    |    Current Node    |     Objective Bounds      |     Work
 Expl Unexpl |  Obj  Depth IntInf | Incumbent    BestBd   Gap | It/Node Time

     0     0 -2086519.7    0   52 -1758248.0 -2086519.7  18.7%     -    0s
H    0     0                    -2023615.000 -2086519.7  3.11%     -    0s
H    0     0                    -2054056.000 -2086519.7  1.58%     -    0s
H    0     0                    -2061057.000 -2086519.7  1.24%     -    0s
     0     0 -2078647.7    0   72 -2061057.0 -2078647.7  0.85%     -    0s

Cutting planes:
  Gomory: 1
  Cover: 20
  MIR: 37

Explored 0 nodes (209 simplex iterations) in 0.08 seconds
Thread count was 16 (of 16 available processors)

Optimal solution found (tolerance 1.00e-02)
Best objective -2.061057000000e+06, best bound -2.078647000000e+06, gap 0.8534%
