Changed value of parameter MIPGap to 0.01
   Prev: 0.0001  Min: 0.0  Max: 1e+100  Default: 0.0001
Changed value of parameter TimeLimit to 1800.0
   Prev: 1e+100  Min: 0.0  Max: 1e+100  Default: 1e+100
Changed value of parameter Method to 2
   Prev: -1  Min: -1  Max: 4  Default: -1
Changed value of parameter MIPFocus to 1
   Prev: 0  Min: 0  Max: 3  Default: 0
Optimize a model with 2146 rows, 3069 columns and 6138 nonzeros
Coefficient statistics:
  Matrix range    [1e+00, 2e+01]
  Objective range [1e+00, 1e+00]
  Bounds range    [1e+00, 1e+00]
  RHS range       [8e+01, 8e+01]
Found heuristic solution: objective 0
Presolve removed 2087 rows and 2411 columns
Presolve time: 0.05s
Presolved: 59 rows, 658 columns, 1153 nonzeros
Found heuristic solution: objective -804.0000000
Variable types: 0 continuous, 658 integer (551 binary)
Optimize a model with 59 rows, 658 columns and 1153 nonzeros
Coefficient statistics:
  Matrix range    [1e+00, 2e+01]
  Objective range [1e+00, 1e+00]
  Bounds range    [1e+00, 7e+00]
  RHS range       [1e+01, 8e+01]
Presolved: 59 rows, 658 columns, 1153 nonzeros

Root barrier log...

Ordering time: 0.00s

Barrier statistics:
 AA' NZ     : 4.690e+02
 Factor NZ  : 1.457e+03
 Factor Ops : 4.551e+04 (less than 1 second per iteration)
 Threads    : 1

                  Objective                Residual
Iter       Primal          Dual         Primal    Dual     Compl     Time
   0  -2.25784966e+03 -3.27211243e+03  1.39e+01 8.88e-16  6.12e+00     0s
   1  -8.80229065e+02 -2.11481479e+03  8.68e-01 1.07e+00  1.27e+00     0s
   2  -8.28918820e+02 -1.05136156e+03  0.00e+00 1.11e-01  1.65e-01     0s
   3  -8.97721881e+02 -9.37701600e+02  0.00e+00 9.16e-03  2.92e-02     0s
   4  -9.09157080e+02 -9.21159646e+02  0.00e+00 4.92e-04  8.76e-03     0s
   5  -9.13990223e+02 -9.17991931e+02  0.00e+00 1.78e-15  2.92e-03     0s
   6  -9.15402426e+02 -9.16152313e+02  0.00e+00 1.78e-15  5.46e-04     0s
   7  -9.15889008e+02 -9.15939051e+02  0.00e+00 3.55e-15  3.64e-05     0s
   8  -9.15927572e+02 -9.15927639e+02  0.00e+00 3.55e-15  4.86e-08     0s
   9  -9.15927619e+02 -9.15927619e+02  0.00e+00 1.78e-15  4.86e-11     0s

Barrier solved model in 9 iterations and 0.15 seconds
Optimal objective -9.15927619e+02


Root relaxation: objective -9.159276e+02, 63 iterations, 0.08 seconds

    Nodes    |    Current Node    |     Objective Bounds      |     Work
 Expl Unexpl |  Obj  Depth IntInf | Incumbent    BestBd   Gap | It/Node Time

     0     0 -915.92762    0   37 -804.00000 -915.92762  13.9%     -    0s
H    0     0                    -902.0000000 -915.92762  1.54%     -    0s
H    0     0                    -903.0000000 -915.92762  1.43%     -    0s
H    0     0                    -905.0000000 -915.92762  1.21%     -    0s
     0     0 -909.96122    0   40 -905.00000 -909.96122  0.55%     -    0s

Cutting planes:
  Gomory: 5
  Cover: 1
  MIR: 34

Explored 0 nodes (175 simplex iterations) in 0.24 seconds
Thread count was 16 (of 16 available processors)

Optimal solution found (tolerance 1.00e-02)
Best objective -9.050000000000e+02, best bound -9.090000000000e+02, gap 0.4420%
Changed value of parameter MIPGap to 0.01
   Prev: 0.0001  Min: 0.0  Max: 1e+100  Default: 0.0001
Changed value of parameter TimeLimit to 1800.0
   Prev: 1e+100  Min: 0.0  Max: 1e+100  Default: 1e+100
Changed value of parameter Method to 2
   Prev: -1  Min: -1  Max: 4  Default: -1
Changed value of parameter MIPFocus to 1
   Prev: 0  Min: 0  Max: 3  Default: 0
Optimize a model with 2146 rows, 3069 columns and 6138 nonzeros
Coefficient statistics:
  Matrix range    [1e+00, 2e+01]
  Objective range [1e+00, 1e+00]
  Bounds range    [1e+00, 1e+00]
  RHS range       [8e+01, 8e+01]
Found heuristic solution: objective 0
Presolve removed 2087 rows and 2396 columns
Presolve time: 0.01s
Presolved: 59 rows, 673 columns, 1168 nonzeros
Found heuristic solution: objective -805.6800000
Variable types: 0 continuous, 673 integer (554 binary)
Optimize a model with 59 rows, 673 columns and 1168 nonzeros
Coefficient statistics:
  Matrix range    [1e+00, 2e+01]
  Objective range [1e+00, 1e+00]
  Bounds range    [1e+00, 8e+00]
  RHS range       [1e+01, 8e+01]
Presolved: 59 rows, 673 columns, 1168 nonzeros

Root barrier log...

Ordering time: 0.00s

Barrier statistics:
 AA' NZ     : 4.690e+02
 Factor NZ  : 1.457e+03
 Factor Ops : 4.551e+04 (less than 1 second per iteration)
 Threads    : 1

                  Objective                Residual
Iter       Primal          Dual         Primal    Dual     Compl     Time
   0  -2.29428429e+03 -3.36091383e+03  1.38e+01 1.78e-15  6.17e+00     0s
   1  -8.88700183e+02 -2.15388780e+03  9.51e-01 1.08e+00  1.29e+00     0s
   2  -8.25261455e+02 -1.05810928e+03  0.00e+00 1.10e-01  1.69e-01     0s
   3  -8.98743765e+02 -9.40372628e+02  0.00e+00 9.23e-03  2.98e-02     0s
   4  -9.10614666e+02 -9.22927993e+02  0.00e+00 1.78e-15  8.79e-03     0s
   5  -9.15403680e+02 -9.19801669e+02  0.00e+00 1.78e-15  3.14e-03     0s
   6  -9.16706316e+02 -9.17650958e+02  0.00e+00 1.78e-15  6.74e-04     0s
   7  -9.17267099e+02 -9.17393816e+02  0.00e+00 3.55e-15  9.03e-05     0s
   8  -9.17381405e+02 -9.17382834e+02  0.00e+00 3.55e-15  1.02e-06     0s
   9  -9.17382708e+02 -9.17382710e+02  0.00e+00 1.78e-15  1.02e-09     0s

Barrier solved model in 9 iterations and 0.02 seconds
Optimal objective -9.17382708e+02


Root relaxation: objective -9.173827e+02, 63 iterations, 0.01 seconds

    Nodes    |    Current Node    |     Objective Bounds      |     Work
 Expl Unexpl |  Obj  Depth IntInf | Incumbent    BestBd   Gap | It/Node Time

     0     0 -917.38271    0   36 -805.68000 -917.38271  13.9%     -    0s
H    0     0                    -903.4070000 -917.38271  1.55%     -    0s
H    0     0                    -904.4620000 -917.38271  1.43%     -    0s
H    0     0                    -906.4340000 -917.38271  1.21%     -    0s
H    0     0                    -907.4315000 -917.38271  1.10%     -    0s
     0     0 -911.46563    0   43 -907.43150 -911.46563  0.44%     -    0s

Cutting planes:
  Gomory: 5
  MIR: 33

Explored 0 nodes (174 simplex iterations) in 0.05 seconds
Thread count was 16 (of 16 available processors)

Optimal solution found (tolerance 1.00e-02)
Best objective -9.074315000000e+02, best bound -9.114656346673e+02, gap 0.4446%
Changed value of parameter MIPGap to 0.01
   Prev: 0.0001  Min: 0.0  Max: 1e+100  Default: 0.0001
Changed value of parameter TimeLimit to 1800.0
   Prev: 1e+100  Min: 0.0  Max: 1e+100  Default: 1e+100
Changed value of parameter Method to 2
   Prev: -1  Min: -1  Max: 4  Default: -1
Changed value of parameter MIPFocus to 1
   Prev: 0  Min: 0  Max: 3  Default: 0
Optimize a model with 2146 rows, 3069 columns and 6138 nonzeros
Coefficient statistics:
  Matrix range    [1e+00, 2e+01]
  Objective range [1e+00, 1e+00]
  Bounds range    [1e+00, 1e+00]
  RHS range       [8e+01, 8e+01]
Found heuristic solution: objective 0
Presolve removed 2087 rows and 2396 columns
Presolve time: 0.01s
Presolved: 59 rows, 673 columns, 1168 nonzeros
Found heuristic solution: objective -807.3600000
Variable types: 0 continuous, 673 integer (554 binary)
Optimize a model with 59 rows, 673 columns and 1168 nonzeros
Coefficient statistics:
  Matrix range    [1e+00, 2e+01]
  Objective range [1e+00, 1e+00]
  Bounds range    [1e+00, 8e+00]
  RHS range       [1e+01, 8e+01]
Presolved: 59 rows, 673 columns, 1168 nonzeros

Root barrier log...

Ordering time: 0.00s

Barrier statistics:
 AA' NZ     : 4.690e+02
 Factor NZ  : 1.457e+03
 Factor Ops : 4.551e+04 (less than 1 second per iteration)
 Threads    : 1

                  Objective                Residual
Iter       Primal          Dual         Primal    Dual     Compl     Time
   0  -2.29786997e+03 -3.36238627e+03  1.38e+01 1.33e-15  6.17e+00     0s
   1  -8.90325453e+02 -2.15528545e+03  9.52e-01 1.08e+00  1.29e+00     0s
   2  -8.26713416e+02 -1.05975123e+03  0.00e+00 1.10e-01  1.69e-01     0s
   3  -9.00167656e+02 -9.41894162e+02  0.00e+00 9.22e-03  2.99e-02     0s
   4  -9.12102022e+02 -9.24441804e+02  0.00e+00 1.78e-15  8.81e-03     0s
   5  -9.16873794e+02 -9.21066642e+02  0.00e+00 9.04e-04  2.99e-03     0s
   6  -9.18116436e+02 -9.19154015e+02  0.00e+00 1.78e-15  7.40e-04     0s
   7  -9.18688317e+02 -9.18848693e+02  0.00e+00 1.78e-15  1.14e-04     0s
   8  -9.18834579e+02 -9.18838201e+02  0.00e+00 1.78e-15  2.58e-06     0s
   9  -9.18837797e+02 -9.18837800e+02  0.00e+00 3.55e-15  2.58e-09     0s

Barrier solved model in 9 iterations and 0.02 seconds
Optimal objective -9.18837797e+02


Root relaxation: objective -9.188378e+02, 63 iterations, 0.01 seconds

    Nodes    |    Current Node    |     Objective Bounds      |     Work
 Expl Unexpl |  Obj  Depth IntInf | Incumbent    BestBd   Gap | It/Node Time

     0     0 -918.83780    0   36 -807.36000 -918.83780  13.8%     -    0s
H    0     0                    -904.8140000 -918.83780  1.55%     -    0s
H    0     0                    -904.9000000 -918.83780  1.54%     -    0s
H    0     0                    -906.8800000 -918.83780  1.32%     -    0s
H    0     0                    -907.8680000 -918.83780  1.21%     -    0s
     0     0 -912.97005    0   44 -907.86800 -912.97005  0.56%     -    0s

Cutting planes:
  Gomory: 5
  Cover: 1
  MIR: 32

Explored 0 nodes (172 simplex iterations) in 0.05 seconds
Thread count was 16 (of 16 available processors)

Optimal solution found (tolerance 1.00e-02)
Best objective -9.078680000000e+02, best bound -9.129700483333e+02, gap 0.5620%
Changed value of parameter MIPGap to 0.01
   Prev: 0.0001  Min: 0.0  Max: 1e+100  Default: 0.0001
Changed value of parameter TimeLimit to 1800.0
   Prev: 1e+100  Min: 0.0  Max: 1e+100  Default: 1e+100
Changed value of parameter Method to 2
   Prev: -1  Min: -1  Max: 4  Default: -1
Changed value of parameter MIPFocus to 1
   Prev: 0  Min: 0  Max: 3  Default: 0
Optimize a model with 2146 rows, 3069 columns and 6138 nonzeros
Coefficient statistics:
  Matrix range    [1e+00, 2e+01]
  Objective range [1e+00, 1e+00]
  Bounds range    [1e+00, 1e+00]
  RHS range       [8e+01, 8e+01]
Found heuristic solution: objective 0
Presolve removed 2087 rows and 2396 columns
Presolve time: 0.01s
Presolved: 59 rows, 673 columns, 1168 nonzeros
Found heuristic solution: objective -810.7200000
Variable types: 0 continuous, 673 integer (554 binary)
Optimize a model with 59 rows, 673 columns and 1168 nonzeros
Coefficient statistics:
  Matrix range    [1e+00, 2e+01]
  Objective range [1e+00, 1e+00]
  Bounds range    [1e+00, 8e+00]
  RHS range       [1e+01, 8e+01]
Presolved: 59 rows, 673 columns, 1168 nonzeros

Root barrier log...

Ordering time: 0.00s

Barrier statistics:
 AA' NZ     : 4.690e+02
 Factor NZ  : 1.457e+03
 Factor Ops : 4.551e+04 (less than 1 second per iteration)
 Threads    : 1

                  Objective                Residual
Iter       Primal          Dual         Primal    Dual     Compl     Time
   0  -2.30504127e+03 -3.36533116e+03  1.38e+01 1.78e-15  6.17e+00     0s
   1  -8.93577373e+02 -2.15808133e+03  9.53e-01 1.08e+00  1.29e+00     0s
   2  -8.29629891e+02 -1.06303775e+03  0.00e+00 1.10e-01  1.69e-01     0s
   3  -9.03019925e+02 -9.44944959e+02  0.00e+00 9.21e-03  3.00e-02     0s
   4  -9.15122405e+02 -9.27948060e+02  0.00e+00 1.78e-15  9.16e-03     0s
   5  -9.20119641e+02 -9.24017292e+02  0.00e+00 1.78e-15  2.78e-03     0s
   6  -9.21265338e+02 -9.22131842e+02  0.00e+00 3.55e-15  6.18e-04     0s
   7  -9.21613668e+02 -9.21759687e+02  0.00e+00 2.66e-15  1.04e-04     0s
   8  -9.21742387e+02 -9.21749045e+02  0.00e+00 1.78e-15  4.74e-06     0s
   9  -9.21747975e+02 -9.21747982e+02  0.00e+00 3.55e-15  4.75e-09     0s

Barrier solved model in 9 iterations and 0.02 seconds
Optimal objective -9.21747975e+02


Root relaxation: objective -9.217480e+02, 63 iterations, 0.01 seconds

    Nodes    |    Current Node    |     Objective Bounds      |     Work
 Expl Unexpl |  Obj  Depth IntInf | Incumbent    BestBd   Gap | It/Node Time

     0     0 -921.74798    0   36 -810.72000 -921.74798  13.7%     -    0s
H    0     0                    -905.6960000 -921.74798  1.77%     -    0s
H    0     0                    -907.9540000 -921.74798  1.52%     -    0s
H    0     0                    -911.7260000 -921.74798  1.10%     -    0s
     0     0 -915.64596    0   40 -911.72600 -915.64596  0.43%     -    0s

Cutting planes:
  Gomory: 5
  Cover: 1
  MIR: 35

Explored 0 nodes (180 simplex iterations) in 0.05 seconds
Thread count was 16 (of 16 available processors)

Optimal solution found (tolerance 1.00e-02)
Best objective -9.117260000000e+02, best bound -9.156459591575e+02, gap 0.4299%
Changed value of parameter MIPGap to 0.01
   Prev: 0.0001  Min: 0.0  Max: 1e+100  Default: 0.0001
Changed value of parameter TimeLimit to 1800.0
   Prev: 1e+100  Min: 0.0  Max: 1e+100  Default: 1e+100
Changed value of parameter Method to 2
   Prev: -1  Min: -1  Max: 4  Default: -1
Changed value of parameter MIPFocus to 1
   Prev: 0  Min: 0  Max: 3  Default: 0
Optimize a model with 2146 rows, 3069 columns and 6138 nonzeros
Coefficient statistics:
  Matrix range    [1e+00, 2e+01]
  Objective range [1e+00, 1e+00]
  Bounds range    [1e+00, 1e+00]
  RHS range       [8e+01, 8e+01]
Found heuristic solution: objective 0
Presolve removed 2087 rows and 2396 columns
Presolve time: 0.01s
Presolved: 59 rows, 673 columns, 1168 nonzeros
Found heuristic solution: objective -817.4400000
Variable types: 0 continuous, 673 integer (554 binary)
Optimize a model with 59 rows, 673 columns and 1168 nonzeros
Coefficient statistics:
  Matrix range    [1e+00, 2e+01]
  Objective range [1e+00, 1e+00]
  Bounds range    [1e+00, 8e+00]
  RHS range       [1e+01, 8e+01]
Presolved: 59 rows, 673 columns, 1168 nonzeros

Root barrier log...

Ordering time: 0.00s

Barrier statistics:
 AA' NZ     : 4.690e+02
 Factor NZ  : 1.457e+03
 Factor Ops : 4.551e+04 (less than 1 second per iteration)
 Threads    : 1

                  Objective                Residual
Iter       Primal          Dual         Primal    Dual     Compl     Time
   0  -2.31938357e+03 -3.37122095e+03  1.38e+01 1.33e-15  6.17e+00     0s
   1  -9.00086721e+02 -2.16367535e+03  9.54e-01 1.08e+00  1.29e+00     0s
   2  -8.35475026e+02 -1.06962368e+03  0.00e+00 1.11e-01  1.69e-01     0s
   3  -9.09044198e+02 -9.52227999e+02  0.00e+00 1.02e-02  3.09e-02     0s
   4  -9.21119587e+02 -9.34858610e+02  0.00e+00 3.55e-15  9.81e-03     0s
   5  -9.26391130e+02 -9.29877447e+02  0.00e+00 1.78e-15  2.49e-03     0s
   6  -9.27258309e+02 -9.28367497e+02  0.00e+00 1.78e-15  7.92e-04     0s
   7  -9.27466441e+02 -9.27638045e+02  0.00e+00 2.66e-15  1.22e-04     0s
   8  -9.27562609e+02 -9.27570331e+02  0.00e+00 3.55e-15  5.50e-06     0s
   9  -9.27568337e+02 -9.27568345e+02  0.00e+00 1.78e-15  5.58e-09     0s

Barrier solved model in 9 iterations and 0.02 seconds
Optimal objective -9.27568337e+02


Root relaxation: objective -9.275683e+02, 65 iterations, 0.01 seconds

    Nodes    |    Current Node    |     Objective Bounds      |     Work
 Expl Unexpl |  Obj  Depth IntInf | Incumbent    BestBd   Gap | It/Node Time

     0     0 -927.56834    0   36 -817.44000 -927.56834  13.5%     -    0s
H    0     0                    -913.2560000 -927.56834  1.57%     -    0s
H    0     0                    -913.3720000 -927.56834  1.55%     -    0s
H    0     0                    -913.6640000 -927.56834  1.52%     -    0s
H    0     0                    -916.4720000 -927.56834  1.21%     -    0s
     0     0 -922.05288    0   44 -916.47200 -922.05288  0.61%     -    0s

Cutting planes:
  Gomory: 5
  Cover: 1
  MIR: 33

Explored 0 nodes (190 simplex iterations) in 0.04 seconds
Thread count was 16 (of 16 available processors)

Optimal solution found (tolerance 1.00e-02)
Best objective -9.164720000000e+02, best bound -9.220528786214e+02, gap 0.6090%
Changed value of parameter MIPGap to 0.01
   Prev: 0.0001  Min: 0.0  Max: 1e+100  Default: 0.0001
Changed value of parameter TimeLimit to 1800.0
   Prev: 1e+100  Min: 0.0  Max: 1e+100  Default: 1e+100
Changed value of parameter Method to 2
   Prev: -1  Min: -1  Max: 4  Default: -1
Changed value of parameter MIPFocus to 1
   Prev: 0  Min: 0  Max: 3  Default: 0
Optimize a model with 2146 rows, 3069 columns and 6138 nonzeros
Coefficient statistics:
  Matrix range    [1e+00, 2e+01]
  Objective range [1e+00, 1e+00]
  Bounds range    [1e+00, 1e+00]
  RHS range       [8e+01, 8e+01]
Found heuristic solution: objective 0
Presolve removed 2087 rows and 2396 columns
Presolve time: 0.01s
Presolved: 59 rows, 673 columns, 1168 nonzeros
Found heuristic solution: objective -820.8000000
Variable types: 0 continuous, 673 integer (554 binary)
Optimize a model with 59 rows, 673 columns and 1168 nonzeros
Coefficient statistics:
  Matrix range    [1e+00, 2e+01]
  Objective range [1e+00, 1e+00]
  Bounds range    [1e+00, 8e+00]
  RHS range       [1e+01, 8e+01]
Presolved: 59 rows, 673 columns, 1168 nonzeros

Root barrier log...

Ordering time: 0.00s

Barrier statistics:
 AA' NZ     : 4.690e+02
 Factor NZ  : 1.457e+03
 Factor Ops : 4.551e+04 (less than 1 second per iteration)
 Threads    : 1

                  Objective                Residual
Iter       Primal          Dual         Primal    Dual     Compl     Time
   0  -2.32655457e+03 -3.37416584e+03  1.38e+01 1.33e-15  6.17e+00     0s
   1  -9.03344142e+02 -2.16647349e+03  9.55e-01 1.08e+00  1.29e+00     0s
   2  -8.38403650e+02 -1.07291969e+03  0.00e+00 1.11e-01  1.70e-01     0s
   3  -9.11915455e+02 -9.55278897e+02  0.00e+00 1.02e-02  3.10e-02     0s
   4  -9.24021170e+02 -9.38017202e+02  0.00e+00 5.33e-15  9.99e-03     0s
   5  -9.29422653e+02 -9.32889458e+02  0.00e+00 1.78e-15  2.47e-03     0s
   6  -9.30292290e+02 -9.31114792e+02  0.00e+00 1.78e-15  5.87e-04     0s
   7  -9.30420530e+02 -9.30557560e+02  0.00e+00 3.55e-15  9.78e-05     0s
   8  -9.30463890e+02 -9.30480674e+02  0.00e+00 1.78e-15  1.20e-05     0s
   9  -9.30478446e+02 -9.30478627e+02  0.00e+00 3.55e-15  1.29e-07     0s
  10  -9.30478524e+02 -9.30478524e+02  0.00e+00 3.55e-15  1.26e-12     0s

Barrier solved model in 10 iterations and 0.02 seconds
Optimal objective -9.30478524e+02


Root relaxation: objective -9.304785e+02, 63 iterations, 0.01 seconds

    Nodes    |    Current Node    |     Objective Bounds      |     Work
 Expl Unexpl |  Obj  Depth IntInf | Incumbent    BestBd   Gap | It/Node Time

     0     0 -930.47852    0   36 -820.80000 -930.47852  13.4%     -    0s
H    0     0                    -916.0700000 -930.47852  1.57%     -    0s
H    0     0                    -916.6750000 -930.47852  1.51%     -    0s
H    0     0                    -919.3650000 -930.47852  1.21%     -    0s
H    0     0                    -919.3700000 -930.47852  1.21%     -    0s
     0     0 -925.06025    0   42 -919.37000 -925.06025  0.62%     -    0s

Cutting planes:
  Gomory: 5
  Cover: 1
  MIR: 33

Explored 0 nodes (204 simplex iterations) in 0.04 seconds
Thread count was 16 (of 16 available processors)

Optimal solution found (tolerance 1.00e-02)
Best objective -9.193700000000e+02, best bound -9.250600000000e+02, gap 0.6189%
Changed value of parameter MIPGap to 0.01
   Prev: 0.0001  Min: 0.0  Max: 1e+100  Default: 0.0001
Changed value of parameter TimeLimit to 1800.0
   Prev: 1e+100  Min: 0.0  Max: 1e+100  Default: 1e+100
Changed value of parameter Method to 2
   Prev: -1  Min: -1  Max: 4  Default: -1
Changed value of parameter MIPFocus to 1
   Prev: 0  Min: 0  Max: 3  Default: 0
Optimize a model with 2146 rows, 3069 columns and 6138 nonzeros
Coefficient statistics:
  Matrix range    [1e+00, 2e+01]
  Objective range [1e+00, 1e+00]
  Bounds range    [1e+00, 1e+00]
  RHS range       [8e+01, 8e+01]
Found heuristic solution: objective 0
Presolve removed 2087 rows and 2396 columns
Presolve time: 0.01s
Presolved: 59 rows, 673 columns, 1168 nonzeros
Found heuristic solution: objective -837.6000000
Variable types: 0 continuous, 673 integer (554 binary)
Optimize a model with 59 rows, 673 columns and 1168 nonzeros
Coefficient statistics:
  Matrix range    [1e+00, 2e+01]
  Objective range [1e+00, 1e+00]
  Bounds range    [1e+00, 8e+00]
  RHS range       [1e+01, 8e+01]
Presolved: 59 rows, 673 columns, 1168 nonzeros

Root barrier log...

Ordering time: 0.00s

Barrier statistics:
 AA' NZ     : 4.690e+02
 Factor NZ  : 1.457e+03
 Factor Ops : 4.551e+04 (less than 1 second per iteration)
 Threads    : 1

                  Objective                Residual
Iter       Primal          Dual         Primal    Dual     Compl     Time
   0  -2.36240815e+03 -3.38889030e+03  1.38e+01 1.78e-15  6.17e+00     0s
   1  -9.19659455e+02 -2.18047548e+03  9.59e-01 1.07e+00  1.29e+00     0s
   2  -8.53107027e+02 -1.08935585e+03  0.00e+00 1.12e-01  1.71e-01     0s
   3  -9.26414147e+02 -9.70596712e+02  0.00e+00 1.01e-02  3.16e-02     0s
   4  -9.32727419e+02 -9.49807896e+02  0.00e+00 3.55e-15  1.22e-02     0s
   5  -9.40855021e+02 -9.47035473e+02  0.00e+00 1.78e-15  4.41e-03     0s
   6  -9.43673795e+02 -9.46081933e+02  0.00e+00 1.78e-15  1.72e-03     0s
   7  -9.45188589e+02 -9.45870189e+02  0.00e+00 3.55e-15  4.86e-04     0s
   8  -9.45713509e+02 -9.45764526e+02  0.00e+00 1.78e-15  3.63e-05     0s
   9  -9.45749324e+02 -9.45749732e+02  0.00e+00 3.55e-15  2.90e-07     0s
  10  -9.45749429e+02 -9.45749429e+02  0.00e+00 3.55e-15  2.60e-11     0s

Barrier solved model in 10 iterations and 0.02 seconds
Optimal objective -9.45749429e+02


Root relaxation: objective -9.457494e+02, 57 iterations, 0.01 seconds

    Nodes    |    Current Node    |     Objective Bounds      |     Work
 Expl Unexpl |  Obj  Depth IntInf | Incumbent    BestBd   Gap | It/Node Time

     0     0 -945.74943    0   40 -837.60000 -945.74943  12.9%     -    0s
H    0     0                    -928.6000000 -945.74943  1.85%     -    0s
H    0     0                    -929.8200000 -945.74943  1.71%     -    0s
H    0     0                    -931.8400000 -945.74943  1.49%     -    0s
H    0     0                    -932.5500000 -945.74943  1.42%     -    0s
H    0     0                    -933.4400000 -945.74943  1.32%     -    0s
     0     0 -940.69251    0   42 -933.44000 -940.69251  0.78%     -    0s

Cutting planes:
  Gomory: 3
  Cover: 1
  MIR: 40

Explored 0 nodes (158 simplex iterations) in 0.05 seconds
Thread count was 16 (of 16 available processors)

Optimal solution found (tolerance 1.00e-02)
Best objective -9.334400000000e+02, best bound -9.406900000000e+02, gap 0.7767%
Changed value of parameter MIPGap to 0.01
   Prev: 0.0001  Min: 0.0  Max: 1e+100  Default: 0.0001
Changed value of parameter TimeLimit to 1800.0
   Prev: 1e+100  Min: 0.0  Max: 1e+100  Default: 1e+100
Changed value of parameter Method to 2
   Prev: -1  Min: -1  Max: 4  Default: -1
Changed value of parameter MIPFocus to 1
   Prev: 0  Min: 0  Max: 3  Default: 0
Optimize a model with 2146 rows, 3069 columns and 6138 nonzeros
Coefficient statistics:
  Matrix range    [1e+00, 2e+01]
  Objective range [1e+00, 1e+00]
  Bounds range    [1e+00, 1e+00]
  RHS range       [8e+01, 8e+01]
Found heuristic solution: objective 0
Presolve removed 2087 rows and 2396 columns
Presolve time: 0.01s
Presolved: 59 rows, 673 columns, 1168 nonzeros
Found heuristic solution: objective -871.2000000
Variable types: 0 continuous, 673 integer (554 binary)
Optimize a model with 59 rows, 673 columns and 1168 nonzeros
Coefficient statistics:
  Matrix range    [1e+00, 2e+01]
  Objective range [1e+00, 1e+00]
  Bounds range    [1e+00, 8e+00]
  RHS range       [1e+01, 8e+01]
Presolved: 59 rows, 673 columns, 1168 nonzeros

Root barrier log...

Ordering time: 0.00s

Barrier statistics:
 AA' NZ     : 4.690e+02
 Factor NZ  : 1.457e+03
 Factor Ops : 4.551e+04 (less than 1 second per iteration)
 Threads    : 1

                  Objective                Residual
Iter       Primal          Dual         Primal    Dual     Compl     Time
   0  -2.43410808e+03 -3.41833922e+03  1.38e+01 1.33e-15  6.17e+00     0s
   1  -9.52430990e+02 -2.20853634e+03  9.67e-01 1.07e+00  1.29e+00     0s
   2  -8.82809122e+02 -1.12205483e+03  0.00e+00 1.13e-01  1.73e-01     0s
   3  -9.56586409e+02 -1.00125125e+03  0.00e+00 9.09e-03  3.19e-02     0s
   4  -9.70188693e+02 -9.85673045e+02  0.00e+00 1.78e-15  1.10e-02     0s
   5  -9.75060118e+02 -9.79474282e+02  0.00e+00 3.55e-15  3.15e-03     0s
   6  -9.76171244e+02 -9.77328770e+02  0.00e+00 1.78e-15  8.25e-04     0s
   7  -9.76756907e+02 -9.76792611e+02  0.00e+00 1.78e-15  2.54e-05     0s
   8  -9.76771236e+02 -9.76771252e+02  0.00e+00 3.55e-15  1.15e-08     0s
   9  -9.76771238e+02 -9.76771238e+02  0.00e+00 3.55e-15  1.15e-11     0s

Barrier solved model in 9 iterations and 0.02 seconds
Optimal objective -9.76771238e+02


Root relaxation: objective -9.767712e+02, 57 iterations, 0.01 seconds

    Nodes    |    Current Node    |     Objective Bounds      |     Work
 Expl Unexpl |  Obj  Depth IntInf | Incumbent    BestBd   Gap | It/Node Time

     0     0 -976.77124    0   41 -871.20000 -976.77124  12.1%     -    0s
H    0     0                    -958.2000000 -976.77124  1.94%     -    0s
H    0     0                    -959.1800000 -976.77124  1.83%     -    0s
     0     0 -970.66751    0   40 -959.18000 -970.66751  1.20%     -    0s
H    0     0                    -962.8600000 -970.66751  0.81%     -    0s

Cutting planes:
  Gomory: 3
  Cover: 1
  MIR: 37

Explored 0 nodes (166 simplex iterations) in 0.05 seconds
Thread count was 16 (of 16 available processors)

Optimal solution found (tolerance 1.00e-02)
Best objective -9.628600000000e+02, best bound -9.706600000000e+02, gap 0.8101%
Changed value of parameter MIPGap to 0.01
   Prev: 0.0001  Min: 0.0  Max: 1e+100  Default: 0.0001
Changed value of parameter TimeLimit to 1800.0
   Prev: 1e+100  Min: 0.0  Max: 1e+100  Default: 1e+100
Changed value of parameter Method to 2
   Prev: -1  Min: -1  Max: 4  Default: -1
Changed value of parameter MIPFocus to 1
   Prev: 0  Min: 0  Max: 3  Default: 0
Optimize a model with 2146 rows, 3069 columns and 6138 nonzeros
Coefficient statistics:
  Matrix range    [1e+00, 2e+01]
  Objective range [1e+00, 2e+00]
  Bounds range    [1e+00, 1e+00]
  RHS range       [8e+01, 8e+01]
Found heuristic solution: objective 0
Presolve removed 2087 rows and 2396 columns
Presolve time: 0.01s
Presolved: 59 rows, 673 columns, 1168 nonzeros
Found heuristic solution: objective -938.4000000
Variable types: 0 continuous, 673 integer (554 binary)
Optimize a model with 59 rows, 673 columns and 1168 nonzeros
Coefficient statistics:
  Matrix range    [1e+00, 2e+01]
  Objective range [1e+00, 2e+00]
  Bounds range    [1e+00, 8e+00]
  RHS range       [1e+01, 8e+01]
Presolved: 59 rows, 673 columns, 1168 nonzeros

Root barrier log...

Ordering time: 0.00s

Barrier statistics:
 AA' NZ     : 4.690e+02
 Factor NZ  : 1.457e+03
 Factor Ops : 4.551e+04 (less than 1 second per iteration)
 Threads    : 1

                  Objective                Residual
Iter       Primal          Dual         Primal    Dual     Compl     Time
   0  -2.57747905e+03 -3.47723705e+03  1.38e+01 1.33e-15  6.16e+00     0s
   1  -1.01851899e+03 -2.26487255e+03  9.81e-01 1.05e+00  1.29e+00     0s
   2  -9.43341640e+02 -1.18671745e+03  0.00e+00 1.14e-01  1.76e-01     0s
   3  -1.01616282e+03 -1.06460552e+03  0.00e+00 8.24e-03  3.46e-02     0s
   4  -1.03288424e+03 -1.04538911e+03  0.00e+00 1.78e-15  8.92e-03     0s
   5  -1.03686811e+03 -1.04194307e+03  0.00e+00 3.55e-15  3.62e-03     0s
   6  -1.03875680e+03 -1.04032797e+03  0.00e+00 1.78e-15  1.12e-03     0s
   7  -1.03910208e+03 -1.03959433e+03  0.00e+00 1.78e-15  3.51e-04     0s
   8  -1.03920149e+03 -1.03936745e+03  0.00e+00 1.78e-15  1.18e-04     0s
   9  -1.03920794e+03 -1.03921866e+03  0.00e+00 3.55e-15  7.64e-06     0s
  10  -1.03920860e+03 -1.03920935e+03  0.00e+00 1.78e-15  5.35e-07     0s
  11  -1.03920914e+03 -1.03920914e+03  0.00e+00 5.33e-15  5.73e-10     0s

Barrier solved model in 11 iterations and 0.02 seconds
Optimal objective -1.03920914e+03


Root relaxation: objective -1.039209e+03, 47 iterations, 0.01 seconds

    Nodes    |    Current Node    |     Objective Bounds      |     Work
 Expl Unexpl |  Obj  Depth IntInf | Incumbent    BestBd   Gap | It/Node Time

     0     0 -1039.2091    0   41 -938.40000 -1039.2091  10.7%     -    0s
H    0     0                    -1018.560000 -1039.2091  2.03%     -    0s
H    0     0                    -1019.640000 -1039.2091  1.92%     -    0s
H    0     0                    -1020.840000 -1039.2091  1.80%     -    0s
     0     0 -1032.2156    0   49 -1020.8400 -1032.2156  1.11%     -    0s
H    0     0                    -1025.320000 -1032.2156  0.67%     -    0s

Cutting planes:
  Gomory: 4
  Cover: 1
  MIR: 37

Explored 0 nodes (142 simplex iterations) in 0.07 seconds
Thread count was 16 (of 16 available processors)

Optimal solution found (tolerance 1.00e-02)
Best objective -1.025320000000e+03, best bound -1.032200000000e+03, gap 0.6710%
Changed value of parameter MIPGap to 0.01
   Prev: 0.0001  Min: 0.0  Max: 1e+100  Default: 0.0001
Changed value of parameter TimeLimit to 1800.0
   Prev: 1e+100  Min: 0.0  Max: 1e+100  Default: 1e+100
Changed value of parameter Method to 2
   Prev: -1  Min: -1  Max: 4  Default: -1
Changed value of parameter MIPFocus to 1
   Prev: 0  Min: 0  Max: 3  Default: 0
Optimize a model with 2146 rows, 3069 columns and 6138 nonzeros
Coefficient statistics:
  Matrix range    [1e+00, 2e+01]
  Objective range [1e+00, 2e+00]
  Bounds range    [1e+00, 1e+00]
  RHS range       [8e+01, 8e+01]
Found heuristic solution: objective 0
Presolve removed 2087 rows and 2396 columns
Presolve time: 0.01s
Presolved: 59 rows, 673 columns, 1168 nonzeros
Found heuristic solution: objective -972.0000000
Variable types: 0 continuous, 673 integer (554 binary)
Optimize a model with 59 rows, 673 columns and 1168 nonzeros
Coefficient statistics:
  Matrix range    [1e+00, 2e+01]
  Objective range [1e+00, 2e+00]
  Bounds range    [1e+00, 8e+00]
  RHS range       [1e+01, 8e+01]
Presolved: 59 rows, 673 columns, 1168 nonzeros

Root barrier log...

Ordering time: 0.00s

Barrier statistics:
 AA' NZ     : 4.690e+02
 Factor NZ  : 1.457e+03
 Factor Ops : 4.551e+04 (less than 1 second per iteration)
 Threads    : 1

                  Objective                Residual
Iter       Primal          Dual         Primal    Dual     Compl     Time
   0  -2.64915009e+03 -3.50668597e+03  1.38e+01 1.78e-15  6.16e+00     0s
   1  -1.05182571e+03 -2.29315445e+03  9.89e-01 1.04e+00  1.29e+00     0s
   2  -9.74139680e+02 -1.22113656e+03  0.00e+00 1.21e-01  1.78e-01     0s
   3  -1.04749670e+03 -1.09676202e+03  0.00e+00 8.62e-03  3.52e-02     0s
   4  -1.06397054e+03 -1.07562200e+03  0.00e+00 5.33e-15  8.31e-03     0s
   5  -1.06849275e+03 -1.07292092e+03  0.00e+00 1.78e-15  3.16e-03     0s
   6  -1.07020745e+03 -1.07110717e+03  0.00e+00 1.78e-15  6.41e-04     0s
   7  -1.07054683e+03 -1.07057072e+03  0.00e+00 1.78e-15  1.70e-05     0s
   8  -1.07055667e+03 -1.07055667e+03  0.00e+00 1.78e-15  1.18e-09     0s

Barrier solved model in 8 iterations and 0.02 seconds
Optimal objective -1.07055667e+03


Root relaxation: objective -1.070557e+03, 48 iterations, 0.00 seconds

    Nodes    |    Current Node    |     Objective Bounds      |     Work
 Expl Unexpl |  Obj  Depth IntInf | Incumbent    BestBd   Gap | It/Node Time

     0     0 -1070.5567    0   43 -972.00000 -1070.5567  10.1%     -    0s
H    0     0                    -1048.200000 -1070.5567  2.13%     -    0s
H    0     0                    -1049.300000 -1070.5567  2.03%     -    0s
H    0     0                    -1051.050000 -1070.5567  1.86%     -    0s
     0     0 -1063.0555    0   45 -1051.0500 -1063.0555  1.14%     -    0s
H    0     0                    -1055.900000 -1063.0555  0.68%     -    0s

Cutting planes:
  Gomory: 3
  Cover: 1
  MIR: 40

Explored 0 nodes (156 simplex iterations) in 0.05 seconds
Thread count was 16 (of 16 available processors)

Optimal solution found (tolerance 1.00e-02)
Best objective -1.055900000000e+03, best bound -1.063050000000e+03, gap 0.6771%
Changed value of parameter MIPGap to 0.01
   Prev: 0.0001  Min: 0.0  Max: 1e+100  Default: 0.0001
Changed value of parameter TimeLimit to 1800.0
   Prev: 1e+100  Min: 0.0  Max: 1e+100  Default: 1e+100
Changed value of parameter Method to 2
   Prev: -1  Min: -1  Max: 4  Default: -1
Changed value of parameter MIPFocus to 1
   Prev: 0  Min: 0  Max: 3  Default: 0
Optimize a model with 2146 rows, 3069 columns and 6138 nonzeros
Coefficient statistics:
  Matrix range    [1e+00, 2e+01]
  Objective range [1e+00, 3e+00]
  Bounds range    [1e+00, 1e+00]
  RHS range       [8e+01, 8e+01]
Found heuristic solution: objective 0
Presolve removed 2087 rows and 2396 columns
Presolve time: 0.01s
Presolved: 59 rows, 673 columns, 1168 nonzeros
Found heuristic solution: objective -1139.400000
Variable types: 0 continuous, 673 integer (554 binary)
Optimize a model with 59 rows, 673 columns and 1168 nonzeros
Coefficient statistics:
  Matrix range    [1e+00, 2e+01]
  Objective range [1e+00, 3e+00]
  Bounds range    [1e+00, 8e+00]
  RHS range       [1e+01, 8e+01]
Presolved: 59 rows, 673 columns, 1168 nonzeros

Root barrier log...

Ordering time: 0.00s

Barrier statistics:
 AA' NZ     : 4.690e+02
 Factor NZ  : 1.457e+03
 Factor Ops : 4.551e+04 (less than 1 second per iteration)
 Threads    : 1

                  Objective                Residual
Iter       Primal          Dual         Primal    Dual     Compl     Time
   0  -3.00736086e+03 -3.65393056e+03  1.38e+01 1.33e-15  6.15e+00     0s
   1  -1.22088011e+03 -2.43569068e+03  1.02e+00 1.01e+00  1.28e+00     0s
   2  -1.13279563e+03 -1.38643969e+03  0.00e+00 1.24e-01  1.83e-01     0s
   3  -1.20410141e+03 -1.25040382e+03  0.00e+00 1.95e-03  3.30e-02     0s
   4  -1.22057509e+03 -1.23229027e+03  0.00e+00 3.55e-15  8.35e-03     0s
   5  -1.22590617e+03 -1.22950010e+03  0.00e+00 1.78e-15  2.56e-03     0s
   6  -1.22766912e+03 -1.22839201e+03  0.00e+00 1.78e-15  5.15e-04     0s
   7  -1.22810850e+03 -1.22826268e+03  0.00e+00 1.78e-15  1.10e-04     0s
   8  -1.22814069e+03 -1.22814126e+03  0.00e+00 3.55e-15  4.07e-07     0s
   9  -1.22814095e+03 -1.22814095e+03  0.00e+00 3.55e-15  4.07e-10     0s

Barrier solved model in 9 iterations and 0.02 seconds
Optimal objective -1.22814095e+03


Root relaxation: objective -1.228141e+03, 80 iterations, 0.01 seconds

    Nodes    |    Current Node    |     Objective Bounds      |     Work
 Expl Unexpl |  Obj  Depth IntInf | Incumbent    BestBd   Gap | It/Node Time

     0     0 -1228.1410    0   37 -1139.4000 -1228.1410  7.79%     -    0s
H    0     0                    -1202.700000 -1228.1410  2.12%     -    0s
H    0     0                    -1206.900000 -1228.1410  1.76%     -    0s
H    0     0                    -1207.400000 -1228.1410  1.72%     -    0s
     0     0 -1222.4299    0   54 -1207.4000 -1222.4299  1.24%     -    0s
H    0     0                    -1211.400000 -1222.4299  0.91%     -    0s

Cutting planes:
  Gomory: 2
  MIR: 33

Explored 0 nodes (230 simplex iterations) in 0.07 seconds
Thread count was 16 (of 16 available processors)

Optimal solution found (tolerance 1.00e-02)
Best objective -1.211400000000e+03, best bound -1.222400000000e+03, gap 0.9080%
Changed value of parameter MIPGap to 0.01
   Prev: 0.0001  Min: 0.0  Max: 1e+100  Default: 0.0001
Changed value of parameter TimeLimit to 1800.0
   Prev: 1e+100  Min: 0.0  Max: 1e+100  Default: 1e+100
Changed value of parameter Method to 2
   Prev: -1  Min: -1  Max: 4  Default: -1
Changed value of parameter MIPFocus to 1
   Prev: 0  Min: 0  Max: 3  Default: 0
Optimize a model with 2146 rows, 3069 columns and 6138 nonzeros
Coefficient statistics:
  Matrix range    [1e+00, 2e+01]
  Objective range [1e+00, 5e+00]
  Bounds range    [1e+00, 1e+00]
  RHS range       [8e+01, 8e+01]
Found heuristic solution: objective 0
Presolve removed 2087 rows and 2396 columns
Presolve time: 0.01s
Presolved: 59 rows, 673 columns, 1168 nonzeros
Found heuristic solution: objective -1475.800000
Variable types: 0 continuous, 673 integer (554 binary)
Optimize a model with 59 rows, 673 columns and 1168 nonzeros
Coefficient statistics:
  Matrix range    [1e+00, 2e+01]
  Objective range [1e+00, 5e+00]
  Bounds range    [1e+00, 8e+00]
  RHS range       [1e+01, 8e+01]
Presolved: 59 rows, 673 columns, 1168 nonzeros

Root barrier log...

Ordering time: 0.00s

Barrier statistics:
 AA' NZ     : 4.690e+02
 Factor NZ  : 1.457e+03
 Factor Ops : 4.551e+04 (less than 1 second per iteration)
 Threads    : 1

                  Objective                Residual
Iter       Primal          Dual         Primal    Dual     Compl     Time
   0  -3.72306087e+03 -3.94841974e+03  1.38e+01 1.78e-15  6.12e+00     0s
   1  -1.57020360e+03 -2.72645949e+03  1.07e+00 9.33e-01  1.26e+00     0s
   2  -1.48191543e+03 -1.68686028e+03  2.24e-02 8.24e-02  1.53e-01     0s
   3  -1.53448967e+03 -1.58909706e+03  5.44e-03 1.78e-15  4.04e-02     0s
   4  -1.55444699e+03 -1.56625748e+03  5.75e-04 1.78e-15  8.61e-03     0s
   5  -1.55968775e+03 -1.56299006e+03  1.09e-04 1.78e-15  2.41e-03     0s
   6  -1.56105925e+03 -1.56207874e+03  1.05e-05 1.78e-15  7.36e-04     0s
   7  -1.56130898e+03 -1.56177445e+03  3.61e-06 1.78e-15  3.36e-04     0s
   8  -1.56155445e+03 -1.56167708e+03  0.00e+00 1.78e-15  8.76e-05     0s
   9  -1.56158147e+03 -1.56158221e+03  0.00e+00 3.55e-15  5.30e-07     0s
  10  -1.56158190e+03 -1.56158190e+03  0.00e+00 1.78e-15  4.85e-11     0s

Barrier solved model in 10 iterations and 0.02 seconds
Optimal objective -1.56158190e+03


Root relaxation: objective -1.561582e+03, 22 iterations, 0.01 seconds

    Nodes    |    Current Node    |     Objective Bounds      |     Work
 Expl Unexpl |  Obj  Depth IntInf | Incumbent    BestBd   Gap | It/Node Time

     0     0 -1561.5819    0   46 -1475.8000 -1561.5819  5.81%     -    0s
H    0     0                    -1526.800000 -1561.5819  2.28%     -    0s
H    0     0                    -1528.600000 -1561.5819  2.16%     -    0s
H    0     0                    -1533.000000 -1561.5819  1.86%     -    0s
     0     0 -1555.4946    0   76 -1533.0000 -1555.4946  1.47%     -    0s
H    0     0                    -1537.000000 -1555.4946  1.20%     -    0s
     0     0 -1555.3949    0   78 -1537.0000 -1555.3949  1.20%     -    0s
     0     0 -1554.1362    0   86 -1537.0000 -1554.1362  1.11%     -    0s
H    0     0                    -1539.800000 -1554.1362  0.93%     -    0s

Cutting planes:
  Gomory: 4
  Cover: 1
  MIR: 64

Explored 0 nodes (352 simplex iterations) in 0.11 seconds
Thread count was 16 (of 16 available processors)

Optimal solution found (tolerance 1.00e-02)
Best objective -1.539800000000e+03, best bound -1.554000000000e+03, gap 0.9222%
Changed value of parameter MIPGap to 0.01
   Prev: 0.0001  Min: 0.0  Max: 1e+100  Default: 0.0001
Changed value of parameter TimeLimit to 1800.0
   Prev: 1e+100  Min: 0.0  Max: 1e+100  Default: 1e+100
Changed value of parameter Method to 2
   Prev: -1  Min: -1  Max: 4  Default: -1
Changed value of parameter MIPFocus to 1
   Prev: 0  Min: 0  Max: 3  Default: 0
Optimize a model with 2146 rows, 3069 columns and 6138 nonzeros
Coefficient statistics:
  Matrix range    [1e+00, 2e+01]
  Objective range [1e+00, 9e+00]
  Bounds range    [1e+00, 1e+00]
  RHS range       [8e+01, 8e+01]
Found heuristic solution: objective 0
Presolve removed 2087 rows and 2398 columns
Presolve time: 0.01s
Presolved: 59 rows, 671 columns, 1166 nonzeros
Found heuristic solution: objective -2147.000000
Variable types: 0 continuous, 671 integer (553 binary)
Optimize a model with 59 rows, 671 columns and 1166 nonzeros
Coefficient statistics:
  Matrix range    [1e+00, 2e+01]
  Objective range [1e+00, 9e+00]
  Bounds range    [1e+00, 2e+01]
  RHS range       [1e+01, 8e+01]
Presolve removed 0 rows and 66 columns
Presolved: 59 rows, 605 columns, 1091 nonzeros

Root barrier log...

Ordering time: 0.00s

Barrier statistics:
 AA' NZ     : 4.690e+02
 Factor NZ  : 1.534e+03
 Factor Ops : 5.235e+04 (less than 1 second per iteration)
 Threads    : 1

                  Objective                Residual
Iter       Primal          Dual         Primal    Dual     Compl     Time
   0  -5.85895358e+03 -4.92228984e+03  1.86e+01 1.78e-15  8.48e+00     0s
   1  -2.29692038e+03 -3.60230639e+03  1.28e+00 9.43e-01  1.65e+00     0s
   2  -2.20229512e+03 -2.41311209e+03  2.29e-01 6.42e-02  2.38e-01     0s
   3  -2.23528907e+03 -2.28376459e+03  3.12e-02 5.33e-15  4.71e-02     0s
   4  -2.24490016e+03 -2.26532943e+03  1.09e-02 3.55e-15  1.91e-02     0s
   5  -2.24874433e+03 -2.25911295e+03  6.32e-03 3.55e-15  9.91e-03     0s
   6  -2.25100907e+03 -2.25590815e+03  3.41e-03 3.55e-15  4.79e-03     0s
   7  -2.25188965e+03 -2.25437613e+03  2.00e-03 3.55e-15  2.51e-03     0s
   8  -2.25276623e+03 -2.25340349e+03  5.80e-04 3.55e-15  6.67e-04     0s
   9  -2.25315612e+03 -2.25315882e+03  0.00e+00 5.33e-15  2.13e-06     0s
  10  -2.25315714e+03 -2.25315714e+03  0.00e+00 3.55e-15  2.13e-09     0s

Barrier solved model in 10 iterations and 0.02 seconds
Optimal objective -2.25315714e+03


Root relaxation: objective -2.253157e+03, 236 iterations, 0.01 seconds

    Nodes    |    Current Node    |     Objective Bounds      |     Work
 Expl Unexpl |  Obj  Depth IntInf | Incumbent    BestBd   Gap | It/Node Time

     0     0 -2253.1571    0   38 -2147.0000 -2253.1571  4.94%     -    0s
H    0     0                    -2209.000000 -2253.1571  2.00%     -    0s
H    0     0                    -2229.800000 -2253.1571  1.05%     -    0s
H    0     0                    -2233.000000 -2253.1571  0.90%     -    0s

Explored 0 nodes (328 simplex iterations) in 0.04 seconds
Thread count was 16 (of 16 available processors)

Optimal solution found (tolerance 1.00e-02)
Best objective -2.233000000000e+03, best bound -2.253000000000e+03, gap 0.8957%
Changed value of parameter MIPGap to 0.01
   Prev: 0.0001  Min: 0.0  Max: 1e+100  Default: 0.0001
Changed value of parameter TimeLimit to 1800.0
   Prev: 1e+100  Min: 0.0  Max: 1e+100  Default: 1e+100
Changed value of parameter Method to 2
   Prev: -1  Min: -1  Max: 4  Default: -1
Changed value of parameter MIPFocus to 1
   Prev: 0  Min: 0  Max: 3  Default: 0
Optimize a model with 2146 rows, 3069 columns and 6138 nonzeros
Coefficient statistics:
  Matrix range    [1e+00, 2e+01]
  Objective range [2e+00, 1e+01]
  Bounds range    [1e+00, 1e+00]
  RHS range       [8e+01, 8e+01]
Found heuristic solution: objective 0
Presolve removed 2087 rows and 2397 columns
Presolve time: 0.01s
Presolved: 59 rows, 672 columns, 1167 nonzeros
Found heuristic solution: objective -2484.500000
Variable types: 0 continuous, 672 integer (554 binary)
Optimize a model with 59 rows, 672 columns and 1167 nonzeros
Coefficient statistics:
  Matrix range    [1e+00, 2e+01]
  Objective range [2e+00, 1e+01]
  Bounds range    [1e+00, 8e+00]
  RHS range       [1e+01, 8e+01]
Presolve removed 0 rows and 7 columns
Presolved: 59 rows, 665 columns, 1160 nonzeros

Root barrier log...

Ordering time: 0.00s

Barrier statistics:
 AA' NZ     : 4.690e+02
 Factor NZ  : 1.457e+03
 Factor Ops : 4.551e+04 (less than 1 second per iteration)
 Threads    : 1

                  Objective                Residual
Iter       Primal          Dual         Primal    Dual     Compl     Time
   0  -5.82526108e+03 -5.64524826e+03  1.33e+01 1.78e-15  8.00e+00     0s
   1  -2.56284796e+03 -4.07581068e+03  7.51e-01 1.13e+00  1.54e+00     0s
   2  -2.52653754e+03 -2.77635025e+03  3.44e-02 1.01e-01  1.94e-01     0s
   3  -2.59183697e+03 -2.65250263e+03  5.27e-03 1.46e-03  4.59e-02     0s
   4  -2.60554958e+03 -2.62386449e+03  1.34e-03 3.55e-15  1.38e-02     0s
   5  -2.61123436e+03 -2.62059709e+03  6.27e-04 3.55e-15  7.03e-03     0s
   6  -2.61384325e+03 -2.61819656e+03  3.19e-04 3.55e-15  3.28e-03     0s
   7  -2.61498412e+03 -2.61725858e+03  1.88e-04 3.55e-15  1.73e-03     0s
   8  -2.61590000e+03 -2.61693800e+03  8.68e-05 3.55e-15  7.89e-04     0s
   9  -2.61645879e+03 -2.61682383e+03  2.64e-05 3.55e-15  2.76e-04     0s
  10  -2.61663876e+03 -2.61676482e+03  6.95e-06 3.55e-15  9.46e-05     0s
  11  -2.61671249e+03 -2.61674471e+03  5.70e-07 3.55e-15  2.38e-05     0s
  12  -2.61672743e+03 -2.61672956e+03  0.00e+00 3.55e-15  1.55e-06     0s
  13  -2.61672857e+03 -2.61672858e+03  0.00e+00 3.55e-15  1.12e-08     0s
  14  -2.61672857e+03 -2.61672857e+03  1.12e-13 5.33e-15  1.62e-14     0s

Barrier solved model in 14 iterations and 0.02 seconds
Optimal objective -2.61672857e+03


Root relaxation: objective -2.616729e+03, 30 iterations, 0.01 seconds

    Nodes    |    Current Node    |     Objective Bounds      |     Work
 Expl Unexpl |  Obj  Depth IntInf | Incumbent    BestBd   Gap | It/Node Time

     0     0 -2616.7286    0   42 -2484.5000 -2616.7286  5.32%     -    0s
H    0     0                    -2573.500000 -2616.7286  1.68%     -    0s
H    0     0                    -2585.500000 -2616.7286  1.21%     -    0s
     0     0 -2614.9487    0   76 -2585.5000 -2614.9487  1.14%     -    0s
     0     0 -2614.9183    0   80 -2585.5000 -2614.9183  1.14%     -    0s
H    0     0                    -2588.500000 -2614.9183  1.02%     -    0s
H    0     0                    -2594.500000 -2614.9183  0.79%     -    0s
H    0     0                    -2599.000000 -2614.9183  0.61%     -    0s

Cutting planes:
  Gomory: 2
  MIR: 74
  Zero half: 1

Explored 0 nodes (188 simplex iterations) in 0.08 seconds
Thread count was 16 (of 16 available processors)

Optimal solution found (tolerance 1.00e-02)
Best objective -2.599000000000e+03, best bound -2.614500000000e+03, gap 0.5964%
Changed value of parameter MIPGap to 0.01
   Prev: 0.0001  Min: 0.0  Max: 1e+100  Default: 0.0001
Changed value of parameter TimeLimit to 1800.0
   Prev: 1e+100  Min: 0.0  Max: 1e+100  Default: 1e+100
Changed value of parameter Method to 2
   Prev: -1  Min: -1  Max: 4  Default: -1
Changed value of parameter MIPFocus to 1
   Prev: 0  Min: 0  Max: 3  Default: 0
Optimize a model with 2146 rows, 3069 columns and 6138 nonzeros
Coefficient statistics:
  Matrix range    [1e+00, 2e+01]
  Objective range [2e+00, 2e+01]
  Bounds range    [1e+00, 1e+00]
  RHS range       [8e+01, 8e+01]
Found heuristic solution: objective 0
Presolve removed 2087 rows and 2396 columns
Presolve time: 0.01s
Presolved: 59 rows, 673 columns, 1168 nonzeros
Found heuristic solution: objective -4181.000000
Variable types: 0 continuous, 673 integer (554 binary)
Optimize a model with 59 rows, 673 columns and 1168 nonzeros
Coefficient statistics:
  Matrix range    [1e+00, 2e+01]
  Objective range [2e+00, 2e+01]
  Bounds range    [1e+00, 8e+00]
  RHS range       [1e+01, 8e+01]
Presolve removed 0 rows and 55 columns
Presolved: 59 rows, 618 columns, 1103 nonzeros

Root barrier log...

Ordering time: 0.00s

Barrier statistics:
 AA' NZ     : 4.690e+02
 Factor NZ  : 1.534e+03
 Factor Ops : 5.235e+04 (less than 1 second per iteration)
 Threads    : 1

                  Objective                Residual
Iter       Primal          Dual         Primal    Dual     Compl     Time
   0  -9.10569977e+03 -1.06003179e+04  1.30e+01 3.55e-15  1.67e+01     0s
   1  -4.10015846e+03 -7.42020666e+03  3.76e-01 2.57e+00  3.09e+00     0s
   2  -4.26921172e+03 -4.77116675e+03  1.37e-02 2.32e-01  4.00e-01     0s
   3  -4.48288089e+03 -4.56333252e+03  0.00e+00 2.28e-02  6.24e-02     0s
   4  -4.49832507e+03 -4.51980498e+03  0.00e+00 7.11e-15  1.67e-02     0s
   5  -4.50749756e+03 -4.51596787e+03  0.00e+00 5.33e-15  6.57e-03     0s
   6  -4.51004753e+03 -4.51352063e+03  0.00e+00 7.11e-15  2.70e-03     0s
   7  -4.51194195e+03 -4.51304476e+03  0.00e+00 7.11e-15  8.55e-04     0s
   8  -4.51241923e+03 -4.51264131e+03  0.00e+00 7.11e-15  1.72e-04     0s
   9  -4.51256876e+03 -4.51257347e+03  0.00e+00 7.11e-15  3.64e-06     0s
  10  -4.51257142e+03 -4.51257143e+03  0.00e+00 7.11e-15  4.73e-09     0s

Barrier solved model in 10 iterations and 0.02 seconds
Optimal objective -4.51257142e+03


Root relaxation: objective -4.512571e+03, 55 iterations, 0.01 seconds

    Nodes    |    Current Node    |     Objective Bounds      |     Work
 Expl Unexpl |  Obj  Depth IntInf | Incumbent    BestBd   Gap | It/Node Time

     0     0 -4512.5714    0   40 -4181.0000 -4512.5714  7.93%     -    0s
H    0     0                    -4415.000000 -4512.5714  2.21%     -    0s
H    0     0                    -4462.000000 -4512.5714  1.13%     -    0s
H    0     0                    -4466.000000 -4512.5714  1.04%     -    0s
H    0     0                    -4467.000000 -4512.5714  1.02%     -    0s
     0     0 -4502.9692    0   78 -4467.0000 -4502.9692  0.81%     -    0s

Cutting planes:
  Cover: 2
  MIR: 46

Explored 0 nodes (263 simplex iterations) in 0.07 seconds
Thread count was 16 (of 16 available processors)

Optimal solution found (tolerance 1.00e-02)
Best objective -4.467000000000e+03, best bound -4.502000000000e+03, gap 0.7835%
Changed value of parameter MIPGap to 0.01
   Prev: 0.0001  Min: 0.0  Max: 1e+100  Default: 0.0001
Changed value of parameter TimeLimit to 1800.0
   Prev: 1e+100  Min: 0.0  Max: 1e+100  Default: 1e+100
Changed value of parameter Method to 2
   Prev: -1  Min: -1  Max: 4  Default: -1
Changed value of parameter MIPFocus to 1
   Prev: 0  Min: 0  Max: 3  Default: 0
Optimize a model with 2146 rows, 3069 columns and 6138 nonzeros
Coefficient statistics:
  Matrix range    [1e+00, 2e+01]
  Objective range [3e+00, 4e+01]
  Bounds range    [1e+00, 1e+00]
  RHS range       [8e+01, 8e+01]
Found heuristic solution: objective 0
Presolve removed 2087 rows and 2396 columns
Presolve time: 0.01s
Presolved: 59 rows, 673 columns, 1168 nonzeros
Found heuristic solution: objective -7585.000000
Variable types: 0 continuous, 673 integer (554 binary)
Optimize a model with 59 rows, 673 columns and 1168 nonzeros
Coefficient statistics:
  Matrix range    [1e+00, 2e+01]
  Objective range [3e+00, 4e+01]
  Bounds range    [1e+00, 8e+00]
  RHS range       [1e+01, 8e+01]
Presolved: 59 rows, 673 columns, 1168 nonzeros

Root barrier log...

Ordering time: 0.00s

Barrier statistics:
 AA' NZ     : 4.690e+02
 Factor NZ  : 1.457e+03
 Factor Ops : 4.551e+04 (less than 1 second per iteration)
 Threads    : 1

                  Objective                Residual
Iter       Primal          Dual         Primal    Dual     Compl     Time
   0  -1.66610733e+04 -2.04368411e+04  1.38e+01 7.11e-15  3.20e+01     0s
   1  -7.52811318e+03 -1.43963629e+04  4.25e-01 5.19e+00  5.97e+00     0s
   2  -7.83135580e+03 -8.93733308e+03  6.08e-03 5.48e-01  8.06e-01     0s
   3  -8.24103959e+03 -8.41538725e+03  0.00e+00 3.35e-02  1.24e-01     0s
   4  -8.29271720e+03 -8.35173843e+03  0.00e+00 7.11e-15  4.21e-02     0s
   5  -8.30625832e+03 -8.33685556e+03  0.00e+00 1.42e-14  2.18e-02     0s
   6  -8.31935150e+03 -8.33191230e+03  0.00e+00 1.42e-14  8.96e-03     0s
   7  -8.32461117e+03 -8.32980057e+03  0.00e+00 1.42e-14  3.70e-03     0s
   8  -8.32784687e+03 -8.32903385e+03  0.00e+00 1.07e-14  8.46e-04     0s
   9  -8.32846304e+03 -8.32849843e+03  0.00e+00 1.42e-14  2.52e-05     0s
  10  -8.32847380e+03 -8.32847381e+03  0.00e+00 1.42e-14  7.45e-09     0s

Barrier solved model in 10 iterations and 0.02 seconds
Optimal objective -8.32847380e+03


Root relaxation: objective -8.328474e+03, 27 iterations, 0.01 seconds

    Nodes    |    Current Node    |     Objective Bounds      |     Work
 Expl Unexpl |  Obj  Depth IntInf | Incumbent    BestBd   Gap | It/Node Time

     0     0 -8328.4738    0   38 -7585.0000 -8328.4738  9.80%     -    0s
H    0     0                    -8211.000000 -8328.4738  1.43%     -    0s
H    0     0                    -8241.000000 -8328.4738  1.06%     -    0s
H    0     0                    -8265.000000 -8328.4738  0.77%     -    0s
H    0     0                    -8267.000000 -8328.4738  0.74%     -    0s

Cutting planes:
  Gomory: 2
  Cover: 1
  MIR: 42

Explored 0 nodes (41 simplex iterations) in 0.05 seconds
Thread count was 16 (of 16 available processors)

Optimal solution found (tolerance 1.00e-02)
Best objective -8.267000000000e+03, best bound -8.328000000000e+03, gap 0.7379%
Changed value of parameter MIPGap to 0.01
   Prev: 0.0001  Min: 0.0  Max: 1e+100  Default: 0.0001
Changed value of parameter TimeLimit to 1800.0
   Prev: 1e+100  Min: 0.0  Max: 1e+100  Default: 1e+100
Changed value of parameter Method to 2
   Prev: -1  Min: -1  Max: 4  Default: -1
Changed value of parameter MIPFocus to 1
   Prev: 0  Min: 0  Max: 3  Default: 0
Optimize a model with 2146 rows, 3069 columns and 6138 nonzeros
Coefficient statistics:
  Matrix range    [1e+00, 2e+01]
  Objective range [5e+00, 8e+01]
  Bounds range    [1e+00, 1e+00]
  RHS range       [8e+01, 8e+01]
Found heuristic solution: objective 0
Presolve removed 2087 rows and 2396 columns
Presolve time: 0.01s
Presolved: 59 rows, 673 columns, 1168 nonzeros
Found heuristic solution: objective -14380.00000
Variable types: 0 continuous, 673 integer (554 binary)
Optimize a model with 59 rows, 673 columns and 1168 nonzeros
Coefficient statistics:
  Matrix range    [1e+00, 2e+01]
  Objective range [5e+00, 8e+01]
  Bounds range    [1e+00, 8e+00]
  RHS range       [1e+01, 8e+01]
Presolved: 59 rows, 673 columns, 1168 nonzeros

Root barrier log...

Ordering time: 0.00s

Barrier statistics:
 AA' NZ     : 4.690e+02
 Factor NZ  : 1.457e+03
 Factor Ops : 4.551e+04 (less than 1 second per iteration)
 Threads    : 1

                  Objective                Residual
Iter       Primal          Dual         Primal    Dual     Compl     Time
   0  -3.10405175e+04 -4.01629784e+04  1.38e+01 1.42e-14  6.42e+01     0s
   1  -1.43977199e+04 -2.81776954e+04  4.68e-01 1.06e+01  1.21e+01     0s
   2  -1.50116135e+04 -1.71902142e+04  2.38e-03 1.21e+00  1.58e+00     0s
   3  -1.58285497e+04 -1.61999894e+04  0.00e+00 1.24e-01  2.65e-01     0s
   4  -1.59353045e+04 -1.60531440e+04  0.00e+00 2.06e-02  8.41e-02     0s
   5  -1.59712269e+04 -1.60177268e+04  0.00e+00 3.04e-03  3.32e-02     0s
   6  -1.59865348e+04 -1.60044043e+04  0.00e+00 2.84e-14  1.27e-02     0s
   7  -1.59939089e+04 -1.59986364e+04  0.00e+00 2.84e-14  3.37e-03     0s
   8  -1.59957144e+04 -1.59968922e+04  0.00e+00 2.84e-14  8.40e-04     0s
   9  -1.59962391e+04 -1.59962573e+04  0.00e+00 2.84e-14  1.30e-05     0s
  10  -1.59962500e+04 -1.59962500e+04  0.00e+00 2.84e-14  4.06e-11     0s

Barrier solved model in 10 iterations and 0.02 seconds
Optimal objective -1.59962500e+04


Root relaxation: objective -1.599625e+04, 33 iterations, 0.01 seconds

    Nodes    |    Current Node    |     Objective Bounds      |     Work
 Expl Unexpl |  Obj  Depth IntInf | Incumbent    BestBd   Gap | It/Node Time

     0     0 -15996.250    0   41 -14380.000 -15996.250  11.2%     -    0s
H    0     0                    -15702.00000 -15996.250  1.87%     -    0s
H    0     0                    -15869.00000 -15996.250  0.80%     -    0s

Explored 0 nodes (45 simplex iterations) in 0.03 seconds
Thread count was 16 (of 16 available processors)

Optimal solution found (tolerance 1.00e-02)
Best objective -1.586900000000e+04, best bound -1.599600000000e+04, gap 0.8003%
Changed value of parameter MIPGap to 0.01
   Prev: 0.0001  Min: 0.0  Max: 1e+100  Default: 0.0001
Changed value of parameter TimeLimit to 1800.0
   Prev: 1e+100  Min: 0.0  Max: 1e+100  Default: 1e+100
Changed value of parameter Method to 2
   Prev: -1  Min: -1  Max: 4  Default: -1
Changed value of parameter MIPFocus to 1
   Prev: 0  Min: 0  Max: 3  Default: 0
Optimize a model with 2146 rows, 3069 columns and 6138 nonzeros
Coefficient statistics:
  Matrix range    [1e+00, 2e+01]
  Objective range [6e+00, 1e+02]
  Bounds range    [1e+00, 1e+00]
  RHS range       [8e+01, 8e+01]
Found heuristic solution: objective 0
Presolve removed 2087 rows and 2396 columns
Presolve time: 0.01s
Presolved: 59 rows, 673 columns, 1168 nonzeros
Found heuristic solution: objective -17785.00000
Variable types: 0 continuous, 673 integer (554 binary)
Optimize a model with 59 rows, 673 columns and 1168 nonzeros
Coefficient statistics:
  Matrix range    [1e+00, 2e+01]
  Objective range [6e+00, 1e+02]
  Bounds range    [1e+00, 8e+00]
  RHS range       [1e+01, 8e+01]
Presolved: 59 rows, 673 columns, 1168 nonzeros

Root barrier log...

Ordering time: 0.00s

Barrier statistics:
 AA' NZ     : 4.690e+02
 Factor NZ  : 1.457e+03
 Factor Ops : 4.551e+04 (less than 1 second per iteration)
 Threads    : 1

                  Objective                Residual
Iter       Primal          Dual         Primal    Dual     Compl     Time
   0  -3.82300429e+04 -5.00260471e+04  1.38e+01 1.42e-14  8.02e+01     0s
   1  -1.78335257e+04 -3.50689972e+04  4.77e-01 1.33e+01  1.52e+01     0s
   2  -1.86059113e+04 -2.13208548e+04  1.38e-03 1.50e+00  1.96e+00     0s
   3  -1.96609617e+04 -2.00703989e+04  0.00e+00 1.28e-01  2.92e-01     0s
   4  -1.97942091e+04 -1.99015586e+04  0.00e+00 2.83e-02  7.66e-02     0s
   5  -1.98184342e+04 -1.98564256e+04  0.00e+00 8.13e-03  2.71e-02     0s
   6  -1.98290172e+04 -1.98460489e+04  0.00e+00 2.98e-03  1.21e-02     0s
   7  -1.98355510e+04 -1.98401322e+04  0.00e+00 1.02e-03  3.27e-03     0s
   8  -1.98373139e+04 -1.98383117e+04  0.00e+00 3.29e-04  7.12e-04     0s
   9  -1.98375062e+04 -1.98375355e+04  0.00e+00 2.84e-14  2.09e-05     0s
  10  -1.98375167e+04 -1.98375167e+04  0.00e+00 2.84e-14  3.49e-10     0s

Barrier solved model in 10 iterations and 0.02 seconds
Optimal objective -1.98375167e+04


Root relaxation: objective -1.983752e+04, 37 iterations, 0.01 seconds

    Nodes    |    Current Node    |     Objective Bounds      |     Work
 Expl Unexpl |  Obj  Depth IntInf | Incumbent    BestBd   Gap | It/Node Time

     0     0 -19837.517    0   36 -17785.000 -19837.517  11.5%     -    0s
H    0     0                    -19597.00000 -19837.517  1.23%     -    0s
H    0     0                    -19677.00000 -19837.517  0.82%     -    0s

Explored 0 nodes (50 simplex iterations) in 0.03 seconds
Thread count was 16 (of 16 available processors)

Optimal solution found (tolerance 1.00e-02)
Best objective -1.967700000000e+04, best bound -1.983700000000e+04, gap 0.8131%
Changed value of parameter MIPGap to 0.01
   Prev: 0.0001  Min: 0.0  Max: 1e+100  Default: 0.0001
Changed value of parameter TimeLimit to 1800.0
   Prev: 1e+100  Min: 0.0  Max: 1e+100  Default: 1e+100
Changed value of parameter Method to 2
   Prev: -1  Min: -1  Max: 4  Default: -1
Changed value of parameter MIPFocus to 1
   Prev: 0  Min: 0  Max: 3  Default: 0
Optimize a model with 2146 rows, 3069 columns and 6138 nonzeros
Coefficient statistics:
  Matrix range    [1e+00, 2e+01]
  Objective range [1e+01, 2e+02]
  Bounds range    [1e+00, 1e+00]
  RHS range       [8e+01, 8e+01]
Found heuristic solution: objective 0
Presolve removed 2087 rows and 2396 columns
Presolve time: 0.01s
Presolved: 59 rows, 673 columns, 1168 nonzeros
Found heuristic solution: objective -34861.00000
Variable types: 0 continuous, 673 integer (554 binary)
Optimize a model with 59 rows, 673 columns and 1168 nonzeros
Coefficient statistics:
  Matrix range    [1e+00, 2e+01]
  Objective range [1e+01, 2e+02]
  Bounds range    [1e+00, 8e+00]
  RHS range       [1e+01, 8e+01]
Presolved: 59 rows, 673 columns, 1168 nonzeros

Root barrier log...

Ordering time: 0.00s

Barrier statistics:
 AA' NZ     : 4.690e+02
 Factor NZ  : 1.457e+03
 Factor Ops : 4.551e+04 (less than 1 second per iteration)
 Threads    : 1

                  Objective                Residual
Iter       Primal          Dual         Primal    Dual     Compl     Time
   0  -7.41772763e+04 -9.93413904e+04  1.38e+01 2.84e-14  1.61e+02     0s
   1  -3.50142095e+04 -6.95267613e+04  4.94e-01 2.69e+01  3.05e+01     0s
   2  -3.65881732e+04 -4.20335809e+04  0.00e+00 3.04e+00  3.91e+00     0s
   3  -3.87445378e+04 -3.95092176e+04  0.00e+00 2.35e-01  5.46e-01     0s
   4  -3.90050115e+04 -3.92107489e+04  0.00e+00 6.84e-02  1.47e-01     0s
   5  -3.90422210e+04 -3.91221525e+04  0.00e+00 1.84e-02  5.70e-02     0s
   6  -3.90577413e+04 -3.90989978e+04  0.00e+00 8.62e-03  2.94e-02     0s
   7  -3.90734868e+04 -3.90850481e+04  0.00e+00 2.23e-03  8.24e-03     0s
   8  -3.90786230e+04 -3.90804565e+04  0.00e+00 4.58e-04  1.31e-03     0s
   9  -3.90792053e+04 -3.90792096e+04  0.00e+00 5.68e-14  3.05e-06     0s
  10  -3.90792071e+04 -3.90792071e+04  0.00e+00 5.68e-14  3.55e-12     0s

Barrier solved model in 10 iterations and 0.02 seconds
Optimal objective -3.90792071e+04


Root relaxation: objective -3.907921e+04, 41 iterations, 0.01 seconds

    Nodes    |    Current Node    |     Objective Bounds      |     Work
 Expl Unexpl |  Obj  Depth IntInf | Incumbent    BestBd   Gap | It/Node Time

     0     0 -39079.207    0   38 -34861.000 -39079.207  12.1%     -    0s
H    0     0                    -38573.00000 -39079.207  1.31%     -    0s
H    0     0                    -38776.00000 -39079.207  0.78%     -    0s

Explored 0 nodes (57 simplex iterations) in 0.04 seconds
Thread count was 16 (of 16 available processors)

Optimal solution found (tolerance 1.00e-02)
Best objective -3.877600000000e+04, best bound -3.907900000000e+04, gap 0.7814%
Changed value of parameter MIPGap to 0.01
   Prev: 0.0001  Min: 0.0  Max: 1e+100  Default: 0.0001
Changed value of parameter TimeLimit to 1800.0
   Prev: 1e+100  Min: 0.0  Max: 1e+100  Default: 1e+100
Changed value of parameter Method to 2
   Prev: -1  Min: -1  Max: 4  Default: -1
Changed value of parameter MIPFocus to 1
   Prev: 0  Min: 0  Max: 3  Default: 0
Optimize a model with 2146 rows, 3069 columns and 6138 nonzeros
Coefficient statistics:
  Matrix range    [1e+00, 2e+01]
  Objective range [2e+01, 4e+02]
  Bounds range    [1e+00, 1e+00]
  RHS range       [8e+01, 8e+01]
Found heuristic solution: objective 0
Presolve removed 2087 rows and 2396 columns
Presolve time: 0.01s
Presolved: 59 rows, 673 columns, 1168 nonzeros
Found heuristic solution: objective -68961.00000
Variable types: 0 continuous, 673 integer (554 binary)
Optimize a model with 59 rows, 673 columns and 1168 nonzeros
Coefficient statistics:
  Matrix range    [1e+00, 2e+01]
  Objective range [2e+01, 4e+02]
  Bounds range    [1e+00, 8e+00]
  RHS range       [1e+01, 8e+01]
Presolved: 59 rows, 673 columns, 1168 nonzeros

Root barrier log...

Ordering time: 0.00s

Barrier statistics:
 AA' NZ     : 4.690e+02
 Factor NZ  : 1.457e+03
 Factor Ops : 4.551e+04 (less than 1 second per iteration)
 Threads    : 1

                  Objective                Residual
Iter       Primal          Dual         Primal    Dual     Compl     Time
   0  -1.46071349e+05 -1.97972077e+05  1.38e+01 5.68e-14  3.21e+02     0s
   1  -6.93772910e+04 -1.38443467e+05  5.02e-01 5.40e+01  6.12e+01     0s
   2  -7.25515432e+04 -8.34404394e+04  2.17e-05 6.08e+00  7.83e+00     0s
   3  -7.69135478e+04 -7.85598384e+04  0.00e+00 6.23e-01  1.18e+00     0s
   4  -7.73308104e+04 -7.78465532e+04  0.00e+00 1.73e-01  3.68e-01     0s
   5  -7.74759073e+04 -7.76539503e+04  0.00e+00 5.01e-02  1.27e-01     0s
   6  -7.75134770e+04 -7.75901544e+04  0.00e+00 1.04e-02  5.47e-02     0s
   7  -7.75591656e+04 -7.75765216e+04  0.00e+00 2.52e-03  1.24e-02     0s
   8  -7.75671728e+04 -7.75697427e+04  0.00e+00 4.65e-04  1.83e-03     0s
   9  -7.75680155e+04 -7.75680184e+04  0.00e+00 1.42e-13  2.12e-06     0s
  10  -7.75680167e+04 -7.75680167e+04  2.10e-16 1.14e-13  2.17e-12     0s

Barrier solved model in 10 iterations and 0.02 seconds
Optimal objective -7.75680167e+04


Root relaxation: objective -7.756802e+04, 41 iterations, 0.01 seconds

    Nodes    |    Current Node    |     Objective Bounds      |     Work
 Expl Unexpl |  Obj  Depth IntInf | Incumbent    BestBd   Gap | It/Node Time

     0     0 -77568.017    0   38 -68961.000 -77568.017  12.5%     -    0s
H    0     0                    -76539.00000 -77568.017  1.34%     -    0s
H    0     0                    -76966.00000 -77568.017  0.78%     -    0s

Explored 0 nodes (54 simplex iterations) in 0.04 seconds
Thread count was 16 (of 16 available processors)

Optimal solution found (tolerance 1.00e-02)
Best objective -7.696600000000e+04, best bound -7.756800000000e+04, gap 0.7822%
Changed value of parameter MIPGap to 0.01
   Prev: 0.0001  Min: 0.0  Max: 1e+100  Default: 0.0001
Changed value of parameter TimeLimit to 1800.0
   Prev: 1e+100  Min: 0.0  Max: 1e+100  Default: 1e+100
Changed value of parameter Method to 2
   Prev: -1  Min: -1  Max: 4  Default: -1
Changed value of parameter MIPFocus to 1
   Prev: 0  Min: 0  Max: 3  Default: 0
Optimize a model with 2146 rows, 3069 columns and 6138 nonzeros
Coefficient statistics:
  Matrix range    [1e+00, 2e+01]
  Objective range [5e+01, 1e+03]
  Bounds range    [1e+00, 1e+00]
  RHS range       [8e+01, 8e+01]
Found heuristic solution: objective 0
Presolve removed 2087 rows and 2396 columns
Presolve time: 0.01s
Presolved: 59 rows, 673 columns, 1168 nonzeros
Found heuristic solution: objective -171261.0000
Variable types: 0 continuous, 673 integer (554 binary)
Optimize a model with 59 rows, 673 columns and 1168 nonzeros
Coefficient statistics:
  Matrix range    [1e+00, 2e+01]
  Objective range [5e+01, 1e+03]
  Bounds range    [1e+00, 8e+00]
  RHS range       [1e+01, 8e+01]
Presolved: 59 rows, 673 columns, 1168 nonzeros

Root barrier log...

Ordering time: 0.00s

Barrier statistics:
 AA' NZ     : 4.690e+02
 Factor NZ  : 1.457e+03
 Factor Ops : 4.551e+04 (less than 1 second per iteration)
 Threads    : 1

                  Objective                Residual
Iter       Primal          Dual         Primal    Dual     Compl     Time
   0  -3.61753254e+05 -4.93864137e+05  1.38e+01 1.14e-13  8.03e+02     0s
   1  -1.72468206e+05 -3.45194553e+05  5.07e-01 1.35e+02  1.53e+02     0s
   2  -1.80446945e+05 -2.07649272e+05  1.72e-04 1.52e+01  1.96e+01     0s
   3  -1.91439639e+05 -1.95492673e+05  0.00e+00 1.53e+00  2.89e+00     0s
   4  -1.92476714e+05 -1.93767453e+05  0.00e+00 4.43e-01  9.22e-01     0s
   5  -1.92826673e+05 -1.93230148e+05  0.00e+00 1.09e-01  2.88e-01     0s
   6  -1.92919371e+05 -1.93088138e+05  0.00e+00 2.56e-02  1.20e-01     0s
   7  -1.92997832e+05 -1.93053820e+05  0.00e+00 7.32e-03  3.99e-02     0s
   8  -1.93029486e+05 -1.93039087e+05  0.00e+00 9.43e-04  6.85e-03     0s
   9  -1.93034431e+05 -1.93034458e+05  0.00e+00 3.41e-13  1.91e-05     0s
  10  -1.93034445e+05 -1.93034445e+05  0.00e+00 3.41e-13  2.25e-11     0s

Barrier solved model in 10 iterations and 0.02 seconds
Optimal objective -1.93034445e+05


Root relaxation: objective -1.930344e+05, 40 iterations, 0.01 seconds

    Nodes    |    Current Node    |     Objective Bounds      |     Work
 Expl Unexpl |  Obj  Depth IntInf | Incumbent    BestBd   Gap | It/Node Time

     0     0 -193034.45    0   40 -171261.00 -193034.45  12.7%     -    0s
H    0     0                    -190786.0000 -193034.45  1.18%     -    0s
H    0     0                    -191675.0000 -193034.45  0.71%     -    0s

Explored 0 nodes (53 simplex iterations) in 0.03 seconds
Thread count was 16 (of 16 available processors)

Optimal solution found (tolerance 1.00e-02)
Best objective -1.916750000000e+05, best bound -1.930340000000e+05, gap 0.7090%
Changed value of parameter MIPGap to 0.01
   Prev: 0.0001  Min: 0.0  Max: 1e+100  Default: 0.0001
Changed value of parameter TimeLimit to 1800.0
   Prev: 1e+100  Min: 0.0  Max: 1e+100  Default: 1e+100
Changed value of parameter Method to 2
   Prev: -1  Min: -1  Max: 4  Default: -1
Changed value of parameter MIPFocus to 1
   Prev: 0  Min: 0  Max: 3  Default: 0
Optimize a model with 2146 rows, 3069 columns and 6138 nonzeros
Coefficient statistics:
  Matrix range    [1e+00, 2e+01]
  Objective range [5e+02, 1e+04]
  Bounds range    [1e+00, 1e+00]
  RHS range       [8e+01, 8e+01]
Found heuristic solution: objective 0
Presolve removed 2087 rows and 2396 columns
Presolve time: 0.01s
Presolved: 59 rows, 673 columns, 1168 nonzeros
Found heuristic solution: objective -1705761.000
Variable types: 0 continuous, 673 integer (554 binary)
Optimize a model with 59 rows, 673 columns and 1168 nonzeros
Coefficient statistics:
  Matrix range    [1e+00, 2e+01]
  Objective range [5e+02, 1e+04]
  Bounds range    [1e+00, 8e+00]
  RHS range       [1e+01, 8e+01]
Presolved: 59 rows, 673 columns, 1168 nonzeros

Root barrier log...

Ordering time: 0.00s

Barrier statistics:
 AA' NZ     : 4.690e+02
 Factor NZ  : 1.457e+03
 Factor Ops : 4.551e+04 (less than 1 second per iteration)
 Threads    : 1

                  Objective                Residual
Iter       Primal          Dual         Primal    Dual     Compl     Time
   0  -3.59698068e+06 -4.93224503e+06  1.38e+01 1.82e-12  8.03e+03     0s
   1  -1.71883601e+06 -3.44646446e+06  5.10e-01 1.36e+03  1.53e+03     0s
   2  -1.79890290e+06 -2.07074149e+06  2.65e-04 1.52e+02  1.95e+02     0s
   3  -1.90944368e+06 -1.94901326e+06  0.00e+00 1.46e+01  2.83e+01     0s
   4  -1.91968243e+06 -1.93249195e+06  0.00e+00 4.33e+00  9.15e+00     0s
   5  -1.92322911e+06 -1.92679241e+06  0.00e+00 9.01e-01  2.54e+00     0s
   6  -1.92414443e+06 -1.92549590e+06  0.00e+00 2.08e-01  9.64e-01     0s
   7  -1.92487262e+06 -1.92517636e+06  0.00e+00 3.23e-02  2.17e-01     0s
   8  -1.92500117e+06 -1.92508538e+06  0.00e+00 1.01e-02  6.01e-02     0s
   9  -1.92502947e+06 -1.92503517e+06  0.00e+00 3.64e-12  4.06e-03     0s
  10  -1.92503084e+06 -1.92503089e+06  0.00e+00 3.64e-12  3.77e-05     0s
  11  -1.92503087e+06 -1.92503087e+06  0.00e+00 3.64e-12  3.77e-08     0s
  12  -1.92503087e+06 -1.92503087e+06  2.64e-15 3.64e-12  1.51e-13     0s

Barrier solved model in 12 iterations and 0.02 seconds
Optimal objective -1.92503087e+06


Root relaxation: objective -1.925031e+06, 42 iterations, 0.01 seconds

    Nodes    |    Current Node    |     Objective Bounds      |     Work
 Expl Unexpl |  Obj  Depth IntInf | Incumbent    BestBd   Gap | It/Node Time

     0     0 -1925030.9    0   35 -1705761.0 -1925030.9  12.9%     -    0s
H    0     0                    -1904630.000 -1925030.9  1.07%     -    0s
H    0     0                    -1911134.000 -1925030.9  0.73%     -    0s

Explored 0 nodes (58 simplex iterations) in 0.04 seconds
Thread count was 16 (of 16 available processors)

Optimal solution found (tolerance 1.00e-02)
Best objective -1.911134000000e+06, best bound -1.925030873810e+06, gap 0.7272%
