Changed value of parameter MIPGap to 0.01
   Prev: 0.0001  Min: 0.0  Max: 1e+100  Default: 0.0001
Changed value of parameter TimeLimit to 1800.0
   Prev: 1e+100  Min: 0.0  Max: 1e+100  Default: 1e+100
Changed value of parameter Method to 2
   Prev: -1  Min: -1  Max: 4  Default: -1
Changed value of parameter MIPFocus to 1
   Prev: 0  Min: 0  Max: 3  Default: 0
Optimize a model with 2506 rows, 7721 columns and 15442 nonzeros
Coefficient statistics:
  Matrix range    [1e+00, 4e+01]
  Objective range [1e+00, 1e+00]
  Bounds range    [1e+00, 1e+00]
  RHS range       [8e+01, 8e+01]
Found heuristic solution: objective 0
Presolve removed 63 rows and 216 columns
Presolve time: 0.09s
Presolved: 2443 rows, 7505 columns, 15010 nonzeros
Variable types: 0 continuous, 7505 integer (7505 binary)
Optimize a model with 2443 rows, 7505 columns and 15010 nonzeros
Coefficient statistics:
  Matrix range    [1e+00, 4e+01]
  Objective range [1e+00, 1e+00]
  Bounds range    [1e+00, 1e+00]
  RHS range       [1e+00, 8e+01]
Presolved: 2443 rows, 7505 columns, 15010 nonzeros

Root barrier log...

Ordering time: 0.00s

Barrier statistics:
 AA' NZ     : 7.505e+03
 Factor NZ  : 4.334e+04 (roughly 4 MBytes of memory)
 Factor Ops : 3.651e+06 (less than 1 second per iteration)
 Threads    : 1

                  Objective                Residual
Iter       Primal          Dual         Primal    Dual     Compl     Time
   0  -3.60676833e+03 -5.85053799e+03  1.94e+01 2.48e-01  1.74e+00     0s
   1  -1.33884677e+03 -4.11891247e+03  2.20e+00 6.66e-16  3.07e-01     0s
   2  -1.05318585e+03 -1.52947144e+03  1.71e-01 6.66e-16  3.52e-02     0s
   3  -1.04641294e+03 -1.12313156e+03  3.88e-02 3.55e-15  5.66e-03     0s
   4  -1.04619745e+03 -1.06021558e+03  9.47e-03 1.33e-15  1.07e-03     0s
   5  -1.04628241e+03 -1.04889758e+03  3.28e-03 1.55e-15  2.23e-04     0s
   6  -1.04632592e+03 -1.04677764e+03  4.09e-04 1.33e-15  3.60e-05     0s
   7  -1.04632839e+03 -1.04633098e+03  6.06e-07 1.33e-15  1.81e-07     0s
   8  -1.04632927e+03 -1.04632927e+03  4.57e-12 4.44e-16  1.82e-10     0s

Barrier solved model in 8 iterations and 0.24 seconds
Optimal objective -1.04632927e+03


Root relaxation: objective -1.046329e+03, 5518 iterations, 0.18 seconds

    Nodes    |    Current Node    |     Objective Bounds      |     Work
 Expl Unexpl |  Obj  Depth IntInf | Incumbent    BestBd   Gap | It/Node Time

     0     0 -1046.3293    0  275    0.00000 -1046.3293      -     -    0s
H    0     0                    -1011.000000 -1046.3293  3.49%     -    0s
H    0     0                    -1013.000000 -1046.3293  3.29%     -    0s
H    0     0                    -1015.000000 -1046.3293  3.09%     -    0s
     0     0 -1045.3659    0  445 -1015.0000 -1045.3659  2.99%     -    0s
H    0     0                    -1022.000000 -1045.3659  2.29%     -    0s
H    0     0                    -1025.000000 -1045.3659  1.99%     -    0s
     0     0 -1042.6785    0  410 -1025.0000 -1042.6785  1.72%     -    0s
     0     0 -1040.5373    0  425 -1025.0000 -1040.5373  1.52%     -    0s
H    0     0                    -1028.000000 -1040.5373  1.22%     -    1s
     0     0 -1039.4520    0  362 -1028.0000 -1039.4520  1.11%     -    1s
     0     0 -1039.3895    0  339 -1028.0000 -1039.3895  1.11%     -    1s
     0     0 -1039.2296    0  335 -1028.0000 -1039.2296  1.09%     -    1s
     0     0 -1039.2296    0  358 -1028.0000 -1039.2296  1.09%     -    1s
     0     0 -1039.2296    0  374 -1028.0000 -1039.2296  1.09%     -    1s
     0     0 -1039.2296    0  191 -1028.0000 -1039.2296  1.09%     -    1s
     0     2 -1039.2296    0  191 -1028.0000 -1039.2296  1.09%     -    1s
H   25    29                    -1029.000000 -1038.9781  0.97%  66.2    2s

Cutting planes:
  Gomory: 26
  Cover: 149
  Clique: 3
  MIR: 64
  Zero half: 1

Explored 32 nodes (14150 simplex iterations) in 2.29 seconds
Thread count was 16 (of 16 available processors)

Optimal solution found (tolerance 1.00e-02)
Best objective -1.029000000000e+03, best bound -1.038000000000e+03, gap 0.8746%
Changed value of parameter MIPGap to 0.01
   Prev: 0.0001  Min: 0.0  Max: 1e+100  Default: 0.0001
Changed value of parameter TimeLimit to 1800.0
   Prev: 1e+100  Min: 0.0  Max: 1e+100  Default: 1e+100
Changed value of parameter Method to 2
   Prev: -1  Min: -1  Max: 4  Default: -1
Changed value of parameter MIPFocus to 1
   Prev: 0  Min: 0  Max: 3  Default: 0
Optimize a model with 2506 rows, 7721 columns and 15442 nonzeros
Coefficient statistics:
  Matrix range    [1e+00, 4e+01]
  Objective range [1e+00, 1e+00]
  Bounds range    [1e+00, 1e+00]
  RHS range       [8e+01, 8e+01]
Found heuristic solution: objective 0
Presolve removed 63 rows and 216 columns
Presolve time: 0.05s
Presolved: 2443 rows, 7505 columns, 15010 nonzeros
Variable types: 0 continuous, 7505 integer (7505 binary)
Optimize a model with 2443 rows, 7505 columns and 15010 nonzeros
Coefficient statistics:
  Matrix range    [1e+00, 4e+01]
  Objective range [1e+00, 1e+00]
  Bounds range    [1e+00, 1e+00]
  RHS range       [1e+00, 8e+01]
Presolved: 2443 rows, 7505 columns, 15010 nonzeros

Root barrier log...

Ordering time: 0.00s

Barrier statistics:
 AA' NZ     : 7.505e+03
 Factor NZ  : 4.334e+04 (roughly 4 MBytes of memory)
 Factor Ops : 3.651e+06 (less than 1 second per iteration)
 Threads    : 1

                  Objective                Residual
Iter       Primal          Dual         Primal    Dual     Compl     Time
   0  -3.61550641e+03 -5.85508901e+03  1.94e+01 2.48e-01  1.74e+00     0s
   1  -1.34349522e+03 -4.12258847e+03  2.21e+00 6.66e-16  3.07e-01     0s
   2  -1.05611356e+03 -1.53415049e+03  1.75e-01 8.88e-16  3.54e-02     0s
   3  -1.04877587e+03 -1.12566969e+03  3.96e-02 2.22e-15  5.69e-03     0s
   4  -1.04857614e+03 -1.05894024e+03  1.09e-02 2.00e-15  8.51e-04     0s
   5  -1.04856714e+03 -1.05114115e+03  3.99e-03 1.11e-15  2.31e-04     0s
   6  -1.04856625e+03 -1.04902829e+03  4.77e-04 2.00e-15  3.77e-05     0s
   7  -1.04856210e+03 -1.04856511e+03  5.88e-07 1.78e-15  2.08e-07     0s
   8  -1.04856306e+03 -1.04856306e+03  5.70e-12 4.44e-16  2.08e-10     0s

Barrier solved model in 8 iterations and 0.12 seconds
Optimal objective -1.04856306e+03


Root relaxation: objective -1.048563e+03, 5510 iterations, 0.09 seconds

    Nodes    |    Current Node    |     Objective Bounds      |     Work
 Expl Unexpl |  Obj  Depth IntInf | Incumbent    BestBd   Gap | It/Node Time

     0     0 -1048.5631    0  198    0.00000 -1048.5631      -     -    0s
H    0     0                    -1017.993500 -1048.5631  3.00%     -    0s
H    0     0                    -1023.034500 -1048.5631  2.50%     -    0s
     0     0 -1048.3230    0  390 -1023.0345 -1048.3230  2.47%     -    0s
H    0     0                    -1026.064500 -1048.3230  2.17%     -    0s
     0     0 -1046.0626    0  373 -1026.0645 -1046.0626  1.95%     -    0s
     0     0 -1043.1275    0  405 -1026.0645 -1043.1275  1.66%     -    0s
H    0     0                    -1032.127500 -1043.1275  1.07%     -    0s
     0     0 -1041.2393    0  366 -1032.1275 -1041.2393  0.88%     -    0s

Cutting planes:
  Gomory: 26
  Cover: 130
  Clique: 3
  MIR: 71

Explored 0 nodes (10031 simplex iterations) in 0.69 seconds
Thread count was 16 (of 16 available processors)

Optimal solution found (tolerance 1.00e-02)
Best objective -1.032127500000e+03, best bound -1.041239310208e+03, gap 0.8828%
Changed value of parameter MIPGap to 0.01
   Prev: 0.0001  Min: 0.0  Max: 1e+100  Default: 0.0001
Changed value of parameter TimeLimit to 1800.0
   Prev: 1e+100  Min: 0.0  Max: 1e+100  Default: 1e+100
Changed value of parameter Method to 2
   Prev: -1  Min: -1  Max: 4  Default: -1
Changed value of parameter MIPFocus to 1
   Prev: 0  Min: 0  Max: 3  Default: 0
Optimize a model with 2506 rows, 7721 columns and 15442 nonzeros
Coefficient statistics:
  Matrix range    [1e+00, 4e+01]
  Objective range [1e+00, 1e+00]
  Bounds range    [1e+00, 1e+00]
  RHS range       [8e+01, 8e+01]
Found heuristic solution: objective 0
Presolve removed 63 rows and 216 columns
Presolve time: 0.05s
Presolved: 2443 rows, 7505 columns, 15010 nonzeros
Variable types: 0 continuous, 7505 integer (7505 binary)
Optimize a model with 2443 rows, 7505 columns and 15010 nonzeros
Coefficient statistics:
  Matrix range    [1e+00, 4e+01]
  Objective range [1e+00, 1e+00]
  Bounds range    [1e+00, 1e+00]
  RHS range       [1e+00, 8e+01]
Presolved: 2443 rows, 7505 columns, 15010 nonzeros

Root barrier log...

Ordering time: 0.00s

Barrier statistics:
 AA' NZ     : 7.505e+03
 Factor NZ  : 4.334e+04 (roughly 4 MBytes of memory)
 Factor Ops : 3.651e+06 (less than 1 second per iteration)
 Threads    : 1

                  Objective                Residual
Iter       Primal          Dual         Primal    Dual     Compl     Time
   0  -3.62424440e+03 -5.85964003e+03  1.94e+01 2.48e-01  1.75e+00     0s
   1  -1.34814266e+03 -4.12626590e+03  2.23e+00 6.66e-16  3.08e-01     0s
   2  -1.05904920e+03 -1.54438657e+03  1.79e-01 8.88e-16  3.60e-02     0s
   3  -1.05112316e+03 -1.12892263e+03  4.02e-02 3.33e-15  5.76e-03     0s
   4  -1.05083982e+03 -1.06122010e+03  1.11e-02 4.66e-15  8.55e-04     0s
   5  -1.05081187e+03 -1.05338882e+03  4.05e-03 1.33e-15  2.33e-04     0s
   6  -1.05080140e+03 -1.05126410e+03  4.84e-04 2.00e-15  3.79e-05     0s
   7  -1.05079590e+03 -1.05079888e+03  5.83e-07 6.66e-16  2.06e-07     0s
   8  -1.05079685e+03 -1.05079686e+03  2.40e-12 4.44e-16  2.06e-10     0s

Barrier solved model in 8 iterations and 0.12 seconds
Optimal objective -1.05079685e+03


Root relaxation: objective -1.050797e+03, 5510 iterations, 0.10 seconds

    Nodes    |    Current Node    |     Objective Bounds      |     Work
 Expl Unexpl |  Obj  Depth IntInf | Incumbent    BestBd   Gap | It/Node Time

     0     0 -1050.7969    0  219    0.00000 -1050.7969      -     -    0s
H    0     0                    -1019.921000 -1050.7969  3.03%     -    0s
H    0     0                    -1020.941000 -1050.7969  2.92%     -    0s
H    0     0                    -1022.945000 -1050.7969  2.72%     -    0s
     0     0 -1050.5660    0  366 -1022.9450 -1050.5660  2.70%     -    0s
H    0     0                    -1028.057000 -1050.5660  2.19%     -    0s
     0     0 -1046.7957    0  373 -1028.0570 -1046.7957  1.82%     -    0s
     0     0 -1043.4323    0  364 -1028.0570 -1043.4323  1.50%     -    0s
H    0     0                    -1032.204000 -1043.4323  1.09%     -    0s
     0     0 -1042.9160    0  351 -1032.2040 -1042.9160  1.04%     -    0s
     0     0 -1042.4017    0  362 -1032.2040 -1042.4017  0.99%     -    0s

Cutting planes:
  Gomory: 31
  Cover: 183
  Clique: 4
  MIR: 98

Explored 0 nodes (9615 simplex iterations) in 0.89 seconds
Thread count was 16 (of 16 available processors)

Optimal solution found (tolerance 1.00e-02)
Best objective -1.032204000000e+03, best bound -1.042401704872e+03, gap 0.9880%
Changed value of parameter MIPGap to 0.01
   Prev: 0.0001  Min: 0.0  Max: 1e+100  Default: 0.0001
Changed value of parameter TimeLimit to 1800.0
   Prev: 1e+100  Min: 0.0  Max: 1e+100  Default: 1e+100
Changed value of parameter Method to 2
   Prev: -1  Min: -1  Max: 4  Default: -1
Changed value of parameter MIPFocus to 1
   Prev: 0  Min: 0  Max: 3  Default: 0
Optimize a model with 2506 rows, 7721 columns and 15442 nonzeros
Coefficient statistics:
  Matrix range    [1e+00, 4e+01]
  Objective range [1e+00, 1e+00]
  Bounds range    [1e+00, 1e+00]
  RHS range       [8e+01, 8e+01]
Found heuristic solution: objective 0
Presolve removed 63 rows and 216 columns
Presolve time: 0.05s
Presolved: 2443 rows, 7505 columns, 15010 nonzeros
Variable types: 0 continuous, 7505 integer (7505 binary)
Optimize a model with 2443 rows, 7505 columns and 15010 nonzeros
Coefficient statistics:
  Matrix range    [1e+00, 4e+01]
  Objective range [1e+00, 1e+00]
  Bounds range    [1e+00, 1e+00]
  RHS range       [1e+00, 8e+01]
Presolved: 2443 rows, 7505 columns, 15010 nonzeros

Root barrier log...

Ordering time: 0.00s

Barrier statistics:
 AA' NZ     : 7.505e+03
 Factor NZ  : 4.334e+04 (roughly 4 MBytes of memory)
 Factor Ops : 3.651e+06 (less than 1 second per iteration)
 Threads    : 1

                  Objective                Residual
Iter       Primal          Dual         Primal    Dual     Compl     Time
   0  -3.64172015e+03 -5.86874207e+03  1.94e+01 2.48e-01  1.75e+00     0s
   1  -1.35743464e+03 -4.13362502e+03  2.25e+00 6.66e-16  3.09e-01     0s
   2  -1.06490250e+03 -1.56468636e+03  1.87e-01 8.88e-16  3.72e-02     0s
   3  -1.05492293e+03 -1.13857877e+03  3.54e-02 5.77e-15  6.07e-03     0s
   4  -1.05510666e+03 -1.06657344e+03  9.97e-03 1.55e-15  9.09e-04     0s
   5  -1.05520866e+03 -1.05766830e+03  3.43e-03 1.55e-15  2.15e-04     0s
   6  -1.05526028e+03 -1.05570973e+03  4.13e-04 2.00e-15  3.59e-05     0s
   7  -1.05526357e+03 -1.05526604e+03  4.51e-07 2.00e-15  1.70e-07     0s
   8  -1.05526444e+03 -1.05526444e+03  4.03e-12 4.44e-16  1.71e-10     0s

Barrier solved model in 8 iterations and 0.12 seconds
Optimal objective -1.05526444e+03


Root relaxation: objective -1.055264e+03, 5503 iterations, 0.09 seconds

    Nodes    |    Current Node    |     Objective Bounds      |     Work
 Expl Unexpl |  Obj  Depth IntInf | Incumbent    BestBd   Gap | It/Node Time

     0     0 -1055.2644    0  250    0.00000 -1055.2644      -     -    0s
H    0     0                    -1019.706000 -1055.2644  3.49%     -    0s
H    0     0                    -1023.794000 -1055.2644  3.07%     -    0s
H    0     0                    -1024.870000 -1055.2644  2.97%     -    0s
H    0     0                    -1026.890000 -1055.2644  2.76%     -    0s
H    0     0                    -1027.906000 -1055.2644  2.66%     -    0s
     0     0 -1054.7191    0  406 -1027.9060 -1054.7191  2.61%     -    0s
H    0     0                    -1035.210000 -1054.7191  1.88%     -    0s
     0     0 -1050.3576    0  380 -1035.2100 -1050.3576  1.46%     -    0s
     0     0 -1047.6184    0  383 -1035.2100 -1047.6184  1.20%     -    0s
H    0     0                    -1035.258000 -1047.6184  1.19%     -    0s
     0     0 -1046.9264    0  375 -1035.2580 -1046.9264  1.13%     -    0s
     0     0 -1046.5004    0  326 -1035.2580 -1046.5004  1.09%     -    0s
H    0     0                    -1036.430000 -1046.5004  0.97%     -    0s

Cutting planes:
  Gomory: 25
  Cover: 144
  Clique: 7
  MIR: 56

Explored 0 nodes (9374 simplex iterations) in 1.00 seconds
Thread count was 16 (of 16 available processors)

Optimal solution found (tolerance 1.00e-02)
Best objective -1.036430000000e+03, best bound -1.046500415172e+03, gap 0.9716%
Changed value of parameter MIPGap to 0.01
   Prev: 0.0001  Min: 0.0  Max: 1e+100  Default: 0.0001
Changed value of parameter TimeLimit to 1800.0
   Prev: 1e+100  Min: 0.0  Max: 1e+100  Default: 1e+100
Changed value of parameter Method to 2
   Prev: -1  Min: -1  Max: 4  Default: -1
Changed value of parameter MIPFocus to 1
   Prev: 0  Min: 0  Max: 3  Default: 0
Optimize a model with 2506 rows, 7721 columns and 15442 nonzeros
Coefficient statistics:
  Matrix range    [1e+00, 4e+01]
  Objective range [1e+00, 1e+00]
  Bounds range    [1e+00, 1e+00]
  RHS range       [8e+01, 8e+01]
Found heuristic solution: objective 0
Presolve removed 63 rows and 216 columns
Presolve time: 0.05s
Presolved: 2443 rows, 7505 columns, 15010 nonzeros
Variable types: 0 continuous, 7505 integer (7505 binary)
Optimize a model with 2443 rows, 7505 columns and 15010 nonzeros
Coefficient statistics:
  Matrix range    [1e+00, 4e+01]
  Objective range [1e+00, 1e+00]
  Bounds range    [1e+00, 1e+00]
  RHS range       [1e+00, 8e+01]
Presolved: 2443 rows, 7505 columns, 15010 nonzeros

Root barrier log...

Ordering time: 0.00s

Barrier statistics:
 AA' NZ     : 7.505e+03
 Factor NZ  : 4.334e+04 (roughly 4 MBytes of memory)
 Factor Ops : 3.651e+06 (less than 1 second per iteration)
 Threads    : 1

                  Objective                Residual
Iter       Primal          Dual         Primal    Dual     Compl     Time
   0  -3.67667069e+03 -5.88694615e+03  1.94e+01 2.49e-01  1.75e+00     0s
   1  -1.37625157e+03 -4.14836854e+03  2.30e+00 6.66e-16  3.12e-01     0s
   2  -1.07679819e+03 -1.68937655e+03  2.03e-01 8.88e-16  4.53e-02     0s
   3  -1.06488344e+03 -1.13648770e+03  4.10e-02 4.88e-15  5.37e-03     0s
   4  -1.06438546e+03 -1.07322339e+03  1.25e-02 2.66e-15  7.78e-04     0s
   5  -1.06426699e+03 -1.06639924e+03  4.37e-03 6.66e-16  2.10e-04     0s
   6  -1.06421111e+03 -1.06455080e+03  5.10e-04 6.66e-16  3.04e-05     0s
   7  -1.06419874e+03 -1.06420128e+03  5.50e-07 8.88e-16  1.77e-07     0s
   8  -1.06419961e+03 -1.06419961e+03  4.50e-12 4.44e-16  1.77e-10     0s

Barrier solved model in 8 iterations and 0.12 seconds
Optimal objective -1.06419961e+03


Root relaxation: objective -1.064200e+03, 5507 iterations, 0.09 seconds

    Nodes    |    Current Node    |     Objective Bounds      |     Work
 Expl Unexpl |  Obj  Depth IntInf | Incumbent    BestBd   Gap | It/Node Time

     0     0 -1064.1996    0  237    0.00000 -1064.1996      -     -    0s
H    0     0                    -1030.676000 -1064.1996  3.25%     -    0s
H    0     0                    -1032.908000 -1064.1996  3.03%     -    0s
     0     0 -1062.6323    0  408 -1032.9080 -1062.6323  2.88%     -    0s
H    0     0                    -1043.444000 -1062.6323  1.84%     -    0s
     0     0 -1059.4993    0  362 -1043.4440 -1059.4993  1.54%     -    0s
     0     0 -1057.9718    0  372 -1043.4440 -1057.9718  1.39%     -    0s
H    0     0                    -1045.748000 -1057.9718  1.17%     -    0s
     0     0 -1056.5294    0  366 -1045.7480 -1056.5294  1.03%     -    0s
     0     0 -1056.0645    0  353 -1045.7480 -1056.0645  0.99%     -    0s

Cutting planes:
  Gomory: 25
  Cover: 176
  MIR: 108

Explored 0 nodes (9479 simplex iterations) in 0.94 seconds
Thread count was 16 (of 16 available processors)

Optimal solution found (tolerance 1.00e-02)
Best objective -1.045748000000e+03, best bound -1.056064482204e+03, gap 0.9865%
Changed value of parameter MIPGap to 0.01
   Prev: 0.0001  Min: 0.0  Max: 1e+100  Default: 0.0001
Changed value of parameter TimeLimit to 1800.0
   Prev: 1e+100  Min: 0.0  Max: 1e+100  Default: 1e+100
Changed value of parameter Method to 2
   Prev: -1  Min: -1  Max: 4  Default: -1
Changed value of parameter MIPFocus to 1
   Prev: 0  Min: 0  Max: 3  Default: 0
Optimize a model with 2506 rows, 7721 columns and 15442 nonzeros
Coefficient statistics:
  Matrix range    [1e+00, 4e+01]
  Objective range [1e+00, 1e+00]
  Bounds range    [1e+00, 1e+00]
  RHS range       [8e+01, 8e+01]
Found heuristic solution: objective 0
Presolve removed 63 rows and 216 columns
Presolve time: 0.05s
Presolved: 2443 rows, 7505 columns, 15010 nonzeros
Variable types: 0 continuous, 7505 integer (7505 binary)
Optimize a model with 2443 rows, 7505 columns and 15010 nonzeros
Coefficient statistics:
  Matrix range    [1e+00, 4e+01]
  Objective range [1e+00, 1e+00]
  Bounds range    [1e+00, 1e+00]
  RHS range       [1e+00, 8e+01]
Presolved: 2443 rows, 7505 columns, 15010 nonzeros

Root barrier log...

Ordering time: 0.00s

Barrier statistics:
 AA' NZ     : 7.505e+03
 Factor NZ  : 4.334e+04 (roughly 4 MBytes of memory)
 Factor Ops : 3.651e+06 (less than 1 second per iteration)
 Threads    : 1

                  Objective                Residual
Iter       Primal          Dual         Primal    Dual     Compl     Time
   0  -3.69414549e+03 -5.89604819e+03  1.94e+01 2.49e-01  1.75e+00     0s
   1  -1.38572664e+03 -4.15575124e+03  2.32e+00 6.66e-16  3.14e-01     0s
   2  -1.08288394e+03 -1.70663468e+03  2.12e-01 6.66e-16  4.63e-02     0s
   3  -1.06959094e+03 -1.14328912e+03  4.24e-02 1.55e-15  5.54e-03     0s
   4  -1.06891944e+03 -1.07777716e+03  1.28e-02 3.33e-15  7.86e-04     0s
   5  -1.06875762e+03 -1.07091437e+03  4.47e-03 1.55e-15  2.13e-04     0s
   6  -1.06868140e+03 -1.06902718e+03  5.23e-04 2.44e-15  3.10e-05     0s
   7  -1.06866634e+03 -1.06866883e+03  5.20e-07 1.33e-15  1.73e-07     0s
   8  -1.06866719e+03 -1.06866720e+03  5.76e-12 4.44e-16  1.73e-10     0s

Barrier solved model in 8 iterations and 0.12 seconds
Optimal objective -1.06866719e+03


Root relaxation: objective -1.068667e+03, 5508 iterations, 0.09 seconds

    Nodes    |    Current Node    |     Objective Bounds      |     Work
 Expl Unexpl |  Obj  Depth IntInf | Incumbent    BestBd   Gap | It/Node Time

     0     0 -1068.6672    0  212    0.00000 -1068.6672      -     -    0s
H    0     0                    -1035.730000 -1068.6672  3.18%     -    0s
H    0     0                    -1039.050000 -1068.6672  2.85%     -    0s
H    0     0                    -1040.150000 -1068.6672  2.74%     -    0s
H    0     0                    -1041.170000 -1068.6672  2.64%     -    0s
     0     0 -1068.3847    0  384 -1041.1700 -1068.3847  2.61%     -    0s
H    0     0                    -1045.480000 -1068.3847  2.19%     -    0s
     0     0 -1064.7729    0  375 -1045.4800 -1064.7729  1.85%     -    0s
     0     0 -1061.5800    0  380 -1045.4800 -1061.5800  1.54%     -    0s
H    0     0                    -1051.220000 -1061.5800  0.99%     -    0s

Cutting planes:
  Gomory: 22
  Cover: 115
  Clique: 3
  MIR: 50

Explored 0 nodes (8712 simplex iterations) in 0.70 seconds
Thread count was 16 (of 16 available processors)

Optimal solution found (tolerance 1.00e-02)
Best objective -1.051220000000e+03, best bound -1.061580000000e+03, gap 0.9855%
Changed value of parameter MIPGap to 0.01
   Prev: 0.0001  Min: 0.0  Max: 1e+100  Default: 0.0001
Changed value of parameter TimeLimit to 1800.0
   Prev: 1e+100  Min: 0.0  Max: 1e+100  Default: 1e+100
Changed value of parameter Method to 2
   Prev: -1  Min: -1  Max: 4  Default: -1
Changed value of parameter MIPFocus to 1
   Prev: 0  Min: 0  Max: 3  Default: 0
Optimize a model with 2506 rows, 7721 columns and 15442 nonzeros
Coefficient statistics:
  Matrix range    [1e+00, 4e+01]
  Objective range [1e+00, 1e+00]
  Bounds range    [1e+00, 1e+00]
  RHS range       [8e+01, 8e+01]
Found heuristic solution: objective 0
Presolve removed 63 rows and 216 columns
Presolve time: 0.05s
Presolved: 2443 rows, 7505 columns, 15010 nonzeros
Variable types: 0 continuous, 7505 integer (7505 binary)
Optimize a model with 2443 rows, 7505 columns and 15010 nonzeros
Coefficient statistics:
  Matrix range    [1e+00, 4e+01]
  Objective range [1e+00, 1e+00]
  Bounds range    [1e+00, 1e+00]
  RHS range       [1e+00, 8e+01]
Presolved: 2443 rows, 7505 columns, 15010 nonzeros

Root barrier log...

Ordering time: 0.00s

Barrier statistics:
 AA' NZ     : 7.505e+03
 Factor NZ  : 4.334e+04 (roughly 4 MBytes of memory)
 Factor Ops : 3.651e+06 (less than 1 second per iteration)
 Threads    : 1

                  Objective                Residual
Iter       Primal          Dual         Primal    Dual     Compl     Time
   0  -3.78151474e+03 -5.94155838e+03  1.94e+01 2.51e-01  1.76e+00     0s
   1  -1.43459154e+03 -4.19239663e+03  2.44e+00 6.66e-16  3.21e-01     0s
   2  -1.11275376e+03 -1.79237154e+03  2.53e-01 8.88e-16  5.13e-02     0s
   3  -1.09292118e+03 -1.17664447e+03  4.75e-02 1.78e-15  6.30e-03     0s
   4  -1.09151816e+03 -1.10035817e+03  1.39e-02 2.66e-15  8.08e-04     0s
   5  -1.09118349e+03 -1.09347011e+03  4.77e-03 1.55e-15  2.28e-04     0s
   6  -1.09102934e+03 -1.09139028e+03  5.54e-04 2.66e-15  3.27e-05     0s
   7  -1.09100427e+03 -1.09100655e+03  4.01e-07 2.00e-15  1.57e-07     0s
   8  -1.09100512e+03 -1.09100512e+03  6.18e-12 4.44e-16  1.57e-10     0s

Barrier solved model in 8 iterations and 0.12 seconds
Optimal objective -1.09100512e+03


Root relaxation: objective -1.091005e+03, 5490 iterations, 0.09 seconds

    Nodes    |    Current Node    |     Objective Bounds      |     Work
 Expl Unexpl |  Obj  Depth IntInf | Incumbent    BestBd   Gap | It/Node Time

     0     0 -1091.0051    0  251    0.00000 -1091.0051      -     -    0s
H    0     0                    -1044.780000 -1091.0051  4.42%     -    0s
H    0     0                    -1051.310000 -1091.0051  3.78%     -    0s
H    0     0                    -1053.650000 -1091.0051  3.55%     -    0s
     0     0 -1090.4532    0  427 -1053.6500 -1090.4532  3.49%     -    0s
H    0     0                    -1063.250000 -1090.4532  2.56%     -    0s
     0     0 -1086.9880    0  410 -1063.2500 -1086.9880  2.23%     -    0s
     0     0 -1084.0680    0  373 -1063.2500 -1084.0680  1.96%     -    0s
H    0     0                    -1067.810000 -1084.0680  1.52%     -    0s
     0     0 -1081.6515    0  344 -1067.8100 -1081.6515  1.30%     -    0s
     0     0 -1081.1372    0  380 -1067.8100 -1081.1372  1.25%     -    0s
H    0     0                    -1070.270000 -1081.1372  1.02%     -    0s
     0     0 -1081.0391    0  322 -1070.2700 -1081.0391  1.01%     -    0s
     0     0 -1081.0391    0  330 -1070.2700 -1081.0391  1.01%     -    1s
H    0     0                    -1074.830000 -1081.0391  0.58%     -    1s

Cutting planes:
  Gomory: 27
  Cover: 172
  Clique: 3
  MIR: 77

Explored 0 nodes (10005 simplex iterations) in 1.07 seconds
Thread count was 16 (of 16 available processors)

Optimal solution found (tolerance 1.00e-02)
Best objective -1.074830000000e+03, best bound -1.081030000000e+03, gap 0.5768%
Changed value of parameter MIPGap to 0.01
   Prev: 0.0001  Min: 0.0  Max: 1e+100  Default: 0.0001
Changed value of parameter TimeLimit to 1800.0
   Prev: 1e+100  Min: 0.0  Max: 1e+100  Default: 1e+100
Changed value of parameter Method to 2
   Prev: -1  Min: -1  Max: 4  Default: -1
Changed value of parameter MIPFocus to 1
   Prev: 0  Min: 0  Max: 3  Default: 0
Optimize a model with 2506 rows, 7721 columns and 15442 nonzeros
Coefficient statistics:
  Matrix range    [1e+00, 4e+01]
  Objective range [1e+00, 1e+00]
  Bounds range    [1e+00, 1e+00]
  RHS range       [8e+01, 8e+01]
Found heuristic solution: objective 0
Presolve removed 63 rows and 216 columns
Presolve time: 0.05s
Presolved: 2443 rows, 7505 columns, 15010 nonzeros
Variable types: 0 continuous, 7505 integer (7505 binary)
Optimize a model with 2443 rows, 7505 columns and 15010 nonzeros
Coefficient statistics:
  Matrix range    [1e+00, 4e+01]
  Objective range [1e+00, 1e+00]
  Bounds range    [1e+00, 1e+00]
  RHS range       [1e+00, 8e+01]
Presolved: 2443 rows, 7505 columns, 15010 nonzeros

Root barrier log...

Ordering time: 0.00s

Barrier statistics:
 AA' NZ     : 7.505e+03
 Factor NZ  : 4.334e+04 (roughly 4 MBytes of memory)
 Factor Ops : 3.651e+06 (less than 1 second per iteration)
 Threads    : 1

                  Objective                Residual
Iter       Primal          Dual         Primal    Dual     Compl     Time
   0  -3.95677493e+03 -6.64962906e+03  1.94e+01 2.64e-01  2.00e+00     0s
   1  -1.50354065e+03 -4.64893186e+03  2.60e+00 6.66e-16  3.73e-01     0s
   2  -1.15494988e+03 -1.94519480e+03  2.68e-01 6.66e-16  5.96e-02     0s
   3  -1.13580005e+03 -1.24130039e+03  4.32e-02 2.00e-15  7.69e-03     0s
   4  -1.13563018e+03 -1.14567865e+03  1.18e-02 1.78e-15  8.60e-04     0s
   5  -1.13566958e+03 -1.13839188e+03  4.01e-03 1.78e-15  2.46e-04     0s
   6  -1.13568547e+03 -1.13635676e+03  4.22e-04 8.88e-16  5.10e-05     0s
   7  -1.13568386e+03 -1.13588710e+03  7.32e-05 1.11e-15  1.45e-05     0s
   8  -1.13568643e+03 -1.13573614e+03  4.10e-06 6.66e-16  3.31e-06     0s
   9  -1.13568697e+03 -1.13569339e+03  6.41e-07 4.44e-16  4.30e-07     0s
  10  -1.13568719e+03 -1.13568738e+03  1.23e-07 4.44e-16  1.44e-08     0s
  11  -1.13568723e+03 -1.13568723e+03  1.05e-12 4.44e-16  2.10e-12     0s

Barrier solved model in 11 iterations and 0.13 seconds
Optimal objective -1.13568723e+03


Root relaxation: objective -1.135687e+03, 4961 iterations, 0.11 seconds

    Nodes    |    Current Node    |     Objective Bounds      |     Work
 Expl Unexpl |  Obj  Depth IntInf | Incumbent    BestBd   Gap | It/Node Time

     0     0 -1135.6872    0  208    0.00000 -1135.6872      -     -    0s
H    0     0                    -1100.080000 -1135.6872  3.24%     -    0s
H    0     0                    -1101.100000 -1135.6872  3.14%     -    0s
     0     0 -1135.6530    0  393 -1101.1000 -1135.6530  3.14%     -    0s
H    0     0                    -1106.860000 -1135.6530  2.60%     -    0s
H    0     0                    -1110.700000 -1135.6530  2.25%     -    0s
     0     0 -1132.4541    0  349 -1110.7000 -1132.4541  1.96%     -    0s
     0     0 -1129.9870    0  399 -1110.7000 -1129.9870  1.74%     -    0s
H    0     0                    -1112.780000 -1129.9870  1.55%     -    0s
     0     0 -1126.4228    0  353 -1112.7800 -1126.4228  1.23%     -    0s
     0     0 -1126.0941    0  326 -1112.7800 -1126.0941  1.20%     -    0s
H    0     0                    -1113.020000 -1126.0941  1.17%     -    0s
     0     0 -1125.6845    0  305 -1113.0200 -1125.6845  1.14%     -    0s
     0     0 -1125.5757    0  276 -1113.0200 -1125.5757  1.13%     -    0s
H    0     0                    -1114.200000 -1125.5757  1.02%     -    0s
     0     0 -1125.5757    0  262 -1114.2000 -1125.5757  1.02%     -    1s
     0     0 -1125.5757    0  161 -1114.2000 -1125.5757  1.02%     -    1s
     0     2 -1125.5757    0  128 -1114.2000 -1125.5757  1.02%     -    1s
H    2     4                    -1114.560000 -1125.5663  0.99%   384    1s

Cutting planes:
  Gomory: 23
  Cover: 142
  Clique: 8
  MIR: 49

Explored 3 nodes (12262 simplex iterations) in 1.71 seconds
Thread count was 16 (of 16 available processors)

Optimal solution found (tolerance 1.00e-02)
Best objective -1.114560000000e+03, best bound -1.125560000000e+03, gap 0.9869%
Changed value of parameter MIPGap to 0.01
   Prev: 0.0001  Min: 0.0  Max: 1e+100  Default: 0.0001
Changed value of parameter TimeLimit to 1800.0
   Prev: 1e+100  Min: 0.0  Max: 1e+100  Default: 1e+100
Changed value of parameter Method to 2
   Prev: -1  Min: -1  Max: 4  Default: -1
Changed value of parameter MIPFocus to 1
   Prev: 0  Min: 0  Max: 3  Default: 0
Optimize a model with 2506 rows, 7721 columns and 15442 nonzeros
Coefficient statistics:
  Matrix range    [1e+00, 4e+01]
  Objective range [1e+00, 2e+00]
  Bounds range    [1e+00, 1e+00]
  RHS range       [8e+01, 8e+01]
Found heuristic solution: objective 0
Presolve removed 63 rows and 216 columns
Presolve time: 0.05s
Presolved: 2443 rows, 7505 columns, 15010 nonzeros
Variable types: 0 continuous, 7505 integer (7505 binary)
Optimize a model with 2443 rows, 7505 columns and 15010 nonzeros
Coefficient statistics:
  Matrix range    [1e+00, 4e+01]
  Objective range [1e+00, 2e+00]
  Bounds range    [1e+00, 1e+00]
  RHS range       [1e+00, 8e+01]
Presolved: 2443 rows, 7505 columns, 15010 nonzeros

Root barrier log...

Ordering time: 0.00s

Barrier statistics:
 AA' NZ     : 7.505e+03
 Factor NZ  : 4.334e+04 (roughly 4 MBytes of memory)
 Factor Ops : 3.651e+06 (less than 1 second per iteration)
 Threads    : 1

                  Objective                Residual
Iter       Primal          Dual         Primal    Dual     Compl     Time
   0  -4.30752160e+03 -8.48110643e+03  1.94e+01 2.98e-01  2.62e+00     0s
   1  -1.65227035e+03 -5.81670708e+03  2.95e+00 9.99e-16  5.13e-01     0s
   2  -1.23436958e+03 -2.17571403e+03  2.87e-01 6.66e-16  7.13e-02     0s
   3  -1.22277314e+03 -1.35747602e+03  4.65e-02 2.22e-15  9.74e-03     0s
   4  -1.22487214e+03 -1.26367254e+03  1.21e-02 1.11e-15  2.76e-03     0s
   5  -1.22565120e+03 -1.23620992e+03  4.42e-03 1.55e-15  7.71e-04     0s
   6  -1.22601208e+03 -1.22743311e+03  1.23e-03 8.88e-16  1.16e-04     0s
   7  -1.22611670e+03 -1.22615014e+03  3.44e-05 6.66e-16  2.83e-06     0s
   8  -1.22613980e+03 -1.22614011e+03  3.02e-11 4.52e-16  2.05e-08     0s
   9  -1.22613989e+03 -1.22613989e+03  1.16e-11 6.66e-16  2.05e-11     0s

Barrier solved model in 9 iterations and 0.12 seconds
Optimal objective -1.22613989e+03


Root relaxation: objective -1.226140e+03, 5061 iterations, 0.10 seconds

    Nodes    |    Current Node    |     Objective Bounds      |     Work
 Expl Unexpl |  Obj  Depth IntInf | Incumbent    BestBd   Gap | It/Node Time

     0     0 -1226.1399    0  229    0.00000 -1226.1399      -     -    0s
H    0     0                    -1172.640000 -1226.1399  4.56%     -    0s
H    0     0                    -1180.560000 -1226.1399  3.86%     -    0s
H    0     0                    -1182.240000 -1226.1399  3.71%     -    0s
H    0     0                    -1182.840000 -1226.1399  3.66%     -    0s
H    0     0                    -1185.240000 -1226.1399  3.45%     -    0s
     0     0 -1225.7811    0  371 -1185.2400 -1225.7811  3.42%     -    0s
H    0     0                    -1193.760000 -1225.7811  2.68%     -    0s
     0     0 -1221.6348    0  350 -1193.7600 -1221.6348  2.34%     -    0s
     0     0 -1218.6189    0  377 -1193.7600 -1218.6189  2.08%     -    0s
H    0     0                    -1198.080000 -1218.6189  1.71%     -    0s
     0     0 -1216.3528    0  387 -1198.0800 -1216.3528  1.53%     -    0s
     0     0 -1215.6282    0  313 -1198.0800 -1215.6282  1.46%     -    0s
H    0     0                    -1201.920000 -1215.6282  1.14%     -    0s
     0     0 -1214.5746    0  344 -1201.9200 -1214.5746  1.05%     -    0s
     0     0 -1214.4868    0  335 -1201.9200 -1214.4868  1.05%     -    0s
     0     0 -1214.3980    0  326 -1201.9200 -1214.3980  1.04%     -    1s
     0     0 -1214.0857    0  177 -1201.9200 -1214.0857  1.01%     -    1s
H    0     0                    -1204.040000 -1214.0857  0.83%     -    1s

Cutting planes:
  Gomory: 23
  Cover: 148
  Clique: 4
  MIR: 65

Explored 0 nodes (11770 simplex iterations) in 1.54 seconds
Thread count was 16 (of 16 available processors)

Optimal solution found (tolerance 1.00e-02)
Best objective -1.204040000000e+03, best bound -1.214080000000e+03, gap 0.8339%
Changed value of parameter MIPGap to 0.01
   Prev: 0.0001  Min: 0.0  Max: 1e+100  Default: 0.0001
Changed value of parameter TimeLimit to 1800.0
   Prev: 1e+100  Min: 0.0  Max: 1e+100  Default: 1e+100
Changed value of parameter Method to 2
   Prev: -1  Min: -1  Max: 4  Default: -1
Changed value of parameter MIPFocus to 1
   Prev: 0  Min: 0  Max: 3  Default: 0
Optimize a model with 2506 rows, 7721 columns and 15442 nonzeros
Coefficient statistics:
  Matrix range    [1e+00, 4e+01]
  Objective range [1e+00, 2e+00]
  Bounds range    [1e+00, 1e+00]
  RHS range       [8e+01, 8e+01]
Found heuristic solution: objective 0
Presolve removed 63 rows and 216 columns
Presolve time: 0.05s
Presolved: 2443 rows, 7505 columns, 15010 nonzeros
Variable types: 0 continuous, 7505 integer (7505 binary)
Optimize a model with 2443 rows, 7505 columns and 15010 nonzeros
Coefficient statistics:
  Matrix range    [1e+00, 4e+01]
  Objective range [1e+00, 2e+00]
  Bounds range    [1e+00, 1e+00]
  RHS range       [1e+00, 8e+01]
Presolved: 2443 rows, 7505 columns, 15010 nonzeros

Root barrier log...

Ordering time: 0.00s

Barrier statistics:
 AA' NZ     : 7.505e+03
 Factor NZ  : 4.334e+04 (roughly 4 MBytes of memory)
 Factor Ops : 3.651e+06 (less than 1 second per iteration)
 Threads    : 1

                  Objective                Residual
Iter       Primal          Dual         Primal    Dual     Compl     Time
   0  -4.48285122e+03 -9.39684512e+03  1.94e+01 3.16e-01  2.93e+00     0s
   1  -1.72033122e+03 -6.40510301e+03  3.04e+00 8.88e-16  5.81e-01     0s
   2  -1.27312363e+03 -2.35172392e+03  2.85e-01 6.66e-16  8.11e-02     0s
   3  -1.26521459e+03 -1.42979598e+03  3.58e-02 8.88e-16  1.15e-02     0s
   4  -1.26970547e+03 -1.30752484e+03  6.31e-03 8.88e-16  2.59e-03     0s
   5  -1.27073350e+03 -1.27972600e+03  2.38e-03 1.78e-15  6.33e-04     0s
   6  -1.27111740e+03 -1.27258587e+03  9.82e-04 8.88e-16  1.15e-04     0s
   7  -1.27134587e+03 -1.27139126e+03  6.43e-05 8.88e-16  4.23e-06     0s
   8  -1.27136608e+03 -1.27136632e+03  3.03e-12 8.88e-16  1.54e-08     0s
   9  -1.27136621e+03 -1.27136621e+03  5.49e-13 8.88e-16  1.54e-11     0s

Barrier solved model in 9 iterations and 0.12 seconds
Optimal objective -1.27136621e+03


Root relaxation: objective -1.271366e+03, 5117 iterations, 0.10 seconds

    Nodes    |    Current Node    |     Objective Bounds      |     Work
 Expl Unexpl |  Obj  Depth IntInf | Incumbent    BestBd   Gap | It/Node Time

     0     0 -1271.3662    0  250    0.00000 -1271.3662      -     -    0s
H    0     0                    -1219.150000 -1271.3662  4.28%     -    0s
H    0     0                    -1223.050000 -1271.3662  3.95%     -    0s
H    0     0                    -1223.350000 -1271.3662  3.92%     -    0s
     0     0 -1270.3229    0  427 -1223.3500 -1270.3229  3.84%     -    0s
H    0     0                    -1234.750000 -1270.3229  2.88%     -    0s
     0     0 -1266.5524    0  395 -1234.7500 -1266.5524  2.58%     -    0s
     0     0 -1261.8498    0  367 -1234.7500 -1261.8498  2.19%     -    0s
H    0     0                    -1239.650000 -1261.8498  1.79%     -    0s
     0     0 -1259.3803    0  341 -1239.6500 -1259.3803  1.59%     -    0s
     0     0 -1258.9900    0  375 -1239.6500 -1258.9900  1.56%     -    0s
H    0     0                    -1243.650000 -1258.9900  1.23%     -    0s
     0     0 -1258.7172    0  355 -1243.6500 -1258.7172  1.21%     -    0s
     0     0 -1258.7172    0  362 -1243.6500 -1258.7172  1.21%     -    1s
     0     0 -1258.7172    0  336 -1243.6500 -1258.7172  1.21%     -    1s
     0     0 -1258.7172    0  199 -1243.6500 -1258.7172  1.21%     -    1s
H    0     0                    -1245.150000 -1258.7172  1.09%     -    1s
     0     2 -1258.7172    0  189 -1245.1500 -1258.7172  1.09%     -    1s
H   35    39                    -1246.100000 -1258.4146  0.99%  40.9    2s

Cutting planes:
  Gomory: 26
  Cover: 161
  Clique: 5
  MIR: 49

Explored 43 nodes (12947 simplex iterations) in 2.40 seconds
Thread count was 16 (of 16 available processors)

Optimal solution found (tolerance 1.00e-02)
Best objective -1.246100000000e+03, best bound -1.258400000000e+03, gap 0.9871%
Changed value of parameter MIPGap to 0.01
   Prev: 0.0001  Min: 0.0  Max: 1e+100  Default: 0.0001
Changed value of parameter TimeLimit to 1800.0
   Prev: 1e+100  Min: 0.0  Max: 1e+100  Default: 1e+100
Changed value of parameter Method to 2
   Prev: -1  Min: -1  Max: 4  Default: -1
Changed value of parameter MIPFocus to 1
   Prev: 0  Min: 0  Max: 3  Default: 0
Optimize a model with 2506 rows, 7721 columns and 15442 nonzeros
Coefficient statistics:
  Matrix range    [1e+00, 4e+01]
  Objective range [1e+00, 3e+00]
  Bounds range    [1e+00, 1e+00]
  RHS range       [8e+01, 8e+01]
Found heuristic solution: objective 0
Presolve removed 63 rows and 216 columns
Presolve time: 0.05s
Presolved: 2443 rows, 7505 columns, 15010 nonzeros
Variable types: 0 continuous, 7505 integer (7505 binary)
Optimize a model with 2443 rows, 7505 columns and 15010 nonzeros
Coefficient statistics:
  Matrix range    [1e+00, 4e+01]
  Objective range [1e+00, 3e+00]
  Bounds range    [1e+00, 1e+00]
  RHS range       [1e+00, 8e+01]
Presolved: 2443 rows, 7505 columns, 15010 nonzeros

Root barrier log...

Ordering time: 0.00s

Barrier statistics:
 AA' NZ     : 7.505e+03
 Factor NZ  : 4.334e+04 (roughly 4 MBytes of memory)
 Factor Ops : 3.651e+06 (less than 1 second per iteration)
 Threads    : 1

                  Objective                Residual
Iter       Primal          Dual         Primal    Dual     Compl     Time
   0  -5.35930417e+03 -1.39755386e+04  1.95e+01 4.03e-01  4.49e+00     0s
   1  -2.06942905e+03 -9.35354295e+03  3.35e+00 1.33e-15  9.24e-01     0s
   2  -1.47835926e+03 -3.23898837e+03  2.94e-01 1.11e-15  1.31e-01     0s
   3  -1.47582197e+03 -1.71722836e+03  1.25e-02 4.00e-15  1.61e-02     0s
   4  -1.49283905e+03 -1.52806994e+03  2.53e-03 2.22e-15  2.36e-03     0s
   5  -1.49577536e+03 -1.50647444e+03  1.08e-03 2.22e-15  7.23e-04     0s
   6  -1.49706791e+03 -1.50000145e+03  4.55e-04 1.78e-15  2.02e-04     0s
   7  -1.49786147e+03 -1.49811891e+03  5.85e-05 8.88e-16  1.82e-05     0s
   8  -1.49798565e+03 -1.49798874e+03  4.68e-13 1.33e-15  2.01e-07     0s
   9  -1.49798594e+03 -1.49798594e+03  1.46e-13 9.24e-16  2.01e-10     0s

Barrier solved model in 9 iterations and 0.12 seconds
Optimal objective -1.49798594e+03


Root relaxation: objective -1.497986e+03, 5423 iterations, 0.10 seconds

    Nodes    |    Current Node    |     Objective Bounds      |     Work
 Expl Unexpl |  Obj  Depth IntInf | Incumbent    BestBd   Gap | It/Node Time

     0     0 -1497.9859    0  262    0.00000 -1497.9859      -     -    0s
H    0     0                    -1422.500000 -1497.9859  5.31%     -    0s
H    0     0                    -1427.900000 -1497.9859  4.91%     -    0s
H    0     0                    -1431.500000 -1497.9859  4.64%     -    0s
H    0     0                    -1440.500000 -1497.9859  3.99%     -    0s
     0     0 -1497.7070    0  431 -1440.5000 -1497.7070  3.97%     -    0s
H    0     0                    -1450.700000 -1497.7070  3.24%     -    0s
     0     0 -1492.7935    0  404 -1450.7000 -1492.7935  2.90%     -    0s
     0     0 -1485.6298    0  414 -1450.7000 -1485.6298  2.41%     -    0s
H    0     0                    -1455.600000 -1485.6298  2.06%     -    0s
     0     0 -1481.8194    0  403 -1455.6000 -1481.8194  1.80%     -    0s
     0     0 -1481.2106    0  381 -1455.6000 -1481.2106  1.76%     -    0s
     0     0 -1480.8054    0  355 -1455.6000 -1480.8054  1.73%     -    1s
     0     0 -1480.8054    0  369 -1455.6000 -1480.8054  1.73%     -    1s
H    0     0                    -1459.200000 -1480.8054  1.48%     -    1s
     0     0 -1480.4761    0  337 -1459.2000 -1480.4761  1.46%     -    1s
     0     0 -1480.4448    0  162 -1459.2000 -1480.4448  1.46%     -    1s
H    0     0                    -1459.700000 -1480.4448  1.42%     -    1s
H    0     2                    -1459.900000 -1480.4448  1.41%     -    1s
     0     2 -1480.4448    0  154 -1459.9000 -1480.4448  1.41%     -    1s
H    3     4                    -1461.700000 -1480.4294  1.28%   272    1s
H   36    42                    -1463.500000 -1480.2778  1.15%  45.1    2s
H   37    43                    -1464.100000 -1480.2778  1.10%  44.5    2s
H   38    44                    -1464.700000 -1480.2778  1.06%  43.8    2s
H   63    64                    -1465.900000 -1480.2778  0.98%  30.2    2s
H   64    65                    -1467.100000 -1480.2778  0.90%  30.2    2s

Cutting planes:
  Gomory: 28
  Cover: 152
  Clique: 2
  MIR: 38

Explored 68 nodes (14728 simplex iterations) in 2.33 seconds
Thread count was 16 (of 16 available processors)

Optimal solution found (tolerance 1.00e-02)
Best objective -1.467100000000e+03, best bound -1.480200000000e+03, gap 0.8929%
Changed value of parameter MIPGap to 0.01
   Prev: 0.0001  Min: 0.0  Max: 1e+100  Default: 0.0001
Changed value of parameter TimeLimit to 1800.0
   Prev: 1e+100  Min: 0.0  Max: 1e+100  Default: 1e+100
Changed value of parameter Method to 2
   Prev: -1  Min: -1  Max: 4  Default: -1
Changed value of parameter MIPFocus to 1
   Prev: 0  Min: 0  Max: 3  Default: 0
Optimize a model with 2506 rows, 7721 columns and 15442 nonzeros
Coefficient statistics:
  Matrix range    [1e+00, 4e+01]
  Objective range [1e+00, 5e+00]
  Bounds range    [1e+00, 1e+00]
  RHS range       [8e+01, 8e+01]
Found heuristic solution: objective 0
Presolve removed 63 rows and 216 columns
Presolve time: 0.05s
Presolved: 2443 rows, 7505 columns, 15010 nonzeros
Variable types: 0 continuous, 7505 integer (7505 binary)
Optimize a model with 2443 rows, 7505 columns and 15010 nonzeros
Coefficient statistics:
  Matrix range    [1e+00, 4e+01]
  Objective range [1e+00, 5e+00]
  Bounds range    [1e+00, 1e+00]
  RHS range       [1e+00, 8e+01]
Presolved: 2443 rows, 7505 columns, 15010 nonzeros

Root barrier log...

Ordering time: 0.00s

Barrier statistics:
 AA' NZ     : 7.505e+03
 Factor NZ  : 4.334e+04 (roughly 4 MBytes of memory)
 Factor Ops : 3.651e+06 (less than 1 second per iteration)
 Threads    : 1

                  Objective                Residual
Iter       Primal          Dual         Primal    Dual     Compl     Time
   0  -7.11187282e+03 -2.31329254e+04  1.95e+01 5.78e-01  7.60e+00     0s
   1  -2.77649188e+03 -1.52629720e+04  3.63e+00 2.66e-15  1.62e+00     0s
   2  -1.91733833e+03 -5.11892071e+03  3.25e-01 2.00e-15  2.37e-01     0s
   3  -1.91005547e+03 -2.35882497e+03  2.36e-02 4.44e-15  3.01e-02     0s
   4  -1.94262571e+03 -2.03338573e+03  4.53e-03 5.33e-15  6.06e-03     0s
   5  -1.94802831e+03 -1.97234280e+03  2.30e-03 1.78e-15  1.66e-03     0s
   6  -1.95155910e+03 -1.95600095e+03  8.50e-04 4.44e-15  3.16e-04     0s
   7  -1.95338650e+03 -1.95368755e+03  6.21e-05 2.66e-15  2.15e-05     0s
   8  -1.95353912e+03 -1.95353996e+03  3.80e-13 1.78e-15  5.46e-08     0s
   9  -1.95353931e+03 -1.95353931e+03  1.00e-13 1.78e-15  5.46e-11     0s

Barrier solved model in 9 iterations and 0.12 seconds
Optimal objective -1.95353931e+03


Root relaxation: objective -1.953539e+03, 5389 iterations, 0.10 seconds

    Nodes    |    Current Node    |     Objective Bounds      |     Work
 Expl Unexpl |  Obj  Depth IntInf | Incumbent    BestBd   Gap | It/Node Time

     0     0 -1953.5393    0  287    0.00000 -1953.5393      -     -    0s
H    0     0                    -1804.000000 -1953.5393  8.29%     -    0s
H    0     0                    -1809.000000 -1953.5393  7.99%     -    0s
H    0     0                    -1812.600000 -1953.5393  7.78%     -    0s
H    0     0                    -1822.600000 -1953.5393  7.18%     -    0s
H    0     0                    -1824.800000 -1953.5393  7.05%     -    0s
     0     0 -1953.1755    0  470 -1824.8000 -1953.1755  7.04%     -    0s
H    0     0                    -1860.000000 -1953.1755  5.01%     -    0s
     0     0 -1947.0175    0  446 -1860.0000 -1947.0175  4.68%     -    0s
H    0     0                    -1862.800000 -1947.0175  4.52%     -    0s
     0     0 -1931.9142    0  457 -1862.8000 -1931.9142  3.71%     -    0s
H    0     0                    -1867.000000 -1931.9142  3.48%     -    0s
     0     0 -1930.1747    0  422 -1867.0000 -1930.1747  3.38%     -    0s
H    0     0                    -1868.000000 -1930.1747  3.33%     -    0s
     0     0 -1928.1149    0  416 -1868.0000 -1928.1149  3.22%     -    0s
H    0     0                    -1874.400000 -1928.1149  2.87%     -    0s
     0     0 -1925.8152    0  405 -1874.4000 -1925.8152  2.74%     -    0s
     0     0 -1925.8152    0  427 -1874.4000 -1925.8152  2.74%     -    1s
H    0     0                    -1882.800000 -1925.8152  2.28%     -    1s
     0     0 -1925.8152    0  430 -1882.8000 -1925.8152  2.28%     -    1s
     0     0 -1925.8152    0  184 -1882.8000 -1925.8152  2.28%     -    1s
H    0     0                    -1888.000000 -1925.8152  2.00%     -    1s
H    0     0                    -1893.000000 -1925.8152  1.73%     -    1s
H    0     2                    -1894.200000 -1925.8152  1.67%     -    1s
     0     2 -1925.8152    0  178 -1894.2000 -1925.8152  1.67%     -    1s
H   40    44                    -1896.600000 -1925.2691  1.51%  39.8    2s
H   43    47                    -1897.800000 -1925.2691  1.45%  38.0    2s
H   44    48                    -1901.400000 -1925.2691  1.26%  37.4    2s
H   79    81                    -1901.600000 -1925.2691  1.24%  25.2    2s
H   80    82                    -1904.000000 -1925.2691  1.12%  24.9    2s
H  134   135                    -1905.400000 -1925.2691  1.04%  16.7    2s
   381   382 -1917.3103   52  184 -1905.4000 -1925.2691  1.04%  11.4    5s
H  470   465                    -1905.600000 -1925.2691  1.03%  11.6    5s
H  601   584                    -1908.000000 -1925.2691  0.91%  11.3    6s

Cutting planes:
  Gomory: 22
  Cover: 155
  Clique: 8
  MIR: 37

Explored 621 nodes (19859 simplex iterations) in 6.75 seconds
Thread count was 16 (of 16 available processors)

Optimal solution found (tolerance 1.00e-02)
Best objective -1.908000000000e+03, best bound -1.925200000000e+03, gap 0.9015%
Changed value of parameter MIPGap to 0.01
   Prev: 0.0001  Min: 0.0  Max: 1e+100  Default: 0.0001
Changed value of parameter TimeLimit to 1800.0
   Prev: 1e+100  Min: 0.0  Max: 1e+100  Default: 1e+100
Changed value of parameter Method to 2
   Prev: -1  Min: -1  Max: 4  Default: -1
Changed value of parameter MIPFocus to 1
   Prev: 0  Min: 0  Max: 3  Default: 0
Optimize a model with 2506 rows, 7721 columns and 15442 nonzeros
Coefficient statistics:
  Matrix range    [1e+00, 4e+01]
  Objective range [1e+00, 9e+00]
  Bounds range    [1e+00, 1e+00]
  RHS range       [8e+01, 8e+01]
Found heuristic solution: objective 0
Presolve removed 63 rows and 216 columns
Presolve time: 0.05s
Presolved: 2443 rows, 7505 columns, 15010 nonzeros
Variable types: 0 continuous, 7505 integer (7505 binary)
Optimize a model with 2443 rows, 7505 columns and 15010 nonzeros
Coefficient statistics:
  Matrix range    [1e+00, 4e+01]
  Objective range [1e+00, 9e+00]
  Bounds range    [1e+00, 1e+00]
  RHS range       [1e+00, 8e+01]
Presolved: 2443 rows, 7505 columns, 15010 nonzeros

Root barrier log...

Ordering time: 0.00s

Barrier statistics:
 AA' NZ     : 7.505e+03
 Factor NZ  : 4.334e+04 (roughly 4 MBytes of memory)
 Factor Ops : 3.651e+06 (less than 1 second per iteration)
 Threads    : 1

                  Objective                Residual
Iter       Primal          Dual         Primal    Dual     Compl     Time
   0  -1.06167233e+04 -4.14476992e+04  1.95e+01 9.27e-01  1.38e+01     0s
   1  -4.19258595e+03 -2.70944874e+04  3.84e+00 4.44e-15  3.02e+00     0s
   2  -2.81888773e+03 -1.01380525e+04  3.42e-01 3.55e-15  5.37e-01     0s
   3  -2.78136729e+03 -3.63933964e+03  2.26e-02 5.33e-15  5.72e-02     0s
   4  -2.84551653e+03 -3.00847542e+03  3.33e-03 3.55e-15  1.08e-02     0s
   5  -2.85765422e+03 -2.91381120e+03  1.22e-03 3.55e-15  3.71e-03     0s
   6  -2.86133743e+03 -2.87639170e+03  6.02e-04 3.55e-15  1.01e-03     0s
   7  -2.86271526e+03 -2.86555324e+03  3.99e-04 3.55e-15  2.03e-04     0s
   8  -2.86499925e+03 -2.86519290e+03  7.41e-06 5.33e-15  1.30e-05     0s
   9  -2.86506398e+03 -2.86506436e+03  2.20e-12 1.78e-15  2.48e-08     0s
  10  -2.86506413e+03 -2.86506413e+03  2.11e-12 3.55e-15  3.26e-13     0s

Barrier solved model in 10 iterations and 0.13 seconds
Optimal objective -2.86506413e+03


Root relaxation: objective -2.865064e+03, 5167 iterations, 0.11 seconds

    Nodes    |    Current Node    |     Objective Bounds      |     Work
 Expl Unexpl |  Obj  Depth IntInf | Incumbent    BestBd   Gap | It/Node Time

     0     0 -2865.0641    0  285    0.00000 -2865.0641      -     -    0s
H    0     0                    -2615.000000 -2865.0641  9.56%     -    0s
H    0     0                    -2626.400000 -2865.0641  9.09%     -    0s
H    0     0                    -2631.200000 -2865.0641  8.89%     -    0s
     0     0 -2861.6635    0  457 -2631.2000 -2861.6635  8.76%     -    0s
H    0     0                    -2704.400000 -2861.6635  5.82%     -    0s
     0     0 -2854.4984    0  436 -2704.4000 -2854.4984  5.55%     -    0s
H    0     0                    -2721.800000 -2854.4984  4.88%     -    0s
H    0     0                    -2724.000000 -2854.4984  4.79%     -    0s
     0     0 -2825.5643    0  435 -2724.0000 -2825.5643  3.73%     -    0s
H    0     0                    -2727.200000 -2825.5643  3.61%     -    0s
     0     0 -2819.1657    0  414 -2727.2000 -2819.1657  3.37%     -    0s
     0     0 -2817.5595    0  413 -2727.2000 -2817.5595  3.31%     -    0s
H    0     0                    -2763.000000 -2817.5595  1.97%     -    0s
     0     0 -2813.9116    0  392 -2763.0000 -2813.9116  1.84%     -    0s
     0     0 -2813.8510    0  393 -2763.0000 -2813.8510  1.84%     -    0s
H    0     0                    -2770.400000 -2813.8510  1.57%     -    1s
     0     0 -2813.8482    0  414 -2770.4000 -2813.8482  1.57%     -    1s
     0     0 -2813.8482    0  203 -2770.4000 -2813.8482  1.57%     -    1s
     0     2 -2813.8482    0  188 -2770.4000 -2813.8482  1.57%     -    1s
H   35    40                    -2772.200000 -2812.2433  1.44%  86.7    2s
H   48    50                    -2775.000000 -2812.2433  1.34%  71.7    2s
H   86    88                    -2776.000000 -2812.2433  1.31%  43.9    2s
H   90    91                    -2776.800000 -2812.2433  1.28%  42.6    2s
H  174   173                    -2779.200000 -2812.2433  1.19%  25.4    3s
H  182   182                    -2779.600000 -2812.2433  1.17%  24.7    3s
H  224   225                    -2780.000000 -2812.2433  1.16%  22.1    3s
   450   451 -2809.3474   61  253 -2780.0000 -2812.2433  1.16%  13.8    5s
H  564   565                    -2784.800000 -2812.2433  0.99%  12.3    5s

Cutting planes:
  Gomory: 34
  Cover: 166
  Clique: 11
  MIR: 49

Explored 590 nodes (19124 simplex iterations) in 5.93 seconds
Thread count was 16 (of 16 available processors)

Optimal solution found (tolerance 1.00e-02)
Best objective -2.784800000000e+03, best bound -2.812200000000e+03, gap 0.9839%
Changed value of parameter MIPGap to 0.01
   Prev: 0.0001  Min: 0.0  Max: 1e+100  Default: 0.0001
Changed value of parameter TimeLimit to 1800.0
   Prev: 1e+100  Min: 0.0  Max: 1e+100  Default: 1e+100
Changed value of parameter Method to 2
   Prev: -1  Min: -1  Max: 4  Default: -1
Changed value of parameter MIPFocus to 1
   Prev: 0  Min: 0  Max: 3  Default: 0
Optimize a model with 2506 rows, 7721 columns and 15442 nonzeros
Coefficient statistics:
  Matrix range    [1e+00, 4e+01]
  Objective range [2e+00, 1e+01]
  Bounds range    [1e+00, 1e+00]
  RHS range       [8e+01, 8e+01]
Found heuristic solution: objective 0
Presolve removed 63 rows and 216 columns
Presolve time: 0.05s
Presolved: 2443 rows, 7505 columns, 15010 nonzeros
Variable types: 0 continuous, 7505 integer (7505 binary)
Optimize a model with 2443 rows, 7505 columns and 15010 nonzeros
Coefficient statistics:
  Matrix range    [1e+00, 4e+01]
  Objective range [2e+00, 1e+01]
  Bounds range    [1e+00, 1e+00]
  RHS range       [1e+00, 8e+01]
Presolved: 2443 rows, 7505 columns, 15010 nonzeros

Root barrier log...

Ordering time: 0.00s

Barrier statistics:
 AA' NZ     : 7.505e+03
 Factor NZ  : 4.334e+04 (roughly 4 MBytes of memory)
 Factor Ops : 3.651e+06 (less than 1 second per iteration)
 Threads    : 1

                  Objective                Residual
Iter       Primal          Dual         Primal    Dual     Compl     Time
   0  -1.23691105e+04 -5.06050860e+04  1.95e+01 1.10e+00  1.70e+01     0s
   1  -4.90013262e+03 -3.30121046e+04  3.89e+00 5.33e-15  3.72e+00     0s
   2  -3.27320726e+03 -1.22322674e+04  3.44e-01 5.33e-15  6.57e-01     0s
   3  -3.22362526e+03 -4.22551142e+03  2.53e-02 5.33e-15  6.70e-02     0s
   4  -3.29475993e+03 -3.53606681e+03  4.31e-03 1.07e-14  1.60e-02     0s
   5  -3.30890621e+03 -3.39140770e+03  1.92e-03 5.33e-15  5.48e-03     0s
   6  -3.31406613e+03 -3.33702194e+03  1.09e-03 3.55e-15  1.55e-03     0s
   7  -3.31841388e+03 -3.32344464e+03  4.08e-04 3.55e-15  3.49e-04     0s
   8  -3.32063259e+03 -3.32104944e+03  2.89e-05 5.33e-15  2.87e-05     0s
   9  -3.32093002e+03 -3.32094166e+03  9.36e-08 7.11e-15  7.64e-07     0s
  10  -3.32093213e+03 -3.32093215e+03  1.22e-11 3.55e-15  1.20e-09     0s

Barrier solved model in 10 iterations and 0.13 seconds
Optimal objective -3.32093213e+03


Root relaxation: objective -3.320932e+03, 5364 iterations, 0.10 seconds

    Nodes    |    Current Node    |     Objective Bounds      |     Work
 Expl Unexpl |  Obj  Depth IntInf | Incumbent    BestBd   Gap | It/Node Time

     0     0 -3320.9321    0  295    0.00000 -3320.9321      -     -    0s
H    0     0                    -2969.500000 -3320.9321  11.8%     -    0s
H    0     0                    -3009.500000 -3320.9321  10.3%     -    0s
H    0     0                    -3041.500000 -3320.9321  9.19%     -    0s
H    0     0                    -3049.500000 -3320.9321  8.90%     -    0s
     0     0 -3314.6918    0  430 -3049.5000 -3314.6918  8.70%     -    0s
H    0     0                    -3114.000000 -3314.6918  6.44%     -    0s
H    0     0                    -3161.000000 -3314.6918  4.86%     -    0s
     0     0 -3307.6095    0  451 -3161.0000 -3307.6095  4.64%     -    0s
     0     0 -3275.5270    0  423 -3161.0000 -3275.5270  3.62%     -    0s
H    0     0                    -3172.000000 -3275.5270  3.26%     -    0s
H    0     0                    -3174.500000 -3275.5270  3.18%     -    0s
     0     0 -3264.4831    0  396 -3174.5000 -3264.4831  2.83%     -    0s
     0     0 -3259.9363    0  398 -3174.5000 -3259.9363  2.69%     -    0s
H    0     0                    -3186.500000 -3259.9363  2.30%     -    0s
     0     0 -3259.3893    0  408 -3186.5000 -3259.3893  2.29%     -    0s
     0     0 -3258.8527    0  422 -3186.5000 -3258.8527  2.27%     -    1s
H    0     0                    -3187.000000 -3258.8527  2.25%     -    1s
     0     0 -3257.9648    0  441 -3187.0000 -3257.9648  2.23%     -    1s
     0     0 -3257.9648    0  235 -3187.0000 -3257.9648  2.23%     -    1s
H    0     0                    -3192.500000 -3257.9648  2.05%     -    1s
H    0     0                    -3195.000000 -3257.9648  1.97%     -    1s
H    0     2                    -3196.000000 -3257.9648  1.94%     -    1s
     0     2 -3257.9648    0  233 -3196.0000 -3257.9648  1.94%     -    1s
H   24    29                    -3204.500000 -3257.5309  1.65%  61.8    2s
H   38    40                    -3206.000000 -3257.0162  1.59%  53.7    2s
H   78    79                    -3206.500000 -3257.0162  1.58%  31.9    2s
H   80    81                    -3207.000000 -3257.0162  1.56%  31.2    2s
H   84    85                    -3209.000000 -3257.0162  1.50%  30.1    2s
H  125   126                    -3211.000000 -3257.0162  1.43%  21.7    3s
H  166   167                    -3212.500000 -3257.0162  1.39%  17.0    3s
H  267   268                    -3213.500000 -3257.0162  1.35%  13.7    3s
H  315   316                    -3214.500000 -3257.0162  1.32%  12.8    3s
H  377   378                    -3216.000000 -3257.0162  1.28%  11.5    4s
H  458   458                    -3218.000000 -3257.0162  1.21%  10.4    4s
   581   579 -3252.3619   77  233 -3218.0000 -3257.0162  1.21%   9.2    5s
H  808   803                    -3227.500000 -3257.0162  0.91%   8.7    6s

Cutting planes:
  Gomory: 23
  Cover: 155
  Clique: 6
  MIR: 51

Explored 825 nodes (19418 simplex iterations) in 6.10 seconds
Thread count was 16 (of 16 available processors)

Optimal solution found (tolerance 1.00e-02)
Best objective -3.227500000000e+03, best bound -3.257000000000e+03, gap 0.9140%
Changed value of parameter MIPGap to 0.01
   Prev: 0.0001  Min: 0.0  Max: 1e+100  Default: 0.0001
Changed value of parameter TimeLimit to 1800.0
   Prev: 1e+100  Min: 0.0  Max: 1e+100  Default: 1e+100
Changed value of parameter Method to 2
   Prev: -1  Min: -1  Max: 4  Default: -1
Changed value of parameter MIPFocus to 1
   Prev: 0  Min: 0  Max: 3  Default: 0
Optimize a model with 2506 rows, 7721 columns and 15442 nonzeros
Coefficient statistics:
  Matrix range    [1e+00, 4e+01]
  Objective range [2e+00, 2e+01]
  Bounds range    [1e+00, 1e+00]
  RHS range       [8e+01, 8e+01]
Found heuristic solution: objective 0
Presolve removed 63 rows and 216 columns
Presolve time: 0.05s
Presolved: 2443 rows, 7505 columns, 15010 nonzeros
Variable types: 0 continuous, 7505 integer (7505 binary)
Optimize a model with 2443 rows, 7505 columns and 15010 nonzeros
Coefficient statistics:
  Matrix range    [1e+00, 4e+01]
  Objective range [2e+00, 2e+01]
  Bounds range    [1e+00, 1e+00]
  RHS range       [1e+00, 8e+01]
Presolved: 2443 rows, 7505 columns, 15010 nonzeros

Root barrier log...

Ordering time: 0.00s

Barrier statistics:
 AA' NZ     : 7.505e+03
 Factor NZ  : 4.334e+04 (roughly 4 MBytes of memory)
 Factor Ops : 3.651e+06 (less than 1 second per iteration)
 Threads    : 1

                  Objective                Residual
Iter       Primal          Dual         Primal    Dual     Compl     Time
   0  -2.11309862e+04 -9.65631018e+04  1.95e+01 1.97e+00  3.26e+01     0s
   1  -8.43702748e+03 -6.27113902e+04  4.01e+00 1.07e-14  7.25e+00     0s
   2  -5.55443367e+03 -2.30658859e+04  3.46e-01 7.11e-15  1.28e+00     0s
   3  -5.44957476e+03 -7.74022929e+03  2.85e-02 2.13e-14  1.53e-01     0s
   4  -5.53828198e+03 -6.05790575e+03  9.35e-03 2.13e-14  3.47e-02     0s
   5  -5.57254929e+03 -5.75674090e+03  3.84e-03 1.07e-14  1.23e-02     0s
   6  -5.58399379e+03 -5.65927875e+03  2.17e-03 7.11e-15  5.10e-03     0s
   7  -5.59120193e+03 -5.61795119e+03  1.18e-03 7.11e-15  1.85e-03     0s
   8  -5.59418744e+03 -5.60772744e+03  7.88e-04 1.42e-14  9.52e-04     0s
   9  -5.59756880e+03 -5.60137939e+03  3.57e-04 1.07e-14  2.80e-04     0s
  10  -5.60022424e+03 -5.60039446e+03  4.81e-06 1.42e-14  1.15e-05     0s
  11  -5.60028800e+03 -5.60028823e+03  7.15e-13 2.49e-14  1.47e-08     0s
  12  -5.60028809e+03 -5.60028809e+03  5.06e-13 7.11e-15  1.53e-14     0s

Barrier solved model in 12 iterations and 0.14 seconds
Optimal objective -5.60028809e+03


Root relaxation: objective -5.600288e+03, 5031 iterations, 0.12 seconds

    Nodes    |    Current Node    |     Objective Bounds      |     Work
 Expl Unexpl |  Obj  Depth IntInf | Incumbent    BestBd   Gap | It/Node Time

     0     0 -5600.2881    0  293    0.00000 -5600.2881      -     -    0s
H    0     0                    -4918.000000 -5600.2881  13.9%     -    0s
H    0     0                    -5024.000000 -5600.2881  11.5%     -    0s
H    0     0                    -5043.000000 -5600.2881  11.1%     -    0s
     0     0 -5575.1198    0  443 -5043.0000 -5575.1198  10.6%     -    0s
H    0     0                    -5128.000000 -5575.1198  8.72%     -    0s
H    0     0                    -5266.000000 -5575.1198  5.87%     -    0s
H    0     0                    -5341.000000 -5575.1198  4.38%     -    0s
     0     0 -5566.5472    0  447 -5341.0000 -5566.5472  4.22%     -    0s
     0     0 -5504.1537    0  428 -5341.0000 -5504.1537  3.05%     -    0s
H    0     0                    -5381.000000 -5504.1537  2.29%     -    0s
     0     0 -5495.9823    0  414 -5381.0000 -5495.9823  2.14%     -    0s
     0     0 -5491.3869    0  418 -5381.0000 -5491.3869  2.05%     -    0s
H    0     0                    -5400.000000 -5491.3869  1.69%     -    0s
     0     0 -5489.5666    0  445 -5400.0000 -5489.5666  1.66%     -    0s
     0     0 -5489.5666    0  452 -5400.0000 -5489.5666  1.66%     -    0s
H    0     0                    -5406.000000 -5489.5666  1.55%     -    0s
     0     0 -5488.6374    0  428 -5406.0000 -5488.6374  1.53%     -    0s
     0     0 -5488.6374    0  204 -5406.0000 -5488.6374  1.53%     -    1s
H    0     0                    -5408.000000 -5488.6374  1.49%     -    1s
     0     2 -5488.6374    0  204 -5408.0000 -5488.6374  1.49%     -    1s
H    1     3                    -5409.000000 -5488.6065  1.47%   519    1s
H   21    26                    -5412.000000 -5488.3944  1.41%  73.5    1s
H   33    38                    -5415.000000 -5488.3173  1.35%  59.6    2s
H   68    69                    -5420.000000 -5488.2227  1.26%  39.2    2s
H  116   117                    -5422.000000 -5488.2227  1.22%  25.8    2s
H  146   145                    -5423.000000 -5488.2227  1.20%  22.1    3s
H  209   210                    -5424.000000 -5488.2227  1.18%  17.3    3s
H  255   257                    -5426.000000 -5488.2227  1.15%  15.3    3s
H  263   265                    -5433.000000 -5488.2227  1.02%  15.0    3s
H  274   273                    -5437.000000 -5488.2227  0.94%  14.8    4s

Cutting planes:
  Gomory: 24
  Cover: 199
  Clique: 10
  MIR: 89

Explored 292 nodes (16388 simplex iterations) in 4.23 seconds
Thread count was 16 (of 16 available processors)

Optimal solution found (tolerance 1.00e-02)
Best objective -5.437000000000e+03, best bound -5.488000000000e+03, gap 0.9380%
Changed value of parameter MIPGap to 0.01
   Prev: 0.0001  Min: 0.0  Max: 1e+100  Default: 0.0001
Changed value of parameter TimeLimit to 1800.0
   Prev: 1e+100  Min: 0.0  Max: 1e+100  Default: 1e+100
Changed value of parameter Method to 2
   Prev: -1  Min: -1  Max: 4  Default: -1
Changed value of parameter MIPFocus to 1
   Prev: 0  Min: 0  Max: 3  Default: 0
Optimize a model with 2506 rows, 7721 columns and 15442 nonzeros
Coefficient statistics:
  Matrix range    [1e+00, 4e+01]
  Objective range [3e+00, 4e+01]
  Bounds range    [1e+00, 1e+00]
  RHS range       [8e+01, 8e+01]
Found heuristic solution: objective 0
Presolve removed 63 rows and 216 columns
Presolve time: 0.05s
Presolved: 2443 rows, 7505 columns, 15010 nonzeros
Variable types: 0 continuous, 7505 integer (7505 binary)
Optimize a model with 2443 rows, 7505 columns and 15010 nonzeros
Coefficient statistics:
  Matrix range    [1e+00, 4e+01]
  Objective range [3e+00, 4e+01]
  Bounds range    [1e+00, 1e+00]
  RHS range       [1e+00, 8e+01]
Presolved: 2443 rows, 7505 columns, 15010 nonzeros

Root barrier log...

Ordering time: 0.00s

Barrier statistics:
 AA' NZ     : 7.505e+03
 Factor NZ  : 4.334e+04 (roughly 4 MBytes of memory)
 Factor Ops : 3.651e+06 (less than 1 second per iteration)
 Threads    : 1

                  Objective                Residual
Iter       Primal          Dual         Primal    Dual     Compl     Time
   0  -3.86546524e+04 -1.88602022e+05  1.95e+01 3.72e+00  6.39e+01     0s
   1  -1.55085882e+04 -1.22191058e+05  4.07e+00 1.78e-14  1.43e+01     0s
   2  -1.01302373e+04 -4.47598629e+04  3.46e-01 1.42e-14  2.53e+00     0s
   3  -9.91455699e+03 -1.46809919e+04  2.79e-02 4.26e-14  3.17e-01     0s
   4  -1.00599701e+04 -1.10322919e+04  8.48e-03 2.13e-14  6.48e-02     0s
   5  -1.01100979e+04 -1.03003138e+04  4.39e-03 1.42e-14  1.31e-02     0s
   6  -1.01565534e+04 -1.01717572e+04  1.52e-04 2.13e-14  1.02e-03     0s
   7  -1.01589971e+04 -1.01590128e+04  4.23e-14 2.84e-14  1.02e-06     0s
   8  -1.01590000e+04 -1.01590000e+04  4.94e-14 1.42e-14  1.02e-09     0s

Barrier solved model in 8 iterations and 0.12 seconds
Optimal objective -1.01590000e+04


Root relaxation: objective -1.015900e+04, 5829 iterations, 0.10 seconds

    Nodes    |    Current Node    |     Objective Bounds      |     Work
 Expl Unexpl |  Obj  Depth IntInf | Incumbent    BestBd   Gap | It/Node Time

     0     0 -10159.000    0  204    0.00000 -10159.000      -     -    0s
H    0     0                    -9311.000000 -10159.000  9.11%     -    0s
H    0     0                    -9414.000000 -10159.000  7.91%     -    0s
H    0     0                    -9474.000000 -10159.000  7.23%     -    0s
H    0     0                    -9490.000000 -10159.000  7.05%     -    0s
H    0     0                    -9550.000000 -10159.000  6.38%     -    0s
     0     0 -10134.500    0  375 -9550.0000 -10134.500  6.12%     -    0s
H    0     0                    -9700.000000 -10134.500  4.48%     -    0s
H    0     0                    -9757.000000 -10134.500  3.87%     -    0s
     0     0 -10134.500    0  378 -9757.0000 -10134.500  3.87%     -    0s
     0     0 -10007.500    0  431 -9757.0000 -10007.500  2.57%     -    0s
H    0     0                    -9807.000000 -10007.500  2.04%     -    0s
     0     0 -9995.1951    0  407 -9807.0000 -9995.1951  1.92%     -    0s
     0     0 -9995.1951    0  407 -9807.0000 -9995.1951  1.92%     -    0s
H    0     0                    -9822.000000 -9995.1951  1.76%     -    1s
     0     0 -9969.1951    0  374 -9822.0000 -9969.1951  1.50%     -    1s
     0     0 -9966.6542    0  407 -9822.0000 -9966.6542  1.47%     -    1s
H    0     0                    -9841.000000 -9966.6542  1.28%     -    1s
     0     0 -9966.6542    0  409 -9841.0000 -9966.6542  1.28%     -    1s
     0     0 -9966.6542    0  207 -9841.0000 -9966.6542  1.28%     -    1s
     0     2 -9966.6542    0  196 -9841.0000 -9966.6542  1.28%     -    1s
H   32    36                    -9846.000000 -9966.1220  1.22%  70.4    2s
H   79    79                    -9853.000000 -9966.1220  1.15%  42.3    2s
H   81    81                    -9859.000000 -9966.1220  1.09%  41.7    2s
H  121   120                    -9861.000000 -9966.1220  1.07%  39.4    3s
H  123   122                    -9873.000000 -9966.1220  0.94%  39.4    3s

Cutting planes:
  Gomory: 4
  Cover: 159
  Clique: 5
  MIR: 34

Explored 129 nodes (20206 simplex iterations) in 3.70 seconds
Thread count was 16 (of 16 available processors)

Optimal solution found (tolerance 1.00e-02)
Best objective -9.873000000000e+03, best bound -9.966000000000e+03, gap 0.9420%
Changed value of parameter MIPGap to 0.01
   Prev: 0.0001  Min: 0.0  Max: 1e+100  Default: 0.0001
Changed value of parameter TimeLimit to 1800.0
   Prev: 1e+100  Min: 0.0  Max: 1e+100  Default: 1e+100
Changed value of parameter Method to 2
   Prev: -1  Min: -1  Max: 4  Default: -1
Changed value of parameter MIPFocus to 1
   Prev: 0  Min: 0  Max: 3  Default: 0
Optimize a model with 2506 rows, 7721 columns and 15442 nonzeros
Coefficient statistics:
  Matrix range    [1e+00, 4e+01]
  Objective range [5e+00, 8e+01]
  Bounds range    [1e+00, 1e+00]
  RHS range       [8e+01, 8e+01]
Found heuristic solution: objective 0
Presolve removed 63 rows and 216 columns
Presolve time: 0.05s
Presolved: 2443 rows, 7505 columns, 15010 nonzeros
Variable types: 0 continuous, 7505 integer (7505 binary)
Optimize a model with 2443 rows, 7505 columns and 15010 nonzeros
Coefficient statistics:
  Matrix range    [1e+00, 4e+01]
  Objective range [5e+00, 8e+01]
  Bounds range    [1e+00, 1e+00]
  RHS range       [1e+00, 8e+01]
Presolved: 2443 rows, 7505 columns, 15010 nonzeros

Root barrier log...

Ordering time: 0.00s

Barrier statistics:
 AA' NZ     : 7.505e+03
 Factor NZ  : 4.334e+04 (roughly 4 MBytes of memory)
 Factor Ops : 3.651e+06 (less than 1 second per iteration)
 Threads    : 1

                  Objective                Residual
Iter       Primal          Dual         Primal    Dual     Compl     Time
   0  -7.37019264e+04 -3.72679863e+05  1.95e+01 7.21e+00  1.27e+02     0s
   1  -2.96494178e+04 -2.41151988e+05  4.10e+00 5.68e-14  2.84e+01     0s
   2  -1.92901730e+04 -8.81900973e+04  3.45e-01 2.84e-14  5.03e+00     0s
   3  -1.88731040e+04 -2.83362529e+04  2.68e-02 8.53e-14  6.29e-01     0s
   4  -1.91527903e+04 -2.10500238e+04  7.76e-03 4.26e-14  1.26e-01     0s
   5  -1.92588813e+04 -2.01395932e+04  4.37e-03 7.11e-14  5.88e-02     0s
   6  -1.93377827e+04 -1.97735702e+04  2.37e-03 7.11e-14  2.91e-02     0s
   7  -1.94099047e+04 -1.95880477e+04  9.29e-04 4.26e-14  1.19e-02     0s
   8  -1.94465883e+04 -1.94994609e+04  3.45e-04 5.68e-14  3.55e-03     0s
   9  -1.94582811e+04 -1.94777577e+04  1.79e-04 4.26e-14  1.32e-03     0s
  10  -1.94650784e+04 -1.94736844e+04  8.45e-05 5.68e-14  5.87e-04     0s
  11  -1.94677766e+04 -1.94720725e+04  4.74e-05 2.84e-14  2.95e-04     0s
  12  -1.94710796e+04 -1.94715131e+04  1.93e-06 2.84e-14  2.89e-05     0s
  13  -1.94712569e+04 -1.94712594e+04  1.22e-08 2.84e-14  1.68e-07     0s
  14  -1.94712582e+04 -1.94712582e+04  3.06e-13 2.84e-14  1.68e-10     0s

Barrier solved model in 14 iterations and 0.15 seconds
Optimal objective -1.94712582e+04


Root relaxation: objective -1.947126e+04, 4577 iterations, 0.12 seconds

    Nodes    |    Current Node    |     Objective Bounds      |     Work
 Expl Unexpl |  Obj  Depth IntInf | Incumbent    BestBd   Gap | It/Node Time

     0     0 -19471.258    0  281    0.00000 -19471.258      -     -    0s
H    0     0                    -17700.00000 -19471.258  10.0%     -    0s
H    0     0                    -17906.00000 -19471.258  8.74%     -    0s
H    0     0                    -17910.00000 -19471.258  8.72%     -    0s
H    0     0                    -17944.00000 -19471.258  8.51%     -    0s
     0     0 -19165.101    0  396 -17944.000 -19165.101  6.81%     -    0s
H    0     0                    -18270.00000 -19165.101  4.90%     -    0s
     0     0 -19164.941    0  401 -18270.000 -19164.941  4.90%     -    0s
     0     0 -18971.730    0  371 -18270.000 -18971.730  3.84%     -    0s
H    0     0                    -18589.00000 -18971.730  2.06%     -    0s
     0     0 -18959.669    0  420 -18589.000 -18959.669  1.99%     -    0s
     0     0 -18957.188    0  453 -18589.000 -18957.188  1.98%     -    0s
H    0     0                    -18648.00000 -18957.188  1.66%     -    1s
     0     0 -18951.765    0  431 -18648.000 -18951.765  1.63%     -    1s
     0     0 -18951.765    0  460 -18648.000 -18951.765  1.63%     -    1s
H    0     0                    -18653.00000 -18951.765  1.60%     -    1s
     0     0 -18947.726    0  457 -18653.000 -18947.726  1.58%     -    1s
     0     0 -18947.726    0  229 -18653.000 -18947.726  1.58%     -    1s
H    0     0                    -18710.00000 -18947.726  1.27%     -    1s
H    0     0                    -18776.00000 -18947.726  0.91%     -    1s

Cutting planes:
  Gomory: 8
  Cover: 155
  Clique: 5
  MIR: 29

Explored 0 nodes (12083 simplex iterations) in 1.67 seconds
Thread count was 16 (of 16 available processors)

Optimal solution found (tolerance 1.00e-02)
Best objective -1.877600000000e+04, best bound -1.894700000000e+04, gap 0.9107%
Changed value of parameter MIPGap to 0.01
   Prev: 0.0001  Min: 0.0  Max: 1e+100  Default: 0.0001
Changed value of parameter TimeLimit to 1800.0
   Prev: 1e+100  Min: 0.0  Max: 1e+100  Default: 1e+100
Changed value of parameter Method to 2
   Prev: -1  Min: -1  Max: 4  Default: -1
Changed value of parameter MIPFocus to 1
   Prev: 0  Min: 0  Max: 3  Default: 0
Optimize a model with 2506 rows, 7721 columns and 15442 nonzeros
Coefficient statistics:
  Matrix range    [1e+00, 4e+01]
  Objective range [6e+00, 1e+02]
  Bounds range    [1e+00, 1e+00]
  RHS range       [8e+01, 8e+01]
Found heuristic solution: objective 0
Presolve removed 63 rows and 216 columns
Presolve time: 0.05s
Presolved: 2443 rows, 7505 columns, 15010 nonzeros
Variable types: 0 continuous, 7505 integer (7505 binary)
Optimize a model with 2443 rows, 7505 columns and 15010 nonzeros
Coefficient statistics:
  Matrix range    [1e+00, 4e+01]
  Objective range [6e+00, 1e+02]
  Bounds range    [1e+00, 1e+00]
  RHS range       [1e+00, 8e+01]
Presolved: 2443 rows, 7505 columns, 15010 nonzeros

Root barrier log...

Ordering time: 0.00s

Barrier statistics:
 AA' NZ     : 7.505e+03
 Factor NZ  : 4.334e+04 (roughly 4 MBytes of memory)
 Factor Ops : 3.651e+06 (less than 1 second per iteration)
 Threads    : 1

                  Objective                Residual
Iter       Primal          Dual         Primal    Dual     Compl     Time
   0  -9.12255574e+04 -4.64718783e+05  1.95e+01 8.96e+00  1.58e+02     0s
   1  -3.67195714e+04 -3.00632778e+05  4.11e+00 5.68e-14  3.55e+01     0s
   2  -2.38710046e+04 -1.09929451e+05  3.45e-01 3.55e-14  6.28e+00     0s
   3  -2.33544707e+04 -3.51471329e+04  2.66e-02 8.53e-14  7.84e-01     0s
   4  -2.37062105e+04 -2.62615955e+04  7.48e-03 8.53e-14  1.70e-01     0s
   5  -2.38467250e+04 -2.49887538e+04  4.15e-03 4.26e-14  7.60e-02     0s
   6  -2.39653360e+04 -2.44609937e+04  2.23e-03 7.11e-14  3.32e-02     0s
   7  -2.40339350e+04 -2.42381914e+04  1.22e-03 4.26e-14  1.38e-02     0s
   8  -2.40863150e+04 -2.41536142e+04  5.18e-04 2.84e-14  4.58e-03     0s
   9  -2.41017931e+04 -2.41354335e+04  3.15e-04 4.26e-14  2.31e-03     0s
  10  -2.41167390e+04 -2.41312773e+04  1.30e-04 2.84e-14  9.97e-04     0s
  11  -2.41207287e+04 -2.41289992e+04  8.06e-05 2.84e-14  5.70e-04     0s
  12  -2.41249703e+04 -2.41277385e+04  2.88e-05 4.26e-14  1.92e-04     0s
  13  -2.41273083e+04 -2.41274192e+04  8.75e-07 4.26e-14  7.57e-06     0s
  14  -2.41273872e+04 -2.41273873e+04  4.82e-13 2.84e-14  7.60e-09     0s

Barrier solved model in 14 iterations and 0.15 seconds
Optimal objective -2.41273872e+04


Root relaxation: objective -2.412739e+04, 4678 iterations, 0.12 seconds

    Nodes    |    Current Node    |     Objective Bounds      |     Work
 Expl Unexpl |  Obj  Depth IntInf | Incumbent    BestBd   Gap | It/Node Time

     0     0 -24127.387    0  320    0.00000 -24127.387      -     -    0s
H    0     0                    -21333.00000 -24127.387  13.1%     -    0s
H    0     0                    -21559.00000 -24127.387  11.9%     -    0s
H    0     0                    -21976.00000 -24127.387  9.79%     -    0s
H    0     0                    -22136.00000 -24127.387  9.00%     -    0s
H    0     0                    -22154.00000 -24127.387  8.91%     -    0s
     0     0 -23871.595    0  404 -22154.000 -23871.595  7.75%     -    0s
     0     0 -23834.768    0  417 -22154.000 -23834.768  7.59%     -    0s
H    0     0                    -22199.00000 -23834.768  7.37%     -    0s
H    0     0                    -22200.00000 -23834.768  7.36%     -    0s
H    0     0                    -22246.00000 -23834.768  7.14%     -    0s
     0     0 -23579.243    0  416 -22246.000 -23579.243  5.99%     -    0s
     0     0 -23457.548    0  417 -22246.000 -23457.548  5.45%     -    0s
H    0     0                    -22411.00000 -23457.548  4.67%     -    0s
H    0     0                    -22471.00000 -23457.548  4.39%     -    0s
     0     0 -23436.390    0  422 -22471.000 -23436.390  4.30%     -    0s
     0     0 -23435.261    0  468 -22471.000 -23435.261  4.29%     -    0s
H    0     0                    -22531.00000 -23435.261  4.01%     -    0s
     0     0 -23435.185    0  423 -22531.000 -23435.185  4.01%     -    0s
     0     0 -23434.628    0  441 -22531.000 -23434.628  4.01%     -    1s
H    0     0                    -22631.00000 -23434.628  3.55%     -    1s
     0     0 -23434.628    0  211 -22631.000 -23434.628  3.55%     -    1s
H    0     0                    -22990.00000 -23434.628  1.93%     -    1s
H    0     0                    -23041.00000 -23434.628  1.71%     -    1s
H    0     0                    -23111.00000 -23434.628  1.40%     -    1s
H    0     2                    -23112.00000 -23434.628  1.40%     -    1s
     0     2 -23434.628    0  209 -23112.000 -23434.628  1.40%     -    1s
H    1     3                    -23118.00000 -23434.628  1.37%   545    1s
H    2     4                    -23125.00000 -23434.628  1.34%   284    1s
H   39    42                    -23130.00000 -23433.044  1.31%  57.5    2s
H   40    43                    -23135.00000 -23433.044  1.29%  56.4    2s
H   46    48                    -23148.00000 -23433.044  1.23%  51.6    2s
H   47    48                    -23165.00000 -23433.044  1.16%  50.9    2s
H   53    54                    -23176.00000 -23433.044  1.11%  45.5    2s
H   87    90                    -23177.00000 -23433.044  1.10%  31.1    2s
H   88    90                    -23188.00000 -23433.044  1.06%  30.8    2s
H   93    94                    -23189.00000 -23433.044  1.05%  29.5    2s
H  139   140                    -23236.00000 -23433.044  0.85%  22.1    3s

Cutting planes:
  Gomory: 14
  Cover: 187
  Clique: 5
  MIR: 60
  Zero half: 1

Explored 147 nodes (15312 simplex iterations) in 3.55 seconds
Thread count was 16 (of 16 available processors)

Optimal solution found (tolerance 1.00e-02)
Best objective -2.323600000000e+04, best bound -2.343300000000e+04, gap 0.8478%
Changed value of parameter MIPGap to 0.01
   Prev: 0.0001  Min: 0.0  Max: 1e+100  Default: 0.0001
Changed value of parameter TimeLimit to 1800.0
   Prev: 1e+100  Min: 0.0  Max: 1e+100  Default: 1e+100
Changed value of parameter Method to 2
   Prev: -1  Min: -1  Max: 4  Default: -1
Changed value of parameter MIPFocus to 1
   Prev: 0  Min: 0  Max: 3  Default: 0
Optimize a model with 2506 rows, 7721 columns and 15442 nonzeros
Coefficient statistics:
  Matrix range    [1e+00, 4e+01]
  Objective range [1e+01, 2e+02]
  Bounds range    [1e+00, 1e+00]
  RHS range       [8e+01, 8e+01]
Found heuristic solution: objective 0
Presolve removed 63 rows and 216 columns
Presolve time: 0.05s
Presolved: 2443 rows, 7505 columns, 15010 nonzeros
Variable types: 0 continuous, 7505 integer (7505 binary)
Optimize a model with 2443 rows, 7505 columns and 15010 nonzeros
Coefficient statistics:
  Matrix range    [1e+00, 4e+01]
  Objective range [1e+01, 2e+02]
  Bounds range    [1e+00, 1e+00]
  RHS range       [1e+00, 8e+01]
Presolved: 2443 rows, 7505 columns, 15010 nonzeros

Root barrier log...

Ordering time: 0.00s

Barrier statistics:
 AA' NZ     : 7.505e+03
 Factor NZ  : 4.334e+04 (roughly 4 MBytes of memory)
 Factor Ops : 3.651e+06 (less than 1 second per iteration)
 Threads    : 1

                  Objective                Residual
Iter       Primal          Dual         Primal    Dual     Compl     Time
   0  -1.78843700e+05 -9.24913385e+05  1.95e+01 1.77e+01  3.15e+02     0s
   1  -7.20698169e+04 -5.98037387e+05  4.12e+00 9.95e-14  7.08e+01     0s
   2  -4.67770351e+04 -2.18628017e+05  3.45e-01 6.39e-14  1.25e+01     0s
   3  -4.57657212e+04 -6.92049596e+04  2.61e-02 1.71e-13  1.56e+00     0s
   4  -4.64789376e+04 -5.16201821e+04  7.07e-03 1.99e-13  3.41e-01     0s
   5  -4.67901924e+04 -4.92648752e+04  4.09e-03 1.14e-13  1.64e-01     0s
   6  -4.70409852e+04 -4.82446293e+04  2.29e-03 8.53e-14  8.02e-02     0s
   7  -4.72056320e+04 -4.77637049e+04  1.25e-03 8.53e-14  3.73e-02     0s
   8  -4.73014624e+04 -4.75010786e+04  6.36e-04 5.68e-14  1.35e-02     0s
   9  -4.73523823e+04 -4.74344444e+04  3.22e-04 2.84e-14  5.59e-03     0s
  10  -4.73783846e+04 -4.74206538e+04  1.70e-04 5.68e-14  2.88e-03     0s
  11  -4.73914608e+04 -4.74144092e+04  9.47e-05 1.14e-13  1.57e-03     0s
  12  -4.74036759e+04 -4.74093798e+04  2.34e-05 5.68e-14  3.90e-04     0s
  13  -4.74079344e+04 -4.74081867e+04  3.63e-07 5.68e-14  1.68e-05     0s
  14  -4.74080326e+04 -4.74080329e+04  1.24e-13 5.68e-14  1.68e-08     0s
  15  -4.74080327e+04 -4.74080327e+04  1.22e-13 5.68e-14  1.68e-11     0s

Barrier solved model in 15 iterations and 0.16 seconds
Optimal objective -4.74080327e+04


Root relaxation: objective -4.740803e+04, 4381 iterations, 0.13 seconds

    Nodes    |    Current Node    |     Objective Bounds      |     Work
 Expl Unexpl |  Obj  Depth IntInf | Incumbent    BestBd   Gap | It/Node Time

     0     0 -47408.033    0  262    0.00000 -47408.033      -     -    0s
H    0     0                    -42647.00000 -47408.033  11.2%     -    0s
H    0     0                    -43651.00000 -47408.033  8.61%     -    0s
H    0     0                    -43988.00000 -47408.033  7.77%     -    0s
H    0     0                    -43995.00000 -47408.033  7.76%     -    0s
H    0     0                    -44127.00000 -47408.033  7.44%     -    0s
     0     0 -46717.270    0  398 -44127.000 -46717.270  5.87%     -    0s
     0     0 -46708.558    0  398 -44127.000 -46708.558  5.85%     -    0s
H    0     0                    -44429.00000 -46708.558  5.13%     -    0s
H    0     0                    -44440.00000 -46708.558  5.10%     -    0s
     0     0 -45990.100    0  400 -44440.000 -45990.100  3.49%     -    0s
H    0     0                    -44754.00000 -45990.100  2.76%     -    0s
H    0     0                    -45042.00000 -45990.100  2.10%     -    0s
     0     0 -45925.141    0  431 -45042.000 -45925.141  1.96%     -    0s
     0     0 -45892.702    0  419 -45042.000 -45892.702  1.89%     -    0s
H    0     0                    -45305.00000 -45892.702  1.30%     -    0s
     0     0 -45879.809    0  414 -45305.000 -45879.809  1.27%     -    0s
     0     0 -45879.809    0  415 -45305.000 -45879.809  1.27%     -    1s
H    0     0                    -45361.00000 -45879.809  1.14%     -    1s
     0     0 -45879.809    0  434 -45361.000 -45879.809  1.14%     -    1s
     0     0 -45879.809    0  241 -45361.000 -45879.809  1.14%     -    1s
H    0     0                    -45438.00000 -45879.809  0.97%     -    1s

Cutting planes:
  Gomory: 10
  Cover: 167
  Clique: 3
  MIR: 24

Explored 0 nodes (11187 simplex iterations) in 1.52 seconds
Thread count was 16 (of 16 available processors)

Optimal solution found (tolerance 1.00e-02)
Best objective -4.543800000000e+04, best bound -4.587900000000e+04, gap 0.9706%
Changed value of parameter MIPGap to 0.01
   Prev: 0.0001  Min: 0.0  Max: 1e+100  Default: 0.0001
Changed value of parameter TimeLimit to 1800.0
   Prev: 1e+100  Min: 0.0  Max: 1e+100  Default: 1e+100
Changed value of parameter Method to 2
   Prev: -1  Min: -1  Max: 4  Default: -1
Changed value of parameter MIPFocus to 1
   Prev: 0  Min: 0  Max: 3  Default: 0
Optimize a model with 2506 rows, 7721 columns and 15442 nonzeros
Coefficient statistics:
  Matrix range    [1e+00, 4e+01]
  Objective range [2e+01, 4e+02]
  Bounds range    [1e+00, 1e+00]
  RHS range       [8e+01, 8e+01]
Found heuristic solution: objective 0
Presolve removed 63 rows and 216 columns
Presolve time: 0.05s
Presolved: 2443 rows, 7505 columns, 15010 nonzeros
Variable types: 0 continuous, 7505 integer (7505 binary)
Optimize a model with 2443 rows, 7505 columns and 15010 nonzeros
Coefficient statistics:
  Matrix range    [1e+00, 4e+01]
  Objective range [2e+01, 4e+02]
  Bounds range    [1e+00, 1e+00]
  RHS range       [1e+00, 8e+01]
Presolved: 2443 rows, 7505 columns, 15010 nonzeros

Root barrier log...

Ordering time: 0.00s

Barrier statistics:
 AA' NZ     : 7.505e+03
 Factor NZ  : 4.334e+04 (roughly 4 MBytes of memory)
 Factor Ops : 3.651e+06 (less than 1 second per iteration)
 Threads    : 1

                  Objective                Residual
Iter       Primal          Dual         Primal    Dual     Compl     Time
   0  -3.54079973e+05 -1.84530259e+06  1.95e+01 3.51e+01  6.28e+02     0s
   1  -1.42769701e+05 -1.19284725e+06  4.13e+00 1.99e-13  1.41e+02     0s
   2  -9.25909742e+04 -4.36027032e+05  3.45e-01 1.28e-13  2.51e+01     0s
   3  -9.05925701e+04 -1.37313798e+05  2.59e-02 2.27e-13  3.10e+00     0s
   4  -9.20037244e+04 -1.03046066e+05  7.30e-03 1.71e-13  7.31e-01     0s
   5  -9.27712927e+04 -9.78140922e+04  3.72e-03 2.27e-13  3.34e-01     0s
   6  -9.32125181e+04 -9.56118490e+04  2.24e-03 1.71e-13  1.60e-01     0s
   7  -9.35267069e+04 -9.43582752e+04  1.32e-03 1.71e-13  5.62e-02     0s
   8  -9.37123196e+04 -9.40908438e+04  7.69e-04 1.71e-13  2.58e-02     0s
   9  -9.38229100e+04 -9.40141539e+04  4.35e-04 1.71e-13  1.31e-02     0s
  10  -9.38756905e+04 -9.39958755e+04  2.77e-04 1.71e-13  8.25e-03     0s
  11  -9.39199830e+04 -9.39836032e+04  1.46e-04 1.71e-13  4.37e-03     0s
  12  -9.39614471e+04 -9.39727390e+04  1.83e-05 1.14e-13  7.65e-04     0s
  13  -9.39686757e+04 -9.39695208e+04  1.51e-06 1.14e-13  5.75e-05     0s
  14  -9.39693228e+04 -9.39693242e+04  3.73e-12 1.14e-13  9.40e-08     0s
  15  -9.39693237e+04 -9.39693237e+04  2.21e-12 1.14e-13  9.40e-11     0s

Barrier solved model in 15 iterations and 0.16 seconds
Optimal objective -9.39693237e+04


Root relaxation: objective -9.396932e+04, 4352 iterations, 0.13 seconds

    Nodes    |    Current Node    |     Objective Bounds      |     Work
 Expl Unexpl |  Obj  Depth IntInf | Incumbent    BestBd   Gap | It/Node Time

     0     0 -93969.324    0  274    0.00000 -93969.324      -     -    0s
H    0     0                    -83700.00000 -93969.324  12.3%     -    0s
H    0     0                    -85158.00000 -93969.324  10.3%     -    0s
H    0     0                    -86049.00000 -93969.324  9.20%     -    0s
H    0     0                    -86436.00000 -93969.324  8.72%     -    0s
H    0     0                    -86816.00000 -93969.324  8.24%     -    0s
     0     0 -91680.529    0  384 -86816.000 -91680.529  5.60%     -    0s
H    0     0                    -88014.00000 -91680.529  4.17%     -    0s
H    0     0                    -88386.00000 -91680.529  3.73%     -    0s
     0     0 -91634.617    0  392 -88386.000 -91634.617  3.68%     -    0s
     0     0 -90891.879    0  428 -88386.000 -90891.879  2.84%     -    0s
H    0     0                    -89343.00000 -90891.879  1.73%     -    0s
     0     0 -90763.872    0  448 -89343.000 -90763.872  1.59%     -    0s
     0     0 -90763.262    0  478 -89343.000 -90763.262  1.59%     -    0s
H    0     0                    -89712.00000 -90763.262  1.17%     -    0s
     0     0 -90756.718    0  473 -89712.000 -90756.718  1.16%     -    0s
     0     0 -90756.718    0  469 -89712.000 -90756.718  1.16%     -    1s
     0     0 -90754.210    0  502 -89712.000 -90754.210  1.16%     -    1s
     0     0 -90754.210    0  242 -89712.000 -90754.210  1.16%     -    1s
H    0     0                    -89807.00000 -90754.210  1.05%     -    1s
H    0     0                    -89960.00000 -90754.210  0.88%     -    1s

Cutting planes:
  Gomory: 15
  Cover: 175
  Clique: 3
  MIR: 38

Explored 0 nodes (11964 simplex iterations) in 1.66 seconds
Thread count was 16 (of 16 available processors)

Optimal solution found (tolerance 1.00e-02)
Best objective -8.996000000000e+04, best bound -9.075400000000e+04, gap 0.8826%
Changed value of parameter MIPGap to 0.01
   Prev: 0.0001  Min: 0.0  Max: 1e+100  Default: 0.0001
Changed value of parameter TimeLimit to 1800.0
   Prev: 1e+100  Min: 0.0  Max: 1e+100  Default: 1e+100
Changed value of parameter Method to 2
   Prev: -1  Min: -1  Max: 4  Default: -1
Changed value of parameter MIPFocus to 1
   Prev: 0  Min: 0  Max: 3  Default: 0
Optimize a model with 2506 rows, 7721 columns and 15442 nonzeros
Coefficient statistics:
  Matrix range    [1e+00, 4e+01]
  Objective range [5e+01, 1e+03]
  Bounds range    [1e+00, 1e+00]
  RHS range       [8e+01, 8e+01]
Found heuristic solution: objective 0
Presolve removed 63 rows and 216 columns
Presolve time: 0.05s
Presolved: 2443 rows, 7505 columns, 15010 nonzeros
Variable types: 0 continuous, 7505 integer (7505 binary)
Optimize a model with 2443 rows, 7505 columns and 15010 nonzeros
Coefficient statistics:
  Matrix range    [1e+00, 4e+01]
  Objective range [5e+01, 1e+03]
  Bounds range    [1e+00, 1e+00]
  RHS range       [1e+00, 8e+01]
Presolved: 2443 rows, 7505 columns, 15010 nonzeros

Root barrier log...

Ordering time: 0.00s

Barrier statistics:
 AA' NZ     : 7.505e+03
 Factor NZ  : 4.334e+04 (roughly 4 MBytes of memory)
 Factor Ops : 3.651e+06 (less than 1 second per iteration)
 Threads    : 1

                  Objective                Residual
Iter       Primal          Dual         Primal    Dual     Compl     Time
   0  -8.79788781e+05 -4.60647020e+06  1.95e+01 8.75e+01  1.57e+03     0s
   1  -3.54868857e+05 -2.97727738e+06  4.13e+00 5.12e-13  3.53e+02     0s
   2  -2.30034328e+05 -1.08822559e+06  3.45e-01 3.41e-13  6.26e+01     0s
   3  -2.25076836e+05 -3.41635583e+05  2.58e-02 9.09e-13  7.74e+00     0s
   4  -2.28590373e+05 -2.57350091e+05  7.42e-03 6.82e-13  1.90e+00     0s
   5  -2.30637782e+05 -2.43686012e+05  3.66e-03 5.68e-13  8.64e-01     0s
   6  -2.31775630e+05 -2.38129680e+05  2.17e-03 4.55e-13  4.22e-01     0s
   7  -2.32596596e+05 -2.35194747e+05  1.22e-03 3.41e-13  1.74e-01     0s
   8  -2.33079436e+05 -2.33945465e+05  6.58e-04 2.27e-13  5.89e-02     0s
   9  -2.33322616e+05 -2.33772586e+05  3.76e-04 2.27e-13  3.07e-02     0s
  10  -2.33445482e+05 -2.33704955e+05  2.37e-04 4.55e-13  1.78e-02     0s
  11  -2.33551084e+05 -2.33686070e+05  1.17e-04 2.27e-13  9.24e-03     0s
  12  -2.33646993e+05 -2.33664135e+05  8.51e-06 3.41e-13  1.15e-03     0s
  13  -2.33651626e+05 -2.33661025e+05  4.60e-06 2.27e-13  6.31e-04     0s
  14  -2.33656935e+05 -2.33657235e+05  1.22e-07 2.27e-13  2.00e-05     0s
  15  -2.33657099e+05 -2.33657108e+05  1.32e-09 2.27e-13  5.41e-07     0s
  16  -2.33657102e+05 -2.33657102e+05  2.73e-13 3.41e-13  5.41e-10     0s

Barrier solved model in 16 iterations and 0.16 seconds
Optimal objective -2.33657102e+05


Root relaxation: objective -2.336571e+05, 4430 iterations, 0.14 seconds

    Nodes    |    Current Node    |     Objective Bounds      |     Work
 Expl Unexpl |  Obj  Depth IntInf | Incumbent    BestBd   Gap | It/Node Time

     0     0 -233657.10    0  254    0.00000 -233657.10      -     -    0s
H    0     0                    -213182.0000 -233657.10  9.60%     -    0s
H    0     0                    -215891.0000 -233657.10  8.23%     -    0s
H    0     0                    -217461.0000 -233657.10  7.45%     -    0s
H    0     0                    -217665.0000 -233657.10  7.35%     -    0s
H    0     0                    -217767.0000 -233657.10  7.30%     -    0s
     0     0 -229040.33    0  381 -217767.00 -229040.33  5.18%     -    0s
     0     0 -229019.57    0  408 -217767.00 -229019.57  5.17%     -    0s
H    0     0                    -218571.0000 -229019.57  4.78%     -    0s
     0     0 -226215.73    0  400 -218571.00 -226215.73  3.50%     -    0s
     0     0 -226163.10    0  447 -218571.00 -226163.10  3.47%     -    0s
H    0     0                    -218768.0000 -226163.10  3.38%     -    0s
     0     0 -225769.75    0  428 -218768.00 -225769.75  3.20%     -    0s
H    0     0                    -220986.0000 -225769.75  2.16%     -    0s
H    0     0                    -222242.0000 -225769.75  1.59%     -    0s
     0     0 -225509.53    0  440 -222242.00 -225509.53  1.47%     -    1s
     0     0 -225509.53    0  427 -222242.00 -225509.53  1.47%     -    1s
H    0     0                    -222902.0000 -225509.53  1.17%     -    1s
     0     0 -225499.94    0  458 -222902.00 -225499.94  1.17%     -    1s
     0     0 -225499.94    0  203 -222902.00 -225499.94  1.17%     -    1s
H    0     0                    -223608.0000 -225499.94  0.85%     -    1s

Cutting planes:
  Gomory: 8
  Cover: 149
  Clique: 5
  MIR: 30

Explored 0 nodes (12610 simplex iterations) in 1.63 seconds
Thread count was 16 (of 16 available processors)

Optimal solution found (tolerance 1.00e-02)
Best objective -2.236080000000e+05, best bound -2.254990000000e+05, gap 0.8457%
Changed value of parameter MIPGap to 0.01
   Prev: 0.0001  Min: 0.0  Max: 1e+100  Default: 0.0001
Changed value of parameter TimeLimit to 1800.0
   Prev: 1e+100  Min: 0.0  Max: 1e+100  Default: 1e+100
Changed value of parameter Method to 2
   Prev: -1  Min: -1  Max: 4  Default: -1
Changed value of parameter MIPFocus to 1
   Prev: 0  Min: 0  Max: 3  Default: 0
Optimize a model with 2506 rows, 7721 columns and 15442 nonzeros
Coefficient statistics:
  Matrix range    [1e+00, 4e+01]
  Objective range [5e+02, 1e+04]
  Bounds range    [1e+00, 1e+00]
  RHS range       [8e+01, 8e+01]
Found heuristic solution: objective 0
Presolve removed 63 rows and 216 columns
Presolve time: 0.05s
Presolved: 2443 rows, 7505 columns, 15010 nonzeros
Variable types: 0 continuous, 7505 integer (7505 binary)
Optimize a model with 2443 rows, 7505 columns and 15010 nonzeros
Coefficient statistics:
  Matrix range    [1e+00, 4e+01]
  Objective range [5e+02, 1e+04]
  Bounds range    [1e+00, 1e+00]
  RHS range       [1e+00, 8e+01]
Presolved: 2443 rows, 7505 columns, 15010 nonzeros

Root barrier log...

Ordering time: 0.00s

Barrier statistics:
 AA' NZ     : 7.505e+03
 Factor NZ  : 4.334e+04 (roughly 4 MBytes of memory)
 Factor Ops : 3.651e+06 (less than 1 second per iteration)
 Threads    : 1

                  Objective                Residual
Iter       Primal          Dual         Primal    Dual     Compl     Time
   0  -8.76542087e+06 -4.60239843e+07  1.95e+01 8.73e+02  1.57e+04     0s
   1  -3.53635438e+06 -2.97437312e+07  4.14e+00 5.46e-12  3.53e+03     0s
   2  -2.29169018e+06 -1.08712095e+07  3.45e-01 3.64e-12  6.26e+02     0s
   3  -2.24235437e+06 -3.40643429e+06  2.57e-02 9.09e-12  7.73e+01     0s
   4  -2.27743263e+06 -2.57159240e+06  7.49e-03 5.46e-12  1.95e+01     0s
   5  -2.29791097e+06 -2.43289204e+06  3.76e-03 5.46e-12  8.94e+00     0s
   6  -2.30976154e+06 -2.37608078e+06  2.21e-03 5.46e-12  4.40e+00     0s
   7  -2.31793023e+06 -2.34372777e+06  1.27e-03 3.64e-12  1.73e+00     0s
   8  -2.32321527e+06 -2.33268262e+06  6.45e-04 5.46e-12  6.41e-01     0s
   9  -2.32608236e+06 -2.33021109e+06  3.20e-04 3.64e-12  2.81e-01     0s
  10  -2.32786702e+06 -2.32963372e+06  1.25e-04 3.64e-12  1.20e-01     0s
  11  -2.32856060e+06 -2.32921161e+06  4.89e-05 5.46e-12  4.43e-02     0s
  12  -2.32901080e+06 -2.32906294e+06  2.01e-06 1.82e-12  3.48e-03     0s
  13  -2.32903614e+06 -2.32903635e+06  2.63e-09 3.64e-12  1.38e-05     0s
  14  -2.32903618e+06 -2.32903618e+06  9.11e-14 3.64e-12  1.38e-08     0s
  15  -2.32903618e+06 -2.32903618e+06  2.13e-13 3.64e-12  1.38e-11     0s

Barrier solved model in 15 iterations and 0.16 seconds
Optimal objective -2.32903618e+06


Root relaxation: objective -2.329036e+06, 4244 iterations, 0.13 seconds

    Nodes    |    Current Node    |     Objective Bounds      |     Work
 Expl Unexpl |  Obj  Depth IntInf | Incumbent    BestBd   Gap | It/Node Time

     0     0 -2329036.2    0  243    0.00000 -2329036.2      -     -    0s
H    0     0                    -2064966.000 -2329036.2  12.8%     -    0s
H    0     0                    -2090469.000 -2329036.2  11.4%     -    0s
H    0     0                    -2106470.000 -2329036.2  10.6%     -    0s
H    0     0                    -2140450.000 -2329036.2  8.81%     -    0s
     0     0 -2283343.5    0  369 -2140450.0 -2283343.5  6.68%     -    0s
     0     0 -2282007.7    0  381 -2140450.0 -2282007.7  6.61%     -    0s
H    0     0                    -2151945.000 -2282007.7  6.04%     -    0s
     0     0 -2257529.7    0  397 -2151945.0 -2257529.7  4.91%     -    0s
     0     0 -2251414.1    0  391 -2151945.0 -2251414.1  4.62%     -    0s
H    0     0                    -2159945.000 -2251414.1  4.23%     -    0s
H    0     0                    -2165445.000 -2251414.1  3.97%     -    0s
     0     0 -2246009.1    0  492 -2165445.0 -2246009.1  3.72%     -    0s
     0     0 -2246009.1    0  478 -2165445.0 -2246009.1  3.72%     -    0s
     0     0 -2246009.1    0  502 -2165445.0 -2246009.1  3.72%     -    1s
     0     0 -2245896.3    0  501 -2165445.0 -2245896.3  3.72%     -    1s
H    0     0                    -2170446.000 -2245896.3  3.48%     -    1s
     0     0 -2245896.3    0  208 -2170446.0 -2245896.3  3.48%     -    1s
H    0     0                    -2220443.000 -2245896.3  1.15%     -    1s
H    0     0                    -2229964.000 -2245896.3  0.71%     -    1s

Cutting planes:
  Gomory: 9
  Cover: 165
  Clique: 4
  MIR: 35

Explored 0 nodes (12726 simplex iterations) in 1.49 seconds
Thread count was 16 (of 16 available processors)

Optimal solution found (tolerance 1.00e-02)
Best objective -2.229964000000e+06, best bound -2.245896000000e+06, gap 0.7145%
