Changed value of parameter MIPGap to 0.01
   Prev: 0.0001  Min: 0.0  Max: 1e+100  Default: 0.0001
Changed value of parameter TimeLimit to 1800.0
   Prev: 1e+100  Min: 0.0  Max: 1e+100  Default: 1e+100
Changed value of parameter Method to 2
   Prev: -1  Min: -1  Max: 4  Default: -1
Changed value of parameter MIPFocus to 1
   Prev: 0  Min: 0  Max: 3  Default: 0
Optimize a model with 2154 rows, 3081 columns and 6162 nonzeros
Coefficient statistics:
  Matrix range    [1e+00, 2e+01]
  Objective range [1e+00, 1e+00]
  Bounds range    [1e+00, 1e+00]
  RHS range       [8e+01, 8e+01]
Found heuristic solution: objective 0
Presolve removed 2076 rows and 2243 columns
Presolve time: 0.01s
Presolved: 78 rows, 838 columns, 1570 nonzeros
Found heuristic solution: objective -715.0000000
Variable types: 0 continuous, 838 integer (749 binary)
Optimize a model with 78 rows, 838 columns and 1570 nonzeros
Coefficient statistics:
  Matrix range    [1e+00, 2e+01]
  Objective range [1e+00, 1e+00]
  Bounds range    [1e+00, 7e+00]
  RHS range       [2e+01, 8e+01]
Presolved: 78 rows, 838 columns, 1570 nonzeros

Root barrier log...

Ordering time: 0.00s

Barrier statistics:
 AA' NZ     : 7.100e+02
 Factor NZ  : 2.410e+03
 Factor Ops : 9.456e+04 (less than 1 second per iteration)
 Threads    : 1

                  Objective                Residual
Iter       Primal          Dual         Primal    Dual     Compl     Time
   0  -3.10016775e+03 -3.91373495e+03  1.61e+01 8.88e-16  6.38e+00     0s
   1  -9.94083084e+02 -2.41205018e+03  1.63e+00 1.09e+00  1.35e+00     0s
   2  -7.83558916e+02 -1.13664902e+03  0.00e+00 1.43e-01  2.05e-01     0s
   3  -8.31622554e+02 -8.91612495e+02  0.00e+00 5.26e-03  3.44e-02     0s
   4  -8.48130327e+02 -8.71832237e+02  0.00e+00 3.55e-15  1.36e-02     0s
   5  -8.58355870e+02 -8.66058502e+02  0.00e+00 3.55e-15  4.41e-03     0s
   6  -8.61066914e+02 -8.64368318e+02  0.00e+00 1.78e-15  1.89e-03     0s
   7  -8.62914476e+02 -8.63525297e+02  0.00e+00 1.78e-15  3.49e-04     0s
   8  -8.63113948e+02 -8.63121797e+02  0.00e+00 3.55e-15  4.48e-06     0s
   9  -8.63119048e+02 -8.63119048e+02  0.00e+00 3.55e-15  9.24e-11     0s

Barrier solved model in 9 iterations and 0.02 seconds
Optimal objective -8.63119048e+02


Root relaxation: objective -8.631190e+02, 180 iterations, 0.01 seconds

    Nodes    |    Current Node    |     Objective Bounds      |     Work
 Expl Unexpl |  Obj  Depth IntInf | Incumbent    BestBd   Gap | It/Node Time

     0     0 -863.11905    0   62 -715.00000 -863.11905  20.7%     -    0s
H    0     0                    -840.0000000 -863.11905  2.75%     -    0s
H    0     0                    -842.0000000 -863.11905  2.51%     -    0s
H    0     0                    -843.0000000 -863.11905  2.39%     -    0s
*    0     0               0    -845.0000000 -845.00000  0.00%     -    0s

Cutting planes:
  Gomory: 2
  Cover: 2
  MIR: 62

Explored 0 nodes (377 simplex iterations) in 0.08 seconds
Thread count was 16 (of 16 available processors)

Optimal solution found (tolerance 1.00e-02)
Best objective -8.450000000000e+02, best bound -8.450000000000e+02, gap 0.0%
Changed value of parameter MIPGap to 0.01
   Prev: 0.0001  Min: 0.0  Max: 1e+100  Default: 0.0001
Changed value of parameter TimeLimit to 1800.0
   Prev: 1e+100  Min: 0.0  Max: 1e+100  Default: 1e+100
Changed value of parameter Method to 2
   Prev: -1  Min: -1  Max: 4  Default: -1
Changed value of parameter MIPFocus to 1
   Prev: 0  Min: 0  Max: 3  Default: 0
Optimize a model with 2154 rows, 3081 columns and 6162 nonzeros
Coefficient statistics:
  Matrix range    [1e+00, 2e+01]
  Objective range [1e+00, 1e+00]
  Bounds range    [1e+00, 1e+00]
  RHS range       [8e+01, 8e+01]
Found heuristic solution: objective 0
Presolve removed 2076 rows and 2238 columns
Presolve time: 0.01s
Presolved: 78 rows, 843 columns, 1575 nonzeros
Found heuristic solution: objective -710.9570000
Variable types: 0 continuous, 843 integer (752 binary)
Optimize a model with 78 rows, 843 columns and 1575 nonzeros
Coefficient statistics:
  Matrix range    [1e+00, 2e+01]
  Objective range [1e+00, 1e+00]
  Bounds range    [1e+00, 7e+00]
  RHS range       [2e+01, 8e+01]
Presolved: 78 rows, 843 columns, 1575 nonzeros

Root barrier log...

Ordering time: 0.00s

Barrier statistics:
 AA' NZ     : 7.100e+02
 Factor NZ  : 2.410e+03
 Factor Ops : 9.456e+04 (less than 1 second per iteration)
 Threads    : 1

                  Objective                Residual
Iter       Primal          Dual         Primal    Dual     Compl     Time
   0  -3.12039380e+03 -3.92354522e+03  1.61e+01 1.78e-15  6.37e+00     0s
   1  -9.97759313e+02 -2.41886950e+03  1.63e+00 1.09e+00  1.34e+00     0s
   2  -7.84889041e+02 -1.13904908e+03  0.00e+00 1.42e-01  2.04e-01     0s
   3  -8.33405682e+02 -8.93893815e+02  0.00e+00 5.30e-03  3.45e-02     0s
   4  -8.49993880e+02 -8.74057607e+02  0.00e+00 1.78e-15  1.37e-02     0s
   5  -8.60256416e+02 -8.68087899e+02  0.00e+00 1.78e-15  4.45e-03     0s
   6  -8.62991000e+02 -8.66339568e+02  0.00e+00 1.78e-15  1.90e-03     0s
   7  -8.64856038e+02 -8.65453518e+02  0.00e+00 1.78e-15  3.39e-04     0s
   8  -8.65058058e+02 -8.65065423e+02  0.00e+00 3.55e-15  4.18e-06     0s
   9  -8.65062738e+02 -8.65062738e+02  0.00e+00 3.55e-15  7.27e-11     0s

Barrier solved model in 9 iterations and 0.02 seconds
Optimal objective -8.65062738e+02


Root relaxation: objective -8.650627e+02, 180 iterations, 0.01 seconds

    Nodes    |    Current Node    |     Objective Bounds      |     Work
 Expl Unexpl |  Obj  Depth IntInf | Incumbent    BestBd   Gap | It/Node Time

     0     0 -865.06274    0   64 -710.95700 -865.06274  21.7%     -    0s
H    0     0                    -841.7695000 -865.06274  2.77%     -    0s
H    0     0                    -843.7800000 -865.06274  2.52%     -    0s
H    0     0                    -844.7805000 -865.06274  2.40%     -    0s
H    0     0                    -845.7525000 -865.06274  2.28%     -    0s
     0     0 -846.82023    0   12 -845.75250 -846.82023  0.13%     -    0s

Cutting planes:
  Gomory: 2
  Cover: 2
  MIR: 62

Explored 0 nodes (413 simplex iterations) in 0.09 seconds
Thread count was 16 (of 16 available processors)

Optimal solution found (tolerance 1.00e-02)
Best objective -8.457525000000e+02, best bound -8.468202307692e+02, gap 0.1262%
Changed value of parameter MIPGap to 0.01
   Prev: 0.0001  Min: 0.0  Max: 1e+100  Default: 0.0001
Changed value of parameter TimeLimit to 1800.0
   Prev: 1e+100  Min: 0.0  Max: 1e+100  Default: 1e+100
Changed value of parameter Method to 2
   Prev: -1  Min: -1  Max: 4  Default: -1
Changed value of parameter MIPFocus to 1
   Prev: 0  Min: 0  Max: 3  Default: 0
Optimize a model with 2154 rows, 3081 columns and 6162 nonzeros
Coefficient statistics:
  Matrix range    [1e+00, 2e+01]
  Objective range [1e+00, 1e+00]
  Bounds range    [1e+00, 1e+00]
  RHS range       [8e+01, 8e+01]
Found heuristic solution: objective 0
Presolve removed 2076 rows and 2238 columns
Presolve time: 0.01s
Presolved: 78 rows, 843 columns, 1575 nonzeros
Found heuristic solution: objective -712.9140000
Variable types: 0 continuous, 843 integer (752 binary)
Optimize a model with 78 rows, 843 columns and 1575 nonzeros
Coefficient statistics:
  Matrix range    [1e+00, 2e+01]
  Objective range [1e+00, 1e+00]
  Bounds range    [1e+00, 7e+00]
  RHS range       [2e+01, 8e+01]
Presolved: 78 rows, 843 columns, 1575 nonzeros

Root barrier log...

Ordering time: 0.00s

Barrier statistics:
 AA' NZ     : 7.100e+02
 Factor NZ  : 2.410e+03
 Factor Ops : 9.456e+04 (less than 1 second per iteration)
 Threads    : 1

                  Objective                Residual
Iter       Primal          Dual         Primal    Dual     Compl     Time
   0  -3.12515710e+03 -3.92527871e+03  1.61e+01 1.33e-15  6.37e+00     0s
   1  -9.99678758e+02 -2.42015510e+03  1.63e+00 1.09e+00  1.34e+00     0s
   2  -7.86547652e+02 -1.14041418e+03  0.00e+00 1.42e-01  2.04e-01     0s
   3  -8.35243321e+02 -8.96066808e+02  0.00e+00 5.36e-03  3.47e-02     0s
   4  -8.51581790e+02 -8.75792336e+02  0.00e+00 1.78e-15  1.38e-02     0s
   5  -8.62402500e+02 -8.70095285e+02  0.00e+00 1.78e-15  4.37e-03     0s
   6  -8.64969711e+02 -8.68299771e+02  0.00e+00 3.55e-15  1.89e-03     0s
   7  -8.66798694e+02 -8.67570334e+02  0.00e+00 1.78e-15  4.38e-04     0s
   8  -8.66996313e+02 -8.67010608e+02  0.00e+00 3.55e-15  8.10e-06     0s
   9  -8.67006428e+02 -8.67006429e+02  0.00e+00 3.55e-15  6.57e-10     0s

Barrier solved model in 9 iterations and 0.02 seconds
Optimal objective -8.67006428e+02


Root relaxation: objective -8.670064e+02, 180 iterations, 0.01 seconds

    Nodes    |    Current Node    |     Objective Bounds      |     Work
 Expl Unexpl |  Obj  Depth IntInf | Incumbent    BestBd   Gap | It/Node Time

     0     0 -867.00643    0   63 -712.91400 -867.00643  21.6%     -    0s
H    0     0                    -846.5610000 -867.00643  2.42%     -    0s
H    0     0                    -847.5430000 -867.00643  2.30%     -    0s
     0     0 -848.64046    0   13 -847.54300 -848.64046  0.13%     -    0s

Cutting planes:
  Gomory: 2
  Cover: 2
  MIR: 62

Explored 0 nodes (497 simplex iterations) in 0.08 seconds
Thread count was 16 (of 16 available processors)

Optimal solution found (tolerance 1.00e-02)
Best objective -8.475430000000e+02, best bound -8.486404615384e+02, gap 0.1295%
Changed value of parameter MIPGap to 0.01
   Prev: 0.0001  Min: 0.0  Max: 1e+100  Default: 0.0001
Changed value of parameter TimeLimit to 1800.0
   Prev: 1e+100  Min: 0.0  Max: 1e+100  Default: 1e+100
Changed value of parameter Method to 2
   Prev: -1  Min: -1  Max: 4  Default: -1
Changed value of parameter MIPFocus to 1
   Prev: 0  Min: 0  Max: 3  Default: 0
Optimize a model with 2154 rows, 3081 columns and 6162 nonzeros
Coefficient statistics:
  Matrix range    [1e+00, 2e+01]
  Objective range [1e+00, 1e+00]
  Bounds range    [1e+00, 1e+00]
  RHS range       [8e+01, 8e+01]
Found heuristic solution: objective 0
Presolve removed 2076 rows and 2238 columns
Presolve time: 0.01s
Presolved: 78 rows, 843 columns, 1575 nonzeros
Found heuristic solution: objective -716.8280000
Variable types: 0 continuous, 843 integer (752 binary)
Optimize a model with 78 rows, 843 columns and 1575 nonzeros
Coefficient statistics:
  Matrix range    [1e+00, 2e+01]
  Objective range [1e+00, 1e+00]
  Bounds range    [1e+00, 7e+00]
  RHS range       [2e+01, 8e+01]
Presolved: 78 rows, 843 columns, 1575 nonzeros

Root barrier log...

Ordering time: 0.00s

Barrier statistics:
 AA' NZ     : 7.100e+02
 Factor NZ  : 2.410e+03
 Factor Ops : 9.456e+04 (less than 1 second per iteration)
 Threads    : 1

                  Objective                Residual
Iter       Primal          Dual         Primal    Dual     Compl     Time
   0  -3.13468360e+03 -3.92874569e+03  1.61e+01 1.78e-15  6.37e+00     0s
   1  -1.00351917e+03 -2.42272624e+03  1.63e+00 1.08e+00  1.34e+00     0s
   2  -7.89868922e+02 -1.14314058e+03  0.00e+00 1.41e-01  2.04e-01     0s
   3  -8.38923200e+02 -9.00409238e+02  0.00e+00 5.47e-03  3.51e-02     0s
   4  -8.55457538e+02 -8.79793988e+02  0.00e+00 3.55e-15  1.38e-02     0s
   5  -8.66383265e+02 -8.74003836e+02  0.00e+00 3.55e-15  4.33e-03     0s
   6  -8.68888771e+02 -8.72214345e+02  0.00e+00 1.78e-15  1.89e-03     0s
   7  -8.70691476e+02 -8.71484259e+02  0.00e+00 1.78e-15  4.50e-04     0s
   8  -8.70883684e+02 -8.70897912e+02  0.00e+00 3.55e-15  8.07e-06     0s
   9  -8.70893809e+02 -8.70893810e+02  0.00e+00 3.55e-15  5.88e-10     0s

Barrier solved model in 9 iterations and 0.02 seconds
Optimal objective -8.70893809e+02


Root relaxation: objective -8.708938e+02, 180 iterations, 0.01 seconds

    Nodes    |    Current Node    |     Objective Bounds      |     Work
 Expl Unexpl |  Obj  Depth IntInf | Incumbent    BestBd   Gap | It/Node Time

     0     0 -870.89381    0   62 -716.82800 -870.89381  21.5%     -    0s
H    0     0                    -846.1900000 -870.89381  2.92%     -    0s
H    0     0                    -848.1560000 -870.89381  2.68%     -    0s
H    0     0                    -850.1220000 -870.89381  2.44%     -    0s
     0     0 -852.28092    0   17 -850.12200 -852.28092  0.25%     -    0s

Cutting planes:
  Gomory: 2
  Cover: 2
  MIR: 62

Explored 0 nodes (421 simplex iterations) in 0.07 seconds
Thread count was 16 (of 16 available processors)

Optimal solution found (tolerance 1.00e-02)
Best objective -8.501220000000e+02, best bound -8.522809230769e+02, gap 0.2540%
Changed value of parameter MIPGap to 0.01
   Prev: 0.0001  Min: 0.0  Max: 1e+100  Default: 0.0001
Changed value of parameter TimeLimit to 1800.0
   Prev: 1e+100  Min: 0.0  Max: 1e+100  Default: 1e+100
Changed value of parameter Method to 2
   Prev: -1  Min: -1  Max: 4  Default: -1
Changed value of parameter MIPFocus to 1
   Prev: 0  Min: 0  Max: 3  Default: 0
Optimize a model with 2154 rows, 3081 columns and 6162 nonzeros
Coefficient statistics:
  Matrix range    [1e+00, 2e+01]
  Objective range [1e+00, 1e+00]
  Bounds range    [1e+00, 1e+00]
  RHS range       [8e+01, 8e+01]
Found heuristic solution: objective 0
Presolve removed 2076 rows and 2238 columns
Presolve time: 0.01s
Presolved: 78 rows, 843 columns, 1575 nonzeros
Found heuristic solution: objective -724.6560000
Variable types: 0 continuous, 843 integer (752 binary)
Optimize a model with 78 rows, 843 columns and 1575 nonzeros
Coefficient statistics:
  Matrix range    [1e+00, 2e+01]
  Objective range [1e+00, 1e+00]
  Bounds range    [1e+00, 7e+00]
  RHS range       [2e+01, 8e+01]
Presolved: 78 rows, 843 columns, 1575 nonzeros

Root barrier log...

Ordering time: 0.00s

Barrier statistics:
 AA' NZ     : 7.100e+02
 Factor NZ  : 2.410e+03
 Factor Ops : 9.456e+04 (less than 1 second per iteration)
 Threads    : 1

                  Objective                Residual
Iter       Primal          Dual         Primal    Dual     Compl     Time
   0  -3.15373620e+03 -3.93567964e+03  1.61e+01 8.88e-16  6.37e+00     0s
   1  -1.01120609e+03 -2.42786834e+03  1.64e+00 1.08e+00  1.34e+00     0s
   2  -7.96527688e+02 -1.14862274e+03  0.00e+00 1.40e-01  2.03e-01     0s
   3  -8.46300473e+02 -9.09046048e+02  0.00e+00 5.65e-03  3.58e-02     0s
   4  -8.63068441e+02 -8.87762545e+02  0.00e+00 3.55e-15  1.40e-02     0s
   5  -8.74277530e+02 -8.81785007e+02  0.00e+00 3.55e-15  4.27e-03     0s
   6  -8.76726751e+02 -8.80038104e+02  0.00e+00 1.78e-15  1.88e-03     0s
   7  -8.78477006e+02 -8.79243402e+02  0.00e+00 1.78e-15  4.35e-04     0s
   8  -8.78660717e+02 -8.78671951e+02  0.00e+00 3.55e-15  6.37e-06     0s
   9  -8.78668571e+02 -8.78668572e+02  0.00e+00 3.55e-15  2.17e-10     0s

Barrier solved model in 9 iterations and 0.02 seconds
Optimal objective -8.78668571e+02


Root relaxation: objective -8.786686e+02, 180 iterations, 0.01 seconds

    Nodes    |    Current Node    |     Objective Bounds      |     Work
 Expl Unexpl |  Obj  Depth IntInf | Incumbent    BestBd   Gap | It/Node Time

     0     0 -878.66857    0   66 -724.65600 -878.66857  21.3%     -    0s
H    0     0                    -855.3120000 -878.66857  2.73%     -    0s
H    0     0                    -857.1680000 -878.66857  2.51%     -    0s
H    0     0                    -858.1720000 -878.66857  2.39%     -    0s
     0     0 -859.56554    0   29 -858.17200 -859.56554  0.16%     -    0s

Cutting planes:
  Gomory: 4
  Cover: 2
  MIR: 60

Explored 0 nodes (390 simplex iterations) in 0.07 seconds
Thread count was 16 (of 16 available processors)

Optimal solution found (tolerance 1.00e-02)
Best objective -8.581720000000e+02, best bound -8.595655384615e+02, gap 0.1624%
Changed value of parameter MIPGap to 0.01
   Prev: 0.0001  Min: 0.0  Max: 1e+100  Default: 0.0001
Changed value of parameter TimeLimit to 1800.0
   Prev: 1e+100  Min: 0.0  Max: 1e+100  Default: 1e+100
Changed value of parameter Method to 2
   Prev: -1  Min: -1  Max: 4  Default: -1
Changed value of parameter MIPFocus to 1
   Prev: 0  Min: 0  Max: 3  Default: 0
Optimize a model with 2154 rows, 3081 columns and 6162 nonzeros
Coefficient statistics:
  Matrix range    [1e+00, 2e+01]
  Objective range [1e+00, 1e+00]
  Bounds range    [1e+00, 1e+00]
  RHS range       [8e+01, 8e+01]
Found heuristic solution: objective 0
Presolve removed 2076 rows and 2238 columns
Presolve time: 0.01s
Presolved: 78 rows, 843 columns, 1575 nonzeros
Found heuristic solution: objective -728.5700000
Variable types: 0 continuous, 843 integer (752 binary)
Optimize a model with 78 rows, 843 columns and 1575 nonzeros
Coefficient statistics:
  Matrix range    [1e+00, 2e+01]
  Objective range [1e+00, 1e+00]
  Bounds range    [1e+00, 7e+00]
  RHS range       [2e+01, 8e+01]
Presolved: 78 rows, 843 columns, 1575 nonzeros

Root barrier log...

Ordering time: 0.00s

Barrier statistics:
 AA' NZ     : 7.100e+02
 Factor NZ  : 2.410e+03
 Factor Ops : 9.456e+04 (less than 1 second per iteration)
 Threads    : 1

                  Objective                Residual
Iter       Primal          Dual         Primal    Dual     Compl     Time
   0  -3.16326230e+03 -3.93914662e+03  1.61e+01 1.33e-15  6.36e+00     0s
   1  -1.01505260e+03 -2.43043929e+03  1.64e+00 1.08e+00  1.34e+00     0s
   2  -7.99865197e+02 -1.15139719e+03  0.00e+00 1.39e-01  2.03e-01     0s
   3  -8.49995951e+02 -9.13345788e+02  0.00e+00 5.74e-03  3.61e-02     0s
   4  -8.66910823e+02 -8.91808854e+02  0.00e+00 1.78e-15  1.42e-02     0s
   5  -8.78235917e+02 -8.85710869e+02  0.00e+00 3.55e-15  4.25e-03     0s
   6  -8.80661960e+02 -8.83954999e+02  0.00e+00 1.78e-15  1.87e-03     0s
   7  -8.82370119e+02 -8.83143397e+02  0.00e+00 1.78e-15  4.39e-04     0s
   8  -8.82548656e+02 -8.82558967e+02  0.00e+00 3.55e-15  5.85e-06     0s
   9  -8.82555952e+02 -8.82555952e+02  0.00e+00 3.55e-15  1.30e-10     0s

Barrier solved model in 9 iterations and 0.02 seconds
Optimal objective -8.82555952e+02


Root relaxation: objective -8.825560e+02, 180 iterations, 0.01 seconds

    Nodes    |    Current Node    |     Objective Bounds      |     Work
 Expl Unexpl |  Obj  Depth IntInf | Incumbent    BestBd   Gap | It/Node Time

     0     0 -882.55595    0   63 -728.57000 -882.55595  21.1%     -    0s
H    0     0                    -859.8950000 -882.55595  2.64%     -    0s
H    0     0                    -861.7150000 -882.55595  2.42%     -    0s
     0     0 -863.21462    0   23 -861.71500 -863.21462  0.17%     -    0s

Cutting planes:
  Gomory: 2
  Cover: 2
  MIR: 62

Explored 0 nodes (451 simplex iterations) in 0.08 seconds
Thread count was 16 (of 16 available processors)

Optimal solution found (tolerance 1.00e-02)
Best objective -8.617150000000e+02, best bound -8.632100000000e+02, gap 0.1735%
Changed value of parameter MIPGap to 0.01
   Prev: 0.0001  Min: 0.0  Max: 1e+100  Default: 0.0001
Changed value of parameter TimeLimit to 1800.0
   Prev: 1e+100  Min: 0.0  Max: 1e+100  Default: 1e+100
Changed value of parameter Method to 2
   Prev: -1  Min: -1  Max: 4  Default: -1
Changed value of parameter MIPFocus to 1
   Prev: 0  Min: 0  Max: 3  Default: 0
Optimize a model with 2154 rows, 3081 columns and 6162 nonzeros
Coefficient statistics:
  Matrix range    [1e+00, 2e+01]
  Objective range [1e+00, 1e+00]
  Bounds range    [1e+00, 1e+00]
  RHS range       [8e+01, 8e+01]
Found heuristic solution: objective 0
Presolve removed 2076 rows and 2238 columns
Presolve time: 0.01s
Presolved: 78 rows, 843 columns, 1575 nonzeros
Found heuristic solution: objective -748.1400000
Variable types: 0 continuous, 843 integer (752 binary)
Optimize a model with 78 rows, 843 columns and 1575 nonzeros
Coefficient statistics:
  Matrix range    [1e+00, 2e+01]
  Objective range [1e+00, 1e+00]
  Bounds range    [1e+00, 7e+00]
  RHS range       [2e+01, 8e+01]
Presolved: 78 rows, 843 columns, 1575 nonzeros

Root barrier log...

Ordering time: 0.00s

Barrier statistics:
 AA' NZ     : 7.100e+02
 Factor NZ  : 2.410e+03
 Factor Ops : 9.456e+04 (less than 1 second per iteration)
 Threads    : 1

                  Objective                Residual
Iter       Primal          Dual         Primal    Dual     Compl     Time
   0  -3.21089085e+03 -3.95648150e+03  1.61e+01 1.78e-15  6.36e+00     0s
   1  -1.03431552e+03 -2.44329309e+03  1.64e+00 1.06e+00  1.34e+00     0s
   2  -8.16633222e+02 -1.16527028e+03  0.00e+00 1.36e-01  2.01e-01     0s
   3  -8.68547890e+02 -9.34971172e+02  0.00e+00 6.21e-03  3.79e-02     0s
   4  -8.87763265e+02 -9.13160007e+02  0.00e+00 1.78e-15  1.44e-02     0s
   5  -8.97423506e+02 -9.06388249e+02  0.00e+00 1.78e-15  5.10e-03     0s
   6  -9.00148080e+02 -9.03559302e+02  0.00e+00 3.55e-15  1.94e-03     0s
   7  -9.01868495e+02 -9.02231663e+02  0.00e+00 3.55e-15  2.06e-04     0s
   8  -9.01992470e+02 -9.01993277e+02  0.00e+00 3.55e-15  4.58e-07     0s
   9  -9.01992857e+02 -9.01992857e+02  0.00e+00 1.78e-15  5.25e-13     0s

Barrier solved model in 9 iterations and 0.02 seconds
Optimal objective -9.01992857e+02


Root relaxation: objective -9.019929e+02, 180 iterations, 0.01 seconds

    Nodes    |    Current Node    |     Objective Bounds      |     Work
 Expl Unexpl |  Obj  Depth IntInf | Incumbent    BestBd   Gap | It/Node Time

     0     0 -901.99286    0   66 -748.14000 -901.99286  20.6%     -    0s
H    0     0                    -875.5800000 -901.99286  3.02%     -    0s
H    0     0                    -878.4200000 -901.99286  2.68%     -    0s
     0     0 -881.55423    0   30 -878.42000 -881.55423  0.36%     -    0s

Cutting planes:
  Gomory: 3
  Cover: 2
  MIR: 61

Explored 0 nodes (390 simplex iterations) in 0.07 seconds
Thread count was 16 (of 16 available processors)

Optimal solution found (tolerance 1.00e-02)
Best objective -8.784200000000e+02, best bound -8.815500000000e+02, gap 0.3563%
Changed value of parameter MIPGap to 0.01
   Prev: 0.0001  Min: 0.0  Max: 1e+100  Default: 0.0001
Changed value of parameter TimeLimit to 1800.0
   Prev: 1e+100  Min: 0.0  Max: 1e+100  Default: 1e+100
Changed value of parameter Method to 2
   Prev: -1  Min: -1  Max: 4  Default: -1
Changed value of parameter MIPFocus to 1
   Prev: 0  Min: 0  Max: 3  Default: 0
Optimize a model with 2154 rows, 3081 columns and 6162 nonzeros
Coefficient statistics:
  Matrix range    [1e+00, 2e+01]
  Objective range [1e+00, 1e+00]
  Bounds range    [1e+00, 1e+00]
  RHS range       [8e+01, 8e+01]
Found heuristic solution: objective 0
Presolve removed 2076 rows and 2238 columns
Presolve time: 0.01s
Presolved: 78 rows, 843 columns, 1575 nonzeros
Found heuristic solution: objective -787.2800000
Variable types: 0 continuous, 843 integer (752 binary)
Optimize a model with 78 rows, 843 columns and 1575 nonzeros
Coefficient statistics:
  Matrix range    [1e+00, 2e+01]
  Objective range [1e+00, 1e+00]
  Bounds range    [1e+00, 7e+00]
  RHS range       [2e+01, 8e+01]
Presolved: 78 rows, 843 columns, 1575 nonzeros

Root barrier log...

Ordering time: 0.00s

Barrier statistics:
 AA' NZ     : 7.100e+02
 Factor NZ  : 2.410e+03
 Factor Ops : 9.456e+04 (less than 1 second per iteration)
 Threads    : 1

                  Objective                Residual
Iter       Primal          Dual         Primal    Dual     Compl     Time
   0  -3.30613808e+03 -3.99115127e+03  1.61e+01 1.33e-15  6.35e+00     0s
   1  -1.07299343e+03 -2.46899637e+03  1.64e+00 1.03e+00  1.33e+00     0s
   2  -8.50569508e+02 -1.19366509e+03  0.00e+00 1.30e-01  1.97e-01     0s
   3  -9.05991277e+02 -9.76934782e+02  0.00e+00 6.12e-03  4.04e-02     0s
   4  -9.29460726e+02 -9.54409152e+02  0.00e+00 3.55e-15  1.42e-02     0s
   5  -9.36883177e+02 -9.45621393e+02  0.00e+00 3.55e-15  4.97e-03     0s
   6  -9.39450760e+02 -9.42437341e+02  0.00e+00 1.78e-15  1.70e-03     0s
   7  -9.40725647e+02 -9.40980119e+02  0.00e+00 3.55e-15  1.44e-04     0s
   8  -9.40866517e+02 -9.40866810e+02  0.00e+00 3.55e-15  1.66e-07     0s
   9  -9.40866667e+02 -9.40866667e+02  0.00e+00 1.78e-15  1.69e-13     0s

Barrier solved model in 9 iterations and 0.02 seconds
Optimal objective -9.40866667e+02


Root relaxation: objective -9.408667e+02, 180 iterations, 0.01 seconds

    Nodes    |    Current Node    |     Objective Bounds      |     Work
 Expl Unexpl |  Obj  Depth IntInf | Incumbent    BestBd   Gap | It/Node Time

     0     0 -940.86667    0   65 -787.28000 -940.86667  19.5%     -    0s
H    0     0                    -914.2200000 -940.86667  2.91%     -    0s
H    0     0                    -914.8600000 -940.86667  2.84%     -    0s
     0     0 -918.24474    0   30 -914.86000 -918.24474  0.37%     -    0s

Cutting planes:
  Gomory: 4
  Cover: 2
  MIR: 60

Explored 0 nodes (402 simplex iterations) in 0.08 seconds
Thread count was 16 (of 16 available processors)

Optimal solution found (tolerance 1.00e-02)
Best objective -9.148600000000e+02, best bound -9.182400000000e+02, gap 0.3695%
Changed value of parameter MIPGap to 0.01
   Prev: 0.0001  Min: 0.0  Max: 1e+100  Default: 0.0001
Changed value of parameter TimeLimit to 1800.0
   Prev: 1e+100  Min: 0.0  Max: 1e+100  Default: 1e+100
Changed value of parameter Method to 2
   Prev: -1  Min: -1  Max: 4  Default: -1
Changed value of parameter MIPFocus to 1
   Prev: 0  Min: 0  Max: 3  Default: 0
Optimize a model with 2154 rows, 3081 columns and 6162 nonzeros
Coefficient statistics:
  Matrix range    [1e+00, 2e+01]
  Objective range [1e+00, 2e+00]
  Bounds range    [1e+00, 1e+00]
  RHS range       [8e+01, 8e+01]
Found heuristic solution: objective 0
Presolve removed 2076 rows and 2238 columns
Presolve time: 0.01s
Presolved: 78 rows, 843 columns, 1575 nonzeros
Found heuristic solution: objective -865.5600000
Variable types: 0 continuous, 843 integer (752 binary)
Optimize a model with 78 rows, 843 columns and 1575 nonzeros
Coefficient statistics:
  Matrix range    [1e+00, 2e+01]
  Objective range [1e+00, 2e+00]
  Bounds range    [1e+00, 7e+00]
  RHS range       [2e+01, 8e+01]
Presolved: 78 rows, 843 columns, 1575 nonzeros

Root barrier log...

Ordering time: 0.00s

Barrier statistics:
 AA' NZ     : 7.100e+02
 Factor NZ  : 2.410e+03
 Factor Ops : 9.456e+04 (less than 1 second per iteration)
 Threads    : 1

                  Objective                Residual
Iter       Primal          Dual         Primal    Dual     Compl     Time
   0  -3.49659295e+03 -4.06049080e+03  1.61e+01 8.88e-16  6.34e+00     0s
   1  -1.15095555e+03 -2.52038836e+03  1.64e+00 9.79e-01  1.32e+00     0s
   2  -9.19719157e+02 -1.25626768e+03  0.00e+00 1.20e-01  1.93e-01     0s
   3  -9.81459167e+02 -1.05330922e+03  0.00e+00 1.07e-14  4.09e-02     0s
   4  -1.00749271e+03 -1.02948459e+03  0.00e+00 3.55e-15  1.25e-02     0s
   5  -1.01397498e+03 -1.02321436e+03  0.00e+00 3.55e-15  5.25e-03     0s
   6  -1.01741137e+03 -1.01942905e+03  0.00e+00 3.55e-15  1.15e-03     0s
   7  -1.01860078e+03 -1.01863258e+03  0.00e+00 3.55e-15  1.80e-05     0s
   8  -1.01861427e+03 -1.01861430e+03  0.00e+00 3.55e-15  1.80e-08     0s
   9  -1.01861429e+03 -1.01861429e+03  0.00e+00 3.55e-15  1.81e-14     0s

Barrier solved model in 9 iterations and 0.02 seconds
Optimal objective -1.01861429e+03


Root relaxation: objective -1.018614e+03, 180 iterations, 0.01 seconds

    Nodes    |    Current Node    |     Objective Bounds      |     Work
 Expl Unexpl |  Obj  Depth IntInf | Incumbent    BestBd   Gap | It/Node Time

     0     0 -1018.6143    0   64 -865.56000 -1018.6143  17.7%     -    0s
H    0     0                    -983.0800000 -1018.6143  3.61%     -    0s
H    0     0                    -985.4400000 -1018.6143  3.37%     -    0s
     0     0 -991.86115    0   32 -985.44000 -991.86115  0.65%     -    0s

Cutting planes:
  Gomory: 2
  Cover: 2
  MIR: 62

Explored 0 nodes (452 simplex iterations) in 0.08 seconds
Thread count was 16 (of 16 available processors)

Optimal solution found (tolerance 1.00e-02)
Best objective -9.854400000000e+02, best bound -9.918400000000e+02, gap 0.6495%
Changed value of parameter MIPGap to 0.01
   Prev: 0.0001  Min: 0.0  Max: 1e+100  Default: 0.0001
Changed value of parameter TimeLimit to 1800.0
   Prev: 1e+100  Min: 0.0  Max: 1e+100  Default: 1e+100
Changed value of parameter Method to 2
   Prev: -1  Min: -1  Max: 4  Default: -1
Changed value of parameter MIPFocus to 1
   Prev: 0  Min: 0  Max: 3  Default: 0
Optimize a model with 2154 rows, 3081 columns and 6162 nonzeros
Coefficient statistics:
  Matrix range    [1e+00, 2e+01]
  Objective range [1e+00, 2e+00]
  Bounds range    [1e+00, 1e+00]
  RHS range       [8e+01, 8e+01]
Found heuristic solution: objective 0
Presolve removed 2076 rows and 2238 columns
Presolve time: 0.01s
Presolved: 78 rows, 843 columns, 1575 nonzeros
Found heuristic solution: objective -904.7000000
Variable types: 0 continuous, 843 integer (752 binary)
Optimize a model with 78 rows, 843 columns and 1575 nonzeros
Coefficient statistics:
  Matrix range    [1e+00, 2e+01]
  Objective range [1e+00, 2e+00]
  Bounds range    [1e+00, 7e+00]
  RHS range       [2e+01, 8e+01]
Presolved: 78 rows, 843 columns, 1575 nonzeros

Root barrier log...

Ordering time: 0.00s

Barrier statistics:
 AA' NZ     : 7.100e+02
 Factor NZ  : 2.410e+03
 Factor Ops : 9.456e+04 (less than 1 second per iteration)
 Threads    : 1

                  Objective                Residual
Iter       Primal          Dual         Primal    Dual     Compl     Time
   0  -3.59180053e+03 -4.09516057e+03  1.61e+01 1.78e-15  6.33e+00     0s
   1  -1.19023680e+03 -2.54607680e+03  1.64e+00 9.52e-01  1.31e+00     0s
   2  -9.54754851e+02 -1.29103748e+03  0.00e+00 1.16e-01  1.93e-01     0s
   3  -1.01915039e+03 -1.08866595e+03  0.00e+00 7.11e-15  3.96e-02     0s
   4  -1.04528797e+03 -1.06644485e+03  0.00e+00 3.55e-15  1.20e-02     0s
   5  -1.05300477e+03 -1.06284751e+03  0.00e+00 3.55e-15  5.59e-03     0s
   6  -1.05614722e+03 -1.05843021e+03  0.00e+00 1.78e-15  1.30e-03     0s
   7  -1.05746122e+03 -1.05751037e+03  0.00e+00 3.55e-15  2.79e-05     0s
   8  -1.05748807e+03 -1.05748812e+03  0.00e+00 1.78e-15  2.79e-08     0s
   9  -1.05748810e+03 -1.05748810e+03  0.00e+00 3.55e-15  3.47e-14     0s

Barrier solved model in 9 iterations and 0.02 seconds
Optimal objective -1.05748810e+03


Root relaxation: objective -1.057488e+03, 180 iterations, 0.01 seconds

    Nodes    |    Current Node    |     Objective Bounds      |     Work
 Expl Unexpl |  Obj  Depth IntInf | Incumbent    BestBd   Gap | It/Node Time

     0     0 -1057.4881    0   60 -904.70000 -1057.4881  16.9%     -    0s
H    0     0                    -1018.950000 -1057.4881  3.78%     -    0s
H    0     0                    -1021.050000 -1057.4881  3.57%     -    0s
H    0     0                    -1021.250000 -1057.4881  3.55%     -    0s
     0     0 -1028.8764    0   28 -1021.2500 -1028.8764  0.75%     -    0s

Cutting planes:
  Gomory: 5
  Cover: 2
  MIR: 59

Explored 0 nodes (518 simplex iterations) in 0.08 seconds
Thread count was 16 (of 16 available processors)

Optimal solution found (tolerance 1.00e-02)
Best objective -1.021250000000e+03, best bound -1.028850000000e+03, gap 0.7442%
Changed value of parameter MIPGap to 0.01
   Prev: 0.0001  Min: 0.0  Max: 1e+100  Default: 0.0001
Changed value of parameter TimeLimit to 1800.0
   Prev: 1e+100  Min: 0.0  Max: 1e+100  Default: 1e+100
Changed value of parameter Method to 2
   Prev: -1  Min: -1  Max: 4  Default: -1
Changed value of parameter MIPFocus to 1
   Prev: 0  Min: 0  Max: 3  Default: 0
Optimize a model with 2154 rows, 3081 columns and 6162 nonzeros
Coefficient statistics:
  Matrix range    [1e+00, 2e+01]
  Objective range [1e+00, 3e+00]
  Bounds range    [1e+00, 1e+00]
  RHS range       [8e+01, 8e+01]
Found heuristic solution: objective 0
Presolve removed 2076 rows and 2238 columns
Presolve time: 0.01s
Presolved: 78 rows, 843 columns, 1575 nonzeros
Found heuristic solution: objective -1101.200000
Variable types: 0 continuous, 843 integer (752 binary)
Optimize a model with 78 rows, 843 columns and 1575 nonzeros
Coefficient statistics:
  Matrix range    [1e+00, 2e+01]
  Objective range [1e+00, 3e+00]
  Bounds range    [1e+00, 7e+00]
  RHS range       [2e+01, 8e+01]
Presolved: 78 rows, 843 columns, 1575 nonzeros

Root barrier log...

Ordering time: 0.00s

Barrier statistics:
 AA' NZ     : 7.100e+02
 Factor NZ  : 2.410e+03
 Factor Ops : 9.456e+04 (less than 1 second per iteration)
 Threads    : 1

                  Objective                Residual
Iter       Primal          Dual         Primal    Dual     Compl     Time
   0  -4.06763881e+03 -4.26850940e+03  1.61e+01 8.88e-16  6.30e+00     0s
   1  -1.38965515e+03 -2.67432272e+03  1.64e+00 8.18e-01  1.27e+00     0s
   2  -1.13622929e+03 -1.46759942e+03  0.00e+00 9.52e-02  1.89e-01     0s
   3  -1.20554802e+03 -1.28281746e+03  0.00e+00 1.24e-14  4.40e-02     0s
   4  -1.23930610e+03 -1.26223606e+03  0.00e+00 3.55e-15  1.30e-02     0s
   5  -1.24742404e+03 -1.25566143e+03  0.00e+00 1.78e-15  4.68e-03     0s
   6  -1.25143313e+03 -1.25419320e+03  0.00e+00 1.78e-15  1.56e-03     0s
   7  -1.25167448e+03 -1.25287160e+03  0.00e+00 1.78e-15  6.79e-04     0s
   8  -1.25185264e+03 -1.25190016e+03  0.00e+00 3.55e-15  2.69e-05     0s
   9  -1.25185714e+03 -1.25185716e+03  0.00e+00 3.55e-15  1.13e-08     0s
  10  -1.25185714e+03 -1.25185714e+03  0.00e+00 3.55e-15  1.13e-11     0s

Barrier solved model in 10 iterations and 0.02 seconds
Optimal objective -1.25185714e+03


Root relaxation: objective -1.251857e+03, 180 iterations, 0.01 seconds

    Nodes    |    Current Node    |     Objective Bounds      |     Work
 Expl Unexpl |  Obj  Depth IntInf | Incumbent    BestBd   Gap | It/Node Time

     0     0 -1251.8571    0   66 -1101.2000 -1251.8571  13.7%     -    0s
H    0     0                    -1198.100000 -1251.8571  4.49%     -    0s
H    0     0                    -1201.700000 -1251.8571  4.17%     -    0s
     0     0 -1217.6857    0   43 -1201.7000 -1217.6857  1.33%     -    0s
H    0     0                    -1205.400000 -1217.6857  1.02%     -    0s
H    0     0                    -1212.000000 -1217.6857  0.47%     -    0s

Cutting planes:
  Gomory: 1
  Cover: 2
  MIR: 63

Explored 0 nodes (482 simplex iterations) in 0.08 seconds
Thread count was 16 (of 16 available processors)

Optimal solution found (tolerance 1.00e-02)
Best objective -1.212000000000e+03, best bound -1.217600000000e+03, gap 0.4620%
Changed value of parameter MIPGap to 0.01
   Prev: 0.0001  Min: 0.0  Max: 1e+100  Default: 0.0001
Changed value of parameter TimeLimit to 1800.0
   Prev: 1e+100  Min: 0.0  Max: 1e+100  Default: 1e+100
Changed value of parameter Method to 2
   Prev: -1  Min: -1  Max: 4  Default: -1
Changed value of parameter MIPFocus to 1
   Prev: 0  Min: 0  Max: 3  Default: 0
Optimize a model with 2154 rows, 3081 columns and 6162 nonzeros
Coefficient statistics:
  Matrix range    [1e+00, 2e+01]
  Objective range [1e+00, 5e+00]
  Bounds range    [1e+00, 1e+00]
  RHS range       [8e+01, 8e+01]
Found heuristic solution: objective 0
Presolve removed 2076 rows and 2238 columns
Presolve time: 0.01s
Presolved: 78 rows, 843 columns, 1575 nonzeros
Found heuristic solution: objective -1494.600000
Variable types: 0 continuous, 843 integer (752 binary)
Optimize a model with 78 rows, 843 columns and 1575 nonzeros
Coefficient statistics:
  Matrix range    [1e+00, 2e+01]
  Objective range [1e+00, 5e+00]
  Bounds range    [1e+00, 7e+00]
  RHS range       [2e+01, 8e+01]
Presolved: 78 rows, 843 columns, 1575 nonzeros

Root barrier log...

Ordering time: 0.00s

Barrier statistics:
 AA' NZ     : 7.100e+02
 Factor NZ  : 2.410e+03
 Factor Ops : 9.456e+04 (less than 1 second per iteration)
 Threads    : 1

                  Objective                Residual
Iter       Primal          Dual         Primal    Dual     Compl     Time
   0  -5.01830579e+03 -4.61520707e+03  1.60e+01 1.78e-15  6.22e+00     0s
   1  -1.80322124e+03 -2.95464485e+03  1.63e+00 6.49e-01  1.21e+00     0s
   2  -1.53018356e+03 -1.80845492e+03  9.59e-03 4.85e-02  1.64e-01     0s
   3  -1.58517068e+03 -1.67528406e+03  4.20e-03 5.33e-15  5.36e-02     0s
   4  -1.63258423e+03 -1.65370349e+03  5.21e-04 1.78e-15  1.23e-02     0s
   5  -1.63796870e+03 -1.65015421e+03  3.04e-04 1.78e-15  7.11e-03     0s
   6  -1.63941999e+03 -1.64744950e+03  2.05e-04 1.78e-15  4.70e-03     0s
   7  -1.64078588e+03 -1.64636120e+03  1.12e-04 1.78e-15  3.25e-03     0s
   8  -1.64144330e+03 -1.64477711e+03  8.05e-05 1.78e-15  1.95e-03     0s
   9  -1.64252325e+03 -1.64423782e+03  7.87e-06 1.78e-15  9.86e-04     0s
  10  -1.64245700e+03 -1.64350581e+03  7.45e-06 1.78e-15  6.08e-04     0s
  11  -1.64286725e+03 -1.64340529e+03  0.00e+00 1.78e-15  3.07e-04     0s
  12  -1.64293043e+03 -1.64309376e+03  0.00e+00 3.55e-15  9.38e-05     0s
  13  -1.64294660e+03 -1.64297103e+03  0.00e+00 1.78e-15  1.38e-05     0s
  14  -1.64297020e+03 -1.64297031e+03  0.00e+00 1.78e-15  6.01e-08     0s
  15  -1.64297024e+03 -1.64297024e+03  6.22e-13 1.78e-15  1.13e-13     0s

Barrier solved model in 15 iterations and 0.02 seconds
Optimal objective -1.64297024e+03


Root relaxation: objective -1.642970e+03, 198 iterations, 0.01 seconds

    Nodes    |    Current Node    |     Objective Bounds      |     Work
 Expl Unexpl |  Obj  Depth IntInf | Incumbent    BestBd   Gap | It/Node Time

     0     0 -1642.9702    0   67 -1494.6000 -1642.9702  9.93%     -    0s
H    0     0                    -1560.400000 -1642.9702  5.29%     -    0s
H    0     0                    -1569.600000 -1642.9702  4.67%     -    0s
     0     0 -1607.9653    0   83 -1569.6000 -1607.9653  2.44%     -    0s
H    0     0                    -1581.000000 -1607.9653  1.71%     -    0s
H    0     0                    -1586.400000 -1607.9653  1.36%     -    0s
H    0     0                    -1591.800000 -1607.9653  1.02%     -    0s
     0     0 -1607.6869    0   86 -1591.8000 -1607.6869  1.00%     -    0s

Cutting planes:
  Gomory: 1
  Cover: 5
  MIR: 64
  Zero half: 1

Explored 0 nodes (567 simplex iterations) in 0.10 seconds
Thread count was 16 (of 16 available processors)

Optimal solution found (tolerance 1.00e-02)
Best objective -1.591800000000e+03, best bound -1.607600000000e+03, gap 0.9926%
Changed value of parameter MIPGap to 0.01
   Prev: 0.0001  Min: 0.0  Max: 1e+100  Default: 0.0001
Changed value of parameter TimeLimit to 1800.0
   Prev: 1e+100  Min: 0.0  Max: 1e+100  Default: 1e+100
Changed value of parameter Method to 2
   Prev: -1  Min: -1  Max: 4  Default: -1
Changed value of parameter MIPFocus to 1
   Prev: 0  Min: 0  Max: 3  Default: 0
Optimize a model with 2154 rows, 3081 columns and 6162 nonzeros
Coefficient statistics:
  Matrix range    [1e+00, 2e+01]
  Objective range [1e+00, 9e+00]
  Bounds range    [1e+00, 1e+00]
  RHS range       [8e+01, 8e+01]
Found heuristic solution: objective 0
Presolve removed 2076 rows and 2238 columns
Presolve time: 0.01s
Presolved: 78 rows, 843 columns, 1575 nonzeros
Found heuristic solution: objective -2283.400000
Variable types: 0 continuous, 843 integer (752 binary)
Optimize a model with 78 rows, 843 columns and 1575 nonzeros
Coefficient statistics:
  Matrix range    [1e+00, 2e+01]
  Objective range [1e+00, 9e+00]
  Bounds range    [1e+00, 7e+00]
  RHS range       [2e+01, 8e+01]
Presolved: 78 rows, 843 columns, 1575 nonzeros

Root barrier log...

Ordering time: 0.00s

Barrier statistics:
 AA' NZ     : 7.100e+02
 Factor NZ  : 2.410e+03
 Factor Ops : 9.456e+04 (less than 1 second per iteration)
 Threads    : 1

                  Objective                Residual
Iter       Primal          Dual         Primal    Dual     Compl     Time
   0  -6.91560107e+03 -5.31620772e+03  1.60e+01 8.88e-16  6.09e+00     0s
   1  -2.68262811e+03 -3.61709685e+03  1.58e+00 4.60e-01  1.11e+00     0s
   2  -2.40116021e+03 -2.65272736e+03  1.21e-01 4.10e-02  1.75e-01     0s
   3  -2.40516793e+03 -2.49339554e+03  5.81e-02 3.55e-15  6.39e-02     0s
   4  -2.41879611e+03 -2.45129739e+03  1.99e-02 3.55e-15  2.31e-02     0s
   5  -2.42613717e+03 -2.44601340e+03  1.11e-02 3.55e-15  1.39e-02     0s
   6  -2.42928931e+03 -2.44158704e+03  5.30e-03 3.55e-15  8.21e-03     0s
   7  -2.43268675e+03 -2.43740505e+03  2.10e-03 3.55e-15  3.16e-03     0s
   8  -2.43396116e+03 -2.43614326e+03  7.38e-04 3.55e-15  1.41e-03     0s
   9  -2.43446774e+03 -2.43555781e+03  2.32e-04 3.55e-15  6.73e-04     0s
  10  -2.43461412e+03 -2.43495764e+03  9.66e-05 3.55e-15  2.18e-04     0s
  11  -2.43466565e+03 -2.43480937e+03  5.27e-05 3.55e-15  9.40e-05     0s
  12  -2.43473506e+03 -2.43473860e+03  3.10e-07 3.55e-15  2.09e-06     0s
  13  -2.43473571e+03 -2.43473572e+03  0.00e+00 3.55e-15  2.09e-09     0s

Barrier solved model in 13 iterations and 0.02 seconds
Optimal objective -2.43473571e+03


Root relaxation: objective -2.434736e+03, 147 iterations, 0.01 seconds

    Nodes    |    Current Node    |     Objective Bounds      |     Work
 Expl Unexpl |  Obj  Depth IntInf | Incumbent    BestBd   Gap | It/Node Time

     0     0 -2434.7357    0   68 -2283.4000 -2434.7357  6.63%     -    0s
H    0     0                    -2333.600000 -2434.7357  4.33%     -    0s
H    0     0                    -2346.400000 -2434.7357  3.76%     -    0s
     0     0 -2419.2973    0  102 -2346.4000 -2419.2973  3.11%     -    0s
H    0     0                    -2376.200000 -2419.2973  1.81%     -    0s
H    0     0                    -2380.000000 -2419.2973  1.65%     -    0s
     0     0 -2419.2717    0  106 -2380.0000 -2419.2717  1.65%     -    0s
     0     0 -2417.1054    0  111 -2380.0000 -2417.1054  1.56%     -    0s
H    0     0                    -2387.400000 -2417.1054  1.24%     -    0s
     0     0 -2414.8850    0  100 -2387.4000 -2414.8850  1.15%     -    0s
     0     0 -2414.2344    0  120 -2387.4000 -2414.2344  1.12%     -    0s
     0     0 -2413.7066    0  113 -2387.4000 -2413.7066  1.10%     -    0s
     0     0 -2413.4316    0  146 -2387.4000 -2413.4316  1.09%     -    0s
H    0     0                    -2393.400000 -2413.4316  0.84%     -    0s

Cutting planes:
  Gomory: 14
  Cover: 9
  MIR: 100
  Zero half: 1

Explored 0 nodes (1229 simplex iterations) in 0.21 seconds
Thread count was 16 (of 16 available processors)

Optimal solution found (tolerance 1.00e-02)
Best objective -2.393400000000e+03, best bound -2.413400000000e+03, gap 0.8356%
Changed value of parameter MIPGap to 0.01
   Prev: 0.0001  Min: 0.0  Max: 1e+100  Default: 0.0001
Changed value of parameter TimeLimit to 1800.0
   Prev: 1e+100  Min: 0.0  Max: 1e+100  Default: 1e+100
Changed value of parameter Method to 2
   Prev: -1  Min: -1  Max: 4  Default: -1
Changed value of parameter MIPFocus to 1
   Prev: 0  Min: 0  Max: 3  Default: 0
Optimize a model with 2154 rows, 3081 columns and 6162 nonzeros
Coefficient statistics:
  Matrix range    [1e+00, 2e+01]
  Objective range [2e+00, 1e+01]
  Bounds range    [1e+00, 1e+00]
  RHS range       [8e+01, 8e+01]
Found heuristic solution: objective 0
Presolve removed 2076 rows and 2238 columns
Presolve time: 0.01s
Presolved: 78 rows, 843 columns, 1575 nonzeros
Found heuristic solution: objective -2679.500000
Variable types: 0 continuous, 843 integer (752 binary)
Optimize a model with 78 rows, 843 columns and 1575 nonzeros
Coefficient statistics:
  Matrix range    [1e+00, 2e+01]
  Objective range [2e+00, 1e+01]
  Bounds range    [1e+00, 7e+00]
  RHS range       [2e+01, 8e+01]
Presolved: 78 rows, 843 columns, 1575 nonzeros

Root barrier log...

Ordering time: 0.00s

Barrier statistics:
 AA' NZ     : 7.100e+02
 Factor NZ  : 2.410e+03
 Factor Ops : 9.456e+04 (less than 1 second per iteration)
 Threads    : 1

                  Objective                Residual
Iter       Primal          Dual         Primal    Dual     Compl     Time
   0  -7.87334551e+03 -6.48975403e+03  1.60e+01 1.78e-15  7.62e+00     0s
   1  -3.03828102e+03 -4.43546172e+03  1.35e+00 7.39e-01  1.39e+00     0s
   2  -2.80336316e+03 -3.12696967e+03  7.00e-02 6.88e-02  2.06e-01     0s
   3  -2.81517483e+03 -2.87670422e+03  2.50e-02 3.55e-15  4.19e-02     0s
   4  -2.82795004e+03 -2.84230216e+03  7.22e-04 3.55e-15  8.42e-03     0s
   5  -2.83088975e+03 -2.83713815e+03  2.58e-04 3.55e-15  3.65e-03     0s
   6  -2.83253581e+03 -2.83510320e+03  6.71e-05 3.55e-15  1.49e-03     0s
   7  -2.83297990e+03 -2.83413942e+03  2.62e-05 3.55e-15  6.71e-04     0s
   8  -2.83324453e+03 -2.83332018e+03  0.00e+00 3.55e-15  4.38e-05     0s
   9  -2.83326901e+03 -2.83326913e+03  0.00e+00 3.55e-15  6.56e-08     0s
  10  -2.83326905e+03 -2.83326905e+03  0.00e+00 5.33e-15  6.56e-11     0s

Barrier solved model in 10 iterations and 0.02 seconds
Optimal objective -2.83326905e+03


Root relaxation: objective -2.833269e+03, 267 iterations, 0.01 seconds

    Nodes    |    Current Node    |     Objective Bounds      |     Work
 Expl Unexpl |  Obj  Depth IntInf | Incumbent    BestBd   Gap | It/Node Time

     0     0 -2833.2690    0   59 -2679.5000 -2833.2690  5.74%     -    0s
H    0     0                    -2727.500000 -2833.2690  3.88%     -    0s
     0     0 -2829.8514    0  101 -2727.5000 -2829.8514  3.75%     -    0s
H    0     0                    -2767.500000 -2829.8514  2.25%     -    0s
H    0     0                    -2780.500000 -2829.8514  1.77%     -    0s
     0     0 -2829.7529    0  108 -2780.5000 -2829.7529  1.77%     -    0s
     0     0 -2828.7291    0  135 -2780.5000 -2828.7291  1.73%     -    0s
H    0     0                    -2794.000000 -2828.7291  1.24%     -    0s
     0     0 -2828.0522    0  123 -2794.0000 -2828.0522  1.22%     -    0s
     0     0 -2827.2224    0  129 -2794.0000 -2827.2224  1.19%     -    0s
H    0     0                    -2798.500000 -2827.2224  1.03%     -    0s
     0     0 -2826.9279    0  107 -2798.5000 -2826.9279  1.02%     -    0s
     0     0 -2826.7606    0  125 -2798.5000 -2826.7606  1.01%     -    0s
     0     0 -2826.6464    0  113 -2798.5000 -2826.6464  1.01%     -    0s
     0     0 -2826.5732    0   86 -2798.5000 -2826.5732  1.00%     -    0s
H    0     0                    -2807.000000 -2826.5732  0.70%     -    0s

Cutting planes:
  Gomory: 11
  Cover: 10
  MIR: 83

Explored 0 nodes (2797 simplex iterations) in 0.53 seconds
Thread count was 16 (of 16 available processors)

Optimal solution found (tolerance 1.00e-02)
Best objective -2.807000000000e+03, best bound -2.826500000000e+03, gap 0.6947%
Changed value of parameter MIPGap to 0.01
   Prev: 0.0001  Min: 0.0  Max: 1e+100  Default: 0.0001
Changed value of parameter TimeLimit to 1800.0
   Prev: 1e+100  Min: 0.0  Max: 1e+100  Default: 1e+100
Changed value of parameter Method to 2
   Prev: -1  Min: -1  Max: 4  Default: -1
Changed value of parameter MIPFocus to 1
   Prev: 0  Min: 0  Max: 3  Default: 0
Optimize a model with 2154 rows, 3081 columns and 6162 nonzeros
Coefficient statistics:
  Matrix range    [1e+00, 2e+01]
  Objective range [2e+00, 2e+01]
  Bounds range    [1e+00, 1e+00]
  RHS range       [8e+01, 8e+01]
Found heuristic solution: objective 0
Presolve removed 2076 rows and 2238 columns
Presolve time: 0.01s
Presolved: 78 rows, 843 columns, 1575 nonzeros
Found heuristic solution: objective -4660.000000
Variable types: 0 continuous, 843 integer (752 binary)
Optimize a model with 78 rows, 843 columns and 1575 nonzeros
Coefficient statistics:
  Matrix range    [1e+00, 2e+01]
  Objective range [2e+00, 2e+01]
  Bounds range    [1e+00, 7e+00]
  RHS range       [2e+01, 8e+01]
Presolve removed 0 rows and 3 columns
Presolved: 78 rows, 840 columns, 1571 nonzeros

Root barrier log...

Ordering time: 0.00s

Barrier statistics:
 AA' NZ     : 7.100e+02
 Factor NZ  : 2.410e+03
 Factor Ops : 9.456e+04 (less than 1 second per iteration)
 Threads    : 1

                  Objective                Residual
Iter       Primal          Dual         Primal    Dual     Compl     Time
   0  -1.26415324e+04 -1.25200852e+04  1.61e+01 3.55e-15  1.56e+01     0s
   1  -5.21223409e+03 -8.65357762e+03  1.28e+00 2.22e+00  3.03e+00     0s
   2  -4.95771439e+03 -5.54103599e+03  5.78e-02 1.72e-01  3.65e-01     0s
   3  -5.09693960e+03 -5.24668011e+03  2.63e-03 1.88e-02  8.69e-02     0s
   4  -5.12125416e+03 -5.19020093e+03  1.11e-03 7.11e-15  4.01e-02     0s
   5  -5.13703798e+03 -5.16065245e+03  3.78e-04 7.11e-15  1.38e-02     0s
   6  -5.14388816e+03 -5.14588493e+03  3.62e-05 7.11e-15  1.18e-03     0s
   7  -5.14509613e+03 -5.14510984e+03  0.00e+00 7.11e-15  7.83e-06     0s
   8  -5.14510000e+03 -5.14510001e+03  0.00e+00 7.11e-15  7.83e-09     0s

Barrier solved model in 8 iterations and 0.02 seconds
Optimal objective -5.14510000e+03


Root relaxation: objective -5.145100e+03, 274 iterations, 0.01 seconds

    Nodes    |    Current Node    |     Objective Bounds      |     Work
 Expl Unexpl |  Obj  Depth IntInf | Incumbent    BestBd   Gap | It/Node Time

     0     0 -5145.1000    0   63 -4660.0000 -5145.1000  10.4%     -    0s
H    0     0                    -5014.000000 -5145.1000  2.61%     -    0s
H    0     0                    -5022.000000 -5145.1000  2.45%     -    0s
H    0     0                    -5023.000000 -5145.1000  2.43%     -    0s
     0     0 -5102.6340    0  102 -5023.0000 -5102.6340  1.59%     -    0s
     0     0 -5098.7224    0  128 -5023.0000 -5098.7224  1.51%     -    0s
     0     0 -5090.6437    0  148 -5023.0000 -5090.6437  1.35%     -    0s
     0     0 -5080.9117    0  127 -5023.0000 -5080.9117  1.15%     -    0s
     0     0 -5079.1913    0  151 -5023.0000 -5079.1913  1.12%     -    0s
     0     0 -5076.9591    0  149 -5023.0000 -5076.9591  1.07%     -    0s
H    0     0                    -5028.000000 -5076.9591  0.97%     -    0s

Cutting planes:
  Gomory: 23
  Cover: 21
  MIR: 162

Explored 0 nodes (1408 simplex iterations) in 0.21 seconds
Thread count was 16 (of 16 available processors)

Optimal solution found (tolerance 1.00e-02)
Best objective -5.028000000000e+03, best bound -5.076000000000e+03, gap 0.9547%
Changed value of parameter MIPGap to 0.01
   Prev: 0.0001  Min: 0.0  Max: 1e+100  Default: 0.0001
Changed value of parameter TimeLimit to 1800.0
   Prev: 1e+100  Min: 0.0  Max: 1e+100  Default: 1e+100
Changed value of parameter Method to 2
   Prev: -1  Min: -1  Max: 4  Default: -1
Changed value of parameter MIPFocus to 1
   Prev: 0  Min: 0  Max: 3  Default: 0
Optimize a model with 2154 rows, 3081 columns and 6162 nonzeros
Coefficient statistics:
  Matrix range    [1e+00, 2e+01]
  Objective range [3e+00, 4e+01]
  Bounds range    [1e+00, 1e+00]
  RHS range       [8e+01, 8e+01]
Found heuristic solution: objective 0
Presolve removed 2076 rows and 2238 columns
Presolve time: 0.01s
Presolved: 78 rows, 843 columns, 1575 nonzeros
Found heuristic solution: objective -8621.000000
Variable types: 0 continuous, 843 integer (752 binary)
Optimize a model with 78 rows, 843 columns and 1575 nonzeros
Coefficient statistics:
  Matrix range    [1e+00, 2e+01]
  Objective range [3e+00, 4e+01]
  Bounds range    [1e+00, 7e+00]
  RHS range       [2e+01, 8e+01]
Presolved: 78 rows, 843 columns, 1575 nonzeros

Root barrier log...

Ordering time: 0.00s

Barrier statistics:
 AA' NZ     : 7.100e+02
 Factor NZ  : 2.410e+03
 Factor Ops : 9.456e+04 (less than 1 second per iteration)
 Threads    : 1

                  Objective                Residual
Iter       Primal          Dual         Primal    Dual     Compl     Time
   0  -2.22152343e+04 -2.47039021e+04  1.61e+01 7.11e-15  3.18e+01     0s
   1  -9.81447154e+03 -1.71687294e+04  1.40e+00 5.28e+00  6.46e+00     0s
   2  -9.39393249e+03 -1.06316359e+04  6.35e-02 4.67e-01  7.70e-01     0s
   3  -9.71117462e+03 -1.00286587e+04  5.62e-03 1.03e-01  1.86e-01     0s
   4  -9.76655963e+03 -9.88091517e+03  1.24e-03 2.39e-02  6.62e-02     0s
   5  -9.78297557e+03 -9.83731652e+03  4.78e-04 1.42e-14  3.13e-02     0s
   6  -9.78670318e+03 -9.81522875e+03  3.25e-04 1.42e-14  1.66e-02     0s
   7  -9.78935543e+03 -9.80060938e+03  2.32e-04 1.42e-14  6.65e-03     0s
   8  -9.79473381e+03 -9.79503426e+03  0.00e+00 1.42e-14  1.71e-04     0s
   9  -9.79486186e+03 -9.79486196e+03  0.00e+00 1.78e-14  5.77e-08     0s
  10  -9.79486190e+03 -9.79486190e+03  0.00e+00 1.42e-14  5.77e-11     0s

Barrier solved model in 10 iterations and 0.02 seconds
Optimal objective -9.79486190e+03


Root relaxation: objective -9.794862e+03, 273 iterations, 0.01 seconds

    Nodes    |    Current Node    |     Objective Bounds      |     Work
 Expl Unexpl |  Obj  Depth IntInf | Incumbent    BestBd   Gap | It/Node Time

     0     0 -9794.8619    0   64 -8621.0000 -9794.8619  13.6%     -    0s
H    0     0                    -9207.000000 -9794.8619  6.38%     -    0s
H    0     0                    -9609.000000 -9794.8619  1.93%     -    0s
H    0     0                    -9612.000000 -9794.8619  1.90%     -    0s
     0     0 -9749.4108    0   96 -9612.0000 -9749.4108  1.43%     -    0s
H    0     0                    -9647.000000 -9749.4108  1.06%     -    0s
     0     0 -9741.1123    0  114 -9647.0000 -9741.1123  0.98%     -    0s

Cutting planes:
  Gomory: 2
  Cover: 20
  MIR: 64
  Zero half: 6

Explored 0 nodes (715 simplex iterations) in 0.10 seconds
Thread count was 16 (of 16 available processors)

Optimal solution found (tolerance 1.00e-02)
Best objective -9.647000000000e+03, best bound -9.741000000000e+03, gap 0.9744%
Changed value of parameter MIPGap to 0.01
   Prev: 0.0001  Min: 0.0  Max: 1e+100  Default: 0.0001
Changed value of parameter TimeLimit to 1800.0
   Prev: 1e+100  Min: 0.0  Max: 1e+100  Default: 1e+100
Changed value of parameter Method to 2
   Prev: -1  Min: -1  Max: 4  Default: -1
Changed value of parameter MIPFocus to 1
   Prev: 0  Min: 0  Max: 3  Default: 0
Optimize a model with 2154 rows, 3081 columns and 6162 nonzeros
Coefficient statistics:
  Matrix range    [1e+00, 2e+01]
  Objective range [5e+00, 8e+01]
  Bounds range    [1e+00, 1e+00]
  RHS range       [8e+01, 8e+01]
Found heuristic solution: objective 0
Presolve removed 2076 rows and 2238 columns
Presolve time: 0.01s
Presolved: 78 rows, 843 columns, 1575 nonzeros
Found heuristic solution: objective -16543.00000
Variable types: 0 continuous, 843 integer (752 binary)
Optimize a model with 78 rows, 843 columns and 1575 nonzeros
Coefficient statistics:
  Matrix range    [1e+00, 2e+01]
  Objective range [5e+00, 8e+01]
  Bounds range    [1e+00, 7e+00]
  RHS range       [2e+01, 8e+01]
Presolved: 78 rows, 843 columns, 1575 nonzeros

Root barrier log...

Ordering time: 0.00s

Barrier statistics:
 AA' NZ     : 7.100e+02
 Factor NZ  : 2.410e+03
 Factor Ops : 9.456e+04 (less than 1 second per iteration)
 Threads    : 1

                  Objective                Residual
Iter       Primal          Dual         Primal    Dual     Compl     Time
   0  -4.13309821e+04 -4.96471094e+04  1.61e+01 1.42e-14  6.53e+01     0s
   1  -1.89553986e+04 -3.45055734e+04  1.43e+00 1.17e+01  1.35e+01     0s
   2  -1.82834628e+04 -2.09393949e+04  7.42e-02 1.06e+00  1.66e+00     0s
   3  -1.89997130e+04 -1.96877277e+04  4.15e-03 2.61e-01  3.99e-01     0s
   4  -1.91255415e+04 -1.93249457e+04  6.48e-04 7.00e-02  1.15e-01     0s
   5  -1.91483591e+04 -1.92548947e+04  3.07e-04 3.36e-02  6.14e-02     0s
   6  -1.91678487e+04 -1.92097463e+04  8.07e-05 1.15e-02  2.41e-02     0s
   7  -1.91757154e+04 -1.91836589e+04  2.23e-05 8.71e-04  4.59e-03     0s
   8  -1.91793229e+04 -1.91794395e+04  0.00e+00 2.84e-14  6.61e-05     0s
   9  -1.91793714e+04 -1.91793715e+04  0.00e+00 4.26e-14  1.80e-08     0s
  10  -1.91793714e+04 -1.91793714e+04  0.00e+00 2.84e-14  1.80e-11     0s

Barrier solved model in 10 iterations and 0.02 seconds
Optimal objective -1.91793714e+04


Root relaxation: objective -1.917937e+04, 146 iterations, 0.01 seconds

    Nodes    |    Current Node    |     Objective Bounds      |     Work
 Expl Unexpl |  Obj  Depth IntInf | Incumbent    BestBd   Gap | It/Node Time

     0     0 -19179.371    0   53 -16543.000 -19179.371  15.9%     -    0s
H    0     0                    -18715.00000 -19179.371  2.48%     -    0s
H    0     0                    -18895.00000 -19179.371  1.51%     -    0s
     0     0 -19068.250    0   64 -18895.000 -19068.250  0.92%     -    0s

Cutting planes:
  Gomory: 1
  Cover: 44
  MIR: 24

Explored 0 nodes (400 simplex iterations) in 0.07 seconds
Thread count was 16 (of 16 available processors)

Optimal solution found (tolerance 1.00e-02)
Best objective -1.889500000000e+04, best bound -1.906800000000e+04, gap 0.9156%
Changed value of parameter MIPGap to 0.01
   Prev: 0.0001  Min: 0.0  Max: 1e+100  Default: 0.0001
Changed value of parameter TimeLimit to 1800.0
   Prev: 1e+100  Min: 0.0  Max: 1e+100  Default: 1e+100
Changed value of parameter Method to 2
   Prev: -1  Min: -1  Max: 4  Default: -1
Changed value of parameter MIPFocus to 1
   Prev: 0  Min: 0  Max: 3  Default: 0
Optimize a model with 2154 rows, 3081 columns and 6162 nonzeros
Coefficient statistics:
  Matrix range    [1e+00, 2e+01]
  Objective range [6e+00, 1e+02]
  Bounds range    [1e+00, 1e+00]
  RHS range       [8e+01, 8e+01]
Found heuristic solution: objective 0
Presolve removed 2076 rows and 2238 columns
Presolve time: 0.01s
Presolved: 78 rows, 843 columns, 1575 nonzeros
Found heuristic solution: objective -20504.00000
Variable types: 0 continuous, 843 integer (752 binary)
Optimize a model with 78 rows, 843 columns and 1575 nonzeros
Coefficient statistics:
  Matrix range    [1e+00, 2e+01]
  Objective range [6e+00, 1e+02]
  Bounds range    [1e+00, 7e+00]
  RHS range       [2e+01, 8e+01]
Presolved: 78 rows, 843 columns, 1575 nonzeros

Root barrier log...

Ordering time: 0.00s

Barrier statistics:
 AA' NZ     : 7.100e+02
 Factor NZ  : 2.410e+03
 Factor Ops : 9.456e+04 (less than 1 second per iteration)
 Threads    : 1

                  Objective                Residual
Iter       Primal          Dual         Primal    Dual     Compl     Time
   0  -5.08883276e+04 -6.21187130e+04  1.61e+01 1.42e-14  8.21e+01     0s
   1  -2.35280787e+04 -4.31735280e+04  1.43e+00 1.49e+01  1.70e+01     0s
   2  -2.27349894e+04 -2.63080910e+04  8.04e-02 1.39e+00  2.23e+00     0s
   3  -2.36778333e+04 -2.46289714e+04  4.77e-03 3.80e-01  5.52e-01     0s
   4  -2.38060591e+04 -2.40997704e+04  1.38e-03 9.96e-02  1.71e-01     0s
   5  -2.38417167e+04 -2.40014173e+04  8.17e-04 4.53e-02  9.29e-02     0s
   6  -2.38781063e+04 -2.39406112e+04  2.80e-04 1.72e-02  3.63e-02     0s
   7  -2.38942579e+04 -2.39051745e+04  5.29e-05 1.19e-03  6.37e-03     0s
   8  -2.38997115e+04 -2.38997482e+04  0.00e+00 4.26e-14  2.08e-05     0s
   9  -2.38997286e+04 -2.38997286e+04  0.00e+00 2.84e-14  2.85e-11     0s

Barrier solved model in 9 iterations and 0.02 seconds
Optimal objective -2.38997286e+04


Root relaxation: objective -2.389973e+04, 146 iterations, 0.01 seconds

    Nodes    |    Current Node    |     Objective Bounds      |     Work
 Expl Unexpl |  Obj  Depth IntInf | Incumbent    BestBd   Gap | It/Node Time

     0     0 -23899.729    0   52 -20504.000 -23899.729  16.6%     -    0s
H    0     0                    -23366.00000 -23899.729  2.28%     -    0s
H    0     0                    -23526.00000 -23899.729  1.59%     -    0s
     0     0 -23731.917    0   68 -23526.000 -23731.917  0.88%     -    0s

Cutting planes:
  Cover: 45
  MIR: 25

Explored 0 nodes (386 simplex iterations) in 0.07 seconds
Thread count was 16 (of 16 available processors)

Optimal solution found (tolerance 1.00e-02)
Best objective -2.352600000000e+04, best bound -2.373100000000e+04, gap 0.8714%
Changed value of parameter MIPGap to 0.01
   Prev: 0.0001  Min: 0.0  Max: 1e+100  Default: 0.0001
Changed value of parameter TimeLimit to 1800.0
   Prev: 1e+100  Min: 0.0  Max: 1e+100  Default: 1e+100
Changed value of parameter Method to 2
   Prev: -1  Min: -1  Max: 4  Default: -1
Changed value of parameter MIPFocus to 1
   Prev: 0  Min: 0  Max: 3  Default: 0
Optimize a model with 2154 rows, 3081 columns and 6162 nonzeros
Coefficient statistics:
  Matrix range    [1e+00, 2e+01]
  Objective range [1e+01, 2e+02]
  Bounds range    [1e+00, 1e+00]
  RHS range       [8e+01, 8e+01]
Found heuristic solution: objective 0
Presolve removed 2076 rows and 2238 columns
Presolve time: 0.01s
Presolved: 78 rows, 843 columns, 1575 nonzeros
Found heuristic solution: objective -40309.00000
Variable types: 0 continuous, 843 integer (752 binary)
Optimize a model with 78 rows, 843 columns and 1575 nonzeros
Coefficient statistics:
  Matrix range    [1e+00, 2e+01]
  Objective range [1e+01, 2e+02]
  Bounds range    [1e+00, 7e+00]
  RHS range       [2e+01, 8e+01]
Presolved: 78 rows, 843 columns, 1575 nonzeros

Root barrier log...

Ordering time: 0.00s

Barrier statistics:
 AA' NZ     : 7.100e+02
 Factor NZ  : 2.410e+03
 Factor Ops : 9.456e+04 (less than 1 second per iteration)
 Threads    : 1

                  Objective                Residual
Iter       Primal          Dual         Primal    Dual     Compl     Time
   0  -9.86740386e+04 -1.24476731e+05  1.61e+01 2.84e-14  1.66e+02     0s
   1  -4.63955614e+04 -8.65124125e+04  1.44e+00 3.09e+01  3.46e+01     0s
   2  -4.49921396e+04 -5.22205304e+04  8.42e-02 2.82e+00  4.53e+00     0s
   3  -4.70068136e+04 -4.88853324e+04  5.44e-03 7.60e-01  1.09e+00     0s
   4  -4.72849586e+04 -4.79269249e+04  1.92e-03 2.12e-01  3.74e-01     0s
   5  -4.74182616e+04 -4.76633551e+04  6.52e-04 6.58e-02  1.43e-01     0s
   6  -4.74784313e+04 -4.75485291e+04  1.52e-04 1.66e-02  4.08e-02     0s
   7  -4.75010525e+04 -4.75032629e+04  0.00e+00 5.06e-04  1.27e-03     0s
   8  -4.75015138e+04 -4.75015160e+04  0.00e+00 7.11e-14  1.27e-06     0s
   9  -4.75015143e+04 -4.75015143e+04  3.80e-16 8.53e-14  1.29e-12     0s

Barrier solved model in 9 iterations and 0.02 seconds
Optimal objective -4.75015143e+04


Root relaxation: objective -4.750151e+04, 145 iterations, 0.01 seconds

    Nodes    |    Current Node    |     Objective Bounds      |     Work
 Expl Unexpl |  Obj  Depth IntInf | Incumbent    BestBd   Gap | It/Node Time

     0     0 -47501.514    0   50 -40309.000 -47501.514  17.8%     -    0s
H    0     0                    -46482.00000 -47501.514  2.19%     -    0s
H    0     0                    -46628.00000 -47501.514  1.87%     -    0s
     0     0 -47033.727    0   72 -46628.000 -47033.727  0.87%     -    0s

Cutting planes:
  Cover: 43
  MIR: 27

Explored 0 nodes (451 simplex iterations) in 0.08 seconds
Thread count was 16 (of 16 available processors)

Optimal solution found (tolerance 1.00e-02)
Best objective -4.662800000000e+04, best bound -4.703300000000e+04, gap 0.8686%
Changed value of parameter MIPGap to 0.01
   Prev: 0.0001  Min: 0.0  Max: 1e+100  Default: 0.0001
Changed value of parameter TimeLimit to 1800.0
   Prev: 1e+100  Min: 0.0  Max: 1e+100  Default: 1e+100
Changed value of parameter Method to 2
   Prev: -1  Min: -1  Max: 4  Default: -1
Changed value of parameter MIPFocus to 1
   Prev: 0  Min: 0  Max: 3  Default: 0
Optimize a model with 2154 rows, 3081 columns and 6162 nonzeros
Coefficient statistics:
  Matrix range    [1e+00, 2e+01]
  Objective range [2e+01, 4e+02]
  Bounds range    [1e+00, 1e+00]
  RHS range       [8e+01, 8e+01]
Found heuristic solution: objective 0
Presolve removed 2076 rows and 2238 columns
Presolve time: 0.01s
Presolved: 78 rows, 843 columns, 1575 nonzeros
Found heuristic solution: objective -79919.00000
Variable types: 0 continuous, 843 integer (752 binary)
Optimize a model with 78 rows, 843 columns and 1575 nonzeros
Coefficient statistics:
  Matrix range    [1e+00, 2e+01]
  Objective range [2e+01, 4e+02]
  Bounds range    [1e+00, 7e+00]
  RHS range       [2e+01, 8e+01]
Presolved: 78 rows, 843 columns, 1575 nonzeros

Root barrier log...

Ordering time: 0.00s

Barrier statistics:
 AA' NZ     : 7.100e+02
 Factor NZ  : 2.410e+03
 Factor Ops : 9.456e+04 (less than 1 second per iteration)
 Threads    : 1

                  Objective                Residual
Iter       Primal          Dual         Primal    Dual     Compl     Time
   0  -1.94244463e+05 -2.49192768e+05  1.61e+01 5.68e-14  3.33e+02     0s
   1  -9.21348574e+04 -1.73189268e+05  1.45e+00 6.29e+01  6.97e+01     0s
   2  -8.95142453e+04 -1.04032654e+05  8.55e-02 5.66e+00  9.10e+00     0s
   3  -9.36985060e+04 -9.73807923e+04  5.46e-03 1.50e+00  2.14e+00     0s
   4  -9.43834289e+04 -9.56925239e+04  8.57e-04 5.22e-01  7.54e-01     0s
   5  -9.45871150e+04 -9.50588982e+04  2.32e-04 1.74e-01  2.72e-01     0s
   6  -9.46889710e+04 -9.47490748e+04  0.00e+00 1.52e-02  3.45e-02     0s
   7  -9.47048925e+04 -9.47059008e+04  0.00e+00 1.36e-04  5.73e-04     0s
   8  -9.47050855e+04 -9.47050865e+04  0.00e+00 1.71e-13  5.73e-07     0s
   9  -9.47050857e+04 -9.47050857e+04  1.52e-15 1.99e-13  5.80e-13     0s

Barrier solved model in 9 iterations and 0.02 seconds
Optimal objective -9.47050857e+04


Root relaxation: objective -9.470509e+04, 147 iterations, 0.01 seconds

    Nodes    |    Current Node    |     Objective Bounds      |     Work
 Expl Unexpl |  Obj  Depth IntInf | Incumbent    BestBd   Gap | It/Node Time

     0     0 -94705.086    0   54 -79919.000 -94705.086  18.5%     -    0s
H    0     0                    -92055.00000 -94705.086  2.88%     -    0s
H    0     0                    -93071.00000 -94705.086  1.76%     -    0s
     0     0 -93662.667    0   68 -93071.000 -93662.667  0.64%     -    0s

Cutting planes:
  Gomory: 1
  Cover: 43
  MIR: 26

Explored 0 nodes (377 simplex iterations) in 0.06 seconds
Thread count was 16 (of 16 available processors)

Optimal solution found (tolerance 1.00e-02)
Best objective -9.307100000000e+04, best bound -9.366200000000e+04, gap 0.6350%
Changed value of parameter MIPGap to 0.01
   Prev: 0.0001  Min: 0.0  Max: 1e+100  Default: 0.0001
Changed value of parameter TimeLimit to 1800.0
   Prev: 1e+100  Min: 0.0  Max: 1e+100  Default: 1e+100
Changed value of parameter Method to 2
   Prev: -1  Min: -1  Max: 4  Default: -1
Changed value of parameter MIPFocus to 1
   Prev: 0  Min: 0  Max: 3  Default: 0
Optimize a model with 2154 rows, 3081 columns and 6162 nonzeros
Coefficient statistics:
  Matrix range    [1e+00, 2e+01]
  Objective range [5e+01, 1e+03]
  Bounds range    [1e+00, 1e+00]
  RHS range       [8e+01, 8e+01]
Found heuristic solution: objective 0
Presolve removed 2076 rows and 2238 columns
Presolve time: 0.01s
Presolved: 78 rows, 843 columns, 1575 nonzeros
Found heuristic solution: objective -198749.0000
Variable types: 0 continuous, 843 integer (752 binary)
Optimize a model with 78 rows, 843 columns and 1575 nonzeros
Coefficient statistics:
  Matrix range    [1e+00, 2e+01]
  Objective range [5e+01, 1e+03]
  Bounds range    [1e+00, 7e+00]
  RHS range       [2e+01, 8e+01]
Presolved: 78 rows, 843 columns, 1575 nonzeros

Root barrier log...

Ordering time: 0.00s

Barrier statistics:
 AA' NZ     : 7.100e+02
 Factor NZ  : 2.410e+03
 Factor Ops : 9.456e+04 (less than 1 second per iteration)
 Threads    : 1

                  Objective                Residual
Iter       Primal          Dual         Primal    Dual     Compl     Time
   0  -4.80954951e+05 -6.23340877e+05  1.61e+01 1.14e-13  8.36e+02     0s
   1  -2.29356238e+05 -4.33219008e+05  1.45e+00 1.59e+02  1.75e+02     0s
   2  -2.23087792e+05 -2.59455608e+05  8.62e-02 1.42e+01  2.28e+01     0s
   3  -2.33787765e+05 -2.42834644e+05  5.46e-03 3.69e+00  5.27e+00     0s
   4  -2.35585467e+05 -2.38872535e+05  9.59e-04 1.36e+00  1.89e+00     0s
   5  -2.36058360e+05 -2.37322059e+05  2.38e-04 5.06e-01  7.28e-01     0s
   6  -2.36257571e+05 -2.36390949e+05  1.97e-05 2.06e-02  7.72e-02     0s
   7  -2.36315495e+05 -2.36317120e+05  0.00e+00 2.21e-04  9.25e-04     0s
   8  -2.36315800e+05 -2.36315801e+05  0.00e+00 4.55e-13  9.25e-07     0s
   9  -2.36315800e+05 -2.36315800e+05  5.64e-15 4.55e-13  9.37e-13     0s

Barrier solved model in 9 iterations and 0.02 seconds
Optimal objective -2.36315800e+05


Root relaxation: objective -2.363158e+05, 147 iterations, 0.01 seconds

    Nodes    |    Current Node    |     Objective Bounds      |     Work
 Expl Unexpl |  Obj  Depth IntInf | Incumbent    BestBd   Gap | It/Node Time

     0     0 -236315.80    0   56 -198749.00 -236315.80  18.9%     -    0s
H    0     0                    -230854.0000 -236315.80  2.37%     -    0s
H    0     0                    -231396.0000 -236315.80  2.13%     -    0s
     0     0 -233505.92    0   65 -231396.00 -233505.92  0.91%     -    0s

Cutting planes:
  Gomory: 1
  Cover: 43
  MIR: 25

Explored 0 nodes (394 simplex iterations) in 0.08 seconds
Thread count was 16 (of 16 available processors)

Optimal solution found (tolerance 1.00e-02)
Best objective -2.313960000000e+05, best bound -2.335050000000e+05, gap 0.9114%
Changed value of parameter MIPGap to 0.01
   Prev: 0.0001  Min: 0.0  Max: 1e+100  Default: 0.0001
Changed value of parameter TimeLimit to 1800.0
   Prev: 1e+100  Min: 0.0  Max: 1e+100  Default: 1e+100
Changed value of parameter Method to 2
   Prev: -1  Min: -1  Max: 4  Default: -1
Changed value of parameter MIPFocus to 1
   Prev: 0  Min: 0  Max: 3  Default: 0
Optimize a model with 2154 rows, 3081 columns and 6162 nonzeros
Coefficient statistics:
  Matrix range    [1e+00, 2e+01]
  Objective range [5e+02, 1e+04]
  Bounds range    [1e+00, 1e+00]
  RHS range       [8e+01, 8e+01]
Found heuristic solution: objective 0
Presolve removed 2076 rows and 2238 columns
Presolve time: 0.01s
Presolved: 78 rows, 843 columns, 1575 nonzeros
Found heuristic solution: objective -1981199.000
Variable types: 0 continuous, 843 integer (752 binary)
Optimize a model with 78 rows, 843 columns and 1575 nonzeros
Coefficient statistics:
  Matrix range    [1e+00, 2e+01]
  Objective range [5e+02, 1e+04]
  Bounds range    [1e+00, 7e+00]
  RHS range       [2e+01, 8e+01]
Presolved: 78 rows, 843 columns, 1575 nonzeros

Root barrier log...

Ordering time: 0.00s

Barrier statistics:
 AA' NZ     : 7.100e+02
 Factor NZ  : 2.410e+03
 Factor Ops : 9.456e+04 (less than 1 second per iteration)
 Threads    : 1

                  Objective                Residual
Iter       Primal          Dual         Primal    Dual     Compl     Time
   0  -4.78160948e+06 -6.23556251e+06  1.61e+01 1.82e-12  8.38e+03     0s
   1  -2.28768830e+06 -4.33366282e+06  1.45e+00 1.60e+03  1.76e+03     0s
   2  -2.22671672e+06 -2.59079152e+06  8.66e-02 1.42e+02  2.28e+02     0s
   3  -2.33517834e+06 -2.42458060e+06  5.45e-03 3.65e+01  5.21e+01     0s
   4  -2.35330343e+06 -2.38471514e+06  9.57e-04 1.28e+01  1.81e+01     0s
   5  -2.35787993e+06 -2.37014923e+06  2.78e-04 4.84e+00  7.07e+00     0s
   6  -2.35994454e+06 -2.36132006e+06  2.41e-05 2.70e-01  7.96e-01     0s
   7  -2.36047351e+06 -2.36052110e+06  0.00e+00 1.25e-02  2.71e-02     0s
   8  -2.36047648e+06 -2.36047657e+06  0.00e+00 4.09e-12  5.35e-05     0s
   9  -2.36047651e+06 -2.36047651e+06  0.00e+00 3.64e-12  6.01e-11     0s

Barrier solved model in 9 iterations and 0.02 seconds
Optimal objective -2.36047651e+06


Root relaxation: objective -2.360477e+06, 147 iterations, 0.01 seconds

    Nodes    |    Current Node    |     Objective Bounds      |     Work
 Expl Unexpl |  Obj  Depth IntInf | Incumbent    BestBd   Gap | It/Node Time

     0     0 -2360476.5    0   53 -1981199.0 -2360476.5  19.1%     -    0s
H    0     0                    -2304904.000 -2360476.5  2.41%     -    0s
H    0     0                    -2315888.000 -2360476.5  1.93%     -    0s
H    0     0                    -2317892.000 -2360476.5  1.84%     -    0s
     0     0 -2331286.7    0   57 -2317892.0 -2331286.7  0.58%     -    0s

Cutting planes:
  Cover: 43
  MIR: 26

Explored 0 nodes (438 simplex iterations) in 0.07 seconds
Thread count was 16 (of 16 available processors)

Optimal solution found (tolerance 1.00e-02)
Best objective -2.317892000000e+06, best bound -2.331286000000e+06, gap 0.5779%
