Changed value of parameter MIPGap to 0.01
   Prev: 0.0001  Min: 0.0  Max: 1e+100  Default: 0.0001
Changed value of parameter TimeLimit to 1800.0
   Prev: 1e+100  Min: 0.0  Max: 1e+100  Default: 1e+100
Changed value of parameter Method to 2
   Prev: -1  Min: -1  Max: 4  Default: -1
Changed value of parameter MIPFocus to 1
   Prev: 0  Min: 0  Max: 3  Default: 0
Optimize a model with 2250 rows, 6825 columns and 13650 nonzeros
Coefficient statistics:
  Matrix range    [1e+00, 4e+01]
  Objective range [1e+00, 1e+00]
  Bounds range    [1e+00, 1e+00]
  RHS range       [8e+01, 8e+01]
Found heuristic solution: objective 0
Presolve removed 533 rows and 2016 columns
Presolve time: 0.04s
Presolved: 1717 rows, 4809 columns, 9618 nonzeros
Found heuristic solution: objective -804.0000000
Variable types: 0 continuous, 4809 integer (4809 binary)
Optimize a model with 1717 rows, 4809 columns and 9618 nonzeros
Coefficient statistics:
  Matrix range    [1e+00, 4e+01]
  Objective range [1e+00, 1e+00]
  Bounds range    [1e+00, 1e+00]
  RHS range       [1e+00, 8e+01]
Presolved: 1717 rows, 4809 columns, 9618 nonzeros

Root barrier log...

Ordering time: 0.00s

Barrier statistics:
 AA' NZ     : 4.809e+03
 Factor NZ  : 2.494e+04 (roughly 3 MBytes of memory)
 Factor Ops : 1.099e+06 (less than 1 second per iteration)
 Threads    : 1

                  Objective                Residual
Iter       Primal          Dual         Primal    Dual     Compl     Time
   0  -3.42394889e+03 -2.69933164e+03  2.44e+01 2.48e-01  1.09e+00     0s
   1  -1.17092290e+03 -2.10403960e+03  3.37e+00 6.66e-16  2.12e-01     0s
   2  -8.44883940e+02 -1.05313786e+03  1.12e-01 6.66e-16  2.26e-02     0s
   3  -8.51474919e+02 -8.81290006e+02  1.74e-02 6.66e-15  3.21e-03     0s
   4  -8.53799198e+02 -8.59238720e+02  5.26e-03 2.22e-16  6.19e-04     0s
   5  -8.54703833e+02 -8.55049478e+02  3.28e-04 6.66e-16  3.93e-05     0s
   6  -8.54792468e+02 -8.54793065e+02  8.60e-08 2.22e-16  6.00e-08     0s
   7  -8.54792683e+02 -8.54792683e+02  5.43e-13 4.44e-16  6.00e-11     0s

Barrier solved model in 7 iterations and 0.09 seconds
Optimal objective -8.54792683e+02


Root relaxation: objective -8.547927e+02, 3538 iterations, 0.07 seconds

    Nodes    |    Current Node    |     Objective Bounds      |     Work
 Expl Unexpl |  Obj  Depth IntInf | Incumbent    BestBd   Gap | It/Node Time

     0     0 -854.79268    0  230 -804.00000 -854.79268  6.32%     -    0s
H    0     0                    -817.0000000 -854.79268  4.63%     -    0s
H    0     0                    -818.0000000 -854.79268  4.50%     -    0s
H    0     0                    -819.0000000 -854.79268  4.37%     -    0s
H    0     0                    -820.0000000 -854.79268  4.24%     -    0s
     0     0 -842.58537    0  210 -820.00000 -842.58537  2.75%     -    0s
     0     0 -842.10976    0  212 -820.00000 -842.10976  2.70%     -    0s
H    0     0                    -822.0000000 -842.10976  2.45%     -    0s
H    0     0                    -823.0000000 -842.10976  2.32%     -    0s
     0     0 -825.00000    0    2 -823.00000 -825.00000  0.24%     -    0s

Cutting planes:
  Gomory: 12
  Cover: 127

Explored 0 nodes (7922 simplex iterations) in 0.49 seconds
Thread count was 16 (of 16 available processors)

Optimal solution found (tolerance 1.00e-02)
Best objective -8.230000000000e+02, best bound -8.250000000000e+02, gap 0.2430%
Changed value of parameter MIPGap to 0.01
   Prev: 0.0001  Min: 0.0  Max: 1e+100  Default: 0.0001
Changed value of parameter TimeLimit to 1800.0
   Prev: 1e+100  Min: 0.0  Max: 1e+100  Default: 1e+100
Changed value of parameter Method to 2
   Prev: -1  Min: -1  Max: 4  Default: -1
Changed value of parameter MIPFocus to 1
   Prev: 0  Min: 0  Max: 3  Default: 0
Optimize a model with 2250 rows, 6825 columns and 13650 nonzeros
Coefficient statistics:
  Matrix range    [1e+00, 4e+01]
  Objective range [1e+00, 1e+00]
  Bounds range    [1e+00, 1e+00]
  RHS range       [8e+01, 8e+01]
Found heuristic solution: objective 0
Presolve removed 533 rows and 2016 columns
Presolve time: 0.04s
Presolved: 1717 rows, 4809 columns, 9618 nonzeros
Found heuristic solution: objective -805.5980000
Variable types: 0 continuous, 4809 integer (4809 binary)
Optimize a model with 1717 rows, 4809 columns and 9618 nonzeros
Coefficient statistics:
  Matrix range    [1e+00, 4e+01]
  Objective range [1e+00, 1e+00]
  Bounds range    [1e+00, 1e+00]
  RHS range       [1e+00, 8e+01]
Presolved: 1717 rows, 4809 columns, 9618 nonzeros

Root barrier log...

Ordering time: 0.00s

Barrier statistics:
 AA' NZ     : 4.809e+03
 Factor NZ  : 2.494e+04 (roughly 3 MBytes of memory)
 Factor Ops : 1.099e+06 (less than 1 second per iteration)
 Threads    : 1

                  Objective                Residual
Iter       Primal          Dual         Primal    Dual     Compl     Time
   0  -3.43227515e+03 -2.70224880e+03  2.44e+01 2.48e-01  1.09e+00     0s
   1  -1.17694443e+03 -2.10662970e+03  3.40e+00 5.55e-16  2.12e-01     0s
   2  -8.47152808e+02 -1.05696600e+03  1.14e-01 8.88e-16  2.29e-02     0s
   3  -8.53437983e+02 -8.84603257e+02  1.61e-02 3.33e-15  3.33e-03     0s
   4  -8.55887414e+02 -8.61568133e+02  4.83e-03 4.44e-16  6.37e-04     0s
   5  -8.56805218e+02 -8.57148190e+02  2.95e-04 4.44e-16  3.85e-05     0s
   6  -8.56898423e+02 -8.56899031e+02  2.53e-07 4.44e-16  6.38e-08     0s
   7  -8.56898610e+02 -8.56898610e+02  2.89e-12 4.44e-16  6.38e-11     0s

Barrier solved model in 7 iterations and 0.08 seconds
Optimal objective -8.56898610e+02


Root relaxation: objective -8.568986e+02, 3521 iterations, 0.06 seconds

    Nodes    |    Current Node    |     Objective Bounds      |     Work
 Expl Unexpl |  Obj  Depth IntInf | Incumbent    BestBd   Gap | It/Node Time

     0     0 -856.89861    0  280 -805.59800 -856.89861  6.37%     -    0s
H    0     0                    -818.7280000 -856.89861  4.66%     -    0s
H    0     0                    -820.7480000 -856.89861  4.40%     -    0s
H    0     0                    -823.7780000 -856.89861  4.02%     -    0s
     0     0 -840.25824    0  221 -823.77800 -840.25824  2.00%     -    0s
     0     0 -839.77788    0  216 -823.77800 -839.77788  1.94%     -    0s
H    0     0                    -825.7980000 -839.77788  1.69%     -    0s
     0     0 -826.80800    0   84 -825.79800 -826.80800  0.12%     -    0s

Cutting planes:
  Gomory: 13
  Cover: 126

Explored 0 nodes (6663 simplex iterations) in 0.50 seconds
Thread count was 16 (of 16 available processors)

Optimal solution found (tolerance 1.00e-02)
Best objective -8.257980000000e+02, best bound -8.268080000000e+02, gap 0.1223%
Changed value of parameter MIPGap to 0.01
   Prev: 0.0001  Min: 0.0  Max: 1e+100  Default: 0.0001
Changed value of parameter TimeLimit to 1800.0
   Prev: 1e+100  Min: 0.0  Max: 1e+100  Default: 1e+100
Changed value of parameter Method to 2
   Prev: -1  Min: -1  Max: 4  Default: -1
Changed value of parameter MIPFocus to 1
   Prev: 0  Min: 0  Max: 3  Default: 0
Optimize a model with 2250 rows, 6825 columns and 13650 nonzeros
Coefficient statistics:
  Matrix range    [1e+00, 4e+01]
  Objective range [1e+00, 1e+00]
  Bounds range    [1e+00, 1e+00]
  RHS range       [8e+01, 8e+01]
Found heuristic solution: objective 0
Presolve removed 533 rows and 2016 columns
Presolve time: 0.04s
Presolved: 1717 rows, 4809 columns, 9618 nonzeros
Found heuristic solution: objective -807.1960000
Variable types: 0 continuous, 4809 integer (4809 binary)
Optimize a model with 1717 rows, 4809 columns and 9618 nonzeros
Coefficient statistics:
  Matrix range    [1e+00, 4e+01]
  Objective range [1e+00, 1e+00]
  Bounds range    [1e+00, 1e+00]
  RHS range       [1e+00, 8e+01]
Presolved: 1717 rows, 4809 columns, 9618 nonzeros

Root barrier log...

Ordering time: 0.00s

Barrier statistics:
 AA' NZ     : 4.809e+03
 Factor NZ  : 2.494e+04 (roughly 3 MBytes of memory)
 Factor Ops : 1.099e+06 (less than 1 second per iteration)
 Threads    : 1

                  Objective                Residual
Iter       Primal          Dual         Primal    Dual     Compl     Time
   0  -3.44060131e+03 -2.70516596e+03  2.44e+01 2.48e-01  1.10e+00     0s
   1  -1.18294104e+03 -2.10922103e+03  3.43e+00 5.55e-16  2.13e-01     0s
   2  -8.49418496e+02 -1.06076447e+03  1.16e-01 6.66e-16  2.31e-02     0s
   3  -8.55574245e+02 -8.87046933e+02  1.61e-02 6.66e-16  3.36e-03     0s
   4  -8.58004295e+02 -8.63695937e+02  4.82e-03 6.66e-16  6.38e-04     0s
   5  -8.58914124e+02 -8.59248009e+02  2.83e-04 8.88e-16  3.74e-05     0s
   6  -8.59004360e+02 -8.59004940e+02  2.28e-07 4.44e-16  6.06e-08     0s
   7  -8.59004536e+02 -8.59004537e+02  2.44e-12 6.66e-16  6.06e-11     0s

Barrier solved model in 7 iterations and 0.08 seconds
Optimal objective -8.59004536e+02


Root relaxation: objective -8.590045e+02, 3561 iterations, 0.06 seconds

    Nodes    |    Current Node    |     Objective Bounds      |     Work
 Expl Unexpl |  Obj  Depth IntInf | Incumbent    BestBd   Gap | It/Node Time

     0     0 -859.00454    0  237 -807.19600 -859.00454  6.42%     -    0s
H    0     0                    -818.4160000 -859.00454  4.96%     -    0s
H    0     0                    -822.4960000 -859.00454  4.44%     -    0s
H    0     0                    -823.5160000 -859.00454  4.31%     -    0s
     0     0 -848.00844    0  218 -823.51600 -848.00844  2.97%     -    0s
     0     0 -847.52332    0  210 -823.51600 -847.52332  2.92%     -    0s
H    0     0                    -825.5560000 -847.52332  2.66%     -    0s
H    0     0                    -826.5760000 -847.52332  2.53%     -    0s
     0     0 -828.61600    0   26 -826.57600 -828.61600  0.25%     -    0s

Cutting planes:
  Gomory: 12
  Cover: 126

Explored 0 nodes (7445 simplex iterations) in 0.53 seconds
Thread count was 16 (of 16 available processors)

Optimal solution found (tolerance 1.00e-02)
Best objective -8.265760000000e+02, best bound -8.286160000000e+02, gap 0.2468%
Changed value of parameter MIPGap to 0.01
   Prev: 0.0001  Min: 0.0  Max: 1e+100  Default: 0.0001
Changed value of parameter TimeLimit to 1800.0
   Prev: 1e+100  Min: 0.0  Max: 1e+100  Default: 1e+100
Changed value of parameter Method to 2
   Prev: -1  Min: -1  Max: 4  Default: -1
Changed value of parameter MIPFocus to 1
   Prev: 0  Min: 0  Max: 3  Default: 0
Optimize a model with 2250 rows, 6825 columns and 13650 nonzeros
Coefficient statistics:
  Matrix range    [1e+00, 4e+01]
  Objective range [1e+00, 1e+00]
  Bounds range    [1e+00, 1e+00]
  RHS range       [8e+01, 8e+01]
Found heuristic solution: objective 0
Presolve removed 533 rows and 2016 columns
Presolve time: 0.04s
Presolved: 1717 rows, 4809 columns, 9618 nonzeros
Found heuristic solution: objective -810.3920000
Variable types: 0 continuous, 4809 integer (4809 binary)
Optimize a model with 1717 rows, 4809 columns and 9618 nonzeros
Coefficient statistics:
  Matrix range    [1e+00, 4e+01]
  Objective range [1e+00, 1e+00]
  Bounds range    [1e+00, 1e+00]
  RHS range       [1e+00, 8e+01]
Presolved: 1717 rows, 4809 columns, 9618 nonzeros

Root barrier log...

Ordering time: 0.00s

Barrier statistics:
 AA' NZ     : 4.809e+03
 Factor NZ  : 2.494e+04 (roughly 3 MBytes of memory)
 Factor Ops : 1.099e+06 (less than 1 second per iteration)
 Threads    : 1

                  Objective                Residual
Iter       Primal          Dual         Primal    Dual     Compl     Time
   0  -3.45725330e+03 -2.71100027e+03  2.44e+01 2.48e-01  1.10e+00     0s
   1  -1.19486205e+03 -2.11440801e+03  3.48e+00 5.00e-16  2.15e-01     0s
   2  -8.53932654e+02 -1.06851496e+03  1.20e-01 6.66e-16  2.35e-02     0s
   3  -8.59848231e+02 -8.91943793e+02  1.61e-02 2.44e-15  3.42e-03     0s
   4  -8.62238298e+02 -8.67949745e+02  4.76e-03 1.78e-15  6.40e-04     0s
   5  -8.63131898e+02 -8.63447635e+02  2.56e-04 6.66e-16  3.53e-05     0s
   6  -8.63216234e+02 -8.63216759e+02  1.82e-07 4.44e-16  5.46e-08     0s
   7  -8.63216390e+02 -8.63216391e+02  3.69e-12 4.44e-16  5.46e-11     0s

Barrier solved model in 7 iterations and 0.08 seconds
Optimal objective -8.63216390e+02


Root relaxation: objective -8.632164e+02, 3540 iterations, 0.06 seconds

    Nodes    |    Current Node    |     Objective Bounds      |     Work
 Expl Unexpl |  Obj  Depth IntInf | Incumbent    BestBd   Gap | It/Node Time

     0     0 -863.21639    0  284 -810.39200 -863.21639  6.52%     -    0s
     0     0 -846.56371    0  179 -810.39200 -846.56371  4.46%     -    0s
H    0     0                    -827.0320000 -846.56371  2.36%     -    0s
H    0     0                    -831.1920000 -846.56371  1.85%     -    0s
     0     0 -846.06907    0  198 -831.19200 -846.06907  1.79%     -    0s
     0     0 -832.23200    0   54 -831.19200 -832.23200  0.13%     -    0s

Cutting planes:
  Gomory: 11
  Cover: 127

Explored 0 nodes (6611 simplex iterations) in 0.56 seconds
Thread count was 16 (of 16 available processors)

Optimal solution found (tolerance 1.00e-02)
Best objective -8.311920000000e+02, best bound -8.322320000000e+02, gap 0.1251%
Changed value of parameter MIPGap to 0.01
   Prev: 0.0001  Min: 0.0  Max: 1e+100  Default: 0.0001
Changed value of parameter TimeLimit to 1800.0
   Prev: 1e+100  Min: 0.0  Max: 1e+100  Default: 1e+100
Changed value of parameter Method to 2
   Prev: -1  Min: -1  Max: 4  Default: -1
Changed value of parameter MIPFocus to 1
   Prev: 0  Min: 0  Max: 3  Default: 0
Optimize a model with 2250 rows, 6825 columns and 13650 nonzeros
Coefficient statistics:
  Matrix range    [1e+00, 4e+01]
  Objective range [1e+00, 1e+00]
  Bounds range    [1e+00, 1e+00]
  RHS range       [8e+01, 8e+01]
Found heuristic solution: objective 0
Presolve removed 533 rows and 2016 columns
Presolve time: 0.04s
Presolved: 1717 rows, 4809 columns, 9618 nonzeros
Found heuristic solution: objective -816.7840000
Variable types: 0 continuous, 4809 integer (4809 binary)
Optimize a model with 1717 rows, 4809 columns and 9618 nonzeros
Coefficient statistics:
  Matrix range    [1e+00, 4e+01]
  Objective range [1e+00, 1e+00]
  Bounds range    [1e+00, 1e+00]
  RHS range       [1e+00, 8e+01]
Presolved: 1717 rows, 4809 columns, 9618 nonzeros

Root barrier log...

Ordering time: 0.00s

Barrier statistics:
 AA' NZ     : 4.809e+03
 Factor NZ  : 2.494e+04 (roughly 3 MBytes of memory)
 Factor Ops : 1.099e+06 (less than 1 second per iteration)
 Threads    : 1

                  Objective                Residual
Iter       Primal          Dual         Primal    Dual     Compl     Time
   0  -3.49055599e+03 -2.72266890e+03  2.44e+01 2.48e-01  1.10e+00     0s
   1  -1.21837501e+03 -2.12479790e+03  3.58e+00 5.00e-16  2.18e-01     0s
   2  -8.62912525e+02 -1.08412674e+03  1.26e-01 6.66e-16  2.43e-02     0s
   3  -8.68335115e+02 -9.01328072e+02  1.71e-02 8.88e-16  3.53e-03     0s
   4  -8.70686823e+02 -8.76491141e+02  4.98e-03 2.66e-15  6.53e-04     0s
   5  -8.71562524e+02 -8.71863819e+02  2.39e-04 4.44e-16  3.36e-05     0s
   6  -8.71639958e+02 -8.71640427e+02  1.38e-07 4.44e-16  4.83e-08     0s
   7  -8.71640097e+02 -8.71640098e+02  2.37e-12 4.44e-16  4.83e-11     0s

Barrier solved model in 7 iterations and 0.08 seconds
Optimal objective -8.71640097e+02


Root relaxation: objective -8.716401e+02, 3523 iterations, 0.06 seconds

    Nodes    |    Current Node    |     Objective Bounds      |     Work
 Expl Unexpl |  Obj  Depth IntInf | Incumbent    BestBd   Gap | It/Node Time

     0     0 -871.64010    0  283 -816.78400 -871.64010  6.72%     -    0s
H    0     0                    -828.6640000 -871.64010  5.19%     -    0s
H    0     0                    -832.9840000 -871.64010  4.64%     -    0s
H    0     0                    -834.0640000 -871.64010  4.51%     -    0s
     0     0 -853.31961    0  201 -834.06400 -853.31961  2.31%     -    0s
H    0     0                    -835.1440000 -853.31961  2.18%     -    0s
     0     0 -852.81912    0  194 -835.14400 -852.81912  2.12%     -    0s
H    0     0                    -836.2240000 -852.81912  1.98%     -    0s
H    0     0                    -837.3040000 -852.81912  1.85%     -    0s
     0     0 -839.46400    0  101 -837.30400 -839.46400  0.26%     -    0s

Cutting planes:
  Gomory: 12
  Cover: 130
  MIR: 1

Explored 0 nodes (7032 simplex iterations) in 0.56 seconds
Thread count was 16 (of 16 available processors)

Optimal solution found (tolerance 1.00e-02)
Best objective -8.373040000000e+02, best bound -8.394640000000e+02, gap 0.2580%
Changed value of parameter MIPGap to 0.01
   Prev: 0.0001  Min: 0.0  Max: 1e+100  Default: 0.0001
Changed value of parameter TimeLimit to 1800.0
   Prev: 1e+100  Min: 0.0  Max: 1e+100  Default: 1e+100
Changed value of parameter Method to 2
   Prev: -1  Min: -1  Max: 4  Default: -1
Changed value of parameter MIPFocus to 1
   Prev: 0  Min: 0  Max: 3  Default: 0
Optimize a model with 2250 rows, 6825 columns and 13650 nonzeros
Coefficient statistics:
  Matrix range    [1e+00, 4e+01]
  Objective range [1e+00, 1e+00]
  Bounds range    [1e+00, 1e+00]
  RHS range       [8e+01, 8e+01]
Found heuristic solution: objective 0
Presolve removed 533 rows and 2016 columns
Presolve time: 0.04s
Presolved: 1717 rows, 4809 columns, 9618 nonzeros
Found heuristic solution: objective -819.9800000
Variable types: 0 continuous, 4809 integer (4809 binary)
Optimize a model with 1717 rows, 4809 columns and 9618 nonzeros
Coefficient statistics:
  Matrix range    [1e+00, 4e+01]
  Objective range [1e+00, 1e+00]
  Bounds range    [1e+00, 1e+00]
  RHS range       [1e+00, 8e+01]
Presolved: 1717 rows, 4809 columns, 9618 nonzeros

Root barrier log...

Ordering time: 0.00s

Barrier statistics:
 AA' NZ     : 4.809e+03
 Factor NZ  : 2.494e+04 (roughly 3 MBytes of memory)
 Factor Ops : 1.099e+06 (less than 1 second per iteration)
 Threads    : 1

                  Objective                Residual
Iter       Primal          Dual         Primal    Dual     Compl     Time
   0  -3.50720670e+03 -2.72850322e+03  2.44e+01 2.49e-01  1.10e+00     0s
   1  -1.22997930e+03 -2.12999709e+03  3.63e+00 5.55e-16  2.19e-01     0s
   2  -8.67348644e+02 -1.09189099e+03  1.29e-01 8.88e-16  2.47e-02     0s
   3  -8.72597863e+02 -9.05839887e+02  1.68e-02 4.44e-16  3.55e-03     0s
   4  -8.74904280e+02 -8.80740086e+02  4.88e-03 4.44e-16  6.55e-04     0s
   5  -8.75777924e+02 -8.76080699e+02  2.24e-04 4.44e-16  3.35e-05     0s
   6  -8.75851812e+02 -8.75852254e+02  7.51e-08 6.66e-16  4.46e-08     0s
   7  -8.75851951e+02 -8.75851952e+02  2.47e-12 4.44e-16  4.46e-11     0s

Barrier solved model in 7 iterations and 0.08 seconds
Optimal objective -8.75851951e+02


Root relaxation: objective -8.758520e+02, 3506 iterations, 0.06 seconds

    Nodes    |    Current Node    |     Objective Bounds      |     Work
 Expl Unexpl |  Obj  Depth IntInf | Incumbent    BestBd   Gap | It/Node Time

     0     0 -875.85195    0  237 -819.98000 -875.85195  6.81%     -    0s
H    0     0                    -835.3800000 -875.85195  4.84%     -    0s
H    0     0                    -836.4800000 -875.85195  4.71%     -    0s
H    0     0                    -838.6800000 -875.85195  4.43%     -    0s
     0     0 -860.33122    0  188 -838.68000 -860.33122  2.58%     -    0s
     0     0 -859.82146    0  151 -838.68000 -859.82146  2.52%     -    0s
H    0     0                    -839.7800000 -859.82146  2.39%     -    0s
H    0     0                    -840.8800000 -859.82146  2.25%     -    0s
*    0     0               0    -843.0800000 -843.08000  0.00%     -    0s

Cutting planes:
  Gomory: 13
  Cover: 127

Explored 0 nodes (7236 simplex iterations) in 0.52 seconds
Thread count was 16 (of 16 available processors)

Optimal solution found (tolerance 1.00e-02)
Best objective -8.430800000000e+02, best bound -8.430800000000e+02, gap 0.0%
Changed value of parameter MIPGap to 0.01
   Prev: 0.0001  Min: 0.0  Max: 1e+100  Default: 0.0001
Changed value of parameter TimeLimit to 1800.0
   Prev: 1e+100  Min: 0.0  Max: 1e+100  Default: 1e+100
Changed value of parameter Method to 2
   Prev: -1  Min: -1  Max: 4  Default: -1
Changed value of parameter MIPFocus to 1
   Prev: 0  Min: 0  Max: 3  Default: 0
Optimize a model with 2250 rows, 6825 columns and 13650 nonzeros
Coefficient statistics:
  Matrix range    [1e+00, 4e+01]
  Objective range [1e+00, 1e+00]
  Bounds range    [1e+00, 1e+00]
  RHS range       [8e+01, 8e+01]
Found heuristic solution: objective 0
Presolve removed 533 rows and 2016 columns
Presolve time: 0.04s
Presolved: 1717 rows, 4809 columns, 9618 nonzeros
Found heuristic solution: objective -835.9600000
Variable types: 0 continuous, 4809 integer (4809 binary)
Optimize a model with 1717 rows, 4809 columns and 9618 nonzeros
Coefficient statistics:
  Matrix range    [1e+00, 4e+01]
  Objective range [1e+00, 1e+00]
  Bounds range    [1e+00, 1e+00]
  RHS range       [1e+00, 8e+01]
Presolved: 1717 rows, 4809 columns, 9618 nonzeros

Root barrier log...

Ordering time: 0.00s

Barrier statistics:
 AA' NZ     : 4.809e+03
 Factor NZ  : 2.494e+04 (roughly 3 MBytes of memory)
 Factor Ops : 1.099e+06 (less than 1 second per iteration)
 Threads    : 1

                  Objective                Residual
Iter       Primal          Dual         Primal    Dual     Compl     Time
   0  -3.59045389e+03 -2.75767479e+03  2.44e+01 2.51e-01  1.10e+00     0s
   1  -1.28613620e+03 -2.15589105e+03  3.84e+00 6.66e-16  2.25e-01     0s
   2  -8.89265012e+02 -1.12640347e+03  1.39e-01 6.66e-16  2.62e-02     0s
   3  -8.93839912e+02 -9.30422909e+02  1.51e-02 3.16e-16  3.86e-03     0s
   4  -8.96066933e+02 -9.02352471e+02  3.90e-03 1.55e-15  6.85e-04     0s
   5  -8.96854173e+02 -8.97104687e+02  1.30e-04 4.44e-16  2.68e-05     0s
   6  -8.96911157e+02 -8.96911430e+02  4.87e-08 4.44e-16  2.76e-08     0s
   7  -8.96911219e+02 -8.96911220e+02  2.76e-12 4.44e-16  2.76e-11     0s

Barrier solved model in 7 iterations and 0.08 seconds
Optimal objective -8.96911219e+02


Root relaxation: objective -8.969112e+02, 3448 iterations, 0.06 seconds

    Nodes    |    Current Node    |     Objective Bounds      |     Work
 Expl Unexpl |  Obj  Depth IntInf | Incumbent    BestBd   Gap | It/Node Time

     0     0 -896.91122    0  246 -835.96000 -896.91122  7.29%     -    0s
H    0     0                    -850.3600000 -896.91122  5.47%     -    0s
H    0     0                    -852.7600000 -896.91122  5.18%     -    0s
H    0     0                    -855.1600000 -896.91122  4.88%     -    0s
H    0     0                    -856.3600000 -896.91122  4.74%     -    0s
     0     0 -882.26244    0  187 -856.36000 -882.26244  3.02%     -    0s
     0     0 -882.26244    0  187 -856.36000 -882.26244  3.02%     -    0s
H    0     0                    -857.5600000 -882.26244  2.88%     -    0s
     0     0 -861.16000    0   68 -857.56000 -861.16000  0.42%     -    0s

Cutting planes:
  Gomory: 10
  Cover: 128

Explored 0 nodes (7579 simplex iterations) in 0.55 seconds
Thread count was 16 (of 16 available processors)

Optimal solution found (tolerance 1.00e-02)
Best objective -8.575600000000e+02, best bound -8.611600000000e+02, gap 0.4198%
Changed value of parameter MIPGap to 0.01
   Prev: 0.0001  Min: 0.0  Max: 1e+100  Default: 0.0001
Changed value of parameter TimeLimit to 1800.0
   Prev: 1e+100  Min: 0.0  Max: 1e+100  Default: 1e+100
Changed value of parameter Method to 2
   Prev: -1  Min: -1  Max: 4  Default: -1
Changed value of parameter MIPFocus to 1
   Prev: 0  Min: 0  Max: 3  Default: 0
Optimize a model with 2250 rows, 6825 columns and 13650 nonzeros
Coefficient statistics:
  Matrix range    [1e+00, 4e+01]
  Objective range [1e+00, 1e+00]
  Bounds range    [1e+00, 1e+00]
  RHS range       [8e+01, 8e+01]
Found heuristic solution: objective 0
Presolve removed 533 rows and 2016 columns
Presolve time: 0.04s
Presolved: 1717 rows, 4809 columns, 9618 nonzeros
Found heuristic solution: objective -867.9200000
Variable types: 0 continuous, 4809 integer (4809 binary)
Optimize a model with 1717 rows, 4809 columns and 9618 nonzeros
Coefficient statistics:
  Matrix range    [1e+00, 4e+01]
  Objective range [1e+00, 1e+00]
  Bounds range    [1e+00, 1e+00]
  RHS range       [1e+00, 8e+01]
Presolved: 1717 rows, 4809 columns, 9618 nonzeros

Root barrier log...

Ordering time: 0.00s

Barrier statistics:
 AA' NZ     : 4.809e+03
 Factor NZ  : 2.494e+04 (roughly 3 MBytes of memory)
 Factor Ops : 1.099e+06 (less than 1 second per iteration)
 Threads    : 1

                  Objective                Residual
Iter       Primal          Dual         Primal    Dual     Compl     Time
   0  -3.75769744e+03 -3.12207591e+03  2.44e+01 2.67e-01  1.28e+00     0s
   1  -1.33595554e+03 -2.41913932e+03  3.77e+00 6.11e-16  2.61e-01     0s
   2  -9.26037514e+02 -1.20660818e+03  1.35e-01 6.66e-16  3.06e-02     0s
   3  -9.34775165e+02 -9.78592936e+02  1.53e-02 5.33e-15  4.58e-03     0s
   4  -9.37853475e+02 -9.45497272e+02  3.95e-03 2.26e-16  8.21e-04     0s
   5  -9.38954172e+02 -9.39259937e+02  1.40e-04 4.44e-16  3.25e-05     0s
   6  -9.39029661e+02 -9.39030016e+02  4.68e-08 4.44e-16  3.56e-08     0s
   7  -9.39029756e+02 -9.39029756e+02  1.89e-12 4.44e-16  3.56e-11     0s

Barrier solved model in 7 iterations and 0.08 seconds
Optimal objective -9.39029756e+02


Root relaxation: objective -9.390298e+02, 3489 iterations, 0.06 seconds

    Nodes    |    Current Node    |     Objective Bounds      |     Work
 Expl Unexpl |  Obj  Depth IntInf | Incumbent    BestBd   Gap | It/Node Time

     0     0 -939.02976    0  264 -867.92000 -939.02976  8.19%     -    0s
H    0     0                    -883.3200000 -939.02976  6.31%     -    0s
H    0     0                    -891.7200000 -939.02976  5.31%     -    0s
     0     0 -919.94195    0  217 -891.72000 -919.94195  3.16%     -    0s
H    0     0                    -893.1200000 -919.94195  3.00%     -    0s
H    0     0                    -894.5200000 -919.94195  2.84%     -    0s
*    0     0               0    -897.3200000 -897.32000  0.00%     -    0s

Cutting planes:
  Gomory: 14
  Cover: 129

Explored 0 nodes (6818 simplex iterations) in 0.51 seconds
Thread count was 16 (of 16 available processors)

Optimal solution found (tolerance 1.00e-02)
Best objective -8.973200000000e+02, best bound -8.973200000000e+02, gap 0.0%
Changed value of parameter MIPGap to 0.01
   Prev: 0.0001  Min: 0.0  Max: 1e+100  Default: 0.0001
Changed value of parameter TimeLimit to 1800.0
   Prev: 1e+100  Min: 0.0  Max: 1e+100  Default: 1e+100
Changed value of parameter Method to 2
   Prev: -1  Min: -1  Max: 4  Default: -1
Changed value of parameter MIPFocus to 1
   Prev: 0  Min: 0  Max: 3  Default: 0
Optimize a model with 2250 rows, 6825 columns and 13650 nonzeros
Coefficient statistics:
  Matrix range    [1e+00, 4e+01]
  Objective range [1e+00, 2e+00]
  Bounds range    [1e+00, 1e+00]
  RHS range       [8e+01, 8e+01]
Found heuristic solution: objective 0
Presolve removed 533 rows and 2016 columns
Presolve time: 0.04s
Presolved: 1717 rows, 4809 columns, 9618 nonzeros
Found heuristic solution: objective -931.8400000
Variable types: 0 continuous, 4809 integer (4809 binary)
Optimize a model with 1717 rows, 4809 columns and 9618 nonzeros
Coefficient statistics:
  Matrix range    [1e+00, 4e+01]
  Objective range [1e+00, 2e+00]
  Bounds range    [1e+00, 1e+00]
  RHS range       [1e+00, 8e+01]
Presolved: 1717 rows, 4809 columns, 9618 nonzeros

Root barrier log...

Ordering time: 0.00s

Barrier statistics:
 AA' NZ     : 4.809e+03
 Factor NZ  : 2.494e+04 (roughly 3 MBytes of memory)
 Factor Ops : 1.099e+06 (less than 1 second per iteration)
 Threads    : 1

                  Objective                Residual
Iter       Primal          Dual         Primal    Dual     Compl     Time
   0  -4.09211640e+03 -3.85469755e+03  2.44e+01 3.47e-01  1.66e+00     0s
   1  -1.46723351e+03 -2.93248582e+03  3.81e+00 8.88e-16  3.35e-01     0s
   2  -1.00282465e+03 -1.37597230e+03  1.36e-01 8.88e-16  4.02e-02     0s
   3  -1.01684451e+03 -1.07479289e+03  1.46e-02 8.88e-16  5.98e-03     0s
   4  -1.02149172e+03 -1.03204313e+03  3.77e-03 6.66e-16  1.11e-03     0s
   5  -1.02315801e+03 -1.02357161e+03  1.28e-04 1.11e-15  4.31e-05     0s
   6  -1.02326671e+03 -1.02326719e+03  5.29e-08 4.44e-16  4.83e-08     0s
   7  -1.02326683e+03 -1.02326683e+03  1.76e-12 6.66e-16  4.83e-11     0s

Barrier solved model in 7 iterations and 0.08 seconds
Optimal objective -1.02326683e+03


Root relaxation: objective -1.023267e+03, 3471 iterations, 0.06 seconds

    Nodes    |    Current Node    |     Objective Bounds      |     Work
 Expl Unexpl |  Obj  Depth IntInf | Incumbent    BestBd   Gap | It/Node Time

     0     0 -1023.2668    0  243 -931.84000 -1023.2668  9.81%     -    0s
H    0     0                    -953.4400000 -1023.2668  7.32%     -    0s
H    0     0                    -958.8400000 -1023.2668  6.72%     -    0s
H    0     0                    -962.4400000 -1023.2668  6.32%     -    0s
     0     0 -1001.2937    0  207 -962.44000 -1001.2937  4.04%     -    0s
     0     0 -1001.2937    0  209 -962.44000 -1001.2937  4.04%     -    0s
     0     0 -970.40829    0   89 -962.44000 -970.40829  0.83%     -    0s

Cutting planes:
  Gomory: 14
  Cover: 128
  MIR: 2

Explored 0 nodes (7062 simplex iterations) in 0.57 seconds
Thread count was 16 (of 16 available processors)

Optimal solution found (tolerance 1.00e-02)
Best objective -9.624400000000e+02, best bound -9.704000000000e+02, gap 0.8271%
Changed value of parameter MIPGap to 0.01
   Prev: 0.0001  Min: 0.0  Max: 1e+100  Default: 0.0001
Changed value of parameter TimeLimit to 1800.0
   Prev: 1e+100  Min: 0.0  Max: 1e+100  Default: 1e+100
Changed value of parameter Method to 2
   Prev: -1  Min: -1  Max: 4  Default: -1
Changed value of parameter MIPFocus to 1
   Prev: 0  Min: 0  Max: 3  Default: 0
Optimize a model with 2250 rows, 6825 columns and 13650 nonzeros
Coefficient statistics:
  Matrix range    [1e+00, 4e+01]
  Objective range [1e+00, 2e+00]
  Bounds range    [1e+00, 1e+00]
  RHS range       [8e+01, 8e+01]
Found heuristic solution: objective 0
Presolve removed 533 rows and 2016 columns
Presolve time: 0.04s
Presolved: 1717 rows, 4809 columns, 9618 nonzeros
Found heuristic solution: objective -963.8000000
Variable types: 0 continuous, 4809 integer (4809 binary)
Optimize a model with 1717 rows, 4809 columns and 9618 nonzeros
Coefficient statistics:
  Matrix range    [1e+00, 4e+01]
  Objective range [1e+00, 2e+00]
  Bounds range    [1e+00, 1e+00]
  RHS range       [1e+00, 8e+01]
Presolved: 1717 rows, 4809 columns, 9618 nonzeros

Root barrier log...

Ordering time: 0.00s

Barrier statistics:
 AA' NZ     : 4.809e+03
 Factor NZ  : 2.494e+04 (roughly 3 MBytes of memory)
 Factor Ops : 1.099e+06 (less than 1 second per iteration)
 Threads    : 1

                  Objective                Residual
Iter       Primal          Dual         Primal    Dual     Compl     Time
   0  -4.25930240e+03 -4.22100838e+03  2.44e+01 3.87e-01  1.84e+00     0s
   1  -1.57101779e+03 -3.18671863e+03  3.80e+00 8.88e-16  3.64e-01     0s
   2  -1.04919573e+03 -1.50978414e+03  1.51e-01 6.66e-16  4.95e-02     0s
   3  -1.05853384e+03 -1.12487889e+03  1.88e-02 2.04e-14  6.89e-03     0s
   4  -1.06343507e+03 -1.07507380e+03  5.14e-03 8.88e-16  1.24e-03     0s
   5  -1.06526384e+03 -1.06572649e+03  1.74e-04 8.88e-16  4.88e-05     0s
   6  -1.06538514e+03 -1.06538580e+03  4.20e-08 8.88e-16  6.61e-08     0s
   7  -1.06538537e+03 -1.06538537e+03  1.55e-12 4.44e-16  6.61e-11     0s

Barrier solved model in 7 iterations and 0.08 seconds
Optimal objective -1.06538537e+03


Root relaxation: objective -1.065385e+03, 3493 iterations, 0.06 seconds

    Nodes    |    Current Node    |     Objective Bounds      |     Work
 Expl Unexpl |  Obj  Depth IntInf | Incumbent    BestBd   Gap | It/Node Time

     0     0 -1065.3854    0  282 -963.80000 -1065.3854  10.5%     -    0s
H    0     0                    -987.8000000 -1065.3854  7.85%     -    0s
H    0     0                    -997.8000000 -1065.3854  6.77%     -    0s
H    0     0                    -999.8000000 -1065.3854  6.56%     -    0s
     0     0 -1025.7512    0  176 -999.80000 -1025.7512  2.60%     -    0s
     0     0 -1024.7768    0  181 -999.80000 -1024.7768  2.50%     -    0s
H    0     0                    -1001.800000 -1024.7768  2.29%     -    0s
     0     0 -1005.8000    0   56 -1001.8000 -1005.8000  0.40%     -    0s

Cutting planes:
  Gomory: 14
  Cover: 131

Explored 0 nodes (6079 simplex iterations) in 0.40 seconds
Thread count was 16 (of 16 available processors)

Optimal solution found (tolerance 1.00e-02)
Best objective -1.001800000000e+03, best bound -1.005800000000e+03, gap 0.3993%
Changed value of parameter MIPGap to 0.01
   Prev: 0.0001  Min: 0.0  Max: 1e+100  Default: 0.0001
Changed value of parameter TimeLimit to 1800.0
   Prev: 1e+100  Min: 0.0  Max: 1e+100  Default: 1e+100
Changed value of parameter Method to 2
   Prev: -1  Min: -1  Max: 4  Default: -1
Changed value of parameter MIPFocus to 1
   Prev: 0  Min: 0  Max: 3  Default: 0
Optimize a model with 2250 rows, 6825 columns and 13650 nonzeros
Coefficient statistics:
  Matrix range    [1e+00, 4e+01]
  Objective range [1e+00, 3e+00]
  Bounds range    [1e+00, 1e+00]
  RHS range       [8e+01, 8e+01]
Found heuristic solution: objective 0
Presolve removed 533 rows and 2016 columns
Presolve time: 0.04s
Presolved: 1717 rows, 4809 columns, 9618 nonzeros
Found heuristic solution: objective -1123.600000
Variable types: 0 continuous, 4809 integer (4809 binary)
Optimize a model with 1717 rows, 4809 columns and 9618 nonzeros
Coefficient statistics:
  Matrix range    [1e+00, 4e+01]
  Objective range [1e+00, 3e+00]
  Bounds range    [1e+00, 1e+00]
  RHS range       [1e+00, 8e+01]
Presolved: 1717 rows, 4809 columns, 9618 nonzeros

Root barrier log...

Ordering time: 0.00s

Barrier statistics:
 AA' NZ     : 4.809e+03
 Factor NZ  : 2.494e+04 (roughly 3 MBytes of memory)
 Factor Ops : 1.099e+06 (less than 1 second per iteration)
 Threads    : 1

                  Objective                Residual
Iter       Primal          Dual         Primal    Dual     Compl     Time
   0  -5.09512228e+03 -6.05256250e+03  2.44e+01 5.86e-01  2.78e+00     0s
   1  -1.86797828e+03 -4.47069165e+03  3.90e+00 1.33e-15  5.55e-01     0s
   2  -1.24135837e+03 -1.97147019e+03  1.50e-01 8.88e-16  7.74e-02     0s
   3  -1.26293298e+03 -1.36902912e+03  1.82e-02 4.44e-15  1.09e-02     0s
   4  -1.27231924e+03 -1.29205443e+03  4.91e-03 2.66e-15  2.05e-03     0s
   5  -1.27576748e+03 -1.27645677e+03  1.39e-04 8.88e-16  7.09e-05     0s
   6  -1.27597780e+03 -1.27597875e+03  7.52e-08 1.33e-15  9.49e-08     0s
   7  -1.27597805e+03 -1.27597805e+03  5.04e-12 8.88e-16  9.49e-11     0s

Barrier solved model in 7 iterations and 0.08 seconds
Optimal objective -1.27597805e+03


Root relaxation: objective -1.275978e+03, 3495 iterations, 0.06 seconds

    Nodes    |    Current Node    |     Objective Bounds      |     Work
 Expl Unexpl |  Obj  Depth IntInf | Incumbent    BestBd   Gap | It/Node Time

     0     0 -1275.9780    0  312 -1123.6000 -1275.9780  13.6%     -    0s
H    0     0                    -1159.600000 -1275.9780  10.0%     -    0s
H    0     0                    -1168.600000 -1275.9780  9.19%     -    0s
H    0     0                    -1171.600000 -1275.9780  8.91%     -    0s
     0     0 -1227.9415    0  246 -1171.6000 -1227.9415  4.81%     -    0s
     0     0 -1226.9512    0  245 -1171.6000 -1226.9512  4.72%     -    0s
H    0     0                    -1180.600000 -1226.9512  3.93%     -    0s
     0     0 -1186.6000    0   87 -1180.6000 -1186.6000  0.51%     -    0s

Cutting planes:
  Gomory: 14
  Cover: 130

Explored 0 nodes (6556 simplex iterations) in 0.59 seconds
Thread count was 16 (of 16 available processors)

Optimal solution found (tolerance 1.00e-02)
Best objective -1.180600000000e+03, best bound -1.186600000000e+03, gap 0.5082%
Changed value of parameter MIPGap to 0.01
   Prev: 0.0001  Min: 0.0  Max: 1e+100  Default: 0.0001
Changed value of parameter TimeLimit to 1800.0
   Prev: 1e+100  Min: 0.0  Max: 1e+100  Default: 1e+100
Changed value of parameter Method to 2
   Prev: -1  Min: -1  Max: 4  Default: -1
Changed value of parameter MIPFocus to 1
   Prev: 0  Min: 0  Max: 3  Default: 0
Optimize a model with 2250 rows, 6825 columns and 13650 nonzeros
Coefficient statistics:
  Matrix range    [1e+00, 4e+01]
  Objective range [1e+00, 5e+00]
  Bounds range    [1e+00, 1e+00]
  RHS range       [8e+01, 8e+01]
Found heuristic solution: objective 0
Presolve removed 533 rows and 2016 columns
Presolve time: 0.04s
Presolved: 1717 rows, 4809 columns, 9618 nonzeros
Found heuristic solution: objective -1443.200000
Variable types: 0 continuous, 4809 integer (4809 binary)
Optimize a model with 1717 rows, 4809 columns and 9618 nonzeros
Coefficient statistics:
  Matrix range    [1e+00, 4e+01]
  Objective range [1e+00, 5e+00]
  Bounds range    [1e+00, 1e+00]
  RHS range       [1e+00, 8e+01]
Presolved: 1717 rows, 4809 columns, 9618 nonzeros

Root barrier log...

Ordering time: 0.00s

Barrier statistics:
 AA' NZ     : 4.809e+03
 Factor NZ  : 2.494e+04 (roughly 3 MBytes of memory)
 Factor Ops : 1.099e+06 (less than 1 second per iteration)
 Threads    : 1

                  Objective                Residual
Iter       Primal          Dual         Primal    Dual     Compl     Time
   0  -6.76661691e+03 -9.77346588e+03  2.44e+01 9.84e-01  4.69e+00     0s
   1  -2.46124509e+03 -7.10844300e+03  3.88e+00 2.22e-15  9.32e-01     0s
   2  -1.63555104e+03 -2.88305922e+03  1.58e-01 1.78e-15  1.31e-01     0s
   3  -1.67142954e+03 -1.86004649e+03  1.96e-02 2.66e-15  1.92e-02     0s
   4  -1.68931160e+03 -1.72688610e+03  5.69e-03 5.33e-15  3.86e-03     0s
   5  -1.69667409e+03 -1.69845865e+03  2.00e-04 1.78e-15  1.81e-04     0s
   6  -1.69716210e+03 -1.69716755e+03  4.70e-08 1.78e-15  5.34e-07     0s
   7  -1.69716341e+03 -1.69716342e+03  9.02e-13 1.78e-15  5.34e-10     0s

Barrier solved model in 7 iterations and 0.08 seconds
Optimal objective -1.69716341e+03


Root relaxation: objective -1.697163e+03, 3621 iterations, 0.06 seconds

    Nodes    |    Current Node    |     Objective Bounds      |     Work
 Expl Unexpl |  Obj  Depth IntInf | Incumbent    BestBd   Gap | It/Node Time

     0     0 -1697.1634    0  281 -1443.2000 -1697.1634  17.6%     -    0s
H    0     0                    -1498.200000 -1697.1634  13.3%     -    0s
H    0     0                    -1533.200000 -1697.1634  10.7%     -    0s
H    0     0                    -1538.200000 -1697.1634  10.3%     -    0s
     0     0 -1586.1878    0  168 -1538.2000 -1586.1878  3.12%     -    0s
     0     0 -1585.1707    0  167 -1538.2000 -1585.1707  3.05%     -    0s
*    0     0               0    -1548.200000 -1548.2000  0.00%     -    0s

Cutting planes:
  Gomory: 11
  Cover: 127

Explored 0 nodes (6148 simplex iterations) in 0.48 seconds
Thread count was 16 (of 16 available processors)

Optimal solution found (tolerance 1.00e-02)
Best objective -1.548200000000e+03, best bound -1.548200000000e+03, gap 0.0%
Changed value of parameter MIPGap to 0.01
   Prev: 0.0001  Min: 0.0  Max: 1e+100  Default: 0.0001
Changed value of parameter TimeLimit to 1800.0
   Prev: 1e+100  Min: 0.0  Max: 1e+100  Default: 1e+100
Changed value of parameter Method to 2
   Prev: -1  Min: -1  Max: 4  Default: -1
Changed value of parameter MIPFocus to 1
   Prev: 0  Min: 0  Max: 3  Default: 0
Optimize a model with 2250 rows, 6825 columns and 13650 nonzeros
Coefficient statistics:
  Matrix range    [1e+00, 4e+01]
  Objective range [1e+00, 9e+00]
  Bounds range    [1e+00, 1e+00]
  RHS range       [8e+01, 8e+01]
Found heuristic solution: objective 0
Presolve removed 533 rows and 2016 columns
Presolve time: 0.04s
Presolved: 1717 rows, 4809 columns, 9618 nonzeros
Found heuristic solution: objective -2082.400000
Variable types: 0 continuous, 4809 integer (4809 binary)
Optimize a model with 1717 rows, 4809 columns and 9618 nonzeros
Coefficient statistics:
  Matrix range    [1e+00, 4e+01]
  Objective range [1e+00, 9e+00]
  Bounds range    [1e+00, 1e+00]
  RHS range       [1e+00, 8e+01]
Presolved: 1717 rows, 4809 columns, 9618 nonzeros

Root barrier log...

Ordering time: 0.00s

Barrier statistics:
 AA' NZ     : 4.809e+03
 Factor NZ  : 2.494e+04 (roughly 3 MBytes of memory)
 Factor Ops : 1.099e+06 (less than 1 second per iteration)
 Threads    : 1

                  Objective                Residual
Iter       Primal          Dual         Primal    Dual     Compl     Time
   0  -1.01094181e+04 -1.72467386e+04  2.44e+01 1.78e+00  8.49e+00     0s
   1  -3.65180669e+03 -1.23902249e+04  3.83e+00 4.44e-15  1.68e+00     0s
   2  -2.43015771e+03 -4.70362697e+03  1.53e-01 3.55e-15  2.37e-01     0s
   3  -2.48694774e+03 -2.83563150e+03  2.00e-02 3.55e-15  3.52e-02     0s
   4  -2.52158210e+03 -2.60078396e+03  6.25e-03 1.78e-15  8.06e-03     0s
   5  -2.53712553e+03 -2.54229690e+03  7.01e-04 3.55e-15  5.40e-04     0s
   6  -2.53952466e+03 -2.53957301e+03  8.90e-07 3.55e-15  4.78e-06     0s
   7  -2.53953414e+03 -2.53953419e+03  2.21e-14 3.55e-15  4.78e-09     0s
   8  -2.53953415e+03 -2.53953415e+03  1.73e-13 3.55e-15  4.78e-12     0s

Barrier solved model in 8 iterations and 0.08 seconds
Optimal objective -2.53953415e+03


Root relaxation: objective -2.539534e+03, 3332 iterations, 0.06 seconds

    Nodes    |    Current Node    |     Objective Bounds      |     Work
 Expl Unexpl |  Obj  Depth IntInf | Incumbent    BestBd   Gap | It/Node Time

     0     0 -2539.5341    0  289 -2082.4000 -2539.5341  22.0%     -    0s
H    0     0                    -2181.400000 -2539.5341  16.4%     -    0s
H    0     0                    -2226.400000 -2539.5341  14.1%     -    0s
     0     0 -2374.0220    0  185 -2226.4000 -2374.0220  6.63%     -    0s
     0     0 -2372.8000    0  190 -2226.4000 -2372.8000  6.58%     -    0s
H    0     0                    -2235.400000 -2372.8000  6.15%     -    0s
H    0     0                    -2244.400000 -2372.8000  5.72%     -    0s
     0     0 -2271.4000    0   34 -2244.4000 -2271.4000  1.20%     -    0s
H    0     0                    -2262.400000 -2271.4000  0.40%     -    0s

Cutting planes:
  Gomory: 8
  Cover: 131
  MIR: 2

Explored 0 nodes (6049 simplex iterations) in 0.53 seconds
Thread count was 16 (of 16 available processors)

Optimal solution found (tolerance 1.00e-02)
Best objective -2.262400000000e+03, best bound -2.271400000000e+03, gap 0.3978%
Changed value of parameter MIPGap to 0.01
   Prev: 0.0001  Min: 0.0  Max: 1e+100  Default: 0.0001
Changed value of parameter TimeLimit to 1800.0
   Prev: 1e+100  Min: 0.0  Max: 1e+100  Default: 1e+100
Changed value of parameter Method to 2
   Prev: -1  Min: -1  Max: 4  Default: -1
Changed value of parameter MIPFocus to 1
   Prev: 0  Min: 0  Max: 3  Default: 0
Optimize a model with 2250 rows, 6825 columns and 13650 nonzeros
Coefficient statistics:
  Matrix range    [1e+00, 4e+01]
  Objective range [2e+00, 1e+01]
  Bounds range    [1e+00, 1e+00]
  RHS range       [8e+01, 8e+01]
Found heuristic solution: objective 0
Presolve removed 533 rows and 2016 columns
Presolve time: 0.04s
Presolved: 1717 rows, 4809 columns, 9618 nonzeros
Found heuristic solution: objective -2402.000000
Variable types: 0 continuous, 4809 integer (4809 binary)
Optimize a model with 1717 rows, 4809 columns and 9618 nonzeros
Coefficient statistics:
  Matrix range    [1e+00, 4e+01]
  Objective range [2e+00, 1e+01]
  Bounds range    [1e+00, 1e+00]
  RHS range       [1e+00, 8e+01]
Presolved: 1717 rows, 4809 columns, 9618 nonzeros

Root barrier log...

Ordering time: 0.00s

Barrier statistics:
 AA' NZ     : 4.809e+03
 Factor NZ  : 2.494e+04 (roughly 3 MBytes of memory)
 Factor Ops : 1.099e+06 (less than 1 second per iteration)
 Threads    : 1

                  Objective                Residual
Iter       Primal          Dual         Primal    Dual     Compl     Time
   0  -1.17807882e+04 -2.09833750e+04  2.44e+01 2.18e+00  1.04e+01     0s
   1  -4.25149470e+03 -1.50342095e+04  3.82e+00 5.77e-15  2.05e+00     0s
   2  -2.83027016e+03 -5.62069817e+03  1.50e-01 7.11e-15  2.90e-01     0s
   3  -2.89592285e+03 -3.31450276e+03  1.97e-02 3.55e-15  4.22e-02     0s
   4  -2.93798363e+03 -3.03508542e+03  6.26e-03 3.55e-15  9.86e-03     0s
   5  -2.95676688e+03 -2.96438197e+03  9.61e-04 3.55e-15  8.00e-04     0s
   6  -2.96070367e+03 -2.96080929e+03  1.33e-07 3.55e-15  1.04e-05     0s
   7  -2.96071950e+03 -2.96071960e+03  1.31e-14 3.55e-15  1.04e-08     0s
   8  -2.96071951e+03 -2.96071951e+03  1.27e-14 3.55e-15  1.04e-11     0s

Barrier solved model in 8 iterations and 0.08 seconds
Optimal objective -2.96071951e+03


Root relaxation: objective -2.960720e+03, 3374 iterations, 0.06 seconds

    Nodes    |    Current Node    |     Objective Bounds      |     Work
 Expl Unexpl |  Obj  Depth IntInf | Incumbent    BestBd   Gap | It/Node Time

     0     0 -2960.7195    0  294 -2402.0000 -2960.7195  23.3%     -    0s
H    0     0                    -2545.000000 -2960.7195  16.3%     -    0s
H    0     0                    -2578.000000 -2960.7195  14.8%     -    0s
H    0     0                    -2589.000000 -2960.7195  14.4%     -    0s
     0     0 -2821.2073    0  221 -2589.0000 -2821.2073  8.97%     -    0s
     0     0 -2820.1098    0  219 -2589.0000 -2820.1098  8.93%     -    0s
     0     0 -2633.0000    0   30 -2589.0000 -2633.0000  1.70%     -    0s
H    0     0                    -2622.000000 -2633.0000  0.42%     -    0s

Cutting planes:
  Gomory: 11
  Cover: 133

Explored 0 nodes (6825 simplex iterations) in 0.43 seconds
Thread count was 16 (of 16 available processors)

Optimal solution found (tolerance 1.00e-02)
Best objective -2.622000000000e+03, best bound -2.633000000000e+03, gap 0.4195%
Changed value of parameter MIPGap to 0.01
   Prev: 0.0001  Min: 0.0  Max: 1e+100  Default: 0.0001
Changed value of parameter TimeLimit to 1800.0
   Prev: 1e+100  Min: 0.0  Max: 1e+100  Default: 1e+100
Changed value of parameter Method to 2
   Prev: -1  Min: -1  Max: 4  Default: -1
Changed value of parameter MIPFocus to 1
   Prev: 0  Min: 0  Max: 3  Default: 0
Optimize a model with 2250 rows, 6825 columns and 13650 nonzeros
Coefficient statistics:
  Matrix range    [1e+00, 4e+01]
  Objective range [2e+00, 2e+01]
  Bounds range    [1e+00, 1e+00]
  RHS range       [8e+01, 8e+01]
Found heuristic solution: objective 0
Presolve removed 533 rows and 2016 columns
Presolve time: 0.04s
Presolved: 1717 rows, 4809 columns, 9618 nonzeros
Found heuristic solution: objective -4000.000000
Variable types: 0 continuous, 4809 integer (4809 binary)
Optimize a model with 1717 rows, 4809 columns and 9618 nonzeros
Coefficient statistics:
  Matrix range    [1e+00, 4e+01]
  Objective range [2e+00, 2e+01]
  Bounds range    [1e+00, 1e+00]
  RHS range       [1e+00, 8e+01]
Presolved: 1717 rows, 4809 columns, 9618 nonzeros

Root barrier log...

Ordering time: 0.00s

Barrier statistics:
 AA' NZ     : 4.809e+03
 Factor NZ  : 2.494e+04 (roughly 3 MBytes of memory)
 Factor Ops : 1.099e+06 (less than 1 second per iteration)
 Threads    : 1

                  Objective                Residual
Iter       Primal          Dual         Primal    Dual     Compl     Time
   0  -2.01375666e+04 -3.96665568e+04  2.45e+01 4.17e+00  1.99e+01     0s
   1  -7.26550615e+03 -2.82615520e+04  3.79e+00 1.07e-14  3.92e+00     0s
   2  -4.84289124e+03 -1.02104376e+04  1.40e-01 7.11e-15  5.55e-01     0s
   3  -4.94570497e+03 -5.74337498e+03  1.78e-02 7.11e-15  8.00e-02     0s
   4  -5.01980926e+03 -5.19895428e+03  6.01e-03 7.11e-15  1.81e-02     0s
   5  -5.05436337e+03 -5.07974891e+03  1.52e-03 1.42e-14  2.63e-03     0s
   6  -5.06646082e+03 -5.06932222e+03  2.57e-06 7.11e-15  2.79e-04     0s
   7  -5.06664615e+03 -5.06664903e+03  2.70e-14 7.11e-15  2.81e-07     0s
   8  -5.06664634e+03 -5.06664634e+03  2.86e-14 7.11e-15  2.81e-10     0s

Barrier solved model in 8 iterations and 0.08 seconds
Optimal objective -5.06664634e+03


Root relaxation: objective -5.066646e+03, 3538 iterations, 0.06 seconds

    Nodes    |    Current Node    |     Objective Bounds      |     Work
 Expl Unexpl |  Obj  Depth IntInf | Incumbent    BestBd   Gap | It/Node Time

     0     0 -5066.6463    0  258 -4000.0000 -5066.6463  26.7%     -    0s
H    0     0                    -4252.000000 -5066.6463  19.2%     -    0s
H    0     0                    -4357.000000 -5066.6463  16.3%     -    0s
     0     0 -4780.3293    0  190 -4357.0000 -4780.3293  9.72%     -    0s
     0     0 -4780.3293    0  194 -4357.0000 -4780.3293  9.72%     -    0s
H    0     0                    -4378.000000 -4780.3293  9.19%     -    0s
*    0     0               0    -4441.000000 -4441.0000  0.00%     -    0s

Cutting planes:
  Gomory: 14
  Cover: 131

Explored 0 nodes (7491 simplex iterations) in 0.51 seconds
Thread count was 16 (of 16 available processors)

Optimal solution found (tolerance 1.00e-02)
Best objective -4.441000000000e+03, best bound -4.441000000000e+03, gap 0.0%
Changed value of parameter MIPGap to 0.01
   Prev: 0.0001  Min: 0.0  Max: 1e+100  Default: 0.0001
Changed value of parameter TimeLimit to 1800.0
   Prev: 1e+100  Min: 0.0  Max: 1e+100  Default: 1e+100
Changed value of parameter Method to 2
   Prev: -1  Min: -1  Max: 4  Default: -1
Changed value of parameter MIPFocus to 1
   Prev: 0  Min: 0  Max: 3  Default: 0
Optimize a model with 2250 rows, 6825 columns and 13650 nonzeros
Coefficient statistics:
  Matrix range    [1e+00, 4e+01]
  Objective range [3e+00, 4e+01]
  Bounds range    [1e+00, 1e+00]
  RHS range       [8e+01, 8e+01]
Found heuristic solution: objective 0
Presolve removed 533 rows and 2016 columns
Presolve time: 0.04s
Presolved: 1717 rows, 4809 columns, 9618 nonzeros
Found heuristic solution: objective -7196.000000
Variable types: 0 continuous, 4809 integer (4809 binary)
Optimize a model with 1717 rows, 4809 columns and 9618 nonzeros
Coefficient statistics:
  Matrix range    [1e+00, 4e+01]
  Objective range [3e+00, 4e+01]
  Bounds range    [1e+00, 1e+00]
  RHS range       [1e+00, 8e+01]
Presolved: 1717 rows, 4809 columns, 9618 nonzeros

Root barrier log...

Ordering time: 0.00s

Barrier statistics:
 AA' NZ     : 4.809e+03
 Factor NZ  : 2.494e+04 (roughly 3 MBytes of memory)
 Factor Ops : 1.099e+06 (less than 1 second per iteration)
 Threads    : 1

                  Objective                Residual
Iter       Primal          Dual         Primal    Dual     Compl     Time
   0  -3.68510447e+04 -7.70329204e+04  2.45e+01 8.15e+00  3.89e+01     0s
   1  -1.33138431e+04 -5.47244678e+04  3.77e+00 1.42e-14  7.64e+00     0s
   2  -8.88708750e+03 -1.93952960e+04  1.32e-01 1.42e-14  1.08e+00     0s
   3  -9.07382777e+03 -1.06122168e+04  1.62e-02 4.97e-14  1.54e-01     0s
   4  -9.21799573e+03 -9.66332002e+03  4.79e-03 5.68e-14  4.44e-02     0s
   5  -9.26484764e+03 -9.29976010e+03  9.21e-04 1.42e-14  3.58e-03     0s
   6  -9.27841290e+03 -9.28020077e+03  1.41e-08 1.42e-14  1.74e-04     0s
   7  -9.27849968e+03 -9.27850257e+03  1.55e-14 1.42e-14  2.82e-07     0s
   8  -9.27850000e+03 -9.27850000e+03  2.54e-14 1.42e-14  2.82e-10     0s

Barrier solved model in 8 iterations and 0.08 seconds
Optimal objective -9.27850000e+03


Root relaxation: objective -9.278500e+03, 3824 iterations, 0.07 seconds

    Nodes    |    Current Node    |     Objective Bounds      |     Work
 Expl Unexpl |  Obj  Depth IntInf | Incumbent    BestBd   Gap | It/Node Time

     0     0 -9278.5000    0  251 -7196.0000 -9278.5000  28.9%     -    0s
H    0     0                    -7770.000000 -9278.5000  19.4%     -    0s
H    0     0                    -7852.000000 -9278.5000  18.2%     -    0s
H    0     0                    -7893.000000 -9278.5000  17.6%     -    0s
     0     0 -8641.5000    0  205 -7893.0000 -8641.5000  9.48%     -    0s
H    0     0                    -7975.000000 -8641.5000  8.36%     -    0s
H    0     0                    -8057.000000 -8641.5000  7.25%     -    0s
     0     0     cutoff    0      -8057.0000 -8057.9919  0.01%     -    0s

Cutting planes:
  Gomory: 10
  Cover: 130

Explored 0 nodes (7813 simplex iterations) in 0.43 seconds
Thread count was 16 (of 16 available processors)

Optimal solution found (tolerance 1.00e-02)
Best objective -8.057000000000e+03, best bound -8.057000000000e+03, gap 0.0%
Changed value of parameter MIPGap to 0.01
   Prev: 0.0001  Min: 0.0  Max: 1e+100  Default: 0.0001
Changed value of parameter TimeLimit to 1800.0
   Prev: 1e+100  Min: 0.0  Max: 1e+100  Default: 1e+100
Changed value of parameter Method to 2
   Prev: -1  Min: -1  Max: 4  Default: -1
Changed value of parameter MIPFocus to 1
   Prev: 0  Min: 0  Max: 3  Default: 0
Optimize a model with 2250 rows, 6825 columns and 13650 nonzeros
Coefficient statistics:
  Matrix range    [1e+00, 4e+01]
  Objective range [5e+00, 8e+01]
  Bounds range    [1e+00, 1e+00]
  RHS range       [8e+01, 8e+01]
Found heuristic solution: objective 0
Presolve removed 533 rows and 2016 columns
Presolve time: 0.04s
Presolved: 1717 rows, 4809 columns, 9618 nonzeros
Found heuristic solution: objective -13588.00000
Variable types: 0 continuous, 4809 integer (4809 binary)
Optimize a model with 1717 rows, 4809 columns and 9618 nonzeros
Coefficient statistics:
  Matrix range    [1e+00, 4e+01]
  Objective range [5e+00, 8e+01]
  Bounds range    [1e+00, 1e+00]
  RHS range       [1e+00, 8e+01]
Presolved: 1717 rows, 4809 columns, 9618 nonzeros

Root barrier log...

Ordering time: 0.00s

Barrier statistics:
 AA' NZ     : 4.809e+03
 Factor NZ  : 2.494e+04 (roughly 3 MBytes of memory)
 Factor Ops : 1.099e+06 (less than 1 second per iteration)
 Threads    : 1

                  Objective                Residual
Iter       Primal          Dual         Primal    Dual     Compl     Time
   0  -7.02779584e+04 -1.51765648e+05  2.45e+01 1.61e+01  7.69e+01     0s
   1  -2.54231734e+04 -1.07654753e+05  3.76e+00 3.55e-14  1.51e+01     0s
   2  -1.69882467e+04 -3.77689928e+04  1.27e-01 5.68e-14  2.13e+00     0s
   3  -1.73484489e+04 -2.03776055e+04  1.53e-02 2.84e-14  3.02e-01     0s
   4  -1.75879831e+04 -1.85145608e+04  4.58e-03 2.84e-14  9.22e-02     0s
   5  -1.77594426e+04 -1.81183334e+04  7.94e-04 4.26e-14  3.53e-02     0s
   6  -1.78004580e+04 -1.79614448e+04  3.38e-04 2.84e-14  1.58e-02     0s
   7  -1.78280691e+04 -1.78882494e+04  8.30e-05 2.84e-14  5.90e-03     0s
   8  -1.78391680e+04 -1.78458870e+04  5.84e-07 2.84e-14  6.57e-04     0s
   9  -1.78398052e+04 -1.78400189e+04  1.09e-07 2.84e-14  2.11e-05     0s
  10  -1.78399785e+04 -1.78399821e+04  3.56e-10 2.84e-14  3.49e-07     0s
  11  -1.78399797e+04 -1.78399797e+04  5.04e-12 2.84e-14  5.39e-13     0s

Barrier solved model in 11 iterations and 0.09 seconds
Optimal objective -1.78399797e+04


Root relaxation: objective -1.783998e+04, 3032 iterations, 0.07 seconds

    Nodes    |    Current Node    |     Objective Bounds      |     Work
 Expl Unexpl |  Obj  Depth IntInf | Incumbent    BestBd   Gap | It/Node Time

     0     0 -17839.980    0  289 -13588.000 -17839.980  31.3%     -    0s
     0     0 -15366.049    0   58 -13588.000 -15366.049  13.1%     -    0s
H    0     0                    -15208.00000 -15366.049  1.04%     -    0s
H    0     0                    -15289.00000 -15366.049  0.50%     -    0s

Cutting planes:
  Cover: 124

Explored 0 nodes (5953 simplex iterations) in 0.34 seconds
Thread count was 16 (of 16 available processors)

Optimal solution found (tolerance 1.00e-02)
Best objective -1.528900000000e+04, best bound -1.536600000000e+04, gap 0.5036%
Changed value of parameter MIPGap to 0.01
   Prev: 0.0001  Min: 0.0  Max: 1e+100  Default: 0.0001
Changed value of parameter TimeLimit to 1800.0
   Prev: 1e+100  Min: 0.0  Max: 1e+100  Default: 1e+100
Changed value of parameter Method to 2
   Prev: -1  Min: -1  Max: 4  Default: -1
Changed value of parameter MIPFocus to 1
   Prev: 0  Min: 0  Max: 3  Default: 0
Optimize a model with 2250 rows, 6825 columns and 13650 nonzeros
Coefficient statistics:
  Matrix range    [1e+00, 4e+01]
  Objective range [6e+00, 1e+02]
  Bounds range    [1e+00, 1e+00]
  RHS range       [8e+01, 8e+01]
Found heuristic solution: objective 0
Presolve removed 533 rows and 2016 columns
Presolve time: 0.04s
Presolved: 1717 rows, 4809 columns, 9618 nonzeros
Found heuristic solution: objective -16784.00000
Variable types: 0 continuous, 4809 integer (4809 binary)
Optimize a model with 1717 rows, 4809 columns and 9618 nonzeros
Coefficient statistics:
  Matrix range    [1e+00, 4e+01]
  Objective range [6e+00, 1e+02]
  Bounds range    [1e+00, 1e+00]
  RHS range       [1e+00, 8e+01]
Presolved: 1717 rows, 4809 columns, 9618 nonzeros

Root barrier log...

Ordering time: 0.00s

Barrier statistics:
 AA' NZ     : 4.809e+03
 Factor NZ  : 2.494e+04 (roughly 3 MBytes of memory)
 Factor Ops : 1.099e+06 (less than 1 second per iteration)
 Threads    : 1

                  Objective                Residual
Iter       Primal          Dual         Primal    Dual     Compl     Time
   0  -8.69914108e+04 -1.89132011e+05  2.45e+01 2.01e+01  9.59e+01     0s
   1  -3.14792349e+04 -1.34120358e+05  3.75e+00 5.68e-14  1.88e+01     0s
   2  -2.10402890e+04 -4.69563457e+04  1.26e-01 2.84e-14  2.66e+00     0s
   3  -2.14882830e+04 -2.52639243e+04  1.51e-02 2.84e-14  3.77e-01     0s
   4  -2.17863963e+04 -2.30259911e+04  4.52e-03 2.84e-14  1.23e-01     0s
   5  -2.20092618e+04 -2.25225101e+04  9.62e-04 2.84e-14  5.05e-02     0s
   6  -2.20647698e+04 -2.23086006e+04  4.02e-04 2.84e-14  2.40e-02     0s
   7  -2.21062464e+04 -2.21951468e+04  7.84e-05 2.84e-14  8.71e-03     0s
   8  -2.21193998e+04 -2.21267860e+04  7.69e-07 2.84e-14  7.22e-04     0s
   9  -2.21205222e+04 -2.21207834e+04  8.92e-08 2.84e-14  2.57e-05     0s
  10  -2.21207179e+04 -2.21207223e+04  4.76e-10 2.84e-14  4.27e-07     0s
  11  -2.21207195e+04 -2.21207195e+04  2.89e-11 2.84e-14  3.81e-12     0s

Barrier solved model in 11 iterations and 0.09 seconds
Optimal objective -2.21207195e+04


Root relaxation: objective -2.212072e+04, 3032 iterations, 0.07 seconds

    Nodes    |    Current Node    |     Objective Bounds      |     Work
 Expl Unexpl |  Obj  Depth IntInf | Incumbent    BestBd   Gap | It/Node Time

     0     0 -22120.720    0  270 -16784.000 -22120.720  31.8%     -    0s
     0     0 -19193.220    0   72 -16784.000 -19193.220  14.4%     -    0s
H    0     0                    -18703.00000 -19193.220  2.62%     -    0s
H    0     0                    -18804.00000 -19193.220  2.07%     -    0s
     0     0 -19192.076    0   78 -18804.000 -19192.076  2.06%     -    0s
     0     0 -18905.000    0   34 -18804.000 -18905.000  0.54%     -    0s

Cutting planes:
  Gomory: 6
  Cover: 129

Explored 0 nodes (6656 simplex iterations) in 0.43 seconds
Thread count was 16 (of 16 available processors)

Optimal solution found (tolerance 1.00e-02)
Best objective -1.880400000000e+04, best bound -1.890500000000e+04, gap 0.5371%
Changed value of parameter MIPGap to 0.01
   Prev: 0.0001  Min: 0.0  Max: 1e+100  Default: 0.0001
Changed value of parameter TimeLimit to 1800.0
   Prev: 1e+100  Min: 0.0  Max: 1e+100  Default: 1e+100
Changed value of parameter Method to 2
   Prev: -1  Min: -1  Max: 4  Default: -1
Changed value of parameter MIPFocus to 1
   Prev: 0  Min: 0  Max: 3  Default: 0
Optimize a model with 2250 rows, 6825 columns and 13650 nonzeros
Coefficient statistics:
  Matrix range    [1e+00, 4e+01]
  Objective range [1e+01, 2e+02]
  Bounds range    [1e+00, 1e+00]
  RHS range       [8e+01, 8e+01]
Found heuristic solution: objective 0
Presolve removed 533 rows and 2016 columns
Presolve time: 0.04s
Presolved: 1717 rows, 4809 columns, 9618 nonzeros
Found heuristic solution: objective -32764.00000
Variable types: 0 continuous, 4809 integer (4809 binary)
Optimize a model with 1717 rows, 4809 columns and 9618 nonzeros
Coefficient statistics:
  Matrix range    [1e+00, 4e+01]
  Objective range [1e+01, 2e+02]
  Bounds range    [1e+00, 1e+00]
  RHS range       [1e+00, 8e+01]
Presolved: 1717 rows, 4809 columns, 9618 nonzeros

Root barrier log...

Ordering time: 0.00s

Barrier statistics:
 AA' NZ     : 4.809e+03
 Factor NZ  : 2.494e+04 (roughly 3 MBytes of memory)
 Factor Ops : 1.099e+06 (less than 1 second per iteration)
 Threads    : 1

                  Objective                Residual
Iter       Primal          Dual         Primal    Dual     Compl     Time
   0  -1.70558664e+05 -3.75963829e+05  2.45e+01 4.00e+01  1.91e+02     0s
   1  -6.17624757e+04 -2.66449325e+05  3.75e+00 8.53e-14  3.74e+01     0s
   2  -4.13036067e+04 -9.28940969e+04  1.25e-01 6.39e-14  5.29e+00     0s
   3  -4.21933442e+04 -4.97060326e+04  1.47e-02 5.68e-14  7.49e-01     0s
   4  -4.27912364e+04 -4.55229597e+04  4.38e-03 1.14e-13  2.71e-01     0s
   5  -4.32621598e+04 -4.44115267e+04  9.63e-04 5.68e-14  1.13e-01     0s
   6  -4.33894264e+04 -4.39224733e+04  4.32e-04 5.68e-14  5.24e-02     0s
   7  -4.34624565e+04 -4.36407465e+04  1.85e-04 5.68e-14  1.76e-02     0s
   8  -4.35113064e+04 -4.35370548e+04  3.47e-05 5.68e-14  2.55e-03     0s
   9  -4.35236082e+04 -4.35253945e+04  2.35e-06 5.68e-14  1.77e-04     0s
  10  -4.35243594e+04 -4.35244335e+04  1.25e-07 5.68e-14  7.36e-06     0s
  11  -4.35244187e+04 -4.35244187e+04  7.88e-11 5.68e-14  3.70e-09     0s

Barrier solved model in 11 iterations and 0.09 seconds
Optimal objective -4.35244187e+04


Root relaxation: objective -4.352442e+04, 3032 iterations, 0.07 seconds

    Nodes    |    Current Node    |     Objective Bounds      |     Work
 Expl Unexpl |  Obj  Depth IntInf | Incumbent    BestBd   Gap | It/Node Time

     0     0 -43524.419    0  277 -32764.000 -43524.419  32.8%     -    0s
     0     0 -37367.390    0   84 -32764.000 -37367.390  14.1%     -    0s
H    0     0                    -36583.00000 -37367.390  2.14%     -    0s
H    0     0                    -36985.00000 -37367.390  1.03%     -    0s
     0     0 -37365.114    0  124 -36985.000 -37365.114  1.03%     -    0s
     0     0     cutoff    0      -36985.000 -36985.963  0.00%     -    0s

Cutting planes:
  Gomory: 9
  Cover: 127

Explored 0 nodes (6061 simplex iterations) in 0.36 seconds
Thread count was 16 (of 16 available processors)

Optimal solution found (tolerance 1.00e-02)
Best objective -3.698500000000e+04, best bound -3.698500000000e+04, gap 0.0%
Changed value of parameter MIPGap to 0.01
   Prev: 0.0001  Min: 0.0  Max: 1e+100  Default: 0.0001
Changed value of parameter TimeLimit to 1800.0
   Prev: 1e+100  Min: 0.0  Max: 1e+100  Default: 1e+100
Changed value of parameter Method to 2
   Prev: -1  Min: -1  Max: 4  Default: -1
Changed value of parameter MIPFocus to 1
   Prev: 0  Min: 0  Max: 3  Default: 0
Optimize a model with 2250 rows, 6825 columns and 13650 nonzeros
Coefficient statistics:
  Matrix range    [1e+00, 4e+01]
  Objective range [2e+01, 4e+02]
  Bounds range    [1e+00, 1e+00]
  RHS range       [8e+01, 8e+01]
Found heuristic solution: objective 0
Presolve removed 533 rows and 2016 columns
Presolve time: 0.04s
Presolved: 1717 rows, 4809 columns, 9618 nonzeros
Found heuristic solution: objective -64724.00000
Variable types: 0 continuous, 4809 integer (4809 binary)
Optimize a model with 1717 rows, 4809 columns and 9618 nonzeros
Coefficient statistics:
  Matrix range    [1e+00, 4e+01]
  Objective range [2e+01, 4e+02]
  Bounds range    [1e+00, 1e+00]
  RHS range       [1e+00, 8e+01]
Presolved: 1717 rows, 4809 columns, 9618 nonzeros

Root barrier log...

Ordering time: 0.00s

Barrier statistics:
 AA' NZ     : 4.809e+03
 Factor NZ  : 2.494e+04 (roughly 3 MBytes of memory)
 Factor Ops : 1.099e+06 (less than 1 second per iteration)
 Threads    : 1

                  Objective                Residual
Iter       Primal          Dual         Primal    Dual     Compl     Time
   0  -3.37693161e+05 -7.49627465e+05  2.45e+01 7.99e+01  3.81e+02     0s
   1  -1.22331963e+05 -5.31108209e+05  3.75e+00 1.71e-13  7.47e+01     0s
   2  -8.18334563e+04 -1.84770673e+05  1.23e-01 1.28e-13  1.05e+01     0s
   3  -8.37529878e+04 -9.81894451e+04  1.78e-02 1.14e-13  1.45e+00     0s
   4  -8.48816935e+04 -8.96898409e+04  5.96e-03 1.14e-13  4.80e-01     0s
   5  -8.56442196e+04 -8.79473987e+04  1.96e-03 1.14e-13  2.28e-01     0s
   6  -8.59649561e+04 -8.69826159e+04  9.60e-04 1.14e-13  1.01e-01     0s
   7  -8.61442314e+04 -8.65246744e+04  4.72e-04 1.14e-13  3.79e-02     0s
   8  -8.62983089e+04 -8.63595520e+04  7.84e-05 1.14e-13  6.12e-03     0s
   9  -8.63289063e+04 -8.63340445e+04  7.29e-06 1.14e-13  5.15e-04     0s
  10  -8.63316209e+04 -8.63318546e+04  3.45e-07 1.14e-13  2.35e-05     0s
  11  -8.63318171e+04 -8.63318171e+04  1.65e-11 1.14e-13  1.61e-09     0s

Barrier solved model in 11 iterations and 0.09 seconds
Optimal objective -8.63318171e+04


Root relaxation: objective -8.633182e+04, 3076 iterations, 0.07 seconds

    Nodes    |    Current Node    |     Objective Bounds      |     Work
 Expl Unexpl |  Obj  Depth IntInf | Incumbent    BestBd   Gap | It/Node Time

     0     0 -86331.817    0  284 -64724.000 -86331.817  33.4%     -    0s
H    0     0                    -65125.00000 -86331.817  32.6%     -    0s
     0     0 -74098.598    0   55 -65125.000 -74098.598  13.8%     -    0s
H    0     0                    -72744.00000 -74098.598  1.86%     -    0s
     0     0 -74094.057    0   57 -72744.000 -74094.057  1.86%     -    0s
     0     0 -73145.000    0   66 -72744.000 -73145.000  0.55%     -    0s

Cutting planes:
  Gomory: 7
  Cover: 128
  MIR: 1

Explored 0 nodes (6234 simplex iterations) in 0.42 seconds
Thread count was 16 (of 16 available processors)

Optimal solution found (tolerance 1.00e-02)
Best objective -7.274400000000e+04, best bound -7.314500000000e+04, gap 0.5512%
Changed value of parameter MIPGap to 0.01
   Prev: 0.0001  Min: 0.0  Max: 1e+100  Default: 0.0001
Changed value of parameter TimeLimit to 1800.0
   Prev: 1e+100  Min: 0.0  Max: 1e+100  Default: 1e+100
Changed value of parameter Method to 2
   Prev: -1  Min: -1  Max: 4  Default: -1
Changed value of parameter MIPFocus to 1
   Prev: 0  Min: 0  Max: 3  Default: 0
Optimize a model with 2250 rows, 6825 columns and 13650 nonzeros
Coefficient statistics:
  Matrix range    [1e+00, 4e+01]
  Objective range [5e+01, 1e+03]
  Bounds range    [1e+00, 1e+00]
  RHS range       [8e+01, 8e+01]
Found heuristic solution: objective 0
Presolve removed 533 rows and 2016 columns
Presolve time: 0.04s
Presolved: 1717 rows, 4809 columns, 9618 nonzeros
Found heuristic solution: objective -160604.0000
Variable types: 0 continuous, 4809 integer (4809 binary)
Optimize a model with 1717 rows, 4809 columns and 9618 nonzeros
Coefficient statistics:
  Matrix range    [1e+00, 4e+01]
  Objective range [5e+01, 1e+03]
  Bounds range    [1e+00, 1e+00]
  RHS range       [1e+00, 8e+01]
Presolved: 1717 rows, 4809 columns, 9618 nonzeros

Root barrier log...

Ordering time: 0.00s

Barrier statistics:
 AA' NZ     : 4.809e+03
 Factor NZ  : 2.494e+04 (roughly 3 MBytes of memory)
 Factor Ops : 1.099e+06 (less than 1 second per iteration)
 Threads    : 1

                  Objective                Residual
Iter       Primal          Dual         Primal    Dual     Compl     Time
   0  -8.39096646e+05 -1.87061837e+06  2.45e+01 1.99e+02  9.51e+02     0s
   1  -3.04042882e+05 -1.32508563e+06  3.75e+00 4.55e-13  1.86e+02     0s
   2  -2.03425563e+05 -4.60402779e+05  1.23e-01 3.41e-13  2.63e+01     0s
   3  -2.08218506e+05 -2.44268391e+05  1.77e-02 3.41e-13  3.61e+00     0s
   4  -2.11070399e+05 -2.23231263e+05  5.89e-03 5.68e-13  1.21e+00     0s
   5  -2.13038411e+05 -2.18567987e+05  1.89e-03 3.41e-13  5.48e-01     0s
   6  -2.13778465e+05 -2.16228522e+05  1.01e-03 3.41e-13  2.43e-01     0s
   7  -2.14222396e+05 -2.15213052e+05  5.44e-04 2.27e-13  9.90e-02     0s
   8  -2.14662746e+05 -2.14802373e+05  8.58e-05 3.41e-13  1.40e-02     0s
   9  -2.14745452e+05 -2.14759936e+05  8.63e-06 2.27e-13  1.45e-03     0s
  10  -2.14753333e+05 -2.14754133e+05  4.92e-07 2.27e-13  8.03e-05     0s
  11  -2.14754012e+05 -2.14754012e+05  5.62e-11 3.41e-13  1.07e-08     0s
  12  -2.14754012e+05 -2.14754012e+05  1.88e-12 2.27e-13  1.66e-14     0s

Barrier solved model in 12 iterations and 0.10 seconds
Optimal objective -2.14754012e+05


Root relaxation: objective -2.147540e+05, 3035 iterations, 0.07 seconds

    Nodes    |    Current Node    |     Objective Bounds      |     Work
 Expl Unexpl |  Obj  Depth IntInf | Incumbent    BestBd   Gap | It/Node Time

     0     0 -214754.01    0  274 -160604.00 -214754.01  33.7%     -    0s
H    0     0                    -173617.0000 -214754.01  23.7%     -    0s
H    0     0                    -174618.0000 -214754.01  23.0%     -    0s
     0     0 -183053.26    0  107 -174618.00 -183053.26  4.83%     -    0s
H    0     0                    -177621.0000 -183053.26  3.06%     -    0s
H    0     0                    -181625.0000 -183053.26  0.79%     -    0s

Cutting planes:
  Cover: 124
  MIR: 1

Explored 0 nodes (6136 simplex iterations) in 0.36 seconds
Thread count was 16 (of 16 available processors)

Optimal solution found (tolerance 1.00e-02)
Best objective -1.816250000000e+05, best bound -1.830530000000e+05, gap 0.7862%
Changed value of parameter MIPGap to 0.01
   Prev: 0.0001  Min: 0.0  Max: 1e+100  Default: 0.0001
Changed value of parameter TimeLimit to 1800.0
   Prev: 1e+100  Min: 0.0  Max: 1e+100  Default: 1e+100
Changed value of parameter Method to 2
   Prev: -1  Min: -1  Max: 4  Default: -1
Changed value of parameter MIPFocus to 1
   Prev: 0  Min: 0  Max: 3  Default: 0
Optimize a model with 2250 rows, 6825 columns and 13650 nonzeros
Coefficient statistics:
  Matrix range    [1e+00, 4e+01]
  Objective range [5e+02, 1e+04]
  Bounds range    [1e+00, 1e+00]
  RHS range       [8e+01, 8e+01]
Found heuristic solution: objective 0
Presolve removed 533 rows and 2016 columns
Presolve time: 0.04s
Presolved: 1717 rows, 4809 columns, 9618 nonzeros
Found heuristic solution: objective -1598804.000
Variable types: 0 continuous, 4809 integer (4809 binary)
Optimize a model with 1717 rows, 4809 columns and 9618 nonzeros
Coefficient statistics:
  Matrix range    [1e+00, 4e+01]
  Objective range [5e+02, 1e+04]
  Bounds range    [1e+00, 1e+00]
  RHS range       [1e+00, 8e+01]
Presolved: 1717 rows, 4809 columns, 9618 nonzeros

Root barrier log...

Ordering time: 0.00s

Barrier statistics:
 AA' NZ     : 4.809e+03
 Factor NZ  : 2.494e+04 (roughly 3 MBytes of memory)
 Factor Ops : 1.099e+06 (less than 1 second per iteration)
 Threads    : 1

                  Objective                Residual
Iter       Primal          Dual         Primal    Dual     Compl     Time
   0  -8.36014889e+06 -1.86854820e+07  2.45e+01 1.99e+03  9.50e+03     0s
   1  -3.02971562e+06 -1.32347497e+07  3.75e+00 5.46e-12  1.86e+03     0s
   2  -2.02731608e+06 -4.59490080e+06  1.22e-01 3.64e-12  2.63e+02     0s
   3  -2.07522316e+06 -2.43544462e+06  1.76e-02 3.64e-12  3.61e+01     0s
   4  -2.10396120e+06 -2.22590225e+06  5.85e-03 3.64e-12  1.22e+01     0s
   5  -2.12403972e+06 -2.18184024e+06  1.85e-03 3.64e-12  5.72e+00     0s
   6  -2.13113353e+06 -2.15650744e+06  1.01e-03 7.28e-12  2.52e+00     0s
   7  -2.13762099e+06 -2.14464277e+06  3.32e-04 3.64e-12  7.00e-01     0s
   8  -2.14073427e+06 -2.14142546e+06  2.81e-05 3.64e-12  6.88e-02     0s
   9  -2.14103523e+06 -2.14114904e+06  4.21e-06 3.64e-12  1.13e-02     0s
  10  -2.14108234e+06 -2.14108779e+06  2.96e-07 3.64e-12  5.46e-04     0s
  11  -2.14108694e+06 -2.14108694e+06  7.83e-11 3.64e-12  7.96e-08     0s
  12  -2.14108694e+06 -2.14108694e+06  2.94e-11 3.64e-12  3.38e-13     0s

Barrier solved model in 12 iterations and 0.10 seconds
Optimal objective -2.14108694e+06


Root relaxation: objective -2.141087e+06, 3034 iterations, 0.07 seconds

    Nodes    |    Current Node    |     Objective Bounds      |     Work
 Expl Unexpl |  Obj  Depth IntInf | Incumbent    BestBd   Gap | It/Node Time

     0     0 -2141086.9    0  296 -1598804.0 -2141086.9  33.9%     -    0s
     0     0 -1818338.1    0   76 -1598804.0 -1818338.1  13.7%     -    0s
H    0     0                    -1788823.000 -1818338.1  1.65%     -    0s
H    0     0                    -1798824.000 -1818338.1  1.08%     -    0s
     0     0 -1818224.9    0   76 -1798824.0 -1818224.9  1.08%     -    0s
     0     0 -1808825.0    0   99 -1798824.0 -1808825.0  0.56%     -    0s

Cutting planes:
  Gomory: 7
  Cover: 126

Explored 0 nodes (6403 simplex iterations) in 0.39 seconds
Thread count was 16 (of 16 available processors)

Optimal solution found (tolerance 1.00e-02)
Best objective -1.798824000000e+06, best bound -1.808825000000e+06, gap 0.5560%
