Changed value of parameter MIPGap to 0.01
   Prev: 0.0001  Min: 0.0  Max: 1e+100  Default: 0.0001
Changed value of parameter TimeLimit to 1800.0
   Prev: 1e+100  Min: 0.0  Max: 1e+100  Default: 1e+100
Changed value of parameter Method to 2
   Prev: -1  Min: -1  Max: 4  Default: -1
Changed value of parameter MIPFocus to 1
   Prev: 0  Min: 0  Max: 3  Default: 0
Optimize a model with 2610 rows, 8085 columns and 16170 nonzeros
Coefficient statistics:
  Matrix range    [1e+00, 4e+01]
  Objective range [1e+00, 1e+00]
  Bounds range    [1e+00, 1e+00]
  RHS range       [8e+01, 8e+01]
Found heuristic solution: objective 0
Presolve removed 343 rows and 1329 columns
Presolve time: 0.05s
Presolved: 2267 rows, 6756 columns, 13512 nonzeros
Found heuristic solution: objective -910.0000000
Variable types: 0 continuous, 6756 integer (6756 binary)
Optimize a model with 2267 rows, 6756 columns and 13512 nonzeros
Coefficient statistics:
  Matrix range    [1e+00, 4e+01]
  Objective range [1e+00, 1e+00]
  Bounds range    [1e+00, 1e+00]
  RHS range       [1e+00, 8e+01]
Presolved: 2267 rows, 6756 columns, 13512 nonzeros

Root barrier log...

Ordering time: 0.00s

Barrier statistics:
 AA' NZ     : 6.756e+03
 Factor NZ  : 3.566e+04 (roughly 4 MBytes of memory)
 Factor Ops : 2.258e+06 (less than 1 second per iteration)
 Threads    : 1

                  Objective                Residual
Iter       Primal          Dual         Primal    Dual     Compl     Time
   0  -5.14734733e+03 -4.39446502e+03  4.11e+01 2.47e-01  1.73e+00     0s
   1  -1.45232559e+03 -3.41491695e+03  5.06e+00 5.00e-16  3.10e-01     0s
   2  -9.76053560e+02 -1.37677310e+03  2.52e-01 6.66e-16  3.28e-02     0s
   3  -9.73280668e+02 -1.03202673e+03  3.88e-02 1.64e-14  4.66e-03     0s
   4  -9.73551960e+02 -9.84775723e+02  8.76e-03 5.55e-15  9.04e-04     0s
   5  -9.74026606e+02 -9.74353473e+02  2.11e-03 2.22e-16  4.90e-05     0s
   6  -9.74096963e+02 -9.74098167e+02  1.16e-05 1.33e-15  2.27e-07     0s
   7  -9.74097558e+02 -9.74097562e+02  3.97e-13 2.22e-16  2.27e-10     0s

Barrier solved model in 7 iterations and 0.12 seconds
Optimal objective -9.74097558e+02


Root relaxation: objective -9.740976e+02, 5250 iterations, 0.10 seconds

    Nodes    |    Current Node    |     Objective Bounds      |     Work
 Expl Unexpl |  Obj  Depth IntInf | Incumbent    BestBd   Gap | It/Node Time

     0     0 -974.09756    0  352 -910.00000 -974.09756  7.04%     -    0s
     0     0 -951.54878    0  247 -910.00000 -951.54878  4.57%     -    0s
H    0     0                    -919.0000000 -951.54878  3.54%     -    0s
H    0     0                    -926.0000000 -951.54878  2.76%     -    0s
     0     0 -951.54878    0  249 -926.00000 -951.54878  2.76%     -    0s
     0     0 -928.00000    0   36 -926.00000 -928.00000  0.22%     -    0s

Cutting planes:
  Gomory: 14
  Cover: 196

Explored 0 nodes (10341 simplex iterations) in 0.83 seconds
Thread count was 16 (of 16 available processors)

Optimal solution found (tolerance 1.00e-02)
Best objective -9.260000000000e+02, best bound -9.280000000000e+02, gap 0.2160%
Changed value of parameter MIPGap to 0.01
   Prev: 0.0001  Min: 0.0  Max: 1e+100  Default: 0.0001
Changed value of parameter TimeLimit to 1800.0
   Prev: 1e+100  Min: 0.0  Max: 1e+100  Default: 1e+100
Changed value of parameter Method to 2
   Prev: -1  Min: -1  Max: 4  Default: -1
Changed value of parameter MIPFocus to 1
   Prev: 0  Min: 0  Max: 3  Default: 0
Optimize a model with 2610 rows, 8085 columns and 16170 nonzeros
Coefficient statistics:
  Matrix range    [1e+00, 4e+01]
  Objective range [1e+00, 1e+00]
  Bounds range    [1e+00, 1e+00]
  RHS range       [8e+01, 8e+01]
Found heuristic solution: objective 0
Presolve removed 343 rows and 1329 columns
Presolve time: 0.05s
Presolved: 2267 rows, 6756 columns, 13512 nonzeros
Found heuristic solution: objective -911.7100000
Variable types: 0 continuous, 6756 integer (6756 binary)
Optimize a model with 2267 rows, 6756 columns and 13512 nonzeros
Coefficient statistics:
  Matrix range    [1e+00, 4e+01]
  Objective range [1e+00, 1e+00]
  Bounds range    [1e+00, 1e+00]
  RHS range       [1e+00, 8e+01]
Presolved: 2267 rows, 6756 columns, 13512 nonzeros

Root barrier log...

Ordering time: 0.00s

Barrier statistics:
 AA' NZ     : 6.756e+03
 Factor NZ  : 3.566e+04 (roughly 4 MBytes of memory)
 Factor Ops : 2.258e+06 (less than 1 second per iteration)
 Threads    : 1

                  Objective                Residual
Iter       Primal          Dual         Primal    Dual     Compl     Time
   0  -5.16126999e+03 -4.39844810e+03  4.11e+01 2.48e-01  1.73e+00     0s
   1  -1.46148030e+03 -3.41839149e+03  5.11e+00 6.66e-16  3.11e-01     0s
   2  -9.78996378e+02 -1.38335400e+03  2.57e-01 6.66e-16  3.31e-02     0s
   3  -9.75751620e+02 -1.03547406e+03  4.03e-02 1.33e-15  4.75e-03     0s
   4  -9.75915404e+02 -9.87518472e+02  9.28e-03 3.33e-15  9.37e-04     0s
   5  -9.76382446e+02 -9.76717913e+02  2.23e-03 2.89e-15  5.11e-05     0s
   6  -9.76447949e+02 -9.76449193e+02  1.23e-05 1.47e-14  2.40e-07     0s
   7  -9.76448534e+02 -9.76448537e+02  1.09e-12 4.44e-16  2.40e-10     0s

Barrier solved model in 7 iterations and 0.11 seconds
Optimal objective -9.76448534e+02


Root relaxation: objective -9.764485e+02, 5257 iterations, 0.09 seconds

    Nodes    |    Current Node    |     Objective Bounds      |     Work
 Expl Unexpl |  Obj  Depth IntInf | Incumbent    BestBd   Gap | It/Node Time

     0     0 -976.44854    0  416 -911.71000 -976.44854  7.10%     -    0s
H    0     0                    -923.8300000 -976.44854  5.70%     -    0s
     0     0 -947.04768    0  242 -923.83000 -947.04768  2.51%     -    0s
H    0     0                    -925.8500000 -947.04768  2.29%     -    0s
     0     0 -929.89000    0   44 -925.85000 -929.89000  0.44%     -    0s

Cutting planes:
  Gomory: 15
  Cover: 197

Explored 0 nodes (9514 simplex iterations) in 0.72 seconds
Thread count was 16 (of 16 available processors)

Optimal solution found (tolerance 1.00e-02)
Best objective -9.258500000000e+02, best bound -9.298900000000e+02, gap 0.4364%
Changed value of parameter MIPGap to 0.01
   Prev: 0.0001  Min: 0.0  Max: 1e+100  Default: 0.0001
Changed value of parameter TimeLimit to 1800.0
   Prev: 1e+100  Min: 0.0  Max: 1e+100  Default: 1e+100
Changed value of parameter Method to 2
   Prev: -1  Min: -1  Max: 4  Default: -1
Changed value of parameter MIPFocus to 1
   Prev: 0  Min: 0  Max: 3  Default: 0
Optimize a model with 2610 rows, 8085 columns and 16170 nonzeros
Coefficient statistics:
  Matrix range    [1e+00, 4e+01]
  Objective range [1e+00, 1e+00]
  Bounds range    [1e+00, 1e+00]
  RHS range       [8e+01, 8e+01]
Found heuristic solution: objective 0
Presolve removed 343 rows and 1329 columns
Presolve time: 0.05s
Presolved: 2267 rows, 6756 columns, 13512 nonzeros
Found heuristic solution: objective -913.4200000
Variable types: 0 continuous, 6756 integer (6756 binary)
Optimize a model with 2267 rows, 6756 columns and 13512 nonzeros
Coefficient statistics:
  Matrix range    [1e+00, 4e+01]
  Objective range [1e+00, 1e+00]
  Bounds range    [1e+00, 1e+00]
  RHS range       [1e+00, 8e+01]
Presolved: 2267 rows, 6756 columns, 13512 nonzeros

Root barrier log...

Ordering time: 0.00s

Barrier statistics:
 AA' NZ     : 6.756e+03
 Factor NZ  : 3.566e+04 (roughly 4 MBytes of memory)
 Factor Ops : 2.258e+06 (less than 1 second per iteration)
 Threads    : 1

                  Objective                Residual
Iter       Primal          Dual         Primal    Dual     Compl     Time
   0  -5.17519249e+03 -4.40243117e+03  4.10e+01 2.48e-01  1.73e+00     0s
   1  -1.47061304e+03 -3.42186713e+03  5.16e+00 6.66e-16  3.13e-01     0s
   2  -9.81918494e+02 -1.38987396e+03  2.61e-01 8.88e-16  3.35e-02     0s
   3  -9.78171529e+02 -1.03836263e+03  4.08e-02 4.44e-16  4.79e-03     0s
   4  -9.78282261e+02 -9.89922034e+02  9.12e-03 1.55e-15  9.39e-04     0s
   5  -9.78739269e+02 -9.79072438e+02  2.15e-03 6.66e-16  5.02e-05     0s
   6  -9.78798980e+02 -9.78800124e+02  1.16e-05 1.11e-15  2.25e-07     0s
   7  -9.78799510e+02 -9.78799513e+02  1.30e-13 6.66e-16  2.25e-10     0s

Barrier solved model in 7 iterations and 0.11 seconds
Optimal objective -9.78799510e+02


Root relaxation: objective -9.787995e+02, 5246 iterations, 0.09 seconds

    Nodes    |    Current Node    |     Objective Bounds      |     Work
 Expl Unexpl |  Obj  Depth IntInf | Incumbent    BestBd   Gap | It/Node Time

     0     0 -978.79951    0  391 -913.42000 -978.79951  7.16%     -    0s
     0     0 -941.38293    0  195 -913.42000 -941.38293  3.06%     -    0s
H    0     0                    -925.6600000 -941.38293  1.70%     -    0s
H    0     0                    -930.7600000 -941.38293  1.14%     -    0s
     0     0 -941.38293    0  197 -930.76000 -941.38293  1.14%     -    0s
     0     0 -931.78000    0   44 -930.76000 -931.78000  0.11%     -    0s

Cutting planes:
  Gomory: 15
  Cover: 195
  MIR: 1

Explored 0 nodes (8866 simplex iterations) in 0.65 seconds
Thread count was 16 (of 16 available processors)

Optimal solution found (tolerance 1.00e-02)
Best objective -9.307600000000e+02, best bound -9.317800000000e+02, gap 0.1096%
Changed value of parameter MIPGap to 0.01
   Prev: 0.0001  Min: 0.0  Max: 1e+100  Default: 0.0001
Changed value of parameter TimeLimit to 1800.0
   Prev: 1e+100  Min: 0.0  Max: 1e+100  Default: 1e+100
Changed value of parameter Method to 2
   Prev: -1  Min: -1  Max: 4  Default: -1
Changed value of parameter MIPFocus to 1
   Prev: 0  Min: 0  Max: 3  Default: 0
Optimize a model with 2610 rows, 8085 columns and 16170 nonzeros
Coefficient statistics:
  Matrix range    [1e+00, 4e+01]
  Objective range [1e+00, 1e+00]
  Bounds range    [1e+00, 1e+00]
  RHS range       [8e+01, 8e+01]
Found heuristic solution: objective 0
Presolve removed 343 rows and 1329 columns
Presolve time: 0.05s
Presolved: 2267 rows, 6756 columns, 13512 nonzeros
Found heuristic solution: objective -916.8400000
Variable types: 0 continuous, 6756 integer (6756 binary)
Optimize a model with 2267 rows, 6756 columns and 13512 nonzeros
Coefficient statistics:
  Matrix range    [1e+00, 4e+01]
  Objective range [1e+00, 1e+00]
  Bounds range    [1e+00, 1e+00]
  RHS range       [1e+00, 8e+01]
Presolved: 2267 rows, 6756 columns, 13512 nonzeros

Root barrier log...

Ordering time: 0.00s

Barrier statistics:
 AA' NZ     : 6.756e+03
 Factor NZ  : 3.566e+04 (roughly 4 MBytes of memory)
 Factor Ops : 2.258e+06 (less than 1 second per iteration)
 Threads    : 1

                  Objective                Residual
Iter       Primal          Dual         Primal    Dual     Compl     Time
   0  -5.20303699e+03 -4.41039733e+03  4.10e+01 2.48e-01  1.73e+00     0s
   1  -1.48881234e+03 -3.42882173e+03  5.25e+00 6.66e-16  3.15e-01     0s
   2  -9.87756165e+02 -1.40325401e+03  2.70e-01 6.66e-16  3.42e-02     0s
   3  -9.83005624e+02 -1.04416670e+03  4.15e-02 4.44e-16  4.87e-03     0s
   4  -9.83011160e+02 -9.94712581e+02  8.74e-03 4.44e-16  9.40e-04     0s
   5  -9.83451281e+02 -9.83780936e+02  1.96e-03 1.33e-15  4.81e-05     0s
   6  -9.83501030e+02 -9.83501996e+02  1.00e-05 1.31e-14  1.95e-07     0s
   7  -9.83501461e+02 -9.83501464e+02  5.86e-13 4.44e-16  1.95e-10     0s

Barrier solved model in 7 iterations and 0.11 seconds
Optimal objective -9.83501461e+02


Root relaxation: objective -9.835015e+02, 5242 iterations, 0.10 seconds

    Nodes    |    Current Node    |     Objective Bounds      |     Work
 Expl Unexpl |  Obj  Depth IntInf | Incumbent    BestBd   Gap | It/Node Time

     0     0 -983.50146    0  359 -916.84000 -983.50146  7.27%     -    0s
     0     0 -962.02927    0  271 -916.84000 -962.02927  4.93%     -    0s
H    0     0                    -929.3200000 -962.02927  3.52%     -    0s
H    0     0                    -934.5200000 -962.02927  2.94%     -    0s
     0     0 -935.56000    0   36 -934.52000 -935.56000  0.11%     -    0s

Cutting planes:
  Gomory: 16
  Cover: 194

Explored 0 nodes (10777 simplex iterations) in 0.77 seconds
Thread count was 16 (of 16 available processors)

Optimal solution found (tolerance 1.00e-02)
Best objective -9.345200000000e+02, best bound -9.355600000000e+02, gap 0.1113%
Changed value of parameter MIPGap to 0.01
   Prev: 0.0001  Min: 0.0  Max: 1e+100  Default: 0.0001
Changed value of parameter TimeLimit to 1800.0
   Prev: 1e+100  Min: 0.0  Max: 1e+100  Default: 1e+100
Changed value of parameter Method to 2
   Prev: -1  Min: -1  Max: 4  Default: -1
Changed value of parameter MIPFocus to 1
   Prev: 0  Min: 0  Max: 3  Default: 0
Optimize a model with 2610 rows, 8085 columns and 16170 nonzeros
Coefficient statistics:
  Matrix range    [1e+00, 4e+01]
  Objective range [1e+00, 1e+00]
  Bounds range    [1e+00, 1e+00]
  RHS range       [8e+01, 8e+01]
Found heuristic solution: objective 0
Presolve removed 343 rows and 1329 columns
Presolve time: 0.05s
Presolved: 2267 rows, 6756 columns, 13512 nonzeros
Found heuristic solution: objective -923.6800000
Variable types: 0 continuous, 6756 integer (6756 binary)
Optimize a model with 2267 rows, 6756 columns and 13512 nonzeros
Coefficient statistics:
  Matrix range    [1e+00, 4e+01]
  Objective range [1e+00, 1e+00]
  Bounds range    [1e+00, 1e+00]
  RHS range       [1e+00, 8e+01]
Presolved: 2267 rows, 6756 columns, 13512 nonzeros

Root barrier log...

Ordering time: 0.00s

Barrier statistics:
 AA' NZ     : 6.756e+03
 Factor NZ  : 3.566e+04 (roughly 4 MBytes of memory)
 Factor Ops : 2.258e+06 (less than 1 second per iteration)
 Threads    : 1

                  Objective                Residual
Iter       Primal          Dual         Primal    Dual     Compl     Time
   0  -5.25872402e+03 -4.42632963e+03  4.10e+01 2.48e-01  1.73e+00     0s
   1  -1.52494425e+03 -3.44274389e+03  5.43e+00 6.66e-16  3.21e-01     0s
   2  -9.99356281e+02 -1.42971559e+03  2.86e-01 6.66e-16  3.56e-02     0s
   3  -9.92654533e+02 -1.05571238e+03  4.28e-02 6.66e-16  5.03e-03     0s
   4  -9.92669528e+02 -1.00074003e+03  1.56e-02 4.44e-16  7.63e-04     0s
   5  -9.92890982e+02 -9.93019356e+02  1.36e-03 8.88e-16  2.56e-05     0s
   6  -9.92905352e+02 -9.92905395e+02  7.74e-07 8.88e-16  1.24e-08     0s
   7  -9.92905366e+02 -9.92905366e+02  3.49e-13 1.33e-15  1.24e-11     0s

Barrier solved model in 7 iterations and 0.11 seconds
Optimal objective -9.92905366e+02


Root relaxation: objective -9.929054e+02, 4859 iterations, 0.09 seconds

    Nodes    |    Current Node    |     Objective Bounds      |     Work
 Expl Unexpl |  Obj  Depth IntInf | Incumbent    BestBd   Gap | It/Node Time

     0     0 -992.90537    0  375 -923.68000 -992.90537  7.49%     -    0s
     0     0 -962.38878    0  274 -923.68000 -962.38878  4.19%     -    0s
H    0     0                    -937.7200000 -962.38878  2.63%     -    0s
H    0     0                    -940.9600000 -962.38878  2.28%     -    0s
     0     0 -943.12000    0   86 -940.96000 -943.12000  0.23%     -    0s

Cutting planes:
  Gomory: 19
  Cover: 195

Explored 0 nodes (9366 simplex iterations) in 0.77 seconds
Thread count was 16 (of 16 available processors)

Optimal solution found (tolerance 1.00e-02)
Best objective -9.409600000000e+02, best bound -9.431200000000e+02, gap 0.2296%
Changed value of parameter MIPGap to 0.01
   Prev: 0.0001  Min: 0.0  Max: 1e+100  Default: 0.0001
Changed value of parameter TimeLimit to 1800.0
   Prev: 1e+100  Min: 0.0  Max: 1e+100  Default: 1e+100
Changed value of parameter Method to 2
   Prev: -1  Min: -1  Max: 4  Default: -1
Changed value of parameter MIPFocus to 1
   Prev: 0  Min: 0  Max: 3  Default: 0
Optimize a model with 2610 rows, 8085 columns and 16170 nonzeros
Coefficient statistics:
  Matrix range    [1e+00, 4e+01]
  Objective range [1e+00, 1e+00]
  Bounds range    [1e+00, 1e+00]
  RHS range       [8e+01, 8e+01]
Found heuristic solution: objective 0
Presolve removed 343 rows and 1329 columns
Presolve time: 0.05s
Presolved: 2267 rows, 6756 columns, 13512 nonzeros
Found heuristic solution: objective -927.1000000
Variable types: 0 continuous, 6756 integer (6756 binary)
Optimize a model with 2267 rows, 6756 columns and 13512 nonzeros
Coefficient statistics:
  Matrix range    [1e+00, 4e+01]
  Objective range [1e+00, 1e+00]
  Bounds range    [1e+00, 1e+00]
  RHS range       [1e+00, 8e+01]
Presolved: 2267 rows, 6756 columns, 13512 nonzeros

Root barrier log...

Ordering time: 0.00s

Barrier statistics:
 AA' NZ     : 6.756e+03
 Factor NZ  : 3.566e+04 (roughly 4 MBytes of memory)
 Factor Ops : 2.258e+06 (less than 1 second per iteration)
 Threads    : 1

                  Objective                Residual
Iter       Primal          Dual         Primal    Dual     Compl     Time
   0  -5.28656655e+03 -4.43429579e+03  4.10e+01 2.49e-01  1.73e+00     0s
   1  -1.54287570e+03 -3.44971131e+03  5.52e+00 6.66e-16  3.24e-01     0s
   2  -1.00508741e+03 -1.44254840e+03  2.93e-01 6.66e-16  3.63e-02     0s
   3  -9.97463668e+02 -1.06143732e+03  4.33e-02 2.00e-15  5.11e-03     0s
   4  -9.97397230e+02 -1.00569331e+03  1.41e-02 4.44e-16  7.63e-04     0s
   5  -9.97595365e+02 -9.97763678e+02  1.17e-03 4.44e-16  2.63e-05     0s
   6  -9.97607307e+02 -9.97607347e+02  6.05e-07 8.88e-16  1.03e-08     0s
   7  -9.97607317e+02 -9.97607317e+02  3.46e-13 6.66e-16  1.03e-11     0s

Barrier solved model in 7 iterations and 0.11 seconds
Optimal objective -9.97607317e+02


Root relaxation: objective -9.976073e+02, 4850 iterations, 0.10 seconds

    Nodes    |    Current Node    |     Objective Bounds      |     Work
 Expl Unexpl |  Obj  Depth IntInf | Incumbent    BestBd   Gap | It/Node Time

     0     0 -997.60732    0  382 -927.10000 -997.60732  7.61%     -    0s
     0     0 -970.71098    0  277 -927.10000 -970.71098  4.70%     -    0s
H    0     0                    -939.2000000 -970.71098  3.36%     -    0s
H    0     0                    -943.6000000 -970.71098  2.87%     -    0s
     0     0 -970.33537    0  277 -943.60000 -970.33537  2.83%     -    0s
     0     0 -946.90000    0   52 -943.60000 -946.90000  0.35%     -    0s

Cutting planes:
  Gomory: 20
  Cover: 196

Explored 0 nodes (9914 simplex iterations) in 0.70 seconds
Thread count was 16 (of 16 available processors)

Optimal solution found (tolerance 1.00e-02)
Best objective -9.436000000000e+02, best bound -9.469000000000e+02, gap 0.3497%
Changed value of parameter MIPGap to 0.01
   Prev: 0.0001  Min: 0.0  Max: 1e+100  Default: 0.0001
Changed value of parameter TimeLimit to 1800.0
   Prev: 1e+100  Min: 0.0  Max: 1e+100  Default: 1e+100
Changed value of parameter Method to 2
   Prev: -1  Min: -1  Max: 4  Default: -1
Changed value of parameter MIPFocus to 1
   Prev: 0  Min: 0  Max: 3  Default: 0
Optimize a model with 2610 rows, 8085 columns and 16170 nonzeros
Coefficient statistics:
  Matrix range    [1e+00, 4e+01]
  Objective range [1e+00, 1e+00]
  Bounds range    [1e+00, 1e+00]
  RHS range       [8e+01, 8e+01]
Found heuristic solution: objective 0
Presolve removed 343 rows and 1329 columns
Presolve time: 0.05s
Presolved: 2267 rows, 6756 columns, 13512 nonzeros
Found heuristic solution: objective -944.2000000
Variable types: 0 continuous, 6756 integer (6756 binary)
Optimize a model with 2267 rows, 6756 columns and 13512 nonzeros
Coefficient statistics:
  Matrix range    [1e+00, 4e+01]
  Objective range [1e+00, 1e+00]
  Bounds range    [1e+00, 1e+00]
  RHS range       [1e+00, 8e+01]
Presolved: 2267 rows, 6756 columns, 13512 nonzeros

Root barrier log...

Ordering time: 0.00s

Barrier statistics:
 AA' NZ     : 6.756e+03
 Factor NZ  : 3.566e+04 (roughly 4 MBytes of memory)
 Factor Ops : 2.258e+06 (less than 1 second per iteration)
 Threads    : 1

                  Objective                Residual
Iter       Primal          Dual         Primal    Dual     Compl     Time
   0  -5.42576949e+03 -4.47412655e+03  4.10e+01 2.50e-01  1.74e+00     0s
   1  -1.63116666e+03 -3.48461176e+03  5.93e+00 6.66e-16  3.36e-01     0s
   2  -1.03242773e+03 -1.50327807e+03  3.13e-01 6.66e-16  3.93e-02     0s
   3  -1.02134814e+03 -1.08950853e+03  4.46e-02 2.44e-15  5.45e-03     0s
   4  -1.02086936e+03 -1.02274152e+03  3.70e-03 2.00e-15  1.84e-04     0s
   5  -1.02110932e+03 -1.02114008e+03  1.90e-04 6.66e-16  4.82e-06     0s
   6  -1.02111707e+03 -1.02111707e+03  1.06e-08 4.44e-16  2.84e-10     0s

Barrier solved model in 6 iterations and 0.10 seconds
Optimal objective -1.02111707e+03


Root relaxation: objective -1.021117e+03, 5334 iterations, 0.09 seconds

    Nodes    |    Current Node    |     Objective Bounds      |     Work
 Expl Unexpl |  Obj  Depth IntInf | Incumbent    BestBd   Gap | It/Node Time

     0     0 -1021.1171    0  427 -944.20000 -1021.1171  8.15%     -    0s
     0     0 -980.93171    0  232 -944.20000 -980.93171  3.89%     -    0s
H    0     0                    -956.2000000 -980.93171  2.59%     -    0s
H    0     0                    -962.2000000 -980.93171  1.95%     -    0s
     0     0 -980.93171    0  236 -962.20000 -980.93171  1.95%     -    0s
     0     0 -965.80000    0   88 -962.20000 -965.80000  0.37%     -    0s

Cutting planes:
  Gomory: 21
  Cover: 203
  MIR: 2

Explored 0 nodes (9429 simplex iterations) in 0.63 seconds
Thread count was 16 (of 16 available processors)

Optimal solution found (tolerance 1.00e-02)
Best objective -9.622000000000e+02, best bound -9.658000000000e+02, gap 0.3741%
Changed value of parameter MIPGap to 0.01
   Prev: 0.0001  Min: 0.0  Max: 1e+100  Default: 0.0001
Changed value of parameter TimeLimit to 1800.0
   Prev: 1e+100  Min: 0.0  Max: 1e+100  Default: 1e+100
Changed value of parameter Method to 2
   Prev: -1  Min: -1  Max: 4  Default: -1
Changed value of parameter MIPFocus to 1
   Prev: 0  Min: 0  Max: 3  Default: 0
Optimize a model with 2610 rows, 8085 columns and 16170 nonzeros
Coefficient statistics:
  Matrix range    [1e+00, 4e+01]
  Objective range [1e+00, 1e+00]
  Bounds range    [1e+00, 1e+00]
  RHS range       [8e+01, 8e+01]
Found heuristic solution: objective 0
Presolve removed 343 rows and 1329 columns
Presolve time: 0.05s
Presolved: 2267 rows, 6756 columns, 13512 nonzeros
Found heuristic solution: objective -978.4000000
Variable types: 0 continuous, 6756 integer (6756 binary)
Optimize a model with 2267 rows, 6756 columns and 13512 nonzeros
Coefficient statistics:
  Matrix range    [1e+00, 4e+01]
  Objective range [1e+00, 1e+00]
  Bounds range    [1e+00, 1e+00]
  RHS range       [1e+00, 8e+01]
Presolved: 2267 rows, 6756 columns, 13512 nonzeros

Root barrier log...

Ordering time: 0.00s

Barrier statistics:
 AA' NZ     : 6.756e+03
 Factor NZ  : 3.566e+04 (roughly 4 MBytes of memory)
 Factor Ops : 2.258e+06 (less than 1 second per iteration)
 Threads    : 1

                  Objective                Residual
Iter       Primal          Dual         Primal    Dual     Compl     Time
   0  -5.70412953e+03 -4.55490195e+03  4.10e+01 2.54e-01  1.75e+00     0s
   1  -1.86232967e+03 -3.55547324e+03  6.62e+00 6.66e-16  3.51e-01     0s
   2  -1.09096532e+03 -1.60273267e+03  3.41e-01 6.66e-16  4.31e-02     0s
   3  -1.07173894e+03 -1.13308451e+03  6.70e-02 1.42e-14  5.26e-03     0s
   4  -1.06810418e+03 -1.06992388e+03  1.84e-03 5.33e-15  1.55e-04     0s
   5  -1.06813411e+03 -1.06814308e+03  2.92e-05 4.44e-16  1.05e-06     0s
   6  -1.06813659e+03 -1.06813659e+03  1.86e-10 6.88e-15  5.86e-12     0s

Barrier solved model in 6 iterations and 0.10 seconds
Optimal objective -1.06813659e+03


Root relaxation: objective -1.068137e+03, 5062 iterations, 0.09 seconds

    Nodes    |    Current Node    |     Objective Bounds      |     Work
 Expl Unexpl |  Obj  Depth IntInf | Incumbent    BestBd   Gap | It/Node Time

     0     0 -1068.1366    0  429 -978.40000 -1068.1366  9.17%     -    0s
H    0     0                    -979.8000000 -1068.1366  9.02%     -    0s
     0     0 -1027.2463    0  275 -979.80000 -1027.2463  4.84%     -    0s
H    0     0                    -995.2000000 -1027.2463  3.22%     -    0s
H    0     0                    -1002.200000 -1027.2463  2.50%     -    0s
     0     0 -1027.2463    0  277 -1002.2000 -1027.2463  2.50%     -    0s
     0     0 -1003.6000    0   28 -1002.2000 -1003.6000  0.14%     -    0s

Cutting planes:
  Gomory: 21
  Cover: 197
  MIR: 1

Explored 0 nodes (9043 simplex iterations) in 0.65 seconds
Thread count was 16 (of 16 available processors)

Optimal solution found (tolerance 1.00e-02)
Best objective -1.002200000000e+03, best bound -1.003600000000e+03, gap 0.1397%
Changed value of parameter MIPGap to 0.01
   Prev: 0.0001  Min: 0.0  Max: 1e+100  Default: 0.0001
Changed value of parameter TimeLimit to 1800.0
   Prev: 1e+100  Min: 0.0  Max: 1e+100  Default: 1e+100
Changed value of parameter Method to 2
   Prev: -1  Min: -1  Max: 4  Default: -1
Changed value of parameter MIPFocus to 1
   Prev: 0  Min: 0  Max: 3  Default: 0
Optimize a model with 2610 rows, 8085 columns and 16170 nonzeros
Coefficient statistics:
  Matrix range    [1e+00, 4e+01]
  Objective range [1e+00, 2e+00]
  Bounds range    [1e+00, 1e+00]
  RHS range       [8e+01, 8e+01]
Found heuristic solution: objective 0
Presolve removed 343 rows and 1329 columns
Presolve time: 0.05s
Presolved: 2267 rows, 6756 columns, 13512 nonzeros
Found heuristic solution: objective -1046.800000
Variable types: 0 continuous, 6756 integer (6756 binary)
Optimize a model with 2267 rows, 6756 columns and 13512 nonzeros
Coefficient statistics:
  Matrix range    [1e+00, 4e+01]
  Objective range [1e+00, 2e+00]
  Bounds range    [1e+00, 1e+00]
  RHS range       [1e+00, 8e+01]
Presolved: 2267 rows, 6756 columns, 13512 nonzeros

Root barrier log...

Ordering time: 0.00s

Barrier statistics:
 AA' NZ     : 6.756e+03
 Factor NZ  : 3.566e+04 (roughly 4 MBytes of memory)
 Factor Ops : 2.258e+06 (less than 1 second per iteration)
 Threads    : 1

                  Objective                Residual
Iter       Primal          Dual         Primal    Dual     Compl     Time
   0  -6.26276409e+03 -5.76100020e+03  4.10e+01 2.71e-01  2.29e+00     0s
   1  -1.99779218e+03 -4.43635404e+03  6.40e+00 8.88e-16  4.53e-01     0s
   2  -1.17698713e+03 -1.84902146e+03  3.42e-01 7.22e-16  5.56e-02     0s
   3  -1.16305299e+03 -1.24754985e+03  6.72e-02 6.66e-15  7.00e-03     0s
   4  -1.16202317e+03 -1.16472827e+03  1.82e-03 9.10e-15  2.20e-04     0s
   5  -1.16217146e+03 -1.16218140e+03  2.75e-05 4.44e-16  1.13e-06     0s
   6  -1.16217561e+03 -1.16217561e+03  9.30e-11 4.44e-16  3.39e-12     0s

Barrier solved model in 6 iterations and 0.10 seconds
Optimal objective -1.16217561e+03


Root relaxation: objective -1.162176e+03, 5032 iterations, 0.09 seconds

    Nodes    |    Current Node    |     Objective Bounds      |     Work
 Expl Unexpl |  Obj  Depth IntInf | Incumbent    BestBd   Gap | It/Node Time

     0     0 -1162.1756    0  435 -1046.8000 -1162.1756  11.0%     -    0s
     0     0 -1119.1951    0  272 -1046.8000 -1119.1951  6.92%     -    0s
H    0     0                    -1066.600000 -1119.1951  4.93%     -    0s
     0     0 -1118.5805    0  274 -1066.6000 -1118.5805  4.87%     -    0s
     0     0 -1079.2000    0   52 -1066.6000 -1079.2000  1.18%     -    0s
H    0     0                    -1079.200000 -1079.2000  0.00%     -    0s

Cutting planes:
  Gomory: 15
  Cover: 193

Explored 0 nodes (8755 simplex iterations) in 0.74 seconds
Thread count was 16 (of 16 available processors)

Optimal solution found (tolerance 1.00e-02)
Best objective -1.079200000000e+03, best bound -1.079200000000e+03, gap 0.0%
Changed value of parameter MIPGap to 0.01
   Prev: 0.0001  Min: 0.0  Max: 1e+100  Default: 0.0001
Changed value of parameter TimeLimit to 1800.0
   Prev: 1e+100  Min: 0.0  Max: 1e+100  Default: 1e+100
Changed value of parameter Method to 2
   Prev: -1  Min: -1  Max: 4  Default: -1
Changed value of parameter MIPFocus to 1
   Prev: 0  Min: 0  Max: 3  Default: 0
Optimize a model with 2610 rows, 8085 columns and 16170 nonzeros
Coefficient statistics:
  Matrix range    [1e+00, 4e+01]
  Objective range [1e+00, 2e+00]
  Bounds range    [1e+00, 1e+00]
  RHS range       [8e+01, 8e+01]
Found heuristic solution: objective 0
Presolve removed 343 rows and 1329 columns
Presolve time: 0.05s
Presolved: 2267 rows, 6756 columns, 13512 nonzeros
Found heuristic solution: objective -1081.000000
Variable types: 0 continuous, 6756 integer (6756 binary)
Optimize a model with 2267 rows, 6756 columns and 13512 nonzeros
Coefficient statistics:
  Matrix range    [1e+00, 4e+01]
  Objective range [1e+00, 2e+00]
  Bounds range    [1e+00, 1e+00]
  RHS range       [1e+00, 8e+01]
Presolved: 2267 rows, 6756 columns, 13512 nonzeros

Root barrier log...

Ordering time: 0.00s

Barrier statistics:
 AA' NZ     : 6.756e+03
 Factor NZ  : 3.566e+04 (roughly 4 MBytes of memory)
 Factor Ops : 2.258e+06 (less than 1 second per iteration)
 Threads    : 1

                  Objective                Residual
Iter       Primal          Dual         Primal    Dual     Compl     Time
   0  -6.54206809e+03 -6.38178749e+03  4.10e+01 2.79e-01  2.58e+00     0s
   1  -2.06276012e+03 -4.88169244e+03  6.34e+00 8.88e-16  5.07e-01     0s
   2  -1.21811845e+03 -1.97811771e+03  3.38e-01 8.88e-16  6.24e-02     0s
   3  -1.20711207e+03 -1.31349348e+03  4.69e-02 5.37e-14  8.31e-03     0s
   4  -1.20880920e+03 -1.21195381e+03  3.66e-03 8.88e-16  2.80e-04     0s
   5  -1.20918675e+03 -1.20921892e+03  5.07e-05 8.88e-16  3.07e-06     0s
   6  -1.20919512e+03 -1.20919512e+03  1.77e-10 8.88e-16  1.24e-11     0s

Barrier solved model in 6 iterations and 0.10 seconds
Optimal objective -1.20919512e+03


Root relaxation: objective -1.209195e+03, 5156 iterations, 0.09 seconds

    Nodes    |    Current Node    |     Objective Bounds      |     Work
 Expl Unexpl |  Obj  Depth IntInf | Incumbent    BestBd   Gap | It/Node Time

     0     0 -1209.1951    0  375 -1081.0000 -1209.1951  11.9%     -    0s
     0     0 -1151.9268    0  253 -1081.0000 -1151.9268  6.56%     -    0s
H    0     0                    -1107.000000 -1151.9268  4.06%     -    0s
H    0     0                    -1115.000000 -1151.9268  3.31%     -    0s
     0     0 -1117.0000    0   36 -1115.0000 -1117.0000  0.18%     -    0s

Cutting planes:
  Gomory: 16
  Cover: 198

Explored 0 nodes (9485 simplex iterations) in 0.64 seconds
Thread count was 16 (of 16 available processors)

Optimal solution found (tolerance 1.00e-02)
Best objective -1.115000000000e+03, best bound -1.117000000000e+03, gap 0.1794%
Changed value of parameter MIPGap to 0.01
   Prev: 0.0001  Min: 0.0  Max: 1e+100  Default: 0.0001
Changed value of parameter TimeLimit to 1800.0
   Prev: 1e+100  Min: 0.0  Max: 1e+100  Default: 1e+100
Changed value of parameter Method to 2
   Prev: -1  Min: -1  Max: 4  Default: -1
Changed value of parameter MIPFocus to 1
   Prev: 0  Min: 0  Max: 3  Default: 0
Optimize a model with 2610 rows, 8085 columns and 16170 nonzeros
Coefficient statistics:
  Matrix range    [1e+00, 4e+01]
  Objective range [1e+00, 3e+00]
  Bounds range    [1e+00, 1e+00]
  RHS range       [8e+01, 8e+01]
Found heuristic solution: objective 0
Presolve removed 343 rows and 1329 columns
Presolve time: 0.05s
Presolved: 2267 rows, 6756 columns, 13512 nonzeros
Found heuristic solution: objective -1252.000000
Variable types: 0 continuous, 6756 integer (6756 binary)
Optimize a model with 2267 rows, 6756 columns and 13512 nonzeros
Coefficient statistics:
  Matrix range    [1e+00, 4e+01]
  Objective range [1e+00, 3e+00]
  Bounds range    [1e+00, 1e+00]
  RHS range       [1e+00, 8e+01]
Presolved: 2267 rows, 6756 columns, 13512 nonzeros

Root barrier log...

Ordering time: 0.00s

Barrier statistics:
 AA' NZ     : 6.756e+03
 Factor NZ  : 3.566e+04 (roughly 4 MBytes of memory)
 Factor Ops : 2.258e+06 (less than 1 second per iteration)
 Threads    : 1

                  Objective                Residual
Iter       Primal          Dual         Primal    Dual     Compl     Time
   0  -7.93837597e+03 -9.48572392e+03  4.10e+01 3.20e-01  4.00e+00     0s
   1  -2.44259463e+03 -7.12270318e+03  6.29e+00 1.33e-15  7.83e-01     0s
   2  -1.43356023e+03 -2.65837666e+03  3.34e-01 9.99e-16  9.86e-02     0s
   3  -1.43482699e+03 -1.60663623e+03  4.29e-02 1.78e-15  1.31e-02     0s
   4  -1.44335168e+03 -1.44937086e+03  2.19e-03 1.33e-14  4.74e-04     0s
   5  -1.44427399e+03 -1.44433131e+03  3.38e-05 8.88e-16  4.79e-06     0s
   6  -1.44429268e+03 -1.44429268e+03  7.37e-11 2.66e-15  1.38e-11     0s

Barrier solved model in 6 iterations and 0.10 seconds
Optimal objective -1.44429268e+03


Root relaxation: objective -1.444293e+03, 5215 iterations, 0.08 seconds

    Nodes    |    Current Node    |     Objective Bounds      |     Work
 Expl Unexpl |  Obj  Depth IntInf | Incumbent    BestBd   Gap | It/Node Time

     0     0 -1444.2927    0  450 -1252.0000 -1444.2927  15.4%     -    0s
     0     0 -1349.5366    0  226 -1252.0000 -1349.5366  7.79%     -    0s
H    0     0                    -1297.000000 -1349.5366  4.05%     -    0s
H    0     0                    -1303.000000 -1349.5366  3.57%     -    0s
     0     0 -1348.5946    0  229 -1303.0000 -1348.5946  3.50%     -    0s
     0     0 -1306.0000    0   36 -1303.0000 -1306.0000  0.23%     -    0s

Cutting planes:
  Gomory: 15
  Cover: 196

Explored 0 nodes (8927 simplex iterations) in 0.72 seconds
Thread count was 16 (of 16 available processors)

Optimal solution found (tolerance 1.00e-02)
Best objective -1.303000000000e+03, best bound -1.306000000000e+03, gap 0.2302%
Changed value of parameter MIPGap to 0.01
   Prev: 0.0001  Min: 0.0  Max: 1e+100  Default: 0.0001
Changed value of parameter TimeLimit to 1800.0
   Prev: 1e+100  Min: 0.0  Max: 1e+100  Default: 1e+100
Changed value of parameter Method to 2
   Prev: -1  Min: -1  Max: 4  Default: -1
Changed value of parameter MIPFocus to 1
   Prev: 0  Min: 0  Max: 3  Default: 0
Optimize a model with 2610 rows, 8085 columns and 16170 nonzeros
Coefficient statistics:
  Matrix range    [1e+00, 4e+01]
  Objective range [1e+00, 5e+00]
  Bounds range    [1e+00, 1e+00]
  RHS range       [8e+01, 8e+01]
Found heuristic solution: objective 0
Presolve removed 343 rows and 1329 columns
Presolve time: 0.05s
Presolved: 2267 rows, 6756 columns, 13512 nonzeros
Found heuristic solution: objective -1594.000000
Variable types: 0 continuous, 6756 integer (6756 binary)
Optimize a model with 2267 rows, 6756 columns and 13512 nonzeros
Coefficient statistics:
  Matrix range    [1e+00, 4e+01]
  Objective range [1e+00, 5e+00]
  Bounds range    [1e+00, 1e+00]
  RHS range       [1e+00, 8e+01]
Presolved: 2267 rows, 6756 columns, 13512 nonzeros

Root barrier log...

Ordering time: 0.00s

Barrier statistics:
 AA' NZ     : 6.756e+03
 Factor NZ  : 3.566e+04 (roughly 4 MBytes of memory)
 Factor Ops : 2.258e+06 (less than 1 second per iteration)
 Threads    : 1

                  Objective                Residual
Iter       Primal          Dual         Primal    Dual     Compl     Time
   0  -1.07306316e+04 -1.56935968e+04  4.10e+01 4.02e-01  6.85e+00     0s
   1  -3.21381625e+03 -1.16586154e+04  6.12e+00 2.00e-15  1.32e+00     0s
   2  -1.88636960e+03 -3.98163760e+03  3.31e-01 1.78e-15  1.66e-01     0s
   3  -1.89069927e+03 -2.19314874e+03  4.18e-02 4.80e-14  2.27e-02     0s
   4  -1.91143120e+03 -1.92673829e+03  3.83e-03 1.60e-14  1.19e-03     0s
   5  -1.91442426e+03 -1.91461564e+03  6.08e-05 2.66e-15  1.52e-05     0s
   6  -1.91448780e+03 -1.91448781e+03  8.75e-10 1.78e-15  2.01e-10     0s

Barrier solved model in 6 iterations and 0.10 seconds
Optimal objective -1.91448780e+03


Root relaxation: objective -1.914488e+03, 5284 iterations, 0.09 seconds

    Nodes    |    Current Node    |     Objective Bounds      |     Work
 Expl Unexpl |  Obj  Depth IntInf | Incumbent    BestBd   Gap | It/Node Time

     0     0 -1914.4878    0  376 -1594.0000 -1914.4878  20.1%     -    0s
     0     0 -1773.2073    0  258 -1594.0000 -1773.2073  11.2%     -    0s
H    0     0                    -1669.000000 -1773.2073  6.24%     -    0s
H    0     0                    -1674.000000 -1773.2073  5.93%     -    0s
     0     0 -1769.1220    0  239 -1674.0000 -1769.1220  5.68%     -    0s
     0     0 -1685.8902    0   75 -1674.0000 -1685.8902  0.71%     -    0s

Cutting planes:
  Gomory: 16
  Cover: 194

Explored 0 nodes (9470 simplex iterations) in 0.62 seconds
Thread count was 16 (of 16 available processors)

Optimal solution found (tolerance 1.00e-02)
Best objective -1.674000000000e+03, best bound -1.685800000000e+03, gap 0.7049%
Changed value of parameter MIPGap to 0.01
   Prev: 0.0001  Min: 0.0  Max: 1e+100  Default: 0.0001
Changed value of parameter TimeLimit to 1800.0
   Prev: 1e+100  Min: 0.0  Max: 1e+100  Default: 1e+100
Changed value of parameter Method to 2
   Prev: -1  Min: -1  Max: 4  Default: -1
Changed value of parameter MIPFocus to 1
   Prev: 0  Min: 0  Max: 3  Default: 0
Optimize a model with 2610 rows, 8085 columns and 16170 nonzeros
Coefficient statistics:
  Matrix range    [1e+00, 4e+01]
  Objective range [1e+00, 9e+00]
  Bounds range    [1e+00, 1e+00]
  RHS range       [8e+01, 8e+01]
Found heuristic solution: objective 0
Presolve removed 343 rows and 1329 columns
Presolve time: 0.05s
Presolved: 2267 rows, 6756 columns, 13512 nonzeros
Found heuristic solution: objective -2278.000000
Variable types: 0 continuous, 6756 integer (6756 binary)
Optimize a model with 2267 rows, 6756 columns and 13512 nonzeros
Coefficient statistics:
  Matrix range    [1e+00, 4e+01]
  Objective range [1e+00, 9e+00]
  Bounds range    [1e+00, 1e+00]
  RHS range       [1e+00, 8e+01]
Presolved: 2267 rows, 6756 columns, 13512 nonzeros

Root barrier log...

Ordering time: 0.00s

Barrier statistics:
 AA' NZ     : 6.756e+03
 Factor NZ  : 3.566e+04 (roughly 4 MBytes of memory)
 Factor Ops : 2.258e+06 (less than 1 second per iteration)
 Threads    : 1

                  Objective                Residual
Iter       Primal          Dual         Primal    Dual     Compl     Time
   0  -1.63148423e+04 -2.81093425e+04  4.10e+01 6.55e-01  1.25e+01     0s
   1  -4.79268410e+03 -2.07488161e+04  5.99e+00 4.44e-15  2.39e+00     0s
   2  -2.81445610e+03 -6.63129948e+03  3.27e-01 3.55e-15  3.01e-01     0s
   3  -2.80950335e+03 -3.36229981e+03  4.09e-02 2.84e-14  4.11e-02     0s
   4  -2.84738637e+03 -2.88932260e+03  5.05e-03 3.91e-14  3.18e-03     0s
   5  -2.85470446e+03 -2.85567841e+03  8.48e-05 8.88e-15  7.25e-05     0s
   6  -2.85487805e+03 -2.85487807e+03  9.17e-10 8.88e-15  1.35e-09     0s

Barrier solved model in 6 iterations and 0.10 seconds
Optimal objective -2.85487805e+03


Root relaxation: objective -2.854878e+03, 5285 iterations, 0.09 seconds

    Nodes    |    Current Node    |     Objective Bounds      |     Work
 Expl Unexpl |  Obj  Depth IntInf | Incumbent    BestBd   Gap | It/Node Time

     0     0 -2854.8780    0  413 -2278.0000 -2854.8780  25.3%     -    0s
     0     0 -2566.3293    0  239 -2278.0000 -2566.3293  12.7%     -    0s
H    0     0                    -2386.000000 -2566.3293  7.56%     -    0s
H    0     0                    -2431.000000 -2566.3293  5.57%     -    0s
     0     0 -2566.3293    0  241 -2431.0000 -2566.3293  5.57%     -    0s
     0     0 -2440.0000    0   68 -2431.0000 -2440.0000  0.37%     -    0s

Cutting planes:
  Gomory: 17
  Cover: 196

Explored 0 nodes (9405 simplex iterations) in 0.64 seconds
Thread count was 16 (of 16 available processors)

Optimal solution found (tolerance 1.00e-02)
Best objective -2.431000000000e+03, best bound -2.440000000000e+03, gap 0.3702%
Changed value of parameter MIPGap to 0.01
   Prev: 0.0001  Min: 0.0  Max: 1e+100  Default: 0.0001
Changed value of parameter TimeLimit to 1800.0
   Prev: 1e+100  Min: 0.0  Max: 1e+100  Default: 1e+100
Changed value of parameter Method to 2
   Prev: -1  Min: -1  Max: 4  Default: -1
Changed value of parameter MIPFocus to 1
   Prev: 0  Min: 0  Max: 3  Default: 0
Optimize a model with 2610 rows, 8085 columns and 16170 nonzeros
Coefficient statistics:
  Matrix range    [1e+00, 4e+01]
  Objective range [2e+00, 1e+01]
  Bounds range    [1e+00, 1e+00]
  RHS range       [8e+01, 8e+01]
Found heuristic solution: objective 0
Presolve removed 343 rows and 1329 columns
Presolve time: 0.05s
Presolved: 2267 rows, 6756 columns, 13512 nonzeros
Found heuristic solution: objective -2620.000000
Variable types: 0 continuous, 6756 integer (6756 binary)
Optimize a model with 2267 rows, 6756 columns and 13512 nonzeros
Coefficient statistics:
  Matrix range    [1e+00, 4e+01]
  Objective range [2e+00, 1e+01]
  Bounds range    [1e+00, 1e+00]
  RHS range       [1e+00, 8e+01]
Presolved: 2267 rows, 6756 columns, 13512 nonzeros

Root barrier log...

Ordering time: 0.00s

Barrier statistics:
 AA' NZ     : 6.756e+03
 Factor NZ  : 3.566e+04 (roughly 4 MBytes of memory)
 Factor Ops : 2.258e+06 (less than 1 second per iteration)
 Threads    : 1

                  Objective                Residual
Iter       Primal          Dual         Primal    Dual     Compl     Time
   0  -1.91069083e+04 -3.43172154e+04  4.10e+01 8.02e-01  1.54e+01     0s
   1  -5.58951920e+03 -2.52964246e+04  5.96e+00 5.33e-15  2.93e+00     0s
   2  -3.28398039e+03 -7.95896840e+03  3.27e-01 4.00e-15  3.68e-01     0s
   3  -3.27263893e+03 -3.94561499e+03  4.07e-02 3.91e-14  5.00e-02     0s
   4  -3.31509999e+03 -3.37217370e+03  5.73e-03 3.91e-14  4.31e-03     0s
   5  -3.32482973e+03 -3.32652139e+03  9.70e-05 3.55e-15  1.24e-04     0s
   6  -3.32507316e+03 -3.32507326e+03  4.95e-09 1.24e-14  7.14e-09     0s
   7  -3.32507317e+03 -3.32507317e+03  1.04e-14 1.07e-14  7.14e-12     0s

Barrier solved model in 7 iterations and 0.11 seconds
Optimal objective -3.32507317e+03


Root relaxation: objective -3.325073e+03, 4841 iterations, 0.09 seconds

    Nodes    |    Current Node    |     Objective Bounds      |     Work
 Expl Unexpl |  Obj  Depth IntInf | Incumbent    BestBd   Gap | It/Node Time

     0     0 -3325.0732    0  394 -2620.0000 -3325.0732  26.9%     -    0s
     0     0 -3071.8049    0  280 -2620.0000 -3071.8049  17.2%     -    0s
H    0     0                    -2774.000000 -3071.8049  10.7%     -    0s
H    0     0                    -2796.000000 -3071.8049  9.86%     -    0s
     0     0 -2818.0000    0   76 -2796.0000 -2818.0000  0.79%     -    0s

Cutting planes:
  Gomory: 18
  Cover: 196

Explored 0 nodes (9435 simplex iterations) in 0.65 seconds
Thread count was 16 (of 16 available processors)

Optimal solution found (tolerance 1.00e-02)
Best objective -2.796000000000e+03, best bound -2.818000000000e+03, gap 0.7868%
Changed value of parameter MIPGap to 0.01
   Prev: 0.0001  Min: 0.0  Max: 1e+100  Default: 0.0001
Changed value of parameter TimeLimit to 1800.0
   Prev: 1e+100  Min: 0.0  Max: 1e+100  Default: 1e+100
Changed value of parameter Method to 2
   Prev: -1  Min: -1  Max: 4  Default: -1
Changed value of parameter MIPFocus to 1
   Prev: 0  Min: 0  Max: 3  Default: 0
Optimize a model with 2610 rows, 8085 columns and 16170 nonzeros
Coefficient statistics:
  Matrix range    [1e+00, 4e+01]
  Objective range [2e+00, 2e+01]
  Bounds range    [1e+00, 1e+00]
  RHS range       [8e+01, 8e+01]
Found heuristic solution: objective 0
Presolve removed 343 rows and 1329 columns
Presolve time: 0.05s
Presolved: 2267 rows, 6756 columns, 13512 nonzeros
Found heuristic solution: objective -4330.000000
Variable types: 0 continuous, 6756 integer (6756 binary)
Optimize a model with 2267 rows, 6756 columns and 13512 nonzeros
Coefficient statistics:
  Matrix range    [1e+00, 4e+01]
  Objective range [2e+00, 2e+01]
  Bounds range    [1e+00, 1e+00]
  RHS range       [1e+00, 8e+01]
Presolved: 2267 rows, 6756 columns, 13512 nonzeros

Root barrier log...

Ordering time: 0.00s

Barrier statistics:
 AA' NZ     : 6.756e+03
 Factor NZ  : 3.566e+04 (roughly 4 MBytes of memory)
 Factor Ops : 2.258e+06 (less than 1 second per iteration)
 Threads    : 1

                  Objective                Residual
Iter       Primal          Dual         Primal    Dual     Compl     Time
   0  -3.30671465e+04 -6.53565797e+04  4.11e+01 1.54e+00  2.96e+01     0s
   1  -9.59523576e+03 -4.80403728e+04  5.89e+00 9.77e-15  5.61e+00     0s
   2  -5.64817231e+03 -1.46043381e+04  3.27e-01 7.11e-15  7.02e-01     0s
   3  -5.60265224e+03 -6.92578589e+03  3.89e-02 2.13e-14  9.76e-02     0s
   4  -5.65421609e+03 -5.78881353e+03  5.46e-03 2.13e-14  9.99e-03     0s
   5  -5.67499602e+03 -5.68681855e+03  2.35e-04 7.11e-15  8.58e-04     0s
   6  -5.67604842e+03 -5.67605917e+03  1.62e-08 1.07e-14  7.65e-07     0s
   7  -5.67604878e+03 -5.67604879e+03  6.11e-15 7.11e-15  7.65e-10     0s

Barrier solved model in 7 iterations and 0.11 seconds
Optimal objective -5.67604878e+03


Root relaxation: objective -5.676049e+03, 5234 iterations, 0.09 seconds

    Nodes    |    Current Node    |     Objective Bounds      |     Work
 Expl Unexpl |  Obj  Depth IntInf | Incumbent    BestBd   Gap | It/Node Time

     0     0 -5676.0488    0  378 -4330.0000 -5676.0488  31.1%     -    0s
     0     0 -5162.5732    0  227 -4330.0000 -5162.5732  19.2%     -    0s
H    0     0                    -4519.000000 -5162.5732  14.2%     -    0s
H    0     0                    -4687.000000 -5162.5732  10.1%     -    0s
     0     0 -4708.0000    0   42 -4687.0000 -4708.0000  0.45%     -    0s

Cutting planes:
  Gomory: 14
  Cover: 195

Explored 0 nodes (10246 simplex iterations) in 0.65 seconds
Thread count was 16 (of 16 available processors)

Optimal solution found (tolerance 1.00e-02)
Best objective -4.687000000000e+03, best bound -4.708000000000e+03, gap 0.4480%
Changed value of parameter MIPGap to 0.01
   Prev: 0.0001  Min: 0.0  Max: 1e+100  Default: 0.0001
Changed value of parameter TimeLimit to 1800.0
   Prev: 1e+100  Min: 0.0  Max: 1e+100  Default: 1e+100
Changed value of parameter Method to 2
   Prev: -1  Min: -1  Max: 4  Default: -1
Changed value of parameter MIPFocus to 1
   Prev: 0  Min: 0  Max: 3  Default: 0
Optimize a model with 2610 rows, 8085 columns and 16170 nonzeros
Coefficient statistics:
  Matrix range    [1e+00, 4e+01]
  Objective range [3e+00, 4e+01]
  Bounds range    [1e+00, 1e+00]
  RHS range       [8e+01, 8e+01]
Found heuristic solution: objective 0
Presolve removed 343 rows and 1329 columns
Presolve time: 0.05s
Presolved: 2267 rows, 6756 columns, 13512 nonzeros
Found heuristic solution: objective -7750.000000
Variable types: 0 continuous, 6756 integer (6756 binary)
Optimize a model with 2267 rows, 6756 columns and 13512 nonzeros
Coefficient statistics:
  Matrix range    [1e+00, 4e+01]
  Objective range [3e+00, 4e+01]
  Bounds range    [1e+00, 1e+00]
  RHS range       [1e+00, 8e+01]
Presolved: 2267 rows, 6756 columns, 13512 nonzeros

Root barrier log...

Ordering time: 0.00s

Barrier statistics:
 AA' NZ     : 6.756e+03
 Factor NZ  : 3.566e+04 (roughly 4 MBytes of memory)
 Factor Ops : 2.258e+06 (less than 1 second per iteration)
 Threads    : 1

                  Objective                Residual
Iter       Primal          Dual         Primal    Dual     Compl     Time
   0  -6.09875237e+04 -1.27435308e+05  4.11e+01 3.01e+00  5.80e+01     0s
   1  -1.76296305e+04 -9.35149928e+04  5.86e+00 2.13e-14  1.10e+01     0s
   2  -1.03971319e+04 -2.78944675e+04  3.27e-01 1.42e-14  1.37e+00     0s
   3  -1.02991293e+04 -1.29063133e+04  3.72e-02 9.95e-14  1.92e-01     0s
   4  -1.03573152e+04 -1.06878470e+04  4.79e-03 8.53e-14  2.42e-02     0s
   5  -1.03772062e+04 -1.03843170e+04  5.25e-05 2.84e-14  5.15e-04     0s
   6  -1.03779991e+04 -1.03780039e+04  1.89e-09 2.13e-14  3.39e-07     0s
   7  -1.03780000e+04 -1.03780000e+04  2.24e-14 1.42e-14  3.39e-10     0s

Barrier solved model in 7 iterations and 0.11 seconds
Optimal objective -1.03780000e+04


Root relaxation: objective -1.037800e+04, 5566 iterations, 0.10 seconds

    Nodes    |    Current Node    |     Objective Bounds      |     Work
 Expl Unexpl |  Obj  Depth IntInf | Incumbent    BestBd   Gap | It/Node Time

     0     0 -10378.000    0  423 -7750.0000 -10378.000  33.9%     -    0s
     0     0 -9005.0000    0  215 -7750.0000 -9005.0000  16.2%     -    0s
H    0     0                    -8283.000000 -9005.0000  8.72%     -    0s
H    0     0                    -8406.000000 -9005.0000  7.13%     -    0s
     0     0 -8488.0000    0   74 -8406.0000 -8488.0000  0.98%     -    0s

Cutting planes:
  Gomory: 14
  Cover: 196

Explored 0 nodes (10294 simplex iterations) in 0.77 seconds
Thread count was 16 (of 16 available processors)

Optimal solution found (tolerance 1.00e-02)
Best objective -8.406000000000e+03, best bound -8.488000000000e+03, gap 0.9755%
Changed value of parameter MIPGap to 0.01
   Prev: 0.0001  Min: 0.0  Max: 1e+100  Default: 0.0001
Changed value of parameter TimeLimit to 1800.0
   Prev: 1e+100  Min: 0.0  Max: 1e+100  Default: 1e+100
Changed value of parameter Method to 2
   Prev: -1  Min: -1  Max: 4  Default: -1
Changed value of parameter MIPFocus to 1
   Prev: 0  Min: 0  Max: 3  Default: 0
Optimize a model with 2610 rows, 8085 columns and 16170 nonzeros
Coefficient statistics:
  Matrix range    [1e+00, 4e+01]
  Objective range [5e+00, 8e+01]
  Bounds range    [1e+00, 1e+00]
  RHS range       [8e+01, 8e+01]
Found heuristic solution: objective 0
Presolve removed 343 rows and 1329 columns
Presolve time: 0.05s
Presolved: 2267 rows, 6756 columns, 13512 nonzeros
Found heuristic solution: objective -14590.00000
Variable types: 0 continuous, 6756 integer (6756 binary)
Optimize a model with 2267 rows, 6756 columns and 13512 nonzeros
Coefficient statistics:
  Matrix range    [1e+00, 4e+01]
  Objective range [5e+00, 8e+01]
  Bounds range    [1e+00, 1e+00]
  RHS range       [1e+00, 8e+01]
Presolved: 2267 rows, 6756 columns, 13512 nonzeros

Root barrier log...

Ordering time: 0.00s

Barrier statistics:
 AA' NZ     : 6.756e+03
 Factor NZ  : 3.566e+04 (roughly 4 MBytes of memory)
 Factor Ops : 2.258e+06 (less than 1 second per iteration)
 Threads    : 1

                  Objective                Residual
Iter       Primal          Dual         Primal    Dual     Compl     Time
   0  -1.16828225e+05 -2.51592766e+05  4.11e+01 5.94e+00  1.15e+02     0s
   1  -3.37117887e+04 -1.84448023e+05  5.83e+00 4.26e-14  2.17e+01     0s
   2  -1.99077631e+04 -5.44709848e+04  3.27e-01 2.84e-14  2.70e+00     0s
   3  -1.97172977e+04 -2.49592327e+04  3.64e-02 2.84e-14  3.85e-01     0s
   4  -1.98419607e+04 -2.08058754e+04  5.45e-03 1.99e-13  7.00e-02     0s
   5  -1.99572509e+04 -2.04028547e+04  3.12e-03 9.95e-14  3.25e-02     0s
   6  -2.00304501e+04 -2.01868586e+04  1.48e-03 2.84e-14  1.15e-02     0s
   7  -2.00935681e+04 -2.01119297e+04  1.83e-04 2.84e-14  1.36e-03     0s
   8  -2.01031725e+04 -2.01035475e+04  2.51e-13 2.84e-14  2.66e-05     0s
   9  -2.01033006e+04 -2.01033018e+04  2.24e-12 2.84e-14  8.35e-08     0s
  10  -2.01033008e+04 -2.01033008e+04  8.03e-11 2.84e-14  1.11e-13     0s

Barrier solved model in 10 iterations and 0.12 seconds
Optimal objective -2.01033008e+04


Root relaxation: objective -2.010330e+04, 3929 iterations, 0.10 seconds

    Nodes    |    Current Node    |     Objective Bounds      |     Work
 Expl Unexpl |  Obj  Depth IntInf | Incumbent    BestBd   Gap | It/Node Time

     0     0 -20103.301    0  443 -14590.000 -20103.301  37.8%     -    0s
     0     0 -16163.573    0  115 -14590.000 -16163.573  10.8%     -    0s
H    0     0                    -15805.00000 -16163.573  2.27%     -    0s
H    0     0                    -15886.00000 -16163.573  1.75%     -    0s
     0     0 -16048.000    0   84 -15886.000 -16048.000  1.02%     -    0s
H    0     0                    -15967.00000 -16048.000  0.51%     -    0s

Cutting planes:
  Gomory: 5
  Cover: 198
  MIR: 2

Explored 0 nodes (8558 simplex iterations) in 0.65 seconds
Thread count was 16 (of 16 available processors)

Optimal solution found (tolerance 1.00e-02)
Best objective -1.596700000000e+04, best bound -1.604800000000e+04, gap 0.5073%
Changed value of parameter MIPGap to 0.01
   Prev: 0.0001  Min: 0.0  Max: 1e+100  Default: 0.0001
Changed value of parameter TimeLimit to 1800.0
   Prev: 1e+100  Min: 0.0  Max: 1e+100  Default: 1e+100
Changed value of parameter Method to 2
   Prev: -1  Min: -1  Max: 4  Default: -1
Changed value of parameter MIPFocus to 1
   Prev: 0  Min: 0  Max: 3  Default: 0
Optimize a model with 2610 rows, 8085 columns and 16170 nonzeros
Coefficient statistics:
  Matrix range    [1e+00, 4e+01]
  Objective range [6e+00, 1e+02]
  Bounds range    [1e+00, 1e+00]
  RHS range       [8e+01, 8e+01]
Found heuristic solution: objective 0
Presolve removed 343 rows and 1329 columns
Presolve time: 0.05s
Presolved: 2267 rows, 6756 columns, 13512 nonzeros
Found heuristic solution: objective -18010.00000
Variable types: 0 continuous, 6756 integer (6756 binary)
Optimize a model with 2267 rows, 6756 columns and 13512 nonzeros
Coefficient statistics:
  Matrix range    [1e+00, 4e+01]
  Objective range [6e+00, 1e+02]
  Bounds range    [1e+00, 1e+00]
  RHS range       [1e+00, 8e+01]
Presolved: 2267 rows, 6756 columns, 13512 nonzeros

Root barrier log...

Ordering time: 0.00s

Barrier statistics:
 AA' NZ     : 6.756e+03
 Factor NZ  : 3.566e+04 (roughly 4 MBytes of memory)
 Factor Ops : 2.258e+06 (less than 1 second per iteration)
 Threads    : 1

                  Objective                Residual
Iter       Primal          Dual         Primal    Dual     Compl     Time
   0  -1.44748570e+05 -3.13671494e+05  4.11e+01 7.41e+00  1.43e+02     0s
   1  -4.17546281e+04 -2.29914965e+05  5.83e+00 4.97e-14  2.70e+01     0s
   2  -2.46645997e+04 -6.77599035e+04  3.27e-01 2.84e-14  3.37e+00     0s
   3  -2.44296734e+04 -3.09925520e+04  3.62e-02 8.81e-13  4.82e-01     0s
   4  -2.45997787e+04 -2.59638998e+04  5.24e-03 4.55e-13  9.88e-02     0s
   5  -2.47628325e+04 -2.54230296e+04  2.64e-03 1.85e-13  4.78e-02     0s
   6  -2.48577373e+04 -2.51130763e+04  1.35e-03 7.11e-14  1.86e-02     0s
   7  -2.49505883e+04 -2.49768161e+04  1.87e-04 2.84e-14  1.93e-03     0s
   8  -2.49656728e+04 -2.49662274e+04  1.67e-06 2.84e-14  4.02e-05     0s
   9  -2.49659509e+04 -2.49659515e+04  5.22e-13 2.84e-14  4.02e-08     0s
  10  -2.49659512e+04 -2.49659512e+04  1.00e-12 2.84e-14  4.12e-14     0s

Barrier solved model in 10 iterations and 0.12 seconds
Optimal objective -2.49659512e+04


Root relaxation: objective -2.496595e+04, 3929 iterations, 0.10 seconds

    Nodes    |    Current Node    |     Objective Bounds      |     Work
 Expl Unexpl |  Obj  Depth IntInf | Incumbent    BestBd   Gap | It/Node Time

     0     0 -24965.951    0  425 -18010.000 -24965.951  38.6%     -    0s
     0     0 -20020.146    0   83 -18010.000 -20020.146  11.2%     -    0s
H    0     0                    -19626.00000 -20020.146  2.01%     -    0s
H    0     0                    -19727.00000 -20020.146  1.49%     -    0s
     0     0 -19828.000    0   44 -19727.000 -19828.000  0.51%     -    0s

Cutting planes:
  Gomory: 4
  Cover: 196

Explored 0 nodes (8744 simplex iterations) in 0.61 seconds
Thread count was 16 (of 16 available processors)

Optimal solution found (tolerance 1.00e-02)
Best objective -1.972700000000e+04, best bound -1.982800000000e+04, gap 0.5120%
Changed value of parameter MIPGap to 0.01
   Prev: 0.0001  Min: 0.0  Max: 1e+100  Default: 0.0001
Changed value of parameter TimeLimit to 1800.0
   Prev: 1e+100  Min: 0.0  Max: 1e+100  Default: 1e+100
Changed value of parameter Method to 2
   Prev: -1  Min: -1  Max: 4  Default: -1
Changed value of parameter MIPFocus to 1
   Prev: 0  Min: 0  Max: 3  Default: 0
Optimize a model with 2610 rows, 8085 columns and 16170 nonzeros
Coefficient statistics:
  Matrix range    [1e+00, 4e+01]
  Objective range [1e+01, 2e+02]
  Bounds range    [1e+00, 1e+00]
  RHS range       [8e+01, 8e+01]
Found heuristic solution: objective 0
Presolve removed 343 rows and 1329 columns
Presolve time: 0.05s
Presolved: 2267 rows, 6756 columns, 13512 nonzeros
Found heuristic solution: objective -35110.00000
Variable types: 0 continuous, 6756 integer (6756 binary)
Optimize a model with 2267 rows, 6756 columns and 13512 nonzeros
Coefficient statistics:
  Matrix range    [1e+00, 4e+01]
  Objective range [1e+01, 2e+02]
  Bounds range    [1e+00, 1e+00]
  RHS range       [1e+00, 8e+01]
Presolved: 2267 rows, 6756 columns, 13512 nonzeros

Root barrier log...

Ordering time: 0.00s

Barrier statistics:
 AA' NZ     : 6.756e+03
 Factor NZ  : 3.566e+04 (roughly 4 MBytes of memory)
 Factor Ops : 2.258e+06 (less than 1 second per iteration)
 Threads    : 1

                  Objective                Residual
Iter       Primal          Dual         Primal    Dual     Compl     Time
   0  -2.84350284e+05 -6.24065137e+05  4.11e+01 1.48e+01  2.85e+02     0s
   1  -8.19725026e+04 -4.57250548e+05  5.82e+00 1.14e-13  5.38e+01     0s
   2  -4.84520133e+04 -1.34205920e+05  3.27e-01 5.68e-14  6.70e+00     0s
   3  -4.79994901e+04 -6.11739248e+04  3.56e-02 1.14e-13  9.66e-01     0s
   4  -4.84371176e+04 -5.22258440e+04  3.10e-03 1.71e-13  2.71e-01     0s
   5  -4.88652591e+04 -5.04999297e+04  1.26e-03 5.68e-14  1.17e-01     0s
   6  -4.90070897e+04 -4.96521632e+04  7.91e-04 8.53e-14  4.64e-02     0s
   7  -4.91708968e+04 -4.93118423e+04  3.00e-04 5.68e-14  1.02e-02     0s
   8  -4.92760268e+04 -4.92832191e+04  9.20e-08 5.68e-14  5.11e-04     0s
   9  -4.92791378e+04 -4.92795504e+04  8.30e-10 5.68e-14  2.93e-05     0s
  10  -4.92792028e+04 -4.92792033e+04  2.20e-11 5.68e-14  4.24e-08     0s
  11  -4.92792033e+04 -4.92792033e+04  1.41e-10 5.68e-14  5.95e-14     0s

Barrier solved model in 11 iterations and 0.13 seconds
Optimal objective -4.92792033e+04


Root relaxation: objective -4.927920e+04, 3926 iterations, 0.10 seconds

    Nodes    |    Current Node    |     Objective Bounds      |     Work
 Expl Unexpl |  Obj  Depth IntInf | Incumbent    BestBd   Gap | It/Node Time

     0     0 -49279.203    0  444 -35110.000 -49279.203  40.4%     -    0s
     0     0 -39110.390    0   85 -35110.000 -39110.390  11.4%     -    0s
H    0     0                    -38527.00000 -39110.390  1.51%     -    0s
     0     0 -38728.000    0  111 -38527.000 -38728.000  0.52%     -    0s

Cutting planes:
  Gomory: 5
  Cover: 194

Explored 0 nodes (8880 simplex iterations) in 0.65 seconds
Thread count was 16 (of 16 available processors)

Optimal solution found (tolerance 1.00e-02)
Best objective -3.852700000000e+04, best bound -3.872800000000e+04, gap 0.5217%
Changed value of parameter MIPGap to 0.01
   Prev: 0.0001  Min: 0.0  Max: 1e+100  Default: 0.0001
Changed value of parameter TimeLimit to 1800.0
   Prev: 1e+100  Min: 0.0  Max: 1e+100  Default: 1e+100
Changed value of parameter Method to 2
   Prev: -1  Min: -1  Max: 4  Default: -1
Changed value of parameter MIPFocus to 1
   Prev: 0  Min: 0  Max: 3  Default: 0
Optimize a model with 2610 rows, 8085 columns and 16170 nonzeros
Coefficient statistics:
  Matrix range    [1e+00, 4e+01]
  Objective range [2e+01, 4e+02]
  Bounds range    [1e+00, 1e+00]
  RHS range       [8e+01, 8e+01]
Found heuristic solution: objective 0
Presolve removed 343 rows and 1329 columns
Presolve time: 0.05s
Presolved: 2267 rows, 6756 columns, 13512 nonzeros
Found heuristic solution: objective -69310.00000
Variable types: 0 continuous, 6756 integer (6756 binary)
Optimize a model with 2267 rows, 6756 columns and 13512 nonzeros
Coefficient statistics:
  Matrix range    [1e+00, 4e+01]
  Objective range [2e+01, 4e+02]
  Bounds range    [1e+00, 1e+00]
  RHS range       [1e+00, 8e+01]
Presolved: 2267 rows, 6756 columns, 13512 nonzeros

Root barrier log...

Ordering time: 0.00s

Barrier statistics:
 AA' NZ     : 6.756e+03
 Factor NZ  : 3.566e+04 (roughly 4 MBytes of memory)
 Factor Ops : 2.258e+06 (less than 1 second per iteration)
 Threads    : 1

                  Objective                Residual
Iter       Primal          Dual         Primal    Dual     Compl     Time
   0  -5.63553702e+05 -1.24485242e+06  4.11e+01 2.95e+01  5.70e+02     0s
   1  -1.62412009e+05 -9.11922589e+05  5.82e+00 1.71e-13  1.07e+02     0s
   2  -9.60301519e+04 -2.67099414e+05  3.27e-01 1.42e-13  1.34e+01     0s
   3  -9.51494722e+04 -1.21553143e+05  3.58e-02 5.12e-13  1.94e+00     0s
   4  -9.61894250e+04 -1.04660131e+05  4.10e-03 6.82e-13  6.08e-01     0s
   5  -9.69096983e+04 -9.96833895e+04  2.25e-03 1.71e-13  2.00e-01     0s
   6  -9.73491717e+04 -9.83049756e+04  1.18e-03 1.14e-13  6.96e-02     0s
   7  -9.78023664e+04 -9.79627106e+04  2.08e-04 1.14e-13  1.17e-02     0s
   8  -9.79033257e+04 -9.79075696e+04  8.02e-13 1.71e-13  3.01e-04     0s
   9  -9.79057045e+04 -9.79057176e+04  4.57e-13 1.14e-13  9.28e-07     0s
  10  -9.79057073e+04 -9.79057073e+04  2.74e-11 1.14e-13  1.31e-12     0s

Barrier solved model in 10 iterations and 0.12 seconds
Optimal objective -9.79057073e+04


Root relaxation: objective -9.790571e+04, 3928 iterations, 0.10 seconds

    Nodes    |    Current Node    |     Objective Bounds      |     Work
 Expl Unexpl |  Obj  Depth IntInf | Incumbent    BestBd   Gap | It/Node Time

     0     0 -97905.707    0  454 -69310.000 -97905.707  41.3%     -    0s
     0     0 -77290.878    0  102 -69310.000 -77290.878  11.5%     -    0s
H    0     0                    -75325.00000 -77290.878  2.61%     -    0s
H    0     0                    -76127.00000 -77290.878  1.53%     -    0s
     0     0 -76528.000    0  145 -76127.000 -76528.000  0.53%     -    0s

Cutting planes:
  Gomory: 7
  Cover: 197
  MIR: 1

Explored 0 nodes (8555 simplex iterations) in 0.65 seconds
Thread count was 16 (of 16 available processors)

Optimal solution found (tolerance 1.00e-02)
Best objective -7.612700000000e+04, best bound -7.652800000000e+04, gap 0.5268%
Changed value of parameter MIPGap to 0.01
   Prev: 0.0001  Min: 0.0  Max: 1e+100  Default: 0.0001
Changed value of parameter TimeLimit to 1800.0
   Prev: 1e+100  Min: 0.0  Max: 1e+100  Default: 1e+100
Changed value of parameter Method to 2
   Prev: -1  Min: -1  Max: 4  Default: -1
Changed value of parameter MIPFocus to 1
   Prev: 0  Min: 0  Max: 3  Default: 0
Optimize a model with 2610 rows, 8085 columns and 16170 nonzeros
Coefficient statistics:
  Matrix range    [1e+00, 4e+01]
  Objective range [5e+01, 1e+03]
  Bounds range    [1e+00, 1e+00]
  RHS range       [8e+01, 8e+01]
Found heuristic solution: objective 0
Presolve removed 343 rows and 1329 columns
Presolve time: 0.05s
Presolved: 2267 rows, 6756 columns, 13512 nonzeros
Found heuristic solution: objective -171910.0000
Variable types: 0 continuous, 6756 integer (6756 binary)
Optimize a model with 2267 rows, 6756 columns and 13512 nonzeros
Coefficient statistics:
  Matrix range    [1e+00, 4e+01]
  Objective range [5e+01, 1e+03]
  Bounds range    [1e+00, 1e+00]
  RHS range       [1e+00, 8e+01]
Presolved: 2267 rows, 6756 columns, 13512 nonzeros

Root barrier log...

Ordering time: 0.00s

Barrier statistics:
 AA' NZ     : 6.756e+03
 Factor NZ  : 3.566e+04 (roughly 4 MBytes of memory)
 Factor Ops : 2.258e+06 (less than 1 second per iteration)
 Threads    : 1

                  Objective                Residual
Iter       Primal          Dual         Primal    Dual     Compl     Time
   0  -1.40116395e+06 -3.10721428e+06  4.11e+01 7.35e+01  1.42e+03     0s
   1  -4.03733594e+05 -2.27593942e+06  5.81e+00 4.55e-13  2.68e+02     0s
   2  -2.38767278e+05 -6.65781147e+05  3.27e-01 4.55e-13  3.34e+01     0s
   3  -2.36607202e+05 -3.02704170e+05  3.59e-02 2.55e-11  4.85e+00     0s
   4  -2.39492125e+05 -2.60339648e+05  3.58e-03 8.07e-12  1.49e+00     0s
   5  -2.41395829e+05 -2.47707358e+05  1.90e-03 1.36e-12  4.55e-01     0s
   6  -2.42455567e+05 -2.44510871e+05  1.00e-03 2.27e-13  1.50e-01     0s
   7  -2.43449877e+05 -2.43872089e+05  2.47e-04 2.27e-13  3.09e-02     0s
   8  -2.43777622e+05 -2.43792184e+05  1.10e-12 3.41e-13  1.03e-03     0s
   9  -2.43785211e+05 -2.43785247e+05  5.85e-13 2.27e-13  2.59e-06     0s
  10  -2.43785220e+05 -2.43785220e+05  5.23e-11 2.27e-13  3.66e-12     0s

Barrier solved model in 10 iterations and 0.12 seconds
Optimal objective -2.43785220e+05


Root relaxation: objective -2.437852e+05, 3928 iterations, 0.10 seconds

    Nodes    |    Current Node    |     Objective Bounds      |     Work
 Expl Unexpl |  Obj  Depth IntInf | Incumbent    BestBd   Gap | It/Node Time

     0     0 -243785.22    0  428 -171910.00 -243785.22  41.8%     -    0s
     0     0 -191832.34    0  124 -171910.00 -191832.34  11.6%     -    0s
H    0     0                    -187926.0000 -191832.34  2.08%     -    0s
H    0     0                    -188927.0000 -191832.34  1.54%     -    0s
     0     0 -189928.00    0   99 -188927.00 -189928.00  0.53%     -    0s

Cutting planes:
  Gomory: 5
  Cover: 193

Explored 0 nodes (8869 simplex iterations) in 0.72 seconds
Thread count was 16 (of 16 available processors)

Optimal solution found (tolerance 1.00e-02)
Best objective -1.889270000000e+05, best bound -1.899280000000e+05, gap 0.5298%
Changed value of parameter MIPGap to 0.01
   Prev: 0.0001  Min: 0.0  Max: 1e+100  Default: 0.0001
Changed value of parameter TimeLimit to 1800.0
   Prev: 1e+100  Min: 0.0  Max: 1e+100  Default: 1e+100
Changed value of parameter Method to 2
   Prev: -1  Min: -1  Max: 4  Default: -1
Changed value of parameter MIPFocus to 1
   Prev: 0  Min: 0  Max: 3  Default: 0
Optimize a model with 2610 rows, 8085 columns and 16170 nonzeros
Coefficient statistics:
  Matrix range    [1e+00, 4e+01]
  Objective range [5e+02, 1e+04]
  Bounds range    [1e+00, 1e+00]
  RHS range       [8e+01, 8e+01]
Found heuristic solution: objective 0
Presolve removed 343 rows and 1329 columns
Presolve time: 0.05s
Presolved: 2267 rows, 6756 columns, 13512 nonzeros
Found heuristic solution: objective -1710910.000
Variable types: 0 continuous, 6756 integer (6756 binary)
Optimize a model with 2267 rows, 6756 columns and 13512 nonzeros
Coefficient statistics:
  Matrix range    [1e+00, 4e+01]
  Objective range [5e+02, 1e+04]
  Bounds range    [1e+00, 1e+00]
  RHS range       [1e+00, 8e+01]
Presolved: 2267 rows, 6756 columns, 13512 nonzeros

Root barrier log...

Ordering time: 0.00s

Barrier statistics:
 AA' NZ     : 6.756e+03
 Factor NZ  : 3.566e+04 (roughly 4 MBytes of memory)
 Factor Ops : 2.258e+06 (less than 1 second per iteration)
 Threads    : 1

                  Objective                Residual
Iter       Primal          Dual         Primal    Dual     Compl     Time
   0  -1.39653176e+07 -3.10426422e+07  4.11e+01 7.35e+02  1.42e+04     0s
   1  -4.02356852e+06 -2.27361944e+07  5.81e+00 4.09e-12  2.68e+03     0s
   2  -2.37983404e+06 -6.64601162e+06  3.26e-01 3.64e-12  3.33e+02     0s
   3  -2.35850239e+06 -3.02003353e+06  3.59e-02 3.64e-11  4.85e+01     0s
   4  -2.38917944e+06 -2.59554291e+06  3.26e-03 2.55e-11  1.48e+01     0s
   5  -2.40538024e+06 -2.48059734e+06  1.75e-03 3.64e-12  5.40e+00     0s
   6  -2.41829264e+06 -2.44224422e+06  8.33e-04 3.64e-12  1.73e+00     0s
   7  -2.42904805e+06 -2.43332274e+06  1.69e-04 3.64e-12  3.10e-01     0s
   8  -2.43193194e+06 -2.43203333e+06  9.51e-13 3.64e-12  7.20e-03     0s
   9  -2.43197785e+06 -2.43197799e+06  8.91e-13 3.64e-12  9.87e-06     0s
  10  -2.43197790e+06 -2.43197790e+06  8.92e-12 3.64e-12  1.02e-11     0s

Barrier solved model in 10 iterations and 0.12 seconds
Optimal objective -2.43197790e+06


Root relaxation: objective -2.431978e+06, 3928 iterations, 0.10 seconds

    Nodes    |    Current Node    |     Objective Bounds      |     Work
 Expl Unexpl |  Obj  Depth IntInf | Incumbent    BestBd   Gap | It/Node Time

     0     0 -2431977.9    0  452 -1710910.0 -2431977.9  42.1%     -    0s
     0     0 -1909954.3    0  136 -1710910.0 -1909954.3  11.6%     -    0s
H    0     0                    -1870926.000 -1909954.3  2.09%     -    0s
H    0     0                    -1890928.000 -1909954.3  1.01%     -    0s
     0     0     cutoff    0      -1890928.0 -1890928.0  0.00%     -    0s

Cutting planes:
  Gomory: 7
  Cover: 195

Explored 0 nodes (8775 simplex iterations) in 0.74 seconds
Thread count was 16 (of 16 available processors)

Optimal solution found (tolerance 1.00e-02)
Best objective -1.890928000000e+06, best bound -1.890928000000e+06, gap 0.0%
